1 -0.404477 0
2 -0.395562 0.00630398
3 -0.396762 0.00431547
4 -0.395689 0.00336738
5 -0.394054 0.00306517
6 -0.392797 0.00280039
7 -0.39414 0.00270331
8 -0.394254 0.00236781
9 -0.394527 0.0021204
10 -0.39545 0.00209959
11 -0.395295 0.00191442
12 -0.394402 0.00195223
13 -0.394752 0.00183316
14 -0.394409 0.00173403
15 -0.393615 0.00179072
16 -0.392969 0.00179175
17 -0.392917 0.00168711
18 -0.392471 0.00165128
19 -0.392787 0.00159438
20 -0.39317 0.00156005
21 -0.3929 0.00150903
22 -0.393394 0.00151909
23 -0.39346 0.00145449
24 -0.393708 0.00141485
25 -0.393559 0.00136601
26 -0.393618 0.00131472
27 -0.393095 0.00136601
28 -0.39267 0.00138176
29 -0.392494 0.00134525
30 -0.392393 0.00130424
31 -0.392148 0.00128494
32 -0.392162 0.00124486
33 -0.392456 0.00124123
34 -0.392778 0.00124573
35 -0.392973 0.00122541
36 -0.392786 0.00120553
37 -0.392934 0.001182
38 -0.392594 0.00119903
39 -0.393087 0.00126594
40 -0.393227 0.00124198
41 -0.393276 0.00121264
42 -0.393331 0.00118504
43 -0.393178 0.0011673
44 -0.393356 0.00115427
45 -0.393201 0.00113903
46 -0.393123 0.00111694
47 -0.393131 0.0010932
48 -0.393413 0.00110628
49 -0.393161 0.00111193
50 -0.393024 0.00109809
51 -0.393061 0.00107717
52 -0.392942 0.00106297
53 -0.392984 0.00104373
54 -0.392937 0.00102544
55 -0.392918 0.00100697
56 -0.392814 0.000994371
57 -0.393077 0.00101106
58 -0.39302 0.000995207
59 -0.393066 0.000979376
60 -0.392906 0.000975999
61 -0.392966 0.000961879
62 -0.393123 0.000958998
63 -0.393143 0.000943997
64 -0.393108 0.000929921
65 -0.393076 0.000916146
66 -0.393078 0.000902266
67 -0.393132 0.000890409
68 -0.393234 0.000883131
69 -0.393271 0.000871128
70 -0.393279 0.000858717
71 -0.393578 0.000897235
72 -0.393749 0.000901006
73 -0.393637 0.000895611
74 -0.393658 0.000883742
75 -0.393516 0.000883175
76 -0.393517 0.000871555
77 -0.393587 0.000862989
78 -0.393741 0.000865565
79 -0.393833 0.000859479
80 -0.393886 0.000850399
81 -0.394027 0.000851384
82 -0.394113 0.000845395
83 -0.394032 0.000839092
84 -0.393994 0.000829957
85 -0.394069 0.000823542
86 -0.394002 0.000816642
87 -0.394031 0.000807757
88 -0.393996 0.000799351
89 -0.393917 0.000794269
90 -0.394001 0.00078989
91 -0.394022 0.00078149
92 -0.394084 0.00077549
93 -0.394093 0.000767197
94 -0.394004 0.000764171
95 -0.393871 0.00076756
96 -0.393735 0.000771479
97 -0.393847 0.000771601
98 -0.393926 0.000767781
99 -0.393887 0.000761047
100 -0.393894 0.000753473
