-2.97 0
-2.91 0
-2.85 3.33334e-05
-2.79 0
-2.73 6.66667e-05
-2.67 6.66667e-05
-2.61 8.33334e-05
-2.55 0.000283334
-2.49 0.000316667
-2.43 0.00045
-2.37 0.00045
-2.31 0.000983334
-2.25 0.00175
-2.19 0.00253334
-2.13 0.00428334
-2.07 0.00606667
-2.01 0.00841668
-1.95 0.01245
-1.89 0.01825
-1.83 0.0240167
-1.77 0.03395
-1.71 0.0441167
-1.65 0.0570167
-1.59 0.0762167
-1.53 0.0928668
-1.47 0.116767
-1.41 0.144183
-1.35 0.170217
-1.29 0.198734
-1.23 0.228617
-1.17 0.264884
-1.11 0.292717
-1.05 0.3212
-0.99 0.346784
-0.93 0.368784
-0.87 0.388767
-0.81 0.401367
-0.75 0.410717
-0.69 0.411917
-0.63 0.40915
-0.57 0.39765
-0.51 0.387217
-0.45 0.3745
-0.39 0.362534
-0.33 0.345717
-0.27 0.3393
-0.21 0.330017
-0.15 0.31895
-0.09 0.31315
-0.03 0.308367
0.03 0.30495
0.09 0.316184
0.15 0.319667
0.21 0.3265
0.27 0.338184
0.33 0.348384
0.39 0.3624
0.45 0.379134
0.51 0.38675
0.57 0.399967
0.63 0.405834
0.69 0.412484
0.75 0.4099
0.81 0.3992
0.87 0.3892
0.93 0.369484
0.99 0.3443
1.05 0.320434
1.11 0.293567
1.17 0.25845
1.23 0.233684
1.29 0.2002
1.35 0.170367
1.41 0.142117
1.47 0.117667
1.53 0.0932501
1.59 0.0744501
1.65 0.0566834
1.71 0.0430334
1.77 0.0321834
1.83 0.0252334
1.89 0.0183
1.95 0.01235
2.01 0.00820001
2.07 0.00611667
2.13 0.00371667
2.19 0.00265
2.25 0.00125
2.31 0.00123333
2.37 0.00113333
2.43 0.000433334
2.49 0.000283334
2.55 0.000133333
2.61 5.00001e-05
2.67 6.66667e-05
2.73 1.66667e-05
2.79 0
2.85 1.66667e-05
2.91 0
2.97 0
