-0.19723 0.7  0.5 10000000 -9.59759 0.550134
-0.283722 0.7  0.51 10000000 -11.2442 0.64378
-0.293388 0.7  0.52 10000000 -12.6216 0.721863
-0.384515 0.7  0.53 10000000 -13.796 0.789402
-0.624382 0.7  0.54 10000000 -14.8592 0.850016
0.0388122 0.7  0.55 10000000 -15.6962 0.895845
-0.436601 0.7  0.56 10000000 -16.3672 0.935104
-0.626143 0.7  0.57 10000000 -16.886 0.964661
-0.44668 0.7  0.58 10000000 -17.3148 0.989736
0.103085 0.7  0.59 10000000 -17.6018 1.0059
0.108524 0.7  0.6 10000000 -17.8137 1.01841
0.351364 0.7  0.61 10000000 -18.0088 1.02525
-0.21114 0.7  0.62 10000000 -18.0588 1.02759
0.116304 0.7  0.63 10000000 -18.0112 1.02482
-0.191067 0.7  0.64 10000000 -17.9344 1.02087
-0.163276 0.7  0.65 10000000 -17.7572 1.01122
-0.271659 0.7  0.66 10000000 -17.6181 1.0026
-0.229284 0.7  0.67 10000000 -17.406 0.991718
-0.442722 0.7  0.68 10000000 -17.158 0.977423
-0.457493 0.7  0.69 10000000 -16.828 0.958234
-0.485674 0.7  0.7 10000000 -16.5232 0.942017
-0.0301483 0.7  0.71 10000000 -16.1422 0.921329
0.272093 0.7  0.72 10000000 -15.7404 0.898413
0.343467 0.7  0.73 10000000 -15.3938 0.879906
-0.0829354 0.7  0.74 10000000 -15.0056 0.855521
-0.465585 0.7  0.75 10000000 -14.4742 0.82606
-0.455874 0.7  0.76 10000000 -14.0716 0.801971
0.326842 0.7  0.77 10000000 -13.6225 0.777105
-0.475593 0.7  0.78 10000000 -13.071 0.748266
-0.445918 0.7  0.79 10000000 -12.4752 0.711072
-0.451281 0.71  0.5 10000000 -9.58488 0.548874
-0.280827 0.71  0.51 10000000 -11.284 0.645095
-0.268326 0.71  0.52 10000000 -12.6777 0.726321
-0.597878 0.71  0.53 10000000 -13.947 0.797856
-0.539998 0.71  0.54 10000000 -14.9753 0.857163
0.0483855 0.71  0.55 10000000 -15.8834 0.907738
0.0379714 0.71  0.56 10000000 -16.5621 0.947472
-0.0245109 0.71  0.57 10000000 -17.1816 0.983159
-0.646369 0.71  0.58 10000000 -17.6126 1.00519
0.202742 0.71  0.59 10000000 -17.9812 1.02517
0.355391 0.71  0.6 10000000 -18.2479 1.03963
0.337855 0.71  0.61 10000000 -18.3828 1.04662
0.364041 0.71  0.62 10000000 -18.468 1.05152
-0.272535 0.71  0.63 10000000 -18.4457 1.04836
-0.274532 0.71  0.64 10000000 -18.3522 1.04389
-0.273448 0.71  0.65 10000000 -18.2026 1.03715
-0.282639 0.71  0.66 10000000 -17.983 1.02608
-0.202292 0.71  0.67 10000000 -17.7937 1.01373
-0.370724 0.71  0.68 10000000 -17.5209 0.996331
-0.269799 0.71  0.69 10000000 -17.2584 0.983568
-0.500906 0.71  0.7 10000000 -16.8788 0.960669
-0.448764 0.71  0.71 10000000 -16.5276 0.9417
-0.44258 0.71  0.72 10000000 -16.1751 0.918913
-0.453979 0.71  0.73 10000000 -15.6888 0.895525
-0.402973 0.71  0.74 10000000 -15.2621 0.869558
0.295992 0.71  0.75 10000000 -14.859 0.844817
-0.404376 0.71  0.76 10000000 -14.3607 0.818927
-0.49367 0.71  0.77 10000000 -13.8368 0.791028
0.417202 0.71  0.78 10000000 -13.3176 0.760643
-0.486311 0.71  0.79 10000000 -12.7682 0.729845
-0.335655 0.72  0.5 10000000 -9.48827 0.544149
-0.437637 0.72  0.51 10000000 -11.2095 0.641696
-0.436517 0.72  0.52 10000000 -12.7157 0.7295
-0.453583 0.72  0.53 10000000 -14.0357 0.804557
0.144171 0.72  0.54 10000000 -15.1071 0.865013
0.118637 0.72  0.55 10000000 -16.0498 0.917829
0.0667576 0.72  0.56 10000000 -16.8133 0.961562
0.0522967 0.72  0.57 10000000 -17.3726 0.992051
0.368427 0.72  0.58 10000000 -17.9063 1.02127
0.364508 0.72  0.59 10000000 -18.2507 1.03976
0.371003 0.72  0.6 10000000 -18.5323 1.05618
0.248289 0.72  0.61 10000000 -18.6906 1.06576
0.439556 0.72  0.62 10000000 -18.8019 1.07101
0.359636 0.72  0.63 10000000 -18.7656 1.06973
-0.180941 0.72  0.64 10000000 -18.6848 1.06388
-0.257674 0.72  0.65 10000000 -18.525 1.05646
-0.193657 0.72  0.66 10000000 -18.4275 1.04971
-0.279416 0.72  0.67 10000000 -18.1324 1.03197
-0.252346 0.72  0.68 10000000 -17.8936 1.01938
-0.248231 0.72  0.69 10000000 -17.5909 0.998368
-0.315555 0.72  0.7 10000000 -17.2372 0.981542
-0.444496 0.72  0.71 10000000 -16.8864 0.96109
-0.449057 0.72  0.72 10000000 -16.4672 0.937533
-0.443649 0.72  0.73 10000000 -16.0153 0.912146
0.415188 0.72  0.74 10000000 -15.5547 0.885206
-0.477728 0.72  0.75 10000000 -15.1177 0.858349
0.342912 0.72  0.76 10000000 -14.5982 0.829921
-0.503373 0.72  0.77 10000000 -14.0111 0.800378
0.41892 0.72  0.78 10000000 -13.5224 0.772064
0.456053 0.72  0.79 10000000 -12.913 0.740143
-0.422661 0.73  0.5 10000000 -9.36413 0.535841
-0.420764 0.73  0.51 10000000 -11.1544 0.639972
-0.447789 0.73  0.52 10000000 -12.7279 0.728215
0.113001 0.73  0.53 10000000 -14.0378 0.803143
-0.481124 0.73  0.54 10000000 -15.1912 0.86926
-0.54626 0.73  0.55 10000000 -16.1243 0.921927
-0.878295 0.73  0.56 10000000 -16.9072 0.967282
0.365609 0.73  0.57 10000000 -17.6053 1.00377
-0.485113 0.73  0.58 10000000 -18.1369 1.03373
0.259332 0.73  0.59 10000000 -18.5043 1.05431
0.251868 0.73  0.6 10000000 -18.8271 1.07251
0.33953 0.73  0.61 10000000 -18.9909 1.08201
0.43091 0.73  0.62 10000000 -19.1029 1.08629
0.330411 0.73  0.63 10000000 -19.0923 1.08642
0.397447 0.73  0.64 10000000 -19.0479 1.08629
-0.269308 0.73  0.65 10000000 -18.9247 1.07806
-0.279598 0.73  0.66 10000000 -18.6977 1.06545
-0.184993 0.73  0.67 10000000 -18.4762 1.05205
-0.201864 0.73  0.68 10000000 -18.1522 1.03525
-0.185302 0.73  0.69 10000000 -17.8703 1.01808
-0.325333 0.73  0.7 10000000 -17.5244 0.997993
-0.295704 0.73  0.71 10000000 -17.1321 0.976861
-0.379856 0.73  0.72 10000000 -16.625 0.95068
-0.384949 0.73  0.73 10000000 -16.3223 0.93113
-0.405419 0.73  0.74 10000000 -15.7539 0.89744
-0.369693 0.73  0.75 10000000 -15.1827 0.866845
0.428802 0.73  0.76 10000000 -14.7275 0.839373
0.330939 0.73  0.77 10000000 -14.2362 0.809486
0.456217 0.73  0.78 10000000 -13.6542 0.780232
0.45836 0.73  0.79 10000000 -13.0952 0.747869
-0.377811 0.74  0.5 10000000 -9.16848 0.525565
-0.426843 0.74  0.51 10000000 -11.0706 0.63464
-0.50858 0.74  0.52 10000000 -12.6393 0.723475
-0.430355 0.74  0.53 10000000 -14.0228 0.802738
0.115691 0.74  0.54 10000000 -15.2175 0.869514
0.12486 0.74  0.55 10000000 -16.1924 0.926121
1.29794 0.74  0.56 10000000 -17.0247 0.97058
-0.444075 0.74  0.57 10000000 -17.6776 1.00956
0.343707 0.74  0.58 10000000 -18.2484 1.04133
0.330017 0.74  0.59 10000000 -18.7015 1.06569
0.412018 0.74  0.6 10000000 -18.962 1.08241
0.431542 0.74  0.61 10000000 -19.1938 1.0933
0.335907 0.74  0.62 10000000 -19.3569 1.10197
0.309504 0.74  0.63 10000000 -19.3481 1.10113
0.347428 0.74  0.64 10000000 -19.308 1.09826
-0.234485 0.74  0.65 10000000 -19.2161 1.09446
-0.218178 0.74  0.66 10000000 -18.9937 1.08291
-0.267552 0.74  0.67 10000000 -18.7188 1.06729
-0.320492 0.74  0.68 10000000 -18.4908 1.05164
-0.262302 0.74  0.69 10000000 -18.1402 1.0353
-0.224166 0.74  0.7 10000000 -17.7397 1.01149
-0.297817 0.74  0.71 10000000 -17.3228 0.98733
-0.359112 0.74  0.72 10000000 -16.9099 0.964276
-0.498079 0.74  0.73 10000000 -16.4098 0.938003
-0.476009 0.74  0.74 10000000 -15.8856 0.906772
0.426207 0.74  0.75 10000000 -15.3562 0.877948
0.44539 0.74  0.76 10000000 -14.9061 0.849843
-0.470073 0.74  0.77 10000000 -14.3349 0.820398
-0.0354266 0.74  0.78 10000000 -13.7825 0.786832
0.453757 0.74  0.79 10000000 -13.1029 0.746928
-0.791772 0.75  0.5 10000000 -8.99182 0.51451
-0.196455 0.75  0.51 10000000 -10.8793 0.622582
-0.50016 0.75  0.52 10000000 -12.6038 0.720336
-0.501569 0.75  0.53 10000000 -13.9715 0.799818
-0.401045 0.75  0.54 10000000 -15.1561 0.868768
-0.915674 0.75  0.55 10000000 -16.2266 0.929266
-0.634092 0.75  0.56 10000000 -17.099 0.975114
0.358445 0.75  0.57 10000000 -17.8251 1.01593
-0.453908 0.75  0.58 10000000 -18.3773 1.04857
0.362359 0.75  0.59 10000000 -18.8215 1.07408
0.332519 0.75  0.6 10000000 -19.1723 1.09277
0.328588 0.75  0.61 10000000 -19.3808 1.10508
0.432706 0.75  0.62 10000000 -19.52 1.11249
0.331915 0.75  0.63 10000000 -19.5577 1.11358
0.313184 0.75  0.64 10000000 -19.5241 1.11094
0.287156 0.75  0.65 10000000 -19.4456 1.10537
0.342928 0.75  0.66 10000000 -19.2208 1.0947
-0.182701 0.75  0.67 10000000 -18.9976 1.08338
-0.21421 0.75  0.68 10000000 -18.6845 1.06489
-0.293511 0.75  0.69 10000000 -18.3293 1.04745
-0.233962 0.75  0.7 10000000 -17.9097 1.02415
-0.247599 0.75  0.71 10000000 -17.5289 1.00147
-0.286496 0.75  0.72 10000000 -17.1209 0.976595
-0.24682 0.75  0.73 10000000 -16.6507 0.950039
-0.432011 0.75  0.74 10000000 -16.039 0.917576
-0.480795 0.75  0.75 10000000 -15.4986 0.885733
0.466416 0.75  0.76 10000000 -14.982 0.855371
-0.478681 0.75  0.77 10000000 -14.3591 0.81835
0.431507 0.75  0.78 10000000 -13.8278 0.791008
-0.0413515 0.75  0.79 10000000 -13.1752 0.754368
-0.790834 0.76  0.5 10000000 -8.78666 0.504297
-0.333344 0.76  0.51 10000000 -10.7304 0.614905
-0.640925 0.76  0.52 10000000 -12.3959 0.7108
-0.505377 0.76  0.53 10000000 -13.9157 0.79512
-0.675538 0.76  0.54 10000000 -15.1189 0.865887
-0.46952 0.76  0.55 10000000 -16.1863 0.927555
-0.646716 0.76  0.56 10000000 -17.121 0.976532
-0.63799 0.76  0.57 10000000 -17.8421 1.01997
-0.518602 0.76  0.58 10000000 -18.4557 1.05307
-0.46107 0.76  0.59 10000000 -18.9537 1.07964
-0.444412 0.76  0.6 10000000 -19.2672 1.09972
0.331081 0.76  0.61 10000000 -19.5248 1.11376
0.305562 0.76  0.62 10000000 -19.6193 1.11947
0.341835 0.76  0.63 10000000 -19.7017 1.12269
0.338323 0.76  0.64 10000000 -19.6561 1.12207
-0.340841 0.76  0.65 10000000 -19.5855 1.11581
-0.299346 0.76  0.66 10000000 -19.3986 1.10676
-0.25788 0.76  0.67 10000000 -19.1664 1.09348
-0.278671 0.76  0.68 10000000 -18.868 1.07689
-0.286504 0.76  0.69 10000000 -18.5075 1.05356
-0.293282 0.76  0.7 10000000 -18.146 1.03567
-0.261853 0.76  0.71 10000000 -17.6781 1.00615
-0.357941 0.76  0.72 10000000 -17.2329 0.98223
-0.271323 0.76  0.73 10000000 -16.689 0.95274
-0.27733 0.76  0.74 10000000 -16.2457 0.927672
-0.345363 0.76  0.75 10000000 -15.6994 0.891637
-0.379065 0.76  0.76 10000000 -15.1464 0.863195
-0.31522 0.76  0.77 10000000 -14.4661 0.827316
-0.052663 0.76  0.78 10000000 -13.7749 0.786138
0.390921 0.76  0.79 10000000 -13.1458 0.75036
-0.829132 0.77  0.5 10000000 -8.60381 0.492498
-0.981227 0.77  0.51 10000000 -10.4958 0.601759
-0.657445 0.77  0.52 10000000 -12.2696 0.704439
-0.632304 0.77  0.53 10000000 -13.7134 0.785936
-0.439002 0.77  0.54 10000000 -15.0298 0.860434
0.368987 0.77  0.55 10000000 -16.1696 0.923366
0.353091 0.77  0.56 10000000 -17.0939 0.97514
-0.671981 0.77  0.57 10000000 -17.8588 1.01932
-0.514892 0.77  0.58 10000000 -18.4735 1.05443
0.435379 0.77  0.59 10000000 -18.9819 1.08397
0.283694 0.77  0.6 10000000 -19.3407 1.10307
0.270138 0.77  0.61 10000000 -19.5997 1.11853
0.326826 0.77  0.62 10000000 -19.7218 1.12472
-0.479278 0.77  0.63 10000000 -19.8268 1.13124
-0.506717 0.77  0.64 10000000 -19.8449 1.13061
0.430783 0.77  0.65 10000000 -19.7199 1.12308
0.449938 0.77  0.66 10000000 -19.5247 1.11457
-0.27789 0.77  0.67 10000000 -19.2624 1.09873
0.0282793 0.77  0.68 10000000 -18.9077 1.08056
0.00656045 0.77  0.69 10000000 -18.5105 1.05859
-0.00818465 0.77  0.7 10000000 -18.1735 1.04019
-0.0490231 0.77  0.71 10000000 -17.7314 1.01265
-0.0252616 0.77  0.72 10000000 -17.1928 0.98168
-0.0458063 0.77  0.73 10000000 -16.6851 0.953294
-0.0498077 0.77  0.74 10000000 -16.1333 0.921076
-0.0455078 0.77  0.75 10000000 -15.5153 0.887726
-0.609645 0.77  0.76 10000000 -14.9475 0.8558
-0.0391615 0.77  0.77 10000000 -14.4191 0.821318
-0.0407879 0.77  0.78 10000000 -13.7401 0.787071
0.107268 0.77  0.79 10000000 -13.0723 0.749531
-0.836463 0.78  0.5 10000000 -8.32932 0.477626
-0.308716 0.78  0.51 10000000 -10.3139 0.590671
-0.503265 0.78  0.52 10000000 -12.0339 0.690789
-0.483822 0.78  0.53 10000000 -13.5711 0.778387
-0.44042 0.78  0.54 10000000 -14.9074 0.855159
-0.948109 0.78  0.55 10000000 -16.0318 0.916737
0.365969 0.78  0.56 10000000 -16.9991 0.969624
-0.682545 0.78  0.57 10000000 -17.7972 1.0159
0.428411 0.78  0.58 10000000 -18.4357 1.05308
0.428671 0.78  0.59 10000000 -18.9066 1.0805
0.421343 0.78  0.6 10000000 -19.3381 1.10383
0.282644 0.78  0.61 10000000 -19.6516 1.11968
0.229887 0.78  0.62 10000000 -19.7738 1.12737
-0.487243 0.78  0.63 10000000 -19.877 1.13181
0.445811 0.78  0.64 10000000 -19.8283 1.13315
0.0736715 0.78  0.65 10000000 -19.6963 1.12381
0.0566565 0.78  0.66 10000000 -19.47 1.11287
-0.0138704 0.78  0.67 10000000 -19.2344 1.09928
0.0042682 0.78  0.68 10000000 -18.9889 1.0849
0.0413377 0.78  0.69 10000000 -18.6204 1.06394
-0.0440313 0.78  0.7 10000000 -18.2081 1.04009
-0.0520736 0.78  0.71 10000000 -17.8099 1.01777
0.0203809 0.78  0.72 10000000 -17.3177 0.989396
-0.0261502 0.78  0.73 10000000 -16.6855 0.953097
-0.0261945 0.78  0.74 10000000 -16.2061 0.927112
-0.0162107 0.78  0.75 10000000 -15.6039 0.890112
0.110393 0.78  0.76 10000000 -14.9815 0.856745
-0.0281302 0.78  0.77 10000000 -14.3552 0.818023
-0.0305267 0.78  0.78 10000000 -13.738 0.786302
0.178315 0.78  0.79 10000000 -12.9795 0.741302
-0.752438 0.79  0.5 10000000 -8.04094 0.461126
-0.872194 0.79  0.51 10000000 -10.0124 0.574028
-0.786539 0.79  0.52 10000000 -11.8109 0.677592
-0.505722 0.79  0.53 10000000 -13.3699 0.765715
-0.853044 0.79  0.54 10000000 -14.7393 0.844001
0.342386 0.79  0.55 10000000 -15.925 0.908738
0.433933 0.79  0.56 10000000 -16.9269 0.967918
-0.66301 0.79  0.57 10000000 -17.7031 1.01122
0.361028 0.79  0.58 10000000 -18.3487 1.04889
0.351561 0.79  0.59 10000000 -18.8955 1.07918
-0.499364 0.79  0.6 10000000 -19.2948 1.10251
1.40022 0.79  0.61 10000000 -19.6061 1.11869
0.37131 0.79  0.62 10000000 -19.78 1.12936
-0.484805 0.79  0.63 10000000 -19.9312 1.13604
-0.734473 0.79  0.64 10000000 -19.7892 1.13212
-0.219618 0.79  0.65 10000000 -19.7128 1.12822
-0.504014 0.79  0.66 10000000 -19.5656 1.11488
0.0736243 0.79  0.67 10000000 -19.3567 1.10377
0.0062803 0.79  0.68 10000000 -19.0198 1.08473
-0.00117999 0.79  0.69 10000000 -18.6775 1.06638
-0.0871546 0.79  0.7 10000000 -18.2868 1.04509
-0.0530362 0.79  0.71 10000000 -17.7519 1.01429
-0.00612252 0.79  0.72 10000000 -17.3239 0.989559
-0.0231861 0.79  0.73 10000000 -16.7528 0.95672
-0.0353268 0.79  0.74 10000000 -16.2496 0.930992
-0.0496049 0.79  0.75 10000000 -15.5288 0.891272
-0.0365143 0.79  0.76 10000000 -14.8358 0.850328
-1.0149 0.79  0.77 10000000 -14.2348 0.817662
-0.0157505 0.79  0.78 10000000 -13.576 0.776535
0.132555 0.79  0.79 10000000 -12.7825 0.732575
-0.752297 0.8  0.5 10000000 -7.8022 0.447573
-0.887523 0.8  0.51 10000000 -9.81463 0.561575
-0.493382 0.8  0.52 10000000 -11.6011 0.664488
-0.507359 0.8  0.53 10000000 -13.1728 0.754925
-0.461907 0.8  0.54 10000000 -14.4752 0.829959
0.331018 0.8  0.55 10000000 -15.7333 0.898499
1.35959 0.8  0.56 10000000 -16.7468 0.958358
0.343622 0.8  0.57 10000000 -17.5825 1.00669
0.368082 0.8  0.58 10000000 -18.2536 1.04163
0.330483 0.8  0.59 10000000 -18.7911 1.07268
1.40991 0.8  0.6 10000000 -19.2456 1.09889
1.4064 0.8  0.61 10000000 -19.5369 1.11606
0.260327 0.8  0.62 10000000 -19.7641 1.12813
-0.504938 0.8  0.63 10000000 -19.819 1.13205
-0.530711 0.8  0.64 10000000 -19.7479 1.12675
-0.716878 0.8  0.65 10000000 -19.694 1.12639
-0.524485 0.8  0.66 10000000 -19.474 1.11422
-0.520753 0.8  0.67 10000000 -19.3073 1.10367
0.105862 0.8  0.68 10000000 -18.9895 1.08474
0.0718596 0.8  0.69 10000000 -18.6465 1.06524
0.00730362 0.8  0.7 10000000 -18.1849 1.03838
0.0113365 0.8  0.71 10000000 -17.7568 1.01525
-0.0294126 0.8  0.72 10000000 -17.3134 0.988865
-1.66586 0.8  0.73 10000000 -16.6584 0.949926
-1.6823 0.8  0.74 10000000 -16.0393 0.914844
-1.79757 0.8  0.75 10000000 -15.4059 0.881901
-1.70404 0.8  0.76 10000000 -14.7654 0.84459
-1.7509 0.8  0.77 10000000 -14.1204 0.809235
-1.82871 0.8  0.78 10000000 -13.3565 0.766089
-1.83363 0.8  0.79 10000000 -12.6196 0.722364
-0.822325 0.81  0.5 10000000 -7.44869 0.426905
-0.853721 0.81  0.51 10000000 -9.46152 0.542236
-0.755693 0.81  0.52 10000000 -11.3318 0.648219
-0.490517 0.81  0.53 10000000 -12.9401 0.739092
-0.494704 0.81  0.54 10000000 -14.2829 0.817099
0.335219 0.81  0.55 10000000 -15.5191 0.887291
0.341919 0.81  0.56 10000000 -16.5355 0.94689
0.4511 0.81  0.57 10000000 -17.3865 0.99524
-0.911321 0.81  0.58 10000000 -18.0935 1.03422
0.307907 0.81  0.59 10000000 -18.693 1.067
0.341568 0.81  0.6 10000000 -19.109 1.09162
0.301894 0.81  0.61 10000000 -19.4452 1.11157
0.39087 0.81  0.62 10000000 -19.6256 1.12186
0.00237127 0.81  0.63 10000000 -19.7128 1.12665
-0.720843 0.81  0.64 10000000 -19.7362 1.12883
-0.698581 0.81  0.65 10000000 -19.6522 1.12238
-0.494472 0.81  0.66 10000000 -19.4129 1.11012
-0.505391 0.81  0.67 10000000 -19.2194 1.09851
0.117169 0.81  0.68 10000000 -18.883 1.07985
-1.53717 0.81  0.69 10000000 -18.4957 1.05621
-1.67384 0.81  0.7 10000000 -18.0514 1.03143
-1.66615 0.81  0.71 10000000 -17.633 1.0075
-1.65675 0.81  0.72 10000000 -17.1645 0.978162
-1.55218 0.81  0.73 10000000 -16.5721 0.945425
-1.72217 0.81  0.74 10000000 -15.9543 0.912374
-1.48746 0.81  0.75 10000000 -15.2231 0.873469
-1.76528 0.81  0.76 10000000 -14.4594 0.82864
-1.82059 0.81  0.77 10000000 -13.9211 0.798212
-0.529913 0.81  0.78 10000000 -13.1702 0.75337
-0.523733 0.81  0.79 10000000 -12.3423 0.707559
-0.717203 0.82  0.5 10000000 -7.1722 0.4113
-0.741198 0.82  0.51 10000000 -9.19468 0.526815
-0.756335 0.82  0.52 10000000 -10.9904 0.629563
-0.730792 0.82  0.53 10000000 -12.6609 0.722691
-0.760428 0.82  0.54 10000000 -13.999 0.803283
0.363236 0.82  0.55 10000000 -15.2849 0.873907
0.360246 0.82  0.56 10000000 -16.2738 0.928282
0.443026 0.82  0.57 10000000 -17.1978 0.983986
0.456033 0.82  0.58 10000000 -17.8864 1.02238
1.3871 0.82  0.59 10000000 -18.4971 1.05804
1.41301 0.82  0.6 10000000 -18.9608 1.0843
1.36234 0.82  0.61 10000000 -19.2858 1.10255
0.179469 0.82  0.62 10000000 -19.5159 1.11499
-0.475411 0.82  0.63 10000000 -19.63 1.12063
-0.648215 0.82  0.64 10000000 -19.5904 1.12009
-0.502222 0.82  0.65 10000000 -19.5344 1.11645
-0.757597 0.82  0.66 10000000 -19.3685 1.10368
-0.0248877 0.82  0.67 10000000 -19.1358 1.09209
-1.69661 0.82  0.68 10000000 -18.772 1.07181
-1.78198 0.82  0.69 10000000 -18.3995 1.05285
-1.66844 0.82  0.7 10000000 -18.0369 1.0291
-1.66021 0.82  0.71 10000000 -17.5295 0.999717
-1.76949 0.82  0.72 10000000 -17.0188 0.96976
-1.73427 0.82  0.73 10000000 -16.4026 0.93531
-1.70021 0.82  0.74 10000000 -15.7826 0.899813
-0.515511 0.82  0.75 10000000 -15.1144 0.86684
-1.73428 0.82  0.76 10000000 -14.419 0.824208
-0.512169 0.82  0.77 10000000 -13.6335 0.78078
-0.513734 0.82  0.78 10000000 -12.7815 0.730131
-1.51945 0.82  0.79 10000000 -12.0299 0.686833
-0.771595 0.83  0.5 10000000 -6.93634 0.396782
-0.749573 0.83  0.51 10000000 -8.88961 0.51114
-0.760697 0.83  0.52 10000000 -10.7495 0.614034
-0.779932 0.83  0.53 10000000 -12.302 0.705504
-0.757994 0.83  0.54 10000000 -13.7724 0.78687
0.413755 0.83  0.55 10000000 -15.0104 0.857394
0.410624 0.83  0.56 10000000 -16.0571 0.917096
0.428926 0.83  0.57 10000000 -16.9553 0.967863
1.43573 0.83  0.58 10000000 -17.7058 1.01189
1.41939 0.83  0.59 10000000 -18.2943 1.04725
1.43255 0.83  0.6 10000000 -18.8128 1.07501
1.37433 0.83  0.61 10000000 -19.1125 1.09371
-0.607797 0.83  0.62 10000000 -19.3 1.10348
-0.595491 0.83  0.63 10000000 -19.3934 1.10639
0.183292 0.83  0.64 10000000 -19.4231 1.10729
0.0394823 0.83  0.65 10000000 -19.3826 1.10516
-1.62116 0.83  0.66 10000000 -19.1979 1.09491
-1.61647 0.83  0.67 10000000 -18.9503 1.07937
-1.72497 0.83  0.68 10000000 -18.5906 1.06368
-1.70423 0.83  0.69 10000000 -18.3038 1.04456
-1.74707 0.83  0.7 10000000 -17.8509 1.01908
-1.76639 0.83  0.71 10000000 -17.3434 0.992385
-1.37044 0.83  0.72 10000000 -16.8916 0.963666
-1.71018 0.83  0.73 10000000 -16.3068 0.930218
-1.53408 0.83  0.74 10000000 -15.5711 0.888715
-1.70351 0.83  0.75 10000000 -14.8296 0.845656
-0.498933 0.83  0.76 10000000 -14.1377 0.807707
-1.74492 0.83  0.77 10000000 -13.3556 0.758394
-1.66925 0.83  0.78 10000000 -12.5443 0.716127
-0.493858 0.83  0.79 10000000 -11.6733 0.665124
-0.908532 0.84  0.5 10000000 -6.62996 0.378766
-0.766227 0.84  0.51 10000000 -8.58095 0.48984
-1.0475 0.84  0.52 10000000 -10.3545 0.593944
-0.686182 0.84  0.53 10000000 -12.0609 0.689237
-0.733178 0.84  0.54 10000000 -13.4658 0.770452
1.44472 0.84  0.55 10000000 -14.6879 0.839593
0.41878 0.84  0.56 10000000 -15.733 0.899665
1.2342 0.84  0.57 10000000 -16.6366 0.950827
0.424156 0.84  0.58 10000000 -17.3925 0.993372
0.398134 0.84  0.59 10000000 -18.0567 1.03113
1.40714 0.84  0.6 10000000 -18.5082 1.05824
1.35795 0.84  0.61 10000000 -18.8707 1.0783
-1.00364 0.84  0.62 10000000 -19.1013 1.08902
-0.670057 0.84  0.63 10000000 -19.1905 1.09575
-0.988162 0.84  0.64 10000000 -19.1735 1.09593
0.0315945 0.84  0.65 10000000 -19.175 1.09491
-1.70588 0.84  0.66 10000000 -19.0242 1.0857
-1.69056 0.84  0.67 10000000 -18.6957 1.06829
-1.64326 0.84  0.68 10000000 -18.461 1.05573
-1.63841 0.84  0.69 10000000 -18.0759 1.03522
-1.71924 0.84  0.7 10000000 -17.6947 1.01117
-1.68187 0.84  0.71 10000000 -17.1461 0.978744
-1.77714 0.84  0.72 10000000 -16.4521 0.939914
-1.66452 0.84  0.73 10000000 -16.0088 0.913978
-0.509309 0.84  0.74 10000000 -15.3545 0.878271
-1.57607 0.84  0.75 10000000 -14.5515 0.830332
-0.490095 0.84  0.76 10000000 -13.7743 0.788475
-0.483168 0.84  0.77 10000000 -13.0997 0.7505
-0.492181 0.84  0.78 10000000 -12.2402 0.700609
-1.69528 0.84  0.79 10000000 -11.3708 0.649868
-0.907443 0.85  0.5 10000000 -6.30547 0.361936
-0.771554 0.85  0.51 10000000 -8.32543 0.473904
-0.684398 0.85  0.52 10000000 -10.0287 0.574018
-0.866391 0.85  0.53 10000000 -11.6319 0.666763
-0.828126 0.85  0.54 10000000 -13.1012 0.750345
1.20162 0.85  0.55 10000000 -14.3782 0.821897
1.36745 0.85  0.56 10000000 -15.4662 0.882786
1.1459 0.85  0.57 10000000 -16.3697 0.935575
0.96421 0.85  0.58 10000000 -17.1235 0.978273
0.397862 0.85  0.59 10000000 -17.7633 1.01437
0.961756 0.85  0.6 10000000 -18.2235 1.04249
-0.563408 0.85  0.61 10000000 -18.5078 1.05774
-0.515032 0.85  0.62 10000000 -18.7643 1.07346
-1.02985 0.85  0.63 10000000 -18.8996 1.08072
-1.03475 0.85  0.64 10000000 -18.8335 1.07814
-1.70774 0.85  0.65 10000000 -18.8124 1.07481
-1.68754 0.85  0.66 10000000 -18.724 1.06989
-1.62629 0.85  0.67 10000000 -18.3894 1.04912
-1.6785 0.85  0.68 10000000 -18.1294 1.03272
-1.69852 0.85  0.69 10000000 -17.7122 1.01479
-1.7125 0.85  0.7 10000000 -17.3374 0.992439
-1.72588 0.85  0.71 10000000 -16.8833 0.963786
-1.69714 0.85  0.72 10000000 -16.2854 0.930029
-0.471125 0.85  0.73 10000000 -15.6925 0.894528
-1.73609 0.85  0.74 10000000 -14.9882 0.856989
-1.70422 0.85  0.75 10000000 -14.2582 0.812631
-0.533147 0.85  0.76 10000000 -13.5618 0.7728
-1.69002 0.85  0.77 10000000 -12.7321 0.726436
-1.6696 0.85  0.78 10000000 -11.84 0.679078
-0.516557 0.85  0.79 10000000 -10.9341 0.627814
-0.7496 0.86  0.5 10000000 -5.95457 0.340828
-0.903772 0.86  0.51 10000000 -7.92663 0.453468
-0.653605 0.86  0.52 10000000 -9.6889 0.554306
-0.76202 0.86  0.53 10000000 -11.2497 0.643616
-0.686377 0.86  0.54 10000000 -12.7529 0.730105
-0.843216 0.86  0.55 10000000 -14.0136 0.801613
0.922669 0.86  0.56 10000000 -15.045 0.860653
1.37547 0.86  0.57 10000000 -15.9597 0.913285
0.921465 0.86  0.58 10000000 -16.7425 0.957719
0.932705 0.86  0.59 10000000 -17.3773 0.996095
1.33137 0.86  0.6 10000000 -17.8768 1.02485
-0.576046 0.86  0.61 10000000 -18.2684 1.04371
-0.50966 0.86  0.62 10000000 -18.5245 1.05827
0.149363 0.86  0.63 10000000 -18.5924 1.06105
-1.52756 0.86  0.64 10000000 -18.6309 1.06293
-1.67709 0.86  0.65 10000000 -18.501 1.05637
-1.74568 0.86  0.66 10000000 -18.3837 1.04841
-1.62309 0.86  0.67 10000000 -18.2102 1.03945
-0.45646 0.86  0.68 10000000 -17.8836 1.02109
-0.481213 0.86  0.69 10000000 -17.3722 0.992364
-1.5087 0.86  0.7 10000000 -16.9411 0.968302
-0.445323 0.86  0.71 10000000 -16.5186 0.943585
-0.485027 0.86  0.72 10000000 -15.923 0.906816
-1.70204 0.86  0.73 10000000 -15.2902 0.871646
-1.71001 0.86  0.74 10000000 -14.5887 0.833758
-1.6456 0.86  0.75 10000000 -13.839 0.787797
-0.562271 0.86  0.76 10000000 -13.0546 0.746656
-1.45866 0.86  0.77 10000000 -12.2645 0.705073
-1.65396 0.86  0.78 10000000 -11.384 0.651923
-1.67649 0.86  0.79 10000000 -10.4221 0.601225
1.06412 0.87  0.5 10000000 -5.60233 0.31817
-0.797241 0.87  0.51 10000000 -7.55727 0.433008
-0.798846 0.87  0.52 10000000 -9.35559 0.534309
-0.636634 0.87  0.53 10000000 -10.8943 0.62278
-0.825501 0.87  0.54 10000000 -12.3519 0.707228
0.954991 0.87  0.55 10000000 -13.5677 0.776381
-0.843143 0.87  0.56 10000000 -14.7123 0.839855
1.40564 0.87  0.57 10000000 -15.6229 0.893075
0.935724 0.87  0.58 10000000 -16.443 0.938258
1.39573 0.87  0.59 10000000 -16.9993 0.972395
0.933507 0.87  0.6 10000000 -17.4875 1.00175
-0.763277 0.87  0.61 10000000 -17.9187 1.02197
-0.482835 0.87  0.62 10000000 -18.1271 1.03532
-0.551085 0.87  0.63 10000000 -18.2141 1.04247
-1.52302 0.87  0.64 10000000 -18.2788 1.04252
-1.50427 0.87  0.65 10000000 -18.1668 1.03725
-1.69938 0.87  0.66 10000000 -17.9957 1.02741
-0.443686 0.87  0.67 10000000 -17.8172 1.01682
-1.59082 0.87  0.68 10000000 -17.4629 0.996566
-1.70224 0.87  0.69 10000000 -16.9919 0.973211
-0.513411 0.87  0.7 10000000 -16.6286 0.949442
-0.440375 0.87  0.71 10000000 -16.0085 0.913965
-0.447453 0.87  0.72 10000000 -15.4772 0.88563
-0.459394 0.87  0.73 10000000 -14.7359 0.846431
-1.69342 0.87  0.74 10000000 -14.1783 0.813031
-0.425289 0.87  0.75 10000000 -13.4139 0.771683
-0.41318 0.87  0.76 10000000 -12.665 0.724372
-1.69478 0.87  0.77 10000000 -11.8265 0.678397
-1.6806 0.87  0.78 10000000 -10.8714 0.622475
-0.474323 0.87  0.79 10000000 -9.95679 0.570357
1.04725 0.88  0.5 10000000 -5.1788 0.295979
-0.933927 0.88  0.51 10000000 -7.16389 0.410066
-0.683581 0.88  0.52 10000000 -8.91253 0.510695
-0.70458 0.88  0.53 10000000 -10.4904 0.600653
-0.872664 0.88  0.54 10000000 -11.9235 0.682363
1.1349 0.88  0.55 10000000 -13.1272 0.752251
0.967491 0.88  0.56 10000000 -14.2744 0.815622
1.39055 0.88  0.57 10000000 -15.2273 0.869735
1.39238 0.88  0.58 10000000 -15.9512 0.911151
1.39971 0.88  0.59 10000000 -16.5375 0.947537
1.40875 0.88  0.6 10000000 -17.1119 0.979666
-0.815517 0.88  0.61 10000000 -17.4716 0.998242
-0.576732 0.88  0.62 10000000 -17.709 1.01193
-0.57883 0.88  0.63 10000000 -17.8318 1.02006
-1.50922 0.88  0.64 10000000 -17.8758 1.02031
-1.54575 0.88  0.65 10000000 -17.8036 1.0179
-1.69927 0.88  0.66 10000000 -17.6449 1.00857
-1.5738 0.88  0.67 10000000 -17.3481 0.990493
-1.44257 0.88  0.68 10000000 -17.0811 0.976957
-1.60294 0.88  0.69 10000000 -16.6577 0.951133
-1.62306 0.88  0.7 10000000 -16.1624 0.926349
-0.520953 0.88  0.71 10000000 -15.6842 0.89426
-0.541822 0.88  0.72 10000000 -15.0123 0.858029
-0.445872 0.88  0.73 10000000 -14.452 0.82662
-1.62269 0.88  0.74 10000000 -13.6171 0.778956
-0.455132 0.88  0.75 10000000 -12.9571 0.74037
-1.60844 0.88  0.76 10000000 -12.1347 0.697795
-0.50712 0.88  0.77 10000000 -11.3755 0.651638
-1.16822 0.88  0.78 10000000 -10.3268 0.592099
-1.66793 0.88  0.79 10000000 -9.33643 0.533937
0.224905 0.89  0.5 10000000 -4.8613 0.277847
1.07085 0.89  0.51 10000000 -6.81231 0.386579
-0.975747 0.89  0.52 10000000 -8.46896 0.485322
-0.666753 0.89  0.53 10000000 -10.0596 0.574509
-0.635913 0.89  0.54 10000000 -11.4514 0.655783
0.896811 0.89  0.55 10000000 -12.7096 0.726856
0.909097 0.89  0.56 10000000 -13.835 0.792174
-0.850195 0.89  0.57 10000000 -14.782 0.844179
1.42113 0.89  0.58 10000000 -15.4803 0.885321
1.41459 0.89  0.59 10000000 -16.1635 0.922718
1.42351 0.89  0.6 10000000 -16.6098 0.951317
-0.742664 0.89  0.61 10000000 -16.9899 0.970008
-0.504658 0.89  0.62 10000000 -17.3227 0.98855
-0.754747 0.89  0.63 10000000 -17.3722 0.99384
-1.5448 0.89  0.64 10000000 -17.3875 0.990554
-1.51909 0.89  0.65 10000000 -17.3217 0.98817
-1.51041 0.89  0.66 10000000 -17.1583 0.982486
-1.60053 0.89  0.67 10000000 -16.931 0.96801
-0.407217 0.89  0.68 10000000 -16.5555 0.94715
-1.44346 0.89  0.69 10000000 -16.2147 0.923658
-0.471067 0.89  0.7 10000000 -15.7268 0.89513
-0.525596 0.89  0.71 10000000 -15.0643 0.862444
-1.59184 0.89  0.72 10000000 -14.6416 0.835953
-0.531594 0.89  0.73 10000000 -13.9463 0.797101
-0.435913 0.89  0.74 10000000 -13.1264 0.75095
-1.62501 0.89  0.75 10000000 -12.4264 0.711657
-0.509165 0.89  0.76 10000000 -11.6418 0.66749
0.0420443 0.89  0.77 10000000 -10.6878 0.609671
0.0204019 0.89  0.78 10000000 -9.72708 0.552422
0.0467023 0.89  0.79 10000000 -8.79294 0.505341
1.4194 0.9  0.5 10000000 -4.472 0.255052
0.23566 0.9  0.51 10000000 -6.40381 0.364044
-0.608477 0.9  0.52 10000000 -8.04777 0.461143
-0.671566 0.9  0.53 10000000 -9.65083 0.549603
-0.665526 0.9  0.54 10000000 -10.9701 0.629239
-0.703673 0.9  0.55 10000000 -12.2511 0.701638
0.934812 0.9  0.56 10000000 -13.3902 0.763458
1.39809 0.9  0.57 10000000 -14.3188 0.816947
0.894769 0.9  0.58 10000000 -15.0322 0.860042
1.41317 0.9  0.59 10000000 -15.653 0.893623
1.37875 0.9  0.6 10000000 -16.1065 0.921499
-0.760978 0.9  0.61 10000000 -16.4634 0.940821
-0.460738 0.9  0.62 10000000 -16.7475 0.958433
-1.46337 0.9  0.63 10000000 -16.908 0.963989
-1.48862 0.9  0.64 10000000 -16.968 0.964445
-1.53135 0.9  0.65 10000000 -16.8309 0.95829
-0.358978 0.9  0.66 10000000 -16.6983 0.95487
-1.61688 0.9  0.67 10000000 -16.4133 0.937991
-1.59802 0.9  0.68 10000000 -16.1029 0.916888
-1.58334 0.9  0.69 10000000 -15.5937 0.891298
-0.419728 0.9  0.7 10000000 -15.1765 0.866411
-0.416586 0.9  0.71 10000000 -14.5785 0.831198
-1.59941 0.9  0.72 10000000 -14.0563 0.798508
-1.59833 0.9  0.73 10000000 -13.2329 0.755484
-0.394331 0.9  0.74 10000000 -12.5186 0.716586
-0.553216 0.9  0.75 10000000 -11.7918 0.669505
0.0306081 0.9  0.76 10000000 -10.9246 0.622469
0.0549405 0.9  0.77 10000000 -10.0103 0.569692
0.0918717 0.9  0.78 10000000 -8.96471 0.513493
-0.101252 0.9  0.79 10000000 -8.08864 0.46242
1.00588 0.91  0.5 10000000 -4.11175 0.234991
0.208776 0.91  0.51 10000000 -6.01574 0.342006
0.957644 0.91  0.52 10000000 -7.64682 0.43378
-0.602843 0.91  0.53 10000000 -9.09887 0.521242
-0.358683 0.91  0.54 10000000 -10.5447 0.602813
-0.877208 0.91  0.55 10000000 -11.7428 0.67443
0.921754 0.91  0.56 10000000 -12.8879 0.736218
0.919052 0.91  0.57 10000000 -13.822 0.792241
0.998621 0.91  0.58 10000000 -14.5412 0.830018
0.985762 0.91  0.59 10000000 -15.1505 0.866165
0.878762 0.91  0.6 10000000 -15.6254 0.893429
-0.801324 0.91  0.61 10000000 -15.9538 0.909382
-0.497395 0.91  0.62 10000000 -16.1574 0.922806
-1.4911 0.91  0.63 10000000 -16.3146 0.93105
-1.46766 0.91  0.64 10000000 -16.3966 0.93613
-1.47577 0.91  0.65 10000000 -16.2781 0.929357
-1.60343 0.91  0.66 10000000 -16.137 0.920587
-1.61494 0.91  0.67 10000000 -15.8556 0.904819
-1.63007 0.91  0.68 10000000 -15.501 0.885276
-1.45781 0.91  0.69 10000000 -15.0228 0.859041
-1.45145 0.91  0.7 10000000 -14.5024 0.826757
-1.5298 0.91  0.71 10000000 -13.9361 0.795524
-0.427376 0.91  0.72 10000000 -13.3313 0.757387
-0.430657 0.91  0.73 10000000 -12.6868 0.721213
-0.849544 0.91  0.74 10000000 -11.8579 0.681097
-0.599174 0.91  0.75 10000000 -10.9877 0.631291
-0.578415 0.91  0.76 10000000 -10.1689 0.583298
-0.567874 0.91  0.77 10000000 -9.24139 0.528964
-0.0754931 0.91  0.78 10000000 -8.37743 0.475463
-0.0803107 0.91  0.79 10000000 -7.18014 0.414742
1.43569 0.92  0.5 10000000 -3.70136 0.209712
1.43053 0.92  0.51 10000000 -5.57714 0.317416
1.41839 0.92  0.52 10000000 -7.21859 0.410274
-1.04016 0.92  0.53 10000000 -8.65002 0.496571
-0.660771 0.92  0.54 10000000 -10.0059 0.571411
-0.378291 0.92  0.55 10000000 -11.1832 0.639159
1.00329 0.92  0.56 10000000 -12.3167 0.705874
1.43002 0.92  0.57 10000000 -13.1852 0.755158
1.41527 0.92  0.58 10000000 -13.9523 0.798908
1.00137 0.92  0.59 10000000 -14.5702 0.834498
0.955706 0.92  0.6 10000000 -15.0521 0.861263
-0.584007 0.92  0.61 10000000 -15.3837 0.879685
-0.596621 0.92  0.62 10000000 -15.6842 0.895834
-1.51648 0.92  0.63 10000000 -15.789 0.899803
-1.56964 0.92  0.64 10000000 -15.7486 0.898063
-1.48969 0.92  0.65 10000000 -15.7231 0.89539
-1.54528 0.92  0.66 10000000 -15.5131 0.883435
-1.51399 0.92  0.67 10000000 -15.2874 0.872049
-0.330357 0.92  0.68 10000000 -14.8135 0.847248
-0.367407 0.92  0.69 10000000 -14.4443 0.823731
-0.307069 0.92  0.7 10000000 -13.8459 0.791333
-1.51067 0.92  0.71 10000000 -13.2304 0.756839
-0.313768 0.92  0.72 10000000 -12.6764 0.723288
-0.0443407 0.92  0.73 10000000 -11.9359 0.678405
-0.557717 0.92  0.74 10000000 -11.2231 0.638964
-0.600008 0.92  0.75 10000000 -10.3254 0.591376
-0.601945 0.92  0.76 10000000 -9.28483 0.535292
0.130172 0.92  0.77 10000000 -8.60406 0.49541
-0.842582 0.92  0.78 10000000 -7.55343 0.426831
-0.977742 0.92  0.79 10000000 -6.60325 0.370424
-2.00326 0.93  0.5 10000000 -3.37559 0.18948
0.233128 0.93  0.51 10000000 -5.13306 0.29051
0.238244 0.93  0.52 10000000 -6.76283 0.383859
1.4187 0.93  0.53 10000000 -8.26963 0.469423
-0.817627 0.93  0.54 10000000 -9.48068 0.542115
-0.681571 0.93  0.55 10000000 -10.6189 0.608485
1.35245 0.93  0.56 10000000 -11.7219 0.670505
1.41467 0.93  0.57 10000000 -12.6295 0.722533
1.41067 0.93  0.58 10000000 -13.3935 0.764571
0.988953 0.93  0.59 10000000 -13.9466 0.798191
0.980185 0.93  0.6 10000000 -14.3634 0.824814
-0.582101 0.93  0.61 10000000 -14.7695 0.84293
-0.547508 0.93  0.62 10000000 -14.949 0.855686
-0.490431 0.93  0.63 10000000 -15.0529 0.862206
-1.4933 0.93  0.64 10000000 -15.0846 0.862323
-1.54586 0.93  0.65 10000000 -15.0416 0.857128
-1.55553 0.93  0.66 10000000 -14.9036 0.8499
-1.53514 0.93  0.67 10000000 -14.6141 0.834765
-1.56674 0.93  0.68 10000000 -14.1597 0.805736
-1.50548 0.93  0.69 10000000 -13.7081 0.780428
-0.382534 0.93  0.7 10000000 -13.2745 0.759764
-1.49513 0.93  0.71 10000000 -12.6553 0.72237
0.00825633 0.93  0.72 10000000 -11.8981 0.677512
0.0559758 0.93  0.73 10000000 -11.2039 0.639725
-0.554773 0.93  0.74 10000000 -10.4375 0.598672
-0.583331 0.93  0.75 10000000 -9.55522 0.545922
-1.01788 0.93  0.76 10000000 -8.7496 0.489374
-0.836758 0.93  0.77 10000000 -7.9674 0.444498
-1.02253 0.93  0.78 10000000 -6.93 0.390095
-0.995506 0.93  0.79 10000000 -5.75227 0.324847
-2.00539 0.94  0.5 10000000 -2.85898 0.163704
1.34681 0.94  0.51 10000000 -4.62593 0.262724
1.35903 0.94  0.52 10000000 -6.24249 0.355023
1.43214 0.94  0.53 10000000 -7.67637 0.436673
-0.856031 0.94  0.54 10000000 -8.91061 0.509055
-0.851514 0.94  0.55 10000000 -9.99258 0.572156
1.49844 0.94  0.56 10000000 -11.109 0.636093
1.35477 0.94  0.57 10000000 -11.9794 0.68607
1.47453 0.94  0.58 10000000 -12.6665 0.725017
1.4732 0.94  0.59 10000000 -13.343 0.763309
1.47715 0.94  0.6 10000000 -13.7892 0.788581
1.40264 0.94  0.61 10000000 -14.0934 0.806301
-0.569464 0.94  0.62 10000000 -14.3123 0.817808
-0.500556 0.94  0.63 10000000 -14.4545 0.823932
-0.476699 0.94  0.64 10000000 -14.3914 0.822576
-0.466544 0.94  0.65 10000000 -14.3469 0.819458
-1.52479 0.94  0.66 10000000 -14.1123 0.806039
-1.54523 0.94  0.67 10000000 -13.864 0.786118
-1.53533 0.94  0.68 10000000 -13.4874 0.771556
-0.284195 0.94  0.69 10000000 -13.0117 0.741753
-1.53216 0.94  0.7 10000000 -12.4564 0.713193
-0.304212 0.94  0.71 10000000 -11.8352 0.673013
0.207512 0.94  0.72 10000000 -11.2082 0.635894
-0.749916 0.94  0.73 10000000 -10.5393 0.598279
0.0424058 0.94  0.74 10000000 -9.67704 0.549794
-1.1135 0.94  0.75 10000000 -9.02632 0.508487
-0.793901 0.94  0.76 10000000 -7.99346 0.448304
-1.1106 0.94  0.77 10000000 -6.91477 0.388415
-1.03226 0.94  0.78 10000000 -5.80149 0.32706
-1.05016 0.94  0.79 10000000 -4.82344 0.270715
-1.34016 0.95  0.5 10000000 -2.44949 0.138062
-2.0096 0.95  0.51 10000000 -4.18493 0.23823
1.6841 0.95  0.52 10000000 -5.70443 0.323763
1.68936 0.95  0.53 10000000 -7.15175 0.406166
1.42854 0.95  0.54 10000000 -8.45147 0.47946
-0.778586 0.95  0.55 10000000 -9.42812 0.538795
-0.392388 0.95  0.56 10000000 -10.357 0.594684
1.48491 0.95  0.57 10000000 -11.3246 0.646181
1.47997 0.95  0.58 10000000 -11.9808 0.685612
1.49764 0.95  0.59 10000000 -12.5558 0.719325
1.48181 0.95  0.6 10000000 -13.1013 0.749775
1.39598 0.95  0.61 10000000 -13.3395 0.764935
-0.894515 0.95  0.62 10000000 -13.6648 0.779876
-0.534462 0.95  0.63 10000000 -13.6474 0.778347
-0.550195 0.95  0.64 10000000 -13.7186 0.781535
-0.597557 0.95  0.65 10000000 -13.5621 0.774642
-0.538901 0.95  0.66 10000000 -13.3286 0.761512
-0.251802 0.95  0.67 10000000 -13.0901 0.746193
-0.361316 0.95  0.68 10000000 -12.661 0.725593
-0.393368 0.95  0.69 10000000 -12.2288 0.697761
-0.357347 0.95  0.7 10000000 -11.6467 0.666254
-0.689339 0.95  0.71 10000000 -11.1463 0.633138
-0.790902 0.95  0.72 10000000 -10.2043 0.588567
0.18053 0.95  0.73 10000000 -9.5779 0.546654
-0.840427 0.95  0.74 10000000 -8.93216 0.499548
-1.12304 0.95  0.75 10000000 -8.03064 0.448887
-0.78895 0.95  0.76 10000000 -7.06641 0.395571
-0.785782 0.95  0.77 10000000 -6.17859 0.340201
-1.05951 0.95  0.78 10000000 -4.95521 0.280396
-0.776199 0.95  0.79 10000000 -3.92269 0.219852
-1.99899 0.96  0.5 10000000 -1.99 0.111947
-1.78816 0.96  0.51 10000000 -3.66166 0.209205
0.292679 0.96  0.52 10000000 -5.21429 0.296517
1.34991 0.96  0.53 10000000 -6.56658 0.374277
1.01506 0.96  0.54 10000000 -7.80282 0.443829
1.008 0.96  0.55 10000000 -8.93574 0.507621
-0.370373 0.96  0.56 10000000 -9.72772 0.557795
1.49371 0.96  0.57 10000000 -10.6034 0.604798
1.48026 0.96  0.58 10000000 -11.3234 0.646932
1.48456 0.96  0.59 10000000 -11.8333 0.676449
0.952157 0.96  0.6 10000000 -12.2837 0.705591
1.409 0.96  0.61 10000000 -12.6386 0.72613
-0.887035 0.96  0.62 10000000 -12.8798 0.73642
-0.527529 0.96  0.63 10000000 -12.833 0.734635
-0.914003 0.96  0.64 10000000 -12.8129 0.731972
-0.900342 0.96  0.65 10000000 -12.7328 0.725454
-0.430193 0.96  0.66 10000000 -12.5513 0.711424
-0.220358 0.96  0.67 10000000 -12.3206 0.701799
-0.2149 0.96  0.68 10000000 -11.8146 0.67235
-0.389519 0.96  0.69 10000000 -11.4172 0.648801
-0.361607 0.96  0.7 10000000 -10.7571 0.614255
-0.602934 0.96  0.71 10000000 -10.1697 0.577315
-0.629427 0.96  0.72 10000000 -9.41937 0.532731
-0.804749 0.96  0.73 10000000 -8.75409 0.491485
-1.1226 0.96  0.74 10000000 -7.92315 0.44741
-1.02067 0.96  0.75 10000000 -7.05309 0.397621
-1.03264 0.96  0.76 10000000 -6.04522 0.340112
-0.964503 0.96  0.77 10000000 -5.12363 0.286315
-0.763515 0.96  0.78 10000000 -3.82471 0.213242
-1.1043 0.96  0.79 10000000 -2.81518 0.153027
-1.37464 0.97  0.5 10000000 -1.54148 0.0879441
-1.80839 0.97  0.51 10000000 -3.15713 0.180295
-1.78351 0.97  0.52 10000000 -4.67739 0.267086
0.3105 0.97  0.53 10000000 -5.98721 0.340142
0.309122 0.97  0.54 10000000 -7.22397 0.41424
1.43596 0.97  0.55 10000000 -8.21918 0.468473
-0.770808 0.97  0.56 10000000 -9.01378 0.517765
1.4709 0.97  0.57 10000000 -9.83937 0.563677
1.46704 0.97  0.58 10000000 -10.5481 0.604665
1.47974 0.97  0.59 10000000 -11.1233 0.638521
1.48029 0.97  0.6 10000000 -11.5114 0.660487
1.51486 0.97  0.61 10000000 -11.8357 0.678221
-0.787326 0.97  0.62 10000000 -12.1272 0.689288
-1.26004 0.97  0.63 10000000 -12.1641 0.692471
-0.874397 0.97  0.64 10000000 -12.0552 0.68751
-0.912165 0.97  0.65 10000000 -11.836 0.676269
-0.601879 0.97  0.66 10000000 -11.7088 0.667859
-0.577874 0.97  0.67 10000000 -11.3881 0.648582
-0.382373 0.97  0.68 10000000 -10.9082 0.620612
-0.599036 0.97  0.69 10000000 -10.4294 0.592827
-0.415467 0.97  0.7 10000000 -9.75782 0.558482
0.153281 0.97  0.71 10000000 -9.23723 0.523937
0.177023 0.97  0.72 10000000 -8.48756 0.485873
-0.691506 0.97  0.73 10000000 -7.80231 0.437203
-0.818595 0.97  0.74 10000000 -7.01367 0.393838
-1.1249 0.97  0.75 10000000 -5.95271 0.332182
-1.0204 0.97  0.76 10000000 -5.01004 0.281153
-1.01569 0.97  0.77 10000000 -3.85573 0.218589
-0.93275 0.97  0.78 10000000 -2.89342 0.156883
-0.873809 0.97  0.79 10000000 -1.66873 0.0846149
-0.883524 0.98  0.5 10000000 -0.972999 0.0562128
-1.82774 0.98  0.51 10000000 -2.57129 0.147772
-1.79312 0.98  0.52 10000000 -4.09055 0.231761
0.270146 0.98  0.53 10000000 -5.35064 0.305315
0.35669 0.98  0.54 10000000 -6.48747 0.371107
1.03404 0.98  0.55 10000000 -7.551 0.43064
0.931224 0.98  0.56 10000000 -8.37717 0.477311
1.46935 0.98  0.57 10000000 -9.12811 0.52336
1.42934 0.98  0.58 10000000 -9.82518 0.561639
1.48682 0.98  0.59 10000000 -10.3163 0.588117
1.47732 0.98  0.6 10000000 -10.7064 0.61323
1.48039 0.98  0.61 10000000 -10.9678 0.628163
-0.855665 0.98  0.62 10000000 -11.2974 0.643772
-1.30291 0.98  0.63 10000000 -11.373 0.645045
-1.10888 0.98  0.64 10000000 -11.2731 0.64151
-0.895639 0.98  0.65 10000000 -10.9403 0.622904
-0.543642 0.98  0.66 10000000 -10.6954 0.609152
-0.382546 0.98  0.67 10000000 -10.4251 0.59592
-0.470052 0.98  0.68 10000000 -10.1188 0.57502
-0.594857 0.98  0.69 10000000 -9.50782 0.539913
-0.404791 0.98  0.7 10000000 -8.96118 0.508781
-0.573828 0.98  0.71 10000000 -8.18905 0.465841
0.115376 0.98  0.72 10000000 -7.44451 0.424772
-0.801122 0.98  0.73 10000000 -6.77633 0.380804
-1.1135 0.98  0.74 10000000 -5.93824 0.33708
-0.795484 0.98  0.75 10000000 -4.82405 0.266888
-1.09058 0.98  0.76 10000000 -3.97728 0.220684
-0.79166 0.98  0.77 10000000 -2.99158 0.159063
-0.9055 0.98  0.78 10000000 -1.58395 0.0860886
-0.761129 0.98  0.79 10000000 -0.495483 0.0204813
-1.03464 0.99  0.5 10000000 -0.552443 0.0312046
-1.84 0.99  0.51 10000000 -2.03262 0.116339
-1.97663 0.99  0.52 10000000 -3.49074 0.199997
-1.78335 0.99  0.53 10000000 -4.66444 0.268087
1.42123 0.99  0.54 10000000 -5.82451 0.333109
0.359071 0.99  0.55 10000000 -6.82976 0.388076
0.961501 0.99  0.56 10000000 -7.69497 0.436958
-0.750495 0.99  0.57 10000000 -8.34948 0.480175
1.44044 0.99  0.58 10000000 -8.97019 0.511106
1.42718 0.99  0.59 10000000 -9.49806 0.54168
1.45641 0.99  0.6 10000000 -9.86047 0.563889
1.43891 0.99  0.61 10000000 -10.0504 0.575262
1.50049 0.99  0.62 10000000 -10.2111 0.586655
-1.36334 0.99  0.63 10000000 -10.3467 0.585666
-1.08969 0.99  0.64 10000000 -10.2245 0.585017
-1.1013 0.99  0.65 10000000 -10.087 0.574994
-0.313102 0.99  0.66 10000000 -9.60602 0.552774
-0.596667 0.99  0.67 10000000 -9.47948 0.540161
-0.582747 0.99  0.68 10000000 -8.85645 0.508349
-0.457111 0.99  0.69 10000000 -8.48473 0.490414
-0.887481 0.99  0.7 10000000 -7.779 0.442535
-0.626529 0.99  0.71 10000000 -7.10554 0.407085
-0.75826 0.99  0.72 10000000 -6.44931 0.363182
-1.09153 0.99  0.73 10000000 -5.56789 0.315105
-1.14491 0.99  0.74 10000000 -4.75105 0.261321
-1.15235 0.99  0.75 10000000 -3.6873 0.209788
-1.15062 0.99  0.76 10000000 -2.44478 0.138431
-0.75165 0.99  0.77 10000000 -1.79224 0.0972731
-0.748764 0.99  0.78 10000000 -0.497255 0.0225167
-0.935297 0.99  0.79 10000000 0.732406 0.0458749
