100   -5.26204   0
200   -5.23397   0.0198461
300   -5.23774   0.0135831
400   -5.25784   0.0201719
500   -5.25312   0.0166805
600   -5.23914   0.0188715
700   -5.23462   0.0167091
800   -5.22877   0.0156087
900   -5.22871   0.0138745
1000   -5.23347   0.0132794
1100   -5.2274   0.0133892
1200   -5.22206   0.0132943
1300   -5.22349   0.0123483
1400   -5.21833   0.0124986
1500   -5.21975   0.0117459
1600   -5.23104   0.0155165
1700   -5.23087   0.0146047
1800   -5.22905   0.0139069
1900   -5.23019   0.0132215
2000   -5.22602   0.0132009
2100   -5.23165   0.01372
2200   -5.23747   0.0142768
2300   -5.23586   0.0137464
2400   -5.23311   0.0134453
2500   -5.23312   0.0129075
2600   -5.23183   0.0124754
2700   -5.2344   0.0122754
2800   -5.23255   0.0119758
2900   -5.22964   0.0119125
3000   -5.22983   0.011517
3100   -5.22556   0.0119096
3200   -5.22595   0.0115438
3300   -5.2263   0.0111993
3400   -5.22523   0.0109217
3500   -5.22519   0.0106097
3600   -5.22569   0.0103267
3700   -5.22503   0.0100688
3800   -5.22632   0.00988606
3900   -5.22665   0.00963797
4000   -5.22469   0.00959356
4100   -5.2265   0.00952904
4200   -5.22819   0.00945144
4300   -5.22704   0.00930133
4400   -5.22602   0.00914635
4500   -5.2232   0.00936798
4600   -5.22228   0.00920935
4700   -5.22356   0.00910277
4800   -5.22522   0.00906161
4900   -5.22467   0.00889287
5000   -5.2255   0.008753
5100   -5.22381   0.00874306
5200   -5.22104   0.00900191
5300   -5.22112   0.00883245
5400   -5.22026   0.00871055
5500   -5.22125   0.00860737
5600   -5.22264   0.00856587
5700   -5.22496   0.00872454
5800   -5.22457   0.00858291
5900   -5.2254   0.00847791
6000   -5.22595   0.00835396
6100   -5.2257   0.00822064
6200   -5.22709   0.00820497
6300   -5.22721   0.00807564
6400   -5.22725   0.00794954
6500   -5.22823   0.00788741
6600   -5.22868   0.00778088
6700   -5.22833   0.00767291
6800   -5.22929   0.00762032
6900   -5.22979   0.00752652
7000   -5.2297   0.00741959
7100   -5.22903   0.00734511
7200   -5.22827   0.00728289
7300   -5.22823   0.00718324
7400   -5.22857   0.00709436
7500   -5.22813   0.00701346
7600   -5.22665   0.00707467
7700   -5.22621   0.00699656
7800   -5.22542   0.00695093
7900   -5.22459   0.00691295
8000   -5.22516   0.00684998
8100   -5.22597   0.00681353
8200   -5.22512   0.00678412
8300   -5.22494   0.00670459
8400   -5.22383   0.00671578
8500   -5.2242   0.00664685
8600   -5.22429   0.00657018
8700   -5.22379   0.00651373
8800   -5.22306   0.00648074
8900   -5.22329   0.00641204
9000   -5.22289   0.00635358
9100   -5.22325   0.00629416
9200   -5.22231   0.00629542
9300   -5.22148   0.00628267
9400   -5.22215   0.00625216
9500   -5.22273   0.00621268
9600   -5.22245   0.00615436
9700   -5.22249   0.00609109
9800   -5.22211   0.00604072
9900   -5.22163   0.00599879
10000   -5.22186   0.00594326
10100   -5.22202   0.0058866
10200   -5.22158   0.00584582
10300   -5.22184   0.00579511
10400   -5.2213   0.00576466
10500   -5.22118   0.00571098
10600   -5.22042   0.00570785
10700   -5.22005   0.00566675
10800   -5.2205   0.00563274
10900   -5.22063   0.00558247
11000   -5.22109   0.00555094
11100   -5.22133   0.00550607
11200   -5.22179   0.00547615
11300   -5.22137   0.00544417
11400   -5.22139   0.00539647
11500   -5.22186   0.00537003
11600   -5.22232   0.00534269
11700   -5.22262   0.00530569
11800   -5.22291   0.00526872
11900   -5.22265   0.0052307
12000   -5.22342   0.00524338
12100   -5.22281   0.00523606
12200   -5.22275   0.00519345
12300   -5.22278   0.00515129
12400   -5.22217   0.00514587
12500   -5.22166   0.00512959
12600   -5.22133   0.00509947
12700   -5.22115   0.00506245
12800   -5.22099   0.00502548
12900   -5.22045   0.00501493
13000   -5.22003   0.00499394
13100   -5.2197   0.00496681
13200   -5.21945   0.00493544
13300   -5.21909   0.00491165
13400   -5.21883   0.00488163
13500   -5.21882   0.00484548
13600   -5.21777   0.00492259
13700   -5.21755   0.00489143
13800   -5.21796   0.00487265
13900   -5.21821   0.00484411
14000   -5.2186   0.00482539
14100   -5.21954   0.00488131
14200   -5.21939   0.00484926
14300   -5.21899   0.004832
14400   -5.21842   0.00483168
14500   -5.21813   0.00480723
14600   -5.21777   0.00478749
14700   -5.21755   0.0047598
14800   -5.21777   0.00473278
14900   -5.21865   0.00478056
15000   -5.21979   0.00488309
15100   -5.22077   0.00494937
15200   -5.22088   0.00491799
15300   -5.22135   0.00490838
15400   -5.2213   0.00487678
15500   -5.22132   0.00484534
15600   -5.22129   0.00481439
15700   -5.221   0.00479227
15800   -5.22165   0.00480591
15900   -5.22243   0.00483889
16000   -5.22309   0.00485299
16100   -5.22358   0.00484747
16200   -5.22365   0.00481803
16300   -5.2231   0.00481958
16400   -5.22283   0.00479736
16500   -5.22254   0.0047771
16600   -5.22253   0.00474834
16700   -5.22241   0.00472139
16800   -5.22241   0.00469329
16900   -5.22249   0.00466616
17000   -5.22298   0.00466392
17100   -5.22318   0.00464105
17200   -5.22319   0.00461408
17300   -5.22307   0.00458902
17400   -5.22223   0.00463858
17500   -5.22161   0.00465307
17600   -5.22148   0.00462838
17700   -5.22172   0.00460842
17800   -5.22144   0.00459142
17900   -5.22117   0.00457388
18000   -5.22099   0.004552
18100   -5.22097   0.00452687
18200   -5.22127   0.00451154
18300   -5.22109   0.00449052
18400   -5.221   0.00446696
18500   -5.22083   0.00444614
18600   -5.22013   0.00447623
18700   -5.22009   0.00445251
18800   -5.21995   0.004431
18900   -5.21982   0.00440941
19000   -5.21974   0.00438695
19100   -5.21953   0.00436891
19200   -5.21928   0.00435328
19300   -5.21954   0.00433818
19400   -5.22002   0.00434217
19500   -5.22038   0.00433508
19600   -5.22042   0.00431317
19700   -5.22056   0.00429353
19800   -5.22055   0.00427186
19900   -5.22064   0.00425126
20000   -5.22086   0.00423556
20100   -5.22116   0.00422525
20200   -5.22149   0.00421769
20300   -5.22136   0.00419898
20400   -5.22137   0.0041784
20500   -5.22092   0.00418191
20600   -5.22098   0.00416208
20700   -5.22074   0.00414894
20800   -5.22124   0.00415876
20900   -5.22144   0.00414385
21000   -5.22169   0.00413121
21100   -5.22164   0.00411192
21200   -5.2217   0.00409301
21300   -5.22147   0.00408045
21400   -5.22113   0.00407501
21500   -5.22087   0.0040648
21600   -5.22111   0.00405323
21700   -5.22101   0.00403578
21800   -5.22083   0.00402137
21900   -5.22053   0.00401427
22000   -5.22043   0.00399722
22100   -5.22023   0.00398401
22200   -5.22024   0.00396608
22300   -5.2201   0.00395063
22400   -5.22019   0.00393393
22500   -5.22037   0.0039207
22600   -5.22051   0.00390574
22700   -5.22062   0.00389018
22800   -5.2207   0.00387378
22900   -5.22084   0.00385947
23000   -5.22099   0.00384566
23100   -5.22063   0.00384582
23200   -5.22021   0.00385235
23300   -5.21966   0.00387451
23400   -5.21987   0.00386367
23500   -5.21966   0.00385274
23600   -5.21981   0.00383913
23700   -5.21969   0.00382468
23800   -5.21965   0.00380881
23900   -5.21986   0.00379855
24000   -5.21966   0.00378812
24100   -5.21921   0.00379855
24200   -5.21909   0.0037848
24300   -5.21945   0.00378591
24400   -5.21929   0.00377352
24500   -5.21908   0.00376436
24600   -5.21874   0.00376367
24700   -5.21864   0.0037499
24800   -5.2191   0.00376248
24900   -5.21947   0.00376597
25000   -5.21962   0.00375406
25100   -5.21943   0.00374413
25200   -5.21945   0.0037293
25300   -5.21916   0.00372532
25400   -5.21902   0.00371344
25500   -5.21913   0.0037006
25600   -5.21942   0.00369724
25700   -5.21949   0.00368351
25800   -5.21971   0.0036762
25900   -5.21979   0.00366279
26000   -5.21922   0.00369353
26100   -5.21888   0.00369499
26200   -5.21884   0.00368106
26300   -5.21908   0.00367506
26400   -5.21865   0.0036861
26500   -5.2188   0.00367531
26600   -5.21909   0.00367254
26700   -5.21919   0.00366026
26800   -5.21917   0.00364666
26900   -5.21904   0.00363542
27000   -5.21896   0.00362291
27100   -5.21897   0.00360956
27200   -5.21892   0.00359662
27300   -5.21888   0.00358375
27400   -5.21918   0.00358335
27500   -5.21926   0.00357128
27600   -5.21919   0.00355904
27700   -5.21914   0.00354658
27800   -5.2192   0.00353431
27900   -5.21911   0.00352264
28000   -5.21906   0.00351047
28100   -5.21898   0.00349877
28200   -5.21921   0.00349333
28300   -5.21935   0.00348396
28400   -5.21943   0.0034727
28500   -5.21952   0.0034617
28600   -5.21952   0.0034496
28700   -5.2195   0.00343767
28800   -5.21955   0.00342614
28900   -5.21971   0.00341797
29000   -5.21974   0.00340631
29100   -5.21959   0.00339763
29200   -5.2195   0.00338737
29300   -5.21962   0.00337815
29400   -5.21976   0.00336937
29500   -5.21942   0.00337515
29600   -5.21936   0.0033643
29700   -5.21944   0.00335409
29800   -5.21941   0.00334295
29900   -5.21957   0.00333544
30000   -5.21967   0.00332575
30100   -5.21954   0.00331731
30200   -5.2195   0.00330651
30300   -5.21959   0.00329667
30400   -5.21943   0.00328942
30500   -5.2191   0.00329545
30600   -5.21942   0.00330028
30700   -5.21961   0.00329511
30800   -5.21923   0.00330629
30900   -5.21945   0.00330245
31000   -5.21977   0.0033075
31100   -5.22027   0.00333484
31200   -5.2205   0.00333212
31300   -5.22058   0.00332232
31400   -5.22065   0.00331264
31500   -5.22058   0.003303
31600   -5.22067   0.00329373
31700   -5.22071   0.00328364
31800   -5.221   0.00328629
31900   -5.22125   0.00328524
32000   -5.22112   0.00327739
32100   -5.2209   0.00327455
32200   -5.22096   0.00326481
32300   -5.22113   0.00325937
32400   -5.22117   0.00324955
32500   -5.22151   0.00325744
32600   -5.2216   0.00324875
32700   -5.22173   0.0032412
32800   -5.22159   0.00323418
32900   -5.22164   0.00322474
33000   -5.22155   0.0032163
33100   -5.22153   0.00320664
33200   -5.22156   0.00319716
33300   -5.22144   0.00318993
33400   -5.22149   0.00318076
33500   -5.22148   0.00317128
33600   -5.22146   0.00316194
33700   -5.22125   0.00315965
33800   -5.2213   0.00315081
33900   -5.22136   0.00314198
34000   -5.22107   0.00314619
34100   -5.22084   0.00314495
34200   -5.22107   0.00314415
34300   -5.22112   0.00313535
34400   -5.22137   0.00313644
34500   -5.22173   0.00314751
34600   -5.22193   0.00314492
34700   -5.22189   0.00313615
34800   -5.2222   0.0031427
34900   -5.22252   0.0031502
35000   -5.22267   0.00314452
35100   -5.22292   0.00314588
35200   -5.22295   0.00313708
35300   -5.22288   0.00312892
35400   -5.22292   0.00312033
35500   -5.22262   0.00312604
35600   -5.22227   0.00313733
35700   -5.22177   0.00316726
35800   -5.22163   0.00316158
35900   -5.22174   0.00315451
36000   -5.22173   0.00314577
36100   -5.22195   0.00314541
36200   -5.22201   0.00313717
36300   -5.22189   0.00313071
36400   -5.22171   0.00312706
36500   -5.22165   0.00311914
36600   -5.2215   0.00311435
36700   -5.22134   0.00310998
36800   -5.22138   0.00310177
36900   -5.22103   0.00311236
37000   -5.22093   0.00310557
37100   -5.22074   0.0031034
37200   -5.22048   0.00310549
37300   -5.22033   0.00310093
37400   -5.22005   0.0031051
37500   -5.21989   0.00310078
37600   -5.21995   0.00309308
37700   -5.21994   0.0030849
37800   -5.21977   0.0030814
37900   -5.21968   0.00307471
38000   -5.21955   0.00306915
38100   -5.21934   0.00306859
38200   -5.21924   0.003062
38300   -5.21904   0.00306057
38400   -5.21893   0.00305465
38500   -5.21891   0.00304678
38600   -5.21897   0.00303944
38700   -5.21907   0.00303343
38800   -5.21905   0.00302573
38900   -5.2192   0.00302172
39000   -5.21927   0.00301486
39100   -5.21946   0.003013
39200   -5.21955   0.00300661
39300   -5.21961   0.00299967
39400   -5.21968   0.00299274
39500   -5.21968   0.00298516
39600   -5.21987   0.00298386
39700   -5.22006   0.00298262
39800   -5.22019   0.00297796
39900   -5.22034   0.00297392
40000   -5.22031   0.0029666
40100   -5.22024   0.0029601
40200   -5.22017   0.0029535
40300   -5.22013   0.00294641
40400   -5.22034   0.00294668
40500   -5.22048   0.00294253
40600   -5.22058   0.00293698
40700   -5.2205   0.00293083
40800   -5.22056   0.00292431
40900   -5.22057   0.00291718
41000   -5.22044   0.00291335
41100   -5.22021   0.00291509
41200   -5.21994   0.00292011
41300   -5.21995   0.00291304
41400   -5.21999   0.00290627
41500   -5.22001   0.00289935
41600   -5.21977   0.0029023
41700   -5.21954   0.00290442
41800   -5.21953   0.00289747
41900   -5.21952   0.00289059
42000   -5.21952   0.00288371
42100   -5.21936   0.00288166
42200   -5.21917   0.00288066
42300   -5.21909   0.00287514
42400   -5.2191   0.00286836
42500   -5.219   0.00286313
42600   -5.21902   0.0028565
42700   -5.21914   0.00285221
42800   -5.21933   0.0028515
42900   -5.21935   0.00284495
43000   -5.21921   0.00284196
43100   -5.21915   0.00283591
43200   -5.21916   0.00282936
43300   -5.2191   0.00282336
43400   -5.21895   0.00282115
43500   -5.21888   0.00281557
43600   -5.21897   0.0028107
43700   -5.21905   0.00280539
43800   -5.21882   0.00280872
43900   -5.21857   0.00281357
44000   -5.21835   0.00281538
44100   -5.21822   0.00281215
44200   -5.21816   0.00280636
44300   -5.21812   0.00280037
44400   -5.21805   0.00279486
44500   -5.21793   0.00279125
44600   -5.21772   0.00279288
44700   -5.21779   0.00278759
44800   -5.21775   0.00278171
44900   -5.2176   0.0027793
45000   -5.21754   0.00277372
45100   -5.21763   0.00276879
45200   -5.21755   0.00276376
45300   -5.21755   0.00275766
45400   -5.21772   0.00275688
45500   -5.2179   0.00275691
45600   -5.21796   0.0027515
45700   -5.21803   0.00274639
45800   -5.21798   0.00274082
45900   -5.21788   0.00273665
46000   -5.21791   0.00273087
46100   -5.21822   0.00274174
46200   -5.2182   0.00273586
46300   -5.21812   0.002731
46400   -5.21809   0.00272536
46500   -5.21803   0.00272002
46600   -5.21785   0.00272066
46700   -5.21795   0.00271667
46800   -5.21794   0.00271087
46900   -5.21803   0.00270649
47000   -5.21814   0.00270297
47100   -5.21823   0.00269864
47200   -5.21831   0.00269407
47300   -5.21812   0.00269505
47400   -5.21804   0.00269047
47500   -5.21792   0.00268757
47600   -5.2178   0.00268462
47700   -5.21765   0.00268293
47800   -5.21752   0.00268068
47900   -5.21762   0.00267711
48000   -5.21774   0.00267407
48100   -5.21776   0.00266858
48200   -5.21783   0.00266393
48300   -5.21767   0.00266286
48400   -5.21759   0.00265856
48500   -5.21757   0.00265315
48600   -5.21758   0.00264771
48700   -5.21751   0.00264322
48800   -5.21737   0.00264146
48900   -5.21721   0.00264126
49000   -5.21726   0.00263635
49100   -5.21719   0.00263186
49200   -5.21722   0.00262667
49300   -5.21724   0.00262142
49400   -5.21724   0.00261611
49500   -5.21732   0.00261202
49600   -5.21736   0.00260703
49700   -5.21714   0.00261056
49800   -5.21711   0.00260557
49900   -5.21715   0.00260069
50000   -5.21714   0.00259551
