100   -3.90622   0
200   -3.90638   0.00010937
300   -3.90638   7.29206e-05
400   -3.90504   0.00115402
500   -3.90385   0.00141371
600   -3.90324   0.00130383
700   -3.90245   0.00133184
800   -3.90187   0.00128544
900   -3.90166   0.00116003
1000   -3.90148   0.00105874
1100   -3.90148   0.000962523
1200   -3.90163   0.00089365
1300   -3.90164   0.000824948
1400   -3.90152   0.000775085
1500   -3.90167   0.000738422
1600   -3.90182   0.00070787
1700   -3.90193   0.000674678
1800   -3.90225   0.000705691
1900   -3.90228   0.000669314
2000   -3.90243   0.000653304
2100   -3.90268   0.000668675
2200   -3.90273   0.000640126
2300   -3.9028   0.000615748
2400   -3.90281   0.000590228
2500   -3.90278   0.000567527
2600   -3.90281   0.000546624
2700   -3.90281   0.000526386
2800   -3.90271   0.000517369
2900   -3.90274   0.000500029
3000   -3.90269   0.00048503
3100   -3.90265   0.000471618
3200   -3.90267   0.000457606
3300   -3.90255   0.00046053
3400   -3.90254   0.000447011
3500   -3.90257   0.000434904
3600   -3.90263   0.000426817
3700   -3.90267   0.000417315
3800   -3.90273   0.000411097
3900   -3.90272   0.000400885
4000   -3.90278   0.000395204
4100   -3.90291   0.000407872
4200   -3.90296   0.000400875
4300   -3.90303   0.000397658
4400   -3.90305   0.000389074
4500   -3.90307   0.000381155
4600   -3.90317   0.000385412
4700   -3.90324   0.000384684
4800   -3.90328   0.000378432
4900   -3.90332   0.000372664
5000   -3.90339   0.000372317
5100   -3.90341   0.000365448
5200   -3.90349   0.000367865
5300   -3.90352   0.000361509
5400   -3.90354   0.000355894
5500   -3.90358   0.00035174
5600   -3.90365   0.000350812
5700   -3.90368   0.0003461
5800   -3.90374   0.000345103
5900   -3.90374   0.000339346
6000   -3.90376   0.000334251
6100   -3.90377   0.000328933
6200   -3.90379   0.000324159
6300   -3.90379   0.00031902
6400   -3.9038   0.000314245
6500   -3.90386   0.000315188
6600   -3.90386   0.000310469
6700   -3.9039   0.000309356
6800   -3.90394   0.000307099
6900   -3.90394   0.000302658
7000   -3.90395   0.000298511
7100   -3.90392   0.000296421
7200   -3.9039   0.000292972
7300   -3.90387   0.000290229
7400   -3.90382   0.000290474
7500   -3.90377   0.000290612
7600   -3.90372   0.000292459
7700   -3.90366   0.000294905
7800   -3.90359   0.000297935
7900   -3.90356   0.000295683
8000   -3.90357   0.000292019
8100   -3.90353   0.000290274
8200   -3.90352   0.000286942
8300   -3.90352   0.000283498
8400   -3.90352   0.000280151
8500   -3.90352   0.000276863
8600   -3.90351   0.000273828
8700   -3.90352   0.000270923
8800   -3.90353   0.000267942
8900   -3.90352   0.000265188
9000   -3.90348   0.000265415
9100   -3.90345   0.00026415
9200   -3.90341   0.000263748
9300   -3.90342   0.00026105
9400   -3.90343   0.000258393
9500   -3.90342   0.000255724
9600   -3.9034   0.00025379
9700   -3.90339   0.000251947
9800   -3.90337   0.000249942
9900   -3.90337   0.000247418
10000   -3.90339   0.000246287
10100   -3.90338   0.000244151
10200   -3.90343   0.000245557
10300   -3.90343   0.000243313
10400   -3.90345   0.000241831
10500   -3.9035   0.000243222
10600   -3.90354   0.00024437
10700   -3.90358   0.000245102
10800   -3.90359   0.00024313
10900   -3.9036   0.000241153
11000   -3.9036   0.000238964
11100   -3.90361   0.000237201
11200   -3.90362   0.000235201
11300   -3.90363   0.000233466
11400   -3.90364   0.000231499
11500   -3.90364   0.000229488
11600   -3.90365   0.000227805
11700   -3.90366   0.000226205
11800   -3.90367   0.000224323
11900   -3.9037   0.000224923
12000   -3.90369   0.000223101
12100   -3.9037   0.000221319
12200   -3.90372   0.00022085
12300   -3.90374   0.000219608
12400   -3.90376   0.000218822
12500   -3.90378   0.000217919
12600   -3.90379   0.000216613
12700   -3.90383   0.000217301
12800   -3.90381   0.000215955
12900   -3.9038   0.000214824
13000   -3.90379   0.000213335
13100   -3.90378   0.000212107
13200   -3.90376   0.000211274
13300   -3.90375   0.000209765
13400   -3.90376   0.000208265
13500   -3.90376   0.000206823
13600   -3.90377   0.000205375
13700   -3.90379   0.000204663
13800   -3.9038   0.000203486
13900   -3.9038   0.000202024
14000   -3.90382   0.000201588
14100   -3.90384   0.000201478
14200   -3.90383   0.000200333
14300   -3.90384   0.000199075
14400   -3.90384   0.000197709
14500   -3.90383   0.000196373
14600   -3.90381   0.000196123
14700   -3.90382   0.000194982
14800   -3.90384   0.000194689
14900   -3.90386   0.000194292
15000   -3.90386   0.000192999
15100   -3.90384   0.000192401
15200   -3.90384   0.000191223
15300   -3.90384   0.000189974
15400   -3.90382   0.000189212
15500   -3.90382   0.000188043
15600   -3.90379   0.000188799
15700   -3.90378   0.000187773
15800   -3.90379   0.000186775
15900   -3.90379   0.000185612
16000   -3.9038   0.000184698
16100   -3.9038   0.000183608
16200   -3.90382   0.000182809
16300   -3.90383   0.000182099
16400   -3.90382   0.000181025
16500   -3.90382   0.000179978
16600   -3.90383   0.000179055
16700   -3.90383   0.000178098
16800   -3.90384   0.000177307
16900   -3.90386   0.000177261
17000   -3.90386   0.000176316
17100   -3.90385   0.000175318
17200   -3.90386   0.000174316
17300   -3.90386   0.000173315
17400   -3.90385   0.000172556
17500   -3.90386   0.00017193
17600   -3.90387   0.000171548
17700   -3.90389   0.000171759
17800   -3.90391   0.00017144
17900   -3.90394   0.000172634
18000   -3.90396   0.000173433
18100   -3.90399   0.000174754
18200   -3.904   0.000174066
18300   -3.90401   0.000173558
18400   -3.90401   0.000172616
18500   -3.90399   0.000172487
18600   -3.90398   0.000171871
18700   -3.90398   0.000171118
18800   -3.90397   0.00017027
18900   -3.90397   0.000169384
19000   -3.90397   0.000168655
19100   -3.90394   0.000169812
19200   -3.90393   0.000169486
19300   -3.90392   0.000168713
19400   -3.90393   0.000167928
19500   -3.90393   0.000167078
19600   -3.90393   0.000166357
19700   -3.90395   0.000166124
19800   -3.90395   0.000165313
19900   -3.90394   0.000164518
20000   -3.90394   0.000163698
20100   -3.90395   0.000163047
20200   -3.90396   0.000162504
20300   -3.90398   0.000163265
20400   -3.90399   0.000162751
20500   -3.90401   0.000163522
20600   -3.90404   0.00016448
20700   -3.90406   0.00016466
20800   -3.90407   0.000164243
20900   -3.90407   0.000163573
21000   -3.90408   0.000162936
21100   -3.90409   0.000162692
21200   -3.90411   0.000162838
21300   -3.9041   0.000162455
21400   -3.9041   0.000161702
21500   -3.9041   0.000160975
21600   -3.90408   0.000160704
21700   -3.90406   0.000161481
21800   -3.90405   0.000160906
21900   -3.90406   0.000160206
22000   -3.90405   0.000159705
22100   -3.90404   0.000159089
22200   -3.90404   0.000158403
22300   -3.90404   0.000157711
22400   -3.90404   0.000157014
22500   -3.90404   0.000156317
22600   -3.90404   0.000155626
22700   -3.90403   0.000155031
22800   -3.90402   0.000154708
22900   -3.90402   0.000154176
23000   -3.904   0.00015457
23100   -3.90397   0.000156036
23200   -3.90395   0.000156743
23300   -3.90394   0.000156517
23400   -3.90392   0.000156646
23500   -3.90391   0.00015649
23600   -3.90391   0.000155836
23700   -3.9039   0.000155416
23800   -3.90391   0.000154831
23900   -3.90391   0.000154275
24000   -3.9039   0.000154046
24100   -3.9039   0.000153501
24200   -3.9039   0.000152883
24300   -3.9039   0.000152297
24400   -3.9039   0.000151674
24500   -3.9039   0.000151107
24600   -3.90391   0.000150575
24700   -3.90391   0.000150106
24800   -3.90392   0.000149586
24900   -3.90392   0.000148986
25000   -3.90391   0.000148469
25100   -3.90393   0.000148363
25200   -3.90393   0.000147877
25300   -3.90394   0.000147339
25400   -3.90394   0.000146768
25500   -3.90395   0.000146423
25600   -3.90394   0.000145892
25700   -3.90394   0.00014533
25800   -3.90394   0.000144768
25900   -3.90393   0.000144589
26000   -3.90392   0.000144718
26100   -3.90391   0.00014436
26200   -3.90392   0.00014397
26300   -3.90391   0.000143476
26400   -3.90392   0.000142934
26500   -3.90393   0.000143482
26600   -3.90395   0.000143967
26700   -3.90396   0.000143549
26800   -3.90396   0.000143015
26900   -3.90395   0.000142507
27000   -3.90395   0.000141999
27100   -3.90394   0.000142214
27200   -3.90393   0.000141771
27300   -3.90392   0.000141578
27400   -3.90393   0.000141116
27500   -3.90392   0.000140725
27600   -3.90393   0.00014046
27700   -3.90392   0.000140229
27800   -3.90391   0.00014041
27900   -3.9039   0.000140293
28000   -3.90388   0.000140778
28100   -3.90386   0.000141336
28200   -3.90386   0.000140951
28300   -3.90385   0.000140522
28400   -3.90385   0.000140031
28500   -3.90385   0.000139568
28600   -3.90386   0.000139223
28700   -3.90387   0.000139019
28800   -3.90387   0.000138721
28900   -3.90387   0.000138365
29000   -3.90385   0.000138445
29100   -3.90384   0.000138394
29200   -3.90383   0.000138335
29300   -3.90382   0.000138093
29400   -3.90382   0.000137847
29500   -3.90381   0.000137711
29600   -3.9038   0.0001374
29700   -3.90379   0.000137133
29800   -3.9038   0.000136702
29900   -3.90381   0.000136623
30000   -3.90381   0.000136171
30100   -3.90382   0.000136113
30200   -3.90382   0.000135775
30300   -3.90382   0.00013536
30400   -3.9038   0.000136037
30500   -3.90379   0.000135868
30600   -3.90378   0.000135751
30700   -3.90376   0.000136953
30800   -3.90376   0.000136682
30900   -3.90376   0.000136304
31000   -3.90377   0.00013654
31100   -3.90378   0.000136217
31200   -3.90379   0.000135889
31300   -3.90379   0.000135568
31400   -3.9038   0.000135315
31500   -3.90381   0.000135185
31600   -3.90382   0.000135376
31700   -3.90383   0.000135291
31800   -3.90383   0.000134973
31900   -3.90383   0.000134557
32000   -3.90382   0.000134452
32100   -3.90382   0.000134064
32200   -3.90382   0.000133651
32300   -3.90382   0.000133251
32400   -3.90382   0.000132882
32500   -3.90382   0.000132491
32600   -3.90382   0.00013213
32700   -3.90382   0.000131844
32800   -3.90382   0.000131445
32900   -3.90382   0.000131086
33000   -3.90382   0.000130733
33100   -3.90382   0.000130363
33200   -3.90382   0.000129973
33300   -3.90381   0.000129629
33400   -3.90381   0.000129251
33500   -3.90381   0.000128934
33600   -3.90381   0.00012855
33700   -3.9038   0.000128292
33800   -3.9038   0.000127979
33900   -3.90379   0.00012775
34000   -3.90379   0.000127377
34100   -3.9038   0.000127615
34200   -3.90381   0.000127496
34300   -3.90381   0.0001272
34400   -3.90383   0.000127226
34500   -3.90383   0.000127032
34600   -3.90384   0.000127028
34700   -3.90385   0.000126871
34800   -3.90386   0.000126815
34900   -3.90386   0.000126451
35000   -3.90387   0.000126386
35100   -3.90387   0.000126251
35200   -3.90388   0.000125931
35300   -3.90388   0.00012562
35400   -3.90388   0.000125284
35500   -3.90388   0.000124943
35600   -3.90388   0.000124597
35700   -3.90387   0.000124277
35800   -3.90387   0.000123941
35900   -3.90386   0.000123802
36000   -3.90385   0.000123839
36100   -3.90384   0.000123977
36200   -3.90383   0.000124114
36300   -3.90382   0.000124588
36400   -3.90381   0.000124319
36500   -3.90381   0.000123981
36600   -3.90381   0.000123671
36700   -3.90382   0.000123463
36800   -3.90381   0.000123198
36900   -3.90381   0.000122936
37000   -3.90381   0.000122655
37100   -3.90381   0.000122405
37200   -3.9038   0.000122112
37300   -3.90379   0.000122388
37400   -3.90378   0.000122478
37500   -3.90378   0.000122261
37600   -3.90378   0.000121949
37700   -3.90378   0.000121641
37800   -3.90378   0.000121397
37900   -3.90378   0.000121208
38000   -3.90378   0.000120896
38100   -3.90379   0.000120793
38200   -3.90379   0.000120516
38300   -3.9038   0.000120218
38400   -3.9038   0.000120111
38500   -3.90381   0.000120034
38600   -3.90382   0.000120142
38700   -3.90382   0.000119883
38800   -3.90383   0.000119835
38900   -3.90384   0.000119611
39000   -3.90384   0.000119355
39100   -3.90384   0.000119113
39200   -3.90385   0.00011885
39300   -3.90385   0.000118692
39400   -3.90385   0.000118398
39500   -3.90386   0.000118496
39600   -3.90387   0.000118481
39700   -3.90387   0.000118184
39800   -3.90387   0.00011789
39900   -3.90387   0.000117812
40000   -3.90386   0.000117636
40100   -3.90386   0.0001174
40200   -3.90385   0.000117175
40300   -3.90385   0.000116909
40400   -3.90385   0.000116653
40500   -3.90384   0.00011641
40600   -3.90384   0.000116156
40700   -3.90384   0.000115877
40800   -3.90385   0.000115606
40900   -3.90384   0.000115337
41000   -3.90384   0.000115229
41100   -3.90383   0.000115113
41200   -3.90383   0.000114975
41300   -3.90382   0.000114752
41400   -3.90381   0.000115007
41500   -3.9038   0.000115735
41600   -3.90378   0.000116153
41700   -3.90377   0.000116408
41800   -3.90377   0.000116274
41900   -3.90376   0.000116069
42000   -3.90376   0.0001158
42100   -3.90377   0.000115581
42200   -3.90377   0.000115453
42300   -3.90378   0.000115234
42400   -3.90377   0.000114978
42500   -3.90377   0.000114708
42600   -3.90378   0.000114654
42700   -3.90378   0.000114418
42800   -3.90379   0.000114185
42900   -3.90378   0.000114393
43000   -3.90377   0.000114676
43100   -3.90375   0.000115124
43200   -3.90374   0.000115373
43300   -3.90374   0.000115186
43400   -3.90373   0.000114984
43500   -3.90373   0.000114758
43600   -3.90373   0.000114551
43700   -3.90372   0.00011439
43800   -3.90372   0.000114152
43900   -3.90372   0.000113913
44000   -3.90372   0.000113658
44100   -3.90372   0.000113415
44200   -3.90372   0.000113195
44300   -3.90371   0.000113111
44400   -3.9037   0.000112997
44500   -3.9037   0.000113066
44600   -3.90369   0.000112866
44700   -3.90369   0.000112619
44800   -3.90369   0.000112494
44900   -3.90368   0.000112382
45000   -3.90368   0.00011232
45100   -3.90367   0.000112443
45200   -3.90366   0.000112517
45300   -3.90365   0.000112461
45400   -3.90364   0.000112703
45500   -3.90363   0.000112982
45600   -3.90362   0.00011299
45700   -3.90362   0.000112766
45800   -3.90362   0.000112552
45900   -3.90362   0.000112371
46000   -3.90363   0.00011232
46100   -3.90363   0.000112126
46200   -3.90363   0.000111889
46300   -3.90363   0.00011166
46400   -3.90362   0.000111528
46500   -3.90362   0.000111496
46600   -3.90362   0.000111258
46700   -3.90362   0.00011102
46800   -3.90362   0.000110805
46900   -3.90361   0.0001106
47000   -3.90361   0.000110395
47100   -3.90361   0.000110161
47200   -3.90361   0.000109938
47300   -3.90361   0.000109706
47400   -3.90361   0.000109478
47500   -3.90361   0.000109286
47600   -3.90361   0.00010915
47700   -3.9036   0.000109235
47800   -3.90359   0.00010908
47900   -3.90359   0.000108857
48000   -3.90359   0.000108635
48100   -3.90359   0.00010845
48200   -3.90359   0.000108261
48300   -3.90358   0.000108053
48400   -3.90358   0.00010783
48500   -3.90358   0.000107608
48600   -3.90358   0.000107404
48700   -3.90358   0.000107227
48800   -3.90357   0.000107082
48900   -3.90358   0.000106884
49000   -3.90358   0.000106692
49100   -3.90358   0.000106484
49200   -3.90358   0.000106436
49300   -3.90359   0.000106402
49400   -3.90359   0.000106206
49500   -3.90359   0.000105992
49600   -3.90359   0.000105781
49700   -3.90359   0.00010557
49800   -3.90359   0.000105367
49900   -3.90359   0.000105252
50000   -3.90358   0.000105153
