0.0128248 0 0
0.0384745 0 0
0.0641241 0 0
0.0897737 0 0
0.115423 0 0
0.141073 0 0
0.166723 0 0
0.192372 0 0
0.218022 0 0
0.243672 0 0
0.269321 0 0
0.294971 0 0
0.32062 0 0
0.34627 0 0
0.37192 0 0
0.397569 0 0
0.423219 0 0
0.448869 0 0
0.474518 0 0
0.500168 0 0
0.525818 0 0
0.551467 0 0
0.577117 0 0
0.602767 0 0
0.628416 0 0
0.654066 0 0
0.679715 0 0
0.705365 0 0
0.731015 0 0
0.756664 0 0
0.782314 0 0
0.807964 0 0
0.833613 0 0
0.859263 0 0
0.884913 5.50231e-05 2.88951e-05
0.910562 0.00287551 0.000295441
0.936212 0.0387371 0.00100812
0.961861 0.185497 0.00215624
0.987511 0.488634 0.00362172
1.01316 0.850159 0.00470164
1.03881 1.16772 0.00538481
1.06446 1.33403 0.00603258
1.09011 1.35557 0.00572015
1.11576 1.27848 0.00519446
1.14141 1.17426 0.00503316
1.16706 1.03501 0.00483198
1.19271 0.918805 0.00473526
1.21836 0.798185 0.00432584
1.24401 0.71386 0.00391033
1.26966 0.62422 0.00380439
1.29531 0.562776 0.00346468
1.32096 0.508826 0.00329159
1.34661 0.469394 0.00290139
1.37226 0.431733 0.00279791
1.39791 0.408392 0.0026671
1.42355 0.386522 0.00264084
1.4492 0.359266 0.00229489
1.47485 0.341541 0.00229031
1.5005 0.33101 0.00233143
1.52615 0.327365 0.00239933
1.5518 0.322591 0.00226907
1.57745 0.32214 0.00211998
1.6031 0.322586 0.00206377
1.62875 0.333627 0.00220874
1.6544 0.339649 0.00200941
1.68005 0.354558 0.00209756
1.7057 0.366339 0.00197836
1.73135 0.38131 0.00198712
1.757 0.399245 0.002069
1.78265 0.418729 0.00207452
1.8083 0.441767 0.00204865
1.83395 0.465626 0.00210991
1.8596 0.487412 0.00213002
1.88525 0.514393 0.00217421
1.9109 0.529497 0.00214834
1.93655 0.551895 0.0021011
1.9622 0.570784 0.00233766
1.98785 0.585968 0.00221494
2.0135 0.602325 0.00220147
2.03915 0.610109 0.00228614
2.0648 0.615764 0.00222549
2.09045 0.622811 0.00217096
2.1161 0.616811 0.00207407
2.14174 0.610542 0.00217975
2.16739 0.598469 0.00206987
2.19304 0.587071 0.00214819
2.21869 0.572093 0.00196102
2.24434 0.553149 0.00203622
2.26999 0.537097 0.0018424
2.29564 0.519049 0.00185303
2.32129 0.503721 0.00180317
2.34694 0.488091 0.00180066
2.37259 0.476326 0.00171206
2.39824 0.466527 0.00162249
2.42389 0.45623 0.00156717
2.44954 0.446791 0.00161321
2.47519 0.442603 0.00154106
2.50084 0.440638 0.00151953
2.52649 0.438765 0.00166643
2.55214 0.435101 0.00151603
