100   1.35582   0
200   1.3276   0.0199554
300   1.33136   0.0136543
400   1.3528   0.0212006
500   1.34927   0.0172506
600   1.3359   0.0188579
700   1.33216   0.016531
800   1.3269   0.0152794
900   1.32705   0.0135825
1000   1.332   0.0130946
1100   1.32592   0.0132412
1200   1.32043   0.0132247
1300   1.32185   0.0122837
1400   1.31681   0.0123968
1500   1.31808   0.011635
1600   1.32922   0.0153386
1700   1.32894   0.0144389
1800   1.3268   0.013794
1900   1.32791   0.0131123
2000   1.32359   0.0131495
2100   1.32897   0.0135786
2200   1.33473   0.0141336
2300   1.33306   0.0136181
2400   1.3303   0.0133273
2500   1.33035   0.0127943
2600   1.32902   0.0123705
2700   1.33159   0.012176
2800   1.32984   0.0118662
2900   1.3269   0.0118151
3000   1.32714   0.0114237
3100   1.32292   0.011809
3200   1.32328   0.0114455
3300   1.32375   0.0111085
3400   1.32268   0.0108335
3500   1.32262   0.0105241
3600   1.32306   0.010241
3700   1.32236   0.00998833
3800   1.32359   0.0098005
3900   1.32393   0.00955521
4000   1.32191   0.00952657
4100   1.32359   0.00944061
4200   1.32524   0.00935829
4300   1.32402   0.00921985
4400   1.32297   0.00906934
4500   1.32013   0.00930322
4600   1.31911   0.00915651
4700   1.32032   0.00904127
4800   1.32193   0.00899584
4900   1.32135   0.00883096
5000   1.3221   0.0086861
5100   1.32039   0.00868214
5200   1.31754   0.00897073
5300   1.31761   0.00880169
5400   1.31672   0.00868326
5500   1.31766   0.00857627
5600   1.31899   0.00852606
5700   1.32128   0.00867851
5800   1.32083   0.00854057
5900   1.32166   0.00843572
6000   1.32218   0.00831132
6100   1.32193   0.00817904
6200   1.3233   0.00816151
6300   1.32342   0.00803291
6400   1.32345   0.00790743
6500   1.32437   0.00783904
6600   1.32483   0.00773368
6700   1.32442   0.00762876
6800   1.32535   0.00757253
6900   1.32585   0.00747936
7000   1.32575   0.00737325
7100   1.32511   0.00729648
7200   1.32437   0.00723316
7300   1.32435   0.00713408
7400   1.32475   0.00704846
7500   1.32435   0.00696541
7600   1.32294   0.00701656
7700   1.32255   0.00693576
7800   1.32183   0.0068844
7900   1.32103   0.00684417
8000   1.32159   0.00678194
8100   1.32244   0.00675083
8200   1.32159   0.00672129
8300   1.32142   0.00664261
8400   1.32031   0.00665471
8500   1.32068   0.00658649
8600   1.32078   0.00651067
8700   1.32027   0.00645597
8800   1.31953   0.00642482
8900   1.31977   0.00635722
9000   1.31941   0.00629699
9100   1.3198   0.00624007
9200   1.3189   0.00623723
9300   1.31805   0.00622675
9400   1.31872   0.00619631
9500   1.3193   0.00615813
9600   1.31904   0.00609958
9700   1.31911   0.00603706
9800   1.31874   0.00598632
9900   1.31826   0.00594516
10000   1.31847   0.00588926
10100   1.31864   0.00583351
10200   1.31815   0.00579686
10300   1.31841   0.00574631
10400   1.31785   0.00571849
10500   1.31769   0.0056663
10600   1.31688   0.00566961
10700   1.31647   0.00563162
10800   1.31692   0.00559708
10900   1.31703   0.00554691
11000   1.3175   0.00551593
11100   1.31772   0.00547084
11200   1.31817   0.00544073
11300   1.31774   0.00541019
11400   1.31775   0.00536276
11500   1.31823   0.00533684
11600   1.31867   0.00530894
11700   1.31896   0.00527158
11800   1.31925   0.00523473
11900   1.31896   0.00519878
12000   1.31973   0.00521278
12100   1.31911   0.00520654
12200   1.31903   0.0051645
12300   1.31904   0.00512252
12400   1.31841   0.00512004
12500   1.31788   0.00510602
12600   1.31754   0.00507704
12700   1.31733   0.00504145
12800   1.31718   0.00500427
12900   1.31666   0.0049924
13000   1.31624   0.00497096
13100   1.31593   0.00494321
13200   1.31569   0.00491116
13300   1.31534   0.0048872
13400   1.31508   0.00485767
13500   1.31506   0.00482172
13600   1.314   0.00490072
13700   1.31377   0.00487057
13800   1.31416   0.0048511
13900   1.31441   0.00482279
14000   1.31478   0.00480269
14100   1.3157   0.00485482
14200   1.31556   0.00482266
14300   1.31515   0.00480631
14400   1.31458   0.00480604
14500   1.31429   0.00478162
14600   1.31396   0.00476063
14700   1.31373   0.00473355
14800   1.31393   0.00470584
14900   1.31479   0.00475086
15000   1.31593   0.00485423
15100   1.31693   0.00492452
15200   1.31704   0.00489345
15300   1.31752   0.00488414
15400   1.31748   0.00485257
15500   1.3175   0.00482131
15600   1.31749   0.00479041
15700   1.31721   0.00476801
15800   1.31786   0.00478088
15900   1.31864   0.00481467
16000   1.31929   0.00482787
16100   1.31977   0.00482217
16200   1.31983   0.00479274
16300   1.31927   0.00479602
16400   1.31901   0.00477378
16500   1.31872   0.00475345
16600   1.3187   0.00472486
16700   1.31858   0.00469822
16800   1.31857   0.00467026
16900   1.31863   0.004643
17000   1.31912   0.00464164
17100   1.31933   0.00461908
17200   1.31933   0.00459223
17300   1.31921   0.00456734
17400   1.31838   0.00461575
17500   1.31775   0.00463207
17600   1.31761   0.00460792
17700   1.31783   0.0045871
17800   1.31753   0.00457122
17900   1.31723   0.00455553
18000   1.31702   0.00453481
18100   1.31699   0.00450992
18200   1.31727   0.00449409
18300   1.31708   0.0044737
18400   1.31699   0.00445022
18500   1.31683   0.00442889
18600   1.31615   0.00445769
18700   1.31611   0.004434
18800   1.31598   0.00441245
18900   1.31585   0.00439104
19000   1.31577   0.00436855
19100   1.31559   0.00434946
19200   1.31536   0.00433319
19300   1.31562   0.00431858
19400   1.31609   0.0043222
19500   1.31645   0.00431513
19600   1.31649   0.00429326
19700   1.31661   0.00427329
19800   1.31661   0.00425172
19900   1.3167   0.00423129
20000   1.31691   0.00421568
20100   1.31721   0.004205
20200   1.31753   0.00419687
20300   1.31738   0.00417905
20400   1.31737   0.00415857
20500   1.3169   0.00416476
20600   1.31694   0.00414473
20700   1.31668   0.00413278
20800   1.31717   0.00414148
20900   1.31737   0.00412637
21000   1.31761   0.00411345
21100   1.31754   0.00409442
21200   1.31759   0.00407537
21300   1.31737   0.00406229
21400   1.31704   0.00405689
21500   1.31677   0.00404662
21600   1.31703   0.00403592
21700   1.31695   0.00401807
21800   1.31677   0.00400344
21900   1.31647   0.00399672
22000   1.31638   0.00397956
22100   1.31619   0.00396617
22200   1.3162   0.00394832
22300   1.31607   0.00393288
22400   1.31615   0.00391623
22500   1.31633   0.00390308
22600   1.31647   0.00388823
22700   1.31659   0.0038729
22800   1.31667   0.00385679
22900   1.31682   0.00384282
23000   1.31699   0.00382985
23100   1.31666   0.00382782
23200   1.31626   0.00383231
23300   1.31572   0.0038531
23400   1.31595   0.00384329
23500   1.31575   0.00383181
23600   1.3159   0.00381837
23700   1.31579   0.00380376
23800   1.31575   0.00378803
23900   1.31595   0.00377761
24000   1.31576   0.0037667
24100   1.31531   0.00377801
24200   1.31519   0.00376428
24300   1.31555   0.00376591
24400   1.31539   0.0037536
24500   1.31517   0.00374478
24600   1.31484   0.00374469
24700   1.31473   0.00373119
24800   1.31518   0.00374337
24900   1.31555   0.00374703
25000   1.31571   0.00373541
25100   1.3155   0.00372622
25200   1.31551   0.00371145
25300   1.31523   0.00370788
25400   1.31508   0.00369614
25500   1.31519   0.00368313
25600   1.31548   0.00368016
25700   1.31554   0.00366648
25800   1.31577   0.00365923
25900   1.31586   0.00364611
26000   1.3153   0.00367495
26100   1.31496   0.00367587
26200   1.31492   0.00366209
26300   1.31517   0.00365647
26400   1.31474   0.00366778
26500   1.31487   0.00365639
26600   1.31514   0.00365245
26700   1.31524   0.00364009
26800   1.31522   0.00362657
26900   1.31509   0.00361533
27000   1.31501   0.00360284
27100   1.31504   0.00358964
27200   1.31499   0.00357671
27300   1.31495   0.00356381
27400   1.31525   0.00356322
27500   1.31534   0.00355137
27600   1.31526   0.00353938
27700   1.31522   0.00352687
27800   1.31529   0.00351494
27900   1.31522   0.00350311
28000   1.31518   0.0034908
28100   1.31512   0.00347884
28200   1.31535   0.00347389
28300   1.3155   0.00346478
28400   1.31558   0.00345358
28500   1.31567   0.00344272
28600   1.31566   0.0034307
28700   1.31563   0.00341892
28800   1.31568   0.00340735
28900   1.31584   0.00339954
29000   1.31588   0.00338807
29100   1.31575   0.00337904
29200   1.31566   0.00336855
29300   1.3158   0.00335973
29400   1.31594   0.00335135
29500   1.31561   0.00335633
29600   1.31556   0.00334542
29700   1.31565   0.00333548
29800   1.31562   0.00332444
29900   1.31576   0.00331654
30000   1.31586   0.0033069
30100   1.31572   0.00329896
30200   1.31568   0.00328829
30300   1.31577   0.00327859
30400   1.31563   0.00327065
30500   1.31531   0.00327597
30600   1.31564   0.00328189
30700   1.31585   0.00327812
30800   1.31548   0.00328867
30900   1.31568   0.00328466
31000   1.31599   0.00328855
31100   1.31649   0.00331532
31200   1.31672   0.00331234
31300   1.31678   0.00330249
31400   1.31686   0.00329273
31500   1.31677   0.00328337
31600   1.31685   0.00327384
31700   1.31688   0.0032637
31800   1.31717   0.00326602
31900   1.31742   0.00326519
32000   1.3173   0.00325708
32100   1.31708   0.00325415
32200   1.31713   0.00324446
32300   1.31731   0.00323921
32400   1.31735   0.00322942
32500   1.31769   0.00323771
32600   1.31779   0.00322919
32700   1.3179   0.00322151
32800   1.31777   0.0032146
32900   1.31782   0.00320527
33000   1.31773   0.00319681
33100   1.31771   0.00318719
33200   1.31775   0.00317776
33300   1.31763   0.00317047
33400   1.31768   0.00316139
33500   1.31768   0.00315195
33600   1.31765   0.00314268
33700   1.31744   0.00314011
33800   1.31751   0.00313141
33900   1.31757   0.00312275
34000   1.31728   0.00312703
34100   1.31704   0.00312681
34200   1.31726   0.00312554
34300   1.3173   0.00311673
34400   1.31755   0.00311713
34500   1.3179   0.00312764
34600   1.31809   0.00312453
34700   1.31804   0.00311594
34800   1.31834   0.00312177
34900   1.31867   0.00312945
35000   1.3188   0.00312345
35100   1.31905   0.00312434
35200   1.31908   0.00311557
35300   1.319   0.00310756
35400   1.31905   0.00309906
35500   1.31875   0.00310476
35600   1.31839   0.00311613
35700   1.3179   0.00314596
35800   1.31776   0.00314028
35900   1.31787   0.00313353
36000   1.31787   0.00312483
36100   1.31811   0.00312541
36200   1.31818   0.00311743
36300   1.31807   0.00311053
36400   1.3179   0.00310673
36500   1.31784   0.00309888
36600   1.31769   0.00309404
36700   1.31752   0.00309005
36800   1.31756   0.00308195
36900   1.31722   0.00309225
37000   1.31712   0.00308563
37100   1.31693   0.00308328
37200   1.31668   0.00308525
37300   1.31654   0.00308019
37400   1.31627   0.00308361
37500   1.31612   0.00307912
37600   1.31617   0.00307145
37700   1.31616   0.00306333
37800   1.31599   0.00305968
37900   1.31589   0.00305324
38000   1.31577   0.00304781
38100   1.31555   0.00304787
38200   1.31545   0.00304143
38300   1.31525   0.00304023
38400   1.31513   0.00303466
38500   1.3151   0.00302689
38600   1.31515   0.00301943
38700   1.31525   0.00301337
38800   1.31522   0.0030058
38900   1.31536   0.00300164
39000   1.31543   0.00299476
39100   1.31562   0.00299275
39200   1.3157   0.00298632
39300   1.31576   0.00297932
39400   1.31582   0.00297242
39500   1.31581   0.00296491
39600   1.316   0.00296318
39700   1.31619   0.00296201
39800   1.31632   0.00295737
39900   1.31647   0.00295377
40000   1.31645   0.00294646
40100   1.31638   0.00293992
40200   1.31632   0.0029333
40300   1.31628   0.00292623
40400   1.3165   0.0029268
40500   1.31664   0.00292287
40600   1.31674   0.00291748
40700   1.31666   0.00291141
40800   1.31672   0.00290492
40900   1.31673   0.00289784
41000   1.3166   0.00289378
41100   1.31638   0.00289516
41200   1.31612   0.00289978
41300   1.31613   0.00289277
41400   1.31618   0.00288622
41500   1.31621   0.00287951
41600   1.31599   0.00288155
41700   1.31577   0.00288291
41800   1.31577   0.00287602
41900   1.31576   0.00286918
42000   1.31576   0.00286235
42100   1.31559   0.00286059
42200   1.3154   0.00286006
42300   1.31531   0.0028547
42400   1.31532   0.00284798
42500   1.31523   0.00284282
42600   1.31524   0.00283619
42700   1.31536   0.00283185
42800   1.31554   0.00283105
42900   1.31557   0.00282465
43000   1.31544   0.00282118
43100   1.3154   0.00281496
43200   1.31542   0.00280852
43300   1.31537   0.0028025
43400   1.31522   0.00280015
43500   1.31515   0.00279455
43600   1.31525   0.00278987
43700   1.31533   0.00278476
43800   1.3151   0.00278801
43900   1.31484   0.00279319
44000   1.31463   0.00279504
44100   1.3145   0.00279179
44200   1.31444   0.00278599
44300   1.31441   0.00277996
44400   1.31435   0.00277437
44500   1.31423   0.00277047
44600   1.31403   0.00277194
44700   1.3141   0.00276667
44800   1.31406   0.00276076
44900   1.31392   0.00275814
45000   1.31387   0.00275248
45100   1.31396   0.0027479
45200   1.31389   0.0027427
45300   1.3139   0.00273665
45400   1.31408   0.00273662
45500   1.31427   0.0027375
45600   1.31434   0.00273232
45700   1.31441   0.00272731
45800   1.31437   0.00272173
45900   1.31426   0.00271776
46000   1.31429   0.00271196
46100   1.31459   0.00272261
46200   1.31457   0.00271678
46300   1.3145   0.00271191
46400   1.31446   0.00270625
46500   1.31442   0.00270084
46600   1.31423   0.0027016
46700   1.31433   0.00269766
46800   1.31433   0.00269189
46900   1.31442   0.00268765
47000   1.31453   0.00268429
47100   1.31462   0.00268
47200   1.31469   0.00267544
47300   1.3145   0.00267653
47400   1.31443   0.00267202
47500   1.31431   0.00266905
47600   1.31419   0.00266596
47700   1.31405   0.00266389
47800   1.31392   0.00266152
47900   1.31403   0.00265804
48000   1.31415   0.0026551
48100   1.31417   0.00264968
48200   1.31424   0.00264515
48300   1.31409   0.00264403
48400   1.31401   0.00263979
48500   1.31399   0.00263442
48600   1.314   0.00262903
48700   1.31393   0.0026245
48800   1.3138   0.0026226
48900   1.31363   0.00262261
49000   1.31368   0.0026177
49100   1.31361   0.00261322
49200   1.31363   0.00260801
49300   1.31365   0.00260275
49400   1.31365   0.00259748
49500   1.31373   0.00259344
49600   1.31377   0.0025885
49700   1.31355   0.00259206
49800   1.31352   0.00258713
49900   1.31356   0.00258237
50000   1.31356   0.00257721
