100   0.903878   0
200   0.885064   0.0133036
300   0.887574   0.00910289
400   0.901864   0.0141337
500   0.899516   0.0115004
600   0.890603   0.0125719
700   0.888108   0.0110206
800   0.884599   0.0101863
900   0.884699   0.00905497
1000   0.887997   0.00872971
1100   0.883943   0.00882744
1200   0.880287   0.0088165
1300   0.881235   0.0081891
1400   0.877876   0.00826452
1500   0.878721   0.00775666
1600   0.886146   0.0102257
1700   0.88596   0.00962591
1800   0.884535   0.00919602
1900   0.885272   0.00874151
2000   0.882391   0.00876633
2100   0.885977   0.00905238
2200   0.889822   0.00942243
2300   0.888705   0.00907872
2400   0.886866   0.0088849
2500   0.886897   0.00852956
2600   0.886014   0.00824702
2700   0.887726   0.00811732
2800   0.88656   0.00791078
2900   0.884601   0.00787677
3000   0.884758   0.00761577
3100   0.881945   0.00787265
3200   0.882186   0.00763034
3300   0.882503   0.00740569
3400   0.881787   0.00722234
3500   0.881748   0.0070161
3600   0.882042   0.00682736
3700   0.881574   0.00665889
3800   0.882392   0.00653367
3900   0.88262   0.00637014
4000   0.881276   0.00635105
4100   0.882394   0.00629374
4200   0.883492   0.00623886
4300   0.882678   0.00614657
4400   0.881982   0.00604623
4500   0.880085   0.00620214
4600   0.879407   0.00610434
4700   0.880213   0.00602751
4800   0.881289   0.00599722
4900   0.880902   0.00588731
5000   0.881402   0.00579073
5100   0.880263   0.00578809
5200   0.878363   0.00598049
5300   0.878405   0.00586779
5400   0.877813   0.00578884
5500   0.878441   0.00571751
5600   0.87933   0.00568404
5700   0.880856   0.00578567
5800   0.880556   0.00569371
5900   0.881107   0.00562381
6000   0.881456   0.00554088
6100   0.881284   0.00545269
6200   0.8822   0.00544101
6300   0.882282   0.00535527
6400   0.882299   0.00527162
6500   0.882912   0.00522603
6600   0.883218   0.00515579
6700   0.882949   0.00508584
6800   0.883566   0.00504836
6900   0.8839   0.00498624
7000   0.88383   0.0049155
7100   0.883408   0.00486432
7200   0.882911   0.0048221
7300   0.882902   0.00475606
7400   0.883164   0.00469898
7500   0.882902   0.00464361
7600   0.881957   0.0046777
7700   0.881703   0.00462384
7800   0.881221   0.0045896
7900   0.880685   0.00456278
8000   0.881062   0.0045213
8100   0.881626   0.00450055
8200   0.881062   0.00448086
8300   0.880945   0.00442841
8400   0.880208   0.00443648
8500   0.880452   0.00439099
8600   0.88052   0.00434045
8700   0.880178   0.00430398
8800   0.879685   0.00428321
8900   0.879847   0.00423815
9000   0.879604   0.004198
9100   0.879866   0.00416005
9200   0.879264   0.00415815
9300   0.878703   0.00415117
9400   0.879149   0.00413087
9500   0.879535   0.00410542
9600   0.87936   0.00406639
9700   0.879405   0.00402471
9800   0.879163   0.00399088
9900   0.878842   0.00396344
10000   0.878979   0.00392617
10100   0.879095   0.003889
10200   0.878768   0.00386457
10300   0.87894   0.00383087
10400   0.878565   0.00381233
10500   0.878458   0.00377754
10600   0.877922   0.00377974
10700   0.877647   0.00375441
10800   0.877944   0.00373139
10900   0.87802   0.00369794
11000   0.87833   0.00367729
11100   0.87848   0.00364723
11200   0.878783   0.00362715
11300   0.878491   0.00360679
11400   0.878503   0.00357517
11500   0.878818   0.0035579
11600   0.879111   0.00353929
11700   0.879305   0.00351438
11800   0.879497   0.00348982
11900   0.879303   0.00346585
12000   0.87982   0.00347519
12100   0.879406   0.00347102
12200   0.879351   0.003443
12300   0.879358   0.00341502
12400   0.878937   0.00341336
12500   0.878586   0.00340401
12600   0.878357   0.00338469
12700   0.878217   0.00336096
12800   0.878117   0.00333618
12900   0.877771   0.00332827
13000   0.877496   0.00331398
13100   0.877284   0.00329547
13200   0.87713   0.00327411
13300   0.876892   0.00325813
13400   0.876718   0.00323844
13500   0.876705   0.00321448
13600   0.876   0.00326715
13700   0.875844   0.00324705
13800   0.876106   0.00323406
13900   0.876274   0.0032152
14000   0.876523   0.0032018
14100   0.877132   0.00323655
14200   0.877038   0.00321511
14300   0.876765   0.00320421
14400   0.876389   0.00320403
14500   0.876195   0.00318775
14600   0.875972   0.00317375
14700   0.875822   0.0031557
14800   0.875956   0.00313723
14900   0.876524   0.00316724
15000   0.877285   0.00323615
15100   0.877953   0.00328302
15200   0.878029   0.0032623
15300   0.878344   0.00325609
15400   0.878318   0.00323505
15500   0.878333   0.00321421
15600   0.878329   0.00319361
15700   0.878143   0.00317867
15800   0.878571   0.00318725
15900   0.879094   0.00320978
16000   0.879525   0.00321858
16100   0.879849   0.00321478
16200   0.879887   0.00319516
16300   0.879513   0.00319735
16400   0.87934   0.00318252
16500   0.879149   0.00316897
16600   0.879136   0.0031499
16700   0.879053   0.00313215
16800   0.879046   0.00311351
16900   0.879085   0.00309533
17000   0.879413   0.00309442
17100   0.87955   0.00307938
17200   0.879556   0.00306149
17300   0.879474   0.00304489
17400   0.878921   0.00307717
17500   0.878502   0.00308804
17600   0.878407   0.00307194
17700   0.878553   0.00305807
17800   0.878352   0.00304748
17900   0.878152   0.00303702
18000   0.878016   0.00302321
18100   0.87799   0.00300661
18200   0.87818   0.00299606
18300   0.878051   0.00298247
18400   0.877993   0.00296682
18500   0.877889   0.0029526
18600   0.877433   0.00297179
18700   0.877409   0.002956
18800   0.877319   0.00294164
18900   0.877232   0.00292736
19000   0.877183   0.00291237
19100   0.877061   0.00289964
19200   0.876904   0.0028888
19300   0.877078   0.00287905
19400   0.877394   0.00288147
19500   0.877635   0.00287675
19600   0.877659   0.00286217
19700   0.877742   0.00284886
19800   0.877738   0.00283448
19900   0.877798   0.00282086
20000   0.877942   0.00281045
20100   0.878139   0.00280333
20200   0.878356   0.00279791
20300   0.878253   0.00278603
20400   0.87825   0.00277238
20500   0.877937   0.00277651
20600   0.877963   0.00276315
20700   0.87779   0.00275519
20800   0.878114   0.00276099
20900   0.878246   0.00275092
21000   0.878403   0.0027423
21100   0.878362   0.00272961
21200   0.878393   0.00271691
21300   0.878245   0.00270819
21400   0.878023   0.00270459
21500   0.877847   0.00269775
21600   0.878017   0.00269061
21700   0.877966   0.00267871
21800   0.877849   0.00266896
21900   0.877646   0.00266448
22000   0.877586   0.00265304
22100   0.877459   0.00264411
22200   0.877467   0.00263221
22300   0.877378   0.00262192
22400   0.877434   0.00261082
22500   0.877556   0.00260205
22600   0.877648   0.00259215
22700   0.877727   0.00258193
22800   0.877782   0.0025712
22900   0.877881   0.00256188
23000   0.877994   0.00255323
23100   0.877771   0.00255188
23200   0.877503   0.00255487
23300   0.877146   0.00256873
23400   0.877297   0.00256219
23500   0.877168   0.00255454
23600   0.877266   0.00254558
23700   0.877194   0.00253584
23800   0.877165   0.00252535
23900   0.8773   0.0025184
24000   0.877173   0.00251113
24100   0.876872   0.00251867
24200   0.876792   0.00250952
24300   0.877032   0.00251061
24400   0.87693   0.0025024
24500   0.876782   0.00249652
24600   0.876558   0.00249646
24700   0.876484   0.00248746
24800   0.876785   0.00249558
24900   0.877034   0.00249802
25000   0.87714   0.00249027
25100   0.877003   0.00248415
25200   0.877009   0.0024743
25300   0.876818   0.00247192
25400   0.876721   0.00246409
25500   0.876791   0.00245542
25600   0.876984   0.00245344
25700   0.87703   0.00244432
25800   0.87718   0.00243948
25900   0.877238   0.00243074
26000   0.876864   0.00244997
26100   0.876643   0.00245058
26200   0.876614   0.0024414
26300   0.876778   0.00243764
26400   0.876492   0.00244519
26500   0.876581   0.00243759
26600   0.87676   0.00243497
26700   0.876825   0.00242673
26800   0.876812   0.00241771
26900   0.876727   0.00241022
27000   0.876673   0.00240189
27100   0.87669   0.00239309
27200   0.876661   0.00238448
27300   0.876636   0.00237587
27400   0.876834   0.00237548
27500   0.876894   0.00236758
27600   0.876841   0.00235959
27700   0.876812   0.00235125
27800   0.87686   0.00234329
27900   0.876811   0.00233541
28000   0.876787   0.0023272
28100   0.876748   0.00231923
28200   0.8769   0.00231592
28300   0.876999   0.00230986
28400   0.877054   0.00230238
28500   0.877116   0.00229515
28600   0.87711   0.00228713
28700   0.877087   0.00227928
28800   0.877117   0.00227156
28900   0.877227   0.00226636
29000   0.877255   0.00225872
29100   0.877166   0.00225269
29200   0.877109   0.0022457
29300   0.877199   0.00223982
29400   0.877294   0.00223423
29500   0.877073   0.00223755
29600   0.877037   0.00223028
29700   0.8771   0.00222366
29800   0.877079   0.00221629
29900   0.877177   0.00221103
30000   0.877241   0.0022046
30100   0.877147   0.00219931
30200   0.877119   0.00219219
30300   0.877177   0.00218573
30400   0.877086   0.00218043
30500   0.87687   0.00218398
30600   0.87709   0.00218793
30700   0.877233   0.00218541
30800   0.876984   0.00219245
30900   0.877123   0.00218977
31000   0.877329   0.00219237
31100   0.87766   0.00221022
31200   0.87781   0.00220822
31300   0.877857   0.00220166
31400   0.877904   0.00219515
31500   0.877847   0.00218891
31600   0.877897   0.00218256
31700   0.877921   0.0021758
31800   0.878112   0.00217735
31900   0.878277   0.00217679
32000   0.878199   0.00217138
32100   0.878055   0.00216943
32200   0.878089   0.00216297
32300   0.878207   0.00215947
32400   0.878231   0.00215294
32500   0.87846   0.00215848
32600   0.878524   0.00215279
32700   0.878603   0.00214767
32800   0.878512   0.00214306
32900   0.878547   0.00213685
33000   0.878488   0.0021312
33100   0.878477   0.00212479
33200   0.878499   0.00211851
33300   0.878419   0.00211365
33400   0.878453   0.00210759
33500   0.878451   0.0021013
33600   0.878434   0.00209512
33700   0.878296   0.00209341
33800   0.878337   0.0020876
33900   0.878377   0.00208184
34000   0.878184   0.00208469
34100   0.878026   0.00208454
34200   0.878174   0.00208369
34300   0.878203   0.00207782
34400   0.878365   0.00207809
34500   0.878598   0.00208509
34600   0.878727   0.00208302
34700   0.878693   0.00207729
34800   0.878895   0.00208118
34900   0.87911   0.0020863
35000   0.879201   0.0020823
35100   0.879366   0.00208289
35200   0.879383   0.00207705
35300   0.879336   0.0020717
35400   0.879364   0.00206604
35500   0.879164   0.00206984
35600   0.878929   0.00207742
35700   0.878601   0.00209731
35800   0.878507   0.00209352
35900   0.878582   0.00208902
36000   0.878581   0.00208322
36100   0.878741   0.0020836
36200   0.878784   0.00207828
36300   0.878715   0.00207369
36400   0.878601   0.00207115
36500   0.878558   0.00206592
36600   0.878458   0.00206269
36700   0.878347   0.00206003
36800   0.878376   0.00205463
36900   0.87815   0.0020615
37000   0.87808   0.00205709
37100   0.877952   0.00205552
37200   0.877785   0.00205683
37300   0.877691   0.00205346
37400   0.877512   0.00205574
37500   0.877411   0.00205274
37600   0.877449   0.00204763
37700   0.877439   0.00204222
37800   0.877329   0.00203979
37900   0.877262   0.00203549
38000   0.877178   0.00203187
38100   0.87703   0.00203191
38200   0.876966   0.00202762
38300   0.87683   0.00202682
38400   0.876751   0.0020231
38500   0.876733   0.00201793
38600   0.876765   0.00201295
38700   0.876833   0.00200891
38800   0.876811   0.00200386
38900   0.876908   0.0020011
39000   0.876955   0.0019965
39100   0.877077   0.00199517
39200   0.877134   0.00199088
39300   0.877174   0.00198622
39400   0.877216   0.00198161
39500   0.877209   0.00197661
39600   0.877332   0.00197545
39700   0.877461   0.00197467
39800   0.877547   0.00197158
39900   0.877647   0.00196918
40000   0.877634   0.0019643
40100   0.877587   0.00195995
40200   0.877545   0.00195553
40300   0.877522   0.00195082
40400   0.877664   0.0019512
40500   0.877757   0.00194858
40600   0.877825   0.00194499
40700   0.877772   0.00194094
40800   0.877813   0.00193661
40900   0.877821   0.00193189
41000   0.877733   0.00192919
41100   0.877585   0.0019301
41200   0.877412   0.00193319
41300   0.877417   0.00192851
41400   0.87745   0.00192415
41500   0.877475   0.00191967
41600   0.877324   0.00192103
41700   0.877178   0.00192194
41800   0.877179   0.00191735
41900   0.877172   0.00191278
42000   0.877174   0.00190823
42100   0.877061   0.00190706
42200   0.876935   0.00190671
42300   0.876875   0.00190313
42400   0.876881   0.00189866
42500   0.876819   0.00189521
42600   0.876829   0.00189079
42700   0.876905   0.0018879
42800   0.877026   0.00188737
42900   0.877049   0.0018831
43000   0.87696   0.00188079
43100   0.876932   0.00187664
43200   0.876946   0.00187235
43300   0.876912   0.00186833
43400   0.87681   0.00186677
43500   0.876765   0.00186303
43600   0.87683   0.00185991
43700   0.876886   0.00185651
43800   0.876732   0.00185867
43900   0.876563   0.00186213
44000   0.87642   0.00186336
44100   0.876332   0.00186119
44200   0.876297   0.00185733
44300   0.876271   0.00185331
44400   0.876231   0.00184958
44500   0.876155   0.00184698
44600   0.876017   0.00184796
44700   0.876065   0.00184445
44800   0.876039   0.00184051
44900   0.875946   0.00183876
45000   0.875912   0.00183499
45100   0.875973   0.00183193
45200   0.875927   0.00182846
45300   0.87593   0.00182443
45400   0.876051   0.00182442
45500   0.876181   0.001825
45600   0.876225   0.00182154
45700   0.876274   0.00181821
45800   0.876244   0.00181449
45900   0.876175   0.00181184
46000   0.876191   0.00180798
46100   0.876391   0.00181508
46200   0.876379   0.00181118
46300   0.87633   0.00180794
46400   0.876309   0.00180417
46500   0.876278   0.00180056
46600   0.876152   0.00180106
46700   0.876219   0.00179844
46800   0.876218   0.0017946
46900   0.876278   0.00179176
47000   0.876353   0.00178953
47100   0.876411   0.00178667
47200   0.876463   0.00178363
47300   0.876336   0.00178435
47400   0.876284   0.00178134
47500   0.876204   0.00177937
47600   0.876127   0.0017773
47700   0.876036   0.00177593
47800   0.875949   0.00177434
47900   0.876019   0.00177203
48000   0.876097   0.00177007
48100   0.876112   0.00176645
48200   0.87616   0.00176343
48300   0.876059   0.00176269
48400   0.876005   0.00175986
48500   0.875992   0.00175628
48600   0.876   0.00175269
48700   0.875955   0.00174967
48800   0.875865   0.0017484
48900   0.875753   0.00174841
49000   0.875785   0.00174513
49100   0.875741   0.00174215
49200   0.875756   0.00173867
49300   0.875765   0.00173517
49400   0.875766   0.00173165
49500   0.875819   0.00172896
49600   0.875845   0.00172566
49700   0.875702   0.00172804
49800   0.875678   0.00172475
49900   0.875709   0.00172158
50000   0.875705   0.00171814
