1.38535
1.38024
1.37357
1.36552
1.35686
1.34869
1.34204
1.33752
1.33494
1.33345
1.33171
1.32845
1.32281
1.31459
1.30434
1.29327
1.28298
1.27503
1.27055
1.27003
1.27345
1.28052
1.29094
1.30457
1.32143
1.34133
1.36337
1.38573
1.40595
1.42164
1.43131
1.4348
1.43321
1.42835
1.42211
1.41585
1.41007
1.40455
1.39872
1.39204
1.38419
1.37515
1.36509
1.35423
1.34278
1.33091
1.31875
1.30629
1.29359
1.28085
1.2688
1.25874
1.25232
1.25079
1.25439
1.26211
1.2721
1.28234
1.2912
1.29775
1.30182
1.30382
1.30469
1.30551
1.30708
1.30964
1.31279
1.31578
1.31779
1.31818
1.31644
1.31224
1.30566
1.29729
1.28834
1.28038
1.2749
1.27279
1.27413
1.27841
1.28484
1.29274
1.30174
1.31166
1.32232
1.33343
1.34449
1.35492
1.3642
1.37206
1.37861
1.38406
1.38852
1.39166
1.39262
1.39018
1.38313
1.37079
1.3534
1.33232
1.30986
1.28884
1.27188
1.26059
1.25507
1.25389
1.25467
1.25496
1.25302
1.24823
1.24134
1.23428
1.2297
1.23012
1.23697
1.24999
1.26736
1.28644
1.30466
1.3202
1.33222
1.34068
1.34598
1.3486
1.3489
1.34705
1.34305
1.33684
1.32831
1.31752
1.30481
1.2908
1.2763
1.26213
1.24893
1.23719
1.22753
1.2211
1.21959
1.22467
1.23698
1.2555
1.27784
1.30136
1.32425
1.34618
1.3681
1.39122
1.41587
1.44102
1.46463
1.48464
1.49979
1.50975
1.5148
1.51529
1.51132
1.5027
1.4892
1.47072
1.44759
1.42054
1.39076
1.35976
1.32926
1.30086
1.2758
1.25483
1.23842
1.22702
1.22128
1.222
1.22986
1.24495
1.26642
1.29242
1.32039
1.34749
1.37102
1.38882
1.39945
1.40235
1.3977
1.38628
1.36939
1.34871
1.32612
1.30338
1.28197
1.26276
1.24627
1.23294
1.22341
1.21845
1.2186
1.22395
1.23436
1.24982
1.27053
1.29648
1.32678
1.35939
1.39152
1.42048
1.44449
1.46303
1.47676
1.48699
1.49487
1.50091
1.50477
1.5056
1.50249
1.49469
1.48188
1.4641
1.44187
1.41604
1.38795
1.35933
1.33236
1.30926
1.29197
1.28166
1.27841
1.28108
1.28752
1.29508
1.30111
1.30355
1.30128
1.29438
1.28409
1.27249
1.26173
1.25322
1.24771
1.24593
1.24908
1.25835
1.27396
1.29432
1.31626
1.33616
1.35115
1.35954
1.36072
1.35479
1.34249
1.32529
1.30557
1.28663
1.27214
1.26511
1.26697
1.27716
1.29343
1.31263
1.33161
1.34806
1.36101
1.37097
1.37945
1.38802
1.3975
1.40745
1.41639
1.42231
1.42317
1.41729
1.4036
1.38186
1.35298
1.31921
1.28412
1.25183
1.22598
1.20858
1.19973
1.1981
1.20171
1.20876
1.21789
1.22829
1.23944
1.25078
1.26149
1.27084
1.27905
1.28807
1.30077
1.31831
1.33816
1.3554
1.3657
1.3667
1.35788
1.33986
1.31409
1.28274
1.24873
1.21562
1.18727
1.16736
1.15842
1.16101
1.17358
1.19326
1.21674
1.24111
1.2642
1.28475
1.30253
1.31804
1.33223
1.34579
1.35888
1.37091
1.38075
1.38713
1.38912
1.38637
1.37909
1.36785
1.35336
1.33647
1.31833
1.30056
1.28504
1.2733
1.26609
1.26326
1.26418
1.2683
1.2753
1.28485
1.29623
1.30814
1.31897
1.32738
1.33268
1.33478
1.3339
1.33041
1.32476
1.31767
1.31053
1.30553
1.30515
1.31088
1.32228
1.33684
1.35077
1.36032
1.36285
1.35753
1.34559
1.33002
1.31488
1.30388
1.29883
1.29883
1.30098
1.3023
1.3011
1.29752
1.29316
1.29035
1.29112
1.29646
1.30607
1.31902
1.33434
1.35117
1.36852
1.38491
1.39854
1.40771
1.41113
1.40827
1.39945
1.38586
1.36941
1.35232
1.33652
1.32323
1.31274
1.30441
1.29695
1.28877
1.27849
1.26554
1.25075
1.23635
1.22529
1.22007
1.22182
1.23012
1.24362
1.26097
1.28135
1.30444
1.32983
1.35664
1.38365
1.40966
1.43366
1.4546
1.47113
1.48162
1.48459
1.47915
1.46526
1.44388
1.41666
1.38577
1.35378
1.32344
1.29735
1.27752
1.26486
1.25911
1.25904
1.26288
1.26876
1.27504
1.28048
1.28429
1.28631
1.28694
1.28695
1.28705
1.28753
1.28803
1.28765
1.28529
1.28006
1.27156
1.26
1.24622
1.23139
1.21687
1.20388
1.19337
1.18588
1.18156
1.18024
1.18151
1.18488
1.19007
1.19727
1.20714
1.22044
1.23756
1.25805
1.28066
1.3037
1.32536
1.34405
1.35872
1.36897
1.37504
1.37766
1.37791
1.37687
1.37553
1.37472
1.37512
1.37712
1.3808
1.38592
1.39195
1.39813
1.40361
1.40749
1.40894
1.40726
1.40197
1.39283
1.37987
1.36345
1.34422
1.32326
1.30211
1.28279
1.26748
1.25818
1.25626
1.2621
1.27502
1.29336
1.31478
1.33676
1.35686
1.37315
1.38426
1.38943
1.38849
1.38169
1.3696
1.35288
1.33201
1.30732
1.27927
1.24899
1.21824
1.18901
1.16263
1.13956
1.11992
1.10462
1.096
1.09717
1.11025
1.13476
1.16753
1.20395
1.23961
1.27124
1.29688
1.31579
1.32816
1.33482
1.33694
1.33558
1.33129
1.32407
1.31377
1.30091
1.28714
1.27499
1.26666
1.26286
1.26255
1.26397
1.26574
1.26765
1.2706
1.27616
1.28597
1.30086
1.32022
1.342
1.36321
1.38095
1.39324
1.39941
1.39992
1.39599
1.38922
1.38142
1.3744
1.36982
1.36895
1.37253
1.38074
1.39321
1.40909
1.42713
1.44571
1.46291
1.47681
1.48565
1.48794
1.48274
1.46968
1.44931
1.42316
1.3936
1.36333
1.33496
1.31058
1.29166
1.279
1.27271
1.27245
1.27781
1.28828
1.30309
1.32096
1.34003
1.35824
1.37357
1.38427
1.38918
1.38803
1.38162
1.37163
1.36016
1.34926
1.34071
1.33602
1.33618
1.34111
1.3493
1.35831
1.36558
1.36937
1.36905
1.36482
1.35697
1.34545
1.33026
1.31238
1.29446
1.28025
1.27324
1.27553
1.28771
1.30893
1.33665
1.36692
1.3954
1.41851
1.43405
1.44112
1.43968
1.4303
1.41423
1.39352
1.37086
1.34919
1.33121
1.31894
1.31331
1.31383
1.31882
1.32585
1.33249
1.33677
1.33751
1.33457
1.32886
1.32215
1.31658
1.31395
1.31514
1.31984
1.32682
1.33458
1.34198
1.34861
1.35488
1.36179
1.37064
1.38225
1.39645
1.41187
1.4263
1.4373
1.44275
1.44108
1.43131
1.41315
1.38694
1.35411
1.31736
1.28088
1.24984
1.22903
1.22113
1.22593
1.24078
1.26198
1.28593
1.30991
1.3322
1.35178
1.36804
1.38043
1.38852
1.39224
1.39222
1.38976
1.38656
1.38402
1.38295
1.38351
1.38552
1.38845
1.3913
1.39269
1.39137
1.38658
1.37801
1.36571
1.35009
1.33217
1.31381
1.29763
1.28631
1.28189
1.28521
1.29558
1.31081
1.32752
1.34212
1.35161
1.35422
1.34961
1.3386
1.32286
1.30454
1.28611
1.27002
1.25848
1.25281
1.253
1.25761
1.26433
1.27078
1.27518
1.27672
1.27561
1.27278
1.26952
1.2671
1.26646
1.26804
1.27195
1.27812
1.28654
1.29712
1.30933
1.32202
1.3338
1.34345
1.35043
1.35503
1.35818
1.36079
1.36308
1.36447
1.36405
1.36126
1.35631
1.35005
1.34358
1.33769
1.33266
1.32828
1.32406
1.31939
1.31364
1.30628
1.29704
1.28587
1.27313
1.25947
1.24586
1.23337
1.22293
1.21504
1.20968
1.20659
1.20565
1.2072
1.21199
1.22061
1.23299
1.2482
1.26478
1.28112
1.29561
1.30691
1.31387
1.31575
1.31237
1.30437
1.29318
1.28091
1.26985
1.26194
1.25826
1.25867
1.26192
1.26601
1.26892
1.26913
1.26614
1.26054
1.2538
1.24782
1.24429
1.24423
1.24785
1.25473
1.26422
1.27578
1.28904
1.30365
1.31904
1.33452
1.34947
1.36356
1.37671
1.38892
1.40003
1.40964
1.41715
1.42195
1.42354
1.42159
1.41607
1.40722
1.39541
1.38106
1.36438
1.34552
1.32477
1.30302
1.28175
1.26263
1.24704
1.23589
1.22978
1.22923
1.2346
1.24563
1.26112
1.27896
1.29668
1.31188
1.32279
1.32831
1.32794
1.32168
1.31011
1.29455
1.27706
1.25992
1.2448
1.2323
1.22245
1.21549
1.21202
1.21279
1.21813
1.22772
1.24085
1.25679
1.27524
1.29632
1.32012
1.34597
1.37193
1.395
1.41205
1.42076
1.42015
1.41066
1.39392
1.37245
1.34911
1.32666
1.30733
1.29259
1.2831
1.27875
1.27872
1.28166
1.286
1.29
1.29204
1.29083
1.28576
1.27699
1.2655
1.25276
1.2404
1.22999
1.22308
1.22115
1.22534
1.23585
1.25128
1.2689
1.28578
1.2999
1.31064
1.31856
1.32482
1.3306
1.3366
1.34283
1.34866
1.35306
1.35495
1.35342
1.34794
1.33843
1.32527
1.3094
1.29234
1.27626
1.2637
1.25709
1.25807
1.26695
1.28263
1.30287
1.32477
1.34546
1.36251
1.37424
1.37987
1.37939
1.37332
1.36238
1.34725
1.32862
1.30731
1.28437
1.26109
1.23869
1.21809
1.19993
1.18501
1.1745
1.16969
1.1712
1.17873
1.19123
1.20742
1.22616
1.24647
1.2673
1.28762
1.30648
1.3232
1.3376
1.34999
1.36099
1.37128
1.3811
1.39023
1.39808
1.40397
1.40746
1.40843
1.40709
1.40382
1.39892
1.39248
1.38451
1.37489
1.36362
1.35098
1.33749
1.32397
1.31138
1.30068
1.29264
1.28768
1.28576
1.28638
1.28879
1.29214
1.29581
1.29963
1.30382
1.3088
1.31483
1.32178
1.32904
1.33554
1.33984
1.34041
1.33579
1.32523
1.30925
1.29022
1.27229
1.26008
1.25678
1.26275
1.27558
1.2911
1.30482
1.31322
1.31452
1.30887
1.29774
1.28341
1.26839
1.25521
1.24599
1.24208
1.24386
1.25089
1.26207
1.27605
1.29178
1.30893
1.32772
1.34811
1.36899
1.38822
1.40344
1.41279
1.41528
1.41067
1.39922
1.38165
1.35906
1.33284
1.30469
1.27659
1.25069
1.22917
1.21409
1.20711
1.20931
1.22082
1.24061
1.26639
1.29492
1.32267
1.34648
1.36422
1.375
1.37906
1.37739
1.37122
1.36158
1.34914
1.33433
1.31762
1.29975
1.28194
1.26585
1.25336
1.24598
1.24417
1.24713
1.25314
1.26051
1.26821
1.27618
1.28489
1.29459
1.30469
1.31375
1.31987
1.32127
1.3169
1.30685
1.29257
1.27663
1.26193
1.25056
1.24316
1.23897
1.23651
1.23426
1.23124
1.22733
1.22319
1.22006
1.21927
1.22176
1.22777
1.23688
1.24828
1.26121
1.27514
1.28995
1.30567
1.32209
1.33856
1.35406
1.36746
1.37774
1.38402
1.38559
1.38195
1.37292
1.35895
1.34128
1.32205
1.30415
1.29086
1.28523
1.28922
1.3029
1.324
1.34823
1.37045
1.38626
1.3932
1.39133
1.38308
1.37229
1.36294
1.35773
1.35737
1.36053
1.3646
1.36676
1.36498
1.35871
1.34918
1.33899
1.33107
1.32745
1.32871
1.33421
1.34262
1.35233
1.36186
1.37024
1.37705
1.38213
1.38522
1.38571
1.38266
1.375
1.362
1.34367
1.32109
1.29663
1.2737
1.25596
1.24616
1.24518
1.25177
1.26304
1.27548
1.28602
1.29281
1.29566
1.29609
1.29674
1.30023
1.30771
1.31833
1.3301
1.34133
1.35148
1.36099
1.37028
1.3788
1.38517
1.3879
1.38616
1.38016
1.3711
1.36106
1.3524
1.34711
1.34611
1.34911
1.35498
1.36238
1.37006
1.37694
1.38212
1.38486
1.38464
1.38139
1.37543
1.36761
1.35914
1.35136
1.34539
1.34198
1.3414
1.34356
1.34804
1.35423
1.36134
1.36848
1.37463
1.37854
1.37874
1.37353
1.36125
1.34077
1.31243
1.2789
1.24564
1.22008
1.20919
1.21616
1.23891
1.27179
1.30885
1.34585
1.38025
1.41032
1.43441
1.45093
1.45867
1.45717
1.44675
1.42855
1.40429
1.37601
1.34587
1.3159
1.28796
1.26368
1.24444
1.23126
1.2246
1.22418
1.22889
1.23706
1.24695
1.25709
1.26666
1.27555
1.28422
1.29337
1.30351
1.31452
1.32567
1.33576
1.34363
1.34842
1.34987
1.34825
1.34419
1.33829
1.33092
1.32209
1.31163
1.29947
1.28608
1.27266
1.26096
1.25242
1.24738
1.24487
1.24324
1.24101
1.23735
1.23222
1.22634
1.22103
1.21797
1.21875
1.2242
1.23393
1.2464
1.25943
1.27106
1.28002
1.28592
1.28894
1.28947
1.28798
1.28492
1.28087
1.27646
1.27221
1.26839
1.26494
1.26179
1.25901
1.25713
1.25722
1.26062
1.26822
1.27978
1.29369
1.30769
1.31976
1.32877
1.33437
1.33665
1.33564
1.33123
1.32332
1.31206
1.29805
1.28243
1.26683
1.25313
1.24302
1.23756
1.23679
1.23974
1.24482
1.25036
1.25505
1.25819
1.25966
1.2598
1.25916
1.25836
1.25793
1.25826
1.25951
1.26157
1.26406
1.26645
1.26812
1.2687
1.26808
1.26656
1.26475
1.26355
1.26397
1.26679
1.27209
1.27902
1.28586
1.29065
1.29202
1.28976
1.28495
1.27949
1.2755
1.27461
1.27741
1.28326
1.29058
1.29726
1.30133
1.30143
1.29715
1.28905
1.27852
1.26739
1.25753
1.25039
1.24663
1.24604
1.24787
1.25109
1.25492
1.25909
1.26394
1.27022
1.27854
1.28901
1.30093
1.31297
1.32357
1.33137
1.33557
1.33602
1.33303
1.32718
1.3189
1.3083
1.2951
1.27896
1.25978
1.23805
1.21488
1.19195
1.17122
1.15462
1.14373
1.13948
1.14211
1.15122
1.16599
1.18539
1.20827
1.23326
1.25882
1.28329
1.30504
1.3227
1.33525
1.34226
1.34419
1.34288
1.34146
1.34337
1.3504
1.36171
1.37449
1.38563
1.39286
1.39506
1.39201
1.38425
1.37295
1.35994
1.34747
1.33788
1.33278
1.33253
1.33612
1.34177
1.34769
1.35275
1.35655
1.35924
1.36126
1.36307
1.36519
1.36813
1.3725
1.3789
1.38775
1.39918
1.41274
1.42742
1.44172
1.45405
1.46292
1.46724
1.4662
1.45922
1.44588
1.42608
1.40022
1.36959
1.33628
1.30262
1.27075
1.24234
1.21872
1.20102
1.19019
1.18702
1.19194
1.20463
1.22386
1.24728
1.27175
1.2938
1.31035
1.31929
1.3197
1.31186
1.2971
1.27749
1.25555
1.23379
1.21417
1.19799
1.18638
1.18074
1.18267
1.19302
1.21104
1.23432
1.25938
1.28267
1.30114
1.31267
1.31631
1.31244
1.30277
1.29
1.27712
1.26666
1.25997
1.25707
1.25698
1.25835
1.26014
1.26207
1.26464
1.2687
1.27459
1.28152
1.28778
1.2914
1.29113
1.28696
1.28042
1.27436
1.27216
1.27624
1.28718
1.30354
1.32266
1.34175
1.35875
1.37262
1.3833
1.3914
1.39771
1.40314
1.4086
1.41498
1.42299
1.43295
1.44451
1.45662
1.46775
1.47645
1.48163
1.48305
1.48134
1.47797
1.47479
1.47373
1.47618
1.48261
1.4923
1.50346
1.51371
1.52064
1.5224
1.51798
1.50731
1.49107
1.47054
1.4472
1.42262
1.39819
1.37517
1.35467
1.33762
1.3248
1.31683
1.31415
1.31686
1.32455
1.33626
1.3507
1.36646
1.38212
1.39624
1.40731
1.41378
1.4143
1.40805
1.39528
1.37758
1.35785
1.33952
1.32523
1.31596
1.31108
1.30917
1.30887
1.30922
1.30964
1.30976
1.30935
1.30835
1.30693
1.3056
1.30507
1.30619
1.30966
1.31585
1.32461
1.33503
1.34544
1.35371
1.35788
1.35674
1.35029
1.33958
1.3263
1.31216
1.29845
1.28585
1.27457
1.26459
1.25607
1.24954
1.24587
1.24614
1.2512
1.26143
1.27647
1.29529
1.31651
1.33866
1.36041
1.3806
1.39824
1.41271
1.42388
1.43215
1.43828
1.44304
1.44702
1.45044
1.45316
1.45475
1.4547
1.45266
1.4487
1.4433
1.43726
1.43143
1.42648
1.42278
1.42031
1.41887
1.41827
1.41847
1.41954
1.42148
1.42392
1.42617
1.42746
1.42726
1.42537
1.42187
1.41696
1.41081
1.40357
1.39543
1.38679
1.37824
1.37047
1.364
1.35891
1.35481
1.35096
1.34643
1.3404
1.33235
1.32208
1.30968
1.2954
1.2795
1.26239
1.24474
1.22777
1.21337
1.20393
1.20168
1.20772
1.22141
1.24034
1.261
1.27961
1.29302
1.29927
1.29789
1.2901
1.2786
1.26683
1.25775
1.25277
1.25159
1.25306
1.25612
1.26034
1.26547
1.27114
1.27663
1.28108
1.28383
1.28477
1.28464
1.28491
1.28736
1.29333
1.30283
1.31439
1.32563
1.3343
1.33892
1.33891
1.33457
1.32684
1.31708
1.3068
1.29746
1.29017
1.28562
1.28404
1.28534
1.28929
1.29555
1.30364
1.31262
1.32115
1.32768
1.3308
1.32973
1.3245
1.31599
1.30587
1.29613
1.28857
1.2844
1.28433
1.28908
1.29962
1.31674
1.34011
1.36756
1.39535
1.41929
1.43599
1.44362
1.44203
1.43251
1.41731
1.39922
1.38117
1.36575
1.35489
1.34947
1.34907
1.35212
1.35643
1.35988
1.36105
1.35967
1.35647
1.35269
1.34943
1.34718
1.34561
1.34375
1.3404
1.33469
1.32651
1.3167
1.307
1.29957
1.29623
1.29763
1.30268
1.30915
1.31456
1.31699
1.31541
1.30949
1.29954
1.28637
1.2711
1.25487
1.23853
1.2225
1.20687
1.19179
1.1775
1.16428
1.15219
1.14113
1.13119
1.12326
1.11917
1.12139
1.13212
1.15237
1.18126
1.21581
1.25141
1.28305
1.30657
1.31949
1.32145
1.31422
1.30141
1.28759
1.27679
1.27138
1.27231
1.2797
1.29291
1.31033
1.32928
1.34671
1.3601
1.36821
1.37116
1.37001
1.36599
1.35984
1.35174
1.34148
1.32893
1.3143
1.29812
1.28121
1.2646
1.24933
1.23644
1.22685
1.22141
1.22078
1.22533
1.23484
1.2481
1.26276
1.27564
1.28375
1.28546
1.28135
1.27399
1.26675
1.26237
1.26194
1.26512
1.2708
1.27771
1.28466
1.29069
1.29509
1.29751
1.29811
1.29729
1.29554
1.29334
1.29141
1.29092
1.29385
1.3028
1.31969
1.34393
1.37178
1.39762
1.41617
1.42403
1.41999
1.40487
1.38109
1.35227
1.32245
1.29525
1.27361
1.25999
1.25613
1.26156
1.27277
1.28478
1.2938
1.29838
1.29906
1.29729
1.29466
1.2923
1.29069
1.2899
1.29
1.29145
1.29502
1.30135
1.31028
1.32056
1.33023
1.33719
1.33981
1.33712
1.32868
1.31443
1.29483
1.27098
1.24473
1.2186
1.19537
1.17749
1.16651
1.16276
1.16553
1.17336
1.18443
1.19699
1.20985
1.22254
1.23539
1.24905
1.26393
1.27976
1.2957
1.31065
1.32372
1.33439
1.34225
1.34675
1.34704
1.34215
1.33149
1.31557
1.29664
1.27846
1.26504
1.25921
1.26185
1.27183
1.28612
1.30052
1.31101
1.31504
1.31195
1.30289
1.29043
1.27806
1.26913
1.26575
1.26826
1.27538
1.28493
1.29473
1.30302
1.30873
1.31153
1.31184
1.31068
1.30914
1.30785
1.30659
1.30445
1.30042
1.29403
1.28581
1.27694
1.26877
1.26221
1.25744
1.25401
1.25128
1.249
1.24781
1.24909
1.25426
1.2637
1.27636
1.29034
1.30411
1.31718
1.32991
1.34259
1.35465
1.36479
1.37173
1.37524
1.3765
1.37753
1.37994
1.38403
1.38884
1.39327
1.39689
1.40012
1.40372
1.40822
1.41358
1.41916
1.42399
1.42698
1.42718
1.42399
1.41732
1.40762
1.3958
1.38294
1.36997
1.35763
1.34648
1.33692
1.32932
1.32394
1.3208
1.3197
1.3201
1.32136
1.32289
1.32433
1.32556
1.32669
1.3279
1.32938
1.33133
1.33392
1.3373
1.34154
1.34647
1.35149
1.35546
1.35683
1.35414
1.34662
1.33491
1.32124
1.30872
1.29994
1.29576
1.29527
1.29695
1.29977
1.3036
1.30877
1.31539
1.32313
1.33133
1.33932
1.34669
1.35329
1.35904
1.36382
1.36739
1.36951
1.36993
1.36847
1.36509
1.36015
1.35455
1.34971
1.3472
1.34812
1.35273
1.36035
1.36954
1.37837
1.38484
1.38753
1.38633
1.38278
1.37963
1.37967
1.38421
1.39217
1.40075
1.40676
1.40779
1.40257
1.39075
1.37282
1.35004
1.32452
1.29927
1.27795
1.26388
1.25881
1.2623
1.27221
1.28578
1.30051
1.31443
1.32618
1.33493
1.34033
1.34222
1.34043
1.33475
1.32511
1.31183
1.29574
1.27807
1.26018
1.24315
1.22768
1.21434
1.20395
1.19787
1.19776
1.20479
1.21899
1.23902
1.26259
1.2871
1.31019
1.32986
1.34449
1.35283
1.35387
1.34696
1.332
1.30973
1.2822
1.25305
1.22738
1.21063
1.20682
1.21697
1.23898
1.26903
1.30307
1.33762
1.37002
1.39817
1.42037
1.43535
1.44245
1.44191
1.43494
1.4234
1.40922
1.39408
1.37949
1.36688
1.35756
1.35224
1.35076
1.35212
1.35495
1.35808
1.361
1.36388
1.36715
1.3708
1.3742
1.37636
1.37655
1.37452
1.37057
1.36534
1.35949
1.35347
1.34745
1.3414
1.33515
1.32835
1.32049
1.31108
1.30014
1.28858
1.27831
1.27178
1.27091
1.27626
1.28682
1.30062
1.31551
1.32975
1.3421
1.35164
1.35747
1.35875
1.35479
1.34534
1.33081
1.31231
1.29157
1.27074
1.25193
1.23673
1.22594
1.21965
1.21745
1.21866
1.22259
1.22864
1.23622
1.24459
1.25282
1.25986
1.26483
1.26721
1.26689
1.26416
1.25952
1.25389
1.24869
1.24566
1.24639
1.25182
1.26203
1.27631
1.29361
1.31268
1.33229
1.35128
1.36859
1.38315
1.3939
1.39975
1.3999
1.39415
1.3832
1.36833
1.35095
1.33209
1.31256
1.29364
1.27747
1.26653
1.26246
1.26518
1.27293
1.28302
1.29258
1.29916
1.30108
1.29761
1.2891
1.27682
1.26271
1.24893
1.23737
1.22924
1.22498
1.22443
1.22728
1.23344
1.24307
1.25607
1.27163
1.28793
1.30265
1.31363
1.31959
1.32029
1.31632
1.30869
1.29862
1.28742
1.27646
1.267
1.25987
1.25546
1.25378
1.25476
1.25827
1.26416
1.27207
1.28135
1.29108
1.30043
1.30877
1.31574
1.32112
1.32467
1.3262
1.3257
1.32348
1.32006
1.31593
1.31125
1.30587
1.29967
1.29287
1.28624
1.28086
1.27777
1.27746
1.2798
1.28412
1.28955
1.2954
1.3013
1.30733
1.31405
1.32213
1.33177
1.34216
1.35162
1.35828
1.36108
1.36034
1.35757
1.35471
1.35321
1.35357
1.3553
1.35748
1.35925
1.36026
1.36053
1.36029
1.35959
1.35815
1.35564
1.35202
1.34768
1.34348
1.34034
1.33888
1.33889
1.33938
1.3391
1.33747
1.33536
1.33473
1.33714
1.34214
1.34772
1.35184
1.35382
1.35436
1.35458
1.355
1.35512
1.35373
1.34962
1.34211
1.33125
1.3179
1.30371
1.29101
1.28264
1.28127
1.28879
1.30565
1.33041
1.35975
1.38874
1.41232
1.42686
1.43107
1.42574
1.41306
1.39579
1.37664
1.35788
1.34105
1.32693
1.31558
1.30648
1.29882
1.29164
1.28386
1.27445
1.26268
1.24841
1.23243
1.21651
1.20297
1.19399
1.191
1.1942
1.20264
1.21443
1.22702
1.2377
1.24406
1.24436
1.23789
1.22515
1.20785
1.18874
1.17116
1.15824
1.15235
1.15473
1.16575
1.18512
1.21205
1.245
1.2816
1.31856
1.35219
1.37903
1.39661
1.4038
1.40089
1.38932
1.37128
1.34935
1.32617
1.3042
1.28546
1.2713
1.2623
1.25817
1.25797
1.26031
1.26386
1.2679
1.27274
1.27979
1.29097
1.30741
1.32837
1.3512
1.37229
1.38833
1.39708
1.39756
1.38989
1.37515
1.35508
1.33177
1.30744
1.28431
1.26461
1.25038
1.24307
1.24314
1.24991
1.26167
1.27608
1.29065
1.30345
1.31331
1.31979
1.32299
1.32343
1.32211
1.3205
1.32041
1.32346
1.33057
1.34164
1.35559
1.37082
1.38558
1.39811
1.40662
1.40931
1.40445
1.39063
1.36715
1.33458
1.29493
1.25168
1.20934
1.17263
1.1454
1.12992
1.12665
1.13447
1.15118
1.1739
1.19945
1.22465
1.24663
1.26322
1.27319
1.27665
1.27502
1.27075
1.2667
1.26515
1.26729
1.27343
1.28383
1.29904
1.31928
1.34353
1.36938
1.39386
1.4142
1.4283
1.43463
1.43229
1.42117
1.40223
1.37779
1.35138
1.32678
1.30664
1.29173
1.28124
1.27377
1.26814
1.26354
1.25963
1.25628
1.25352
1.25145
1.25025
1.25022
1.25163
1.25469
1.25938
1.26529
1.27163
1.27725
1.2806
1.27983
1.27319
1.25982
1.24094
1.22075
1.20553
1.2002
1.20462
1.21413
1.22357
1.23052
1.23562
1.24129
1.25015
1.26382
1.28248
1.3051
1.32996
1.3552
1.37918
1.40051
1.41805
1.4309
1.43857
1.4412
1.43957
1.43491
1.42844
1.42117
1.4139
1.4074
1.4026
1.40037
1.40107
1.40415
1.40849
1.41269
1.4156
1.41655
1.41532
1.41193
1.4064
1.39852
1.38791
1.37413
1.35705
1.33707
1.31519
1.29285
1.27183
1.25403
1.24117
1.23455
1.23479
1.24158
1.25376
1.2695
1.2868
1.30384
1.31911
1.33155
1.34037
1.34495
1.34474
1.33933
1.32871
1.31359
1.29581
1.2781
1.26332
1.25326
1.24784
1.24538
1.2437
1.24141
1.23852
1.23621
1.23615
1.2395
1.24652
1.25643
1.26765
1.27818
1.28602
1.28976
1.28908
1.28497
1.27955
1.27548
1.27512
1.27985
1.28974
1.30377
1.32031
1.33761
1.35413
1.36863
1.38033
1.38895
1.39471
1.39821
1.4
1.40024
1.39887
1.39594
1.39181
1.38695
1.38142
1.37485
1.36664
1.35651
1.34498
1.33337
1.3235
1.31719
1.31565
1.31927
1.32758
1.33942
1.35313
1.3668
1.37852
1.38666
1.39019
1.38892
1.38349
1.3752
1.36554
1.3559
1.34737
1.34097
1.33759
1.33768
1.34081
1.34546
1.34922
1.3493
1.34323
1.32942
1.30735
1.27771
1.24233
1.20415
1.16727
1.13685
1.11806
1.11411
1.12452
1.14522
1.1705
1.19523
1.21591
1.23077
1.23937
1.24216
1.24026
1.23552
1.23037
1.22737
1.22848
1.2344
1.24453
1.25784
1.27339
1.29061
1.3091
1.3284
1.34789
1.36677
1.38409
1.39886
1.40998
1.41632
1.41677
1.41054
1.39739
1.37778
1.35283
1.32409
1.29336
1.26237
1.23269
1.20577
1.18332
1.16768
1.16165
1.16731
1.18451
1.21056
1.24127
1.27248
1.30099
1.32486
1.34342
1.35704
1.36694
1.37463
1.38138
1.38765
1.39307
1.39677
1.39793
1.39633
1.39253
1.38769
1.38312
1.37963
1.37736
1.37588
1.3744
1.37215
1.36849
1.36298
1.35558
1.34683
1.33767
1.32894
1.32091
1.31345
1.3066
1.30116
1.29834
1.29905
1.30317
1.30939
1.31563
1.31988
1.32074
1.31789
1.31204
1.30458
1.29704
1.29053
1.28542
1.28137
1.27767
1.27381
1.26975
1.26592
1.26305
1.26185
1.26285
1.2663
1.27222
1.28059
1.29133
1.30411
1.3181
1.33188
1.34372
1.35192
1.35523
1.35304
1.34562
1.33411
1.32031
1.30624
1.29371
1.2839
1.27733
1.27412
1.27425
1.27777
1.2846
1.29421
1.30555
1.31716
1.32754
1.33544
1.33999
1.34065
1.33725
1.32998
1.31952
1.30706
1.29433
1.28342
1.27657
1.27588
1.28292
1.29827
1.32111
1.34913
1.37891
1.4067
1.42921
1.44415
1.45051
1.44843
1.43894
1.42361
1.40426
1.38284
1.36105
1.34038
1.32191
1.30631
1.29385
1.28453
1.27816
1.27449
1.2734
1.27482
1.27877
1.28506
1.29324
1.30241
1.31132
1.31865
1.32332
1.32465
1.3226
1.3177
1.311
1.30372
1.29693
1.29133
1.28754
1.28642
1.2891
1.29645
1.30841
1.32344
1.33876
1.35122
1.35818
1.35837
1.35209
1.34092
1.32713
1.313
1.30041
1.29065
1.28443
1.28207
1.28356
1.28833
1.29517
1.30234
1.30806
1.31104
1.31088
1.30812
1.30401
1.30014
1.29794
1.29827
1.30119
1.30591
1.31094
1.31445
1.31484
1.31132
1.30434
1.29559
1.28769
1.2833
1.28431
1.29124
1.30344
1.31953
1.33784
1.35659
1.37407
1.3887
1.39934
1.4054
1.4069
1.4042
1.39786
1.38861
1.37742
1.36574
1.35538
1.34801
1.34455
1.34466
1.347
1.35
1.35247
1.35388
1.35403
1.35281
1.34993
1.34521
1.33882
1.33157
1.3249
1.32038
1.31911
1.32128
1.32626
1.33287
1.3399
1.34629
1.35116
1.35382
1.35378
1.3509
1.34555
1.33856
1.33098
1.32372
1.31732
1.31195
1.3075
1.30383
1.30082
1.29844
1.29671
1.29579
1.2959
1.29713
1.29943
1.30255
1.30608
1.30971
1.31335
1.317
1.32061
1.32386
1.32618
1.32708
1.32659
1.32548
1.32505
1.32638
1.32993
1.3353
1.34144
1.34715
1.35154
1.35448
1.35663
1.35915
1.36301
1.3683
1.37402
1.37851
1.38012
1.3778
1.37136
1.36135
1.34877
1.3348
1.32054
1.30696
1.2949
1.28517
1.27845
1.27503
1.27461
1.27622
1.27845
1.28003
1.28026
1.2792
1.27747
1.27586
1.27497
1.27509
1.2762
1.27815
1.28089
1.28457
1.28935
1.29526
1.302
1.3092
1.31659
1.32405
1.33153
1.33898
1.34631
1.35343
1.3602
1.36648
1.37207
1.37668
1.38004
1.38195
1.38239
1.38134
1.37852
1.37338
1.3653
1.35387
1.33918
1.32157
1.30139
1.27888
1.25441
1.22924
1.20617
1.18924
1.18207
1.18585
1.19887
1.21783
1.23944
1.26101
1.28041
1.29599
1.3066
1.3118
1.31216
1.30935
1.30597
1.30479
1.30768
1.31496
1.32543
1.337
1.34753
1.35526
1.35919
1.35896
1.35463
1.34658
1.33552
1.32266
1.30972
1.2987
1.29158
1.28963
1.29306
1.30073
1.31047
1.31976
1.32656
1.33019
1.33156
1.33292
1.33675
1.3447
1.35679
1.37141
1.38601
1.39805
1.40566
1.40787
1.40445
1.39566
1.38198
1.36406
1.34286
1.31979
1.29675
1.27588
1.25912
1.24778
1.24246
1.24316
1.24934
1.26001
1.27354
1.28788
1.30083
1.31051
1.31578
1.31644
1.31322
1.30755
1.30121
1.29592
1.29302
1.29329
1.2969
1.30359
1.31281
1.32382
1.33567
1.3471
1.35646
1.36197
1.36201
1.35567
1.34318
1.32633
1.30836
1.29316
1.28378
1.28105
1.28316
1.28658
1.28734
1.28224
1.26971
1.25011
1.2256
1.19972
1.17698
1.16202
1.15876
1.16916
1.19229
1.22447
1.26057
1.2958
1.32707
1.3533
1.37473
1.3921
1.40618
1.41774
1.42765
1.43673
1.44526
1.45273
1.45777
1.45865
1.4539
1.44295
1.42629
1.40504
1.38056
1.35393
1.32581
1.29667
1.26701
1.23761
1.20969
1.18511
1.16638
1.15657
1.15867
1.17427
1.20232
1.23891
1.2788
1.31723
1.35101
1.37848
1.39874
1.41082
1.41363
1.40658
1.39129
1.37295
1.3597
1.35805
1.36808
1.38417
1.40023
1.41317
1.42276
1.43023
1.43722
1.44518
1.45505
1.467
1.48006
1.49212
1.50044
1.50229
1.49575
1.48033
1.45722
1.42936
1.40111
1.37749
1.3629
1.35949
1.36625
1.37955
1.39459
1.40675
1.41251
1.40977
1.39819
1.3795
1.35746
1.33711
1.32306
1.31773
1.32035
1.32764
1.33574
1.34177
1.34456
1.3445
1.34288
1.34119
1.34042
1.34058
1.34088
1.34025
1.33793
1.3337
1.32764
1.31994
1.31091
1.30102
1.29109
1.2823
1.27593
1.27316
1.27474
1.28081
1.29085
1.30379
1.31815
1.33235
1.34477
1.35395
1.35879
1.35873
1.35402
1.34574
1.33562
1.32568
1.31764
1.31259
1.3109
1.31256
1.31762
1.32616
1.33794
1.35189
1.3665
1.38058
1.3938
1.40618
1.41685
1.42389
1.42548
1.42131
1.41303
1.40363
1.39617
1.39261
1.3932
1.39685
1.40178
1.40614
1.40826
1.40657
1.39981
1.38747
1.37025
1.35005
1.32922
1.3094
1.29115
1.27452
1.2601
1.24925
1.24365
1.24395
1.24877
1.25471
1.25795
1.2563
1.25014
1.24212
1.23579
1.2341
1.23823
1.24742
1.25968
1.27293
1.28585
1.29814
1.31034
1.32321
1.33736
1.35299
1.36965
1.38621
1.40088
1.41159
1.4165
1.4145
1.40567
1.39121
1.37332
1.3546
1.33741
1.32344
1.3134
1.30721
1.30441
1.30448
1.30722
1.31276
1.32139
1.33332
1.34838
1.36603
1.38518
1.4043
1.42161
1.43544
1.44452
1.44815
1.44633
1.43972
1.42947
1.41704
1.40378
1.39066
1.37821
1.3666
1.35594
1.34637
1.33815
1.33173
1.32757
1.32598
1.327
1.33027
1.33541
1.34215
1.35019
1.35895
1.36721
1.37328
1.37532
1.37187
1.36224
1.34668
1.32642
1.30341
1.28014
1.25927
1.24333
1.23448
1.23417
1.2427
1.25895
1.28058
1.3045
1.32747
1.34648
1.3592
1.36424
1.36135
1.35158
1.33712
1.3208
1.30542
1.29303
1.28465
1.28032
1.27936
1.28074
1.28353
1.28717
1.29161
1.29707
1.30346
1.31001
1.31552
1.31888
1.31954
1.31765
1.31404
1.30997
1.30688
1.306
1.3079
1.31241
1.31883
1.32616
1.33329
1.33895
1.34191
1.34132
1.33696
1.32931
1.31919
1.30737
1.2945
1.28137
1.26926
1.25994
1.2552
1.25616
1.26273
1.27362
1.2869
1.30067
1.31364
1.32526
1.33556
1.34476
1.35284
1.35943
1.36369
1.36464
1.36146
1.35384
1.34217
1.32772
1.31257
1.29934
1.2905
1.28768
1.29105
1.29916
1.30935
1.31864
1.32464
1.32619
1.32352
1.31768
1.30964
1.29979
1.288
1.27426
1.25931
1.24477
1.23286
1.22586
1.22533
1.23153
1.24324
1.25811
1.27345
1.28698
1.29753
1.3053
1.31174
1.31885
1.32822
1.3402
1.35358
1.36621
1.37605
1.38186
1.38331
1.38059
1.37402
1.36403
1.35118
1.33631
1.32042
1.30452
1.28955
1.27606
1.26415
1.25351
1.2437
1.23435
1.22509
1.21546
1.20498
1.19354
1.18193
1.172
1.16623
1.16669
1.17433
1.18882
1.20908
1.2338
1.26171
1.29154
1.32196
1.35138
1.37793
1.39953
1.41428
1.42087
1.41905
1.40992
1.39574
1.37936
1.36336
1.34956
1.33895
1.33187
1.32812
1.32704
1.32772
1.32922
1.33095
1.3329
1.33553
1.33959
1.34587
1.35497
1.36703
1.38142
1.39669
1.41117
1.42371
1.43413
1.44308
1.45131
1.4588
1.46434
1.46601
1.46234
1.45319
1.44013
1.42577
1.41269
1.40251
1.39563
1.3916
1.38962
1.38891
1.38879
1.38862
1.38782
1.38576
1.38191
1.37581
1.36718
1.35593
1.34213
1.3262
1.30907
1.29228
1.27807
1.26906
1.26759
1.27481
1.29029
1.31215
1.33794
1.36543
1.39311
1.42005
1.44539
1.4681
1.48695
1.50071
1.5083
1.50905
1.5026
1.48915
1.46956
1.44553
1.41955
1.39457
1.37331
1.3576
1.34812
1.34464
1.34631
1.35179
1.35941
1.36737
1.37406
1.37846
1.38036
1.38033
1.37948
1.37919
1.38076
1.3851
1.39241
1.40211
1.4128
1.42244
1.42872
1.42951
1.42354
1.41073
1.39225
1.3703
1.34746
1.32617
1.30812
1.29408
1.28392
1.27697
1.2724
1.26956
1.26825
1.26883
1.27202
1.27851
1.28854
1.30165
1.31656
1.33153
1.34476
1.35479
1.36072
1.36227
1.35953
1.35281
1.34241
1.32866
1.31194
1.2928
1.27215
1.25128
1.2318
1.21549
1.20384
1.19764
1.1967
1.19983
1.20519
1.2108
1.21492
1.21644
1.21497
1.21086
1.2049
1.19791
1.19055
1.18327
1.1763
1.16969
1.16324
1.15662
1.14956
1.14201
1.13447
1.12819
1.12514
1.12757
1.13706
1.1534
1.17438
1.1967
1.21754
1.23551
1.25078
1.26435
1.27727
1.29013
1.30295
1.31543
1.32722
1.3382
1.34843
1.35787
1.36612
1.37223
1.37484
1.37261
1.36469
1.35119
1.3335
1.31427
1.29702
1.28531
1.28175
1.28716
1.30047
1.31928
1.34085
1.36278
1.38319
1.40056
1.41375
1.42203
1.42513
1.42313
1.41642
1.40588
1.39294
1.37945
1.3672
1.35746
1.35062
1.34624
1.34343
1.34129
1.3393
1.3373
1.33518
1.33263
1.32914
1.32412
1.3172
1.30836
1.29784
1.28618
1.27413
1.26263
1.25267
1.24507
1.24035
1.23873
1.24017
1.24424
1.25014
1.25657
1.26207
1.26552
1.26662
1.26604
1.26518
1.26557
1.26839
1.27405
1.2822
1.29187
1.30167
1.31011
1.31588
1.31817
1.31672
1.31186
1.30423
1.29451
1.28319
1.27063
1.25731
1.24393
1.23129
1.22032
1.21211
1.20783
1.20846
1.21453
1.22576
1.24105
1.25879
1.27732
1.29538
1.31222
1.32742
1.34056
1.35104
1.35799
1.36047
1.35765
1.34913
1.33512
1.31644
1.29455
1.27105
1.24734
1.22436
1.20288
1.18418
1.17027
1.16332
1.16444
1.17311
1.18747
1.20524
1.22441
1.24333
1.26079
1.27593
1.28815
1.29696
1.30196
1.3029
1.29991
1.29359
1.28504
1.27552
1.26615
1.25749
1.24946
1.24164
1.23356
1.22506
1.21647
1.20858
1.20247
1.19915
1.19937
1.20334
1.21076
1.22082
1.23246
1.24445
1.25558
1.2647
1.27103
1.27419
1.27433
1.27206
1.26831
1.26398
1.25979
1.25605
1.25262
1.24895
1.24444
1.23857
1.2312
1.22264
1.21368
1.20562
1.19999
1.19814
1.20076
1.20751
1.21714
1.228
1.23861
1.24816
1.25656
1.2643
1.272
1.28019
1.28924
1.29928
1.30999
1.32068
1.33048
1.3387
1.34497
1.34907
1.35072
1.34938
1.34438
1.3353
1.32256
1.30806
1.29531
1.28823
1.28917
1.29751
1.31012
1.32324
1.33376
1.3396
1.33934
1.33214
1.31771
1.29641
1.26957
1.23966
1.2104
1.1865
1.17277
1.17236
1.18527
1.20819
1.23577
1.26275
1.28553
1.30281
1.31507
1.32365
1.32962
1.33304
1.33289
1.32757
1.31589
1.29794
1.27556
1.25225
1.23224
1.21881
1.21304
1.21348
1.21715
1.22092
1.22272
1.22228
1.22117
1.22214
1.22763
1.23836
1.25271
1.2675
1.27954
1.28686
1.2891
1.28728
1.28317
1.27858
1.2747
1.27169
1.26878
1.26478
1.25869
1.25033
1.24053
1.23106
1.22409
1.22149
1.22421
1.23181
1.24251
1.25373
1.26295
1.26851
1.27015
1.26887
1.26653
1.2651
1.26592
1.26939
1.27503
1.28188
1.28895
1.29552
1.30118
1.30578
1.30928
1.31156
1.31233
1.31129
1.30831
1.30379
1.29878
1.29496
1.29426
1.29845
1.30859
1.32464
1.34534
1.36844
1.39114
1.41055
1.42406
1.42948
1.42528
1.41095
1.38718
1.35623
1.32176
1.2885
1.26129
1.24395
1.23833
1.24398
1.25847
1.27814
1.29912
1.3182
1.33333
1.3439
1.35074
1.35571
1.36089
1.36736
1.37452
1.38051
1.38337
1.38224
1.37768
1.3713
1.36491
1.35962
1.3555
1.35182
1.3476
1.34236
1.33645
1.33132
1.32931
1.33262
1.34213
1.35657
1.37309
1.38849
1.40033
1.40715
1.40818
1.40316
1.39271
1.3789
1.36545
1.35657
1.35466
1.35867
1.36466
1.36822
1.36647
1.35898
1.34728
1.33408
1.32227
1.31408
1.31076
1.31248
1.31857
1.32766
1.33799
1.34772
1.35529
1.35984
1.36135
1.36057
1.35857
1.35631
1.35419
1.35197
1.349
1.34441
1.33753
1.3283
1.31738
1.30621
1.29668
1.29056
1.28901
1.29216
1.29917
1.30874
1.31951
1.33046
1.34093
1.35049
1.35889
1.36607
1.37229
1.37804
1.38401
1.39073
1.39837
1.40654
1.41435
1.42062
1.42429
1.42465
1.42148
1.41498
1.40559
1.39386
1.38052
1.36657
1.35328
1.34209
1.33427
1.33068
1.33168
1.33745
1.3481
1.36334
1.38181
1.40092
1.41765
1.42942
1.43472
1.43317
1.42528
1.41213
1.3949
1.37472
1.35279
1.33067
1.31032
1.2937
1.28241
1.27745
1.27908
1.28671
1.29887
1.31332
1.32723
1.33761
1.34214
1.33973
1.33091
1.31761
1.30255
1.28848
1.27755
1.27102
1.26912
1.27119
1.27599
1.28197
1.28787
1.29287
1.29661
1.29878
1.29904
1.2971
1.29296
1.28715
1.28077
1.27532
1.27228
1.27276
1.27702
1.28448
1.29402
1.30438
1.31459
1.32427
1.33377
1.34389
1.35539
1.36856
1.38286
1.39714
1.40993
1.41983
1.42575
1.42716
1.42402
1.41688
1.40669
1.39471
1.38238
1.37118
1.36248
1.35731
1.35621
1.35906
1.36505
1.37277
1.38047
1.38629
1.38849
1.3858
1.37772
1.36475
1.34851
1.33142
1.31597
1.30382
1.29512
1.28891
1.28403
1.28001
1.2773
1.27664
1.27833
1.28193
1.28662
1.2918
1.29756
1.30461
1.31377
1.32522
1.33819
1.35112
1.36235
1.37061
1.37536
1.37661
1.3746
1.36947
1.36122
1.34977
1.33522
1.31812
1.29975
1.2822
1.26797
1.25908
1.25624
1.25848
1.26364
1.26914
1.27277
1.27315
1.2698
1.26317
1.25444
1.2451
1.23642
1.22919
1.22373
1.2202
1.21878
1.21975
1.22294
1.22724
1.23034
1.22959
1.22337
1.21242
1.19985
1.18984
1.18576
1.18901
1.19895
1.2137
1.23094
1.24852
1.26472
1.27857
1.2901
1.30042
1.31117
1.32348
1.33721
1.3509
1.36264
1.37085
1.37459
1.37355
1.36765
1.35728
1.34344
1.32809
1.31404
1.30434
1.30135
1.30579
1.31641
1.3304
1.34428
1.35474
1.35916
1.35599
1.34485
1.32674
1.3039
1.27936
1.25605
1.2362
1.22112
1.21138
1.20697
1.20733
1.2112
1.21688
1.22254
1.22669
1.22849
1.22772
1.22476
1.22053
1.21644
1.21424
1.21555
1.22148
1.23222
1.24703
1.2645
1.2829
1.30051
1.3158
1.32758
1.33514
1.3384
1.33794
1.33476
1.33008
1.3249
1.31987
1.31541
1.3119
1.30956
1.30823
1.30727
1.30605
1.3046
1.30378
1.30479
1.30851
1.3148
1.32234
1.32889
1.33199
1.32991
1.32229
1.31023
1.29561
1.2803
1.26573
1.253
1.24284
1.23567
1.23156
1.23028
1.23126
1.23386
1.23732
1.24064
1.24261
1.2424
1.23997
1.23617
1.23236
1.22981
1.22928
1.23074
1.23351
1.23664
1.23986
1.24414
1.25155
1.26347
1.2792
1.29611
1.31131
1.32292
1.33027
1.33348
1.33315
1.33011
1.32535
1.31996
1.315
1.31125
1.30905
1.30801
1.30714
1.30514
1.30096
1.29419
1.28521
1.27512
1.26553
1.25819
1.2546
1.25556
1.26095
1.26975
1.2806
1.29241
1.30459
1.31696
1.3294
1.34153
1.35268
1.36204
1.36893
1.37308
1.37464
1.37405
1.37183
1.36842
1.36418
1.35948
1.35485
1.35108
1.34919
1.35027
1.35525
1.36447
1.37725
1.39191
1.40608
1.41734
1.42383
1.42459
1.41961
1.40957
1.3956
1.37874
1.35997
1.34006
1.31972
1.2997
1.28088
1.26428
1.25099
1.24198
1.23779
1.23836
1.24301
1.2506
1.25968
1.26885
1.27687
1.28285
1.28634
1.28755
1.28745
1.2876
1.28938
1.2932
1.29827
1.30315
1.30661
1.30825
1.30861
1.30885
1.3103
1.31386
1.3195
1.32625
1.33252
1.33653
1.33688
1.33284
1.32463
1.31352
1.30167
1.29163
1.28551
1.28417
1.28686
1.29136
1.29484
1.29469
1.28938
1.27888
1.2649
1.25051
1.23933
1.23406
1.23507
1.24028
1.24654
1.2513
1.25349
1.25351
1.25287
1.25367
1.25791
1.26679
1.28021
1.29687
1.31473
1.33169
1.346
1.35653
1.36286
1.36523
1.36437
1.36138
1.35746
1.35389
1.35173
1.35176
1.35424
1.35877
1.36427
1.36914
1.37161
1.37033
1.36461
1.35453
1.34061
1.32355
1.30399
1.28268
1.26057
1.23898
1.21952
1.20374
1.19265
1.18635
1.18407
1.18446
1.18623
1.18851
1.19104
1.19395
1.19743
1.20142
1.2057
1.20992
1.21374
1.21666
1.21824
1.21841
1.21765
1.21683
1.21681
1.218
1.22023
1.22277
1.22473
1.22551
1.22514
1.22451
1.22515
1.22856
1.2356
1.24599
1.25851
1.27155
1.28356
1.29336
1.30025
1.30396
1.30458
1.30243
1.29798
1.29197
1.28556
1.2803
1.27776
1.27886
1.2834
1.29008
1.29709
1.30273
1.30596
1.30642
1.30435
1.30038
1.29526
1.28973
1.28452
1.28039
1.27817
1.27842
1.28114
1.28554
1.29024
1.29388
1.29566
1.29543
1.29368
1.29105
1.28799
1.28449
1.28009
1.2742
1.26639
1.25648
1.2448
1.23218
1.21986
1.2092
1.20135
1.19705
1.1968
1.20099
1.20994
1.22354
1.24096
1.26063
1.28067
1.29958
1.31653
1.33139
1.34428
1.35509
1.36324
1.3678
1.36776
1.36262
1.35269
1.33937
1.32475
1.3109
1.29922
1.29022
1.28397
1.28038
1.27916
1.2795
1.28013
1.27964
1.27687
1.27143
1.26365
1.25447
1.24512
1.23685
1.23069
1.22742
1.22769
1.232
1.24052
1.25291
1.26815
1.2847
1.30093
1.31561
1.32827
1.33906
1.34839
1.35662
1.36376
1.36937
1.37259
1.37233
1.36775
1.35863
1.34561
1.33019
1.31417
1.29927
1.28686
1.2778
1.27254
1.27108
1.27301
1.27749
1.2834
1.28944
1.29445
1.2976
1.29862
1.29802
1.29712
1.29797
1.30285
1.31358
1.33052
1.35209
1.37496
1.39525
1.40974
1.4168
1.41648
1.41022
1.40029
1.38929
1.37964
1.37328
1.37145
1.37459
1.38223
1.39281
1.40399
1.4131
1.41805
1.41813
1.41408
1.4076
1.40026
1.39255
1.38409
1.37412
1.36225
1.34877
1.33476
1.32199
1.31253
1.30806
1.30936
1.31594
1.32607
1.33736
1.3476
1.35536
1.36021
1.36225
1.36163
1.35824
1.35198
1.34309
1.33238
1.32093
1.30964
1.29873
1.28788
1.27671
1.2654
1.2548
1.24626
1.24115
1.24042
1.24428
1.2521
1.26249
1.27354
1.2832
1.28973
1.29217
1.29068
1.28663
1.28252
1.28139
1.28595
1.29761
1.31605
1.33932
1.36459
1.38919
1.41125
1.43002
1.44551
1.45783
1.46677
1.47165
1.47168
1.46633
1.45561
1.43995
1.42009
1.39693
1.37157
1.34545
1.32038
1.29834
1.28099
1.26913
1.26249
1.25996
1.26009
1.26168
1.26411
1.26727
1.27136
1.2765
1.28246
1.28856
1.29395
1.29786
1.29979
1.29972
1.29801
1.29539
1.29283
1.29142
1.29221
1.29592
1.30252
1.31107
1.31977
1.32658
1.32973
1.32817
1.32169
1.31084
1.29669
1.28034
1.26266
1.24425
1.22564
1.20757
1.1915
1.18009
1.17712
1.1858
1.20618
1.2346
1.26592
1.2959
1.32213
1.34346
1.35931
1.36955
1.37442
1.37464
1.37124
1.36538
1.35815
1.35034
1.34244
1.33477
1.3276
1.32122
1.31589
1.31175
1.30866
1.30629
1.30438
1.30303
1.30289
1.30499
1.31042
1.31978
1.33286
1.34854
1.36508
1.38059
1.39336
1.40208
1.40591
1.40448
1.39794
1.38705
1.37344
1.35969
1.34885
1.34351
1.34479
1.35193
1.36266
1.37386
1.38226
1.38514
1.3811
1.37053
1.35562
1.33991
1.32705
1.31983
1.31938
1.32512
1.33528
1.34755
1.35956
1.36911
1.3742
1.37295
1.36372
1.34555
1.3188
1.28577
1.251
1.22031
1.19885
1.18921
1.1909
1.20136
1.21752
1.23664
1.25655
1.27533
1.29098
1.30144
1.30498
1.30075
1.28936
1.27332
1.25669
1.24399
1.23837
1.24037
1.24795
1.25761
1.26583
1.27005
1.26936
1.2646
1.25813
1.25291
1.25107
1.25289
1.25684
1.26082
1.26328
1.26375
1.2626
1.26058
1.25845
1.25675
1.25563
1.25477
1.25343
1.25094
1.24728
1.24369
1.24208
1.24361
1.2475
1.25148
1.25319
1.25139
1.24607
1.23846
1.23091
1.2268
1.22961
1.24107
1.26014
1.28371
1.30831
1.33111
1.35017
1.36434
1.37326
1.37723
1.3771
1.37411
1.36962
1.36502
1.36154
1.36016
1.36143
1.36518
1.37051
1.37597
1.37985
1.38069
1.37769
1.37105
1.36202
1.35228
1.34292
1.33401
1.32532
1.31725
1.31115
1.30875
1.31114
1.31821
1.32876
1.34087
1.35241
1.36141
1.36646
1.36685
1.36259
1.35417
1.34235
1.32795
1.31182
1.29473
1.27751
1.26098
1.24592
1.23306
1.22314
1.21684
1.21481
1.21728
1.22387
1.2335
1.24469
1.25611
1.26692
1.27669
1.28521
1.2922
1.29725
1.29994
1.30022
1.29875
1.29684
1.29599
1.29709
1.30006
1.30401
1.3079
1.31116
1.31389
1.31667
1.32017
1.32444
1.32879
1.3319
1.33243
1.32949
1.32301
1.31386
1.30351
1.2937
1.28584
1.28056
1.27772
1.27676
1.2771
1.2784
1.28045
1.28293
1.2852
1.28627
1.28501
1.28043
1.27218
1.26086
1.24807
1.23615
1.22735
1.22291
1.22245
1.22423
1.22606
1.22641
1.22494
1.22259
1.22101
1.22188
1.22642
1.23519
1.24805
1.26418
1.28233
1.30102
1.31887
1.33466
1.34754
1.35684
1.36201
1.36255
1.35813
1.34875
1.33493
1.31783
1.29918
1.2811
1.26591
1.25575
1.25218
1.25582
1.26597
1.28063
1.29701
1.31227
1.32419
1.33165
1.33457
1.33382
1.33101
1.32813
1.32693
1.32834
1.33185
1.33566
1.33741
1.3354
1.32933
1.32044
1.31095
1.30314
1.29866
1.29805
1.30081
1.30563
1.31088
1.3151
1.31746
1.31806
1.31786
1.31813
1.31978
1.32291
1.32713
1.33199
1.33734
1.34322
1.3496
1.35625
1.36281
1.36879
1.37366
1.37685
1.3777
1.37557
1.36987
1.36035
1.34737
1.33196
1.31546
1.29911
1.28354
1.26864
1.25395
1.23911
1.22433
1.21047
1.19877
1.19046
1.18622
1.18622
1.1902
1.19782
1.20904
1.22402
1.24287
1.26513
1.28936
1.31325
1.33418
1.34995
1.35936
1.3623
1.35967
1.35318
1.34481
1.33656
1.33004
1.32623
1.32541
1.32729
1.33119
1.33606
1.34064
1.34358
1.34358
1.33969
1.33138
1.31868
1.30209
1.28272
1.26236
1.24362
