-3.90569
-3.90554
-3.90553
-3.90588
-3.90679
-3.90705
-3.90679
-3.90625
-3.90656
-3.90615
-3.9071
-3.9072
-3.90663
-3.90564
-3.90655
-3.9067
-3.90657
-3.90672
-3.9062
-3.906
-3.90653
-3.90582
-3.9069
-3.90647
-3.90739
-3.90736
-3.90719
-3.90633
-3.90538
-3.90437
-3.90374
-3.90286
-3.90259
-3.90147
-3.90126
-3.9007
-3.90029
-3.89999
-3.89917
-3.89846
-3.89743
-3.89762
-3.89783
-3.89837
-3.89892
-3.89949
-3.90022
-3.90034
-3.90017
-3.9002
-3.90063
-3.90077
-3.90076
-3.90038
-3.90086
-3.90133
-3.90023
-3.89955
-3.8989
-3.89835
-3.89887
-3.89825
-3.89729
-3.89794
-3.89789
-3.89782
-3.89769
-3.89748
-3.89719
-3.89715
-3.89782
-3.89727
-3.8966
-3.89663
-3.89711
-3.89745
-3.89791
-3.89902
-3.89904
-3.89929
-3.89977
-3.89883
-3.90044
-3.89916
-3.89907
-3.8997
-3.89981
-3.90032
-3.90125
-3.90126
-3.90129
-3.90013
-3.90032
-3.90015
-3.90002
-3.89977
-3.89926
-3.89902
-3.89963
-3.89847
-3.89924
-3.90029
-3.90096
-3.90125
-3.90223
-3.90179
-3.90245
-3.90274
-3.90246
-3.9022
-3.90177
-3.90159
-3.90305
-3.9035
-3.9034
-3.90424
-3.90378
-3.90411
-3.90391
-3.90327
-3.902
-3.90212
-3.90228
-3.90234
-3.90212
-3.90221
-3.90139
-3.90146
-3.90078
-3.90071
-3.89995
-3.89956
-3.89925
-3.89933
-3.899
-3.89917
-3.89989
-3.89999
-3.90119
-3.90191
-3.90351
-3.90371
-3.90455
-3.90349
-3.90308
-3.90302
-3.90294
-3.90416
-3.90443
-3.90528
-3.90561
-3.90486
-3.90465
-3.90399
-3.90488
-3.90368
-3.90322
-3.90335
-3.90361
-3.90327
-3.90284
-3.90266
-3.90307
-3.90334
-3.90394
-3.90346
-3.90354
-3.90413
-3.90476
-3.90514
-3.90605
-3.90689
-3.90702
-3.90847
-3.90812
-3.90829
-3.90893
-3.90809
-3.90715
-3.90649
-3.90573
-3.9045
-3.90483
-3.90331
-3.90331
-3.90212
-3.90143
-3.9012
-3.90154
-3.90073
-3.90148
-3.90258
-3.90376
-3.9041
-3.90553
-3.90635
-3.907
-3.90752
-3.9079
-3.90733
-3.90737
-3.90731
-3.90801
-3.90758
-3.90854
-3.90756
-3.9076
-3.90838
-3.90758
-3.90709
-3.90653
-3.90647
-3.90483
-3.90464
-3.90458
-3.90411
-3.9025
-3.9019
-3.90115
-3.90106
-3.90196
-3.90291
-3.90282
-3.90369
-3.90466
-3.90665
-3.90613
-3.90534
-3.90506
-3.90342
-3.90338
-3.90297
-3.90274
-3.90303
-3.90215
-3.90333
-3.90291
-3.90349
-3.9033
-3.9038
-3.90302
-3.90289
-3.90345
-3.90397
-3.90247
-3.90221
-3.90134
-3.9008
-3.89993
-3.89986
-3.90023
-3.90141
-3.90295
-3.90365
-3.90454
-3.90497
-3.90451
-3.90462
-3.90491
-3.90443
-3.90333
-3.90401
-3.90365
-3.90342
-3.90351
-3.90318
-3.90358
-3.90211
-3.90075
-3.90136
-3.89995
-3.89887
-3.89886
-3.899
-3.89954
-3.89974
-3.90022
-3.9005
-3.9013
-3.90161
-3.90203
-3.90305
-3.90245
-3.9027
-3.90335
-3.90363
-3.90428
-3.90428
-3.90379
-3.90418
-3.90436
-3.90386
-3.90384
-3.90316
-3.90261
-3.90147
-3.89991
-3.89906
-3.89854
-3.89828
-3.89714
-3.89789
-3.89827
-3.89928
-3.90045
-3.90215
-3.90331
-3.90459
-3.90481
-3.90461
-3.9053
-3.90472
-3.90431
-3.90458
-3.90344
-3.9037
-3.90302
-3.90362
-3.90212
-3.90005
-3.89898
-3.89942
-3.89884
-3.89848
-3.89835
-3.89786
-3.89797
-3.89766
-3.89828
-3.89962
-3.90023
-3.90124
-3.90218
-3.90309
-3.90276
-3.90283
-3.90325
-3.90277
-3.90227
-3.90319
-3.90362
-3.90316
-3.90319
-3.90385
-3.90291
-3.90283
-3.90278
-3.90329
-3.90416
-3.90418
-3.90554
-3.90642
-3.90629
-3.90568
-3.9046
-3.9043
-3.90363
-3.90378
-3.90314
-3.90355
-3.90459
-3.90465
-3.90514
-3.90418
-3.90316
-3.90268
-3.90394
-3.90467
-3.90465
-3.90405
-3.90443
-3.90501
-3.90626
-3.90666
-3.90649
-3.906
-3.90562
-3.90449
-3.90342
-3.90234
-3.90195
-3.90142
-3.902
-3.90175
-3.90227
-3.9027
-3.9022
-3.90206
-3.90191
-3.90266
-3.9027
-3.90336
-3.90312
-3.90393
-3.90562
-3.90524
-3.90563
-3.90652
-3.90681
-3.9079
-3.90803
-3.90828
-3.90817
-3.9093
-3.90941
-3.9094
-3.90869
-3.90802
-3.90703
-3.90664
-3.90629
-3.90542
-3.90477
-3.90425
-3.90438
-3.9049
-3.90464
-3.9048
-3.90445
-3.90499
-3.90526
-3.90544
-3.90546
-3.90636
-3.90692
-3.90749
-3.9069
-3.90596
-3.90565
-3.90434
-3.90386
-3.90329
-3.90408
-3.90404
-3.90419
-3.90455
-3.90393
-3.90375
-3.90378
-3.90317
-3.90238
-3.90278
-3.90299
-3.90328
-3.9039
-3.90451
-3.90494
-3.90563
-3.90551
-3.90524
-3.90578
-3.90669
-3.90798
-3.90774
-3.90817
-3.9092
-3.90809
-3.90771
-3.90749
-3.90721
-3.90768
-3.9079
-3.90806
-3.90758
-3.9063
-3.90556
-3.90611
-3.90656
-3.90627
-3.90553
-3.90565
-3.90615
-3.90642
-3.9057
-3.90564
-3.90627
-3.90456
-3.90328
-3.90319
-3.90328
-3.90357
-3.90379
-3.90369
-3.90317
-3.90483
-3.9055
-3.90589
-3.90621
-3.90697
-3.90806
-3.90817
-3.9082
-3.90751
-3.90736
-3.90765
-3.90723
-3.90662
-3.90631
-3.905
-3.90572
-3.90514
-3.90413
-3.90498
-3.90439
-3.9032
-3.90387
-3.90395
-3.90488
-3.90416
-3.90438
-3.90461
-3.905
-3.90643
-3.90719
-3.9085
-3.90908
-3.9098
-3.90952
-3.90974
-3.90773
-3.90675
-3.90538
-3.90593
-3.90508
-3.90477
-3.90479
-3.90373
-3.90298
-3.9031
-3.90344
-3.90374
-3.90434
-3.90461
-3.90547
-3.9051
-3.90465
-3.90515
-3.90488
-3.90584
-3.90648
-3.90592
-3.90643
-3.90607
-3.90629
-3.90582
-3.90522
-3.90567
-3.90501
-3.90571
-3.90567
-3.90537
-3.90554
-3.90525
-3.90568
-3.90644
-3.90871
-3.90773
-3.90847
-3.90845
-3.9087
-3.9074
-3.90758
-3.90623
-3.90536
-3.90458
-3.90487
-3.90511
-3.90435
-3.904
-3.90514
-3.90515
-3.90639
-3.90533
-3.90658
-3.90735
-3.90718
-3.90817
-3.90804
-3.90796
-3.90878
-3.90803
-3.90662
-3.90563
-3.90449
-3.90342
-3.90254
-3.903
-3.90275
-3.90302
-3.90258
-3.90275
-3.9035
-3.90431
-3.90503
-3.90584
-3.90577
-3.90518
-3.90584
-3.90558
-3.90536
-3.9044
-3.90297
-3.90368
-3.90278
-3.90267
-3.90309
-3.90456
-3.9063
-3.90651
-3.90701
-3.90746
-3.90732
-3.90663
-3.90595
-3.90452
-3.90381
-3.90343
-3.9039
-3.90333
-3.90301
-3.90312
-3.90232
-3.90236
-3.9027
-3.90321
-3.9039
-3.90498
-3.90474
-3.90428
-3.90503
-3.90465
-3.90401
-3.90366
-3.90323
-3.903
-3.90336
-3.9051
-3.90555
-3.90645
-3.9063
-3.90714
-3.90752
-3.90723
-3.90571
-3.90701
-3.90791
-3.90902
-3.90857
-3.90985
-3.90742
-3.90737
-3.9063
-3.90531
-3.90417
-3.90327
-3.90168
-3.90043
-3.90043
-3.90247
-3.90323
-3.90471
-3.90602
-3.90668
-3.9068
-3.90782
-3.90801
-3.90793
-3.90702
-3.90711
-3.9079
-3.90671
-3.90553
-3.90658
-3.90643
-3.90614
-3.90581
-3.90703
-3.90643
-3.90716
-3.9069
-3.90621
-3.9063
-3.90537
-3.90485
-3.90462
-3.90351
-3.90231
-3.90247
-3.90286
-3.90263
-3.90369
-3.90461
-3.90522
-3.90568
-3.90569
-3.90609
-3.90524
-3.90431
-3.90389
-3.90228
-3.90172
-3.90121
-3.90154
-3.9006
-3.90036
-3.90106
-3.90137
-3.90205
-3.90192
-3.90245
-3.90397
-3.90401
-3.90326
-3.90274
-3.90248
-3.90236
-3.90175
-3.9012
-3.90128
-3.90181
-3.90264
-3.90241
-3.90216
-3.90151
-3.90073
-3.90208
-3.90197
-3.90201
-3.90181
-3.90173
-3.9014
-3.90195
-3.9009
-3.90098
-3.90014
-3.89981
-3.89929
-3.89947
-3.89925
-3.89902
-3.89952
-3.8995
-3.89973
-3.90004
-3.89956
-3.90042
-3.90009
-3.90132
-3.90083
-3.90089
-3.8994
-3.89964
-3.89929
-3.89893
-3.89839
-3.89846
-3.89951
-3.89972
-3.90011
-3.90045
-3.90081
-3.90041
-3.90044
-3.90003
-3.89979
-3.89976
-3.89893
-3.89722
-3.89682
-3.89616
-3.89663
-3.89687
-3.89741
-3.89785
-3.89866
-3.89914
-3.90001
-3.9001
-3.89994
-3.90024
-3.89944
-3.89988
-3.8993
-3.90052
-3.90029
-3.9017
-3.90244
-3.90267
-3.90225
-3.90361
-3.90417
-3.90497
-3.90449
-3.90441
-3.90386
-3.90377
-3.90367
-3.9037
-3.90291
-3.90312
-3.90267
-3.90233
-3.90121
-3.90132
-3.90025
-3.90073
-3.89974
-3.90027
-3.90006
-3.90036
-3.89913
-3.89942
-3.89987
-3.90088
-3.90287
-3.9034
-3.90474
-3.90503
-3.90555
-3.90544
-3.90478
-3.90509
-3.90503
-3.90498
-3.90441
-3.9032
-3.90264
-3.90262
-3.90262
-3.9021
-3.90225
-3.90159
-3.90186
-3.90349
-3.9032
-3.90299
-3.90359
-3.90434
-3.90413
-3.90444
-3.90469
-3.90449
-3.90446
-3.90457
-3.90424
-3.90334
-3.90378
-3.90273
-3.90242
-3.90225
-3.90173
-3.90204
-3.90202
-3.90214
-3.90252
-3.90232
-3.90313
-3.90321
-3.90354
-3.9039
-3.90502
-3.90492
-3.9054
-3.90497
-3.9046
-3.90466
-3.90343
-3.90353
-3.90395
-3.90468
-3.90496
-3.90418
-3.90445
-3.90479
-3.90462
-3.90437
-3.90443
-3.90362
-3.90328
-3.90296
-3.90334
-3.90309
-3.90279
-3.90298
-3.90343
-3.90379
-3.90358
-3.90162
-3.90109
-3.89917
-3.89923
-3.89846
-3.89826
-3.8981
-3.89878
-3.89882
-3.89983
-3.90123
-3.90244
-3.90301
-3.90316
-3.90241
-3.90275
-3.90289
-3.90124
-3.90002
-3.89912
-3.8986
-3.89876
-3.89883
-3.89912
-3.90012
-3.89927
-3.90021
-3.9002
-3.89997
-3.89995
-3.89988
-3.90039
-3.90207
-3.90255
-3.9025
-3.90413
-3.90398
-3.90403
-3.90413
-3.90428
-3.90538
-3.90534
-3.90572
-3.90595
-3.90487
-3.90477
-3.90411
-3.90391
-3.90382
-3.90319
-3.90342
-3.90408
-3.90353
-3.90438
-3.9039
-3.90359
-3.90389
-3.90283
-3.90266
-3.90251
-3.903
-3.90159
-3.90104
-3.90133
-3.90172
-3.90187
-3.90188
-3.90125
-3.90238
-3.90205
-3.9009
-3.90092
-3.90139
-3.9016
-3.90155
-3.90135
-3.90112
-3.9017
-3.90231
-3.9014
-3.9017
-3.90112
-3.90098
-3.89963
-3.89998
-3.9008
-3.90023
-3.90074
-3.90248
-3.90401
-3.90373
-3.90258
-3.90312
-3.90285
-3.90267
-3.90269
-3.9025
-3.90137
-3.90213
-3.90337
-3.90439
-3.906
-3.90648
-3.90652
-3.90718
-3.90702
-3.90702
-3.90674
-3.90656
-3.9062
-3.90485
-3.90358
-3.90383
-3.90266
-3.90347
-3.90237
-3.90136
-3.90168
-3.90156
-3.90222
-3.90159
-3.90208
-3.90263
-3.90534
-3.90577
-3.90701
-3.90851
-3.90863
-3.90952
-3.9093
-3.90904
-3.9079
-3.90692
-3.90592
-3.90484
-3.90434
-3.90395
-3.90394
-3.90399
-3.90438
-3.90468
-3.90371
-3.90305
-3.90363
-3.90438
-3.90479
-3.90487
-3.90526
-3.90532
-3.90538
-3.90706
-3.90741
-3.90751
-3.90804
-3.90862
-3.90932
-3.90998
-3.90883
-3.90749
-3.90622
-3.90592
-3.90637
-3.90829
-3.90869
-3.90891
-3.90885
-3.90818
-3.90829
-3.90774
-3.90632
-3.90666
-3.90759
-3.90728
-3.90839
-3.90812
-3.90748
-3.90631
-3.90657
-3.90757
-3.90826
-3.9082
-3.90779
-3.90789
-3.90698
-3.90626
-3.90605
-3.90575
-3.9054
-3.90486
-3.90479
-3.90299
-3.90272
-3.90302
-3.90302
-3.90411
-3.90486
-3.90526
-3.90524
-3.90577
-3.90596
-3.90519
-3.90468
-3.9039
-3.90312
-3.90268
-3.9025
-3.90237
-3.90392
-3.90436
-3.90337
-3.9036
-3.90419
-3.90449
-3.90317
-3.90358
-3.90398
-3.90449
-3.90573
-3.9062
-3.90671
-3.90571
-3.9056
-3.90597
-3.90477
-3.90475
-3.90502
-3.90586
-3.90509
-3.90408
-3.90432
-3.90377
-3.90343
-3.90342
-3.9034
-3.90331
-3.90415
-3.90548
-3.90648
-3.90604
-3.90586
-3.90625
-3.90503
-3.90462
-3.90443
-3.90402
-3.90465
-3.90443
-3.90451
-3.90411
-3.90412
-3.90462
-3.90392
-3.9045
-3.90507
-3.90447
-3.90402
-3.90329
-3.90284
-3.90276
-3.90271
-3.90289
-3.90376
-3.90326
-3.90384
-3.90509
-3.905
-3.90614
-3.90581
-3.90583
-3.90546
-3.90473
-3.90367
-3.90428
-3.9042
-3.90423
-3.90454
-3.90452
-3.9049
-3.90488
-3.90622
-3.90617
-3.90577
-3.90575
-3.90549
-3.90544
-3.90483
-3.90468
-3.90512
-3.90449
-3.9031
-3.90333
-3.90279
-3.90207
-3.90279
-3.90307
-3.90555
-3.90715
-3.90815
-3.90973
-3.91079
-3.91017
-3.90996
-3.90914
-3.90679
-3.90626
-3.90443
-3.90321
-3.90207
-3.90243
-3.90163
-3.90135
-3.90173
-3.90125
-3.90064
-3.90093
-3.9021
-3.90335
-3.90445
-3.90548
-3.90606
-3.90601
-3.907
-3.90727
-3.90614
-3.90669
-3.90686
-3.90754
-3.90689
-3.9068
-3.90766
-3.90688
-3.90585
-3.90551
-3.90655
-3.90597
-3.90591
-3.9056
-3.90516
-3.90455
-3.90513
-3.90589
-3.90597
-3.90575
-3.90541
-3.90562
-3.90563
-3.9061
-3.90761
-3.90674
-3.90628
-3.90631
-3.90675
-3.90675
-3.90676
-3.90751
-3.90768
-3.90668
-3.90684
-3.90587
-3.9055
-3.90565
-3.90459
-3.90462
-3.90425
-3.90407
-3.90515
-3.90464
-3.90508
-3.90482
-3.90577
-3.9061
-3.90704
-3.908
-3.9089
-3.90917
-3.90986
-3.90939
-3.90911
-3.90847
-3.90745
-3.90673
-3.90518
-3.90469
-3.90467
-3.90358
-3.90293
-3.90228
-3.90151
-3.90174
-3.90151
-3.90147
-3.90161
-3.90113
-3.90207
-3.90189
-3.90249
-3.90261
-3.90152
-3.90153
-3.90167
-3.90181
-3.90186
-3.90091
-3.90107
-3.90129
-3.90183
-3.90237
-3.90365
-3.90396
-3.90331
-3.90352
-3.9037
-3.90238
-3.90277
-3.90309
-3.902
-3.90161
-3.90202
-3.90239
-3.90231
-3.90144
-3.9016
-3.90152
-3.9009
-3.90134
-3.90034
-3.90044
-3.9011
-3.9013
-3.90184
-3.90248
-3.9023
-3.9018
-3.90151
-3.9017
-3.90183
-3.90244
-3.90233
-3.90346
-3.90439
-3.90412
-3.90395
-3.90413
-3.90377
-3.90487
-3.904
-3.90517
-3.90459
-3.90451
-3.90425
-3.90478
-3.90441
-3.90418
-3.90506
-3.90468
-3.90492
-3.90461
-3.90435
-3.90487
-3.90539
-3.90541
-3.90389
-3.90315
-3.90204
-3.90183
-3.90256
-3.90349
-3.90431
-3.90569
-3.90593
-3.9057
-3.90646
-3.90712
-3.90782
-3.90795
-3.90778
-3.90774
-3.90664
-3.90583
-3.90536
-3.90406
-3.90457
-3.90459
-3.90517
-3.90521
-3.90613
-3.90559
-3.90603
-3.9063
-3.90585
-3.90522
-3.90439
-3.90343
-3.90286
-3.9035
-3.90315
-3.90394
-3.90358
-3.90407
-3.90376
-3.9036
-3.90431
-3.90396
-3.9049
-3.90492
-3.90559
-3.906
-3.90661
-3.90758
-3.90678
-3.90787
-3.90795
-3.90806
-3.9083
-3.90832
-3.90835
-3.90853
-3.90809
-3.90753
-3.90657
-3.90615
-3.90599
-3.90292
-3.90229
-3.90174
-3.90197
-3.90092
-3.90146
-3.9028
-3.90216
-3.90271
-3.90335
-3.90409
-3.90383
-3.90403
-3.90506
-3.90606
-3.90571
-3.90623
-3.90521
-3.90497
-3.90399
-3.90404
-3.90297
-3.90269
-3.90324
-3.90375
-3.90359
-3.90373
-3.90338
-3.90315
-3.90353
-3.90466
-3.90519
-3.9057
-3.90544
-3.90482
-3.90385
-3.90354
-3.90217
-3.90153
-3.90085
-3.90056
-3.90026
-3.8995
-3.89984
-3.90023
-3.90027
-3.90063
-3.90131
-3.90133
-3.90211
-3.90253
-3.90346
-3.90453
-3.905
-3.90483
-3.90553
-3.90587
-3.90554
-3.90529
-3.90523
-3.90562
-3.90722
-3.9074
-3.90781
-3.90778
-3.9075
-3.90676
-3.90628
-3.90599
-3.90547
-3.90564
-3.90636
-3.90656
-3.90624
-3.90673
-3.90753
-3.90719
-3.90716
-3.90683
-3.90621
-3.90568
-3.90623
-3.90538
-3.9035
-3.90318
-3.90272
-3.90387
-3.9038
-3.90374
-3.90361
-3.90369
-3.90264
-3.90205
-3.90217
-3.90172
-3.90168
-3.90133
-3.90084
-3.90003
-3.90088
-3.90078
-3.90093
-3.90087
-3.90163
-3.9026
-3.90193
-3.90261
-3.90352
-3.90446
-3.90571
-3.90531
-3.90568
-3.90499
-3.9043
-3.90421
-3.90401
-3.90333
-3.90319
-3.90254
-3.90267
-3.90298
-3.90271
-3.90169
-3.90175
-3.90152
-3.90041
-3.90059
-3.90133
-3.90174
-3.90258
-3.90344
-3.90327
-3.90256
-3.90223
-3.90319
-3.90345
-3.90358
-3.90365
-3.90358
-3.90317
-3.90269
-3.90159
-3.90043
-3.89964
-3.89945
-3.8999
-3.89868
-3.89923
-3.8995
-3.89873
-3.89856
-3.89843
-3.89882
-3.90037
-3.90082
-3.90224
-3.90335
-3.90469
-3.90515
-3.90561
-3.90563
-3.90461
-3.90516
-3.90561
-3.90604
-3.90602
-3.90562
-3.90515
-3.9049
-3.90453
-3.90357
-3.90348
-3.90334
-3.90345
-3.90265
-3.90323
-3.90343
-3.90311
-3.90317
-3.90434
-3.90447
-3.90504
-3.90588
-3.90536
-3.90529
-3.90553
-3.9047
-3.90562
-3.90511
-3.90528
-3.90541
-3.90419
-3.90479
-3.90496
-3.90455
-3.90414
-3.90362
-3.90451
-3.90455
-3.90497
-3.90511
-3.90508
-3.90515
-3.90527
-3.90531
-3.90558
-3.90551
-3.90574
-3.90645
-3.90597
-3.90598
-3.90423
-3.90438
-3.90439
-3.90507
-3.9051
-3.9053
-3.90673
-3.90708
-3.90803
-3.90784
-3.90715
-3.9059
-3.90392
-3.90259
-3.90208
-3.90234
-3.90249
-3.90227
-3.90193
-3.90165
-3.9026
-3.90303
-3.90328
-3.90351
-3.90383
-3.90347
-3.90317
-3.90283
-3.90283
-3.90264
-3.90292
-3.90338
-3.90452
-3.90527
-3.90656
-3.90715
-3.90649
-3.90574
-3.90483
-3.90398
-3.90326
-3.9039
-3.90378
-3.90409
-3.90494
-3.90599
-3.90629
-3.90581
-3.9056
-3.90536
-3.90535
-3.90537
-3.9057
-3.90602
-3.90623
-3.90534
-3.90571
-3.90501
-3.90451
-3.90556
-3.90661
-3.90639
-3.90729
-3.90691
-3.90679
-3.90745
-3.90769
-3.90791
-3.90681
-3.90652
-3.90521
-3.90397
-3.90325
-3.90302
-3.90275
-3.90232
-3.90141
-3.9018
-3.90217
-3.90271
-3.90345
-3.90368
-3.90323
-3.90365
-3.90294
-3.90301
-3.90229
-3.9026
-3.9039
-3.904
-3.90417
-3.90453
-3.90447
-3.90452
-3.9046
-3.90437
-3.90374
-3.90408
-3.9047
-3.90364
-3.90525
-3.90465
-3.90503
-3.90587
-3.90438
-3.9038
-3.90314
-3.90317
-3.90288
-3.90299
-3.90255
-3.90244
-3.90233
-3.90255
-3.90189
-3.90261
-3.90197
-3.90237
-3.90145
-3.90264
-3.90271
-3.90407
-3.90455
-3.90595
-3.90668
-3.90732
-3.90699
-3.9071
-3.90658
-3.90607
-3.90579
-3.90519
-3.90503
-3.90502
-3.90533
-3.90609
-3.90704
-3.90721
-3.90848
-3.90862
-3.90936
-3.9086
-3.9078
-3.90771
-3.90709
-3.90766
-3.90788
-3.90662
-3.90642
-3.90528
-3.90642
-3.90578
-3.90552
-3.90595
-3.90528
-3.90593
-3.90682
-3.9072
-3.90751
-3.90907
-3.90974
-3.91064
-3.91031
-3.91103
-3.91053
-3.90827
-3.90808
-3.90761
-3.90566
-3.90599
-3.90667
-3.90676
-3.90827
-3.9077
-3.90896
-3.90952
-3.90953
-3.90919
-3.90809
-3.90914
-3.90872
-3.90805
-3.90864
-3.90902
-3.90895
-3.90898
-3.90896
-3.90932
-3.91005
-3.90997
-3.90901
-3.9082
-3.90658
-3.90541
-3.90486
-3.90448
-3.90465
-3.904
-3.90459
-3.90589
-3.9065
-3.90766
-3.90844
-3.90859
-3.90722
-3.90545
-3.90516
-3.90469
-3.90438
-3.90467
-3.90398
-3.90391
-3.90429
-3.9047
-3.90397
-3.90422
-3.9036
-3.90396
-3.90354
-3.90291
-3.90194
-3.90159
-3.90194
-3.90165
-3.90079
-3.90045
-3.90042
-3.90015
-3.90032
-3.9
-3.90003
-3.90106
-3.90191
-3.90264
-3.90305
-3.90328
-3.90274
-3.90213
-3.90227
-3.90156
-3.90138
-3.90165
-3.902
-3.90271
-3.90241
-3.90264
-3.90343
-3.90358
-3.90305
-3.90288
-3.90217
-3.90159
-3.90131
-3.90135
-3.90135
-3.90276
-3.90451
-3.90472
-3.90562
-3.90568
-3.90531
-3.9052
-3.90449
-3.90411
-3.90499
-3.90423
-3.90368
-3.90371
-3.90356
-3.90471
-3.90385
-3.90427
-3.90403
-3.90366
-3.90277
-3.90249
-3.90169
-3.9016
-3.90101
-3.90028
-3.89933
-3.89934
-3.89835
-3.89768
-3.89951
-3.89983
-3.8989
-3.89848
-3.89879
-3.89919
-3.89848
-3.89885
-3.89933
-3.89996
-3.90176
-3.90185
-3.90252
-3.90316
-3.90355
-3.90349
-3.90378
-3.90301
-3.90349
-3.90322
-3.90225
-3.90105
-3.90184
-3.90237
-3.903
-3.90373
-3.9045
-3.90487
-3.90495
-3.90465
-3.90443
-3.90452
-3.90549
-3.90531
-3.90548
-3.90539
-3.90492
-3.90321
-3.90348
-3.90352
-3.90398
-3.90468
-3.90487
-3.90436
-3.9045
-3.90544
-3.90429
-3.90361
-3.90428
-3.90506
-3.90503
-3.90553
-3.90629
-3.90643
-3.9058
-3.90595
-3.90658
-3.90677
-3.90758
-3.9075
-3.90653
-3.90585
-3.90665
-3.90706
-3.90688
-3.90608
-3.90455
-3.90438
-3.90376
-3.90267
-3.9034
-3.90325
-3.90323
-3.90306
-3.90305
-3.90209
-3.90206
-3.90266
-3.9034
-3.90348
-3.90318
-3.90238
-3.90306
-3.90434
-3.9041
-3.90399
-3.90461
-3.9043
-3.90412
-3.90438
-3.9048
-3.90468
-3.90378
-3.90304
-3.9038
-3.90372
-3.90482
-3.90551
-3.90541
-3.90602
-3.90524
-3.90498
-3.9048
-3.90546
-3.90566
-3.90624
-3.90591
-3.90612
-3.90616
-3.9065
-3.90622
-3.90541
-3.90537
-3.90512
-3.90534
-3.90612
-3.90709
-3.90753
-3.90748
-3.90839
-3.90855
-3.90995
-3.90972
-3.90911
-3.90894
-3.90867
-3.90759
-3.90725
-3.90689
-3.9056
-3.90551
-3.90497
-3.9051
-3.90518
-3.90555
-3.9059
-3.90512
-3.90576
-3.90646
-3.90758
-3.90825
-3.90832
-3.90921
-3.91033
-3.91231
-3.91297
-3.91248
-3.91207
-3.91133
-3.91091
-3.90961
-3.90929
-3.90758
-3.90664
-3.90555
-3.90413
-3.90378
-3.90398
-3.90528
-3.90684
-3.90831
-3.90885
-3.90958
-3.91038
-3.91028
-3.91024
-3.91108
-3.90889
-3.90842
-3.90718
-3.90556
-3.90471
-3.90421
-3.9045
-3.90494
-3.90416
-3.90459
-3.90452
-3.90523
-3.90451
-3.90457
-3.90525
-3.906
-3.90613
-3.906
-3.9068
-3.90636
-3.90598
-3.90581
-3.90544
-3.90432
-3.90491
-3.90528
-3.90524
-3.90569
-3.906
-3.90599
-3.90656
-3.90678
-3.90619
-3.90693
-3.9065
-3.90714
-3.90634
-3.90759
-3.90852
-3.90926
-3.90938
-3.90988
-3.90853
-3.90839
-3.9083
-3.90706
-3.90559
-3.90569
-3.90545
-3.90431
-3.90309
-3.90142
-3.90071
-3.90082
-3.90021
-3.90078
-3.90139
-3.90197
-3.90265
-3.90325
-3.90379
-3.90382
-3.90364
-3.90427
-3.90405
-3.90433
-3.90394
-3.90321
-3.90371
-3.90364
-3.90304
-3.90331
-3.90435
-3.90406
-3.90465
-3.90393
-3.90272
-3.90292
-3.90225
-3.90221
-3.90205
-3.90329
-3.90351
-3.90318
-3.90228
-3.90084
-3.89949
-3.89847
-3.89892
-3.89861
-3.89797
-3.89726
-3.89815
-3.89817
-3.89964
-3.89997
-3.90069
-3.90114
-3.9012
-3.90219
-3.90274
-3.9034
-3.90272
-3.90249
-3.90219
-3.90176
-3.9023
-3.90275
-3.90214
-3.90328
-3.90396
-3.90401
-3.90465
-3.90574
-3.90534
-3.90489
-3.90581
-3.90516
-3.90503
-3.90426
-3.90313
-3.90277
-3.9019
-3.90145
-3.90218
-3.90169
-3.90149
-3.90154
-3.90135
-3.90223
-3.9025
-3.90261
-3.9024
-3.90368
-3.9037
-3.90334
-3.90258
-3.9025
-3.90207
-3.90238
-3.90326
-3.90292
-3.90286
-3.90358
-3.90358
-3.9041
-3.90434
-3.90398
-3.90254
-3.90186
-3.90228
-3.90221
-3.90269
-3.90402
-3.90491
-3.90529
-3.90393
-3.904
-3.90386
-3.90356
-3.9039
-3.90356
-3.90432
-3.90505
-3.9052
-3.90485
-3.90494
-3.90395
-3.90442
-3.90508
-3.90501
-3.90443
-3.90506
-3.90424
-3.90363
-3.90371
-3.90303
-3.90327
-3.90398
-3.90438
-3.90474
-3.90552
-3.90543
-3.90389
-3.90305
-3.9038
-3.90307
-3.90242
-3.90284
-3.90272
-3.90321
-3.90371
-3.90306
-3.90353
-3.90369
-3.90257
-3.90221
-3.90156
-3.90209
-3.9027
-3.90241
-3.90307
-3.90164
-3.90132
-3.90097
-3.90143
-3.90186
-3.90068
-3.90023
-3.90112
-3.90194
-3.90228
-3.90317
-3.9035
-3.90431
-3.90369
-3.90231
-3.90145
-3.90119
-3.89988
-3.8996
-3.89914
-3.89939
-3.89997
-3.90007
-3.90036
-3.90031
-3.90019
-3.89953
-3.89861
-3.89865
-3.89844
-3.89818
-3.89765
-3.89771
-3.89663
-3.8973
-3.89815
-3.89909
-3.90028
-3.89981
-3.90077
-3.9007
-3.89991
-3.89922
-3.89841
-3.89759
-3.89733
-3.89747
-3.89731
-3.89689
-3.89841
-3.8995
-3.90127
-3.90258
-3.90307
-3.90361
-3.9044
-3.9049
-3.90504
-3.90345
-3.90216
-3.901
-3.90041
-3.89946
-3.89855
-3.89774
-3.8975
-3.89706
-3.89775
-3.89801
-3.89987
-3.90069
-3.90038
-3.90145
-3.90284
-3.9026
-3.9031
-3.90279
-3.90312
-3.90437
-3.90474
-3.90538
-3.90507
-3.9041
-3.9036
-3.9031
-3.90121
-3.90059
-3.90012
-3.8994
-3.89995
-3.90042
-3.90142
-3.90158
-3.90221
-3.90355
-3.90473
-3.90532
-3.90525
-3.90582
-3.90618
-3.90622
-3.90544
-3.90495
-3.90449
-3.90366
-3.9037
-3.90422
-3.90432
-3.9047
-3.90557
-3.90683
-3.90688
-3.90646
-3.90632
-3.90509
-3.90339
-3.90225
-3.90217
-3.90107
-3.90162
-3.90125
-3.9001
-3.89968
-3.90018
-3.90037
-3.90193
-3.90361
-3.90419
-3.90489
-3.90608
-3.90576
-3.90632
-3.90627
-3.90732
-3.90534
-3.90375
-3.9021
-3.90217
-3.90236
-3.90253
-3.90256
-3.90295
-3.90306
-3.90381
-3.90402
-3.90525
-3.90508
-3.90463
-3.90584
-3.90455
-3.90368
-3.90314
-3.90211
-3.90171
-3.90073
-3.90111
-3.90264
-3.90179
-3.90186
-3.90326
-3.90393
-3.90476
-3.90474
-3.90497
-3.90382
-3.90388
-3.9044
-3.90478
-3.90367
-3.90456
-3.90411
-3.90443
-3.90549
-3.90572
-3.90586
-3.90541
-3.90463
-3.90548
-3.90542
-3.90507
-3.9041
-3.9049
-3.90497
-3.90605
-3.90561
-3.90475
-3.905
-3.90505
-3.90543
-3.90459
-3.90516
-3.90553
-3.90629
-3.90629
-3.90581
-3.90591
-3.9051
-3.90613
-3.90645
-3.90579
-3.90572
-3.90404
-3.90534
-3.90511
-3.90468
-3.9045
-3.90393
-3.90451
-3.90458
-3.90412
-3.90319
-3.90337
-3.90372
-3.90439
-3.90392
-3.90371
-3.90394
-3.90282
-3.90336
-3.9031
-3.90265
-3.90247
-3.902
-3.90146
-3.9024
-3.9032
-3.90358
-3.90431
-3.90579
-3.90646
-3.90745
-3.9076
-3.90729
-3.90754
-3.90759
-3.90793
-3.90738
-3.90675
-3.90636
-3.90605
-3.906
-3.90668
-3.90527
-3.9037
-3.90417
-3.90404
-3.90416
-3.90436
-3.9049
-3.90522
-3.90551
-3.90482
-3.90435
-3.90435
-3.90496
-3.90548
-3.90476
-3.90437
-3.9044
-3.90391
-3.90461
-3.90477
-3.90436
-3.90426
-3.90428
-3.9044
-3.90411
-3.90585
-3.90618
-3.90711
-3.90712
-3.90635
-3.90605
-3.90625
-3.90564
-3.90519
-3.90463
-3.90444
-3.90443
-3.90458
-3.90411
-3.90291
-3.90282
-3.90261
-3.90147
-3.90194
-3.90129
-3.90157
-3.90225
-3.90278
-3.90321
-3.90441
-3.90492
-3.90557
-3.90538
-3.90611
-3.90649
-3.90653
-3.90534
-3.90446
-3.90382
-3.90321
-3.90422
-3.90371
-3.9035
-3.90296
-3.90343
-3.90204
-3.90207
-3.90211
-3.90144
-3.90057
-3.90139
-3.90102
-3.90151
-3.90024
-3.89989
-3.89845
-3.89742
-3.8981
-3.89819
-3.89913
-3.90007
-3.9016
-3.90301
-3.90283
-3.90389
-3.90377
-3.90384
-3.90171
-3.90079
-3.90147
-3.90094
-3.90063
-3.90148
-3.90228
-3.9026
-3.90351
-3.90373
-3.90444
-3.90629
-3.90583
-3.90594
-3.90689
-3.90702
-3.90676
-3.90655
-3.90579
-3.90476
-3.90452
-3.90433
-3.90364
-3.90326
-3.90191
-3.90085
-3.90027
-3.89956
-3.90053
-3.90135
-3.90231
-3.90272
-3.90295
-3.9039
-3.9048
-3.90645
-3.90742
-3.90856
-3.90796
-3.90711
-3.90735
-3.90727
-3.90804
-3.90836
-3.90942
-3.90998
-3.90992
-3.91055
-3.91002
-3.90959
-3.90979
-3.90962
-3.90823
-3.90816
-3.90739
-3.90719
-3.90738
-3.90764
-3.90828
-3.90811
-3.90731
-3.90684
-3.90509
-3.9045
-3.90441
-3.90433
-3.90317
-3.90326
-3.90407
-3.90349
-3.9037
-3.90399
-3.9044
-3.90489
-3.9052
-3.90422
-3.90403
-3.90334
-3.90342
-3.90288
-3.90286
-3.90239
-3.90291
-3.90366
-3.90364
-3.90394
-3.904
-3.90277
-3.90312
-3.90412
-3.90361
-3.90386
-3.9035
-3.90387
-3.90389
-3.90349
-3.90277
-3.90097
-3.90068
-3.90029
-3.8999
-3.89972
-3.89895
-3.89868
-3.89997
-3.90035
-3.90036
-3.9013
-3.90057
-3.90061
-3.90215
-3.90322
-3.90315
-3.90355
-3.90364
-3.90345
-3.90345
-3.90262
-3.90192
-3.90136
-3.90206
-3.90074
-3.89942
-3.89935
-3.89996
-3.90139
-3.90256
-3.90429
-3.90465
-3.90559
-3.90639
-3.90697
-3.90552
-3.9056
-3.90386
-3.9045
-3.90401
-3.90289
-3.9024
-3.90181
-3.90094
-3.90099
-3.90087
-3.90158
-3.90219
-3.90327
-3.90433
-3.90476
-3.90487
-3.90573
-3.90658
-3.90728
-3.9075
-3.90734
-3.90723
-3.90607
-3.90555
-3.90403
-3.90398
-3.90321
-3.90343
-3.90226
-3.9012
-3.90084
-3.89948
-3.89955
-3.90033
-3.90062
-3.9008
-3.9003
-3.90077
-3.90123
-3.90079
-3.90014
-3.89946
-3.89858
-3.89896
-3.89958
-3.89921
-3.89959
-3.90068
-3.90136
-3.90145
-3.90136
-3.90193
-3.90205
-3.90107
-3.9013
-3.90069
-3.90069
-3.89943
-3.89832
-3.89798
-3.89835
-3.89802
-3.899
-3.90002
-3.8998
-3.89895
-3.89873
-3.89909
-3.89822
-3.89787
-3.89766
-3.89888
-3.89932
-3.9002
-3.90126
-3.90232
-3.90289
-3.90375
-3.90308
-3.90227
-3.90153
-3.90121
-3.90183
-3.90159
-3.90202
-3.90177
-3.90089
-3.90064
-3.90087
-3.90184
-3.90223
-3.90374
-3.90387
-3.90522
-3.90498
-3.90471
-3.90397
-3.90458
-3.9047
-3.90376
-3.90393
-3.90361
-3.90346
-3.90405
-3.9047
-3.90442
-3.90373
-3.90292
-3.90335
-3.90324
-3.9026
-3.9028
-3.90236
-3.90209
-3.90294
-3.90374
-3.90509
-3.90516
-3.90466
-3.90521
-3.90575
-3.90627
-3.90709
-3.90655
-3.90707
-3.90596
-3.90592
-3.90557
-3.90643
-3.90633
-3.9062
-3.90636
-3.90696
-3.90666
-3.90755
-3.90718
-3.90631
-3.90645
-3.9062
-3.90545
-3.90543
-3.9058
-3.90586
-3.90554
-3.90509
-3.90484
-3.90393
-3.9026
-3.90153
-3.90117
-3.90148
-3.90174
-3.90154
-3.90148
-3.90142
-3.90025
-3.89986
-3.90015
-3.90041
-3.89988
-3.90066
-3.90002
-3.89977
-3.90065
-3.90097
-3.9013
-3.90125
-3.90063
-3.90031
-3.90035
-3.9002
-3.90161
-3.90083
-3.90058
-3.89992
-3.90017
-3.90056
-3.9017
-3.90209
-3.90083
-3.90049
-3.90014
-3.8999
-3.89993
-3.9013
-3.90131
-3.90115
-3.90175
-3.90143
-3.90125
-3.90151
-3.9016
-3.90182
-3.90171
-3.90142
-3.90263
-3.90173
-3.90172
-3.90197
-3.90261
-3.90184
-3.9012
-3.90134
-3.90062
-3.89947
-3.89834
-3.8985
-3.8984
-3.89821
-3.90011
-3.90241
-3.90315
-3.90285
-3.90401
-3.90397
-3.90414
-3.90473
-3.90428
-3.90238
-3.9011
-3.90069
-3.9005
-3.9006
-3.89943
-3.90094
-3.90058
-3.90064
-3.90139
-3.90118
-3.90189
-3.90284
-3.90212
-3.90202
-3.90199
-3.90159
-3.90225
-3.9025
-3.90296
-3.90343
-3.90459
-3.90629
-3.90646
-3.90607
-3.9059
-3.90604
-3.90575
-3.90503
-3.90653
-3.90673
-3.90718
-3.90813
-3.90825
-3.9081
-3.90667
-3.90601
-3.90636
-3.90565
-3.90529
-3.90453
-3.90355
-3.90269
-3.90229
-3.90332
-3.9035
-3.90354
-3.90412
-3.90579
-3.90637
-3.90778
-3.90785
-3.90879
-3.90829
-3.90714
-3.90688
-3.90626
-3.90643
-3.90536
-3.9046
-3.90509
-3.90588
-3.90496
-3.90515
-3.90577
-3.90605
-3.90566
-3.90565
-3.90521
-3.90433
-3.90433
-3.904
-3.90294
-3.90259
-3.90114
-3.89995
-3.899
-3.89901
-3.90014
-3.89938
-3.9
-3.90021
-3.89929
-3.89814
-3.89708
-3.89616
-3.8957
-3.8967
-3.89742
-3.89874
-3.90142
-3.90233
-3.90238
-3.90317
-3.90358
-3.90314
-3.90266
-3.90215
-3.90216
-3.90165
-3.90075
-3.90025
-3.90134
-3.90083
-3.90091
-3.90029
-3.89874
-3.89763
-3.89687
-3.89717
-3.89756
-3.89748
-3.89752
-3.89735
-3.89738
-3.89715
-3.89668
-3.89692
-3.89761
-3.89927
-3.90002
-3.90169
-3.90225
-3.90269
-3.90436
-3.90539
-3.90619
-3.90539
-3.90572
-3.9064
-3.90593
-3.90536
-3.90453
-3.90479
-3.90388
-3.90354
-3.90494
-3.90638
-3.90684
-3.90768
-3.90821
-3.90754
-3.90772
-3.90835
-3.90869
-3.90854
-3.90982
-3.90863
-3.90774
-3.90735
-3.90757
-3.9065
-3.90485
-3.90385
-3.90245
-3.90295
-3.90334
-3.90406
-3.90498
-3.90579
-3.9068
-3.90735
-3.90695
-3.90645
-3.90537
-3.90386
-3.90319
-3.90235
-3.90304
-3.90439
-3.90505
-3.90442
-3.90627
-3.90743
-3.90733
-3.90733
-3.90761
-3.90769
-3.90746
-3.90753
-3.90582
-3.90528
-3.90493
-3.90463
-3.90535
-3.90516
-3.9059
-3.90635
-3.90684
-3.90604
-3.90549
-3.90552
-3.90644
-3.90715
-3.90685
-3.90773
-3.90793
-3.90829
-3.90835
-3.90794
-3.90874
-3.90895
-3.90833
-3.90768
-3.90787
-3.90699
-3.90586
-3.90628
-3.90624
-3.90627
-3.90676
-3.90619
-3.90683
-3.90764
-3.90806
-3.90699
-3.90744
-3.9078
-3.90712
-3.90746
-3.90599
-3.90566
-3.90446
-3.9044
-3.90399
-3.9045
-3.90408
-3.90375
-3.90458
-3.90434
-3.90406
-3.90391
-3.90435
-3.90375
-3.90289
-3.90145
-3.90104
-3.90088
-3.90047
-3.89971
-3.89942
-3.8996
-3.89928
-3.90064
-3.90213
-3.90359
-3.90313
-3.90362
-3.90289
-3.90223
-3.90114
-3.90175
-3.9027
-3.90266
-3.90353
-3.90424
-3.90413
-3.90399
-3.90392
-3.90328
-3.90315
-3.90447
-3.90386
-3.9046
-3.90496
-3.90486
-3.9041
-3.90345
-3.90294
-3.90314
-3.90341
-3.90311
-3.90321
-3.9022
-3.90291
-3.90374
-3.90399
-3.9036
-3.90391
-3.90493
-3.9046
-3.9058
-3.90552
-3.90494
-3.90478
-3.90514
-3.90596
-3.90541
-3.90514
-3.90486
-3.90388
-3.90303
-3.90115
-3.90269
-3.9018
-3.90181
-3.90148
-3.90063
-3.90071
-3.90201
-3.9018
-3.90192
-3.90374
-3.9032
-3.90344
-3.90446
-3.90501
-3.90446
-3.90568
-3.90568
-3.90624
-3.90701
-3.90688
-3.9061
-3.90546
-3.90471
-3.90424
-3.90354
-3.90362
-3.90423
-3.90405
-3.90307
-3.90339
-3.90449
-3.90433
-3.90472
-3.90584
-3.90546
-3.90536
-3.90434
-3.9041
-3.90248
-3.90182
-3.90092
-3.90063
-3.90107
-3.90134
-3.90126
-3.90148
-3.90251
-3.90319
-3.90301
-3.90335
-3.903
-3.90337
-3.90286
-3.90297
-3.90318
-3.90328
-3.90357
-3.90361
-3.90304
-3.90267
-3.90256
-3.90153
-3.90261
-3.90363
-3.90436
-3.90459
-3.90489
-3.90522
-3.90453
-3.90431
-3.90368
-3.90451
-3.90234
-3.90251
-3.902
-3.90157
-3.90105
-3.90153
-3.90203
-3.90286
-3.90264
-3.90474
-3.90449
-3.90377
-3.90405
-3.90341
-3.90389
-3.9039
-3.90408
-3.90368
-3.90325
-3.90306
-3.90172
-3.90149
-3.90059
-3.90106
-3.90101
-3.90114
-3.90181
-3.9029
-3.90315
-3.90348
-3.90435
-3.90455
-3.90444
-3.9045
-3.90378
-3.90394
-3.90417
-3.90346
-3.90282
-3.90354
-3.90349
-3.90271
-3.90146
-3.90116
-3.9008
-3.90155
-3.90268
-3.90226
-3.90224
-3.90211
-3.90277
-3.90205
-3.90174
-3.90273
-3.90241
-3.90167
-3.90134
-3.90201
-3.90279
-3.90335
-3.90329
-3.90271
-3.90213
-3.90158
-3.90242
-3.90226
-3.90262
-3.90081
-3.90076
-3.90127
-3.90125
-3.90201
-3.90231
-3.90317
-3.90293
-3.90295
-3.90279
-3.90333
-3.90443
-3.90406
-3.90413
-3.90518
-3.90512
-3.90673
-3.90775
-3.90763
-3.90874
-3.9082
-3.90845
-3.90918
-3.90916
-3.90957
-3.90901
-3.90901
-3.90824
-3.90739
-3.90674
-3.90566
-3.90486
-3.90464
-3.90494
-3.90507
-3.90497
-3.90517
-3.90517
-3.90463
-3.90536
-3.9054
-3.90541
-3.90621
-3.90556
-3.90529
-3.90616
-3.90676
-3.90749
-3.90811
-3.90765
-3.90735
-3.90758
-3.90649
-3.90744
-3.90769
-3.90863
-3.90818
-3.90709
-3.90682
-3.90634
-3.90547
-3.90489
-3.90543
-3.9041
-3.90426
-3.90632
-3.90663
-3.90687
-3.9078
-3.90746
-3.90782
-3.90796
-3.90745
-3.90676
-3.9065
-3.90578
-3.90539
-3.90598
-3.90532
-3.90562
-3.90632
-3.90592
-3.90767
-3.90764
-3.90808
-3.90843
-3.90854
-3.90726
-3.90783
-3.90695
-3.90689
-3.90641
-3.90641
-3.90584
-3.90473
-3.90447
-3.9039
-3.90308
-3.903
-3.90328
-3.9034
-3.9035
-3.90369
-3.9043
-3.90598
-3.90685
-3.90745
-3.90774
-3.90726
-3.90689
-3.90715
-3.90675
-3.90652
-3.90637
-3.90591
-3.9068
-3.90644
-3.90659
-3.90642
-3.9072
-3.90659
-3.90651
-3.90635
-3.90617
-3.90607
-3.90437
-3.90437
-3.90386
-3.90466
-3.90538
-3.90531
-3.90526
-3.90592
-3.90529
-3.90533
-3.90549
-3.90399
-3.90361
-3.90361
-3.90457
-3.90582
-3.90667
-3.90631
-3.90591
-3.90475
-3.90482
-3.90454
-3.9041
-3.90354
-3.90346
-3.90295
-3.90264
-3.90237
-3.90111
-3.90148
-3.90093
-3.90162
-3.90279
-3.90316
-3.90371
-3.90434
-3.90465
-3.90416
-3.90393
-3.90341
-3.90387
-3.90328
-3.90381
-3.90337
-3.9027
-3.9036
-3.90317
-3.90336
-3.90354
-3.90429
-3.90471
-3.9039
-3.90266
-3.90226
-3.90158
-3.90203
-3.90223
-3.90311
-3.90325
-3.90339
-3.9032
-3.90295
-3.9022
-3.90273
-3.90322
-3.90305
-3.90335
-3.90349
-3.90419
-3.90441
-3.90357
-3.90335
-3.90265
-3.90219
-3.90145
-3.90103
-3.89988
-3.89945
-3.90015
-3.89925
-3.89823
-3.89923
-3.8995
-3.90024
-3.90005
-3.90057
-3.90143
-3.90126
-3.90149
-3.9017
-3.90178
-3.90147
-3.8999
-3.89893
-3.89903
-3.89875
-3.89919
-3.89965
-3.90016
-3.90021
-3.89929
-3.90063
-3.90052
-3.90033
-3.8996
-3.8996
-3.89915
-3.90003
-3.89966
-3.90014
-3.90041
-3.89976
-3.89898
-3.89868
-3.8983
-3.89726
-3.89812
-3.89757
-3.89829
-3.8992
-3.89981
-3.90071
-3.90199
-3.90241
-3.90284
-3.90343
-3.90289
-3.90313
-3.90318
-3.90218
-3.90298
-3.90432
-3.90399
-3.9045
-3.90533
-3.90511
-3.9043
-3.90382
-3.90375
-3.90248
-3.90233
-3.90254
-3.90191
-3.90116
-3.90212
-3.90223
-3.90272
-3.9036
-3.90428
-3.90537
-3.90582
-3.90635
-3.9066
-3.90646
-3.90633
-3.90527
-3.90527
-3.90548
-3.90563
-3.9056
-3.90567
-3.90445
-3.90435
-3.9037
-3.90208
-3.90182
-3.90009
-3.8997
-3.90052
-3.90045
-3.89988
-3.90014
-3.9011
-3.90148
-3.90239
-3.90242
-3.90292
-3.90313
-3.90418
-3.90486
-3.90521
-3.90541
-3.90627
-3.90525
-3.90508
-3.90517
-3.90522
-3.90482
-3.9046
-3.90417
-3.90281
-3.90293
-3.90238
-3.90231
-3.9022
-3.90219
-3.90215
-3.90227
-3.90093
-3.90151
-3.90175
-3.90102
-3.90109
-3.90267
-3.90358
-3.90409
-3.90388
-3.90355
-3.90294
-3.90239
-3.90239
-3.90101
-3.90089
-3.89918
-3.89818
-3.89832
-3.89775
-3.89795
-3.8978
-3.89925
-3.89929
-3.89884
-3.89839
-3.89967
-3.90015
-3.90092
-3.9011
-3.90032
-3.90152
-3.89991
-3.90042
-3.90136
-3.90097
-3.9013
-3.90212
-3.90163
-3.9009
-3.90279
-3.90289
-3.90403
-3.90422
-3.90523
-3.90525
-3.90522
-3.90486
-3.90508
-3.9036
-3.90478
-3.90317
-3.90307
-3.90368
-3.90398
-3.90393
-3.90496
-3.90488
-3.90563
-3.90509
-3.90465
-3.90441
-3.90401
-3.90335
-3.90278
-3.9007
-3.90128
-3.90144
-3.90132
-3.90072
-3.90123
-3.90306
-3.90551
-3.90596
-3.90608
-3.90699
-3.90731
-3.90678
-3.90533
-3.90414
-3.9055
-3.90587
-3.90527
-3.90483
-3.90423
-3.90448
-3.90317
-3.90334
-3.90288
-3.90357
-3.90418
-3.90535
-3.90673
-3.90703
-3.90645
-3.90575
-3.90558
-3.90551
-3.90617
-3.90745
-3.90702
-3.90722
-3.90708
-3.90697
-3.906
-3.90462
-3.90476
-3.90494
-3.90497
-3.90416
-3.90482
-3.90462
-3.90384
-3.90225
-3.90205
-3.90153
-3.90304
-3.90416
-3.90482
-3.90565
-3.90712
-3.90745
-3.90751
-3.90735
-3.90664
-3.90689
-3.907
-3.90625
-3.90612
-3.90593
-3.90618
-3.9062
-3.90642
-3.9067
-3.90692
-3.90682
-3.90656
-3.90675
-3.90752
-3.9072
-3.90655
-3.90591
-3.90611
-3.90554
-3.90576
-3.90617
-3.90613
-3.9078
-3.90834
-3.90885
-3.90985
-3.9092
-3.90917
-3.9083
-3.90755
-3.90564
-3.90509
-3.90379
-3.90249
-3.90314
-3.90444
-3.90528
-3.9061
-3.90744
-3.90861
-3.9084
-3.90795
-3.90759
-3.90696
-3.9053
-3.90502
-3.90534
-3.90633
-3.90674
-3.90671
-3.90714
-3.90631
-3.90577
-3.90538
-3.90436
-3.90398
-3.90466
-3.90479
-3.90518
-3.90501
-3.90507
-3.90467
-3.90451
-3.90441
-3.90561
-3.90561
-3.90605
-3.9058
-3.90628
-3.90647
-3.90708
-3.90562
-3.90517
-3.90458
-3.90442
-3.90457
-3.90439
-3.90503
-3.90573
-3.90644
-3.90638
-3.90549
-3.9049
-3.90392
-3.90409
-3.90411
-3.90483
-3.90483
-3.90549
-3.90537
-3.9065
-3.90716
-3.90733
-3.90672
-3.90569
-3.90553
-3.90556
-3.90614
-3.90517
-3.90548
-3.90534
-3.90454
-3.90487
-3.90452
-3.90367
-3.90346
-3.9029
-3.90358
-3.90445
-3.90653
-3.90701
-3.9079
-3.90822
-3.90795
-3.90846
-3.90904
-3.90866
-3.90871
-3.90768
-3.90817
-3.90749
-3.90824
-3.90814
-3.90718
-3.90635
-3.90606
-3.90596
-3.90589
-3.90499
-3.90478
-3.90489
-3.90594
-3.90417
-3.90442
-3.90401
-3.90311
-3.9025
-3.90172
-3.90287
-3.90347
-3.90258
-3.90352
-3.90461
-3.90471
-3.90567
-3.90496
-3.90517
-3.90458
-3.90374
-3.90337
-3.90234
-3.90203
-3.90093
-3.89948
-3.89939
-3.89962
-3.89946
-3.89977
-3.90022
-3.90043
-3.90077
-3.90206
-3.9018
-3.90218
-3.90332
-3.90237
-3.90261
-3.90177
-3.90151
-3.90075
-3.90103
-3.90172
-3.90212
-3.90274
-3.90318
-3.90352
-3.90355
-3.90374
-3.90338
-3.90266
-3.90267
-3.90265
-3.90244
-3.90221
-3.90261
-3.90159
-3.90131
-3.90118
-3.90074
-3.90142
-3.90194
-3.9028
-3.90415
-3.90402
-3.90397
-3.90423
-3.90289
-3.90255
-3.90256
-3.90301
-3.90413
-3.90375
-3.90306
-3.90256
-3.90182
-3.90211
-3.90229
-3.90193
-3.9026
-3.90174
-3.90043
-3.90122
-3.90138
-3.90253
-3.90294
-3.90346
-3.90446
-3.90454
-3.90338
-3.90309
-3.90311
-3.90257
-3.90235
-3.90223
-3.90187
-3.90254
-3.90251
-3.90363
-3.90378
-3.90411
-3.9033
-3.90446
-3.90402
-3.90531
-3.90554
-3.90508
-3.90409
-3.90368
-3.90407
-3.90409
-3.90388
-3.90378
-3.90431
-3.90451
-3.90456
-3.90529
-3.90553
-3.90534
-3.90488
-3.90396
-3.90334
-3.90318
-3.90168
-3.90208
-3.90266
-3.90318
-3.90304
-3.90318
-3.903
-3.9028
-3.9025
-3.90165
-3.90077
-3.90055
-3.90004
-3.90007
-3.90069
-3.90041
-3.90052
-3.90084
-3.90012
-3.90047
-3.9007
-3.9017
-3.90264
-3.90218
-3.90176
-3.90216
-3.90071
-3.90037
-3.90044
-3.9
-3.901
-3.90249
-3.90337
-3.90282
-3.90204
-3.90151
-3.90146
-3.90136
-3.90163
-3.90189
-3.90262
-3.90294
-3.90317
-3.90322
-3.90277
-3.90251
-3.90068
-3.9011
-3.90017
-3.89886
-3.898
-3.89799
-3.89904
-3.89887
-3.89826
-3.89941
-3.89929
-3.89869
-3.89758
-3.89784
-3.89698
-3.89709
-3.89708
-3.89724
-3.89663
-3.89647
-3.89613
-3.89686
-3.89813
-3.89822
-3.89919
-3.89946
-3.89912
-3.89965
-3.89941
-3.8989
-3.89849
-3.89824
-3.89701
-3.8977
-3.89796
-3.8987
-3.89927
-3.90082
-3.90157
-3.90161
-3.90118
-3.90118
-3.90146
-3.90237
-3.90212
-3.90168
-3.90127
-3.90095
-3.90014
-3.90111
-3.90065
-3.90039
-3.90062
-3.90118
-3.90205
-3.90333
-3.90348
-3.90238
-3.90345
-3.90283
-3.90398
-3.90411
-3.90446
-3.90448
-3.90394
-3.90454
-3.90488
-3.90467
-3.90447
-3.90357
-3.90343
-3.90372
-3.90486
-3.90424
-3.90545
-3.905
-3.9054
-3.9062
-3.90723
-3.90726
-3.90703
-3.90669
-3.90615
-3.90536
-3.90514
-3.90612
-3.9063
-3.90652
-3.90669
-3.90616
-3.90601
-3.90514
-3.90566
-3.90517
-3.90562
-3.90527
-3.90598
-3.90477
-3.90512
-3.90393
-3.90355
-3.90248
-3.90241
-3.90199
-3.90335
-3.90374
-3.90389
-3.90313
-3.90184
-3.9033
-3.90343
-3.90377
-3.90292
-3.9029
-3.90242
-3.90347
-3.90484
-3.90422
-3.90483
-3.90598
-3.9061
-3.9073
-3.90735
-3.90828
-3.90784
-3.90708
-3.90702
-3.90642
-3.90544
-3.90487
-3.9049
-3.90451
-3.90478
-3.90404
-3.90424
-3.90463
-3.90551
-3.90526
-3.906
-3.90564
-3.90675
-3.90642
-3.90577
-3.9062
-3.90566
-3.90517
-3.90492
-3.90407
-3.90272
-3.90218
-3.90097
-3.90064
-3.90041
-3.8992
-3.89928
-3.89928
-3.8986
-3.89847
-3.89845
-3.89793
-3.8984
-3.89858
-3.89903
-3.89999
-3.89975
-3.89937
-3.89931
-3.89884
-3.89845
-3.89775
-3.89786
-3.89766
-3.89807
-3.89798
-3.89891
-3.89956
-3.89917
-3.89853
-3.89761
-3.89709
-3.89745
-3.89808
-3.89876
-3.89863
-3.89927
-3.89927
-3.89957
-3.8993
-3.89961
-3.90045
-3.89997
-3.89988
-3.90034
-3.9005
-3.90187
-3.90338
-3.90356
-3.90391
-3.90284
-3.9026
-3.90214
-3.90134
-3.90119
-3.90215
-3.90235
-3.90244
-3.90209
-3.90264
-3.90286
-3.90154
-3.90094
-3.90099
-3.90064
-3.90092
-3.90201
-3.90316
-3.90323
-3.90459
-3.9041
-3.90391
-3.90289
-3.90248
-3.90256
-3.90184
-3.90184
-3.90243
-3.90222
-3.90166
-3.9019
-3.90183
-3.90154
-3.90216
-3.90245
-3.90258
-3.9017
-3.90155
-3.90144
-3.90109
-3.90097
-3.90076
-3.90063
-3.90122
-3.90136
-3.90226
-3.90315
-3.90379
-3.90379
-3.90382
-3.90386
-3.90319
-3.90336
-3.904
-3.9039
-3.90456
-3.9052
-3.90537
-3.90549
-3.90558
-3.9047
-3.90471
-3.90443
-3.90408
-3.90352
-3.90363
-3.90391
-3.90367
-3.90336
-3.9025
-3.90222
-3.90184
-3.90219
-3.90241
-3.90275
-3.90342
-3.90355
-3.90352
-3.90288
-3.90316
-3.90244
-3.90273
-3.90317
-3.90302
-3.90292
-3.90227
-3.90217
-3.90206
-3.90211
-3.90215
-3.90237
-3.90221
-3.90263
-3.90135
-3.90084
-3.90057
-3.9009
-3.90038
-3.90068
-3.90061
-3.90106
-3.90053
-3.90083
-3.90091
-3.90102
-3.90139
-3.90133
-3.90189
-3.90203
-3.90152
-3.90088
-3.90032
-3.8995
-3.90083
-3.90076
-3.9011
-3.90077
-3.90011
-3.8993
-3.89931
-3.89853
-3.89878
-3.89872
-3.89965
-3.90048
-3.90182
-3.90213
-3.90277
-3.90259
-3.90396
-3.90483
-3.90448
-3.9037
-3.90364
-3.90389
-3.90475
-3.90528
-3.90557
-3.9053
-3.9042
-3.90309
-3.90236
-3.90198
-3.90061
-3.90033
-3.90028
-3.90207
-3.90143
-3.90169
-3.90083
-3.90183
-3.90194
-3.9019
-3.90194
-3.90108
-3.90134
-3.90081
-3.90147
-3.90103
-3.89993
-3.90131
-3.90094
-3.90091
-3.90102
-3.90121
-3.90081
-3.9007
-3.90014
-3.9007
-3.90095
-3.90079
-3.90036
-3.90041
-3.89998
-3.89949
-3.89995
-3.9
-3.9003
-3.89941
-3.89909
-3.89819
-3.89868
-3.89888
-3.89858
-3.89849
-3.89903
-3.90015
-3.9006
-3.9008
-3.90057
-3.90036
-3.90066
-3.9006
-3.9007
-3.9
-3.89992
-3.90052
-3.90089
-3.90092
-3.90134
-3.90119
-3.90065
-3.90034
-3.8995
-3.89903
-3.89881
-3.89893
-3.89855
-3.89904
-3.89793
-3.89849
-3.89822
-3.89856
-3.8997
-3.90003
-3.90069
-3.8999
-3.89806
-3.89729
-3.89727
-3.89727
-3.89799
-3.89915
-3.89933
-3.89991
-3.89957
-3.89915
-3.89934
-3.89942
-3.90046
-3.90208
-3.90325
-3.90295
-3.90363
-3.90407
-3.90327
-3.90162
-3.90148
-3.90152
-3.90246
-3.90232
-3.90249
-3.90211
-3.90214
-3.90212
-3.90201
-3.90264
-3.90247
-3.90184
-3.90186
-3.90245
-3.90409
-3.9051
-3.90436
-3.9057
-3.90603
-3.9068
-3.90675
-3.90575
-3.90492
-3.90374
-3.90446
-3.90432
-3.90554
-3.90585
-3.90667
-3.90634
-3.90708
-3.90742
-3.90837
-3.90818
-3.90681
-3.90708
-3.90706
-3.90674
-3.90486
-3.90547
-3.9054
-3.90395
-3.90388
-3.90373
-3.9035
-3.90308
-3.90323
-3.9028
-3.90316
-3.90281
-3.90304
-3.90284
-3.90376
-3.90318
-3.90338
-3.90333
-3.9031
-3.90303
-3.90298
-3.90353
-3.90449
-3.9037
-3.90238
-3.90099
-3.90093
-3.90105
-3.90047
-3.90012
-3.90064
-3.90006
-3.90078
-3.90199
-3.90285
-3.90266
-3.90286
-3.90287
-3.90198
-3.90149
-3.90086
-3.89972
-3.89794
-3.89883
-3.89979
-3.90081
-3.90022
-3.90064
-3.90141
-3.90238
-3.90373
-3.90511
-3.90583
-3.90575
-3.90487
-3.90443
-3.90428
-3.90405
-3.90349
-3.90339
-3.90334
-3.90308
-3.90353
-3.9035
-3.90477
-3.90429
-3.90324
-3.90313
-3.90395
-3.90389
-3.90386
-3.90337
-3.90271
-3.90155
-3.90129
-3.90137
-3.90049
-3.90078
-3.90161
-3.90291
-3.90338
-3.90356
-3.90278
-3.90243
-3.90283
-3.90177
-3.90186
-3.90163
-3.9013
-3.90109
-3.9011
-3.90185
-3.902
-3.90189
-3.90344
-3.90453
-3.90503
-3.90444
-3.90445
-3.90319
-3.90325
-3.90299
-3.90318
-3.90301
-3.90377
-3.90382
-3.90494
-3.90563
-3.90625
-3.90573
-3.90679
-3.90568
-3.90422
-3.90364
-3.90202
-3.90218
-3.90095
-3.89993
-3.89992
-3.90124
-3.9019
-3.90311
-3.90578
-3.90604
-3.90645
-3.90722
-3.90599
-3.90607
-3.90489
-3.90502
-3.90562
-3.905
-3.90378
-3.90246
-3.9016
-3.90296
-3.90329
-3.90397
-3.90451
-3.90436
-3.9036
-3.90267
-3.90099
-3.90023
-3.90053
-3.90064
-3.90088
-3.90088
-3.90158
-3.90133
-3.90144
-3.90201
-3.90143
-3.90245
-3.90156
-3.90087
-3.90107
-3.9
-3.8996
-3.89932
-3.8994
-3.89936
-3.9001
-3.90011
-3.89933
-3.8995
-3.89979
-3.89956
-3.89941
-3.89975
-3.90007
-3.90092
-3.90145
-3.90321
-3.90382
-3.90408
-3.90462
-3.90417
-3.90417
-3.9035
-3.90343
-3.90282
-3.90293
-3.90226
-3.90189
-3.90255
-3.90318
-3.90418
-3.904
-3.90451
-3.90429
-3.90316
-3.90291
-3.90195
-3.90216
-3.90185
-3.90185
-3.90201
-3.90207
-3.90134
-3.90257
-3.90179
-3.90163
-3.90283
-3.90257
-3.90223
-3.90264
-3.90237
-3.90266
-3.90322
-3.90338
-3.90245
-3.90231
-3.90148
-3.90133
-3.90188
-3.90129
-3.90124
-3.90173
-3.90199
-3.90142
-3.90138
-3.90217
-3.90287
-3.90392
-3.90452
-3.90548
-3.90465
-3.90563
-3.90485
-3.90415
-3.90343
-3.9036
-3.90312
-3.90305
-3.90235
-3.90244
-3.90248
-3.90312
-3.90375
-3.90425
-3.9041
-3.90429
-3.90409
-3.90357
-3.90294
-3.90389
-3.90368
-3.90312
-3.90276
-3.90241
-3.9033
-3.90309
-3.90247
-3.90197
-3.90134
-3.90239
-3.90172
-3.90214
-3.90205
-3.90175
-3.90186
-3.90225
-3.902
-3.90202
-3.9024
-3.90268
-3.90223
-3.90172
-3.90106
-3.90052
-3.90035
-3.90117
-3.90127
-3.90217
-3.90279
-3.90304
-3.9034
-3.90351
-3.90366
-3.90381
-3.90399
-3.90461
-3.90487
-3.90575
-3.90627
-3.90623
-3.9062
-3.90709
-3.90648
-3.90577
-3.90529
-3.9049
-3.90385
-3.90337
-3.90272
-3.90178
-3.90094
-3.90115
-3.90156
-3.90159
-3.9023
-3.90321
-3.90346
-3.90432
-3.90473
-3.90564
-3.9055
-3.90556
-3.90605
-3.90573
-3.90577
-3.90608
-3.90704
-3.90744
-3.90737
-3.90869
-3.90791
-3.90797
-3.90825
-3.90738
-3.90717
-3.9067
-3.9048
-3.90462
-3.90606
-3.90568
-3.90566
-3.90593
-3.90619
-3.90512
-3.90477
-3.90403
-3.90477
-3.90383
-3.90292
-3.90275
-3.90299
-3.90364
-3.90324
-3.90269
-3.90273
-3.90364
-3.90331
-3.90413
-3.90459
-3.90514
-3.90548
-3.90469
-3.90416
-3.90349
-3.90364
-3.90256
-3.90283
-3.90183
-3.90191
-3.90151
-3.90135
-3.90118
-3.90228
-3.90365
-3.90333
-3.90372
-3.9043
-3.90456
-3.90433
-3.90348
-3.9043
-3.90484
-3.90521
-3.90564
-3.90557
-3.90464
-3.90391
-3.90376
-3.9028
-3.90189
-3.90096
-3.89992
-3.90075
-3.90041
-3.90065
-3.9014
-3.90259
-3.90238
-3.90193
-3.90241
-3.90261
-3.90131
-3.90172
-3.90159
-3.89994
-3.89936
-3.90024
-3.9014
-3.90173
-3.90176
