0.635668
0.66021
0.689589
0.722589
0.756349
0.789323
0.818211
0.84112
0.8571
0.871689
0.885819
0.907048
0.937546
0.97721
1.02011
1.06615
1.10907
1.14254
1.1641
1.17007
1.15939
1.13586
1.09543
1.0439
0.977158
0.90044
0.816334
0.73247
0.656561
0.596637
0.557092
0.53969
0.539846
0.554347
0.574498
0.59808
0.622433
0.648001
0.677206
0.710424
0.749007
0.790418
0.835951
0.884351
0.935375
0.988411
1.04281
1.09961
1.15799
1.21615
1.27114
1.31966
1.35629
1.37749
1.38067
1.37046
1.35519
1.33801
1.32465
1.31794
1.31695
1.32378
1.33424
1.34185
1.34778
1.35018
1.35027
1.3503
1.35263
1.35869
1.36913
1.38774
1.41229
1.43926
1.46503
1.48549
1.49559
1.49178
1.4766
1.44962
1.41335
1.37262
1.32261
1.27295
1.2181
1.16023
1.10327
1.04804
0.996418
0.951557
0.912046
0.879472
0.849915
0.827542
0.81465
0.8154
0.833564
0.870083
0.922778
0.991019
1.06117
1.12671
1.18041
1.21724
1.23529
1.24242
1.24192
1.24349
1.25259
1.26979
1.29266
1.31425
1.32399
1.31848
1.29296
1.24631
1.1881
1.1236
1.06322
1.01282
0.975712
0.949138
0.934267
0.930044
0.935663
0.949543
0.973358
1.00413
1.04433
1.091
1.14462
1.20091
1.25722
1.30995
1.35772
1.39683
1.42449
1.43834
1.43011
1.3973
1.33629
1.25455
1.15683
1.05595
0.954037
0.853337
0.75258
0.647195
0.540988
0.435891
0.340727
0.263211
0.205082
0.169243
0.151936
0.157979
0.182392
0.225608
0.28848
0.371567
0.472207
0.586542
0.709343
0.836026
0.959669
1.07673
1.18011
1.26685
1.33567
1.38516
1.41182
1.41408
1.39118
1.34022
1.26962
1.18233
1.08734
0.997547
0.919887
0.861166
0.82687
0.819658
0.835769
0.877983
0.936496
1.00989
1.08919
1.16836
1.24231
1.31043
1.36631
1.40992
1.43926
1.45306
1.44627
1.42099
1.37667
1.31321
1.23028
1.12996
1.01351
0.88938
0.765698
0.654613
0.558317
0.484362
0.426599
0.382098
0.351489
0.330641
0.321357
0.325363
0.348815
0.388874
0.448331
0.527324
0.624767
0.73356
0.850378
0.967299
1.07605
1.1702
1.24487
1.29283
1.31525
1.31441
1.30301
1.28623
1.27149
1.26866
1.27677
1.29887
1.33011
1.36335
1.39456
1.41379
1.42401
1.41827
1.39559
1.35026
1.28567
1.20469
1.11806
1.03897
0.980328
0.942832
0.931932
0.945934
0.983463
1.03751
1.10025
1.15979
1.20471
1.22699
1.22031
1.18737
1.13594
1.07363
1.01109
0.957254
0.915061
0.879436
0.850653
0.822478
0.792717
0.764371
0.740634
0.732187
0.742329
0.773285
0.834529
0.922431
1.03213
1.15699
1.28457
1.40242
1.49779
1.56486
1.60184
1.61419
1.60681
1.58456
1.55525
1.51769
1.47453
1.42913
1.38309
1.34036
1.30001
1.25428
1.19727
1.12794
1.05363
0.991819
0.954871
0.951255
0.982401
1.04436
1.13276
1.24012
1.35814
1.47033
1.56719
1.635
1.66629
1.65859
1.61841
1.55381
1.47716
1.3969
1.31814
1.24853
1.18687
1.131
1.08182
1.03298
0.98815
0.946019
0.915716
0.898906
0.896074
0.907486
0.93641
0.978934
1.0325
1.09489
1.16037
1.22494
1.28017
1.32127
1.34799
1.35866
1.35567
1.34055
1.31626
1.28148
1.23899
1.19524
1.15402
1.1174
1.09075
1.07521
1.06792
1.06752
1.07613
1.08729
1.09769
1.09975
1.08661
1.05638
1.00785
0.9526
0.903637
0.871938
0.865475
0.884328
0.925844
0.977987
1.03021
1.06773
1.0854
1.08838
1.08282
1.08033
1.08328
1.08993
1.09335
1.09008
1.0745
1.04378
0.996712
0.937958
0.870392
0.799919
0.73023
0.666375
0.613942
0.580213
0.568124
0.579491
0.611954
0.66268
0.723212
0.789218
0.851496
0.907022
0.955666
0.996739
1.03418
1.07087
1.11298
1.15936
1.20912
1.2518
1.27843
1.28615
1.26722
1.22375
1.16211
1.08481
0.997926
0.90184
0.799797
0.693052
0.589986
0.493695
0.409104
0.339049
0.288828
0.262299
0.264869
0.299712
0.364997
0.456958
0.568462
0.691811
0.819587
0.940104
1.04577
1.12745
1.18375
1.21508
1.22546
1.21898
1.20366
1.18457
1.16805
1.15575
1.14717
1.14414
1.14194
1.14037
1.13677
1.13607
1.13962
1.1508
1.17405
1.20799
1.2518
1.30377
1.35885
1.41018
1.45568
1.49165
1.51571
1.52782
1.5288
1.51927
1.50245
1.47829
1.4448
1.40085
1.34443
1.27795
1.19982
1.11439
1.03171
0.953098
0.884483
0.829601
0.788376
0.761532
0.746274
0.7401
0.739675
0.739621
0.73604
0.729065
0.71857
0.704043
0.684384
0.662335
0.641571
0.626346
0.617104
0.616703
0.632289
0.661112
0.702617
0.75812
0.826128
0.904424
0.989323
1.07535
1.15143
1.21525
1.2591
1.27833
1.27107
1.23989
1.19246
1.13508
1.07715
1.02464
0.984207
0.962235
0.960504
0.978962
1.01894
1.07375
1.14648
1.23384
1.33059
1.43955
1.55498
1.66646
1.771
1.86142
1.93954
2
2.04078
2.05428
2.03014
1.96583
1.86233
1.7328
1.5911
1.45354
1.3287
1.22768
1.14813
1.09215
1.05363
1.03434
1.02793
1.0328
1.05077
1.07926
1.11496
1.15297
1.18554
1.20525
1.21109
1.20464
1.19408
1.18149
1.16577
1.14686
1.1169
1.07381
1.0171
0.945608
0.869314
0.795398
0.734986
0.693122
0.669731
0.666438
0.675
0.693089
0.713661
0.729219
0.735612
0.726743
0.70087
0.655889
0.60107
0.531957
0.457401
0.382027
0.315822
0.261048
0.228877
0.221253
0.242082
0.290672
0.366562
0.465704
0.577595
0.691053
0.801131
0.896555
0.977508
1.03344
1.06777
1.08182
1.07338
1.0477
1.00566
0.950454
0.892191
0.836312
0.787807
0.753266
0.736077
0.736839
0.751061
0.776633
0.805058
0.832031
0.850016
0.854714
0.844567
0.820911
0.788837
0.758069
0.736216
0.725987
0.732758
0.754349
0.790848
0.841323
0.900537
0.970043
1.03655
1.08802
1.11255
1.10467
1.0656
0.99572
0.904285
0.805346
0.713185
0.638717
0.59063
0.569911
0.577563
0.610844
0.668285
0.740688
0.818612
0.8944
0.956285
0.998546
1.01856
1.01796
1.00201
0.981208
0.961789
0.947857
0.946845
0.957783
0.976836
0.998905
1.01675
1.02407
1.01685
1.00018
0.974826
0.947549
0.918435
0.890917
0.86418
0.836164
0.796967
0.749937
0.695483
0.641555
0.59059
0.55939
0.545238
0.558631
0.600586
0.67189
0.769689
0.889703
1.02017
1.14506
1.24586
1.31249
1.33341
1.31101
1.25464
1.17626
1.08545
0.994259
0.908149
0.832056
0.765791
0.711991
0.676487
0.656209
0.645571
0.645735
0.649657
0.652659
0.649735
0.645676
0.636088
0.626484
0.619331
0.617049
0.626333
0.647225
0.680608
0.727837
0.785849
0.848484
0.911021
0.966353
1.00293
1.01691
1.00632
0.973663
0.926959
0.87589
0.834746
0.811251
0.810002
0.834678
0.878911
0.938695
1.00548
1.07438
1.13402
1.17693
1.20111
1.20558
1.19684
1.1798
1.16134
1.15093
1.14984
1.15582
1.16578
1.1758
1.18292
1.18335
1.17474
1.15706
1.1307
1.09802
1.05804
1.01343
0.967652
0.921833
0.885648
0.858504
0.840334
0.828096
0.819966
0.813808
0.815491
0.823386
0.842246
0.868959
0.901896
0.936248
0.971261
1.00539
1.03794
1.07219
1.10864
1.1492
1.19652
1.24772
1.30644
1.36676
1.43138
1.49329
1.55223
1.59992
1.63844
1.66678
1.68592
1.69488
1.69209
1.67842
1.65097
1.61103
1.56197
1.51021
1.45948
1.41659
1.38519
1.36899
1.37189
1.3943
1.43036
1.47761
1.52681
1.57263
1.60787
1.62966
1.63747
1.63612
1.63035
1.628
1.63244
1.64366
1.6619
1.67856
1.69122
1.69007
1.67713
1.64691
1.60447
1.55176
1.49098
1.41996
1.34458
1.26559
1.18821
1.11227
1.04083
0.973269
0.910994
0.854917
0.808305
0.770466
0.746217
0.736021
0.742227
0.761621
0.796986
0.842293
0.900571
0.965595
1.03967
1.11876
1.20233
1.27998
1.34797
1.40073
1.43428
1.45026
1.44339
1.41601
1.36778
1.30495
1.23508
1.16475
1.10444
1.05993
1.03613
1.03507
1.05476
1.09324
1.14666
1.2088
1.26997
1.32661
1.37315
1.40766
1.43367
1.44527
1.43865
1.41379
1.37358
1.3182
1.25126
1.17515
1.08959
0.995735
0.898098
0.804336
0.721696
0.664952
0.637964
0.644642
0.684003
0.748422
0.831064
0.921233
1.00916
1.08824
1.15056
1.19632
1.22412
1.23681
1.23757
1.23485
1.2314
1.23489
1.24775
1.27114
1.30685
1.34727
1.38898
1.42648
1.45567
1.47252
1.4691
1.44379
1.39777
1.33552
1.26555
1.19927
1.14113
1.09422
1.05615
1.02586
0.999229
0.973628
0.949756
0.930444
0.919836
0.923314
0.938552
0.971513
1.01669
1.07671
1.14553
1.21828
1.28608
1.34273
1.37776
1.38696
1.37053
1.33298
1.28144
1.22605
1.17304
1.13253
1.11264
1.11267
1.13301
1.17212
1.22724
1.29712
1.37862
1.46769
1.56426
1.65771
1.7478
1.82974
1.89992
1.9556
1.99172
2.00343
1.9927
1.95989
1.9052
1.83863
1.7612
1.6771
1.59031
1.50333
1.42307
1.34954
1.28459
1.22944
1.17873
1.13317
1.09055
1.05225
1.02118
0.997168
0.982133
0.978807
0.982224
0.995417
1.01489
1.03931
1.07161
1.10802
1.14941
1.19339
1.24177
1.28708
1.32586
1.35594
1.37524
1.38223
1.37794
1.36031
1.33715
1.31038
1.27901
1.24509
1.20948
1.17138
1.13035
1.08724
1.04319
1.00341
0.975254
0.959573
0.964203
0.989193
1.03494
1.08874
1.1393
1.17515
1.18277
1.16121
1.12049
1.07614
1.04053
1.02029
1.02448
1.05079
1.09385
1.14659
1.20149
1.24552
1.27384
1.28307
1.27063
1.24086
1.19635
1.13997
1.07783
1.01009
0.937675
0.861266
0.785798
0.71997
0.669893
0.639229
0.635888
0.655226
0.702306
0.77119
0.855807
0.95374
1.05669
1.16084
1.25464
1.33217
1.3832
1.40929
1.4023
1.36315
1.29838
1.21254
1.1195
1.02927
0.953502
0.897718
0.865353
0.856041
0.865857
0.891854
0.930421
0.979835
1.03791
1.10338
1.1752
1.24655
1.31019
1.36164
1.397
1.41475
1.4164
1.40808
1.39438
1.3758
1.35742
1.33654
1.31198
1.28688
1.26615
1.25626
1.26546
1.29417
1.34108
1.39957
1.46143
1.51618
1.56186
1.59414
1.61525
1.63004
1.64056
1.65166
1.66363
1.66977
1.66789
1.65676
1.62952
1.59022
1.53906
1.47932
1.41094
1.33732
1.26125
1.18426
1.10716
1.03134
0.963033
0.904351
0.858389
0.829099
0.818751
0.828917
0.858524
0.908866
0.969836
1.03525
1.09643
1.14023
1.15911
1.14715
1.10479
1.03823
0.962822
0.895748
0.848779
0.830081
0.838603
0.865956
0.900134
0.929245
0.942507
0.942606
0.934542
0.922447
0.916568
0.924257
0.949201
0.982042
1.01722
1.0454
1.05913
1.05869
1.04434
1.02243
0.993945
0.96408
0.939196
0.916449
0.898118
0.884954
0.882614
0.892081
0.914061
0.95372
1.00881
1.07492
1.14442
1.20635
1.24766
1.26097
1.24563
1.20818
1.15572
1.09935
1.05255
1.01755
0.995965
0.983873
0.971129
0.952893
0.923872
0.88771
0.848655
0.811339
0.779889
0.749261
0.72077
0.698374
0.68445
0.684131
0.698751
0.727019
0.765108
0.805707
0.840242
0.865548
0.874751
0.869413
0.856258
0.835611
0.815976
0.798186
0.786612
0.783813
0.791379
0.806403
0.83145
0.862433
0.895125
0.926225
0.951029
0.968601
0.975367
0.976213
0.970897
0.960338
0.948097
0.936461
0.930056
0.931197
0.944287
0.977018
1.03347
1.11223
1.21455
1.32961
1.43659
1.51485
1.53912
1.50546
1.42088
1.30153
1.16811
1.03653
0.912739
0.805291
0.722004
0.663355
0.638555
0.646297
0.686222
0.752157
0.84239
0.947084
1.05838
1.17135
1.27802
1.37066
1.44425
1.49631
1.52542
1.53233
1.52113
1.49745
1.46434
1.42946
1.39691
1.36265
1.32911
1.29333
1.2574
1.21924
1.18101
1.15077
1.13016
1.12028
1.12081
1.13553
1.15896
1.19023
1.22773
1.27102
1.31795
1.36959
1.42503
1.47921
1.52611
1.56003
1.58112
1.59133
1.59473
1.60132
1.60911
1.61807
1.62617
1.63086
1.62642
1.60725
1.57346
1.52779
1.47184
1.41622
1.36451
1.32079
1.2892
1.26557
1.251
1.24306
1.23836
1.23944
1.24009
1.24126
1.23909
1.2365
1.23182
1.22571
1.21672
1.20267
1.1782
1.14365
1.09826
1.04829
1.00098
0.961456
0.935058
0.919861
0.91659
0.927404
0.949949
0.984779
1.03106
1.08456
1.1435
1.20134
1.25199
1.29148
1.31354
1.32241
1.31834
1.3084
1.29905
1.29062
1.28681
1.28799
1.29314
1.30175
1.30836
1.31279
1.31326
1.30975
1.30145
1.29228
1.28403
1.27567
1.26994
1.26956
1.26869
1.26834
1.26804
1.26157
1.24674
1.22506
1.20024
1.1784
1.16262
1.1589
1.16802
1.18384
1.20432
1.21889
1.22359
1.21854
1.20474
1.18778
1.17574
1.17392
1.18542
1.21077
1.24854
1.29302
1.33972
1.37914
1.40858
1.4272
1.4332
1.42836
1.41709
1.39857
1.37906
1.3513
1.31944
1.27859
1.23034
1.17604
1.12331
1.07599
1.03733
1.01408
1.0042
1.00879
1.02528
1.05117
1.08729
1.13482
1.19586
1.26614
1.34505
1.42611
1.50318
1.57057
1.62217
1.65164
1.65868
1.64153
1.59936
1.53683
1.45758
1.36709
1.27003
1.17147
1.0793
0.996995
0.929145
0.880789
0.848873
0.835076
0.831435
0.8296
0.816903
0.792006
0.754025
0.713627
0.681282
0.663083
0.662629
0.680328
0.713409
0.756393
0.806581
0.852977
0.891737
0.914467
0.922658
0.917856
0.904305
0.890369
0.87572
0.865016
0.855188
0.846233
0.835777
0.821856
0.806065
0.78077
0.748952
0.708067
0.658353
0.602708
0.544962
0.490514
0.446501
0.417483
0.407959
0.419291
0.453775
0.517363
0.601162
0.706338
0.826338
0.956542
1.08363
1.20083
1.30603
1.38909
1.44759
1.47834
1.48097
1.4528
1.3955
1.316
1.22539
1.13163
1.05063
0.989164
0.956888
0.953968
0.982741
1.03557
1.10508
1.18383
1.264
1.33679
1.39828
1.44297
1.46497
1.45898
1.42487
1.36468
1.28781
1.20499
1.12789
1.06492
1.02573
1.01056
1.01943
1.04626
1.08314
1.12137
1.15063
1.16837
1.17513
1.17272
1.16506
1.15669
1.14601
1.13326
1.11467
1.09026
1.06398
1.0414
1.02594
1.0232
1.03326
1.04976
1.06343
1.06366
1.04208
1.00164
0.944567
0.880338
0.817398
0.762543
0.717804
0.683447
0.658242
0.637964
0.619805
0.602371
0.582739
0.556478
0.523513
0.487381
0.449226
0.414804
0.388724
0.373571
0.368358
0.374825
0.387758
0.397106
0.399744
0.388862
0.368088
0.33832
0.305856
0.27822
0.265379
0.270816
0.297278
0.346911
0.415692
0.500412
0.595491
0.695648
0.792547
0.885523
0.968392
1.03826
1.09048
1.1237
1.13932
1.13236
1.10613
1.06425
1.01078
0.953842
0.894684
0.841491
0.798074
0.768907
0.759647
0.773373
0.807454
0.85824
0.914369
0.966243
1.00703
1.03419
1.04679
1.05135
1.05294
1.05112
1.04893
1.04898
1.05074
1.05497
1.06255
1.07103
1.0765
1.07493
1.06739
1.05201
1.02957
1.00348
0.979638
0.964338
0.964501
0.982569
1.01748
1.06501
1.11934
1.17827
1.23186
1.28076
1.32509
1.36176
1.39078
1.4095
1.41403
1.40478
1.37598
1.32896
1.26447
1.18792
1.10273
1.01472
0.929607
0.847497
0.774522
0.712946
0.664046
0.626695
0.598241
0.575882
0.558341
0.545591
0.535553
0.530828
0.532206
0.542227
0.556633
0.576356
0.598826
0.619699
0.635589
0.648774
0.656921
0.66091
0.663998
0.663468
0.659492
0.654581
0.645549
0.639736
0.63613
0.637565
0.64679
0.658498
0.675707
0.69808
0.724099
0.753187
0.781553
0.810836
0.836993
0.859532
0.878118
0.893672
0.908707
0.92636
0.948634
0.978025
1.01403
1.05598
1.10557
1.1589
1.21785
1.27393
1.32609
1.36681
1.39086
1.39051
1.36142
1.31019
1.24249
1.17277
1.11219
1.07092
1.05539
1.06464
1.0943
1.13567
1.17932
1.21641
1.24206
1.2566
1.26123
1.26144
1.25781
1.25064
1.24083
1.23174
1.22462
1.22137
1.2213
1.2228
1.22019
1.20868
1.18398
1.14852
1.1061
1.06645
1.03775
1.02301
1.02411
1.03968
1.06644
1.09788
1.13219
1.1626
1.185
1.19749
1.20062
1.19461
1.17864
1.15453
1.12399
1.09076
1.0591
1.03461
1.02183
1.02466
1.03895
1.06517
1.09572
1.12183
1.14009
1.14839
1.1403
1.11718
1.07372
1.00729
0.921914
0.824722
0.730224
0.648482
0.59309
0.567938
0.572403
0.601992
0.649791
0.70655
0.763068
0.80796
0.837126
0.847717
0.84132
0.824312
0.80421
0.785459
0.775834
0.773401
0.77875
0.785507
0.790721
0.796722
0.802657
0.811355
0.827211
0.851704
0.884727
0.92365
0.96282
0.993139
1.01011
1.01531
1.00533
0.995175
0.987505
0.989137
1.00792
1.03971
1.08511
1.14023
1.20305
1.26863
1.33558
1.40088
1.46416
1.52399
1.58108
1.63069
1.67675
1.71545
1.74981
1.77129
1.77921
1.76237
1.71809
1.64129
1.53838
1.41886
1.29923
1.19331
1.11588
1.07336
1.066
1.0884
1.12721
1.1681
1.19795
1.20876
1.19781
1.16644
1.11413
1.05033
0.981369
0.920638
0.87394
0.844231
0.833271
0.835188
0.84874
0.873286
0.904047
0.944267
0.988653
1.0425
1.10018
1.1581
1.2155
1.26482
1.30424
1.3319
1.34448
1.33801
1.31532
1.27616
1.22766
1.1744
1.13044
1.10605
1.09988
1.11342
1.14024
1.1635
1.17771
1.18064
1.16987
1.15419
1.13114
1.10839
1.08869
1.07395
1.06571
1.05879
1.05758
1.05855
1.05756
1.0546
1.04621
1.02544
0.985111
0.919811
0.832878
0.739096
0.656728
0.600776
0.583469
0.606319
0.666065
0.755091
0.860607
0.971282
1.07162
1.15246
1.20777
1.23034
1.22359
1.19912
1.17352
1.15644
1.14922
1.15303
1.16292
1.17354
1.18401
1.19022
1.19212
1.19003
1.18448
1.16994
1.14794
1.11668
1.08349
1.0541
1.03548
1.03128
1.04464
1.079
1.13412
1.20627
1.29165
1.38451
1.47515
1.55562
1.61653
1.65173
1.66185
1.64891
1.61783
1.5742
1.52456
1.4719
1.41662
1.36082
1.30094
1.23654
1.16968
1.10318
1.04301
0.989903
0.945972
0.914866
0.898632
0.898253
0.917804
0.957228
1.01355
1.07866
1.1407
1.18464
1.20354
1.19796
1.16838
1.12721
1.0872
1.05976
1.05412
1.07066
1.10407
1.15057
1.19621
1.22992
1.24635
1.24212
1.22645
1.2007
1.17468
1.15296
1.13939
1.13306
1.13429
1.13795
1.14266
1.14599
1.14887
1.15224
1.16222
1.17803
1.19464
1.21494
1.2346
1.24834
1.25546
1.25854
1.26141
1.26117
1.25727
1.24534
1.2196
1.18362
1.137
1.08629
1.03622
0.988356
0.940517
0.894475
0.848589
0.810277
0.783298
0.767512
0.755643
0.745207
0.730949
0.71212
0.691513
0.672882
0.657114
0.643024
0.627674
0.609311
0.587543
0.56787
0.551302
0.542453
0.544661
0.561275
0.587469
0.625293
0.670822
0.720801
0.773259
0.825871
0.874437
0.917021
0.956804
0.988779
1.01129
1.02693
1.0386
1.04597
1.05108
1.05623
1.06173
1.06469
1.06493
1.06316
1.05705
1.04841
1.03685
1.02039
0.998022
0.974929
0.955362
0.944426
0.946977
0.96196
0.990144
1.02468
1.05256
1.07053
1.07469
1.06831
1.05534
1.04041
1.02084
0.996209
0.967066
0.935788
0.90397
0.873834
0.843454
0.814733
0.791225
0.770649
0.752611
0.740396
0.732924
0.730096
0.732267
0.739377
0.748996
0.755325
0.751719
0.738871
0.713201
0.679635
0.643482
0.608533
0.584309
0.571894
0.572021
0.578614
0.585346
0.582796
0.569755
0.547793
0.526988
0.516351
0.524703
0.555701
0.607949
0.680943
0.768892
0.864143
0.956934
1.03644
1.09196
1.11566
1.11167
1.08341
1.04407
0.999648
0.955323
0.916672
0.887832
0.86798
0.859295
0.864115
0.879923
0.909573
0.950187
1.0001
1.05464
1.10987
1.16376
1.20954
1.24699
1.2724
1.28256
1.27262
1.23705
1.17742
1.09759
1.00886
0.919777
0.836589
0.766924
0.715389
0.688217
0.685647
0.713222
0.76708
0.845267
0.940258
1.03703
1.11936
1.1687
1.17385
1.13244
1.05257
0.9447
0.822236
0.698418
0.581182
0.476942
0.398147
0.341947
0.314715
0.31516
0.337629
0.37684
0.425759
0.479674
0.535544
0.584449
0.624665
0.651663
0.669249
0.676715
0.678259
0.678079
0.678626
0.678778
0.675568
0.672729
0.670394
0.671387
0.678654
0.693723
0.711691
0.733742
0.758128
0.782054
0.805955
0.830167
0.853819
0.879448
0.909254
0.940952
0.97796
1.0133
1.0445
1.05843
1.05323
1.0275
0.985654
0.932904
0.88015
0.828656
0.784888
0.754386
0.738976
0.738646
0.758455
0.799614
0.858892
0.932641
1.01227
1.09045
1.16237
1.2195
1.26068
1.28555
1.29527
1.29243
1.2796
1.26002
1.23577
1.20813
1.18324
1.16244
1.15046
1.14819
1.15308
1.16667
1.18658
1.20689
1.22258
1.23096
1.22319
1.19974
1.15925
1.1011
1.03282
0.95657
0.878292
0.800153
0.730316
0.672236
0.630064
0.607611
0.606484
0.626636
0.663695
0.716582
0.779593
0.848245
0.916189
0.982278
1.03537
1.07173
1.08422
1.07476
1.04972
1.0161
0.985611
0.96556
0.96373
0.979537
1.01251
1.05839
1.10902
1.15899
1.20366
1.23447
1.25332
1.26074
1.25551
1.23798
1.21099
1.17282
1.12424
1.07579
1.0315
0.999794
0.984193
0.98352
0.998007
1.02302
1.05359
1.08953
1.12418
1.15389
1.17701
1.19043
1.1968
1.19571
1.18778
1.17065
1.14987
1.12613
1.10219
1.07888
1.05968
1.04404
1.03297
1.03011
1.03358
1.04248
1.05808
1.07661
1.09766
1.12101
1.14752
1.17424
1.19947
1.22308
1.23981
1.24606
1.24235
1.22935
1.21123
1.18564
1.15754
1.12815
1.09612
1.06225
1.02218
0.97783
0.933121
0.893511
0.863283
0.847962
0.842264
0.843496
0.847173
0.848442
0.843038
0.836443
0.828646
0.821173
0.817314
0.814136
0.811753
0.811433
0.813595
0.818523
0.828488
0.843069
0.856221
0.863673
0.868648
0.869344
0.867148
0.868217
0.871938
0.876218
0.876849
0.865965
0.84753
0.829522
0.814782
0.807055
0.802126
0.798708
0.797171
0.796213
0.804196
0.819296
0.844816
0.878475
0.918115
0.96036
0.993557
1.00769
0.996832
0.956619
0.885326
0.790648
0.682973
0.581823
0.50262
0.454972
0.442907
0.466487
0.515462
0.582859
0.658423
0.735252
0.809316
0.87663
0.93741
0.992361
1.0444
1.09578
1.1476
1.20458
1.26821
1.33861
1.41128
1.48297
1.54156
1.58267
1.60232
1.59998
1.58231
1.55101
1.5186
1.49357
1.48257
1.49134
1.52161
1.57033
1.63164
1.69718
1.7558
1.79358
1.8066
1.78893
1.74125
1.66537
1.56321
1.44022
1.30601
1.17212
1.05337
0.958057
0.894648
0.866002
0.872415
0.908208
0.965629
1.03492
1.10803
1.17427
1.22915
1.26473
1.28332
1.28593
1.27168
1.24676
1.21848
1.18546
1.14935
1.10387
1.04354
0.968896
0.881624
0.792893
0.714098
0.654104
0.620874
0.619755
0.645826
0.69706
0.768001
0.84887
0.933993
1.01447
1.08468
1.13561
1.16214
1.16429
1.14506
1.1103
1.06564
1.02041
0.981032
0.952125
0.933389
0.924893
0.925474
0.929783
0.933706
0.933126
0.922123
0.897965
0.861748
0.819936
0.777023
0.737957
0.711083
0.701532
0.713566
0.751829
0.823558
0.925694
1.05939
1.21656
1.3824
1.54104
1.67878
1.78022
1.83995
1.85861
1.83808
1.78538
1.71354
1.62957
1.54664
1.47159
1.41819
1.38476
1.37157
1.37103
1.37757
1.38232
1.37809
1.36009
1.32798
1.2793
1.21456
1.13142
1.03803
0.94114
0.847819
0.774029
0.722392
0.698241
0.705824
0.743371
0.809169
0.892076
0.980806
1.06878
1.1421
1.19733
1.2397
1.27145
1.29747
1.31815
1.3371
1.3506
1.35986
1.36568
1.36993
1.36659
1.36053
1.3483
1.33068
1.31196
1.29392
1.28133
1.27873
1.2886
1.31979
1.37291
1.44332
1.51307
1.5664
1.58585
1.57604
1.54884
1.51642
1.48735
1.45837
1.42461
1.37426
1.30552
1.21761
1.11641
1.00771
0.896494
0.791333
0.693197
0.610596
0.547374
0.502898
0.480346
0.46985
0.474543
0.488042
0.506025
0.526452
0.543892
0.557652
0.564922
0.564544
0.555618
0.543316
0.531757
0.526915
0.528774
0.537906
0.557309
0.582335
0.617578
0.663237
0.719573
0.787432
0.86468
0.945156
1.02628
1.10238
1.16594
1.21054
1.2345
1.23425
1.21279
1.17354
1.12089
1.06268
1.0043
0.952654
0.910264
0.87946
0.86271
0.861625
0.876699
0.912327
0.96291
1.019
1.07622
1.12451
1.15888
1.17934
1.19198
1.2029
1.21752
1.23363
1.24703
1.25255
1.24788
1.23437
1.21214
1.18602
1.16365
1.1482
1.14629
1.15825
1.17881
1.20105
1.21631
1.21795
1.19791
1.1617
1.10958
1.04948
0.987008
0.925426
0.868769
0.821811
0.784059
0.755288
0.73304
0.716093
0.70415
0.698839
0.700397
0.705073
0.713811
0.7279
0.744575
0.769797
0.800728
0.836127
0.87223
0.902842
0.920638
0.923869
0.909909
0.881757
0.840375
0.793159
0.74646
0.708023
0.680731
0.668077
0.671123
0.68533
0.711651
0.742446
0.774289
0.801304
0.824782
0.836752
0.838459
0.832924
0.82475
0.819021
0.829292
0.860069
0.920326
1.00674
1.11944
1.24913
1.38309
1.51078
1.61292
1.67455
1.68524
1.6484
1.57962
1.49246
1.40723
1.33324
1.28054
1.24567
1.22698
1.22538
1.23271
1.23965
1.23999
1.22825
1.20053
1.16051
1.10941
1.0491
0.987091
0.920438
0.850597
0.782721
0.719144
0.662548
0.617514
0.587337
0.574185
0.582684
0.616018
0.673277
0.754592
0.853934
0.965439
1.08376
1.19979
1.31072
1.41067
1.49462
1.55418
1.57924
1.56517
1.51196
1.43092
1.3341
1.23772
1.14966
1.07403
1.01534
0.970615
0.938265
0.911786
0.889518
0.870274
0.853228
0.84393
0.842698
0.849081
0.862638
0.880983
0.896065
0.908551
0.916031
0.920374
0.924623
0.93086
0.943156
0.962674
0.988029
1.02012
1.05216
1.08264
1.11148
1.14057
1.16561
1.18488
1.19807
1.19928
1.19055
1.17635
1.1635
1.15893
1.16873
1.19054
1.22405
1.26277
1.30396
1.34213
1.3774
1.40806
1.4369
1.46653
1.49478
1.52074
1.54353
1.55613
1.55829
1.55263
1.53551
1.50944
1.4729
1.4293
1.38196
1.3357
1.29759
1.26903
1.25659
1.26183
1.2832
1.31813
1.35886
1.39699
1.43056
1.45478
1.46569
1.46699
1.45485
1.42817
1.39079
1.34585
1.29459
1.24323
1.19681
1.15875
1.13364
1.12175
1.12359
1.1366
1.16355
1.19696
1.22889
1.25317
1.26207
1.25049
1.21218
1.14872
1.06011
0.955524
0.846538
0.748565
0.667014
0.614986
0.589431
0.595776
0.629981
0.684859
0.75526
0.834739
0.915063
0.992445
1.06098
1.11925
1.16468
1.19745
1.2187
1.22843
1.22539
1.21114
1.18647
1.1531
1.1132
1.06977
1.02917
0.993506
0.969239
0.954679
0.953585
0.96142
0.978568
0.998556
1.01686
1.03351
1.04229
1.04135
1.02907
1.00235
0.962955
0.91362
0.865031
0.82877
0.811835
0.817763
0.845609
0.88777
0.93843
0.99193
1.03915
1.07576
1.10084
1.11343
1.113
1.10022
1.08098
1.06197
1.04531
1.03836
1.04014
1.05206
1.06808
1.08249
1.09115
1.09397
1.08784
1.07752
1.06983
1.0694
1.07888
1.1003
1.13466
1.17329
1.20841
1.22951
1.23444
1.21976
1.18815
1.14446
1.09498
1.04433
1.00109
0.968093
0.948563
0.943602
0.952264
0.976032
1.01043
1.05498
1.1061
1.15688
1.20173
1.23504
1.25635
1.26414
1.26647
1.26401
1.26475
1.26789
1.27467
1.28266
1.29551
1.31455
1.33547
1.35794
1.37635
1.38491
1.38147
1.36716
1.34339
1.31348
1.27928
1.24723
1.22036
1.19899
1.18726
1.1845
1.1882
1.19784
1.20939
1.22314
1.23632
1.24584
1.25356
1.2598
1.2642
1.26929
1.27079
1.27237
1.26896
1.26236
1.25046
1.23762
1.22371
1.20932
1.1946
1.18178
1.16776
1.15743
1.15119
1.14775
1.14886
1.15189
1.1508
1.14264
1.12712
1.10567
1.0811
1.05657
1.0361
1.01972
1.00439
0.986087
0.962473
0.934993
0.907827
0.885479
0.87336
0.876507
0.892512
0.919758
0.956166
0.999132
1.04166
1.08486
1.12288
1.1518
1.17205
1.18178
1.18263
1.17807
1.17102
1.16534
1.16401
1.16416
1.16992
1.17458
1.17779
1.17647
1.17183
1.16315
1.15273
1.14142
1.12452
1.10349
1.07897
1.05186
1.02134
0.992176
0.962697
0.931784
0.902594
0.874046
0.846342
0.821229
0.799219
0.78219
0.770995
0.763664
0.766189
0.773964
0.788834
0.812218
0.848738
0.896797
0.95482
1.02397
1.10203
1.18702
1.27491
1.36326
1.44237
1.49598
1.51589
1.50213
1.45966
1.39495
1.32284
1.24992
1.18303
1.13003
1.09524
1.07654
1.07136
1.07496
1.07885
1.07685
1.05705
1.02597
0.983985
0.937447
0.896125
0.862781
0.842041
0.838387
0.848138
0.870997
0.905158
0.944296
0.985068
1.01989
1.04291
1.0491
1.0383
1.01757
0.992127
0.968463
0.952304
0.946563
0.947955
0.945231
0.936355
0.914138
0.878566
0.837201
0.79738
0.768886
0.754504
0.75711
0.780792
0.822526
0.881737
0.955595
1.0399
1.12889
1.21436
1.29261
1.35604
1.39917
1.41923
1.41983
1.39987
1.36649
1.32175
1.27625
1.23595
1.20433
1.18686
1.18214
1.19083
1.20568
1.21943
1.22801
1.23041
1.21974
1.19653
1.16305
1.1218
1.07378
1.02368
0.975979
0.934046
0.905683
0.896634
0.907357
0.939767
0.985946
1.03586
1.07659
1.0992
1.10672
1.09995
1.09272
1.09819
1.12416
1.17401
1.24547
1.33018
1.41432
1.48586
1.52837
1.52849
1.48561
1.40186
1.28675
1.15843
1.03283
0.918642
0.819774
0.735261
0.665115
0.607219
0.558318
0.514125
0.477689
0.44504
0.420321
0.408371
0.412464
0.437029
0.482359
0.548205
0.631463
0.726544
0.830059
0.938474
1.05022
1.16273
1.27105
1.37068
1.45406
1.51559
1.5424
1.52875
1.46897
1.3654
1.23427
1.09214
0.95683
0.834802
0.733463
0.658804
0.612428
0.597593
0.612627
0.654387
0.702319
0.729032
0.718024
0.671736
0.605379
0.53845
0.481986
0.434065
0.392225
0.353334
0.313893
0.268604
0.223968
0.179351
0.141412
0.1187
0.12251
0.157009
0.220835
0.310719
0.412654
0.515189
0.601302
0.657571
0.678217
0.666441
0.635029
0.600055
0.574715
0.570857
0.594531
0.644212
0.715265
0.792498
0.86119
0.909099
0.930055
0.920825
0.896773
0.870992
0.85048
0.838977
0.83658
0.839908
0.843876
0.84918
0.851337
0.854419
0.861807
0.874092
0.894884
0.920789
0.952867
0.98938
1.03052
1.07083
1.10584
1.13073
1.14345
1.14288
1.12511
1.09487
1.05435
1.00908
0.964616
0.923624
0.893737
0.878963
0.879652
0.89355
0.92005
0.952213
0.98077
1.00349
1.01618
1.01706
1.00851
0.986784
0.953452
0.910533
0.863397
0.812181
0.763253
0.719562
0.678494
0.647801
0.628804
0.629903
0.648202
0.680367
0.714793
0.744944
0.763287
0.767567
0.765033
0.759856
0.757878
0.764004
0.785926
0.826202
0.886566
0.961562
1.04594
1.13274
1.21663
1.294
1.36382
1.42524
1.47016
1.49611
1.5018
1.49507
1.48191
1.47707
1.48462
1.50348
1.52189
1.53111
1.52468
1.49651
1.45129
1.39677
1.33851
1.28077
1.22579
1.17059
1.11168
1.05294
0.98902
0.924507
0.863484
0.812149
0.775924
0.760419
0.767839
0.798551
0.849166
0.910767
0.977197
1.03614
1.08459
1.12099
1.14527
1.15643
1.15571
1.14689
1.12494
1.09391
1.05161
0.997752
0.934473
0.865847
0.800219
0.741016
0.694392
0.665814
0.656314
0.667713
0.690743
0.730801
0.777723
0.828852
0.880995
0.929678
0.973275
1.01529
1.05195
1.07992
1.10418
1.11821
1.12112
1.11505
1.10221
1.07945
1.05279
1.02074
0.986379
0.955828
0.93438
0.926728
0.937806
0.969
1.02001
1.08502
1.15775
1.23204
1.29913
1.34745
1.37097
1.36865
1.33705
1.27998
1.20899
1.13164
1.0608
1.00384
0.972112
0.966517
0.989703
1.03663
1.09976
1.17099
1.24122
1.3022
1.34921
1.38327
1.40668
1.41994
1.42757
1.42892
1.42674
1.41825
1.40498
1.39
1.37683
1.36968
1.37091
1.37869
1.39039
1.40387
1.40989
1.40837
1.39812
1.38025
1.35629
1.32964
1.30574
1.28628
1.27658
1.27626
1.29292
1.31643
1.34896
1.38677
1.42777
1.46732
1.50256
1.52719
1.53781
1.52576
1.49897
1.45866
1.40869
1.35821
1.30828
1.26347
1.22313
1.1883
1.15847
1.13481
1.12227
1.1203
1.13409
1.16098
1.20215
1.25191
1.30256
1.34578
1.37572
1.38599
1.37572
1.3517
1.32182
1.29468
1.27927
1.27644
1.28678
1.30876
1.33777
1.37048
1.41023
1.45633
1.5054
1.54959
1.58323
1.59741
1.58866
1.55973
1.51168
1.45297
1.39074
1.33554
1.28814
1.24644
1.2103
1.17239
1.127
1.07286
1.01574
0.963322
0.92303
0.898984
0.891847
0.9014
0.924616
0.963955
1.01484
1.07855
1.14512
1.2126
1.27926
1.34075
1.39827
1.45056
1.5012
1.54888
1.59526
1.64008
1.68466
1.73205
1.77612
1.80971
1.8283
1.82088
1.78804
1.73154
1.65099
1.55529
1.44511
1.32569
1.20426
1.0851
0.977406
0.886146
0.820054
0.782486
0.773841
0.791602
0.827418
0.87179
0.916465
0.956489
0.988399
1.00985
1.02189
1.02676
1.02419
1.01991
1.01437
1.00613
0.997157
0.982217
0.957805
0.924538
0.881853
0.832658
0.783323
0.737258
0.6975
0.667656
0.64053
0.618535
0.599809
0.591405
0.597697
0.620325
0.660508
0.71302
0.768255
0.816686
0.857982
0.885435
0.899739
0.90917
0.913697
0.914587
0.917358
0.921208
0.929783
0.945686
0.969627
1.00147
1.04268
1.09123
1.144
1.20079
1.25236
1.29182
1.31292
1.30318
1.26547
1.19804
1.10802
1.00387
0.894918
0.781517
0.672872
0.56907
0.476264
0.397706
0.339569
0.305452
0.29543
0.31218
0.354526
0.41745
0.495287
0.580095
0.661632
0.730659
0.780458
0.807486
0.815318
0.805874
0.783665
0.755076
0.724716
0.69708
0.677577
0.665609
0.659629
0.656811
0.650259
0.640206
0.621303
0.594478
0.559892
0.526025
0.496542
0.4799
0.48253
0.508062
0.559066
0.626159
0.705554
0.785738
0.860958
0.926606
0.978659
1.01604
1.04371
1.06084
1.07012
1.07473
1.06912
1.05243
1.02195
0.978526
0.925445
0.868658
0.812405
0.7641
0.72561
0.702687
0.696286
0.706218
0.730639
0.769854
0.821504
0.884046
0.956654
1.03166
1.10844
1.17799
1.23575
1.27904
1.30412
1.31219
1.30804
1.29865
1.28897
1.28567
1.29049
1.30796
1.33364
1.36841
1.4084
1.44849
1.49164
1.53372
1.57523
1.61541
1.65622
1.69942
1.74316
1.78319
1.81686
1.83547
1.83433
1.80763
1.75893
1.6945
1.62529
1.55976
1.50288
1.45153
1.405
1.36138
1.31734
1.27406
1.23151
1.19257
1.15876
1.12758
1.10117
1.07997
1.06789
1.06809
1.08603
1.12139
1.17221
1.23748
1.30556
1.36123
1.39733
1.40375
1.38033
1.32816
1.25573
1.17434
1.09002
1.0103
0.941072
0.887192
0.852956
0.836745
0.8378
0.857145
0.889983
0.93257
0.978734
1.02328
1.06282
1.09071
1.11396
1.13297
1.15098
1.16761
1.18537
1.20191
1.2224
1.2451
1.27333
1.30909
1.35092
1.39664
1.44517
1.49468
1.53782
1.57659
1.60402
1.62012
1.62498
1.61795
1.60027
1.57679
1.55029
1.5251
1.50668
1.49286
1.48311
1.47469
1.45858
1.43364
1.40253
1.36289
1.31911
1.27814
1.24419
1.21999
1.20814
1.21189
1.22649
1.25089
1.28475
1.32501
1.3671
1.413
1.458
1.49892
1.53322
1.55614
1.56557
1.55723
1.53039
1.48648
1.42881
1.36437
1.29563
1.22842
1.16606
1.11075
1.06395
1.0303
1.00905
1.00605
1.02453
1.06191
1.12174
1.19645
1.28121
1.37377
1.46852
1.55967
1.64403
1.71882
1.77546
1.80939
1.81516
1.79592
1.75583
1.70408
1.64733
1.59084
1.5376
1.49487
1.46061
1.43762
1.42775
1.4324
1.45
1.47906
1.5171
1.55609
1.59596
1.63302
1.6681
1.70209
1.73633
1.77068
1.80631
1.83509
1.85706
1.86986
1.86835
1.85077
1.82168
1.78329
1.73968
1.69398
1.6506
1.61283
1.58266
1.56453
1.55399
1.55377
1.55759
1.562
1.56786
1.57196
1.57656
1.58011
1.58922
1.60374
1.62309
1.64328
1.66552
1.68377
1.69448
1.69393
1.67542
1.64771
1.60682
1.5604
1.51562
1.47155
1.42861
1.38819
1.3467
1.29806
1.24845
1.19343
1.13771
1.08117
1.02994
0.985117
0.948745
0.92044
0.905033
0.897301
0.907756
0.930402
0.964439
1.00484
1.0405
1.05717
1.05182
1.02395
0.98692
0.950406
0.924007
0.915035
0.928036
0.964935
1.02871
1.11062
1.21017
1.31805
1.42153
1.50222
1.54445
1.53975
1.4929
1.41236
1.31361
1.21589
1.13146
1.06549
1.01558
0.975016
0.947125
0.932403
0.932574
0.952879
0.994872
1.06134
1.14081
1.22507
1.29782
1.35067
1.37926
1.3884
1.38902
1.38998
1.39588
1.40608
1.41611
1.41665
1.40081
1.37083
1.32864
1.286
1.25234
1.23539
1.23567
1.24723
1.26714
1.2903
1.3143
1.33497
1.35821
1.38689
1.42388
1.46563
1.51164
1.55228
1.58442
1.60234
1.60231
1.58526
1.55979
1.53272
1.5118
1.50255
1.50332
1.51255
1.52553
1.53373
1.53403
1.52438
1.50722
1.48474
1.46021
1.43615
1.41441
1.39541
1.37858
1.3643
1.35625
1.35426
1.35804
1.36493
1.37398
1.37746
1.37036
1.34854
1.30569
1.24707
1.17549
1.09772
1.02651
0.96775
0.932398
0.925928
0.954919
1.01652
1.11094
1.22883
1.3543
1.4735
1.57217
1.63713
1.66149
1.64768
1.60531
1.54409
1.47572
1.41111
1.35806
1.31479
1.28017
1.24863
1.21636
1.1804
1.14167
1.10894
1.08571
1.07481
1.07565
1.08131
1.08578
1.08845
1.08794
1.08774
1.0894
1.09534
1.10299
1.10788
1.10097
1.07986
1.04004
0.987806
0.930173
0.878842
0.840417
0.823529
0.825611
0.848858
0.889683
0.940895
0.991348
1.02625
1.03991
1.03622
1.02859
1.03051
1.0485
1.08456
1.13099
1.1811
1.22431
1.25581
1.26951
1.26731
1.24845
1.22036
1.18906
1.16119
1.14123
1.12993
1.12832
1.1335
1.14541
1.15657
1.16843
1.18188
1.19608
1.21634
1.24402
1.27719
1.31484
1.3496
1.37694
1.38952
1.38823
1.36953
1.33756
1.29658
1.24865
1.19833
1.14954
1.1017
1.05818
1.01519
0.976448
0.936447
0.897049
0.856983
0.814564
0.770769
0.729302
0.694322
0.670748
0.65838
0.658542
0.669522
0.69578
0.727487
0.766186
0.807988
0.847175
0.879604
0.89775
0.902805
0.895124
0.869135
0.827653
0.774229
0.711132
0.651135
0.600038
0.568842
0.561538
0.578263
0.619084
0.678141
0.753582
0.840418
0.931209
1.0216
1.10582
1.17561
1.22614
1.25476
1.2603
1.24364
1.21386
1.17505
1.13634
1.11173
1.10332
1.11779
1.15054
1.19703
1.24619
1.29032
1.32369
1.34158
1.34391
1.33269
1.31233
1.28691
1.26168
1.23898
1.21853
1.20261
1.19258
1.18905
1.19074
1.19903
1.20683
1.21036
1.20581
1.18777
1.15778
1.11708
1.06921
1.02137
0.974239
0.928719
0.886963
0.842619
0.79462
0.742439
0.68776
0.637985
0.596039
0.565704
0.551068
0.551876
0.569883
0.603832
0.64791
0.701785
0.758798
0.809804
0.854579
0.887023
0.908081
0.91679
0.915122
0.909777
0.906815
0.908733
0.921749
0.950966
0.996237
1.05578
1.12469
1.19309
1.25576
1.30475
1.34287
1.37122
1.39524
1.41121
1.42352
1.42485
1.41894
1.40667
1.39035
1.36998
1.34493
1.31513
1.27839
1.2341
1.18437
1.13588
1.09381
1.06085
1.04066
1.03331
1.03796
1.0544
1.08135
1.11851
1.16806
1.22262
1.28041
1.33487
1.37911
1.40544
1.41296
1.40446
1.38701
1.36939
1.35763
1.35502
1.36447
1.38306
1.40685
1.4335
1.4568
1.47455
1.48763
1.49222
1.48978
1.4786
1.46123
1.44412
1.43256
1.43345
1.45545
1.49077
1.53028
1.56212
1.57247
1.55826
1.52285
1.47322
1.41465
1.35333
1.29465
1.24294
1.19787
1.15708
1.11542
1.07143
1.02568
0.982998
0.949766
0.929645
0.927995
0.939512
0.969496
1.01453
1.06919
1.12588
1.17494
1.21036
1.22382
1.21009
1.17863
1.13749
1.0981
1.06829
1.06042
1.07618
1.1182
1.1825
1.26293
1.34751
1.42747
1.49322
1.54104
1.57157
1.58142
1.57507
1.55651
1.52907
1.50137
1.47744
1.45956
1.44839
1.44458
1.44056
1.43567
1.4231
1.399
1.35859
1.30462
1.23993
1.16913
1.09685
1.02934
0.971395
0.929925
0.905736
0.8987
0.906794
0.927396
0.952721
0.984179
1.01646
1.04706
1.07443
1.09731
1.11564
1.13341
1.15219
1.16608
1.17852
1.18045
1.17415
1.15863
1.1395
1.12445
1.1185
1.1292
1.15791
1.20017
1.25114
1.30253
1.35005
1.3894
1.42232
1.44186
1.45354
1.45438
1.44714
1.43443
1.42078
1.40824
1.4001
1.39886
1.40432
1.41223
1.41733
1.41891
1.41345
1.40131
1.3858
1.36803
1.3506
1.32713
1.29564
1.24944
1.19418
1.13519
1.08603
1.04686
1.02456
1.01485
1.01804
1.02855
1.0451
1.06059
1.07585
1.08716
1.09471
1.09922
1.0987
1.10362
1.11468
1.13536
1.16109
1.19031
1.21473
1.23074
1.23743
1.22723
1.20186
1.16706
1.12369
1.07877
1.03108
0.985067
0.939825
0.895193
0.85547
0.823084
0.798918
0.783542
0.778065
0.779273
0.788018
0.799566
0.813717
0.828455
0.844425
0.855613
0.862255
0.857121
0.842504
0.816313
0.779146
0.740235
0.70584
0.683496
0.680468
0.6996
0.738786
0.797956
0.870995
0.955242
1.04878
1.14475
1.24221
1.33889
1.42922
1.50998
1.57815
1.6281
1.66004
1.67333
1.66986
1.65619
1.63536
1.61137
1.58955
1.57223
1.56164
1.5555
1.55274
1.54745
1.53757
1.51978
1.4988
1.48024
1.46633
1.45815
1.45279
1.44578
1.43412
1.41569
1.39217
1.36431
1.33945
1.32156
1.31628
1.32375
1.34298
1.37258
1.40277
1.42537
1.43543
1.42833
1.40866
1.38599
1.36701
1.3623
1.37285
1.39996
1.4382
1.4761
1.50168
1.50976
1.4984
1.47449
1.44528
1.42031
1.40461
1.39325
1.38171
1.36531
1.33653
1.29176
1.23282
1.16587
1.09356
1.02757
0.969914
0.925916
0.894615
0.87543
0.868134
0.86695
0.868273
0.870445
0.86954
0.861564
0.847844
0.82986
0.809567
0.794231
0.789125
0.799772
0.825273
0.866284
0.921301
0.987098
1.06159
1.1417
1.22287
1.30234
1.37282
1.4306
1.47288
1.5
1.51327
1.51673
1.51552
1.50975
1.50098
1.49086
1.4768
1.46044
1.44351
1.42652
1.4109
1.39975
1.39144
1.38793
1.38726
1.3869
1.38284
1.37459
1.3638
1.35189
1.34211
1.33433
1.32916
1.32231
1.31046
1.28869
1.2545
1.21059
1.1605
1.11037
1.06283
1.02489
0.995782
0.977859
0.972109
0.976572
0.990562
1.00981
1.03138
1.05003
1.06126
1.06204
1.05408
1.03989
1.02874
1.02183
1.02321
1.03329
1.05351
1.07913
1.10957
1.1408
1.17267
1.19953
1.22033
1.23277
1.23656
1.23529
1.23149
1.23087
1.23625
1.24712
1.26172
1.27859
1.29266
1.30966
1.32809
1.35139
1.3803
1.41479
1.45203
1.49168
1.52657
1.55436
1.56913
1.57015
1.5549
1.52472
1.47694
1.4144
1.33682
1.25312
1.17093
1.09418
1.02407
0.962213
0.908317
0.864639
0.832991
0.816792
0.819234
0.840118
0.877092
0.925318
0.979906
1.03085
1.07507
1.10822
1.13685
1.15605
1.17024
1.17743
1.18606
1.19922
1.21974
1.24998
1.28512
1.32467
1.36109
1.39362
1.4179
1.42605
1.42261
1.40277
1.36658
1.31581
1.25545
1.18973
1.12571
1.06551
1.01382
0.971251
0.937027
0.909594
0.890916
0.881967
0.883736
0.901315
0.935613
0.9886
1.05427
1.12877
1.20219
1.27081
1.32979
1.37447
1.40228
1.41295
1.40974
1.39478
1.37226
1.34583
1.31875
1.29529
1.27566
1.26004
1.24212
1.21572
1.1756
1.117
1.03847
0.947369
0.854266
0.770587
0.707551
0.668743
0.654123
0.658881
0.67702
0.69803
0.717975
0.725419
0.720359
0.699238
0.663551
0.620996
0.577476
0.544365
0.527611
0.526174
0.538302
0.560132
0.586083
0.614957
0.649984
0.690754
0.739902
0.794439
0.849166
0.899186
0.936196
0.955459
0.956376
0.942462
0.915421
0.884819
0.859275
0.842642
0.83277
0.831703
0.838085
0.85546
0.881922
0.91794
0.959474
1.00388
1.04855
1.09133
1.1354
1.18082
1.2247
1.264
1.29336
1.31099
1.31563
1.3005
1.27257
1.23402
1.19293
1.1561
1.12721
1.11004
1.10049
1.09847
1.09276
1.07774
1.04325
0.988181
0.910672
0.819771
0.723073
0.632249
0.553637
0.485768
0.432485
0.394101
0.373812
0.367374
0.382062
0.420091
0.476413
0.551177
0.641133
0.742623
0.849822
0.959044
1.06149
1.15274
1.22518
1.27771
1.30857
1.32536
1.32894
1.32469
1.31471
1.29908
1.27791
1.25051
1.21852
1.18799
1.16016
1.13713
1.11848
1.10648
1.10153
1.10004
1.09804
1.09527
1.08472
1.06567
1.03986
1.01171
0.984624
0.966048
0.962588
0.975378
1.00571
1.05219
1.11142
1.17422
1.24138
1.31022
1.38074
1.4453
1.49922
1.5335
1.53575
1.49718
1.41957
1.31512
1.20019
1.08633
0.982174
0.893031
0.821996
0.768976
0.73431
0.716508
0.710959
0.715902
0.725025
0.740519
0.758712
0.776002
0.791334
0.806531
0.819219
0.829699
0.837853
0.844997
0.849461
0.851506
0.851008
0.841242
0.820021
0.785891
0.742073
0.691696
0.641649
0.596115
0.560255
0.541863
0.539401
0.556189
0.591043
0.640559
0.698684
0.755911
0.804504
0.835788
0.843371
0.833203
0.812642
0.79222
0.779415
0.785387
0.810001
0.854045
0.908812
0.964342
1.00696
1.03084
1.02999
1.00908
0.973656
0.933394
0.892127
0.863448
0.85137
0.860216
0.898113
0.963015
1.05785
1.17156
1.28769
1.38705
1.45672
1.48695
1.47791
1.44385
1.39048
1.32641
1.26293
1.20156
1.15332
1.1209
1.11108
1.1289
1.1708
1.22762
1.2854
1.32737
1.34924
1.34747
1.32933
1.30638
1.28927
1.28483
1.29652
1.31866
1.34357
1.36413
1.37349
1.37155
1.36136
1.3517
1.34487
1.34196
1.34435
1.34534
1.34823
1.34818
1.34386
1.34003
1.33614
1.33538
1.33739
1.33946
1.33482
1.32314
1.30743
1.29205
1.28517
1.2912
1.30847
1.33178
1.35375
1.36244
1.34842
1.30423
1.23733
1.15625
1.07092
0.992379
0.924726
0.873488
0.837875
0.818704
0.811176
0.813694
0.820133
0.824942
0.826029
0.819894
0.80779
0.787657
0.765019
0.745115
0.730521
0.728419
0.738128
0.761416
0.792797
0.82723
0.861489
0.895828
0.925811
0.955764
0.976892
0.982837
0.975145
0.952431
0.917717
0.879733
0.84374
0.816673
0.804394
0.810402
0.831844
0.869552
0.918921
0.977187
1.04438
1.11493
1.18577
1.25499
1.32052
1.37727
1.4219
1.45309
1.46788
1.46662
1.44923
1.42265
1.3858
1.34865
1.3112
1.27535
1.24082
1.21133
1.18684
1.17044
1.15997
1.15468
1.14946
1.14087
1.12651
1.10771
1.08568
1.06475
1.04656
1.03046
1.0121
0.994196
0.97554
0.957783
0.94541
0.940723
0.9501
0.972384
1.00387
1.04004
1.0724
1.1018
1.12156
1.13434
1.14123
1.14289
1.14062
1.13676
1.13122
1.12619
1.12581
1.13473
1.15481
1.18701
1.22869
1.2741
1.31478
1.34655
1.36334
1.36809
1.36619
1.3633
1.36427
1.36911
1.37459
1.37527
1.36508
1.34149
1.30138
1.24711
1.18197
1.10951
1.03348
0.962802
0.899637
0.846871
0.807376
0.784515
0.778127
0.790431
0.821373
0.868275
0.925395
0.988011
1.0497
1.10097
1.13551
1.1495
1.13914
1.10844
1.06236
1.01223
0.965079
0.927424
0.904948
0.896118
0.898412
0.90644
0.916253
0.922576
0.920056
0.916083
0.91163
0.914558
0.93181
0.960724
0.998345
1.0393
1.07129
1.08935
1.09729
1.09332
1.08164
1.06785
1.05857
1.05304
1.05263
1.05132
1.05027
1.044
1.03105
1.0131
0.991409
0.968908
0.944315
0.916923
0.887394
0.860778
0.835238
0.815319
0.802545
0.799732
0.81064
0.834897
0.873717
0.924095
0.985769
1.04996
1.11656
1.17938
1.24053
1.29954
1.35714
1.40993
1.45631
1.49517
1.51892
1.52616
1.51737
1.49381
1.45691
1.40363
1.33718
1.25786
1.16778
1.07331
0.983057
0.90403
0.842739
0.805327
0.790648
0.795692
0.815081
0.839006
0.865737
0.887152
0.900081
0.903611
0.901611
0.894564
0.884049
0.87622
0.877562
0.887156
0.911638
0.954059
1.00996
1.07669
1.15204
1.23139
1.30503
