0.923565
0.920161
0.915713
0.910346
0.904572
0.899124
0.894694
0.891678
0.889962
0.888965
0.887805
0.885632
0.881874
0.876395
0.869558
0.862178
0.855318
0.850023
0.847031
0.846684
0.848968
0.85368
0.860625
0.86971
0.880956
0.894222
0.90891
0.923819
0.937303
0.947763
0.954209
0.956533
0.955472
0.952231
0.948076
0.943899
0.940045
0.936369
0.932482
0.928025
0.922795
0.916769
0.910058
0.902817
0.895185
0.887275
0.879164
0.87086
0.862394
0.853901
0.845865
0.839163
0.834883
0.83386
0.83626
0.841409
0.848066
0.85489
0.860797
0.865167
0.867879
0.869214
0.869795
0.870342
0.871388
0.873093
0.875194
0.877184
0.878528
0.878786
0.877624
0.874826
0.870439
0.86486
0.858894
0.853589
0.849935
0.848524
0.84942
0.852275
0.85656
0.861828
0.86783
0.874441
0.881547
0.888952
0.896329
0.903282
0.909464
0.914709
0.919073
0.922705
0.92568
0.927773
0.928415
0.926786
0.922089
0.913863
0.902269
0.888214
0.873238
0.859228
0.847923
0.840391
0.836711
0.83593
0.83645
0.836643
0.835348
0.832155
0.827559
0.822852
0.8198
0.820083
0.824649
0.833324
0.844904
0.857628
0.869774
0.88013
0.888144
0.893784
0.897321
0.899069
0.89927
0.898034
0.895367
0.891224
0.885538
0.878346
0.869875
0.860536
0.850867
0.841423
0.83262
0.824794
0.818354
0.814067
0.813061
0.816447
0.82465
0.837
0.851895
0.867573
0.882832
0.897454
0.912069
0.927477
0.943915
0.960683
0.97642
0.989761
0.999857
1.0065
1.00986
1.01019
1.00755
1.0018
0.992798
0.980482
0.965063
0.94703
0.927172
0.906508
0.886174
0.86724
0.850531
0.83655
0.825611
0.818016
0.814186
0.814664
0.819908
0.829965
0.844278
0.86161
0.88026
0.898324
0.914012
0.925877
0.932966
0.934901
0.931803
0.924187
0.912925
0.899137
0.884078
0.868923
0.854646
0.841838
0.830845
0.821958
0.815606
0.812301
0.812397
0.815966
0.822903
0.833213
0.847022
0.864323
0.88452
0.906258
0.927678
0.946989
0.962995
0.975352
0.984505
0.991324
0.99658
1.00061
1.00318
1.00374
1.00166
0.996463
0.987917
0.97607
0.961243
0.944029
0.925297
0.90622
0.888237
0.872838
0.86131
0.854438
0.852275
0.854053
0.858346
0.863384
0.867406
0.869034
0.867521
0.862917
0.856058
0.84833
0.841153
0.835479
0.831805
0.830622
0.83272
0.838902
0.849305
0.862879
0.877506
0.890774
0.900766
0.906361
0.907143
0.903193
0.894993
0.883527
0.87038
0.857754
0.848094
0.843406
0.844644
0.851439
0.862286
0.875086
0.887743
0.898704
0.907338
0.913981
0.919634
0.92535
0.931664
0.938298
0.944263
0.948209
0.94878
0.944861
0.935735
0.921243
0.901985
0.879473
0.856077
0.834556
0.817318
0.805719
0.79982
0.79873
0.801143
0.805843
0.81193
0.81886
0.826293
0.833853
0.840991
0.847223
0.852703
0.858715
0.867183
0.878874
0.892105
0.903601
0.910467
0.911132
0.905252
0.893241
0.876062
0.855157
0.832488
0.810413
0.791514
0.778242
0.772281
0.774004
0.782388
0.795504
0.81116
0.827409
0.842799
0.856503
0.868353
0.878696
0.888152
0.897193
0.905922
0.913938
0.920498
0.924753
0.926082
0.92425
0.919396
0.911901
0.902242
0.89098
0.878889
0.867043
0.856695
0.848864
0.844058
0.842172
0.842788
0.845535
0.850198
0.856565
0.864151
0.872093
0.879313
0.884922
0.888455
0.88985
0.889264
0.886943
0.883176
0.878445
0.873686
0.870355
0.8701
0.873918
0.88152
0.891226
0.900516
0.906883
0.908569
0.905021
0.897057
0.886683
0.876589
0.869252
0.86589
0.865883
0.867321
0.868197
0.8674
0.865013
0.862109
0.860231
0.860748
0.864304
0.870716
0.879346
0.889559
0.900783
0.91235
0.923271
0.93236
0.938472
0.940757
0.938845
0.932965
0.92391
0.912941
0.901545
0.891015
0.882154
0.875162
0.86961
0.864636
0.85918
0.852325
0.843694
0.833831
0.824235
0.816861
0.813378
0.814545
0.820081
0.829082
0.840644
0.854234
0.869626
0.886553
0.904424
0.922433
0.939777
0.955776
0.969733
0.980753
0.987745
0.989727
0.9861
0.976841
0.962586
0.944437
0.923845
0.90252
0.882292
0.8649
0.851678
0.843243
0.839409
0.839363
0.841919
0.845839
0.850029
0.853653
0.856194
0.857541
0.857961
0.857965
0.858032
0.858352
0.858687
0.858431
0.856859
0.853376
0.847707
0.840003
0.830811
0.82093
0.811247
0.802589
0.795578
0.790587
0.787709
0.786828
0.787671
0.789919
0.793382
0.798183
0.804758
0.813629
0.825042
0.838697
0.853773
0.869133
0.883572
0.896034
0.905817
0.912646
0.916691
0.918443
0.918606
0.917913
0.917018
0.916479
0.916746
0.918079
0.920531
0.923947
0.927967
0.932088
0.93574
0.938327
0.939293
0.938175
0.934646
0.928552
0.919916
0.908968
0.896148
0.882172
0.868077
0.855195
0.844985
0.838788
0.837509
0.841397
0.850012
0.862237
0.876522
0.891171
0.904576
0.915433
0.922838
0.926284
0.925657
0.921124
0.913066
0.901919
0.888007
0.871545
0.852848
0.832657
0.812162
0.792671
0.775084
0.759709
0.746615
0.73641
0.730665
0.731448
0.740164
0.756507
0.778352
0.802633
0.826406
0.84749
0.864587
0.877195
0.885437
0.889878
0.891294
0.890384
0.88753
0.882712
0.875849
0.867272
0.858094
0.849992
0.844443
0.841904
0.841702
0.842646
0.843829
0.845101
0.847065
0.850775
0.857317
0.86724
0.880145
0.894664
0.908807
0.920633
0.928829
0.932943
0.933282
0.930658
0.926146
0.920946
0.916269
0.913213
0.912631
0.915018
0.920496
0.92881
0.939392
0.95142
0.963804
0.975271
0.984543
0.990433
0.991962
0.988491
0.979788
0.966206
0.948775
0.929065
0.908884
0.88997
0.873719
0.861109
0.852667
0.848472
0.848302
0.851871
0.858851
0.868728
0.880642
0.893356
0.905496
0.915713
0.922848
0.926122
0.925354
0.921078
0.914419
0.906776
0.899509
0.893808
0.890682
0.89079
0.894071
0.899535
0.905538
0.910385
0.912912
0.912701
0.909883
0.904648
0.89697
0.886839
0.87492
0.862971
0.853503
0.848827
0.850355
0.858476
0.872618
0.891098
0.911282
0.930267
0.945676
0.956033
0.960744
0.959787
0.953533
0.942819
0.929014
0.913907
0.899459
0.887471
0.879293
0.875537
0.875889
0.879211
0.883901
0.888329
0.891179
0.891671
0.889716
0.885904
0.881433
0.877721
0.875968
0.876759
0.879892
0.884546
0.889723
0.894655
0.899076
0.903252
0.90786
0.91376
0.921498
0.930964
0.941249
0.95087
0.9582
0.961836
0.960721
0.95421
0.942098
0.924628
0.90274
0.878243
0.853921
0.833228
0.81935
0.814088
0.817285
0.82719
0.841321
0.857284
0.873271
0.888134
0.90119
0.912025
0.920285
0.92568
0.928159
0.928146
0.92651
0.92437
0.922683
0.921969
0.92234
0.92368
0.925635
0.92753
0.928458
0.927581
0.924386
0.91867
0.910475
0.900062
0.88811
0.875875
0.865087
0.85754
0.854592
0.856806
0.863722
0.873872
0.885014
0.894747
0.901074
0.902815
0.899742
0.892403
0.881907
0.869695
0.857403
0.846682
0.838989
0.835209
0.835332
0.838407
0.842886
0.847187
0.850119
0.851149
0.850408
0.848518
0.846345
0.844735
0.844303
0.845363
0.847968
0.85208
0.857697
0.86475
0.872884
0.88135
0.889199
0.895637
0.900287
0.903353
0.905454
0.907195
0.908722
0.909649
0.909366
0.907504
0.904204
0.900036
0.895719
0.891796
0.888442
0.885517
0.882708
0.879597
0.87576
0.870854
0.864692
0.857248
0.84875
0.839649
0.830572
0.822246
0.815289
0.810027
0.806453
0.804396
0.803767
0.804803
0.807995
0.813741
0.821991
0.832131
0.843189
0.854078
0.863743
0.871273
0.87591
0.877164
0.874915
0.869578
0.862121
0.853943
0.84657
0.841296
0.838837
0.839114
0.841281
0.844009
0.845944
0.846084
0.844092
0.840358
0.835866
0.831879
0.829524
0.829485
0.831897
0.836484
0.842811
0.85052
0.859361
0.869099
0.879359
0.88968
0.89965
0.909042
0.91781
0.925946
0.933356
0.939758
0.944768
0.947965
0.949024
0.947728
0.94405
0.938145
0.930274
0.920707
0.909589
0.897013
0.88318
0.868683
0.854503
0.841754
0.831363
0.823926
0.819852
0.819486
0.823069
0.830423
0.840744
0.852643
0.864452
0.874586
0.881863
0.885543
0.885294
0.881121
0.873405
0.863036
0.851372
0.839945
0.829864
0.82153
0.814969
0.810324
0.808014
0.808528
0.812087
0.81848
0.827231
0.837862
0.850163
0.864212
0.880077
0.897314
0.914618
0.929998
0.941366
0.94717
0.946766
0.940439
0.929282
0.914964
0.89941
0.884443
0.87155
0.861729
0.855402
0.852499
0.852477
0.854443
0.857332
0.860002
0.86136
0.860556
0.857171
0.851328
0.843668
0.835174
0.82693
0.819994
0.815387
0.814097
0.816893
0.823901
0.834183
0.845934
0.857185
0.866601
0.87376
0.879037
0.883211
0.887066
0.891066
0.895219
0.899106
0.902039
0.903298
0.902278
0.89863
0.892289
0.883516
0.872931
0.861559
0.850839
0.842464
0.838062
0.838713
0.844635
0.85509
0.868578
0.883177
0.896973
0.908339
0.91616
0.919913
0.919591
0.915546
0.908251
0.898167
0.885747
0.87154
0.856248
0.840727
0.825795
0.812057
0.799951
0.790004
0.783002
0.77979
0.780802
0.785823
0.794154
0.804945
0.817442
0.830981
0.844868
0.858416
0.870984
0.882131
0.891736
0.89999
0.90733
0.914185
0.920732
0.926822
0.932056
0.93598
0.938303
0.938952
0.938063
0.935883
0.932611
0.928323
0.923004
0.916591
0.909083
0.900656
0.891658
0.88265
0.874253
0.867118
0.861758
0.858451
0.857171
0.85759
0.859196
0.861424
0.863872
0.866419
0.869214
0.872535
0.876555
0.881187
0.886026
0.890357
0.893228
0.893604
0.890529
0.883485
0.872831
0.86015
0.84819
0.840051
0.837855
0.841833
0.850385
0.860736
0.869883
0.875479
0.876348
0.87258
0.865162
0.855606
0.845593
0.836808
0.83066
0.828052
0.829241
0.833926
0.841379
0.850702
0.861189
0.872618
0.885145
0.898739
0.912657
0.925481
0.935627
0.941863
0.943523
0.940448
0.932815
0.921103
0.906043
0.88856
0.869795
0.851057
0.833793
0.81945
0.809391
0.804738
0.806206
0.813878
0.82707
0.844258
0.863281
0.881777
0.897654
0.90948
0.916669
0.919374
0.91826
0.914147
0.907722
0.899428
0.889553
0.87841
0.866501
0.854626
0.843898
0.835574
0.830652
0.829448
0.831418
0.835428
0.840339
0.845475
0.850789
0.856593
0.863058
0.869793
0.875832
0.879911
0.880847
0.877934
0.871233
0.861715
0.85109
0.841287
0.833709
0.828773
0.825982
0.82434
0.822839
0.820828
0.818218
0.815459
0.81337
0.812849
0.814508
0.818513
0.824584
0.832189
0.840809
0.850092
0.859968
0.870445
0.881391
0.892371
0.902705
0.911638
0.918493
0.922681
0.923724
0.921299
0.915282
0.905968
0.894189
0.881368
0.869436
0.860574
0.85682
0.85948
0.868597
0.882663
0.898817
0.913634
0.924175
0.928801
0.927556
0.922053
0.91486
0.908624
0.905155
0.904914
0.907021
0.909731
0.911174
0.909987
0.905807
0.89945
0.892661
0.887381
0.884969
0.885804
0.889472
0.895079
0.901554
0.907907
0.913493
0.918034
0.921417
0.923479
0.923809
0.92177
0.916664
0.908001
0.89578
0.880727
0.864419
0.849133
0.837308
0.830776
0.830117
0.834514
0.842027
0.850319
0.857349
0.861874
0.863774
0.864062
0.864497
0.866823
0.871809
0.878887
0.886734
0.894217
0.900985
0.907328
0.913521
0.919199
0.923444
0.925266
0.924108
0.920106
0.91407
0.907371
0.901599
0.89807
0.897406
0.899405
0.903323
0.908252
0.913371
0.917959
0.921416
0.923238
0.923093
0.920924
0.916953
0.911743
0.906094
0.900904
0.896928
0.894651
0.894267
0.895704
0.898694
0.902817
0.90756
0.912322
0.916421
0.91903
0.919161
0.91569
0.9075
0.893844
0.874953
0.852602
0.830429
0.81339
0.806125
0.810774
0.825941
0.84786
0.872564
0.897231
0.92017
0.940214
0.956272
0.967284
0.97245
0.971444
0.964501
0.952367
0.936195
0.917342
0.897248
0.87727
0.858638
0.842453
0.829628
0.820841
0.816403
0.816121
0.819259
0.824707
0.831297
0.83806
0.844441
0.850364
0.856144
0.862247
0.869007
0.876348
0.883778
0.890508
0.895755
0.898949
0.899915
0.898835
0.896125
0.892192
0.887277
0.881394
0.874421
0.866315
0.857385
0.848442
0.840637
0.834946
0.831585
0.829912
0.828828
0.827342
0.824898
0.821477
0.817562
0.81402
0.811982
0.812503
0.816136
0.822621
0.830931
0.839621
0.847372
0.853348
0.857282
0.859291
0.859649
0.858652
0.856611
0.853914
0.850971
0.848141
0.84559
0.843297
0.841192
0.839338
0.838085
0.838148
0.840412
0.845482
0.853189
0.862463
0.871791
0.879842
0.885849
0.889583
0.891098
0.890425
0.887486
0.882215
0.874709
0.865369
0.854956
0.844554
0.83542
0.828682
0.825043
0.824527
0.826495
0.829883
0.833574
0.836701
0.838792
0.839773
0.839866
0.83944
0.838908
0.838621
0.838843
0.839675
0.841047
0.842709
0.844299
0.845416
0.845799
0.845389
0.844376
0.84317
0.84237
0.842645
0.844524
0.848059
0.85268
0.857239
0.860437
0.861348
0.859838
0.856631
0.852991
0.850332
0.849737
0.851605
0.85551
0.860388
0.864843
0.867552
0.867619
0.864767
0.859369
0.852348
0.844924
0.838352
0.833595
0.831088
0.830695
0.83191
0.834058
0.836613
0.83939
0.842627
0.846814
0.852363
0.859339
0.867285
0.875316
0.882377
0.887578
0.89038
0.890678
0.888686
0.884784
0.879265
0.872198
0.8634
0.852642
0.839856
0.825368
0.809923
0.794635
0.780811
0.769746
0.762489
0.759657
0.761409
0.76748
0.777324
0.790263
0.80551
0.822176
0.839217
0.855528
0.870029
0.881797
0.890165
0.894839
0.896127
0.89525
0.89431
0.89558
0.900266
0.907806
0.916325
0.923752
0.928576
0.93004
0.928009
0.922834
0.915301
0.906625
0.898317
0.891922
0.888522
0.888356
0.890749
0.89451
0.898457
0.901834
0.904364
0.906162
0.907506
0.908716
0.910128
0.912088
0.915003
0.919266
0.925165
0.932788
0.941829
0.951611
0.96115
0.969367
0.975281
0.978157
0.977464
0.97281
0.963923
0.950719
0.933477
0.913058
0.89085
0.868415
0.847167
0.828228
0.812482
0.800677
0.79346
0.791349
0.794626
0.803088
0.815905
0.831522
0.847832
0.86253
0.87357
0.879528
0.879799
0.874575
0.864737
0.851661
0.837036
0.822524
0.809444
0.798662
0.79092
0.787158
0.788446
0.795348
0.807363
0.822877
0.839589
0.855116
0.867425
0.87511
0.877539
0.874962
0.868516
0.859997
0.85141
0.844437
0.839977
0.838046
0.837984
0.838899
0.840091
0.841377
0.843093
0.845802
0.849727
0.85435
0.858517
0.860934
0.860754
0.857975
0.85361
0.849574
0.848104
0.85083
0.858122
0.869024
0.881771
0.894501
0.905831
0.915081
0.922202
0.927597
0.931806
0.935427
0.939069
0.943318
0.94866
0.9553
0.963009
0.971077
0.978502
0.984299
0.987753
0.988697
0.987563
0.985312
0.983196
0.982484
0.984119
0.988407
0.994863
1.0023
1.00914
1.01376
1.01493
1.01198
1.00487
0.994049
0.980357
0.9648
0.948413
0.932128
0.916777
0.90311
0.891745
0.8832
0.877885
0.876099
0.87791
0.88303
0.890839
0.90047
0.910973
0.921412
0.930824
0.938207
0.94252
0.942866
0.938703
0.930189
0.918388
0.905235
0.893014
0.883488
0.877307
0.87405
0.87278
0.872581
0.872816
0.873095
0.873174
0.872898
0.872231
0.871288
0.870397
0.87005
0.870796
0.873105
0.877234
0.883074
0.890018
0.896957
0.902475
0.90525
0.904496
0.900194
0.893056
0.8842
0.874776
0.865637
0.857235
0.849712
0.843059
0.837381
0.833025
0.830582
0.830757
0.834134
0.840956
0.85098
0.863527
0.877671
0.892439
0.90694
0.920399
0.932163
0.941808
0.949254
0.95477
0.958851
0.962025
0.964678
0.966958
0.968777
0.969835
0.969799
0.968441
0.965801
0.962202
0.95817
0.954284
0.950984
0.948519
0.946872
0.945912
0.945511
0.945644
0.94636
0.947652
0.949283
0.950781
0.951643
0.95151
0.950248
0.947914
0.94464
0.94054
0.935711
0.930286
0.924525
0.918825
0.913644
0.909332
0.905941
0.90321
0.90064
0.897618
0.893602
0.888235
0.881389
0.87312
0.863598
0.853001
0.841596
0.829829
0.818512
0.808914
0.802621
0.801121
0.805149
0.814273
0.826896
0.840667
0.853074
0.862015
0.86618
0.865261
0.860069
0.852402
0.844555
0.838502
0.835182
0.834396
0.83537
0.837416
0.840224
0.843646
0.847425
0.851087
0.854053
0.855885
0.856517
0.856427
0.856606
0.858239
0.862218
0.868556
0.876258
0.883752
0.889536
0.892614
0.892607
0.88971
0.88456
0.87805
0.871201
0.86497
0.860113
0.85708
0.856025
0.856894
0.859526
0.863703
0.869093
0.875083
0.88077
0.885119
0.887201
0.886487
0.882997
0.877327
0.870583
0.86409
0.859046
0.856265
0.856222
0.859385
0.866411
0.877827
0.893407
0.911706
0.930231
0.946191
0.957325
0.962412
0.961355
0.955004
0.944873
0.932816
0.92078
0.910497
0.903259
0.899647
0.899378
0.901415
0.904289
0.906584
0.907368
0.906449
0.904312
0.901793
0.899622
0.898121
0.897076
0.895834
0.893601
0.889792
0.884338
0.877801
0.871333
0.866379
0.864156
0.865083
0.868456
0.87277
0.876371
0.877996
0.876937
0.87299
0.86636
0.857581
0.847401
0.836578
0.82569
0.814997
0.804581
0.794526
0.785003
0.776188
0.768128
0.760756
0.754128
0.748837
0.746115
0.747595
0.754747
0.768244
0.787509
0.810538
0.834274
0.85537
0.871046
0.87966
0.880968
0.876144
0.867605
0.858396
0.851191
0.847586
0.84821
0.853131
0.86194
0.873556
0.886188
0.897804
0.906733
0.912138
0.914104
0.913343
0.91066
0.906563
0.90116
0.894317
0.885955
0.876201
0.865415
0.854141
0.843064
0.832888
0.824294
0.817902
0.814275
0.813853
0.816889
0.82323
0.832069
0.841838
0.850428
0.855832
0.85697
0.854235
0.849324
0.844502
0.841577
0.841295
0.843416
0.847203
0.851805
0.856437
0.860458
0.863394
0.865009
0.865407
0.864863
0.863694
0.862229
0.860942
0.860614
0.862569
0.868535
0.879794
0.895953
0.914518
0.931747
0.944115
0.949351
0.946659
0.936579
0.920725
0.901513
0.881633
0.863503
0.849071
0.839994
0.837421
0.841042
0.848512
0.856519
0.862531
0.865589
0.866037
0.864862
0.863109
0.861533
0.860459
0.859931
0.860002
0.860966
0.863348
0.867568
0.873521
0.880376
0.886821
0.891457
0.893208
0.891411
0.885784
0.876286
0.863218
0.847321
0.829822
0.812397
0.796911
0.784993
0.777675
0.775176
0.777021
0.782239
0.789617
0.797997
0.806567
0.815029
0.823593
0.832697
0.842619
0.853176
0.8638
0.873766
0.882482
0.889594
0.894834
0.897833
0.898029
0.894766
0.88766
0.877047
0.864427
0.852308
0.843363
0.839474
0.841236
0.847889
0.857416
0.867011
0.874005
0.876696
0.874636
0.868591
0.860287
0.85204
0.846087
0.843834
0.845509
0.850251
0.856621
0.863154
0.868679
0.872488
0.874352
0.874563
0.873785
0.872759
0.871903
0.871063
0.869636
0.866945
0.862685
0.857207
0.851292
0.845847
0.841471
0.838293
0.836006
0.834184
0.832668
0.831873
0.832728
0.836173
0.842468
0.850909
0.86023
0.869406
0.878121
0.886608
0.895058
0.903101
0.909861
0.914488
0.916826
0.917664
0.918352
0.919961
0.922685
0.925894
0.928844
0.931259
0.93341
0.935813
0.938813
0.942385
0.946107
0.949326
0.951318
0.951451
0.949328
0.944881
0.938417
0.930536
0.921958
0.913313
0.90509
0.89765
0.891278
0.886215
0.882624
0.880536
0.879797
0.880066
0.880908
0.881926
0.882884
0.883709
0.884463
0.885269
0.886254
0.887552
0.889278
0.89153
0.894363
0.897647
0.900991
0.903638
0.904553
0.902757
0.897748
0.889942
0.880826
0.872479
0.866628
0.863843
0.863516
0.864635
0.866516
0.869069
0.872514
0.876928
0.882087
0.88755
0.892878
0.897795
0.902192
0.906029
0.909211
0.911592
0.913007
0.913286
0.91231
0.910061
0.906769
0.903032
0.899809
0.898133
0.898748
0.901818
0.906902
0.91303
0.918917
0.923225
0.925017
0.924223
0.921856
0.919752
0.919782
0.922805
0.928115
0.933833
0.937838
0.938529
0.935047
0.927167
0.915213
0.900027
0.883011
0.86618
0.851969
0.842584
0.839205
0.841533
0.84814
0.857185
0.867007
0.876286
0.884117
0.889951
0.893554
0.894815
0.893622
0.889833
0.883405
0.874553
0.863825
0.85205
0.840123
0.828769
0.818455
0.809558
0.802631
0.798581
0.798505
0.803195
0.812658
0.826012
0.841724
0.858067
0.873457
0.88657
0.896328
0.901885
0.902583
0.897975
0.887997
0.873154
0.8548
0.835369
0.818252
0.807084
0.804549
0.811314
0.825989
0.84602
0.868712
0.891749
0.913349
0.932112
0.946916
0.9569
0.961632
0.961271
0.956625
0.948932
0.939478
0.929389
0.919661
0.911256
0.905043
0.901496
0.900505
0.901414
0.903303
0.905389
0.907334
0.909256
0.911431
0.913869
0.916133
0.917575
0.917699
0.916344
0.913716
0.910229
0.906329
0.902315
0.8983
0.894265
0.890099
0.885569
0.880327
0.874053
0.866761
0.859051
0.852207
0.847856
0.847276
0.850837
0.857883
0.867079
0.877006
0.886497
0.894733
0.901093
0.904983
0.905834
0.903194
0.896893
0.887209
0.874875
0.861045
0.84716
0.834623
0.824483
0.817291
0.813102
0.811634
0.812437
0.815058
0.819093
0.824145
0.829729
0.835211
0.839907
0.843222
0.844804
0.844595
0.842772
0.839679
0.835928
0.832459
0.830439
0.830925
0.83455
0.841352
0.850874
0.862404
0.875118
0.888193
0.900855
0.91239
0.9221
0.929265
0.933169
0.933269
0.929436
0.92213
0.912219
0.900636
0.888061
0.875038
0.862426
0.851646
0.844351
0.841637
0.843452
0.848619
0.855347
0.861723
0.866106
0.867386
0.865076
0.859397
0.851212
0.841805
0.832623
0.824911
0.819495
0.816657
0.816289
0.818187
0.822296
0.828711
0.837383
0.847751
0.858623
0.868435
0.875756
0.879726
0.880194
0.877547
0.872463
0.865749
0.858279
0.850972
0.844664
0.839913
0.836972
0.835855
0.836505
0.838845
0.842771
0.848045
0.854235
0.860723
0.866951
0.872512
0.877159
0.880748
0.883115
0.884132
0.883801
0.882318
0.88004
0.877285
0.874166
0.87058
0.866446
0.861912
0.857492
0.853908
0.851844
0.851641
0.853201
0.856077
0.859701
0.8636
0.867533
0.871552
0.876032
0.881422
0.887844
0.894773
0.901081
0.905523
0.907386
0.906895
0.90505
0.903142
0.902143
0.902379
0.903533
0.904984
0.906168
0.906837
0.907017
0.906861
0.906393
0.90543
0.90376
0.901344
0.898452
0.89565
0.893561
0.892586
0.892592
0.892922
0.892736
0.891649
0.890237
0.88982
0.891424
0.894763
0.898482
0.901228
0.902545
0.902906
0.903051
0.903334
0.903414
0.902489
0.899748
0.894738
0.8875
0.878602
0.869138
0.860677
0.855092
0.85418
0.859195
0.870432
0.886942
0.906498
0.925826
0.941549
0.951243
0.954045
0.950493
0.942042
0.930526
0.917761
0.905251
0.894032
0.884623
0.877054
0.870986
0.865878
0.861092
0.855905
0.849635
0.841786
0.832274
0.821622
0.811006
0.801977
0.795995
0.793997
0.796134
0.801763
0.809621
0.818011
0.825135
0.829375
0.829574
0.82526
0.816765
0.805234
0.792495
0.780771
0.77216
0.768234
0.769821
0.777166
0.790083
0.808033
0.830002
0.854397
0.879039
0.901458
0.919355
0.931075
0.935865
0.933926
0.926214
0.914189
0.899568
0.884116
0.869469
0.856971
0.847535
0.841534
0.838781
0.838647
0.840206
0.842576
0.845268
0.84849
0.853194
0.860644
0.871604
0.885579
0.900799
0.914861
0.925553
0.931388
0.931705
0.926593
0.916766
0.903388
0.887849
0.871625
0.856208
0.843074
0.833588
0.828714
0.828757
0.83327
0.841116
0.850717
0.860434
0.868967
0.875541
0.879858
0.88199
0.882284
0.881407
0.880336
0.880275
0.882308
0.887046
0.894424
0.903726
0.913877
0.92372
0.932075
0.937749
0.939543
0.936302
0.927085
0.911434
0.889717
0.863286
0.834451
0.80623
0.781754
0.763599
0.753281
0.751097
0.756311
0.767451
0.782599
0.799636
0.816435
0.831089
0.842145
0.848796
0.851103
0.850012
0.847168
0.844468
0.843435
0.844859
0.848955
0.855888
0.86603
0.879523
0.895688
0.912921
0.929238
0.942802
0.9522
0.956417
0.954857
0.947443
0.93482
0.918529
0.900921
0.884518
0.871092
0.861156
0.854158
0.849183
0.845424
0.842359
0.839753
0.837521
0.835678
0.834301
0.833502
0.833482
0.83442
0.836462
0.839586
0.843524
0.847754
0.851499
0.853732
0.85322
0.848793
0.839878
0.827292
0.813834
0.803689
0.800131
0.803079
0.809421
0.815716
0.820347
0.823745
0.827524
0.833431
0.842544
0.854989
0.870068
0.886637
0.903465
0.919455
0.933675
0.945367
0.953935
0.95905
0.960803
0.959716
0.956605
0.95229
0.947447
0.942601
0.938265
0.935065
0.933583
0.934045
0.936103
0.938994
0.941792
0.943733
0.944367
0.943544
0.941284
0.9376
0.93235
0.925272
0.916087
0.904699
0.89138
0.87679
0.8619
0.847889
0.836017
0.827445
0.823035
0.823191
0.82772
0.835837
0.846333
0.857867
0.869226
0.879409
0.887701
0.893581
0.896637
0.896495
0.892887
0.885804
0.87573
0.863873
0.852064
0.84221
0.835507
0.831896
0.830251
0.829131
0.827609
0.825677
0.824142
0.824099
0.826336
0.831015
0.837619
0.845101
0.852117
0.857345
0.85984
0.859384
0.856644
0.853032
0.850321
0.85008
0.853233
0.859828
0.86918
0.880204
0.891741
0.902751
0.91242
0.92022
0.925964
0.929805
0.93214
0.933333
0.933495
0.932581
0.930627
0.927876
0.924631
0.920945
0.916569
0.911091
0.904341
0.896655
0.88891
0.882331
0.878125
0.877102
0.879512
0.885053
0.892945
0.902089
0.911202
0.919015
0.92444
0.926796
0.925947
0.922324
0.916797
0.910363
0.903933
0.898248
0.893978
0.891726
0.891785
0.893871
0.896976
0.899478
0.89953
0.895488
0.886277
0.871569
0.851809
0.828218
0.802764
0.778183
0.757902
0.745371
0.742741
0.749682
0.76348
0.780333
0.796821
0.810605
0.82051
0.826248
0.828104
0.826843
0.823682
0.820244
0.818246
0.818987
0.822931
0.829688
0.838558
0.848928
0.860405
0.872732
0.885599
0.898593
0.911177
0.922728
0.932572
0.93999
0.944216
0.944513
0.940361
0.931591
0.918523
0.901886
0.882729
0.862242
0.841579
0.821792
0.803848
0.788882
0.778455
0.774435
0.778204
0.789672
0.80704
0.827511
0.848318
0.867325
0.883243
0.895611
0.904692
0.911291
0.916422
0.920919
0.925102
0.928714
0.93118
0.931952
0.930886
0.928352
0.925129
0.922078
0.919751
0.918242
0.917253
0.916265
0.914765
0.912327
0.908656
0.903722
0.897885
0.89178
0.885963
0.880609
0.875634
0.87107
0.867443
0.865563
0.866033
0.868778
0.872924
0.877089
0.879923
0.880494
0.878596
0.874693
0.86972
0.864695
0.860355
0.856949
0.854245
0.851777
0.849205
0.846498
0.843949
0.842033
0.841233
0.841902
0.844201
0.84815
0.853726
0.860889
0.86941
0.878736
0.887921
0.895812
0.901283
0.903486
0.902024
0.89708
0.88941
0.880207
0.870825
0.862474
0.855931
0.851553
0.849416
0.849502
0.851848
0.856399
0.86281
0.870365
0.878107
0.885029
0.890295
0.893324
0.893763
0.891497
0.886655
0.879682
0.871377
0.862888
0.855612
0.851046
0.850589
0.85528
0.865514
0.880741
0.899418
0.91927
0.937803
0.952809
0.962765
0.967005
0.96562
0.959296
0.949071
0.936177
0.921891
0.907365
0.893585
0.881273
0.870872
0.862568
0.856356
0.852105
0.849663
0.84893
0.849883
0.852512
0.85671
0.862162
0.86827
0.874215
0.879103
0.88221
0.883103
0.881735
0.878469
0.873999
0.869147
0.864617
0.860885
0.858359
0.857615
0.859399
0.864303
0.872272
0.882291
0.892508
0.900811
0.90545
0.905579
0.901393
0.893949
0.884751
0.875331
0.866943
0.860433
0.856284
0.854712
0.855706
0.858887
0.863445
0.868229
0.872042
0.874029
0.873922
0.87208
0.86934
0.866758
0.865293
0.865516
0.867458
0.870604
0.87396
0.876298
0.87656
0.874214
0.869559
0.86373
0.858461
0.855536
0.856204
0.860828
0.868962
0.87969
0.891892
0.904396
0.916047
0.925799
0.932891
0.936935
0.937933
0.936131
0.931907
0.925737
0.918277
0.910495
0.903586
0.898677
0.896368
0.896439
0.898003
0.899997
0.901648
0.902584
0.902688
0.901871
0.899953
0.89681
0.892547
0.887712
0.883264
0.880255
0.879404
0.880855
0.884174
0.88858
0.89327
0.897529
0.900773
0.902545
0.902517
0.900601
0.897033
0.892373
0.887322
0.882479
0.878214
0.874631
0.871668
0.86922
0.867213
0.865624
0.864473
0.863862
0.863931
0.864753
0.86629
0.868364
0.870719
0.873141
0.875565
0.877998
0.880405
0.882573
0.884119
0.884719
0.884391
0.883655
0.883364
0.88425
0.886619
0.890201
0.894296
0.898103
0.901029
0.902985
0.904418
0.906099
0.908674
0.912202
0.916015
0.91901
0.920079
0.918536
0.914243
0.907566
0.899177
0.889865
0.88036
0.871307
0.863269
0.85678
0.852298
0.850018
0.849738
0.85081
0.852301
0.853351
0.853504
0.852797
0.851645
0.850574
0.849978
0.850057
0.850801
0.852099
0.85393
0.856382
0.85957
0.863506
0.867998
0.872799
0.877724
0.882698
0.887684
0.892654
0.897542
0.902286
0.906801
0.910988
0.914712
0.917788
0.920026
0.921303
0.921595
0.92089
0.91901
0.915587
0.910198
0.902583
0.892785
0.881048
0.867595
0.852584
0.836271
0.819493
0.804115
0.792826
0.788046
0.790569
0.799245
0.811885
0.82629
0.840672
0.853606
0.863993
0.871067
0.874534
0.874771
0.872899
0.870646
0.869858
0.871786
0.87664
0.883617
0.891337
0.89835
0.903506
0.906124
0.905976
0.903088
0.89772
0.890349
0.881776
0.873144
0.865803
0.861051
0.859755
0.862042
0.867154
0.873649
0.879837
0.884376
0.886792
0.887709
0.888616
0.891166
0.896465
0.904524
0.914273
0.92401
0.932036
0.93711
0.938578
0.9363
0.930439
0.921317
0.909376
0.895241
0.879862
0.864499
0.850588
0.839411
0.831854
0.82831
0.828772
0.832892
0.840004
0.849027
0.858589
0.867223
0.873672
0.877188
0.877629
0.875483
0.871702
0.867473
0.863948
0.862013
0.862191
0.864603
0.869062
0.875207
0.882546
0.890449
0.898063
0.904305
0.90798
0.908009
0.903779
0.895453
0.884218
0.872239
0.862105
0.855855
0.854031
0.85544
0.857722
0.858225
0.854824
0.846473
0.833407
0.817064
0.799814
0.78465
0.774681
0.772508
0.77944
0.794862
0.816316
0.84038
0.863865
0.884716
0.902199
0.916486
0.928066
0.937452
0.945159
0.951768
0.957818
0.963506
0.968486
0.971847
0.972433
0.969265
0.961969
0.950859
0.936696
0.920376
0.902617
0.883874
0.864447
0.844673
0.825071
0.806459
0.790073
0.777583
0.771048
0.772447
0.782848
0.801547
0.825942
0.852532
0.87815
0.900672
0.918984
0.93249
0.940548
0.942417
0.937723
0.927523
0.915298
0.906465
0.905368
0.912056
0.922779
0.933486
0.942117
0.94851
0.953486
0.95815
0.963453
0.970034
0.978
0.986706
0.994746
1.0003
1.00153
0.997169
0.986889
0.971483
0.952908
0.934074
0.918329
0.908599
0.906325
0.910835
0.919703
0.929725
0.937835
0.941675
0.93985
0.932127
0.919666
0.904974
0.891404
0.88204
0.878487
0.880231
0.885094
0.890493
0.894511
0.896375
0.896334
0.895251
0.89413
0.893611
0.893722
0.893923
0.893501
0.891957
0.889131
0.885094
0.879963
0.873939
0.867347
0.860729
0.854865
0.850621
0.848776
0.849828
0.853873
0.860566
0.86919
0.87877
0.888234
0.896512
0.902631
0.905857
0.905822
0.902681
0.897157
0.890411
0.883783
0.878429
0.875062
0.873931
0.875042
0.878411
0.884108
0.891957
0.901258
0.910998
0.920384
0.929202
0.937452
0.944566
0.949258
0.95032
0.947541
0.94202
0.935751
0.93078
0.928404
0.928802
0.931235
0.934521
0.937429
0.938837
0.937712
0.93321
0.92498
0.913499
0.900031
0.886146
0.872932
0.860764
0.849681
0.840064
0.832835
0.829097
0.829301
0.832514
0.83647
0.838635
0.837531
0.833429
0.828082
0.823863
0.822732
0.825487
0.831614
0.839785
0.848619
0.857231
0.86543
0.873559
0.882137
0.891574
0.901996
0.913103
0.924139
0.933919
0.941062
0.944334
0.943002
0.937111
0.927475
0.915549
0.903066
0.891608
0.882292
0.875599
0.871472
0.869604
0.869653
0.871479
0.87517
0.880928
0.888877
0.89892
0.910686
0.923454
0.936197
0.947741
0.956963
0.963017
0.965432
0.96422
0.959812
0.952979
0.944691
0.935851
0.927109
0.918804
0.911064
0.903961
0.89758
0.892103
0.887822
0.885047
0.883989
0.884665
0.886847
0.890275
0.894764
0.900129
0.905964
0.91147
0.915518
0.91688
0.914581
0.908161
0.897789
0.884281
0.868941
0.853427
0.839513
0.828887
0.82299
0.822783
0.828468
0.839301
0.85372
0.869669
0.88498
0.897652
0.906134
0.909496
0.90757
0.901055
0.891413
0.880533
0.870278
0.862019
0.856436
0.853547
0.852904
0.853823
0.855689
0.858116
0.861074
0.864715
0.868972
0.873338
0.877013
0.879252
0.879691
0.878435
0.876027
0.873311
0.871256
0.870665
0.87193
0.87494
0.879219
0.884109
0.888857
0.892634
0.894608
0.894212
0.891307
0.886208
0.879461
0.871582
0.863
0.854248
0.846175
0.83996
0.836802
0.837437
0.841817
0.849082
0.857936
0.867116
0.875759
0.883506
0.890377
0.896504
0.901896
0.906284
0.909127
0.909758
0.907642
0.90256
0.894782
0.885144
0.875046
0.866224
0.860333
0.858452
0.860698
0.866106
0.872899
0.879091
0.883091
0.884128
0.882346
0.87845
0.873096
0.866527
0.858669
0.849509
0.839543
0.829845
0.821908
0.81724
0.816889
0.821019
0.828824
0.838743
0.848967
0.857989
0.865021
0.870201
0.874493
0.87923
0.885483
0.893468
0.902388
0.910808
0.917369
0.921242
0.922209
0.920394
0.916015
0.909351
0.900787
0.890876
0.880279
0.869677
0.859699
0.85071
0.842764
0.835671
0.829136
0.822903
0.81673
0.810309
0.803322
0.795695
0.787951
0.781335
0.777487
0.777794
0.782886
0.792547
0.806055
0.822536
0.841139
0.861024
0.881307
0.900922
0.91862
0.933021
0.942855
0.947248
0.946034
0.939943
0.930495
0.919572
0.908907
0.899705
0.892633
0.887915
0.885411
0.884695
0.885149
0.886147
0.887303
0.8886
0.890351
0.89306
0.897243
0.903312
0.911354
0.920947
0.931124
0.940779
0.949142
0.956086
0.962054
0.967542
0.972532
0.976226
0.977342
0.974892
0.968797
0.960084
0.950511
0.941795
0.935008
0.930421
0.927734
0.926417
0.925942
0.925858
0.92575
0.925214
0.92384
0.92127
0.917208
0.911456
0.903953
0.89475
0.884134
0.872714
0.861521
0.852044
0.84604
0.845057
0.849875
0.860192
0.874769
0.891961
0.910288
0.928743
0.946702
0.963594
0.978732
0.9913
1.00047
1.00554
1.00603
1.00173
0.992767
0.979709
0.963685
0.94637
0.929717
0.915543
0.90507
0.898747
0.896429
0.897539
0.901192
0.906276
0.911582
0.916042
0.91897
0.920241
0.920219
0.91965
0.919458
0.920509
0.923399
0.928273
0.934738
0.941864
0.948296
0.952478
0.953009
0.949028
0.940484
0.928167
0.913534
0.89831
0.884113
0.872081
0.86272
0.855944
0.851312
0.84827
0.846372
0.845499
0.84589
0.848013
0.852338
0.859026
0.867765
0.877709
0.88769
0.896509
0.903193
0.907149
0.908177
0.906352
0.901876
0.894941
0.885773
0.874625
0.861868
0.848101
0.834185
0.821202
0.810326
0.802562
0.798428
0.797801
0.799887
0.803461
0.807199
0.809949
0.810958
0.809983
0.807243
0.803264
0.798608
0.793703
0.788849
0.784201
0.779792
0.775491
0.771081
0.766371
0.76134
0.756316
0.752126
0.750092
0.751716
0.758037
0.768931
0.782917
0.797803
0.811691
0.823672
0.833851
0.842898
0.851515
0.860087
0.868633
0.876952
0.884815
0.892135
0.898956
0.905249
0.91075
0.914819
0.916558
0.915074
0.909792
0.900795
0.889001
0.876179
0.864678
0.856871
0.854498
0.858106
0.866977
0.87952
0.893898
0.908517
0.922127
0.933709
0.9425
0.948017
0.950086
0.948752
0.944278
0.937253
0.928629
0.919633
0.911469
0.904973
0.900416
0.897494
0.89562
0.894195
0.892866
0.891531
0.890118
0.888421
0.886093
0.882748
0.878134
0.87224
0.865229
0.857452
0.849419
0.841756
0.835115
0.830046
0.826899
0.825822
0.826778
0.829496
0.833427
0.837711
0.841379
0.843679
0.844411
0.844027
0.843452
0.843715
0.845593
0.849367
0.854802
0.861247
0.867777
0.873405
0.877255
0.878777
0.877815
0.874572
0.869488
0.863006
0.855458
0.847084
0.83821
0.829287
0.82086
0.813549
0.808076
0.805217
0.805643
0.80969
0.817176
0.827368
0.839194
0.851548
0.863585
0.87481
0.884944
0.893707
0.900691
0.905327
0.906978
0.905099
0.899421
0.89008
0.877629
0.86303
0.847365
0.831563
0.816239
0.801919
0.789453
0.780181
0.775547
0.776294
0.782073
0.791645
0.803496
0.816275
0.828883
0.840524
0.850617
0.858766
0.864642
0.867971
0.868602
0.866609
0.862394
0.856691
0.850349
0.844101
0.838325
0.832974
0.827758
0.822373
0.816707
0.810979
0.80572
0.801645
0.799436
0.799577
0.802225
0.807171
0.81388
0.821637
0.829635
0.837051
0.843133
0.847356
0.849461
0.84955
0.848042
0.845541
0.842653
0.839862
0.837368
0.835077
0.832636
0.829625
0.825714
0.820799
0.815092
0.809121
0.803744
0.799995
0.798761
0.800509
0.80501
0.811428
0.818668
0.825742
0.832106
0.83771
0.842868
0.847998
0.853458
0.859493
0.866185
0.873328
0.880456
0.88699
0.892466
0.896646
0.899379
0.900477
0.899585
0.896255
0.890202
0.881703
0.872041
0.863538
0.858818
0.859447
0.865004
0.873417
0.882161
0.889176
0.893063
0.892892
0.888095
0.878471
0.864272
0.84638
0.826442
0.806933
0.791002
0.781849
0.78157
0.790181
0.80546
0.823849
0.841833
0.857023
0.868538
0.876712
0.882432
0.886415
0.888695
0.888593
0.885047
0.877262
0.865292
0.850372
0.834836
0.821492
0.812543
0.808691
0.808988
0.811436
0.813944
0.815148
0.814853
0.814116
0.814761
0.81842
0.825577
0.835142
0.845001
0.85303
0.857907
0.859402
0.858186
0.855444
0.852388
0.849803
0.847797
0.845856
0.843186
0.839128
0.833552
0.827021
0.820706
0.816059
0.81433
0.816141
0.821207
0.828341
0.835823
0.841964
0.845676
0.846769
0.845916
0.844353
0.843397
0.84395
0.846261
0.850017
0.854586
0.859301
0.863681
0.867455
0.87052
0.872853
0.874371
0.874888
0.874194
0.87221
0.869194
0.865851
0.863305
0.862841
0.865631
0.872395
0.883094
0.896892
0.912291
0.927424
0.940367
0.949375
0.952984
0.950189
0.940631
0.924789
0.904155
0.881176
0.858999
0.84086
0.829299
0.825556
0.829321
0.838979
0.852091
0.866083
0.878801
0.888889
0.895933
0.900491
0.903807
0.907263
0.911573
0.916348
0.92034
0.92225
0.921496
0.918456
0.914203
0.909942
0.906414
0.903665
0.901212
0.898403
0.894909
0.890964
0.887547
0.886205
0.888416
0.894753
0.904381
0.915395
0.925661
0.933556
0.938102
0.938786
0.935442
0.928472
0.919267
0.910299
0.904381
0.903108
0.905778
0.909774
0.912145
0.910983
0.905987
0.898187
0.889387
0.881511
0.876053
0.873838
0.874986
0.879045
0.885107
0.891994
0.89848
0.903528
0.906561
0.90757
0.907049
0.905715
0.904209
0.90279
0.901314
0.899334
0.896271
0.89169
0.885533
0.878255
0.87081
0.864451
0.860372
0.859343
0.861438
0.866116
0.872491
0.879672
0.886971
0.893953
0.900327
0.905924
0.910716
0.914858
0.918697
0.922676
0.927156
0.932247
0.937693
0.942899
0.947081
0.949528
0.949768
0.947652
0.943323
0.937061
0.929237
0.920347
0.911048
0.902186
0.894726
0.889516
0.887119
0.88779
0.891634
0.898734
0.908895
0.921205
0.933947
0.945099
0.952949
0.956481
0.955446
0.950188
0.941417
0.929934
0.916482
0.901858
0.887115
0.873547
0.862465
0.854938
0.851636
0.852718
0.857805
0.865912
0.875549
0.884819
0.891743
0.894757
0.893152
0.887271
0.87841
0.868367
0.858985
0.851702
0.847345
0.846079
0.847462
0.85066
0.854649
0.858579
0.861917
0.864404
0.86585
0.866026
0.864732
0.861973
0.858099
0.853847
0.85021
0.848188
0.848506
0.851347
0.856321
0.862681
0.869588
0.876395
0.882849
0.889183
0.895924
0.903592
0.912373
0.921907
0.931428
0.939953
0.946551
0.950503
0.95144
0.949348
0.944587
0.937793
0.929806
0.921583
0.914122
0.90832
0.904876
0.904143
0.90604
0.910033
0.91518
0.920313
0.92419
0.925658
0.923868
0.91848
0.909836
0.899009
0.887611
0.877314
0.86921
0.863415
0.859275
0.856017
0.853343
0.851535
0.851091
0.852219
0.854622
0.857747
0.861199
0.865038
0.869742
0.875845
0.88348
0.892124
0.90075
0.908231
0.913739
0.916907
0.917741
0.916399
0.912979
0.907479
0.899846
0.890148
0.878747
0.866501
0.854803
0.845314
0.839388
0.837492
0.838989
0.842427
0.84609
0.848516
0.84877
0.846532
0.842114
0.836292
0.830064
0.82428
0.819458
0.815822
0.813464
0.812523
0.813165
0.815295
0.818159
0.820227
0.819724
0.815577
0.808278
0.7999
0.793226
0.790508
0.792674
0.799302
0.809135
0.820627
0.832345
0.843146
0.852381
0.860066
0.866945
0.874113
0.882323
0.891471
0.9006
0.908428
0.913897
0.916397
0.915697
0.911768
0.90485
0.895625
0.885392
0.876029
0.869563
0.867566
0.870529
0.877607
0.886931
0.896189
0.903159
0.906106
0.90399
0.896567
0.884491
0.869267
0.852905
0.837364
0.824133
0.814081
0.807584
0.804644
0.804884
0.807465
0.811251
0.815026
0.817796
0.818997
0.818482
0.816506
0.813687
0.810961
0.809492
0.810368
0.81432
0.821478
0.831351
0.843001
0.855269
0.867009
0.877203
0.885054
0.890092
0.892269
0.891959
0.889843
0.88672
0.883264
0.879913
0.876943
0.874599
0.873038
0.872153
0.871511
0.870699
0.869733
0.869185
0.869861
0.872339
0.876533
0.881562
0.885925
0.887992
0.886604
0.881529
0.873487
0.863743
0.85353
0.843823
0.835332
0.82856
0.823777
0.821042
0.820185
0.820841
0.822575
0.824882
0.827091
0.828408
0.828266
0.826644
0.824115
0.821571
0.81987
0.819519
0.820496
0.822337
0.82443
0.826571
0.82943
0.834364
0.842314
0.8528
0.864076
0.874208
0.881946
0.886844
0.888987
0.888769
0.886743
0.883569
0.879975
0.876665
0.87417
0.872699
0.872007
0.871424
0.870092
0.86731
0.862796
0.856806
0.85008
0.843684
0.838792
0.836399
0.837042
0.840634
0.846498
0.853735
0.861606
0.869726
0.877971
0.886264
0.894353
0.901789
0.908028
0.912623
0.915389
0.916425
0.916032
0.914553
0.912281
0.909452
0.906319
0.903234
0.900722
0.899459
0.900178
0.9035
0.909645
0.918168
0.927939
0.937385
0.944892
0.949221
0.94973
0.946406
0.939716
0.930397
0.919163
0.906648
0.893371
0.87981
0.866466
0.853922
0.842852
0.833994
0.827988
0.825191
0.825572
0.828676
0.83373
0.839787
0.8459
0.851249
0.855233
0.857559
0.858364
0.858297
0.858398
0.859584
0.862132
0.86551
0.868765
0.871073
0.87217
0.872405
0.872567
0.873537
0.875904
0.879664
0.884169
0.888347
0.891022
0.891252
0.888557
0.883085
0.87568
0.867781
0.861088
0.857007
0.856112
0.857905
0.860909
0.863226
0.863129
0.859585
0.85259
0.843268
0.833676
0.826221
0.822707
0.823377
0.826851
0.831029
0.834202
0.835659
0.835674
0.83525
0.835782
0.838607
0.844525
0.853473
0.864578
0.876489
0.887795
0.897333
0.904354
0.908573
0.91015
0.909583
0.907587
0.904975
0.902591
0.901152
0.901175
0.902824
0.905848
0.909514
0.912759
0.914409
0.913553
0.909741
0.903018
0.893743
0.882366
0.86933
0.85512
0.840378
0.825984
0.813015
0.802494
0.7951
0.790903
0.789378
0.789641
0.790818
0.792342
0.794027
0.795969
0.798284
0.800948
0.803797
0.806616
0.809163
0.811106
0.812159
0.812272
0.811765
0.811222
0.811208
0.812002
0.813486
0.815177
0.816489
0.817007
0.81676
0.816342
0.816763
0.819038
0.823731
0.83066
0.839009
0.8477
0.855709
0.862243
0.866832
0.869304
0.86972
0.868286
0.865319
0.861314
0.857038
0.853532
0.851841
0.852575
0.855599
0.860055
0.864724
0.868487
0.870641
0.870946
0.869568
0.866921
0.863508
0.859819
0.856345
0.853595
0.852111
0.852281
0.854094
0.857027
0.860161
0.862589
0.863775
0.863623
0.862452
0.8607
0.85866
0.856324
0.853394
0.849469
0.844259
0.837653
0.82987
0.821451
0.813237
0.806133
0.8009
0.798035
0.797866
0.800658
0.806628
0.815697
0.827309
0.840419
0.85378
0.866386
0.877684
0.887593
0.896184
0.903391
0.908828
0.911864
0.911843
0.908413
0.901796
0.892911
0.883164
0.873935
0.866144
0.860146
0.855978
0.853584
0.852773
0.852997
0.853421
0.85309
0.851248
0.847622
0.842432
0.836311
0.830081
0.824565
0.820457
0.81828
0.818458
0.82133
0.827012
0.835273
0.845433
0.856465
0.867286
0.877076
0.885515
0.892704
0.898929
0.904414
0.909175
0.912915
0.915059
0.91489
0.911836
0.905752
0.897072
0.88679
0.876114
0.866181
0.857905
0.851867
0.84836
0.847388
0.848672
0.851662
0.855601
0.859627
0.862966
0.865063
0.865746
0.865346
0.864746
0.865312
0.868566
0.875717
0.887016
0.901392
0.916643
0.930164
0.939825
0.944535
0.944323
0.940146
0.933529
0.926196
0.919763
0.915521
0.914301
0.916397
0.921487
0.928543
0.935993
0.942067
0.945369
0.945417
0.942717
0.938402
0.933505
0.928366
0.922727
0.916083
0.90817
0.899178
0.889839
0.881328
0.875017
0.872037
0.872906
0.87729
0.884047
0.891576
0.898399
0.903571
0.906804
0.908167
0.907753
0.905495
0.901319
0.895391
0.88825
0.88062
0.873091
0.865821
0.858585
0.851141
0.843603
0.836535
0.83084
0.827436
0.82695
0.82952
0.834733
0.841657
0.849027
0.855466
0.859819
0.86145
0.860452
0.857753
0.855014
0.854262
0.857299
0.865075
0.877369
0.892877
0.909729
0.926125
0.94083
0.953347
0.96367
0.971888
0.977846
0.9811
0.981117
0.977556
0.970405
0.959967
0.946725
0.931283
0.914382
0.896969
0.880253
0.865561
0.853991
0.846087
0.841663
0.839974
0.840059
0.841122
0.842739
0.844848
0.847575
0.851
0.854972
0.859042
0.862633
0.865237
0.866529
0.866478
0.865342
0.863595
0.861884
0.860949
0.861476
0.863948
0.868349
0.874045
0.879846
0.884387
0.886486
0.885446
0.881127
0.873893
0.864458
0.853559
0.841773
0.829502
0.817094
0.805046
0.794333
0.786726
0.784749
0.790532
0.804117
0.823068
0.843944
0.863932
0.881423
0.89564
0.906204
0.913032
0.916282
0.91643
0.914161
0.910256
0.905435
0.900229
0.894963
0.889849
0.885068
0.880813
0.877259
0.8745
0.872442
0.870862
0.869587
0.868687
0.86859
0.869996
0.873615
0.879854
0.888575
0.899025
0.910053
0.920396
0.928909
0.934718
0.937273
0.936321
0.931963
0.924699
0.915627
0.906461
0.899232
0.895672
0.89653
0.901288
0.908438
0.915909
0.921504
0.923429
0.920736
0.913686
0.903749
0.89327
0.8847
0.879889
0.879585
0.883411
0.890186
0.898367
0.906372
0.912738
0.916131
0.915301
0.909144
0.897036
0.879201
0.857181
0.834001
0.813539
0.799232
0.792803
0.79393
0.800904
0.811679
0.824425
0.837702
0.850222
0.860654
0.867629
0.869989
0.867167
0.859575
0.848877
0.837791
0.829325
0.825582
0.826913
0.831965
0.838409
0.843886
0.846702
0.846241
0.843069
0.838756
0.835274
0.83405
0.83526
0.837897
0.840547
0.842188
0.842503
0.841732
0.840384
0.838967
0.837833
0.83709
0.836515
0.835622
0.833958
0.831521
0.829128
0.828052
0.829073
0.83167
0.834318
0.835462
0.834258
0.830712
0.825641
0.820606
0.81787
0.81974
0.827382
0.840094
0.855807
0.872204
0.887409
0.900112
0.90956
0.915504
0.918151
0.918069
0.916074
0.91308
0.910011
0.907691
0.906776
0.907619
0.910118
0.913674
0.917311
0.919901
0.920462
0.918463
0.914033
0.908016
0.901519
0.895278
0.889341
0.883547
0.878164
0.8741
0.8725
0.874092
0.878808
0.885838
0.893914
0.901604
0.907608
0.910972
0.911234
0.908395
0.902781
0.894899
0.885303
0.874543
0.863151
0.851675
0.840653
0.830612
0.822042
0.815426
0.811226
0.80987
0.811519
0.815913
0.822334
0.829792
0.837407
0.84461
0.851127
0.856806
0.861468
0.864831
0.866624
0.866815
0.865835
0.864559
0.863991
0.864725
0.866704
0.869342
0.871936
0.874108
0.875927
0.877783
0.880111
0.882963
0.885857
0.887936
0.888289
0.886325
0.882009
0.875905
0.869006
0.862467
0.857225
0.853703
0.851816
0.851176
0.8514
0.852267
0.853632
0.855287
0.856799
0.857516
0.856671
0.85362
0.848123
0.840574
0.832046
0.824098
0.818236
0.815273
0.814964
0.81615
0.817376
0.817605
0.816629
0.815063
0.814005
0.814583
0.81761
0.823459
0.832032
0.842785
0.854886
0.86735
0.879245
0.889776
0.898361
0.90456
0.908006
0.908366
0.905421
0.899168
0.889954
0.878552
0.866118
0.85407
0.843941
0.837164
0.83479
0.837215
0.843979
0.853752
0.864676
0.874844
0.882796
0.887768
0.889712
0.889214
0.887343
0.885421
0.884621
0.885563
0.887903
0.890439
0.891607
0.890268
0.886221
0.880295
0.873966
0.868762
0.865772
0.865367
0.867204
0.870417
0.873919
0.876736
0.87831
0.878709
0.878571
0.878754
0.879852
0.88194
0.884753
0.887996
0.891563
0.895483
0.899734
0.904166
0.908537
0.912525
0.915776
0.917898
0.918469
0.917046
0.913244
0.906899
0.898249
0.887974
0.876975
0.866074
0.85569
0.845759
0.835968
0.826074
0.816218
0.806977
0.799183
0.793637
0.790815
0.790816
0.793464
0.798546
0.80603
0.816014
0.828577
0.843418
0.859576
0.875501
0.889451
0.899966
0.90624
0.908198
0.906449
0.902118
0.89654
0.89104
0.886695
0.884155
0.883609
0.884863
0.887459
0.890703
0.89376
0.895717
0.895723
0.893124
0.887588
0.879118
0.868062
0.855147
0.841572
0.829079
