1.45656 1.73205 4.00466 2.67001
1.45461 1.73205 4.00466 2.67001
1.53703 1.73205 4.00466 2.67001
1.53703 2.15179 4.71915 4.03191
1.53703 2.74844 4.71915 4.03191
1.53703 2.51556 6.5668 2.91994
1.53703 2.1812 6.5668 2.91994
1.53703 1.02485 5.54208 4.06791
0.93714 1.02485 5.54208 4.06791
0.93714 0.966598 5.54208 4.06791
1.1723 0.966598 5.54208 1.66729
1.1723 0.966598 5.54208 1.66729
0.836043 0.966598 5.54208 1.66729
1.68619 0.66985 5.54208 1.71401
2.09435 0.66985 5.54208 1.06818
1.07102 0.66985 5.8108 1.06818
1.07102 0.66985 2.07239 2.5037
1.59707 0.66985 2.07239 2.5037
1.59707 0.66985 2.07239 2.5037
2.2554 0.66985 2.07239 2.5037
2.2554 0.952621 2.07239 2.5037
2.2554 0.952621 2.07239 2.5037
2.2554 1.5661 2.07239 2.5037
2.2554 1.23478 3.53374 2.5037
2.2554 1.23478 3.53374 4.60475
2.2554 1.23478 3.53374 4.60475
2.2554 1.23478 6.1167 4.16423
2.2554 1.58939 6.1167 4.16423
2.2554 1.11222 6.1167 4.16423
2.2554 1.64846 6.1167 4.16423
2.2554 1.53574 6.1167 4.28234
2.2554 1.42316 6.1167 4.28234
2.2554 1.36994 6.1167 5.538
2.2554 1.07447 6.1167 5.538
1.2433 1.03808 6.1167 5.538
1.2433 0.591454 6.1167 6.80169
1.2433 2.20401 3.19177 8.94423
1.2433 1.55849 3.19177 8.94423
1.2433 1.50942 3.19177 9.53357
1.53097 1.29095 3.19177 9.53357
1.7191 1.29095 5.4574 9.53357
1.7191 1.5513 4.2895 9.53357
1.7191 1.08033 7.30397 10.8948
2.0193 1.08033 7.30397 10.8948
1.29604 1.08033 6.30308 10.8948
1.29604 1.08033 6.30308 10.7081
1.29604 1.08033 6.30308 10.4639
0.9474 1.20229 6.30308 8.22106
0.9474 1.20229 5.20959 8.22106
0.9474 1.51465 6.37725 6.24837
0.934826 1.51465 3.75117 6.24837
0.595011 2.09594 6.50763 6.24837
0.595011 2.60151 5.33979 6.24837
0.595011 2.60151 7.0617 6.24837
0.595011 1.83601 7.0617 6.32178
0.595011 1.64824 7.25426 8.45619
0.595011 1.64824 4.72202 6.83452
0.595011 1.64824 4.72202 6.83452
1.27757 1.64824 4.72202 6.83452
0.67721 1.71827 4.72202 7.03267
0.67721 1.71827 4.72202 7.03267
0.584476 1.71827 4.72202 4.8343
0.58894 2.10733 4.30484 3.59702
1.41663 2.10733 4.30484 3.35898
1.41663 2.10733 3.08261 3.35898
1.41663 3.07117 3.08261 4.59633
1.41663 3.57278 2.87843 4.59633
1.93385 3.57278 2.54661 3.086
1.57397 3.62897 2.54661 3.086
0.895201 3.62529 2.54661 5.2005
0.895201 3.65639 2.54661 5.2005
0.895201 3.07566 2.54661 5.2005
0.895201 3.07566 2.54661 5.2005
1.13587 2.57438 2.54661 5.81702
1.13587 2.30603 2.54661 5.81702
0.449316 2.30603 2.54661 4.51799
1.41304 2.30603 2.54661 5.78211
1.83011 2.30603 3.1195 5.78211
1.83011 2.30603 3.1195 5.78211
1.83011 1.94236 3.1195 5.78211
1.4459 1.10784 4.20123 5.70909
1.1823 0.969952 4.25457 5.70909
1.1823 0.969952 4.25457 5.70909
0.749597 0.969952 4.25457 5.70909
0.749597 0.969952 4.25457 5.70909
0.749597 0.969952 4.25457 5.70909
0.749597 0.969952 4.25457 3.82047
0.962376 0.969952 4.25457 3.41482
0.929693 0.969952 4.25457 3.41482
1.113 0.969952 3.6279 3.41482
1.68704 0.830096 3.22471 3.41482
1.68704 0.830096 3.22471 4.48121
1.89032 1.44022 3.22471 4.04155
1.89032 1.44022 3.22471 4.28861
1.58636 2.12957 3.22471 4.28861
1.58636 1.84883 3.22471 4.28861
1.58636 1.15415 3.22471 4.28861
2.0257 0.723574 3.53926 5.81358
2.0257 0.698944 4.15651 5.81358
1.32949 0.605926 3.48347 5.81358
1.27936 1.71351 5.3913 5.52754
0.830469 1.71351 5.3913 6.0802
0.830469 1.29053 5.3913 6.19587
0.830469 1.61109 5.3913 6.19587
1.50274 1.61109 5.54472 6.19587
1.50274 0.810244 5.30525 4.23989
1.50274 1.53644 3.39441 3.31785
1.50274 1.61172 1.69489 3.72815
2.0875 1.56573 2.01075 4.75576
2.0875 1.26506 2.01075 4.75576
2.0875 1.26506 1.5998 4.47799
2.79782 1.26506 1.5998 3.76136
2.9039 1.66203 1.5998 3.76136
2.9039 1.58019 4.66136 3.97946
2.9039 1.58019 2.68568 3.97946
2.9039 1.00284 2.68568 3.97946
2.9039 1.00284 2.68568 3.97946
2.9039 0.220367 5.07994 3.97946
2.9039 0.220367 5.35918 3.01577
2.44807 0.220367 3.28328 3.01577
2.44807 0.220367 6.19089 4.9924
3.21309 0.220367 4.29252 4.9924
3.21309 0.220367 4.29252 4.9924
3.21309 0.220367 4.29252 6.67872
3.21309 0.833928 4.29252 6.67872
3.21309 0.833928 2.61013 6.67872
3.8557 0.833928 2.61013 6.67872
3.51415 1.33355 2.51181 6.58697
3.51415 1.33355 2.51181 8.75589
2.85526 1.37267 2.51181 7.63919
2.42515 2.9371 4.07508 7.63919
2.03511 2.9371 5.39247 7.63919
2.453 2.64861 5.39247 4.99415
1.36951 2.64861 5.39247 5.72613
1.19966 2.79821 5.39247 5.72613
1.19966 2.2018 5.39247 5.72613
0.893488 1.90786 8.30105 5.72613
0.801945 1.15308 10.8161 5.72613
0.801945 1.24885 9.58681 5.72613
0.982052 0.594078 8.967 5.33689
0.982052 1.1925 8.967 4.93252
1.94278 1.29339 8.967 4.93252
1.6484 1.29339 7.26203 4.93252
1.92421 1.29339 7.26203 3.14213
1.82788 1.29339 7.26203 1.48128
3.12755 1.23852 7.41425 3.44042
2.06459 0.641377 7.41425 3.44042
2.06459 0.939065 11.5175 5.36039
2.06459 0.939065 10.7403 4.05224
2.76466 0.939065 13.2729 4.05224
2.64409 1.24467 12.5788 3.42563
2.64409 1.24467 13.2807 2.26764
2.34416 1.24467 11.121 2.26764
2.34416 1.78698 11.121 2.26764
2.34416 1.78698 9.09186 2.54119
3.44493 1.61684 9.61376 1.98499
3.44493 1.61684 8.93904 1.98499
1.85361 1.61684 8.93904 1.98499
1.85361 1.61684 8.93904 2.75381
1.85361 0.854903 7.91684 2.75381
0.828557 1.12251 7.91684 4.24673
1.07167 2.04912 9.69539 4.69121
0.80662 2.04912 9.69539 2.70155
1.81826 2.41972 9.69539 2.39934
1.82972 2.43048 11.1727 1.82281
0.665448 2.38262 11.1727 2.02549
0.665448 3.0358 11.1727 3.13347
0.665448 2.85847 13.6112 3.13347
0.665448 2.36883 12.8986 1.73288
0.665448 2.47526 12.8262 3.18063
0.665448 3.07241 13.0628 2.32213
0.737825 3.07241 14.3891 7.26293
1.76788 3.07241 14.3891 7.26293
1.64859 2.56775 13.9682 7.26293
1.30768 2.56775 11.8965 5.77211
1.81722 1.76974 11.9294 5.77211
2.11009 1.54047 11.9294 4.27234
2.11009 1.54047 9.81044 4.97271
2.11009 1.54047 9.81044 4.97271
1.41396 1.6484 9.81044 5.41405
1.78868 1.307 12.8196 2.49987
1.78868 1.307 10.7234 2.49987
0.922057 1.307 10.7234 2.84011
0.922057 1.37973 9.1948 3.06357
0.64062 0.661618 7.45989 3.06357
0.64062 0.683632 7.62772 5.12748
0.815439 0.80953 8.00439 4.35795
0.852191 0.80953 8.82824 4.35795
0.767771 0.612618 8.82824 3.89196
0.767771 0.612618 8.82824 3.89196
0.767771 0.612618 8.82824 4.2276
0.701217 0.612618 6.29342 5.77167
0.701217 0.612618 6.20266 5.77167
0.701217 0.612618 4.00888 6.0513
1.1025 0.612618 4.00888 7.49177
0.912967 0.612618 5.54879 9.44074
1.71124 0.612618 4.61091 8.40061
1.71124 0.612618 3.26206 8.40061
1.71124 0.612618 4.54737 8.75076
1.73606 0.612618 4.54737 8.32681
1.15435 0.612618 5.19564 6.2433
1.23211 0.612618 5.63929 6.2433
1.23211 0.947314 7.99654 6.2433
1.55504 1.37794 5.67626 6.2433
2.1937 1.37794 4.55268 3.58464
2.1937 0.962189 4.55268 3.06025
2.1937 0.915581 4.55268 3.06025
2.51921 1.57146 3.20656 3.01017
2.32567 1.3673 3.36989 3.01017
2.32567 1.05467 3.61551 3.01017
2.98699 1.19488 2.72453 3.01017
2.56527 1.72725 5.68727 3.77304
2.56527 1.98761 5.14392 1.97023
1.44376 1.98761 6.58088 1.97023
1.44376 1.40328 6.91558 2.85251
1.73319 1.05756 6.91558 2.85251
1.24524 1.05756 6.91558 2.85251
0.796914 0.851145 5.4981 4.56952
0.758024 0.851145 5.4981 5.16209
0.758024 0.851145 5.4981 5.16209
0.758024 0.851145 5.4981 5.16209
0.732718 0.930802 3.64609 5.84066
0.732718 1.41504 3.64609 6.82692
0.732718 1.41504 3.64609 8.44002
0.786996 1.41504 3.64609 10.2329
1.96206 0.549686 3.64609 10.2329
1.96206 0.844156 3.64609 10.2329
1.96206 0.600703 3.64609 10.2329
1.96206 0.600703 3.64609 8.28784
2.8868 0.567026 6.2598 5.86747
2.8868 0.397473 5.63165 3.57405
2.8868 0.670866 6.09945 3.57405
2.8868 0.449834 6.09945 2.82536
1.99582 0.449834 5.56866 2.82536
1.99582 0.449834 4.39461 2.82536
1.99582 0.946958 4.39461 2.82536
1.99582 1.16307 3.43214 2.82536
1.99582 1.16307 3.43214 2.74097
1.99582 1.16307 2.71879 2.25314
2.08084 1.16307 6.06363 2.07427
2.49123 1.16307 5.61376 2.07427
1.61454 1.16307 5.61376 2.07427
1.61454 1.16307 6.42388 5.7713
0.630731 1.16307 9.14546 5.7713
0.630731 1.16307 9.47126 6.34998
0.630731 1.09127 10.4886 7.08054
1.5684 1.09127 10.4886 6.95112
1.32849 0.533696 10.4886 5.65214
0.789897 0.533696 10.2937 4.64641
0.789897 0.533696 8.5632 4.64641
0.789897 0.497579 9.67612 4.64641
0.330853 0.842412 8.94408 4.32834
0.330853 0.842412 8.3254 4.32834
0.601366 0.842412 10.7406 2.93243
0.601366 1.89366 10.0939 4.42244
0.601366 2.02084 8.94871 4.42244
0.601366 2.02084 8.94871 3.12939
0.601366 2.16315 8.94871 3.12939
0.601366 2.16315 8.94871 3.12939
1.22413 2.98319 8.94871 3.12939
2.0227 2.98319 9.53106 3.12939
2.40357 2.98319 9.81081 3.12939
1.381 3.0596 9.20525 3.12939
1.381 3.0596 8.49021 3.35686
1.381 3.06551 8.33341 5.79723
1.63041 3.06551 7.22979 5.79723
1.63041 2.74779 9.51577 4.84861
2.01853 1.92713 9.51577 4.84861
2.01853 1.81501 9.51577 4.84861
3.18191 1.81501 8.31336 4.84861
2.76127 1.79111 5.63148 3.94343
2.47223 1.79111 5.21916 4.98979
2.47223 1.88002 3.98308 6.40082
2.47223 1.88002 1.69842 4.80442
1.80479 1.93083 1.69842 6.64822
2.251 1.32798 4.88999 7.11987
2.47992 1.6903 4.88999 8.26343
2.00327 1.6903 4.88999 6.95847
1.79562 1.96879 4.47229 6.19823
1.79562 1.80595 5.58344 6.19823
2.96103 1.80595 5.58344 6.27676
2.96103 2.16262 5.58344 6.27676
2.96103 2.90087 2.48719 6.27676
2.96103 2.59955 2.48719 6.27676
3.64383 3.18397 2.48719 6.27676
3.64383 3.0126 2.48719 6.27676
3.50422 3.0126 2.48719 6.27676
2.48911 3.0126 4.51788 6.75757
2.462 3.00376 3.81658 8.05019
1.77749 3.00376 3.81658 8.05019
1.81822 1.87726 3.81658 8.23547
1.81822 1.6997 3.81658 8.23547
2.04427 2.3388 4.76887 7.6248
2.04427 2.55883 4.76887 10.5788
2.04427 2.55883 5.69708 10.5788
2.04427 2.42217 3.57198 9.5602
2.40284 1.80926 3.57198 9.5602
2.80541 0.88497 3.57198 9.5602
2.55374 1.3916 3.57198 9.5602
2.55374 0.486091 3.57198 9.5602
2.55374 0.486091 3.57198 9.5602
2.66865 0.486091 4.89104 9.5602
2.66865 0.486091 3.33323 7.76894
2.4243 0.486091 6.53954 8.495
1.65643 0.486091 6.53954 9.41854
1.65643 0.375869 7.62928 9.28522
1.65643 0.876697 8.68693 9.77832
1.65643 0.876697 7.21526 10.155
1.65643 0.876697 6.31879 10.155
1.65643 0.876697 6.94424 7.03372
1.03693 0.561745 5.05567 8.67124
0.812302 0.561745 3.40356 8.00923
0.812302 1.01217 3.40356 7.49828
0.925572 0.705703 3.40356 4.58077
0.925572 1.60275 3.40356 4.58077
1.59929 1.60275 3.40356 4.75535
1.59929 1.16823 3.40356 5.58853
1.59929 1.16823 1.67529 6.19418
2.18553 1.16823 4.14728 6.19418
2.19787 1.16823 4.84214 6.19418
1.86326 1.43478 3.28476 6.19418
1.49089 1.43478 4.18175 6.19418
1.49089 1.81769 4.18175 6.63862
1.49089 1.81769 4.18175 5.19916
2.70816 1.54413 4.18175 5.19916
2.6171 1.43337 4.14093 5.19916
2.6171 1.43337 4.14093 5.19916
2.6171 1.56102 6.38893 5.06341
2.6171 0.982558 6.38893 5.06341
2.63844 0.982558 6.94052 5.06341
2.47048 0.982558 5.21714 5.06341
1.83254 1.07986 6.34047 3.01337
1.83254 0.315836 6.34047 2.67022
1.83254 0.513618 6.34047 4.41832
2.04667 0.61898 6.34047 4.41832
1.83829 0.543397 7.27063 4.41832
1.62852 0.543397 6.62718 4.50457
1.62852 0.543397 4.38892 4.50457
0.956416 0.986328 3.40219 3.73636
1.27503 1.4099 3.40219 6.4081
1.10899 1.4099 3.40219 6.4081
1.26144 1.4099 3.40219 6.4081
1.26144 1.07311 3.40219 6.4081
1.26144 0.677205 5.4185 5.5423
1.26144 0.455249 2.94301 5.5423
1.26144 0.455249 2.94301 5.5423
1.26144 0.455249 2.94301 1.71412
0.51203 0.455249 2.94301 5.05084
1.1058 0.455249 2.75344 5.05084
1.27177 0.455249 2.5471 6.10459
1.27177 1.37661 2.5471 5.69591
1.27177 1.17328 3.10875 5.69591
1.08366 1.17328 3.44163 5.69591
0.338035 1.17328 3.44163 7.11959
0.338035 0.889762 3.44163 7.11959
0.338035 0.889762 3.44163 6.78935
0.937488 1.40364 4.29536 6.61029
0.937488 1.31052 3.04529 6.52273
1.37279 1.35406 3.04529 6.52273
1.29459 1.35406 4.64758 6.52273
1.29459 1.35406 7.26299 6.52273
1.29459 1.31777 7.26299 6.52273
1.29459 1.31777 7.09514 4.04571
0.68669 1.31777 5.02775 4.02977
0.185537 0.179641 3.70425 4.02977
1.18574 0.179641 1.75953 4.71665
1.26476 0.179641 1.75953 4.18374
1.29131 0.179641 1.75953 4.18374
1.57024 0.179641 1.75953 4.18374
1.57024 0.179641 2.60573 4.18374
1.21755 0.179641 2.60573 4.18374
1.37157 0.179641 4.22836 3.05701
1.51147 0.179641 5.91253 2.49456
1.51147 0.179641 5.91253 2.49456
1.5656 0.179641 6.59142 3.4486
1.49152 0.53921 8.16502 3.4486
2.56481 0.556416 8.74873 3.4486
2.70095 0.556416 8.74873 3.4486
2.66028 0.556416 8.74873 4.70049
3.01066 1.14502 9.7729 5.48247
3.01066 1.14502 9.65161 5.75915
2.68504 1.16971 6.5872 5.75915
2.68504 1.16971 6.5872 5.75915
3.19404 1.16971 6.5872 6.56504
3.19404 1.16971 6.5872 6.01257
3.09823 0.958895 5.70488 6.01257
3.22952 0.672478 4.5247 7.51488
3.22952 1.01107 3.23585 7.51488
3.22952 1.01107 3.23585 6.57812
3.62112 1.01107 3.23585 6.32964
3.03804 1.01107 3.23585 6.32964
2.18108 0.842476 3.23585 6.32964
1.59338 1.10086 3.23585 6.77577
1.59338 1.6005 3.23585 6.77577
1.74669 1.78822 3.23585 4.55888
1.74669 1.3521 3.23585 5.23292
1.53 1.3521 3.23585 5.23292
1.53 1.3521 3.23585 4.66799
1.29664 0.801931 5.9956 4.66799
1.32741 0.801931 5.9956 4.66799
1.32741 0.801931 5.43379 4.66799
1.32741 0.801931 5.43379 3.14572
1.32741 1.57243 3.42347 2.58276
1.32741 1.69147 3.42347 2.58276
1.48087 1.8133 3.42347 2.58276
1.12131 1.75112 3.42347 5.94145
0.903579 1.16696 4.22843 5.04961
1.59391 1.16696 3.60812 5.67294
1.59391 1.08102 2.37805 4.99926
1.59391 0.347126 2.37805 3.83931
1.59391 0.818468 2.37805 3.83931
1.59391 0.800605 2.37805 3.83931
1.72494 1.08042 2.37805 4.92858
0.943532 1.0434 2.37805 2.93339
0.943532 1.0434 4.87263 2.18098
0.943532 1.0434 4.82573 2.18098
1.13335 1.74514 4.97161 4.00287
1.87844 1.45861 4.8658 4.05339
2.74798 1.45861 6.07633 4.05339
2.74798 2.03103 6.74662 4.05339
2.74798 2.03103 7.53438 3.64554
1.75052 2.03103 5.90357 3.64554
1.19635 2.04846 5.63165 5.54188
0.860046 1.89144 5.94843 6.18397
0.860046 1.55313 8.09129 7.66097
1.12883 1.74967 7.49904 8.32931
1.37764 1.03321 7.49904 7.3456
1.37764 1.03321 8.32073 9.52732
1.25747 1.03321 7.34941 10.4332
1.33357 0.681174 7.34941 10.4332
1.16073 0.681174 5.64351 11.204
1.16073 1.22448 5.64351 10.6777
1.54879 1.22448 5.64351 10.9674
1.54879 0.332271 3.65129 10.472
1.54879 0.332271 3.65129 8.33694
1.04064 0.332271 3.65129 8.33694
1.04064 0.332271 3.51275 8.33694
0.860603 0.749562 2.35775 7.04661
0.860603 0.749562 2.35775 7.17389
0.860603 1.24607 1.1007 10.2261
0.860603 1.59144 3.45355 9.43691
0.860603 1.54847 3.45355 8.27836
0.860603 1.54847 3.45355 8.27836
0.860603 1.53058 3.45355 8.42211
0.746119 1.59249 3.45355 8.42211
0.746119 1.66577 3.45355 7.51939
0.746119 1.39865 3.45355 7.51939
0.746119 0.997948 3.45355 5.17542
0.746119 0.997948 3.45355 5.56269
1.30556 0.997948 3.45355 6.32989
1.30556 2.29702 3.45355 4.46819
1.30556 2.71734 3.45355 4.46819
1.30556 2.71865 4.3521 4.46819
1.30556 3.27188 4.32473 4.46819
0.417346 3.29656 4.32473 4.01142
1.03412 2.40444 2.23993 3.92379
1.03412 2.12095 2.40578 3.57653
1.17489 2.12095 3.17255 3.65293
0.810275 1.01443 3.17255 3.40797
0.810275 1.01443 3.08068 3.40797
0.375517 1.01443 3.08068 3.40797
0.375517 1.01443 3.08068 3.40797
0.375517 1.01443 3.08068 3.40797
2.03646 1.01443 3.08068 3.97482
2.03646 0.97781 3.08068 4.47568
2.03646 1.15937 3.08068 3.28239
2.03646 1.15937 3.26821 3.28239
1.60184 1.15937 3.26821 4.76006
2.69275 1.15937 3.26821 6.23945
2.48873 1.15937 3.26821 6.23945
1.62444 1.15937 3.26821 2.94315
1.62444 1.15937 4.50108 1.45569
1.62444 1.15937 4.50108 2.19034
1.62444 2.1328 4.50108 2.19034
1.19033 1.39199 4.50108 2.89306
1.19033 3.32005 3.5045 3.70204
1.31322 3.08845 3.5045 2.89832
1.82452 3.20569 5.26192 2.27668
1.82452 3.20569 6.32783 2.27668
1.82452 2.34325 6.07238 2.27668
1.82452 2.00694 6.70849 1.256
2.0491 2.1159 6.70849 1.256
1.63154 2.1159 6.70849 1.256
1.63154 1.72851 6.70849 1.256
1.63154 1.72851 7.71317 1.256
1.63154 1.72851 8.55483 2.51738
1.57412 1.72851 8.55483 2.51738
1.37811 1.72851 8.55483 5.10698
2.10601 2.17068 11.2135 5.10698
1.8218 2.17068 11.2135 3.80833
2.28541 1.81109 11.2135 3.80833
2.28541 1.14753 11.2547 3.80833
2.28541 1.14753 9.1267 3.80833
2.28541 0.803398 7.54788 4.46363
2.28541 0.803398 7.71368 4.46363
3.45415 0.803398 7.71368 4.46363
3.45415 0.803398 7.85539 4.46363
3.45415 0.803398 8.09054 6.7085
3.18485 0.542817 8.09054 5.88174
3.07358 0.236804 8.09054 2.83771
3.24253 0.236804 8.85114 2.83771
3.24253 0.236804 8.67496 2.83771
2.68277 0.236804 5.10527 2.10124
2.68277 0.236804 3.72114 2.10124
1.93905 0.236804 3.72114 1.46312
1.6168 0.236804 3.72114 1.8451
2.40153 0.236804 3.72114 2.64507
2.40153 0.236804 3.69988 4.49009
2.22339 0.236804 3.69988 4.49009
1.91657 0.236804 3.69988 2.14148
2.39824 0.236804 4.73458 2.14148
2.97471 0.261908 3.42643 1.7864
3.95127 0.261908 4.86432 2.25829
4.10288 0.261908 2.907 2.25829
4.10288 0.164067 2.907 2.25829
4.17517 0.164067 4.12412 1.82768
4.27396 0.164067 4.12412 3.16943
4.27396 0.164067 4.12412 3.16943
3.7191 0.164067 4.12412 3.19765
3.87423 0.164067 4.12412 3.19765
3.85832 0.164067 4.12412 3.19765
3.85832 0.164067 4.12412 4.69218
2.8752 0.164067 4.12412 4.58311
3.29904 0.164067 4.6998 3.41611
2.5234 0.164067 3.00899 4.14668
1.79486 0.164067 3.00899 6.64076
1.07793 0.164067 3.00899 6.64076
0.528238 0.164067 3.00899 6.64076
0.528238 0.164067 3.00899 6.51487
0.528238 0.164067 2.19912 6.51487
0.528238 0.164067 2.19912 8.95944
0.528238 0.164067 2.19912 8.95944
1.24461 0.318762 2.19912 8.57848
1.24461 1.28956 3.5322 8.07662
1.1253 1.28956 3.5322 7.83037
0.726137 1.28956 3.5322 7.83037
0.726137 1.28956 3.5322 8.78375
0.848361 1.28956 1.96101 8.78375
0.848361 1.28956 2.80053 8.78375
0.848361 1.28956 4.54553 11.1134
0.841783 1.20219 4.6484 10.3289
0.908473 1.20219 1.46457 7.46824
1.55305 1.20219 1.86868 7.46824
1.63006 1.20219 1.08201 6.62917
2.00413 1.26202 3.52211 6.62917
2.00413 1.35299 1.69215 5.08106
1.69417 0.781365 1.69215 5.81441
1.69417 1.69847 1.69215 5.36727
1.3533 1.69847 1.69215 3.51846
1.3533 0.884286 1.69215 3.51846
0.993877 0.771939 1.69215 2.44295
0.585939 0.771939 1.55366 3.06089
0.71074 0.771939 1.55366 1.98399
0.71074 0.771939 1.55366 1.76681
0.71074 0.771939 1.55366 1.76681
0.71074 0.771939 1.86069 1.76681
0.71074 0.771939 1.86069 1.76681
0.71074 0.771939 1.86069 2.54571
0.71074 0.887583 1.86069 3.70837
0.71074 0.887583 1.74717 3.70837
0.71074 0.887583 2.83577 3.70837
1.08593 2.04259 3.49842 3.70837
1.57823 2.04259 3.49842 5.32309
1.20009 2.36993 3.49842 5.32309
0.915247 1.62103 3.49842 4.40532
0.915247 1.62103 3.58385 5.47689
1.08367 1.70235 3.58385 5.47689
1.34276 1.93445 3.92687 6.62784
1.34276 1.93445 5.94211 6.62784
1.34276 1.93445 5.94211 6.48323
1.34276 2.2017 4.33396 7.04943
1.34276 1.88271 5.86027 8.99517
1.34276 1.88271 5.17805 10.2155
1.34276 1.68301 5.17805 9.03728
1.34276 1.68301 5.17805 9.03728
1.49354 1.4077 5.17805 7.40352
1.21175 1.4077 3.84646 6.98252
1.47397 1.4077 4.37149 8.837
1.29343 1.4077 4.18128 8.66011
1.37122 1.4077 4.18128 7.74591
1.37122 1.4077 6.44844 7.74591
1.37122 1.01469 4.58032 6.70232
1.21787 1.01469 4.58032 6.89514
1.21787 1.01469 4.58032 6.63464
0.931887 1.01469 4.18246 6.63464
0.931887 1.01469 4.61213 6.63464
1.56861 2.1854 4.61213 5.68692
1.56861 2.56358 4.20301 5.68692
1.56861 2.56358 5.0428 5.55861
1.56861 2.56358 5.46271 5.55861
0.276419 2.56358 5.46271 7.30692
1.13706 2.60008 4.11214 5.82014
1.13706 4.03338 4.11214 5.82014
1.13706 3.42134 4.11214 5.82014
1.60245 3.6581 4.11214 8.29411
1.54859 2.99545 4.11214 8.79736
2.52236 2.99545 4.11214 9.13449
3.14572 2.30361 4.11214 9.13449
3.34719 2.31927 4.63916 10.1361
2.0569 2.31927 4.63916 10.1361
1.22989 2.29306 4.63916 10.8791
0.760691 2.29306 4.63916 10.8791
0.889198 1.80012 3.91291 8.85627
1.6908 1.80012 3.91291 8.85627
1.6908 1.21559 3.91291 7.47641
1.6908 1.21559 2.27824 8.65571
1.6908 1.21559 3.35399 7.6479
1.6908 1.65309 3.35399 7.6479
1.6908 1.70971 4.59854 7.6479
2.65474 2.15959 5.28021 5.89959
2.75699 2.15959 5.28021 5.89959
3.08486 2.15959 5.28021 4.36384
1.46279 2.15959 5.28021 4.36384
1.29631 2.21148 5.28021 5.95302
0.717852 2.11423 5.06156 7.87233
0.717852 2.4853 5.84954 6.66659
0.717852 3.08801 4.09211 6.74823
0.717852 3.08801 4.09211 6.74823
0.717852 2.77832 4.09211 8.69742
1.62219 2.77832 2.86308 8.69742
1.49082 3.13949 2.86308 10.3005
1.49082 3.13949 2.86308 10.475
1.22319 3.407 2.86308 10.475
1.22319 3.407 2.86308 11.9467
1.22319 3.407 1.77155 11.6313
1.22319 3.09374 1.77155 11.6313
1.06944 2.82037 1.77155 9.5496
1.25361 2.82037 1.77155 10.8387
0.659834 2.40075 1.77155 10.8387
0.659834 1.74714 1.77155 8.54827
0.659834 1.92888 1.77155 8.01315
0.659834 2.92778 1.77155 6.55828
0.659834 2.92778 1.77155 8.76347
0.659834 3.32895 1.77155 7.74407
0.659834 3.19436 1.77155 7.74407
0.659834 3.28022 1.77155 7.35643
0.659834 2.51315 1.77155 6.11145
0.659834 2.51315 1.77155 7.67653
0.659834 2.31612 1.77155 10.9449
0.659834 2.31612 2.95192 12.4754
0.982443 2.31612 2.95192 13.9761
0.891895 1.85003 1.20497 11.0181
0.891895 1.39446 1.20497 10.9076
0.891895 1.65986 3.2398 11.9699
0.603409 1.61973 6.16424 11.9699
0.603409 2.39124 9.0283 11.8821
0.803695 1.79645 9.0283 13.3517
0.803695 1.21812 9.0283 13.3517
0.803695 1.21812 7.47312 13.3517
0.803695 1.01965 7.95515 13.3517
0.838213 1.47741 7.95515 10.4487
0.488426 1.55783 8.42203 9.61514
0.487425 1.55783 8.42203 8.55437
0.487425 1.67035 8.42203 9.00185
0.487425 1.38437 7.11976 6.6117
0.487425 1.38437 7.11976 6.6117
0.487425 2.15715 4.58259 4.92958
0.487425 2.15715 3.85307 4.92958
0.487425 2.15715 5.16429 5.18149
0.487425 2.15715 5.16429 5.18149
0.487425 2.15715 4.06572 5.18149
1.29685 2.42701 4.06572 5.18149
1.29685 2.19356 2.52674 4.58508
1.29685 2.13536 2.52674 2.98294
1.33041 2.13536 4.62689 3.46637
1.33041 2.37669 5.41286 4.51641
0.528912 2.37669 4.70324 3.2741
0.528912 2.10985 4.05962 3.2741
0.528912 2.31161 4.05962 3.2741
0.528912 2.40043 4.05962 2.49527
0.528912 2.40469 6.74605 1.68042
0.528912 1.72978 7.16305 4.60022
0.528912 1.93371 7.16305 4.60022
0.528912 1.60733 7.16305 4.60022
0.528912 1.60733 6.31901 4.60022
0.888935 2.66613 6.71266 4.55993
0.888935 2.54623 4.92165 4.55993
0.888935 2.01449 4.92165 5.42744
0.888935 2.26268 4.92165 5.42744
0.888935 1.98319 5.60979 5.47464
0.888935 1.98319 5.60979 5.83646
0.779736 1.88588 5.60979 5.83646
0.779736 2.41019 5.60979 5.83646
0.826216 2.26931 5.60979 3.41088
0.826216 1.10871 5.51156 3.41088
0.826216 1.10871 5.25088 3.41088
0.826216 1.10871 5.25088 3.41088
0.981394 1.87221 5.25088 1.99964
0.881566 1.87221 2.56596 2.1686
0.881566 1.87221 3.21144 2.44423
2.0755 1.52697 3.92349 2.44423
2.0755 1.67407 3.92349 2.44423
2.0755 1.67407 3.92349 2.44423
1.6439 1.67791 3.92349 3.06761
1.6439 0.803135 3.92349 3.06761
1.44464 0.752536 3.92349 3.06761
1.12155 0.752536 3.92349 1.1371
1.0828 0.752536 6.47866 1.1371
1.0828 0.752536 5.23455 1.1371
1.00319 0.457771 5.23455 1.1371
1.00319 0.657334 5.23455 4.3004
0.590378 0.657334 5.23455 4.90265
0.590378 0.657334 5.23455 4.51985
0.590378 0.818841 5.23455 6.35086
0.590378 0.601273 3.90324 6.35086
0.590378 0.601273 4.21706 6.35086
0.785178 0.601273 4.21706 6.35086
0.619318 1.03576 6.41422 4.99531
0.619318 1.03576 3.73566 5.21716
0.619318 1.03576 3.73566 5.21716
1.02093 1.34083 3.73566 5.21716
1.02093 1.07462 3.73566 5.67573
1.55536 1.07462 1.3708 5.67573
1.74389 1.71123 2.91779 5.67573
2.04015 1.71123 2.91779 5.67573
1.18653 1.71123 2.91779 3.12793
1.18653 0.413322 3.63343 2.84557
0.967588 0.712445 4.96826 2.84557
0.958712 0.758845 3.17378 2.84557
0.69016 0.758845 3.17378 2.84557
0.69016 0.482538 4.90971 3.02882
0.69016 0.629602 5.59532 1.75993
0.69016 0.629602 6.38576 5.34081
0.69016 0.629602 6.38576 5.4797
0.921026 1.79281 6.46403 6.80663
0.921026 1.69424 6.46403 6.80663
0.879741 1.69424 5.13757 5.62519
0.879741 2.49054 7.12051 4.93858
1.32324 1.97144 7.12051 4.93858
1.32324 1.97144 7.12051 4.93858
1.32324 1.97144 7.12051 3.74351
1.07226 1.97144 6.90953 3.74351
1.07226 1.97144 6.23405 3.74351
1.1227 2.1733 6.23405 2.36623
1.1227 1.92341 6.34288 2.36623
1.1227 1.92341 5.49951 4.51401
1.1227 1.23217 7.89761 2.5999
1.37677 1.23217 7.89761 2.5999
1.37677 1.23217 7.89761 2.5999
1.37677 0.472718 8.03501 2.5999
1.10595 0.472718 8.25637 2.5999
1.10595 1.02106 6.20215 2.5999
1.10595 1.32592 6.20215 3.05096
0.825466 1.23338 6.20215 3.05096
1.17705 1.23338 6.20215 3.05096
1.17705 0.600365 6.4277 2.15497
0.684657 0.600365 4.06681 2.15497
0.684657 0.600365 4.06681 2.15497
1.39944 0.98791 7.16599 2.15497
1.28758 0.98791 4.44138 2.15497
0.874409 0.98791 3.32025 1.97897
0.874409 0.98791 3.32025 1.97897
0.874409 0.341141 3.32025 2.56929
0.874409 0.548365 3.32025 5.4578
0.874409 0.548365 3.32025 5.75698
0.874409 0.548365 3.32025 5.75698
0.874409 0.548365 3.32025 5.75698
1.15407 1.0653 6.38416 4.31487
0.997947 1.07926 6.38416 4.32682
0.997947 1.69649 6.38416 7.55109
0.997947 1.69649 6.38416 7.55109
0.997947 1.69649 6.7569 5.20453
0.997947 1.69649 6.7569 5.20453
0.866305 1.31113 8.3723 5.20453
0.866305 1.42127 8.3723 5.20453
0.866305 1.83891 7.27912 4.48257
0.866305 1.83891 7.27912 4.48257
0.866305 1.83891 7.27912 4.48257
0.500436 1.83891 7.26236 5.22
0.500436 1.83891 8.41566 5.60971
0.9118 1.68953 8.41566 5.60971
0.9118 1.59943 8.41566 3.78394
0.9118 1.59943 8.41566 3.78394
0.9118 1.59943 8.41566 2.99668
0.905336 2.43726 4.83332 1.62756
0.748785 3.33932 1.13435 1.62756
0.748785 3.5439 1.13435 1.62756
0.748785 2.95876 3.74648 1.62756
0.509827 1.63012 3.39498 1.62756
0.509827 1.13854 3.39498 1.62756
0.509827 1.13854 3.39498 1.62756
0.509827 1.13854 2.02914 1.62756
0.509827 1.13854 3.02602 1.62756
0.680405 1.16688 3.02602 1.62756
0.41868 0.979011 4.73572 1.62756
0.41868 1.03202 4.73572 1.62756
0.41868 1.42865 4.52024 1.62756
0.838008 1.78024 4.11068 3.41504
1.52769 1.78024 4.11068 3.41504
2.88264 1.78024 4.11068 1.36692
3.10387 1.78024 4.11068 1.36692
3.38439 1.78024 3.85473 2.49039
2.91038 1.63571 3.85473 2.49039
1.90454 1.63571 3.85473 2.49039
1.90454 1.94573 1.72378 2.49039
0.98973 1.6618 2.62579 2.49039
0.244384 1.42503 2.62579 2.49039
1.37384 1.42503 2.62579 1.90856
1.91727 1.43521 2.62579 1.90856
1.62179 1.43521 2.62579 4.94713
1.04659 1.33283 2.62579 4.94713
1.52808 1.41237 3.42897 4.94713
2.12527 2.03884 5.10489 4.66219
1.93526 2.03884 5.10489 4.66219
1.93526 2.46971 5.10489 6.91449
1.57535 2.46971 5.10489 6.91449
1.73265 2.74291 2.40078 6.57732
1.73265 1.8738 2.23031 6.57732
1.73265 0.651528 3.60547 6.57732
1.73265 1.01414 4.73505 7.3895
0.739977 0.558986 2.86387 8.45866
0.655023 0.558986 2.86387 8.45866
0.655023 0.60147 2.86387 10.7233
0.655023 0.60147 4.78977 10.3229
0.655023 0.383522 4.01703 10.3229
0.831164 0.383522 5.04503 11.2333
0.831164 0.383522 5.04503 9.50958
0.831164 1.08266 5.04503 9.50958
0.831164 1.66708 4.29255 9.50958
1.15878 1.54834 5.43792 9.50958
1.15878 0.914085 5.43792 9.50958
1.07871 0.914085 5.43792 9.10869
1.07871 1.43145 3.75814 9.10869
1.50741 1.12071 4.08297 11.4218
1.50741 0.38294 4.08297 10.4172
1.72404 0.38294 4.08297 9.89212
1.48111 0.38294 4.08297 7.72544
1.48111 0.38294 4.08297 7.75821
1.48111 0.463069 5.02654 7.75821
1.44808 0.443027 3.04691 7.75821
1.44808 0.443027 3.04691 7.75821
1.44808 0.702281 3.04691 7.75821
1.1982 0.957089 3.04691 7.75821
1.1982 0.957089 3.04691 7.75821
1.1982 0.957089 3.35237 9.40872
1.28691 0.957089 1.9864 9.22962
0.68389 0.986845 4.98094 9.22962
0.68389 0.986845 4.98094 11.3741
1.9111 0.986845 4.98094 8.20841
1.9111 0.986845 5.73849 6.53211
1.66628 0.83825 5.9847 6.53211
1.66628 0.83825 7.74967 7.67423
1.95778 0.916377 4.30377 8.15993
1.95778 1.00698 2.27277 6.68167
1.95778 1.00698 2.27277 6.76317
1.95778 1.00698 3.61069 6.76317
1.20361 1.00698 3.61069 8.07024
0.810934 2.0428 3.61069 4.69679
0.810934 2.49659 3.61069 4.69679
0.810934 2.49659 4.88967 4.69679
0.810934 2.49659 4.88967 4.75337
0.810934 2.49659 4.88967 4.75337
0.810934 2.49659 4.88967 4.75337
0.810934 2.46265 4.88967 4.75337
0.810934 2.46265 4.88967 4.75337
0.810934 2.38935 4.88967 2.6376
0.810934 2.38935 4.88967 2.6376
0.810934 2.35539 4.88967 2.6376
0.810934 2.35539 4.88967 3.4889
1.53905 2.2341 4.88967 6.20003
0.651368 1.74995 4.88967 5.14054
1.6693 2.35453 3.74719 5.14054
1.6693 2.2229 3.8962 6.48463
1.31667 2.2229 3.8962 6.87686
1.31667 2.43849 3.8962 5.59381
1.31667 2.64071 2.96276 5.18808
1.23394 1.33777 1.95558 4.60168
1.23394 2.36381 4.1282 5.41123
1.23394 1.89833 1.09662 7.72275
0.673955 1.77042 4.12052 8.0847
0.673955 1.48421 4.12052 7.27658
0.673955 1.20406 4.12052 7.27658
0.673955 1.20406 4.12052 7.27658
0.673955 1.34665 6.05189 7.27658
0.673955 1.77152 5.93838 7.27658
1.32429 1.77152 5.93838 7.21501
1.37519 1.77152 6.70425 11.0878
1.37519 1.77152 6.70425 7.87375
1.72454 1.77152 3.87404 7.14518
0.817152 1.77152 3.87404 7.14518
0.817152 1.77152 3.87404 4.8855
1.29536 1.68112 4.58419 5.1358
0.500288 1.68112 4.58419 4.58913
0.500288 1.68112 4.58419 4.58913
0.500288 1.58857 4.702 4.58913
0.500288 1.58857 4.702 4.58913
0.88309 1.58857 5.9957 4.58913
0.88309 1.58857 3.65042 4.75759
1.19216 1.88414 3.65042 4.75759
0.607819 1.88414 2.55111 4.5328
1.56257 1.88414 2.55111 4.5328
1.23726 1.86892 2.55111 5.62117
0.311859 1.86892 2.06192 5.62117
0.22141 1.86892 2.87605 5.62117
0.22141 1.86892 2.87605 5.62117
0.22141 2.86794 2.87605 6.66268
0.22141 2.43577 2.01275 6.01093
0.22141 1.34718 2.01275 3.97356
0.22141 1.34718 3.31295 3.85919
0.9903 1.56597 3.31295 4.20963
0.9903 1.56597 3.31295 4.20963
0.9903 1.56597 3.31295 4.20963
0.472853 1.56597 3.31295 1.63208
0.472853 1.95221 3.31295 1.63208
0.472853 1.75601 4.05293 1.63208
0.472853 1.75601 2.23934 1.63208
1.19091 1.36479 3.71012 1.85116
1.18263 2.02155 3.71012 1.85116
1.85575 2.02155 3.71012 1.85116
1.85575 2.02155 3.71012 3.63404
1.85575 2.02155 1.1905 3.63404
1.8931 2.1809 1.1905 3.63404
1.83455 2.1809 4.4623 3.63404
1.83455 1.42264 4.4623 3.63404
1.83455 1.41939 6.24764 3.96722
2.4676 1.41939 6.24764 3.96722
2.4676 1.41939 4.49129 3.96722
1.74448 2.64955 7.20109 3.6373
2.28483 3.07681 8.58612 3.6373
2.28483 2.31095 8.58612 3.13794
2.68168 2.61996 6.98881 1.87466
2.68168 3.17627 7.45532 1.87466
2.68168 3.17627 7.45532 1.87466
2.68168 3.64847 7.45021 1.87466
2.68168 2.61215 9.56816 1.87466
2.64954 2.15826 9.56816 1.87466
1.92438 1.56511 8.87977 4.50228
2.28165 1.19377 8.26669 4.50228
2.02498 1.19377 8.26669 5.41941
2.49713 0.815901 8.26669 5.41941
2.49713 0.815901 6.08 4.49825
2.65339 0.815901 6.08 4.49825
2.65339 1.34683 6.08 4.92313
1.86209 0.788136 4.64792 5.18963
1.86209 0.839354 1.6009 5.18963
0.733422 0.839354 1.06311 7.31481
1.12726 0.531695 5.54384 8.50734
2.08852 0.531695 5.54384 8.50734
2.35634 0.531695 6.96154 8.52357
3.89509 0.531695 5.77519 8.52357
3.89509 0.531695 5.77519 8.79728
3.89509 0.531695 5.77519 7.2157
4.38892 0.531695 5.79827 7.18556
4.97334 0.531695 6.30845 4.64196
5.02348 0.531695 6.30845 4.64196
4.36566 0.531695 5.67435 4.64196
4.39795 0.941641 5.15056 3.87341
4.49733 0.941641 5.15056 2.68724
4.49733 0.941641 5.24503 2.68724
4.72609 0.677838 5.79098 5.62435
4.76702 0.832541 5.79098 4.03078
3.26531 0.832541 5.66994 6.58398
3.16632 1.23595 5.6738 6.50749
2.07911 1.23595 6.51052 8.9814
2.07911 1.53932 6.51052 8.9814
1.56716 1.44487 6.51052 8.9814
1.57291 1.18172 6.51052 6.9179
1.24498 1.18172 7.07342 6.9179
1.24498 0.694072 6.65611 7.43393
1.37873 1.45545 8.35331 7.40416
1.82721 1.45545 8.35331 7.40416
1.82051 1.32313 8.35604 8.47491
1.82051 1.32313 8.35604 6.00694
1.82051 1.32313 10.7238 5.12864
1.63545 1.26356 10.7238 6.74719
1.92599 0.868452 9.66425 7.30675
1.06069 0.610453 9.66425 7.79027
1.32816 0.610453 9.66425 7.16847
2.16411 0.849522 10.9447 7.16847
1.90865 0.849522 10.9447 2.58168
0.799003 0.469825 8.88962 2.58168
0.799003 0.327805 9.62147 2.58168
0.799003 0.327805 9.80447 2.89732
0.799003 0.327805 9.80447 2.89732
0.799003 0.327805 12.0149 1.14312
0.678249 0.327805 12.0149 3.07483
0.678249 0.327805 8.74014 5.17958
0.678249 0.327805 7.1114 5.17958
0.678249 0.327805 7.1114 5.17958
0.678249 0.327805 7.03649 3.19832
0.678249 0.812549 7.03649 4.97707
0.678249 0.812549 10.2008 7.31972
1.55164 0.812549 8.94984 6.95546
1.55164 0.812549 9.11947 6.95546
1.55164 0.812549 9.11947 5.52401
1.13948 1.40652 9.11947 5.52401
1.13948 1.40652 9.11947 5.52401
0.409957 1.40652 9.11947 5.52401
0.409957 0.969211 10.3714 4.52444
0.409957 0.969211 13.08 4.52444
0.409957 0.969211 13.4117 3.77183
0.409957 1.66712 15.0131 3.77183
0.409957 1.66712 14.953 3.77183
0.409957 3.15088 13.4083 3.77183
0.409957 2.83335 11.0639 5.01211
0.409957 2.83335 11.0639 3.75757
1.45423 2.83335 10.3819 3.75757
1.25141 2.98502 10.3819 4.91298
1.32932 2.61688 10.3819 3.0572
0.899631 2.44754 8.16983 4.86664
