0.899631 2.43292 10.1621 3.70414
0.899631 2.19 10.1621 2.64004
0.899631 2.51462 10.1621 2.64004
0.833919 2.51462 11.6149 2.64004
0.833919 1.95602 11.6149 4.10017
0.447901 1.95602 10.7064 4.10017
0.447901 1.95602 10.7064 4.16739
0.447901 2.29121 10.7064 5.05367
0.447901 3.67067 9.39172 5.21096
1.15391 3.67067 9.39172 4.03646
0.811459 3.39002 9.49055 4.03646
1.97379 3.39002 9.26285 4.03646
1.87978 3.17489 12.4647 4.03646
1.69089 3.17489 12.4647 5.20748
1.53411 2.08303 12.4647 4.97033
0.500473 2.47024 12.4647 4.97033
0.729698 1.69082 10.8018 4.97033
0.567023 1.41163 9.27467 4.97033
1.26862 1.41163 9.27467 4.97033
1.26862 1.36298 5.5837 7.15787
1.26862 0.761692 3.89391 7.03056
1.26862 1.10672 3.89391 7.03056
1.26862 1.12311 6.31862 7.03056
1.23293 1.12311 6.31862 7.03056
1.23293 0.392556 6.31862 7.03056
1.23293 0.392556 6.31862 7.16404
1.60216 0.392556 6.31862 7.18988
1.60216 0.392556 6.67478 7.18988
1.24759 1.26201 6.67478 4.65429
0.419186 1.04548 4.87129 4.65429
0.419186 0.644417 3.30923 4.07019
0.419186 0.976474 4.99313 4.07019
0.419186 0.64978 4.77404 1.83868
0.867871 0.432079 3.01109 1.83868
2.02748 1.14196 4.94909 1.83868
2.02748 1.14196 7.06998 4.01191
2.66539 1.14196 5.84722 4.01191
2.66539 0.576819 4.54534 4.01191
2.66539 0.667938 3.13014 5.36839
2.56414 0.667938 4.07616 5.04681
1.51968 0.716185 3.01555 5.04681
1.51968 0.716185 3.01555 3.3777
1.51968 0.566944 5.15862 3.3777
0.755279 0.566944 5.16523 3.3777
0.755279 0.42369 4.3896 3.3777
0.615173 0.42369 5.91696 3.83786
0.615173 1.58376 5.91696 3.83786
0.615173 1.58376 6.15206 3.2978
0.615173 1.58376 6.11507 3.2978
1.26057 1.58376 6.11507 3.2978
1.29316 1.58376 6.11507 4.88016
0.642383 1.78813 6.11507 4.88016
0.518851 1.45372 5.66789 5.9735
0.754324 0.631955 6.00856 6.00418
0.754324 0.631955 5.20947 6.01805
1.10157 1.03154 5.20947 4.33938
1.4219 1.03154 5.59391 3.54453
1.99711 1.03154 8.02765 2.97112
2.52337 1.03154 8.02765 2.97112
1.46591 1.06776 8.02765 2.97112
0.859893 1.83331 10.8456 2.97112
0.859893 1.62694 8.61428 2.97112
0.595183 1.73843 8.61428 2.97112
0.595183 1.68952 7.18484 3.5649
0.595183 1.71511 7.18484 3.5649
0.595183 1.71511 4.56685 2.14974
0.595183 1.94396 4.56685 2.39114
0.595183 1.88767 4.56685 2.39114
0.733132 2.28517 4.56685 2.39114
0.519179 1.51568 4.56685 3.70953
0.519179 1.51568 5.80515 3.70953
0.519179 1.55181 5.80515 5.34639
1.42527 1.45029 7.02279 5.34639
1.42527 1.40591 8.15341 5.34639
0.652928 1.40591 8.15341 6.89478
1.36444 1.40591 8.75799 7.25615
1.36444 1.38893 7.43968 8.04483
1.36444 1.79747 7.78468 6.68134
1.36444 2.20832 10.3503 6.68134
1.01724 1.38348 10.3503 6.89125
0.770118 1.38348 10.3171 6.13735
0.770118 0.570263 9.66239 6.9516
1.1744 0.570263 8.39665 6.9516
1.1744 0.570263 9.27078 6.9516
0.603602 0.580543 7.65961 5.5299
0.603602 0.580543 8.39516 6.18853
0.426789 0.580543 6.78879 6.18853
0.426789 0.580543 8.82181 6.76951
0.678126 0.580543 8.82181 6.76951
1.14497 0.472207 10.8396 6.3487
2.01169 0.67622 12.2232 6.9312
2.01169 0.966599 11.3632 6.01165
2.01169 1.54094 10.3264 6.01165
1.59942 1.54094 10.3264 5.14455
0.900038 1.3026 10.4877 2.94891
0.520363 1.58465 10.4877 2.94891
0.520363 1.4247 8.35383 2.50763
0.520363 1.2455 8.35383 3.06831
1.30003 0.628124 6.40046 3.06831
1.30003 0.628124 6.38623 2.82547
1.30003 0.965975 5.96236 2.82547
1.30003 0.682985 5.114 4.94394
1.30003 0.682985 5.114 5.30276
1.43787 0.682985 5.114 2.41761
1.43787 1.51767 4.19493 4.7796
0.652366 1.51767 2.2323 3.68789
0.652366 1.51767 2.2323 4.14832
0.652366 1.80956 4.8118 1.92132
0.80188 1.92157 3.5046 1.92132
0.80188 1.92157 1.46365 1.92132
0.80188 1.58325 1.88651 1.92132
0.206299 1.58325 4.6777 1.92132
0.206299 1.58325 3.83595 3.81736
0.206299 1.58325 3.62872 2.61955
1.24788 1.45809 3.62872 2.61955
0.818609 1.75534 3.62872 2.61955
0.941379 0.684739 3.62872 3.39731
0.751612 0.684739 3.62872 3.39731
1.33943 0.684739 3.62872 3.39731
1.09499 1.35469 3.60658 3.39731
1.09499 1.80829 3.8564 3.39731
2.18102 1.67214 7.4623 2.35394
2.18102 1.63364 7.22233 2.35394
2.18102 1.62113 7.15528 2.35394
2.15111 1.62113 7.28535 2.35394
2.97504 1.62113 6.9045 2.35394
2.26857 1.22145 5.26544 2.35394
2.57076 0.857849 5.26544 2.35394
2.57076 1.1901 5.86197 2.35394
2.19356 1.27024 6.07342 3.95482
2.31783 1.16663 6.07342 3.13172
2.41061 1.16663 8.41124 3.13172
2.23921 1.27482 7.93791 3.13172
2.23772 1.28942 8.40532 2.46451
2.18555 1.28942 8.88743 2.46451
1.78612 1.34332 7.47499 2.46451
1.09352 1.34332 5.24714 2.46451
1.09352 1.34332 4.85082 2.64635
1.4454 1.45116 4.85082 2.64635
1.4454 2.46354 4.85082 2.64635
1.4454 2.46354 5.15724 2.3031
2.04915 2.99948 5.15724 2.3031
2.04915 2.0743 5.00634 2.3031
1.80488 2.0743 5.00634 3.48055
1.80488 2.13109 5.00634 4.89166
1.80488 2.13109 4.2475 4.89166
2.27152 2.14396 4.2475 4.89166
2.44873 1.8907 2.1126 4.89166
2.46273 1.62039 2.66838 4.89166
2.46273 1.62039 3.46992 2.37176
2.46273 2.06994 3.46992 2.37176
2.37813 2.06994 5.61059 3.15041
2.37813 1.63988 5.61059 3.15041
2.37813 0.209248 6.04033 2.82801
2.62432 0.209248 4.37562 3.05336
2.62432 0.209248 4.37562 4.56745
1.91716 1.07217 5.32437 3.94779
1.34157 1.5417 6.10628 4.12844
1.34157 1.29964 6.74769 4.52629
1.34157 1.59705 6.74769 1.89218
1.15097 1.802 6.74769 3.40367
0.974045 2.09088 6.74769 5.57102
0.974045 2.09088 4.64684 5.57102
0.420877 2.31032 4.64684 6.3749
0.420877 2.19603 4.64684 6.3749
0.922675 2.19603 4.64684 6.3749
1.25646 1.87247 5.56508 4.51827
1.65711 2.17271 5.56508 4.51827
1.65711 1.44694 5.56508 4.51827
1.65711 1.82394 6.5087 4.51827
1.76086 1.82394 6.5087 4.51827
1.76086 1.82394 5.84674 4.51827
1.40296 1.83449 5.84674 4.51827
1.40296 1.83449 4.90762 4.51827
1.89444 1.83449 4.90762 4.51827
1.9725 1.98598 4.90762 4.51827
2.69791 2.11326 4.90762 2.19865
2.15078 2.23865 8.04978 2.19865
3.49265 1.43137 8.04978 2.19865
3.4118 0.0411785 8.04978 2.19865
3.4118 0.0411785 8.70985 2.19865
3.4118 0.0411785 8.70985 4.37036
2.18281 0.0411785 8.70985 4.65657
2.54551 0.0411785 6.42128 7.10133
2.46116 0.0411785 6.42128 7.10133
2.30003 0.0411785 6.78836 7.10133
1.50964 0.0411785 6.78836 7.75823
1.56842 0.652674 8.66798 8.05371
1.17403 0.652674 7.80634 8.57596
1.17403 0.652674 7.90377 8.57596
0.944982 0.652674 7.90377 8.57596
1.27036 0.626094 7.90377 8.50693
1.27036 0.626094 6.39048 9.22889
0.647988 0.626094 4.793 7.19584
0.647988 0.67724 4.793 7.07018
0.923279 0.67724 4.793 7.07018
0.923279 0.67724 4.793 7.07018
1.19953 0.67724 4.793 7.07018
1.19953 0.67724 4.793 4.67732
0.785714 0.67724 1.95155 4.67732
0.495344 1.31816 2.84323 5.14706
0.495344 1.31816 2.84323 6.39254
0.495344 1.86686 2.84323 6.39254
0.495344 1.98151 2.84323 5.33558
1.17804 1.51864 2.84323 5.33558
1.28478 1.51864 2.38131 5.33558
1.19159 1.51864 2.38131 5.33558
1.12937 2.17323 2.7386 5.59544
1.12937 3.78122 2.7386 5.59544
1.12937 3.18039 3.25621 3.06524
1.12937 2.71151 3.25621 5.56053
1.7529 3.17815 3.25621 5.56053
1.4079 3.17815 3.80951 7.28799
0.901508 3.5388 4.73541 7.28799
1.09668 3.42352 4.52183 6.07514
1.09668 3.42352 4.52183 6.07514
1.09668 3.42352 4.52183 6.07514
1.09668 2.95102 5.36514 5.44147
1.09668 2.95102 7.70983 5.44147
1.09668 2.3042 7.70983 4.31574
1.09668 2.3042 7.70983 4.31574
1.69107 2.3042 7.70983 4.31574
1.54378 1.89235 5.06094 4.31574
1.19829 1.89235 5.06094 4.31574
1.36764 1.99379 3.291 4.31574
0.744471 1.51589 3.98346 4.31574
0.952382 1.7686 3.88361 4.31574
0.952382 2.16444 4.56956 5.4471
1.06215 2.70304 4.3815 4.94187
1.06215 2.67014 6.34867 4.94187
1.09012 2.67014 6.34867 4.94187
0.858586 2.7051 6.94253 4.94187
0.964005 3.44398 6.94253 4.94187
1.01905 3.44398 6.94253 4.94187
1.01905 3.44398 3.40363 4.94187
1.42674 2.62941 3.40363 4.94187
1.45742 2.62941 5.01203 4.94187
1.45742 3.16284 3.76857 4.94187
1.45742 3.16284 4.97583 4.94187
1.45742 3.16284 4.97583 4.61497
1.45742 3.16284 4.97583 4.73484
0.988611 3.06851 6.79365 3.79309
0.766064 2.7695 5.93253 3.79309
0.766064 2.7695 7.49131 3.79309
0.766064 2.7695 5.98868 3.79309
1.08562 2.84762 7.59632 3.79309
1.08562 2.61324 7.59632 3.79309
1.08562 2.61324 7.59632 4.44424
1.3123 2.61324 5.12134 4.44424
2.50498 2.61324 5.12134 3.3396
2.50498 2.47644 4.9621 3.3396
2.50498 1.44429 4.9621 3.3396
2.5853 1.53859 3.90646 2.69899
2.65245 1.53859 3.90646 2.69899
2.65245 1.72449 3.65151 2.69899
2.45747 1.72449 4.76111 1.39626
1.71545 2.01477 4.76111 5.1025
1.65145 1.943 4.76111 2.15203
1.62295 1.943 4.76111 2.52652
1.62295 1.943 4.76111 2.52652
1.92628 1.943 4.76111 2.52652
0.883125 1.61614 4.83588 2.52652
0.883125 1.61614 4.83588 2.52652
0.883125 1.61614 1.83055 4.65018
0.883125 1.61614 1.83055 4.65018
0.883125 1.65636 5.02086 4.58128
0.883125 1.65636 5.02086 6.16414
0.883125 1.65636 6.29435 6.36545
0.883125 0.845375 5.30029 6.36545
0.51148 0.845375 5.30029 4.65737
0.51148 1.91698 5.73729 4.65737
0.51148 2.0592 6.74362 5.83492
0.51148 1.9623 6.74362 5.83492
0.51148 1.9623 6.74362 5.83492
0.51148 1.9623 6.74362 6.42189
0.51148 1.80797 6.74362 6.42189
1.00707 1.80797 6.74362 3.45324
1.00707 2.25494 6.74362 5.07428
1.00707 2.25494 6.74362 2.69007
1.00707 1.99147 7.35526 2.58887
1.00707 1.8842 5.49238 3.32504
1.00707 1.8842 5.49238 3.32504
1.02593 1.50317 5.49238 3.32504
1.02593 1.51766 8.12346 3.32504
1.02593 1.51766 8.64066 3.32504
0.924165 1.51766 8.32702 3.32504
0.962594 1.77635 8.32702 3.32504
0.826927 1.25784 8.32702 4.66082
0.826927 1.25784 8.32702 3.83747
0.561238 0.986522 9.79681 3.83747
1.25969 1.36046 9.79681 3.83747
1.25969 1.36046 11.5418 3.83747
1.25969 2.16096 11.3835 5.85083
2.11771 2.49897 11.3835 5.85083
2.11771 2.50473 11.1092 6.24253
1.97799 2.50473 10.7085 4.76447
1.97799 2.50473 10.7085 4.76447
2.21829 3.04746 8.61572 4.76447
1.65371 2.88995 6.03965 4.81249
1.65371 2.88995 6.03965 4.81249
1.678 2.88995 6.04321 3.84657
1.678 2.91001 4.8306 3.84657
0.405477 2.91001 5.3565 3.84657
0.405477 3.07147 5.3565 3.84657
0.246656 3.07147 4.30002 3.84657
0.246656 3.07147 4.30002 3.84657
0.246656 4.35808 3.97506 3.84657
1.74901 4.45445 4.32679 3.84657
1.74901 4.45445 6.54158 3.84657
1.74901 4.45445 6.54158 6.31404
1.25172 4.43236 4.31436 2.80021
1.25172 3.73328 6.05329 2.80021
1.25172 3.73328 6.05329 4.19603
1.25172 3.24417 6.05329 4.19603
1.24365 2.81921 5.54185 4.19603
1.31305 2.75338 5.54185 3.83239
1.31305 2.75338 5.54185 2.86494
0.848082 2.75338 7.17261 2.1361
0.788541 1.5271 10.2032 4.85079
0.788541 1.94998 10.2032 5.02224
0.490682 1.94998 8.77605 4.59385
0.490682 1.94998 8.77605 4.59385
0.517744 1.94998 8.77605 4.59385
0.578923 2.30261 9.59758 4.59385
1.59938 1.91 9.59758 4.59385
1.36677 2.01885 9.06606 3.89259
1.36677 1.58973 9.06606 3.89259
1.36677 1.58973 9.24975 3.89259
1.36677 1.85905 7.09546 3.89259
1.22368 2.76193 7.09546 2.19091
1.22368 2.76193 8.87393 3.95781
1.22368 2.76193 10.2745 1.26867
1.41747 4.00661 12.5374 1.26867
1.52378 4.00661 12.962 1.26867
1.52378 3.22453 12.962 1.26867
1.52378 3.22453 10.9814 4.22159
1.52378 3.34621 9.61129 1.33839
0.373624 2.55062 9.61129 1.33839
0.373624 2.55062 11.4114 1.33839
0.373624 1.79 8.46528 1.33839
0.373624 2.13785 5.64599 1.33839
0.373624 2.13785 6.9317 1.33839
0.373624 1.88048 8.77763 1.33839
1.27392 2.11279 8.52221 1.33839
1.3777 3.42591 8.52221 1.33839
2.15281 3.10672 8.52221 1.33839
2.15281 2.82847 8.52221 0.261486
2.64014 2.73497 8.52221 0.261486
2.64014 2.73497 8.15097 3.19824
2.19216 2.57368 8.35471 2.96479
3.38219 2.57368 8.1116 2.96479
3.38219 2.50773 5.8683 2.96479
2.68385 2.50773 5.8683 2.96479
2.68385 2.75445 3.55501 2.96479
2.68385 3.36935 3.55501 2.96479
1.85516 2.96256 2.95368 2.96479
2.31464 2.86953 4.49978 2.96479
2.31464 2.87845 4.93477 2.96479
2.03545 2.87845 3.4379 4.38551
0.840103 2.87845 3.4379 4.38551
1.53464 2.63613 2.12321 6.464
1.53464 1.83585 3.56264 6.30021
1.18923 1.82349 6.11674 6.30021
1.37243 3.30794 5.42592 6.30021
1.17347 3.30794 5.65269 4.21346
0.692149 2.66255 2.04092 5.80651
1.65524 2.66255 2.04092 5.80651
2.00114 2.66255 2.04092 5.80651
2.00114 2.66255 4.72244 5.80651
2.73999 2.10578 4.72244 4.2098
2.73999 2.00812 4.19098 4.2098
1.69707 2.00812 2.86389 2.82979
2.30351 0.457403 2.87655 2.86397
2.30351 0.457403 2.87655 2.86397
1.48768 1.42373 2.87655 3.14625
1.48768 0.599033 2.87655 4.27578
1.16023 0.599033 2.87655 4.27578
0.194778 0.599033 5.82303 3.92209
0.439043 1.50522 7.47647 3.92209
0.439043 1.50522 6.30772 4.68856
0.439043 1.50522 6.30772 6.29879
1.18207 1.50522 5.60757 2.86133
1.92011 1.72903 7.08258 2.86133
2.7904 1.72903 8.12395 2.86133
2.7904 2.86338 9.26513 4.47392
2.7904 2.3689 8.11741 3.34874
3.51186 2.09403 8.95587 4.48557
3.51186 2.09403 6.08173 4.48557
3.68738 2.07945 6.08173 4.48557
3.60707 2.07945 5.2494 4.9413
3.09991 3.0638 5.2494 6.685
3.36727 3.17479 5.2494 8.51836
3.36727 2.27717 5.75073 8.51836
3.47292 2.16686 5.75073 4.7082
3.62984 2.16686 5.75073 4.7082
4.18222 1.77207 5.75073 4.97327
3.23542 1.23051 5.75073 5.71934
2.30983 1.64502 5.75073 5.71934
2.99011 2.21072 3.11051 5.44191
2.69633 1.7614 3.11051 5.44191
3.07774 1.7614 3.11051 5.27158
3.02257 1.50912 1.76514 5.27158
3.02257 1.58523 1.76514 4.96544
3.02257 2.04377 1.76514 4.96544
4.06003 2.92748 5.32843 4.56781
3.92898 2.49415 5.32843 4.14886
3.3576 2.49415 1.07242 4.14886
2.79318 2.84856 1.07242 4.14886
2.34137 1.83591 1.07242 4.02831
1.36019 1.83591 1.07242 3.6771
0.80785 1.04165 2.26616 2.97924
0.80785 0.846371 2.26616 2.87606
0.80785 0.846371 2.26616 3.52425
1.09974 0.773665 2.26616 3.52425
1.09974 0.551638 2.26616 3.52425
1.59657 0.551638 2.26616 5.61268
1.59657 0.551638 2.26616 3.79067
1.59657 0.551638 2.26616 3.79067
1.59657 0.536425 5.19319 3.79067
1.38214 1.04695 3.3821 3.79067
1.45986 1.04695 3.3821 1.9415
1.23957 1.04695 3.3821 3.7007
0.857899 1.04695 3.856 3.7007
1.60931 0.633437 3.856 3.7007
1.32764 0.633437 2.54262 3.7007
2.45394 0.756429 3.63363 3.7007
2.45394 0.756429 4.14535 5.17893
2.45394 0.608041 4.16547 4.98636
2.45394 0.719471 3.44073 4.98415
2.11854 0.719471 3.44073 5.02851
1.51893 0.754174 3.44073 5.02851
1.51893 0.159137 3.44073 5.02851
2.04966 0.159137 3.44073 5.02851
1.77713 0.159137 3.44073 8.4649
1.77713 1.20072 3.57709 5.18591
1.79812 1.20072 4.21971 5.93685
1.13719 1.20072 4.21971 5.06445
1.29329 1.20072 4.21971 5.27126
0.488161 1.20072 4.21971 5.27126
0.488161 1.04806 2.48241 5.27126
0.45864 1.04806 2.48241 4.61356
1.34049 1.04806 2.48241 4.24325
1.91814 1.04806 2.48241 2.74291
1.91814 1.04806 6.01967 5.36634
2.08343 1.23534 6.01967 2.82362
2.08343 1.05296 6.01967 3.51288
2.82539 0.752951 8.56522 3.76544
2.82539 0.752951 9.61495 1.93074
3.07732 1.87124 9.61495 1.64411
2.88018 2.63321 9.61495 1.64411
2.49847 2.63321 9.61495 1.64411
2.49847 2.39453 9.50989 1.64411
2.49847 2.35268 9.50989 1.64411
2.49847 2.35268 8.28786 1.64411
2.62455 2.35268 8.28786 1.64411
2.62455 2.28035 8.28786 1.64411
1.52943 2.28035 8.28786 3.50891
1.52943 2.28035 8.28786 3.50891
1.52943 2.5529 8.28786 3.50891
1.52943 2.5529 8.28786 2.49418
1.70564 2.00019 8.28786 2.49418
0.831979 2.21698 8.28786 2.49418
0.824476 2.21698 7.38786 2.49418
0.893348 2.21698 7.38786 1.60555
0.893348 4.13571 5.72037 4.33161
1.77019 4.13571 5.72037 4.52717
1.45353 5.03832 5.72037 4.52717
1.45353 4.67541 4.61232 6.37431
1.80973 4.67541 4.61232 6.37431
1.80973 4.67541 4.78133 6.37431
1.1592 4.60937 2.11586 6.37431
0.258159 4.82029 3.45199 6.37431
0.258159 4.82029 3.53997 6.37431
0.258159 4.20217 1.98815 6.37431
0.258159 4.20217 3.53426 6.37431
0.258159 4.17369 3.53426 6.20194
0.258159 3.87405 2.5672 6.68026
0.258159 3.87405 2.5672 6.68026
0.258159 3.87405 2.17841 5.50261
0.737436 2.62059 2.17841 5.50261
0.737436 2.65797 2.17841 6.95915
0.737436 2.65797 2.17841 6.95915
0.737436 2.38537 2.17841 6.95915
0.737436 2.37795 5.44218 6.95246
0.781052 2.71686 5.44218 8.63971
0.781052 2.7016 4.94623 9.90805
0.781052 2.55254 7.50398 10.2075
1.07539 2.55254 5.04215 10.0746
1.01826 1.87968 6.92232 8.03194
0.966226 2.06692 6.92232 8.03194
0.966226 1.4921 6.19717 8.03194
0.806405 1.4921 6.19717 5.24144
0.806405 1.4921 4.78526 5.1006
0.606055 1.11966 3.99076 4.27335
0.606055 0.877938 3.99076 4.27335
0.606055 0.877938 3.99076 4.27335
0.606055 0.877938 3.99076 4.27335
0.635343 0.877938 1.82306 4.27335
0.635343 1.39825 1.82306 4.40976
0.907637 0.752232 1.82306 4.40976
0.283706 0.752232 1.82306 4.78581
1.42361 0.752232 3.53263 2.81931
1.42361 0.986887 4.52646 2.58363
1.42361 1.2148 4.52646 4.65721
1.42361 1.24829 4.52646 4.65721
0.494302 1.03556 2.85799 4.65721
0.494302 1.03556 2.85799 4.65721
1.13221 1.03556 4.1147 4.65721
1.13221 1.03556 4.1147 4.22591
1.13221 1.03556 4.74413 3.23612
0.954081 1.40583 4.74413 4.23487
0.954081 1.40583 3.7688 4.23487
0.838237 1.40583 7.33935 5.21081
1.28489 2.00444 7.33935 3.13553
1.01409 2.00444 7.33935 3.8807
1.1171 1.5628 4.90335 2.617
1.1171 1.5628 6.31464 2.617
1.1171 1.36271 6.31464 4.4884
1.13533 2.21178 3.60997 3.65439
1.13533 2.16253 1.99733 4.58125
1.10347 2.20452 1.99733 4.56169
1.10347 1.94121 1.99733 3.90871
1.10347 1.94121 1.99733 2.61649
1.10347 2.35895 1.99733 2.61649
1.10347 2.35895 1.99733 1.53852
0.797137 2.23641 3.82472 1.53852
0.797137 2.23641 3.82472 1.53852
0.536418 2.23641 2.47203 1.64707
0.307394 1.60574 2.47203 2.59048
1.12639 0.361062 2.47203 5.12637
1.71642 0.361062 2.47203 5.12637
1.71642 0.361062 4.13449 3.79753
1.71642 0.526704 4.50625 5.90904
1.50933 0.933391 4.50625 5.90904
1.50933 0.933391 3.0732 3.71036
1.50933 1.18073 3.0732 3.71036
1.50933 1.18073 3.0732 3.71036
0.767137 1.18073 4.24739 3.71036
0.762995 1.18073 4.24739 3.71036
0.762995 1.82875 5.64872 3.71036
0.762995 1.82875 5.64872 3.60656
0.938104 1.82875 5.3396 3.51288
0.814517 1.82875 3.71979 3.51288
1.06401 1.82875 3.6086 1.7376
1.08441 2.30249 3.6086 1.7376
1.08441 2.44952 3.6086 1.7376
1.08441 1.16884 1.97861 1.7376
1.04041 1.16884 1.97861 1.7376
0.957507 1.16884 1.97861 1.7376
0.957507 1.16884 1.97861 1.7376
0.957507 1.31899 1.97861 1.7376
0.957507 1.31899 1.97861 2.83738
0.957507 1.63551 1.97861 2.83738
1.73321 1.63551 4.2619 3.3655
1.8413 2.34344 4.2619 3.3655
1.85725 2.66696 4.2619 3.69209
1.85725 3.10778 4.2619 3.69209
1.85725 3.10778 4.2619 3.95413
1.85725 3.80162 4.2619 3.95413
2.31438 3.5425 6.51784 3.95413
2.31438 3.5425 6.51784 1.98115
2.07026 3.5425 7.38824 4.33662
2.63078 3.5425 7.38824 7.47992
2.0529 3.5425 7.38824 5.55195
2.0529 3.77901 7.6508 4.44266
2.0529 3.77901 7.6508 3.23534
2.0529 3.77901 4.91726 3.23534
2.0529 3.77901 5.71336 3.23534
1.49089 3.56956 5.71336 3.23534
1.49089 3.56956 6.37049 2.32487
1.73419 3.56956 4.12176 2.32487
1.73419 3.56956 2.429 2.32487
1.70586 1.9312 2.429 2.32487
1.70586 1.9312 2.429 2.32487
1.29142 1.9312 2.429 2.32487
1.29142 1.9312 2.429 2.32487
1.91196 1.9312 2.429 2.32487
3.05042 1.41671 1.327 2.32487
2.83246 1.41671 1.40215 2.32487
2.96806 1.41671 1.40215 2.32487
2.96806 1.41671 1.40215 1.50195
2.57132 1.41671 1.40215 2.04763
2.52401 1.41671 1.40215 2.04763
2.91956 1.0558 1.40215 1.0817
2.91956 0.418548 1.40215 3.31917
3.11415 0.897199 1.40215 3.31917
3.11415 0.897199 3.13736 3.31917
3.11415 0.897199 3.13736 3.31917
3.46669 0.897199 3.13736 3.31917
3.04931 0.663804 3.13736 3.31917
2.53087 0.663804 3.13736 3.31917
2.26451 0.663804 3.13736 3.87754
2.29547 0.663804 3.13736 3.87754
2.29547 0.680231 3.13736 1.91046
1.27347 0.680231 3.13736 1.70401
1.27347 0.494569 5.1715 1.70401
1.27347 0.494569 8.36413 1.70401
1.27347 0.396881 8.36413 1.70401
1.67293 0.396881 9.78349 1.70401
1.66488 0.396881 9.78349 2.9927
1.66488 0.396881 7.31573 3.81613
0.674676 0.396881 7.31573 2.99691
0.674676 0.396881 5.24391 2.95883
0.674676 0.745964 5.24391 2.95883
0.674676 0.745964 3.71542 2.95883
0.674676 0.745964 2.99048 1.98506
0.737828 1.08971 2.99048 1.88009
0.855619 0.694731 5.85 3.76471
1.25218 0.694731 5.85 2.69866
1.22326 0.694731 5.85 5.5767
1.57176 0.694731 5.85 5.5767
2.23562 0.694731 5.85 5.5767
3.49235 0.694731 5.85 5.97009
4.10282 1.55125 6.49018 5.97009
3.85765 1.30808 8.36402 5.97009
3.60753 0.986516 8.36402 3.68817
3.01749 0.986516 8.27323 3.13542
3.01749 0.986516 8.27323 3.13542
3.01749 0.986516 6.23181 1.9834
2.36941 0.986516 2.82525 5.70003
2.36941 0.730699 2.82525 5.70003
2.36941 0.730699 3.62485 6.57624
2.36941 0.146962 3.62485 6.57624
2.36941 0.146962 3.62485 6.57624
1.81756 0.146962 3.62485 8.05303
1.81756 0.146962 3.62485 8.91315
1.81756 0.146962 3.49755 8.91315
1.81756 0.146962 2.20456 6.44736
2.07233 0.376861 4.30919 5.35176
2.07233 0.557748 4.30919 5.35176
2.13303 0.557748 4.30919 5.75034
1.74516 0.557748 4.30919 7.16129
1.74516 0.557748 4.30919 6.34736
1.86756 0.353444 5.35842 6.34736
1.86756 0.483015 5.35842 6.63901
1.86756 0.483015 5.35842 6.76416
1.86756 0.483015 5.35842 6.76416
2.15273 1.01182 5.35842 5.52458
1.15524 1.01182 6.22834 4.65016
1.15524 0.905991 6.2538 4.5837
1.15524 1.74931 7.13166 6.65792
1.67446 1.74931 7.80721 8.78604
1.67446 2.25149 5.43724 5.90621
1.98593 1.57703 4.8356 5.90621
1.98593 1.38852 4.8356 5.22406
1.98593 1.38852 2.44515 5.22406
2.74728 1.47633 2.44515 5.22406
2.74728 1.64221 2.21536 5.22406
2.83436 1.65723 2.21536 5.22406
2.83436 1.65723 2.21536 3.76558
2.31104 1.65723 2.21536 3.76558
1.92726 1.26019 2.21536 3.76558
1.92726 1.68231 3.46904 3.14716
1.92726 1.68231 3.46904 3.14716
0.689549 1.68231 5.99005 3.38336
0.689549 1.67151 5.99005 3.38336
0.689549 1.29177 6.15475 3.38336
0.966173 1.29177 6.96048 3.38336
1.47218 1.25099 6.96048 2.99443
1.47218 1.25099 6.96048 2.99443
1.36917 0.960047 5.48559 2.79439
2.27854 0.960047 4.50458 3.9393
1.94746 1.4755 2.06452 3.9393
1.94746 0.560483 3.0173 3.9393
1.94746 0.570331 4.18045 1.59821
1.10295 0.570331 7.06078 1.34954
0.523444 0.570331 7.06792 1.61881
0.523444 0.570331 7.06792 1.99468
0.523444 1.31578 4.39472 1.14506
0.821129 1.09406 4.39472 1.14506
0.821129 1.30243 2.92744 1.14506
0.821129 1.18009 1.77068 2.30914
0.821129 0.528729 1.77068 2.30914
0.821129 1.26085 2.0734 2.30914
0.821129 1.23492 2.0734 2.30914
0.237398 1.23492 2.0734 2.30914
0.237398 1.42445 3.4187 2.30914
0.979128 0.772841 3.03465 2.30914
1.24822 0.497819 3.03465 2.30914
1.24822 0.497819 3.17938 4.83272
0.884801 1.6312 4.56196 6.40468
0.827932 1.38484 4.56196 6.40468
0.827932 1.38484 4.56196 9.16942
0.719173 1.38484 4.58784 7.38877
0.753406 1.38484 4.40475 4.71589
0.753406 1.38484 4.40475 4.71589
0.753406 1.39082 3.30715 4.71589
0.390056 1.75584 3.30715 4.71589
0.951868 1.22348 3.30715 4.71589
0.951868 1.25049 3.30715 4.71589
0.951868 1.55019 2.16931 3.25838
0.622279 2.19347 2.16931 2.88171
0.622279 2.27218 1.4787 4.50809
0.622279 2.27218 1.4787 5.54429
0.622279 3.76346 1.4787 5.54429
0.622279 2.80989 1.4787 5.54429
0.622279 2.80989 2.92368 1.38899
1.34997 2.80989 2.92368 1.38899
1.88677 3.09871 2.92368 1.38899
1.3557 3.2431 2.92368 1.38899
1.3557 3.2431 2.92368 1.38899
1.38569 3.2431 2.55789 1.38899
0.7804 3.2431 2.55789 1.38899
0.413787 3.2431 4.14085 1.38899
0.413787 3.2431 4.14085 1.38899
0.557804 3.2431 2.88685 5.66619
0.796417 3.2431 2.88685 5.66619
0.796417 3.2431 4.50087 5.66619
0.796417 3.02712 6.95054 4.49367
0.796417 2.92871 8.27786 3.9809
0.796417 2.92871 6.66667 4.00078
0.796417 2.62364 6.66667 4.00078
0.831488 2.46319 6.66667 4.68157
0.831488 2.46319 9.23805 3.50483
0.831488 2.63932 9.24953 3.35327
0.831488 2.9784 7.7744 3.35327
0.831488 3.11539 6.89763 3.35327
0.831488 3.05133 6.89763 3.52687
0.883643 3.69307 6.89763 3.52687
0.600946 3.69307 6.89763 3.52687
0.696874 4.16922 5.02688 4.93167
0.721813 4.48152 5.02688 7.13437
0.721813 3.66793 5.02688 5.57995
0.721813 2.38614 3.96586 5.57995
0.721813 2.25676 5.1104 5.87542
0.721813 2.25676 5.1104 6.35053
0.821976 2.25676 2.67778 6.35053
0.821976 1.96041 5.59166 6.31951
0.774173 1.96041 5.10782 6.31951
0.774173 1.96041 5.10782 5.79065
0.774173 1.96041 3.44843 5.79065
0.518843 1.96041 3.44843 5.79065
0.224571 2.00626 4.16861 4.00824
0.224571 1.71063 4.16861 4.00824
0.224571 1.71063 4.16861 4.00824
0.224571 1.71063 3.41949 4.05405
1.46722 1.71063 5.94025 4.05405
1.46722 1.71063 6.89328 4.05405
1.12421 1.67296 5.21169 4.05405
0.801859 1.51731 5.21169 4.88272
0.825232 1.51731 5.21169 2.05073
1.72325 1.51731 7.48635 2.05073
0.355474 1.51731 5.4224 3.08515
0.355474 1.07477 8.80868 3.08515
0.355474 1.33352 9.53781 3.08515
0.355474 1.33352 9.53781 3.08515
0.355474 1.33352 9.02619 3.36763
0.355474 1.06636 9.02619 3.36763
0.355474 1.06636 11.2411 3.36763
0.365226 1.06636 10.5923 3.36763
0.365226 1.0986 10.5923 4.71473
1.7839 1.0986 8.05249 4.10896
1.32145 1.0986 7.803 1.52949
1.28583 1.0986 7.803 1.63866
1.28583 1.0986 6.54898 2.68897
0.668857 0.735676 5.095 2.68897
0.668857 0.867285 2.42976 2.68897
0.668857 0.971253 2.42976 3.49059
0.668857 0.971253 5.04068 5.8024
0.668857 0.971253 6.81399 4.13239
0.668857 1.28502 6.22026 4.13239
0.668857 0.952021 4.62933 3.57532
0.668857 0.952021 2.50989 3.57532
0.668857 0.810034 2.50989 3.57532
0.668857 0.810034 4.36261 3.59427
0.668857 0.887219 3.91986 3.59427
0.346783 0.861009 3.91986 2.75535
0.346783 0.804615 2.2188 4.15479
0.346783 0.804615 1.15901 4.15479
0.346783 0.545684 1.15901 4.15479
0.926614 0.832709 1.15901 3.38179
0.926614 0.832709 3.66035 4.77649
1.2686 0.672652 3.66035 4.77649
0.735209 0.892119 3.32522 5.38125
0.735209 0.892119 6.23637 3.14001
0.547634 1.42703 7.51496 3.14001
0.547634 1.42703 7.72634 3.14001
1.31149 1.42703 7.2546 3.14001
0.971683 1.56895 7.57848 5.00107
0.971683 1.56895 4.80894 3.93116
0.971683 2.0493 3.62797 3.93116
1.00843 1.63153 6.01637 3.93116
1.00843 1.63153 6.01637 3.93116
1.00843 1.63153 6.01637 3.93116
1.00843 1.38035 6.01637 3.93116
1.07753 1.52264 6.01637 3.93116
1.19053 1.52264 6.01637 3.93116
1.19053 1.35452 7.8004 3.93116
1.19053 1.35452 7.8004 2.59776
1.19053 1.35452 7.8004 2.59776
1.19053 1.38312 7.8004 2.59776
1.19053 0.962947 7.8004 2.59776
1.19053 0.954581 7.8004 2.59776
1.40963 0.954581 7.8004 2.59776
1.68152 0.954581 7.8004 2.59776
2.90356 0.954581 7.89646 2.59776
3.31767 0.954581 7.19427 2.59776
2.76788 0.954581 7.19427 2.59776
2.74564 0.954581 7.19427 1.12666
2.11045 0.954581 5.02892 1.12666
2.11045 0.954581 5.02892 2.37535
1.92101 0.954581 5.02892 2.37535
1.92101 0.954581 5.79689 2.37535
1.92101 0.954581 5.79689 2.37535
2.43461 1.11183 5.79689 3.34842
2.43461 0.792944 8.27983 2.86005
1.8437 0.792944 7.98297 2.86005
1.8437 0.792944 7.98297 2.86005
2.52733 0.792944 5.74253 4.43618
2.3659 0.792944 8.70277 4.43618
2.3659 1.81768 6.57861 4.1719
2.60609 1.81768 6.57861 3.39447
2.54982 1.81768 6.57861 3.39447
2.54982 1.16573 5.92852 5.33563
3.04339 1.16573 4.95804 5.33563
3.05356 1.80878 3.9509 6.97256
3.05356 1.77851 3.9509 6.97256
3.05356 1.85219 3.9509 6.97256
2.79883 1.85219 4.38928 5.30182
1.64038 2.28507 1.19062 5.30182
1.64038 1.61682 2.41092 5.30182
1.64038 0.900208 4.37211 5.40545
1.29109 0.900208 4.37211 7.0911
1.29109 0.900208 4.37211 7.0911
1.29109 0.900208 4.37211 7.0911
1.29109 0.900208 4.37211 7.0911
1.29109 0.900208 4.12068 7.0911
1.55682 1.99723 4.12068 6.13731
1.27397 1.99723 5.76562 6.13731
1.47487 1.35464 6.62547 3.96958
1.64431 2.20499 6.62547 1.68205
1.11659 2.20499 6.62547 1.68205
1.39088 2.00427 6.62547 3.38906
2.06497 1.36455 6.62547 3.8899
2.33265 1.36455 3.42867 3.88934
2.33265 1.30009 2.29191 3.88934
2.33265 0.577944 2.29191 3.88934
1.90678 0.577944 2.29191 3.88934
2.30746 0.577944 2.29191 1.84211
2.30746 0.577944 3.47712 3.2603
2.81085 1.37698 3.47712 3.2603
2.90228 1.37698 4.13585 3.81602
1.87392 1.37698 4.13585 3.77715
1.87392 0.91745 4.13585 5.62224
1.29196 1.99205 5.66266 5.62224
0.642609 2.52092 5.20559 6.7337
0.642609 2.52092 5.20559 6.7337
1.02774 2.59622 5.20559 6.7337
1.08937 3.00134 4.45924 6.7337
1.08937 2.07497 4.34294 6.7337
1.08937 1.17815 6.37777 8.92861
1.28236 1.17815 6.15665 8.94291
0.406511 1.20947 6.15665 5.96453
0.406511 1.82103 6.15665 5.72679
0.406511 1.82103 7.24583 5.72679
1.05987 1.82103 5.97763 2.41224
1.05987 1.82103 5.97763 3.33805
0.624367 1.82103 5.97763 1.74842
0.624367 1.82103 3.27955 3.18029
0.624367 1.68367 3.27955 3.18029
0.902723 2.01803 3.27955 5.06993
0.902723 1.45306 3.16544 5.06993
0.902723 1.45306 3.16544 3.98303
0.902723 1.45306 3.16544 3.98303
0.902723 1.45306 3.16544 3.98303
0.902723 1.45306 3.16544 5.10877
0.902723 1.45306 3.06209 3.79496
0.902723 1.29216 3.06209 3.79496
0.902723 1.36486 3.06209 5.48816
0.902723 1.1744 5.62003 8.6995
0.902723 1.1744 5.67276 3.31253
0.902723 1.1744 5.67276 3.19129
1.07819 0.818015 5.67276 1.75137
1.07819 0.764571 5.67276 1.75137
1.92284 0.417566 3.75714 1.75137
1.92284 0.206228 5.71915 1.75137
1.92284 0.206228 5.71915 1.75137
2.43587 0.206228 8.28046 4.35648
3.38587 0.206228 8.28046 4.58713
3.38587 0.206228 5.98284 5.86846
2.7871 0.206228 4.99563 5.30432
2.99214 0.206228 4.99134 5.0039
2.99214 0.206228 3.78777 5.0039
2.99214 0.206228 3.78777 5.94372
2.99214 0.971962 3.78777 5.94372
3.14456 0.971962 3.78777 5.94372
3.14456 1.067 3.78777 5.53696
2.47998 1.067 5.05612 3.68297
2.47998 1.3373 5.12401 2.28185
2.47998 1.10042 5.12401 2.28185
2.47998 0.496952 3.68697 2.28185
2.47998 1.36705 3.68697 2.81783
1.43904 1.93113 3.68697 2.81783
1.3454 1.18517 3.68697 2.75112
1.3454 1.72709 3.68697 6.66008
1.3454 1.10314 5.68529 6.5377
1.37044 0.605799 5.68529 6.5377
2.08097 1.00745 5.68529 2.97617
2.08097 1.00745 4.51445 2.97617
2.99851 1.00745 4.51445 2.97617
2.99851 1.18974 4.51445 5.39689
3.22535 1.74998 4.0817 5.39689
3.22535 1.74998 4.0817 5.39689
3.22535 1.74998 4.0817 5.39689
3.22535 1.5401 4.0817 7.54649
3.22535 1.15477 4.0817 8.09158
3.22535 1.14482 4.0817 8.09158
3.28946 1.50021 4.0817 5.69105
3.28946 1.50021 4.0817 5.69105
2.27189 1.40424 4.0817 7.65982
2.27189 0.918915 4.12227 7.65982
2.27189 1.40253 4.12227 7.65982
2.27189 1.40253 5.17121 7.65982
2.27189 1.30346 4.44157 9.20855
2.51642 0.878775 5.28326 9.19579
2.32937 0.878775 5.80329 9.19579
2.28415 1.13744 5.80329 9.19579
2.28415 1.13744 5.52705 9.19579
2.44536 1.13744 2.96254 9.31561
2.7218 1.13744 2.96254 9.31561
2.7218 1.30822 3.71924 9.31561
2.7218 1.30822 4.88416 6.95621
2.7218 1.30822 4.55047 6.90464
2.81093 1.54497 1.44084 6.90464
2.62835 1.54497 2.52423 3.54731
1.71707 1.29758 5.08854 3.54731
1.6332 1.31967 5.08854 3.54731
1.59975 0.96607 5.61574 2.94053
0.870583 0.96607 5.61574 4.20417
0.399598 0.96607 5.61574 4.20417
0.399598 0.96607 6.97622 3.84783
0.399598 0.908258 7.73938 3.84783
1.08509 0.621068 4.10367 3.3782
1.08509 0.621068 5.34759 3.3782
1.08509 0.621068 3.4673 3.57071
0.728115 0.641053 1.34891 3.57071
0.728115 0.641053 1.34891 3.57071
0.59274 0.641053 3.7953 3.57071
0.59274 0.379514 3.7953 3.57071
0.59274 0.306258 3.23571 1.12922
0.59274 0.306258 3.12793 1.12922
0.711174 0.306258 4.18564 1.12922
0.514867 0.306258 4.66744 2.38668
0.514867 0.306258 4.66744 2.38668
0.514867 0.306258 4.52821 2.32411
1.67938 0.306258 4.10047 2.55698
1.61737 0.306258 4.10047 2.55698
1.61737 0.306258 4.10047 2.55698
1.05357 1.1251 4.10047 2.55698
1.3902 1.1251 5.74324 2.55698
1.3902 1.1251 3.78465 3.20568
0.94818 1.1251 5.72073 3.20568
1.21862 0.718142 6.40996 3.97861
1.36755 0.718142 6.40996 3.97861
1.36755 0.718142 7.89184 3.97861
1.61383 0.718142 8.70536 6.0863
1.40939 0.718142 7.02829 6.0863
0.735402 1.05773 5.61663 6.0863
0.612088 0.578277 3.46226 6.45642
0.920044 0.578277 3.46226 4.66207
0.920044 0.578277 3.93483 4.66207
0.96169 0.578277 4.1387 4.66207
0.96169 0.578277 4.1387 4.66207
0.96169 0.578277 4.1387 4.66207
1.03424 0.578277 2.93791 4.66207
1.03424 0.578277 1.71525 4.66207
1.03424 0.952937 1.71525 4.66207
2.0478 0.952937 3.061 4.66207
2.73411 0.952937 5.32346 4.66207
1.34395 0.952937 5.73132 3.92598
1.34395 1.10869 5.73132 6.19181
1.34395 1.10869 1.93668 4.97943
1.35169 1.10869 1.93668 4.97943
2.03306 1.10869 3.99531 4.97943
2.03306 2.1173 3.99531 3.80399
2.03306 2.0857 3.99531 3.80399
2.03306 2.0857 4.584 3.80399
2.03306 2.0687 5.02491 2.89825
2.03306 2.06678 2.52523 2.89825
2.03306 1.4735 2.52523 2.89825
2.03306 1.65324 2.52523 2.89825
2.26625 1.65575 2.52523 2.89825
2.26625 1.65575 4.15349 7.68991
1.03002 1.65575 5.29348 5.79462
1.03002 1.65575 3.78896 5.79462
1.03002 1.65575 3.78896 5.79462
1.03002 1.76651 4.13761 6.13995
1.03002 1.76651 4.13761 7.86011
0.947857 1.76651 4.13761 8.7413
0.947857 2.06605 4.72398 8.7413
0.595426 2.13771 4.72398 6.84396
0.595426 2.34652 4.72398 4.68827
0.595426 3.53619 4.72398 5.37348
1.19221 2.94758 6.3911 5.37348
1.74514 2.4917 6.3911 5.37348
1.74514 2.81066 6.3911 5.37348
1.12231 2.6121 6.3911 6.02481
1.12231 2.50073 3.33156 6.02481
1.12231 2.50073 3.33156 5.3316
1.12231 2.50073 4.5221 5.3316
1.12231 1.89888 4.5221 4.76952
1.29023 1.89888 4.5221 4.76952
1.49012 1.89888 2.56612 3.69454
1.49012 1.45489 2.56612 3.69454
2.16958 1.96444 2.56612 3.69454
2.16958 1.96444 2.56612 4.21507
2.16958 1.53589 2.56612 4.22036
1.96536 1.49225 2.56612 4.69946
1.96536 1.29308 3.34367 4.69946
2.06184 1.29308 4.19566 4.69946
2.06184 2.13127 4.19566 4.17917
2.06184 1.76118 4.19566 4.17917
2.06184 1.8717 4.19566 4.17917
1.31075 1.8717 3.18293 4.17917
1.31075 1.93538 4.3589 2.54073
1.31075 1.89239 4.3589 2.54073
0.923046 1.89239 4.3589 2.54073
0.923046 1.98532 4.3589 2.54073
0.923046 2.49321 6.34851 2.54073
0.923046 2.40043 6.34851 2.54073
0.923046 0.877458 7.10034 4.8255
1.49165 0.831303 7.10034 4.8255
0.875825 0.474425 4.37047 3.6376
0.875825 0.474425 4.37047 3.6376
0.62739 0.474425 4.37047 3.04399
0.62739 0.474425 4.37047 1.51402
1.05227 0.474425 4.37047 3.84978
1.05227 0.474425 4.37047 4.09295
1.78079 1.21731 4.37047 4.09295
1.33904 1.37317 4.37047 4.09295
1.59277 1.56688 6.8584 4.09295
1.59277 1.56688 6.8584 4.09295
1.55789 1.61311 6.8584 4.2817
2.06364 1.52105 6.8584 5.57586
2.06364 1.05536 8.88836 5.57586
1.84675 1.05536 8.73796 5.57586
0.911485 1.05536 8.11376 5.28476
0.828985 1.05536 8.11376 5.0269
0.828985 1.40542 8.6349 5.0269
0.828985 1.22653 9.87237 5.0269
1.07757 1.22653 8.42307 7.21711
0.740131 1.3535 8.42307 6.9932
0.740131 2.02518 9.90082 6.9932
0.740131 2.02518 9.90082 6.9932
0.740131 0.900249 6.67874 6.54282
0.740131 0.401157 6.67874 6.54282
1.20977 0.401157 6.67874 6.54282
1.20977 0.401157 5.44073 6.54282
1.33545 0.401157 5.44073 6.54282
0.579242 0.401157 5.44073 4.98275
0.579242 0.401157 5.44073 4.53872
0.579242 0.401157 5.44073 3.34786
0.531058 0.401157 7.01944 3.34786
0.531058 0.927368 6.93681 3.34786
0.531058 0.927368 4.45699 3.34786
0.531058 0.927368 4.45699 3.34786
0.531058 0.927368 5.96073 3.34786
0.531058 0.615739 7.69942 3.34786
0.792891 0.295997 7.69942 3.34786
0.792891 0.295997 7.69942 5.50843
0.792891 0.295997 8.83752 7.03671
1.90397 0.295997 7.43225 7.03671
1.90397 0.295997 7.47414 6.99792
1.79939 1.29543 8.52496 6.99792
1.70009 0.636405 7.5623 6.90176
1.70009 0.702437 6.63408 7.92597
1.70009 0.702437 6.63408 6.9325
1.08331 0.702437 6.63408 3.65557
1.08331 0.702437 6.63408 4.0681
1.20914 1.581 8.26447 4.0681
1.41396 1.59432 8.26447 5.89133
1.41396 1.59432 8.26447 5.89133
1.8076 0.652703 5.90354 5.55835
1.8076 0.652703 5.90354 7.15377
1.88889 0.652703 5.90354 7.11281
1.20151 0.652703 5.90354 7.11281
1.20151 0.652703 4.85824 8.58216
0.307408 2.02171 6.48702 8.58216
0.936741 1.08639 6.48702 9.91225
1.02705 1.08639 6.48702 9.91225
1.02705 1.08639 7.35107 8.58997
1.02705 1.08639 5.14517 8.58997
1.02705 0.502599 5.14517 8.58997
1.02705 0.502599 5.14517 7.92497
1.02705 0.495183 4.15485 7.92497
1.28176 0.495183 4.15485 6.36047
1.28176 0.495183 4.15485 9.26449
1.03254 0.495183 5.18596 9.26449
1.03254 0.495183 5.18596 9.26449
1.03254 0.495183 3.63889 9.26449
1.03254 0.495183 4.96346 9.37002
1.03254 0.495183 6.29479 10.3896
1.92378 0.495183 5.44356 7.91316
1.92378 0.495183 3.51164 7.91316
1.92378 0.161563 3.51164 7.91316
1.92378 0.161563 3.15525 8.3668
1.84189 1.5588 3.15525 9.51026
1.70787 1.5588 3.15525 11.8902
1.70787 1.96282 4.27186 12.6413
1.70787 1.96282 2.76746 11.0074
2.10843 1.96282 2.76746 11.0074
2.10843 1.35584 2.76746 11.0074
2.10843 1.35584 2.76746 11.0074
1.46247 1.35584 2.76746 9.41574
1.46247 1.35584 3.27609 10.0239
1.21505 1.35584 3.27609 10.0239
1.21505 1.43599 5.99637 9.92856
1.21505 1.84217 5.38454 12.275
0.523896 1.31916 4.33478 11.2478
0.689952 2.17627 3.1751 10.9757
0.689952 2.32003 6.35032 10.9757
0.689952 1.08156 6.35032 10.9757
0.689952 1.75745 4.39348 9.46782
0.689952 1.75745 6.27629 9.05015
0.689952 1.73212 7.79105 9.05015
0.689952 1.04881 7.79105 9.05015
0.689952 1.03067 7.79105 9.05015
1.25981 1.03067 6.80086 9.05015
1.79635 1.48956 7.17716 7.29855
1.79635 1.46852 7.17716 8.21887
1.79635 1.15802 7.17716 9.79857
1.39969 1.15802 7.17716 9.79857
1.39091 1.4855 7.17716 9.79857
2.08069 1.4855 7.17716 9.79857
1.55644 1.96562 7.17716 10.7471
1.55452 1.96562 7.39617 10.7471
0.717627 1.63984 7.39617 8.41401
0.717627 1.91113 9.22021 8.41401
0.717627 2.19171 9.22021 6.25702
0.717627 2.19171 10.1762 6.25702
0.717627 2.48678 10.1762 5.41304
0.717627 2.83049 10.1762 5.41304
0.717627 2.83049 8.29904 5.41304
0.56528 2.4705 5.66318 5.41304
0.56528 2.88783 4.7935 5.41304
0.908753 2.97041 4.7935 5.41304
1.11307 2.02345 4.7935 5.30224
1.11307 2.04024 5.07006 1.91573
0.509541 0.921383 5.07006 1.91573
0.877294 0.700098 5.16396 1.91573
0.877294 0.700098 6.54797 3.12032
1.07122 0.439397 6.57338 1.15933
1.07122 1.26517 6.57338 2.87476
1.07122 1.26517 6.57338 4.72047
1.07122 1.26517 6.57338 4.72047
1.07122 1.35716 6.57338 4.72047
1.07122 1.36258 4.40371 3.28442
1.21165 1.36258 4.40371 3.28442
1.21165 0.612068 2.36006 3.56103
1.31234 0.612068 2.36006 3.56103
1.09923 0.612068 3.17579 3.17412
1.88422 0.763054 3.17579 4.59601
1.44222 0.763054 3.55299 4.59601
1.3404 0.763054 3.55299 4.59601
1.25096 0.763054 3.55299 5.95087
1.25096 0.763054 3.55299 4.25819
1.37738 0.763054 3.55299 4.29182
2.0411 0.493433 3.55299 6.3747
2.0411 0.493433 3.55299 4.7533
2.0411 0.493433 3.55299 5.66286
1.78536 0.493433 3.55299 5.66286
0.577888 0.493433 3.83873 3.64754
0.577888 0.493433 3.83873 3.64754
0.336539 0.493433 4.97013 5.134
0.336539 0.818583 4.97013 3.95598
0.336539 0.818583 4.97013 3.95598
0.336539 0.818583 6.64901 3.95598
1.31234 0.818583 4.01886 4.82754
1.31234 0.723981 4.46417 4.82754
1.31234 0.723981 3.91461 4.82754
1.4042 0.723981 4.52956 4.15016
1.4042 0.723981 4.52956 4.58419
1.72815 0.983584 4.52956 4.68087
2.76487 0.983584 4.52956 3.62426
2.76487 0.983584 4.52956 3.62426
2.21751 0.983584 4.52956 3.62426
2.54278 1.12661 1.30208 3.62426
2.54278 1.23351 2.79323 3.9712
2.46669 1.23351 3.60614 3.9712
2.01839 1.59627 2.00526 3.9712
1.591 1.13415 2.79143 3.9712
0.821347 1.13415 2.79143 4.95294
0.821347 0.75076 4.68588 4.95294
0.821347 0.75076 5.45593 7.13892
0.821347 0.75076 5.45593 7.89494
0.821347 0.75076 5.01182 8.05268
0.821347 0.75076 5.01182 9.1047
0.821347 0.75076 2.29408 9.70499
0.821347 1.149 2.29408 9.70499
0.821347 1.149 3.57391 9.34074
0.821347 1.73915 3.75657 9.45038
0.821347 1.73915 3.75657 6.63351
0.821347 1.73216 3.75657 6.63351
0.821347 1.73216 3.75657 6.63351
0.297655 1.17258 3.75657 6.63351
0.297655 0.417456 3.75657 8.7342
0.297655 0.417456 2.27505 8.48367
0.297655 0.417456 3.04988 6.8377
0.297655 1.0091 3.04988 6.8377
0.297655 1.0091 5.00506 5.17886
1.08705 1.0091 5.00506 5.17886
1.08705 1.49638 6.14049 3.30183
1.08705 1.49638 6.14049 3.23724
1.08705 1.49638 4.40745 3.23724
0.595038 1.31901 4.40745 3.90066
0.595038 1.31901 4.40745 4.00623
0.595038 1.31901 4.40745 4.00623
0.969017 0.749564 4.40745 3.38197
0.969017 0.749564 4.40745 7.45983
0.760724 0.645104 4.40745 7.45983
0.796113 0.645104 4.40745 5.244
1.24595 0.645104 6.29167 5.244
1.24595 1.24024 6.29167 5.244
0.352836 1.23458 3.89408 5.244
0.352836 1.36705 5.28557 2.93193
0.352836 0.746902 5.28557 2.93193
0.587857 0.746902 5.28557 2.93193
0.587857 0.746902 5.28557 2.93193
0.477891 1.52707 5.28557 2.93193
0.878172 1.52707 4.39988 3.2919
0.786103 1.52707 4.39988 3.2919
0.786103 1.5578 4.39988 1.40562
0.786103 2.55366 4.39988 4.2292
0.786103 2.55366 2.62255 4.2292
0.786103 2.01512 4.55257 4.73383
0.500281 2.01512 3.94549 3.23433
0.723418 1.66588 3.94549 3.23433
0.723418 1.66588 3.94549 1.73819
0.723418 1.66588 3.94549 1.73819
0.723418 1.66588 3.63388 1.73819
0.281238 1.66588 3.63388 1.73819
0.281238 1.66588 3.63388 1.73819
0.281238 1.66588 3.63388 1.73819
0.528998 1.66588 3.63388 1.73819
0.710138 2.27607 3.63388 1.73819
0.710138 2.27607 3.63388 1.73819
0.232077 2.27607 4.76586 1.73819
0.232077 2.27607 5.58253 1.73819
0.232077 1.9488 5.50699 1.73819
0.232077 1.6242 4.37018 1.73819
0.232077 1.40569 2.7824 1.73819
0.232077 0.954456 2.7824 1.73819
0.854355 0.954456 2.7824 1.73819
0.854355 0.954456 2.7824 1.73819
0.537137 0.954456 4.44507 1.73819
0.537137 0.954456 3.33667 1.73819
0.60102 0.954456 3.33667 1.73819
0.60102 0.954456 4.02449 3.5438
0.60102 0.954456 4.02449 4.14455
0.60102 0.954456 2.39385 4.14455
0.916732 0.954456 2.89503 4.14455
0.916732 2.18044 2.89503 6.41094
0.916732 1.62074 4.81219 6.41094
0.837325 1.62074 4.56713 8.26309
0.837325 1.91643 5.50436 7.40044
0.837325 1.51542 2.42509 6.22905
0.837325 1.51542 4.95669 6.22905
0.837325 1.51542 2.24127 6.81948
0.837325 1.51542 2.24127 6.81948
0.837325 1.48414 2.24127 5.71019
0.656723 1.89434 2.66461 5.71019
0.656723 1.72809 2.66461 6.15654
0.656723 1.72809 2.59848 7.12971
0.656723 2.32071 2.59848 7.12971
0.656723 1.92469 2.59848 7.12971
0.656723 2.28754 2.59848 6.66826
1.48851 2.92236 3.2295 6.66826
1.48851 2.59688 3.2295 6.66826
1.48851 1.4953 2.99354 8.00555
1.48851 1.44923 2.99354 9.8192
1.39996 1.44923 2.99354 7.69257
1.39996 1.31859 4.87455 7.69257
1.39996 1.31859 4.87455 6.70465
1.39996 1.11178 4.77314 6.70465
1.39996 1.06216 4.77314 5.93765
1.10452 0.855634 4.77314 5.26382
1.10257 0.47649 6.38578 5.26382
1.5088 0.47649 6.38578 5.78807
1.59003 0.47649 6.23688 6.89164
1.59003 0.47649 6.23688 6.84536
1.84693 0.47649 6.23688 6.84536
0.859605 0.47649 8.28294 6.84536
1.21813 0.600929 6.02724 7.23912
1.24885 0.600929 6.69104 9.33688
1.24885 1.3695 4.44712 9.33688
0.959753 1.3695 4.44712 9.33688
1.67969 1.3695 4.44712 12.0126
1.49096 1.3695 6.28362 11.7691
1.43735 1.07683 6.28362 11.7186
0.407917 0.825321 6.28362 11.7186
0.407917 0.825321 4.30078 11.7186
0.407917 0.825321 4.30078 11.7186
1.63101 1.08765 4.85613 11.7186
0.444865 1.08765 4.85613 11.632
0.444865 1.08765 4.85613 11.0447
0.444865 1.08765 5.69692 11.0288
0.444865 0.838844 5.69692 9.46108
0.444865 1.0306 3.97328 7.25855
0.505132 1.0306 3.97328 5.73537
0.505132 1.0306 3.97328 5.73537
0.505132 1.35064 3.97328 5.00074
0.434502 1.3226 5.83546 5.00074
0.434502 1.21741 5.77776 5.00074
0.434502 1.66549 5.77776 5.00074
0.434502 1.66549 4.72105 5.00074
0.434502 1.67498 4.88687 4.19335
0.434502 1.1788 4.88687 4.19335
0.677017 1.85762 3.92239 4.03834
0.554966 1.85762 3.92239 4.03834
1.13858 1.46995 1.21395 1.93255
1.13858 1.46995 3.6296 4.09239
1.58035 2.25724 3.6296 4.09239
2.129 2.41799 3.6296 1.46396
2.129 2.41799 3.6296 1.46396
2.57412 1.72192 3.6296 2.30084
2.74486 1.72192 3.1833 2.07039
2.51786 1.72192 3.1833 2.20624
2.69164 2.23384 3.01604 2.20624
2.71664 1.19385 3.01604 2.20624
2.92434 1.19385 3.01604 2.20624
3.4736 1.19385 3.01604 2.20624
2.48643 0.861165 3.01604 2.20624
2.48643 0.861165 3.01604 4.3352
2.48013 0.861165 2.79834 4.3352
2.48013 0.861165 2.79834 4.3352
2.53734 0.861165 6.34836 3.14096
2.53734 1.41469 6.34836 3.61996
2.53734 1.31128 7.67254 3.61996
2.53734 2.10139 7.67254 3.61996
2.53734 2.10139 9.78586 3.61996
2.78158 2.10139 9.78586 3.61996
3.19941 2.57618 8.02202 3.61996
3.30298 2.91889 8.02202 3.61996
3.30298 2.91889 6.43384 1.74327
3.54304 2.91889 7.12445 1.74327
2.29548 2.91889 7.12445 1.15044
1.78734 2.86049 6.10557 5.58048
1.78734 2.50566 6.56351 5.58048
1.53205 2.50566 6.56351 3.57066
1.53205 1.73806 6.56351 3.57066
1.53205 1.76151 4.87112 4.1521
1.69929 1.37125 7.60729 4.1521
1.29672 1.39747 7.34425 4.1521
1.88377 1.39747 7.34425 4.1521
1.88377 0.956631 6.68725 3.47571
1.69762 0.956631 6.68725 1.88198
1.69762 0.373684 7.97156 1.88198
1.06293 1.07561 6.75561 2.26382
0.982029 1.41522 6.59083 2.13132
1.04894 1.41522 4.19845 2.68665
1.04894 0.703134 4.19845 2.51076
0.994776 0.703134 6.3362 2.49252
1.62041 0.703134 6.3362 2.49252
0.878147 0.703134 6.73016 5.62125
0.878147 1.61594 7.33319 5.62125
1.02181 1.54054 7.33319 5.62125
0.693597 1.0017 5.35383 4.87671
1.26609 1.0017 5.35383 6.21895
2.02488 1.25394 5.35383 6.21895
2.02488 1.49033 6.54058 6.21895
1.80101 1.49033 6.49291 5.21891
1.80101 1.47491 3.21631 5.21891
1.40328 1.47491 2.47552 5.21891
1.97646 1.47491 4.15341 5.21891
1.97646 1.52523 4.15341 6.02084
1.56783 1.61055 4.15341 6.02084
1.67814 1.61055 4.15341 6.02084
1.67814 1.19554 4.15341 6.02084
2.42158 1.19554 5.79158 6.02084
2.42158 2.02216 5.74849 5.24521
2.42158 1.34798 6.57667 3.85165
1.69452 1.34798 6.57667 3.85165
1.26905 1.34798 6.57667 4.59666
1.26905 1.34798 9.03183 5.52152
1.53761 1.17625 8.7321 5.52152
1.0358 1.17625 8.7321 1.86392
0.806119 1.17625 8.7321 3.69438
0.344308 1.17625 9.22532 3.69438
1.29116 1.3984 9.22532 2.78988
1.01967 1.3984 6.97186 2.78988
1.39516 1.15263 6.97186 6.52948
1.45102 1.15263 6.97186 6.91037
1.74298 1.11071 7.42724 6.91037
1.74298 1.11071 7.42724 7.22118
1.74298 1.31102 7.42724 5.65009
1.74298 1.66864 7.42724 4.92815
1.74298 2.00504 6.07718 4.92815
2.21064 2.00504 6.07718 2.93116
2.21064 1.45107 6.07718 2.93116
2.21064 1.45107 6.07718 2.93116
2.83525 0.938879 4.94676 2.43209
2.83525 0.938879 4.94676 2.43209
2.28221 0.938879 3.78367 2.60011
2.28221 0.938879 5.46975 2.60011
1.8211 0.623687 5.46975 2.60011
0.788592 0.623687 5.60949 2.60011
0.788592 0.623687 6.19834 2.60011
0.788592 0.623687 6.19834 2.60011
0.519262 0.623687 6.19834 3.07881
0.519262 1.0308 6.19834 3.07881
0.519262 1.0308 3.72769 3.07881
0.519262 1.0308 3.72769 3.07881
1.23509 0.405422 3.40077 3.07881
1.23509 0.405422 3.40077 3.60101
1.23509 1.55866 3.40077 3.60101
1.46864 1.39932 3.40077 3.53457
1.08986 1.39932 3.40077 5.11276
1.11769 1.49745 3.40077 5.39103
1.11769 1.49745 3.40077 5.39103
1.66527 1.2739 3.40077 5.38791
1.32094 1.2739 3.40077 5.01902
1.32094 1.2739 3.40077 8.24305
1.57498 0.601062 3.40077 8.24305
1.57498 0.957933 3.13919 6.93933
1.58421 0.957933 3.13919 6.38845
1.13847 0.957933 3.13919 8.25077
1.13847 1.44526 3.13919 8.25077
1.13847 1.44526 3.13919 8.83775
1.09333 1.16585 5.14899 6.58176
1.13223 1.21319 3.73505 6.30818
1.13223 1.75449 3.73505 4.84334
1.13223 1.95944 3.73505 4.84334
1.13223 2.57049 3.73505 4.50348
1.44185 2.13843 3.73505 4.50348
1.44185 2.13843 6.00315 5.23716
0.886341 2.13843 4.04804 5.27623
0.886341 2.13843 4.17808 5.01261
0.886341 1.04315 4.67607 5.01261
0.764476 1.04315 4.67607 4.26572
0.764476 1.04315 4.67607 4.67956
1.03133 1.04315 3.94721 4.67956
1.03133 0.609386 1.82921 4.7149
1.03133 0.609386 1.82921 4.7149
1.03133 0.609386 2.88979 2.08974
1.03133 0.276093 2.88979 3.28309
0.269293 0.276093 4.79872 5.89527
0.269293 1.70322 4.79872 4.02096
0.269293 1.67906 3.98587 4.81072
0.269293 1.97961 2.47841 4.81072
0.269293 1.68477 3.38279 6.63043
0.269293 1.68477 3.38279 6.63043
0.269293 1.24551 3.38279 4.74928
0.269293 0.562448 2.90518 6.31169
0.269293 2.18229 2.90518 6.31169
0.269293 2.31583 2.28805 6.14025
0.648404 2.08925 2.28805 5.52383
1.87914 1.92843 3.76404 5.52383
1.02842 1.92843 3.76404 5.52383
1.02842 1.76896 3.76404 5.52383
1.02842 2.25863 3.76404 4.9218
1.02842 1.51526 3.76404 6.15606
0.525328 1.51526 3.84696 6.71972
0.525328 1.51526 2.54678 6.74527
0.525328 1.51526 2.82005 6.74527
0.525328 1.26519 2.82005 7.85113
1.19458 1.54348 1.64798 7.85113
1.19458 1.54348 1.64798 5.78464
1.19458 1.54348 4.44449 3.2915
0.847083 1.08554 2.59906 5.88823
0.847083 1.00899 2.59906 5.88823
0.847083 1.00899 2.59906 4.41797
1.57737 1.00899 2.59906 4.41797
2.18851 1.00899 4.01015 2.00168
2.20612 1.00899 4.01015 2.59983
2.20612 1.15341 4.01015 2.59983
2.30733 1.15341 4.01015 2.59983
2.30733 2.15284 4.01015 3.60007
1.76189 2.15284 4.01015 3.60007
1.76189 2.15284 4.36361 3.60007
1.76189 2.15284 4.36361 3.60007
1.76189 2.15284 4.36361 3.60007
1.76189 2.15284 4.9248 3.60007
1.3226 2.29329 4.9248 2.25378
1.45184 1.91681 4.9248 2.25378
1.45184 1.91681 6.19006 2.25378
1.45184 2.14106 5.52086 2.25378
1.45184 1.7845 2.95368 2.25378
1.45184 1.7845 2.95368 2.25378
1.45184 1.7845 4.61847 2.75862
1.92745 0.972501 1.59847 2.75862
1.92745 1.58778 1.59847 3.16274
1.92745 1.58778 1.59847 3.16274
1.92745 0.968986 1.59847 3.16274
2.41684 0.968986 3.74317 3.16274
3.02069 0.777884 3.08382 3.16274
3.42911 0.777884 6.28831 3.16274
2.56059 1.41845 6.28831 3.16274
2.56059 1.30356 7.25976 3.16274
1.27486 1.30356 6.45003 3.16274
1.27486 1.32836 6.85861 3.16274
0.655357 1.47823 6.62406 3.16274
0.655357 0.889718 5.33924 3.16274
0.655357 0.889718 5.33924 4.08897
0.655357 0.889718 5.24981 4.36334
0.655357 0.889718 4.69088 4.91557
0.655357 1.67099 4.69088 4.91557
0.655357 1.65069 1.62316 4.91557
0.655357 1.65069 1.55696 3.04418
0.730773 1.37902 1.67404 3.04418
0.730773 1.20386 2.4069 3.04418
0.32534 1.41122 2.4069 3.69674
0.287233 1.20185 3.92324 3.69674
0.287233 1.20185 3.92324 3.69674
0.287233 1.75072 4.80393 3.69674
0.287233 1.00383 4.80393 2.64857
0.287233 1.00383 4.80393 2.64857
0.287233 1.00383 5.9373 3.31414
0.287233 0.865491 4.11761 3.31414
0.287233 0.880077 4.11761 3.31414
0.287233 0.880077 5.47219 2.89919
0.287233 0.880077 5.47872 1.75435
0.287233 0.727457 4.52218 1.75435
0.287233 0.637994 4.52218 1.75435
0.287233 0.637994 4.52218 4.49891
0.287233 0.637994 2.53281 4.49891
0.287233 0.637994 3.26156 4.49891
0.287233 0.637994 3.26156 2.90858
1.03885 0.828458 2.01847 1.9906
1.18265 0.949873 5.82194 2.01106
1.18265 0.949873 6.18474 2.01106
1.18265 0.949873 6.18474 2.01106
2.31227 0.798581 6.18474 3.19911
2.31227 0.798581 6.18474 3.19911
2.31227 0.798581 6.18474 3.19911
2.90845 0.798581 6.18474 3.26736
4.03932 0.798581 5.19463 3.26736
3.27483 0.798581 5.19463 3.26736
1.837 0.798581 3.80905 3.35717
2.77101 0.798581 3.64515 3.35717
3.24936 0.798581 4.59911 3.26751
2.40102 1.14157 4.02022 3.26751
2.40102 1.14157 4.02022 5.0933
2.37032 1.14157 4.49742 5.0933
2.37032 1.14157 4.79038 5.0933
2.37032 1.14157 4.79038 5.0933
2.54628 1.14157 3.88228 6.65431
2.54628 0.769971 3.87037 7.25951
2.85736 0.306262 3.87037 5.31316
1.8126 0.306262 3.87037 5.0366
1.07018 0.306262 3.87037 5.0366
1.38655 0.306262 4.02293 3.78017
1.19532 0.306262 4.02293 2.89033
1.42084 0.337359 4.02293 2.89033
1.5578 0.866281 4.02293 4.08035
1.5578 0.866281 4.02293 4.08035
2.42615 0.866281 4.02293 2.53889
2.42615 0.980702 3.27871 2.53889
2.42615 0.980702 5.66076 2.53889
2.42615 0.980702 5.66076 2.53889
2.24658 1.14491 5.66076 2.68441
1.59321 1.60506 4.28926 4.33129
0.928889 1.60506 4.28926 4.33129
0.928889 2.25061 3.8851 4.33129
1.71985 2.25061 3.8851 2.44111
0.719385 2.25061 3.8851 1.08219
0.682191 2.74508 3.8851 2.23487
0.682191 3.1809 4.65787 2.23487
0.682191 2.72389 4.65787 1.48138
0.682191 1.70855 4.65787 1.48138
0.682191 1.70855 6.89965 1.44882
0.654771 1.22522 6.89965 2.80261
0.654771 1.39902 6.30638 2.80261
0.974879 1.39902 5.89151 2.27443
0.974879 1.39902 5.89151 4.90227
1.0123 1.78231 5.08267 1.60176
0.947861 1.50918 5.08267 1.94101
0.947861 1.55398 3.93869 2.13369
0.947861 1.76854 5.46276 2.51241
0.947861 1.76854 6.61817 3.47843
0.504899 2.17462 7.71363 3.47843
0.504899 2.53879 4.80853 3.47843
0.504899 2.53879 4.80853 3.47843
0.89275 2.53879 5.85956 3.47843
0.89275 2.53879 7.12426 1.59045
0.89275 1.25031 7.12426 1.59045
0.89275 0.8259 7.90124 2.30772
0.89275 0.8259 7.90352 2.30772
0.548304 0.8259 7.37485 3.30875
0.912707 2.09844 7.37485 3.30875
0.912707 2.09844 9.82141 3.30875
0.72887 2.09844 11.1454 3.30875
0.72887 2.04258 11.1454 3.30875
0.72887 1.99463 10.8879 3.57686
0.72887 2.22496 10.5418 3.57686
0.72887 3.10588 7.3816 3.57686
1.36258 3.10588 7.81102 3.57686
1.36258 3.10588 7.81102 3.57686
1.02366 3.10588 7.81102 3.15999
1.02366 2.84509 7.81102 3.75591
1.02366 2.51463 7.81102 3.15304
1.02366 1.60564 7.81102 3.15304
1.02366 1.45423 8.09919 2.7445
1.02366 1.45423 8.23892 1.48213
1.70314 1.45423 8.23892 1.48213
1.70314 1.45423 9.90795 2.75796
1.43285 1.45423 9.25716 2.517
1.6212 1.69167 8.2503 3.25929
0.454414 1.61953 8.2503 6.38879
0.454414 0.59501 8.2503 6.38879
1.51353 0.59501 8.2503 6.38879
1.74887 0.75975 10.2964 5.50871
2.26932 0.75975 8.54352 7.03916
2.26932 0.75975 7.00751 8.33276
2.94058 0.75975 6.73353 8.33276
1.87366 0.75975 4.89053 8.33276
1.87366 0.607202 4.83886 8.33276
1.87366 1.30264 4.83886 5.19182
2.17171 1.30264 5.58118 5.19182
1.9262 0.701571 5.58118 7.74624
1.8257 0.701571 5.58118 7.74624
1.8257 0.701571 3.13968 7.74624
1.8257 0.640267 3.47283 7.74624
1.47497 0.982367 3.47283 7.74624
1.26572 0.982367 3.47283 7.294
0.954442 0.961234 3.47283 5.67083
1.23895 0.961234 2.36996 3.96453
1.41282 0.961234 2.36996 3.96453
1.41282 1.38985 2.36996 3.96453
1.26037 1.38985 2.36996 3.96453
1.26037 2.50194 3.42307 4.51939
1.4407 2.50194 3.42307 5.89801
1.4407 2.27169 4.32147 5.89801
0.566342 2.27169 4.32147 5.47362
0.566342 2.26096 6.71902 5.50706
0.566342 2.26096 7.85643 6.01415
0.566342 1.80584 7.85643 6.01415
1.04883 1.80584 9.48555 7.19924
1.04883 2.2245 9.07134 7.19924
1.04883 2.2245 9.07134 7.00026
0.799074 2.2245 10.3177 7.29368
0.799074 1.66416 10.3177 8.02534
0.404524 1.66416 9.43033 8.02534
0.404524 1.66416 9.43033 8.02534
0.404524 0.942965 9.43033 8.02534
0.486935 0.942965 8.47605 5.21748
1.07422 1.16186 5.92491 6.54853
1.07422 1.09342 5.92491 7.2165
1.87039 1.09342 5.26939 7.14357
1.44587 0.415179 3.6084 7.14357
1.1374 0.415179 3.6084 5.6083
1.10256 0.415179 3.6084 5.6083
1.10256 0.589598 3.6084 9.01858
1.10256 1.22597 0.761696 9.01858
1.10455 0.710446 0.761696 8.83192
1.21751 0.710446 2.24779 8.24074
1.21751 0.654991 2.24779 8.24074
1.21751 0.654991 2.24779 7.87979
1.21751 0.831212 2.24779 5.52399
0.705302 1.14992 2.24779 4.9676
0.705302 1.14992 3.59043 4.69304
0.705302 1.36203 3.59043 4.93319
0.705302 0.52418 3.59043 4.93319
0.705302 0.787312 2.94633 4.06872
0.176095 0.787312 5.69181 8.70665
0.176095 0.787312 5.16435 6.67297
0.176095 0.787312 5.34655 8.05257
0.176095 0.821705 5.34655 8.05257
0.176095 0.821705 5.34655 7.79357
0.176095 0.792226 5.34655 7.79357
0.527302 0.792226 5.73898 7.79357
0.527302 0.789225 5.38293 5.69578
1.67226 0.789225 5.91643 5.69578
1.18852 0.789225 6.70743 4.87784
1.18852 0.789225 6.70743 4.87784
1.18852 1.02131 6.70743 4.80801
1.22939 1.02131 8.44809 4.80801
0.898228 1.02131 9.25834 5.0812
0.898228 1.02131 9.25834 5.0812
0.898228 0.894348 7.7093 4.53198
0.992316 0.894348 8.68551 4.53198
1.55112 0.894348 9.91351 4.53198
1.55112 0.685214 7.96276 4.53198
1.37081 0.685214 7.96276 4.53198
1.82636 0.637099 8.74523 1.13891
1.82636 0.688931 7.53276 1.13891
2.7287 0.688931 7.53276 2.88533
2.7287 0.688931 7.53276 2.88533
2.04608 0.688931 6.74912 3.01349
2.04608 0.834491 7.69287 3.01349
1.24362 1.60121 7.69287 3.01349
0.481237 1.60121 7.69287 5.04066
0.692056 1.60121 7.55674 5.04066
0.692056 1.85866 7.44399 4.37012
0.654167 1.85866 6.84649 3.41815
0.671291 1.85866 6.84649 3.41815
0.671291 1.85866 6.47897 3.74675
0.671291 1.85866 4.74483 3.74675
0.671291 1.85866 3.26921 2.5887
0.671291 1.85866 4.17659 2.23381
0.671291 1.58357 4.17659 3.13762
0.671291 1.58357 4.17659 3.13762
0.671291 1.74401 7.10186 3.13762
1.44922 2.23105 5.76562 3.13762
1.44922 1.88012 3.52393 3.13762
1.44922 1.88012 4.17792 1.94279
1.44922 1.75336 4.17792 1.94279
1.76457 1.75336 6.45339 1.94279
1.55694 1.75336 6.45339 2.38669
1.14168 1.75336 6.45339 2.38669
1.14168 1.75336 6.45339 2.38669
0.459196 1.75336 6.8641 2.78881
0.418608 1.51956 5.70354 5.08317
0.418608 1.05561 5.70354 6.51747
0.418608 1.05561 5.77913 6.51747
0.418608 1.38206 7.04011 6.51747
0.418608 1.38206 4.34579 4.21608
0.418608 1.03258 4.34579 4.21608
1.71319 1.03258 4.34579 5.17241
1.90472 1.51535 4.34579 5.17241
2.1459 1.51535 5.50516 5.17241
2.1459 1.2578 5.57955 3.06949
2.3969 1.2578 5.57955 1.60036
2.47213 1.2578 5.57955 1.60036
1.29263 2.96196 8.63593 1.60036
1.29263 3.78332 8.63593 1.60036
1.29263 3.16162 8.51824 1.60036
1.29263 2.38622 7.68658 1.60036
1.29263 2.38622 6.04967 2.57195
1.07012 2.38622 6.72498 3.98412
1.07012 2.38622 6.04513 3.71729
1.07012 0.96587 6.04513 4.32032
1.13598 1.25782 5.47791 4.32032
1.30445 1.25782 5.47791 5.43857
0.764595 1.25782 3.73722 5.43857
0.764595 0.615585 5.94299 5.43857
0.70525 0.615585 7.13659 6.22341
0.70525 0.615585 7.68961 6.22341
0.70525 0.757683 7.68961 6.22341
0.70525 0.757683 4.41862 7.63972
0.997488 0.77746 3.60317 7.63972
2.32874 0.77746 3.60317 6.75444
2.49237 0.77746 5.65616 6.75444
1.94337 0.536871 5.81067 6.92749
2.59801 0.536871 5.26967 7.35843
2.08105 0.536871 6.77424 9.49137
2.08105 0.536871 6.77424 8.36277
2.08105 0.536871 4.88081 7.66517
2.40136 0.653344 4.45408 6.6619
1.66835 0.653344 3.46262 7.21554
1.9783 0.826647 3.99439 7.21554
1.9783 0.826647 3.99439 7.24819
1.9783 1.86706 3.99439 7.24819
2.21522 1.38231 3.99439 5.46976
2.21522 1.38231 3.99439 5.46976
2.21522 2.39589 3.99439 5.46976
2.0743 2.39752 3.99439 2.99621
1.38608 2.39752 7.0209 2.99621
1.33708 2.33732 7.0209 2.99621
1.33708 1.78717 7.0209 2.2415
1.33708 1.78717 10.4914 2.2415
1.48926 1.78717 10.9186 2.2415
2.02316 1.46716 10.9186 2.34321
1.92599 1.77301 10.9186 2.34321
1.98736 1.83287 10.0634 2.34321
2.02218 0.962759 11.9318 2.34321
2.02218 1.06388 11.9318 2.34321
1.8065 1.06388 11.7037 2.34321
0.622014 0.741344 11.3301 2.489
1.03783 0.741344 11.3301 3.00633
1.03783 0.741344 11.3301 2.88765
1.03783 0.675615 11.3301 4.88042
1.03783 1.0248 10.5497 4.88042
1.71113 1.0248 10.5497 7.93333
1.71113 1.0248 10.5497 7.93333
1.47689 0.852805 9.84112 8.67351
1.03945 0.993124 9.27559 7.16937
1.03945 1.22937 10.1687 7.16937
1.03945 1.22937 10.8537 7.16937
1.30245 1.22937 12.0069 7.16937
1.30245 0.996871 9.88047 8.83513
1.30245 1.18446 9.88047 8.83513
0.661518 1.18446 7.63414 8.79581
0.661518 1.18446 7.05113 8.79581
0.381352 1.18446 6.76798 8.79581
0.381352 1.18446 5.85329 9.74895
0.381352 1.53809 5.85329 8.40069
0.381352 0.99644 3.85269 5.24675
0.664109 1.69597 3.85269 6.83149
0.664109 1.43766 3.85269 5.9221
0.664109 2.06504 3.85269 7.1943
0.62517 2.06504 1.3634 7.1943
1.1381 1.68498 5.00469 7.1943
1.33418 1.52806 5.51239 7.91645
1.39994 1.52806 5.51239 8.76571
1.39994 1.75539 5.51239 8.76571
1.39994 1.75539 5.51239 7.64604
0.775032 1.02505 5.51239 7.64604
0.775032 1.02505 5.16996 7.64604
1.00696 1.02505 5.16996 7.64604
1.00696 1.02505 5.16996 10.4354
1.00696 1.34625 5.16996 10.4354
1.00696 1.35781 5.16996 7.11934
1.00696 1.82883 5.16996 7.11934
1.00696 0.449244 5.16996 6.77072
0.278413 1.01059 5.16996 7.80946
0.278413 1.54512 3.63859 7.6949
0.278413 1.54512 3.63859 6.53107
0.278413 1.54512 4.8982 5.13728
0.278413 1.50988 7.33202 5.13728
0.278413 1.57735 7.33202 5.13728
0.278413 1.5394 7.33202 5.13728
0.278413 1.5394 7.33202 5.82401
0.772297 1.5394 7.33202 5.52487
0.745472 1.16018 4.50502 4.0442
0.745472 1.16018 5.13844 4.15102
0.745472 1.16018 5.84997 4.15102
0.745472 1.58133 6.37464 4.15102
0.639487 1.89344 6.37464 4.15102
1.03314 2.06708 5.49829 4.15102
1.03314 1.84975 5.49829 5.16903
1.03314 1.37176 4.4115 5.16903
1.03314 1.40778 4.4115 4.81262
1.03314 1.42091 5.41172 2.82691
0.509387 1.42091 6.28833 3.75946
0.509387 1.11649 6.28833 1.55864
0.509387 1.12033 5.15658 1.45496
0.509387 0.985648 5.15658 4.53193
0.509387 1.21916 6.71174 4.53193
0.509387 1.21916 6.71174 4.53193
1.18059 1.21916 4.18404 4.71469
1.18059 1.21916 4.18404 4.56074
1.18059 1.37399 4.18404 4.56074
0.604594 1.24918 4.6443 6.676
0.604594 1.24918 4.6443 5.98204
1.56472 1.24918 2.32736 7.19083
1.39698 1.24918 2.32736 7.19083
1.39698 1.24918 2.32736 4.10506
1.39698 1.24918 2.32736 1.30214
1.39698 1.24918 2.32736 0.816336
1.39698 1.24918 2.32736 1.85774
1.62528 1.21192 2.32736 2.38986
1.33757 2.27437 2.32736 2.38986
0.744397 3.33411 2.32736 3.63031
0.556743 2.69837 3.0355 4.72221
0.556743 1.65326 3.0355 4.72221
0.556743 1.65326 3.0355 4.77556
0.556743 1.72655 3.0355 7.28662
0.556743 1.73432 4.55501 6.80348
0.869487 1.89936 5.75652 7.12938
0.64809 1.89936 5.70959 5.82221
0.64809 2.05222 5.70959 6.8557
0.64809 2.05222 5.70959 6.8557
0.988004 1.255 5.70959 5.66135
0.988004 1.255 6.75805 5.66135
1.58722 1.255 7.75119 5.66135
1.58697 2.1418 7.75119 4.00702
1.41253 1.54769 7.75119 5.01009
1.12379 1.28091 7.75119 2.98272
1.12379 1.33798 8.90684 4.63934
0.711613 1.33798 8.90684 4.63934
1.42538 1.33798 7.08859 4.63934
1.62295 1.02303 4.58953 4.63934
1.62295 1.05099 4.58953 4.63934
2.05723 1.05022 4.58953 5.20761
1.56885 1.05022 4.58953 4.70487
1.56017 1.05022 5.597 4.70487
2.1044 1.05022 5.597 4.70487
1.81388 1.05022 4.72058 5.02313
1.81388 0.891314 4.72058 5.02313
1.86231 1.22203 4.72058 5.02313
1.86231 1.22203 4.72058 2.06165
1.86231 1.32616 2.13305 1.73383
1.86231 1.32616 2.13305 3.0872
1.95796 1.18528 2.13305 4.39608
1.37846 1.18528 2.13305 4.39608
1.37846 1.18528 5.36383 2.96853
2.42159 1.18528 5.36383 2.96853
2.61363 1.18528 5.36383 3.5816
2.61363 1.04555 5.36383 1.51122
3.10952 1.04555 5.36383 2.9355
2.74913 1.04555 5.36383 2.9355
3.03931 1.3771 5.36383 1.51328
3.54279 0.840419 5.36383 1.51328
2.45568 0.840419 6.86056 1.51328
2.45568 0.840419 6.86056 3.30256
2.50597 1.30042 8.13536 3.30256
1.80996 1.30042 8.13536 3.30256
1.80996 1.04185 6.48924 3.30256
1.84059 1.22316 6.48924 5.16523
1.84059 1.22316 6.54822 5.16523
1.84059 1.22316 6.54822 4.74077
1.84059 1.45696 3.58492 7.20657
1.60348 0.743403 5.53129 6.61921
1.72672 0.743403 5.53129 4.51109
2.23195 0.743403 4.82785 4.51109
2.23195 0.743403 4.82785 4.51109
2.1346 0.743403 4.70663 5.31617
3.36381 0.847572 4.70663 3.52126
3.36381 0.847572 4.70663 3.52126
2.89399 1.40385 4.70663 3.48777
2.89399 1.40385 5.25467 2.45821
3.41355 1.60226 3.8185 2.45821
2.67657 0.63446 3.8185 2.78638
1.9755 0.63446 3.8185 3.05519
1.79671 0.63446 4.1665 4.63172
2.38067 0.63446 4.1665 5.48983
2.3367 0.63446 1.67761 4.79334
2.3367 0.63446 1.67761 3.1317
2.3367 0.670236 1.64582 5.30306
2.3367 1.83736 1.64582 6.215
2.3367 1.83736 1.64582 6.22096
2.3367 2.64653 2.90037 6.18683
1.47726 2.46643 3.8787 6.18683
1.47726 2.46643 3.8787 5.78253
1.68743 2.5165 3.8787 5.58441
0.776148 2.63305 1.96507 6.66406
1.27053 1.82263 4.90096 4.82061
1.27053 2.03027 5.34495 4.82061
1.63178 2.03027 3.01088 4.82061
1.63178 2.03027 3.01088 4.82061
1.60264 2.47943 3.84537 4.82061
1.60264 1.76916 3.1329 6.08917
2.16671 1.83316 3.1329 5.06262
2.16671 1.83316 3.1329 5.06262
1.45377 1.83316 3.1329 4.46871
1.20835 1.83316 3.1329 4.57705
1.20835 1.80344 3.1329 4.15586
1.17642 0.953519 3.1329 4.49334
1.17642 0.953519 6.30495 4.49334
1.17642 0.953519 7.33742 4.45203
1.68238 0.495016 7.33742 6.0266
1.68238 0.495016 7.33742 6.0266
1.37121 0.509053 6.90283 6.0266
0.418564 0.509053 6.90283 5.84218
0.420372 0.509053 6.90283 4.2149
1.17135 0.631303 6.90283 5.3504
1.17135 0.631303 8.57386 5.3504
1.17135 0.631303 8.57386 3.40535
1.17135 0.631303 8.57386 3.40535
1.43488 0.631303 8.7992 3.6034
1.43488 1.26374 9.43613 3.78289
1.43488 2.90609 9.43613 2.51257
1.43488 2.90609 9.58302 2.91893
1.43488 2.90609 8.49429 1.15324
1.52784 2.39934 6.17409 4.13042
1.52784 2.34561 6.17409 7.73047
1.88514 2.65107 6.17409 7.73047
1.88514 2.85239 8.29867 8.46469
1.40334 2.85239 9.67236 8.46469
0.583162 2.85239 7.01036 8.46469
1.32854 2.22414 7.01036 8.46469
1.32854 2.22414 9.08825 8.37351
1.12479 2.03591 8.99961 7.80233
0.957178 2.30448 9.57481 7.80233
0.862022 2.30448 10.7719 10.3968
0.660342 2.12147 11.4559 9.63663
0.660342 1.77382 10.1551 9.63663
0.660342 1.77382 10.5691 8.95187
0.660342 1.73006 9.17089 8.95187
0.660342 1.73006 9.32279 8.95187
0.95633 1.73006 6.33281 8.95187
0.95633 1.53342 3.24089 8.95187
0.95633 1.43827 4.42154 8.95187
0.95633 1.43827 4.42154 10.2998
0.95633 1.43827 4.42154 10.2998
0.802492 1.43827 4.22543 8.27671
1.56112 1.43827 4.22543 6.60593
2.8527 1.43827 4.53132 7.11119
2.8527 0.731039 4.53132 5.23606
2.8527 0.857752 4.88581 5.03908
2.8527 0.905164 4.88581 6.37641
2.8527 1.25066 4.88581 4.92188
2.6424 1.3321 4.88581 4.92188
2.6424 1.3321 4.88581 4.23553
2.6424 1.08873 4.33924 4.23553
2.80032 1.08873 4.87344 4.23553
2.80032 1.0171 3.33067 4.23553
2.80032 1.0171 3.33067 3.96414
2.80032 1.0171 3.33067 4.0554
2.80032 1.0326 3.33067 4.0554
1.43582 1.0326 3.9236 4.0554
1.43582 0.782994 3.54889 4.91174
1.43582 0.782994 3.54889 4.91174
1.19466 0.413848 3.54889 7.07574
0.671242 0.413848 3.54889 7.07574
0.671242 0.413848 4.01986 7.07574
1.28577 0.413848 4.01986 7.71388
2.02221 0.937941 4.01986 7.66957
1.58292 0.937941 4.01986 7.66957
1.13154 0.937941 4.01986 7.66957
0.499242 1.47954 5.11447 7.9438
0.499242 1.26557 5.11447 7.9438
0.499242 2.29108 5.11447 5.31502
0.499242 2.4662 2.11994 2.22651
0.499242 2.02864 2.11994 3.76384
0.499242 2.12882 2.11994 3.76384
0.499242 2.05113 3.66063 3.76384
0.805767 2.87628 3.66063 3.76384
0.805767 2.87628 3.78359 7.1088
0.433959 1.40469 4.84909 5.32079
0.370524 1.84935 4.84909 5.19943
0.370524 1.18035 2.69638 5.19943
0.370524 0.608996 3.72324 5.80561
0.370524 0.793071 3.72324 5.80561
0.370524 0.582167 1.93337 4.82162
0.370524 0.582167 1.93337 6.75927
0.370524 0.582167 1.93337 6.75927
0.370524 0.582167 3.06236 3.20298
0.370524 0.582167 3.43515 3.20298
0.843715 0.582167 3.43515 1.97747
