0.669711 1.49237 6.74618 6.14553
0.610712 1.49237 6.75638 2.25427
0.610712 1.49237 4.82134 2.25427
0.610712 1.49237 4.82134 1.80079
0.610712 1.49237 3.31359 1.80079
0.610712 2.26297 3.31359 1.29608
0.610712 1.94096 3.31359 1.6785
1.21894 1.8528 4.66142 1.6785
1.21894 1.42045 4.66142 4.35204
1.59999 1.42045 5.04275 3.86299
1.59999 1.42045 5.04275 4.0883
1.45872 1.26507 5.04275 4.0883
1.45872 1.26507 5.04275 4.0883
1.33436 1.5426 3.3206 4.0883
1.33436 1.7701 3.59569 5.95216
1.03229 2.03225 3.59569 5.95216
1.64643 0.90023 3.59569 5.95216
1.22583 0.90023 2.1467 5.95216
1.43184 0.90023 2.1467 4.36716
1.80605 1.18037 2.1467 4.36716
2.11055 0.962161 2.1467 6.24824
1.71415 0.962161 4.08681 7.22363
1.87077 0.555345 4.92222 7.81913
1.43228 0.555345 4.92222 6.52989
1.43228 0.595307 4.92222 6.43028
0.349168 0.595307 4.92222 3.40324
0.349168 0.989065 6.10577 3.40324
1.33708 1.14215 6.21623 4.54683
1.33708 1.37758 5.85372 4.54683
0.835492 1.37758 5.85372 5.56644
0.835492 1.43178 2.01983 3.83059
0.790022 1.43178 2.01983 3.83059
0.790022 2.4251 2.06754 4.22702
0.790022 2.46501 4.42884 4.75243
0.790022 1.50386 4.42884 4.75243
0.310185 1.3458 4.42884 6.64315
0.310185 1.51346 4.42884 6.64315
0.310185 1.46344 4.42884 6.64315
0.310185 1.66348 4.42884 6.64315
0.310185 1.94532 3.10677 6.64315
0.310185 1.94532 3.10677 6.64315
0.310185 1.30981 3.10677 7.36849
0.310185 1.30981 3.10677 7.36849
0.925814 0.50234 4.2578 7.74912
0.580302 0.50234 3.42124 7.74912
0.580302 0.50234 3.42124 9.13977
0.580302 0.50234 3.23502 8.27768
0.580302 0.50234 4.94471 8.67284
1.44415 0.50234 4.94471 7.72035
1.44415 0.50234 4.94471 7.78689
1.18365 0.50234 6.46518 8.88611
1.15702 0.50234 6.46518 7.9555
1.15702 0.50234 8.65944 7.9555
1.15702 0.50234 6.85564 7.9555
0.551524 1.17947 7.42034 7.9555
1.25845 1.17947 7.42034 7.9555
1.25845 1.43803 7.38563 7.45795
0.696349 0.632175 5.46201 7.16992
0.656621 1.16963 6.08763 7.16992
0.656621 1.1006 5.69783 7.73023
0.656621 1.1006 5.21283 6.67901
0.950227 1.12962 5.21283 6.90851
0.950227 1.12962 5.21283 6.90851
0.950227 1.12962 4.28134 6.90851
1.02273 1.12962 4.28134 6.201
1.02273 1.45099 4.28134 5.23161
1.02273 1.45099 4.28134 5.29382
0.960354 1.45099 4.28134 5.42527
0.960354 1.45099 4.28134 5.42527
0.890035 1.2654 4.28134 6.32535
1.0348 1.2654 3.27782 6.32535
0.833765 1.5135 3.50913 6.32535
0.811418 1.5135 2.90811 3.93824
1.179 1.5135 2.90811 3.93824
1.5692 1.0597 2.90811 3.93824
0.721431 1.0597 1.93916 3.93824
0.721431 1.0058 1.93916 3.93824
1.08639 1.0058 1.93916 4.58923
1.34123 1.0058 4.91988 5.58508
1.56034 1.09928 4.91988 5.58508
1.75476 1.09928 2.80294 7.13608
1.75476 1.09928 2.80294 6.6579
1.75476 1.09928 2.80294 5.41945
2.04264 1.22931 2.80294 6.44525
1.46309 1.22931 5.93975 5.5078
1.5863 1.49685 5.93975 5.5078
1.19837 1.07286 6.50143 5.5078
1.19837 0.828774 5.94825 4.80774
1.19837 0.705828 4.36544 4.39216
0.493372 1.60626 4.36544 5.12213
0.493372 2.15453 4.36544 5.12213
0.493372 2.15453 4.36544 4.01472
0.890459 2.15453 4.36544 4.01472
0.890459 2.15453 4.36544 4.01472
0.890459 2.02056 4.36544 4.01472
0.890459 1.81774 4.36544 3.55709
0.890459 1.81774 4.36544 4.57593
0.890459 1.02576 4.36544 4.57593
0.890459 1.02576 4.36544 4.57593
0.890459 1.33024 3.09108 2.98521
0.890459 0.749597 4.22084 2.98521
1.15064 1.28788 4.22084 2.98521
0.593321 1.57186 4.22084 3.57119
1.66722 1.57186 2.17735 4.60562
1.66722 1.74289 2.17735 4.60562
1.60507 1.66869 2.17735 3.35473
0.919934 1.89373 2.5311 3.35473
1.01524 1.88211 2.5311 3.35473
1.01524 2.68671 2.5311 3.35473
1.19178 2.68671 2.5311 3.41436
1.40605 2.77659 2.5311 2.53076
1.31579 2.6759 2.5311 2.53076
1.31579 2.43231 2.5311 2.53076
1.31579 2.65378 5.10267 2.53076
1.28062 2.65378 6.31914 2.53076
0.407974 1.89816 3.53463 2.53076
0.407974 1.89816 3.53463 2.13678
0.968852 1.946 3.53463 2.13678
1.1967 1.69837 3.53463 2.13678
1.15408 1.69837 3.53463 2.12831
1.15408 1.59273 3.53463 3.69075
1.02048 1.1715 3.53463 2.05079
1.06931 0.727786 4.08976 2.05079
1.07739 0.88086 6.42941 2.05079
1.07739 1.4768 6.42941 2.05079
1.07739 1.4768 3.64746 2.05079
1.07739 2.37947 3.64746 2.05079
0.606011 2.26861 3.64746 2.05079
1.04714 2.26861 3.64746 2.05079
1.04714 2.26861 3.64746 3.99019
1.04714 1.56352 3.64746 3.98722
1.3933 1.56352 2.40026 4.81545
1.3933 1.63595 3.46699 4.7979
1.3933 1.63595 4.25366 4.7979
1.3933 1.63595 5.21978 4.7979
1.3933 1.63595 2.13371 5.24181
1.3933 2.29104 2.13371 6.93566
1.94555 2.77001 2.13371 8.36673
1.94555 2.77001 4.38861 8.27924
2.47661 2.77001 4.38861 6.99441
2.47661 1.93602 5.01194 6.99441
2.47661 1.93602 5.01194 6.99441
2.24849 1.93602 6.03741 7.40845
2.24849 1.93602 6.46075 7.40845
2.52308 2.24517 6.46075 6.42142
2.52308 2.24517 5.06202 6.35027
3.27983 2.36511 5.06202 6.64637
3.27983 1.77856 5.06202 6.30408
4.0445 1.90368 5.06202 8.76897
4.60134 1.90368 5.06202 8.76897
4.60134 1.28396 5.90327 9.29217
4.47444 1.28396 5.90327 9.8451
4.47444 1.28396 5.90327 12.2415
4.69488 1.34826 3.76541 12.2415
4.2392 1.34826 3.76541 10.9648
4.2392 0.719409 2.54314 10.9648
4.2392 0.576905 2.73103 11.4631
4.84284 0.576905 2.73103 12.0943
4.97168 0.576905 4.40067 14.4726
4.70763 0.576905 4.40067 14.7659
4.04458 0.576905 6.65729 13.9625
3.92233 0.576905 6.65729 13.9625
3.24936 0.576905 6.65729 12.7069
3.30567 0.576905 4.72827 12.7069
3.30567 0.576905 4.72827 13.2748
3.15917 0.576905 4.72827 13.5692
2.99165 0.918851 3.56058 17.6986
3.17971 0.918851 4.40661 17.0133
2.29652 0.918851 4.40661 17.0133
2.29652 0.918851 4.40661 17.0133
2.29652 0.918851 4.11266 17.0133
1.68013 0.918851 4.11266 15.2762
1.6212 0.918851 4.11266 12.9198
1.6212 0.918851 4.11266 12.9198
1.6212 0.918851 4.11266 12.8006
2.70727 0.447446 4.11266 12.8006
3.70116 0.567776 4.11266 12.8006
3.74241 0.567776 2.92499 11.7144
2.75459 0.567776 2.92499 11.7144
2.76634 0.465112 2.92499 11.7144
2.89908 0.652489 2.92499 12.8297
2.81924 0.652489 2.18479 11.5332
3.04744 0.652489 2.18479 11.5332
3.59432 0.778584 2.18479 12.3868
4.18787 1.22087 1.83282 10.7151
4.4133 1.22087 1.83282 10.6192
4.03325 1.22087 2.28793 9.77961
4.00017 0.786332 2.33417 6.92511
4.31052 0.786332 2.33417 6.92511
5.0724 0.786332 2.33417 6.92511
5.0724 0.891987 2.33417 8.35471
5.1632 0.377671 2.33417 9.52657
4.83561 0.457612 2.62249 9.52657
5.19404 0.457612 2.62249 9.52657
5.71945 0.457612 5.04767 7.78001
4.571 0.457612 5.86839 7.78001
4.571 0.583616 4.2732 7.78001
4.59342 0.583616 4.2732 8.01117
4.59342 0.583616 4.2732 7.58464
4.59342 1.00915 4.2732 6.87809
4.49237 1.00915 5.80366 5.33649
3.56309 1.00915 7.75522 4.86549
4.27036 1.4016 7.75522 6.42381
4.27036 1.4016 5.76725 5.85554
4.27036 1.4016 4.55877 5.85554
3.2061 1.4016 4.55877 6.82792
3.2061 1.88261 5.12947 5.068
2.73023 1.88261 4.8232 5.67531
2.22334 1.88261 5.94653 5.50437
2.22334 1.9062 4.69312 5.50437
1.00494 1.69983 4.69312 6.62564
1.00494 1.69983 5.11397 6.62564
0.914685 1.69983 5.11397 6.9709
0.500092 1.69983 6.41 6.9709
0.500092 1.69983 6.09253 6.9709
0.689556 0.58235 6.09253 6.9709
0.6078 1.02578 3.93555 4.86565
0.6078 2.4181 3.93555 4.86565
0.6078 2.4181 3.93555 4.86565
0.6078 2.46425 3.93555 2.77422
1.13579 1.59335 2.45785 2.77422
1.41283 1.59335 2.45785 4.3622
1.41283 0.39109 2.45785 6.06632
0.979308 0.39109 2.45785 6.06632
0.979308 0.39109 2.45785 6.06632
0.795478 0.449756 2.45785 6.49239
0.795478 0.449756 2.45785 8.31292
1.05886 0.449756 2.45785 8.8138
0.823836 0.834761 2.45785 6.82759
0.570971 0.834761 2.45785 6.82759
0.570971 0.834761 2.45785 4.64212
0.570971 0.834761 2.45785 5.72053
0.570971 0.834761 2.45785 4.9655
1.26503 0.834761 2.52077 4.41448
1.26397 0.415544 2.52077 4.41448
1.26397 0.845611 4.28867 3.82056
1.89358 0.845611 4.28867 6.00667
1.89358 0.845611 4.28867 7.18733
1.89358 0.845611 4.95246 7.18733
2.32256 0.950755 4.95246 7.18733
1.86723 0.920431 4.9474 5.51911
1.68989 0.920431 1.34585 5.51911
1.68989 0.920431 1.34585 3.31519
2.04891 0.920431 3.19143 3.63218
1.10067 0.920431 4.61176 2.12339
0.532953 0.920431 4.0811 3.46732
0.532953 1.02504 4.0811 1.76557
0.532953 1.02504 5.16276 4.57931
0.532953 1.02504 5.16276 4.64867
0.532953 1.02504 5.16276 3.4105
0.532953 1.19322 8.11835 3.4105
0.532953 1.15582 8.11835 5.13419
0.496123 1.50055 5.23078 5.13419
0.496123 1.50055 6.02742 5.13419
0.496123 2.18326 6.02742 4.43136
0.496123 1.32254 6.98861 4.43136
0.496123 1.0908 6.98861 3.54671
0.496123 1.21896 7.47588 2.37414
0.916047 1.48553 6.50057 3.85369
0.916047 0.810662 6.50057 3.85369
0.916047 0.810662 6.50057 3.0184
0.916047 0.810662 8.10245 3.0184
0.916047 0.810662 10.4728 3.398
1.28675 0.810662 9.84614 3.398
1.28675 0.810662 9.84614 3.398
1.07348 0.810662 9.84614 0.834171
1.07348 0.834619 9.23502 1.97962
0.861989 0.970069 11.4481 1.97962
1.5093 0.970069 10.6754 1.97962
0.781774 1.05912 9.73855 3.92885
0.781774 1.20433 9.73855 5.93614
0.781774 1.20433 9.73855 6.82388
0.884521 1.2524 9.73855 7.82022
1.12904 1.14709 9.73855 8.19662
1.26159 0.359448 9.73855 8.19662
1.26159 0.359448 9.73855 8.19662
1.26159 0.359448 9.73855 7.76211
1.26159 0.234003 9.73855 7.76211
1.37649 0.234003 10.5721 5.88406
1.37649 0.234003 10.5721 5.88406
1.40783 0.234003 11.1022 5.88406
1.40783 0.234003 11.1022 5.88406
1.40783 0.234003 9.80869 4.65049
1.02054 0.234003 9.80869 2.70106
1.02054 0.234003 8.66888 2.70106
1.02054 0.234003 8.61562 2.30249
1.3438 0.529456 8.61562 4.29236
1.3438 0.529456 8.11838 2.59039
1.3438 0.529456 8.26079 2.59039
1.22923 0.274931 5.57056 2.59039
1.166 0.274931 5.57056 2.44626
1.166 0.274931 4.88788 1.94214
1.31262 0.17399 6.01922 4.19473
1.31262 0.17399 5.09017 4.70588
1.31262 1.61372 5.09017 4.70588
1.31262 1.38218 5.09017 4.70588
1.31262 1.38218 4.94704 4.70588
0.912829 1.38218 4.94704 4.70588
0.912829 1.10992 4.94704 6.02719
1.70981 1.10992 4.94704 6.02719
1.70981 0.708127 3.37198 5.59031
1.70981 2.03582 4.2824 5.41795
1.53965 2.03582 4.2824 7.51231
1.57516 1.51637 4.2824 9.05058
1.57516 0.94403 5.76811 9.21865
1.53886 0.94403 5.23058 9.70531
1.53886 0.900171 7.5184 9.28905
2.29679 0.900171 7.5184 8.6199
2.0245 0.900171 7.49864 6.26419
1.52184 1.12397 7.49864 6.26419
2.09092 1.12397 8.59173 7.88253
1.77785 0.590427 8.59173 6.91093
1.8495 0.671426 6.18991 8.10751
0.811028 1.02659 6.51373 8.50792
0.407802 1.11794 6.51373 6.93486
0.407802 1.11794 4.26643 6.32352
0.407802 1.60603 4.26643 7.06713
0.407802 1.60603 4.26643 7.06713
0.407802 1.36556 6.57189 6.62635
0.407802 1.36556 6.57189 6.62635
0.407802 1.36556 6.57189 9.61905
0.407802 1.24794 6.79049 9.61905
0.407802 1.44255 7.12375 9.61905
0.407802 1.70808 7.94489 9.61905
0.915196 1.32026 6.19834 9.61905
1.05556 1.43828 6.19834 10.9683
1.46731 1.43828 6.19834 10.9683
1.46731 0.445877 6.24432 9.18201
1.63339 0.445877 8.21879 7.94481
1.63339 0.445877 8.21879 5.36691
2.02105 0.438499 6.15789 5.36691
1.13221 0.411751 6.15789 5.36691
2.14555 0.411751 7.51478 3.82329
2.24078 0.411751 7.51478 3.82329
1.24238 0.411751 8.43211 3.82329
1.24238 0.411751 8.43211 5.25701
1.24238 0.238438 6.33344 4.13629
1.24238 0.238438 6.33344 4.13629
1.25406 0.238438 9.16056 6.51255
1.0047 0.238438 6.35738 6.51255
1.23974 0.238438 6.35738 6.51255
1.10877 0.481828 6.35738 6.51255
0.383046 0.481828 6.13945 6.51255
0.383046 0.481828 6.13945 6.51255
0.383046 0.481828 6.13945 6.51255
0.383046 1.54665 6.13945 6.51255
1.11327 1.54665 6.13945 6.51255
1.11327 1.03517 6.13945 7.64039
1.74168 1.03517 6.21419 8.60289
1.74168 1.17948 6.21419 8.60289
1.4901 1.68269 8.65622 7.96237
2.1837 1.89684 6.2243 7.96237
0.860226 1.89684 6.2243 8.18747
0.846404 1.89684 6.2243 8.61416
0.846404 1.80889 6.2243 9.34757
0.590571 1.80889 6.2243 8.45224
0.815623 2.24322 6.11847 8.4511
0.815623 2.24322 5.66229 8.4511
0.963531 1.83746 5.66229 10.3959
0.963531 2.23028 2.17751 10.3959
0.963531 1.57178 2.17751 10.3328
0.963531 1.17264 2.17751 10.3328
1.23424 1.68589 4.61999 10.2709
0.801855 2.02375 5.7434 7.50553
0.951166 1.93201 4.74286 7.50553
0.912696 1.93201 4.74286 7.50553
0.912696 1.29566 3.84623 7.50553
0.912696 0.893439 4.86322 7.50553
0.580064 1.01354 4.86322 8.09215
1.28909 1.16539 4.86322 8.09215
1.28909 0.912813 4.86322 8.09215
0.817981 0.912813 4.86322 8.09215
0.795422 1.35497 4.86322 5.52766
1.32602 1.57915 4.86322 3.39205
0.982343 1.9857 2.02126 3.9119
0.982343 1.89157 2.02126 5.40505
0.982343 1.89157 2.02126 5.57885
0.982343 1.21233 2.02126 5.57885
0.902256 1.21233 2.02126 4.79681
0.902256 1.21233 2.02126 4.79681
0.902256 0.918276 2.02126 4.74197
0.661322 1.61811 2.02126 4.74197
0.661322 1.29015 2.02126 4.74197
1.85284 1.29015 2.02126 4.74197
1.85284 1.32387 2.02126 3.96252
1.74507 1.32387 2.02126 2.8578
1.63523 1.32387 2.02126 2.8578
1.63523 1.32387 1.84384 2.8578
1.97637 1.32387 1.84384 3.29069
1.97637 1.32387 1.84384 3.29069
2.48842 1.32387 1.84384 3.29069
1.96883 1.32387 1.84384 3.29069
2.21646 0.945671 1.84384 0.667286
1.6989 0.945671 1.84384 1.54828
1.6989 0.945671 1.84384 1.54828
1.73862 0.945671 1.84384 1.54828
1.1596 0.945671 1.84384 3.47006
1.1596 1.11888 1.84384 3.47006
1.1596 1.11888 1.84384 2.83738
1.1596 1.11888 1.84384 4.35164
0.934138 1.11888 2.40487 4.45711
0.529471 1.11888 2.40487 4.45711
0.529471 1.11888 2.77816 1.75546
0.529471 1.11888 2.77816 1.75546
0.529471 1.15102 2.77816 1.76092
0.529471 1.15102 1.28157 1.76092
0.529471 1.20559 1.28157 1.76092
0.529471 1.15995 1.28157 1.87374
0.529471 0.637455 2.82041 4.32756
0.529471 0.637455 2.65393 6.36468
0.529471 0.637455 1.79144 6.81289
0.529471 0.680732 1.79144 5.14041
0.529471 0.680732 2.62706 6.96686
0.529471 0.900297 2.62706 7.14118
0.529471 0.900297 2.62706 7.14118
0.529471 1.15317 2.62706 7.14118
0.529471 1.11874 2.403 6.61328
0.529471 1.11874 2.403 6.61328
0.529471 1.11874 2.403 6.61328
0.529471 0.692923 2.21871 6.61328
1.01902 0.692923 2.21871 7.73193
1.01902 0.478411 2.21871 7.73193
1.01902 0.473333 2.21871 8.56075
1.0633 0.473333 2.21871 9.07175
1.62803 0.658175 2.38285 9.16312
1.62803 0.933734 2.38285 9.16312
1.62803 0.933734 2.38285 8.53795
1.62803 2.51053 3.69298 6.74964
1.67937 2.51053 3.69298 6.74964
1.67937 2.51053 4.50183 6.74964
1.67937 2.20914 2.95169 6.74964
2.95979 2.66089 3.39889 6.74964
2.53583 1.86542 2.00634 7.14273
2.53583 1.38899 2.00634 4.90855
3.24753 2.03807 2.00634 4.14969
3.24753 2.03807 2.00634 4.14969
3.85592 2.03807 2.00634 4.14969
3.44491 2.34139 2.4376 4.14969
3.65227 2.61029 2.4376 4.14969
3.05206 2.61029 4.33073 4.86054
2.91231 2.61029 4.98862 3.778
2.91231 2.61029 4.98862 3.778
2.68041 2.37187 4.98862 3.778
2.68041 2.37187 6.29974 4.57122
2.50732 2.13802 6.29974 4.57122
2.7595 2.09209 6.29974 6.52331
2.7595 2.43938 6.29974 2.66922
3.60984 2.43938 6.29974 2.66922
3.06314 1.15201 4.18144 4.00881
2.58725 1.10867 4.18144 4.43917
2.58725 1.10867 5.28537 4.43917
2.58725 1.29969 3.66576 3.30181
2.13235 1.29969 2.61472 3.30181
2.0647 1.07173 2.61472 3.30181
1.88429 1.07173 4.512 3.30181
1.88429 1.07173 3.55005 3.40875
1.42287 1.09466 7.16179 4.98919
1.42287 1.09466 5.02638 4.98919
1.42287 2.33344 4.15561 4.70654
1.43361 2.25109 4.30002 4.70654
1.43361 0.757182 4.30002 4.81316
1.43361 0.757182 4.30002 4.81316
1.43361 0.74764 4.30002 4.61778
0.767116 0.74764 4.30002 4.29856
0.767116 1.02859 5.39716 4.29856
0.940387 1.47318 5.97351 5.36372
1.66078 1.47318 5.97351 5.36372
1.66078 1.47842 3.96937 5.36372
1.02282 1.53967 3.0317 1.34895
1.38803 1.26636 3.0317 1.34895
1.22248 0.805329 3.25546 1.34895
1.04878 0.805329 3.25546 1.34895
1.04878 0.93631 3.25546 1.34895
1.04878 0.93631 3.25546 1.34895
1.04878 0.93631 3.25546 3.68271
1.67694 0.786807 3.25546 3.68271
1.67694 0.786807 3.25546 2.67471
1.67694 1.70207 3.25546 3.06041
1.67694 1.67781 2.82412 3.06041
1.67694 1.7212 2.82412 3.06041
1.67694 1.42482 2.82412 3.06041
1.67694 0.934557 2.82412 3.06041
1.38488 0.934557 2.82412 2.6799
1.38488 1.15262 2.82412 3.03527
1.2149 1.45972 2.82412 3.03527
1.52894 1.45972 4.34413 3.03527
1.06565 1.45972 3.83055 1.31141
0.588757 1.45972 3.06688 2.38481
0.588757 1.72226 5.89728 2.52088
0.849969 1.72226 5.89728 2.52088
0.849969 1.41983 6.3014 2.52088
0.849969 1.41983 6.3014 1.92003
0.926337 1.12359 5.20416 4.67447
0.926337 0.852542 5.24675 4.67447
0.926337 1.24635 3.75911 0.854261
1.14629 1.24635 1.91358 0.854261
1.14629 1.24635 1.91358 0.304608
0.991683 1.98338 3.9244 2.68077
0.991683 1.98338 5.7804 3.85128
0.991683 0.970054 3.81279 3.85128
1.35007 0.970054 3.31511 3.85128
1.35007 2.35132 3.58979 4.23053
1.35007 2.5087 3.58979 4.23053
1.35007 2.90933 2.24901 4.23053
1.35007 3.96911 2.24901 4.72081
0.944561 4.21681 1.82231 4.72081
0.769668 4.21681 2.42528 4.49611
0.769668 4.0081 2.42528 4.14221
0.769668 2.99206 2.42528 4.14221
0.769668 2.77598 2.42528 5.42155
0.769668 2.77598 2.42528 5.42155
0.769668 2.77598 4.75043 4.12442
1.12128 2.77598 4.75043 4.85291
1.40175 3.2621 4.04457 5.71871
1.40175 3.50513 3.16516 5.71871
1.40175 2.47936 3.16516 2.66256
1.40175 2.18999 3.91829 2.66256
0.97086 2.18999 4.05365 2.66256
1.03168 2.33781 4.05365 2.66256
1.03168 2.00367 5.22328 2.66256
1.03168 1.76635 4.64419 3.41409
0.983632 2.21005 2.45277 6.08082
1.53954 2.21005 2.45277 7.01742
1.65785 1.78647 2.45277 7.01742
1.65785 1.78647 2.45277 7.01742
1.68632 1.25997 2.45277 7.01742
1.95459 1.92173 2.45277 4.98819
1.95459 1.92173 2.45277 4.98819
1.95459 1.92173 2.62567 4.36519
1.95459 2.38746 2.62567 4.36519
0.413726 2.57652 1.86011 4.36519
0.413726 2.49234 1.86011 4.36519
0.413726 2.49234 1.86011 4.36519
0.413726 2.06507 3.12237 3.81255
0.413726 2.26927 2.7494 6.2546
0.562468 2.26927 3.68182 3.94027
0.562468 2.5807 3.68182 5.23664
0.779303 3.03901 3.68182 6.34473
0.779303 3.03901 3.68182 7.12343
0.779303 2.3994 3.68182 6.59566
0.779303 2.70522 4.47314 5.76017
0.779303 2.70522 6.3632 6.31561
0.779303 2.01067 5.31685 4.26254
0.779303 1.95557 5.31685 2.31082
0.779303 0.935443 3.07126 2.31082
0.779303 0.935443 4.06879 2.31082
0.779303 0.935443 4.06879 2.31082
1.2164 0.935443 4.06879 2.41131
0.750761 0.935443 4.06879 2.41131
0.776744 0.846235 4.06879 2.41131
1.48367 1.23987 4.06879 2.41131
1.48367 1.93907 4.4564 2.41131
2.05841 1.93907 4.4564 2.41131
2.05841 1.93907 2.23126 2.7962
1.62286 1.93907 4.34602 2.7962
1.93063 1.52889 2.78115 2.7962
1.93063 1.52889 2.78115 2.7962
1.93063 1.52889 2.78115 1.83948
1.93063 1.43068 3.53076 3.62545
1.09669 1.43068 3.53076 3.66363
1.3483 1.43068 3.53076 3.66363
1.3483 1.42991 3.53076 4.11032
1.3483 1.42991 4.68153 4.11032
2.28024 1.45639 2.29425 4.11032
3.85009 0.822094 4.90635 4.11032
3.85009 0.822094 4.90635 1.96164
3.85009 0.822094 3.66479 1.03915
3.94722 1.52669 3.66479 3.43129
4.21479 1.52669 5.25195 3.43129
5.03476 1.52669 5.25195 5.19176
5.03476 1.52669 5.30146 5.0394
5.03476 1.52669 5.30146 5.0394
4.43506 0.634334 5.30146 5.0394
4.43506 1.61696 4.18321 5.0394
4.50657 1.61696 4.18321 5.0394
4.89212 1.51909 4.18321 7.24285
4.94016 1.26358 3.38597 7.24285
4.94016 1.01899 3.38597 7.24285
3.89932 1.01899 3.38597 7.24285
3.89932 1.01899 4.09082 5.57281
3.89932 1.01899 4.09082 5.57281
3.89932 0.456124 3.22531 5.57281
3.37713 0.822469 3.22531 5.57281
2.08514 0.822469 4.7655 4.05898
2.08514 1.19059 3.80327 4.05898
2.09865 1.27606 6.67915 4.05898
2.38057 0.947523 6.67915 4.05898
2.38057 1.13786 6.95016 5.75743
1.74362 0.885961 6.95016 7.44847
1.67876 0.461086 5.309 7.44847
1.58627 0.461086 2.11044 7.44847
1.58627 0.461086 2.11044 7.44847
1.58627 0.461086 2.11044 6.69454
2.20302 0.461086 2.11044 6.05637
2.21554 0.461086 2.11044 6.05637
2.61929 0.461086 2.25194 5.72281
2.68212 0.461086 1.52356 7.27267
2.49764 0.461086 1.46059 7.27267
1.25803 0.461086 3.00954 5.59122
0.580237 0.834504 3.86472 3.75873
0.78987 0.834504 3.86472 3.75873
0.78987 0.834504 4.30195 3.75873
0.78987 0.834504 5.42318 5.38706
1.21748 0.834504 5.18844 6.19251
1.21748 0.834504 5.18844 6.19251
1.71174 0.834504 5.18844 6.19251
2.13759 0.834504 5.69864 6.19251
0.803378 0.834504 5.69864 8.22658
0.444465 0.834504 5.69864 7.87505
0.897942 0.834504 5.69864 7.87505
0.625782 1.64416 3.4753 7.87505
0.625782 1.64416 3.4753 7.87505
0.625782 1.64416 3.4753 7.87505
0.51944 1.64416 4.60145 7.87505
0.51944 1.64416 4.60145 6.50476
0.51944 1.64416 4.60145 5.54473
0.51944 1.64416 3.56716 6.23756
0.51944 1.64197 3.56716 6.23756
0.51944 1.67071 3.56716 6.23756
0.51944 0.684605 1.18954 4.93714
0.926243 1.36709 4.00888 6.4481
0.926243 1.36709 1.65103 6.4481
0.494614 1.36709 1.65103 2.77479
1.43483 1.36709 1.65576 3.37661
1.48456 1.99643 1.65576 3.37661
1.54459 1.99643 1.65576 3.37661
1.51046 1.99643 1.65576 3.37661
2.7924 1.93885 1.65576 4.17325
2.97806 1.93885 1.65576 5.35913
3.64913 1.93547 4.17216 5.35913
2.70555 2.43769 2.60574 1.43568
2.33782 1.60103 3.16588 1.43568
2.33782 1.60103 4.5607 9.33634
2.21957 2.27174 4.5607 8.97511
2.21957 2.27174 4.5607 9.80714
2.46831 2.75062 3.92012 9.80714
2.48402 2.75062 3.92012 9.80714
2.48402 3.27245 4.60588 9.589
2.48402 3.27245 4.60588 10.3585
2.48402 2.93419 7.95355 10.3585
2.39226 2.40753 8.13757 10.4155
2.39226 2.48279 8.13757 10.4155
1.3648 2.04523 8.13757 12.257
1.3648 2.04523 7.22831 12.4574
1.2088 2.10588 6.84789 11.1712
1.2088 2.10588 6.00754 10.1179
0.721621 2.05203 3.24952 10.1179
0.904121 2.05203 3.24952 9.98802
0.904121 1.74496 5.68168 9.98802
0.904121 1.74496 6.23898 9.98802
1.29882 1.85102 6.23898 9.23338
1.29882 1.41394 3.40579 9.75911
1.95484 1.77375 5.28416 9.75911
1.95484 1.77375 5.55939 9.75911
1.46248 1.77375 2.87223 8.87437
1.46829 1.86353 2.87223 9.02307
2.148 1.86353 2.87223 9.02307
2.148 1.86353 2.87223 9.02307
1.97741 1.51861 2.10411 6.0267
1.97741 1.77394 2.10411 3.54965
2.29069 1.77394 2.10411 4.34501
2.3849 2.16055 3.89553 4.34501
2.3849 2.16055 3.85847 4.34501
2.71726 1.72827 4.53861 4.34501
2.97463 1.70574 4.53861 4.34501
2.22245 1.93847 3.7713 5.52783
2.53805 1.93847 3.7713 5.52783
2.88272 2.56574 4.22955 4.01453
3.1248 2.7532 4.22955 5.48026
2.45308 2.7532 5.211 5.48026
2.45308 2.95683 5.211 3.03623
2.0176 2.95683 5.7312 3.03623
2.0176 3.41914 5.7312 3.60846
2.08884 2.90125 5.7312 4.73225
1.56294 2.90125 5.7312 4.62973
1.62217 2.90125 5.7312 4.62973
1.62217 3.2163 7.17802 4.62973
2.08296 3.27044 8.85474 4.37753
2.20576 3.19183 7.36433 4.37753
1.33925 3.19183 7.36433 5.46555
1.33925 1.3831 5.09045 4.90175
1.1925 1.3831 6.98718 4.90175
0.856092 0.475945 6.98718 6.02492
0.895692 0.475945 6.98718 4.7771
0.895692 0.475945 6.98718 4.7771
0.895692 0.475945 6.98718 3.38163
0.895692 0.653387 5.28745 2.75587
0.895692 1.04455 7.77603 2.75587
1.96361 1.04455 7.77603 2.75587
1.96361 1.04987 7.77603 1.28822
1.92723 1.46561 6.28452 1.28822
1.3668 1.46561 6.28452 1.28822
1.82482 1.87027 4.87926 1.28822
1.30286 2.24766 5.04586 1.28822
1.30286 1.00821 6.70974 1.28822
1.30168 1.12823 5.64112 2.19938
1.04755 1.12823 5.64112 2.19938
1.04755 1.12823 5.10185 2.19938
1.04755 2.1061 4.69765 2.19938
0.723506 2.21992 4.31013 2.19938
0.402905 2.49768 2.404 3.66571
0.402905 2.31308 3.39477 3.66571
0.402905 2.0282 3.39477 3.66571
0.402905 2.19506 5.69017 2.58623
0.319427 2.19506 3.73521 3.54454
0.319427 1.53906 3.91668 1.56797
0.319427 0.760299 3.91668 1.56797
0.319427 0.760299 4.58196 4.39951
0.941973 0.760299 4.91372 4.39951
0.941973 0.760299 4.91372 4.39951
0.941973 0.39419 4.91372 4.39951
0.941973 0.39419 5.90428 3.74258
1.14861 0.39419 5.99221 3.74258
1.14861 0.39419 7.38685 3.74258
1.14861 0.39419 6.44985 3.74258
1.27788 0.39419 6.44985 3.74258
1.27788 0.734743 6.44985 3.74258
1.27788 1.25944 8.59698 3.74258
1.27788 0.975763 9.44763 2.73146
1.21965 0.975763 8.45552 2.73146
1.51842 0.975763 8.45552 2.73146
2.00593 0.975763 7.29693 2.07582
2.00593 0.379477 6.37876 2.07582
2.76096 0.379477 7.68054 3.15249
2.81088 0.520401 7.36023 3.23908
2.53045 0.520401 7.36023 3.23908
2.53045 0.808692 7.58595 3.23908
2.39468 0.710547 6.92871 3.23908
2.39468 0.710547 6.92871 3.23908
2.1124 0.710547 6.92871 4.56621
2.22292 0.710547 5.75373 4.56621
2.22292 0.710547 5.75373 4.56621
2.22292 0.710547 5.41109 5.24
2.2052 0.710547 5.41109 5.24
1.24745 0.710547 5.41109 5.24
1.64385 0.892175 5.41109 5.84343
1.64385 0.904253 5.41109 8.37564
1.28159 0.904253 7.15401 8.37564
1.28159 0.904253 6.73818 5.61619
1.28159 0.904253 6.73818 5.61619
1.28159 0.904253 6.73818 5.61619
0.648617 0.638679 6.73818 5.61619
0.648617 1.20603 5.79032 5.61619
0.648617 1.68554 2.81613 5.61619
0.648617 1.45697 3.5737 5.61619
1.58596 0.662124 3.5737 5.92962
1.81946 0.810466 3.57576 4.56439
1.81946 0.810466 5.13111 4.56439
1.03134 1.76204 4.59383 4.56439
0.47375 1.76204 4.59383 4.56439
0.47375 1.76357 4.59383 4.29063
0.47375 1.82882 4.40978 3.97898
0.47375 1.10284 4.86535 3.97898
0.47375 1.00551 4.86535 3.97898
0.47375 0.968237 4.86535 3.85735
1.43208 0.968237 5.08806 5.67516
0.939582 0.593976 8.14142 5.67516
0.939582 0.343428 8.14142 4.25569
1.22489 0.343428 8.14142 5.92963
0.568598 0.343428 8.14142 5.92963
1.04498 0.343428 7.52598 6.25935
1.04498 0.343428 5.4293 6.25935
1.04498 0.343428 7.04291 6.25935
1.44121 0.343428 7.04291 6.53947
1.74985 0.343428 7.04291 5.53282
1.7851 0.343428 5.85899 5.18958
1.7851 0.343428 5.85899 5.18958
1.31137 0.302658 5.85899 4.93369
1.15735 0.302658 5.85899 4.93369
1.15735 0.302658 5.77962 4.93369
1.79453 1.30285 5.77962 4.93369
1.7985 1.30285 6.17603 4.93369
1.5003 1.30285 7.27975 4.93369
1.97897 1.07609 7.27975 4.93369
1.97897 1.07609 7.27975 4.6196
1.51993 0.759524 7.27975 3.76186
1.51993 0.759524 7.27975 5.15731
0.930101 0.759524 7.27975 4.91325
0.503931 0.759524 8 5.85326
0.503931 0.741568 9.34263 5.85326
0.687466 0.741568 9.52215 5.85326
0.687466 1.67168 9.52215 5.85326
0.687466 0.764331 9.52215 5.85326
0.687466 1.45675 9.13767 7.1766
0.779786 1.45675 9.13767 8.43991
0.864607 0.780286 9.13767 5.92955
0.864607 0.780286 9.13767 5.92955
0.864607 0.623007 8.64537 5.92955
0.864607 0.623007 8.64537 5.68678
0.864607 0.623007 6.8017 5.791
0.864607 0.697072 6.8017 6.39413
0.208325 0.509199 6.11059 6.39413
0.208325 0.509199 5.24357 7.92626
0.208325 0.879426 5.24357 7.92626
0.208325 0.879426 7.07718 7.73469
0.208325 0.662632 7.07718 7.73469
0.208325 0.662632 9.1997 7.73469
0.208325 0.662632 6.52837 6.65187
0.208325 0.662632 5.47126 6.65187
0.208325 1.06041 5.47126 6.65187
0.208325 1.06041 5.47126 6.65187
0.208325 0.811774 4.25367 6.9852
0.65525 0.811774 4.25367 6.9852
0.65525 1.86798 5.61038 6.64381
0.396391 2.1477 4.65633 5.94487
1.11749 1.70262 4.65633 5.94487
1.71937 1.70262 6.59424 5.94487
1.71937 2.81029 4.4304 5.94487
1.71937 3.02611 4.4304 6.78339
1.71937 2.97839 4.60391 6.78339
1.71937 2.7824 4.60391 7.90083
1.71937 2.0277 5.24537 5.83052
1.71937 2.0277 4.22033 6.85472
0.711013 2.0277 4.22033 6.85472
0.711013 2.0277 4.22033 6.85472
1.19735 2.0277 1.76565 5.46419
1.25221 2.07539 2.23621 5.46419
1.03671 1.14044 2.23621 2.86673
1.46284 2.12254 1.24421 3.8035
1.01271 2.12254 1.24421 4.28526
0.618182 2.16809 3.81329 5.28652
0.618182 1.71534 3.81329 5.28652
0.618182 1.71534 3.81329 5.28652
0.618182 0.94958 3.81329 3.97123
0.618182 0.936746 3.81329 5.42482
0.767527 0.936746 3.99425 7.78512
0.767527 1.08781 6.72189 7.78512
0.767527 1.09568 6.72189 7.78512
1.62473 1.18626 6.72189 7.78512
1.62473 1.18626 6.12058 7.78512
1.62473 1.18626 4.96454 4.34751
1.4931 1.18626 4.96454 5.31641
1.47956 1.18626 4.64135 4.02851
1.47956 1.3567 4.68355 1.11714
1.47956 1.3567 3.60087 1.77562
1.4034 1.3567 3.60087 0.842305
0.66439 1.02736 3.60087 0.842305
0.655805 1.02736 3.60087 0.741255
0.465201 1.02736 3.60087 0.741255
0.465201 1.02736 3.60087 0.741255
0.465201 1.13068 3.60087 2.94395
1.47555 1.50554 3.32471 2.94395
1.47555 1.50554 3.32471 3.64718
1.85354 1.35202 6.04592 4.24596
1.85354 1.41369 4.43444 4.24596
1.15852 1.04049 6.51372 4.34986
1.76408 1.04049 6.51372 4.34986
1.76408 1.29613 6.51372 4.36756
1.37374 1.29613 6.51372 4.36756
1.37374 1.29613 6.73888 4.36756
1.37374 1.26643 6.85284 4.36756
1.37374 1.24192 8.48773 2.58071
1.37374 1.24192 8.48773 2.58071
2.07002 1.24189 9.69988 2.58071
2.07002 1.20889 9.68439 1.55816
2.09237 1.20889 9.68439 4.23704
2.5419 1.20889 9.21911 1.66618
1.97923 1.54333 11.8904 1.66618
1.2248 1.54333 11.4083 3.66623
1.2248 1.54333 11.4083 5.41903
1.70763 1.54333 11.4083 5.23992
2.21413 1.24564 11.4083 5.23992
2.21413 1.24564 11.5359 5.23992
1.80126 1.3245 11.7015 4.83137
1.80126 1.99139 10.2116 5.05688
1.11458 1.96779 9.54093 3.76104
1.11458 1.3931 9.54093 3.76104
1.11458 0.762351 9.54093 3.76104
1.11458 0.762351 9.54093 3.76104
1.11458 1.27324 8.34359 3.76104
1.31038 1.27324 8.34359 5.7991
1.31038 1.27324 8.34359 4.80781
1.31038 1.43547 8.34359 4.80781
1.18673 1.85065 8.33726 4.80781
1.2816 1.87167 8.33726 4.80781
0.999146 1.98974 8.33726 4.80781
0.999146 1.95905 6.39778 4.80781
0.880934 1.95905 6.39778 3.98357
1.46898 1.67884 10.1204 3.98357
2.2217 1.37383 8.9247 6.13174
2.64846 1.2317 6.51258 4.65047
2.64846 1.2317 7.03162 4.65047
1.81391 2.11584 4.76925 4.65047
2.30077 2.27085 4.76925 4.65047
2.08412 2.052 4.76925 7.56691
2.08412 2.0345 4.76925 7.56691
3.17065 2.10847 5.23614 7.56691
3.17065 2.10847 5.23614 7.56691
3.65429 2.10847 2.82086 7.59212
3.65429 2.10436 2.82086 7.59212
3.65429 2.02371 2.82086 6.04272
3.65429 1.31969 2.82086 5.4863
3.82087 1.31969 2.82086 5.4863
2.9679 2.57918 2.82086 8.21241
2.92156 2.57918 2.82086 7.66177
2.80364 3.25648 2.82086 9.76221
2.79645 3.25648 6.49178 7.88036
2.71527 3.25648 6.49178 7.88036
2.26305 3.25648 6.49178 7.50186
1.73863 3.25648 5.43518 4.06133
1.73863 2.46701 5.43518 2.86329
1.84343 2.46701 6.05785 3.3741
1.58682 2.46701 7.01624 3.3741
1.40451 2.46701 9.74599 3.3741
0.666545 2.46701 7.82946 3.3741
0.666545 2.46701 7.82946 3.3741
0.66774 2.15005 5.68357 3.3741
0.66774 2.15005 5.68357 7.66426
0.66774 2.89567 5.11471 8.34375
0.66774 3.12307 5.11471 6.18415
0.66774 3.26088 5.11471 6.18415
0.66774 3.26088 7.76069 6.18415
0.954428 3.26088 7.76069 6.1394
0.954428 3.26088 7.76069 6.38412
0.954428 3.15025 6.66788 3.40587
0.954428 4.65275 4.664 3.40587
0.954428 4.00326 4.664 4.21106
0.967539 5.93968 4.60169 4.21106
0.967539 5.93968 4.60169 4.21106
0.967539 4.60686 4.20401 4.56228
0.967539 4.49791 4.87465 4.56228
0.967539 4.44665 6.13805 3.81625
1.03151 3.5354 6.46715 3.32263
0.88625 4.62522 4.04075 3.32263
0.88625 4.62522 4.04075 3.32263
0.88625 4.32741 4.04075 1.13796
1.06564 4.43798 4.78192 2.34737
0.357785 4.43798 5.56502 2.34737
0.357785 4.98638 5.56502 5.42366
0.357785 4.98638 2.62841 4.84448
0.734498 4.16707 2.62841 4.84448
0.734498 4.16707 1.76 4.84448
0.734498 4.80111 1.76 4.84448
1.43164 4.80111 1.76 6.29476
1.43164 4.86913 3.22879 5.35705
1.83781 5.837 3.22879 5.35705
1.83781 4.2971 3.22879 5.34446
1.83781 4.2971 4.1373 6.59353
1.83781 3.85885 3.23369 6.74443
1.83781 3.85885 3.23369 6.74443
1.84338 3.85885 3.23369 6.74443
0.919755 3.99657 3.23369 7.69332
0.919755 3.99657 3.23369 7.37217
0.919755 4.3425 3.23369 7.37217
0.919755 4.63188 3.23369 7.37217
0.919755 4.63188 3.23369 3.68683
0.919755 4.63188 3.23369 2.2335
0.919755 4.63188 3.23369 2.2335
1.1875 3.88544 3.23369 1.72257
1.1875 3.70437 3.23369 3.4252
0.774851 3.31355 3.23369 4.43637
0.561155 3.19308 3.23369 4.40917
1.32691 3.19308 3.23369 4.40917
1.32691 1.80327 3.23369 4.40917
1.78711 1.83877 5.03047 6.13218
1.08294 2.05306 3.1252 6.13218
1.08294 1.35027 3.1252 6.13218
0.925122 1.35027 3.1252 3.18828
1.19856 1.35027 2.89612 4.68008
1.19856 1.35027 2.89612 4.68008
1.19856 1.35027 3.09047 4.68008
1.19856 1.35027 3.99449 5.23547
1.66596 1.22878 5.8111 5.23547
1.66596 1.27427 7.01802 5.68397
1.66596 1.50972 7.14738 5.38844
1.42775 1.50972 7.14738 5.38844
1.42775 1.50972 7.46842 5.39049
1.88196 1.49282 5.00115 5.39049
1.88196 1.49282 4.77705 5.90966
1.88196 1.14726 4.77705 5.88475
1.88196 1.05164 4.77705 5.88475
1.38421 1.05164 5.32167 7.4144
1.38421 1.05164 5.32167 6.68428
0.84712 1.81696 5.32167 6.68428
0.642275 1.34743 7.27602 4.7774
0.834226 1.34743 4.57078 4.7774
0.834226 1.17144 4.57078 4.7774
1.64039 0.881785 2.14113 4.7774
2.17907 1.31457 2.14113 4.7774
1.24098 2.12138 2.14113 7.23906
1.5136 2.12138 2.14113 7.46887
1.07963 2.77686 2.14113 7.46887
1.72273 2.77686 2.14113 7.66558
2.50144 2.56175 5.87234 7.66558
2.50473 3.54768 5.87234 10.0061
2.4816 3.54768 3.41294 12.1179
2.26215 3.6143 3.41294 9.96586
2.26215 3.6143 4.25703 7.94804
2.26215 3.83215 4.69085 7.94804
1.15692 3.88673 4.32045 8.90652
1.87578 3.88673 3.83881 6.86896
3.02832 3.88673 3.25687 9.06894
2.77621 2.84105 3.25687 9.06894
2.77621 2.84105 4.60629 9.06894
1.90123 2.84105 5.73473 8.87649
2.26699 2.21628 3.1615 7.32383
2.26699 2.04611 3.1615 7.79119
3.09648 1.04329 3.1615 7.79119
2.99392 1.04329 3.1615 7.79119
2.1839 1.43363 3.1615 6.84556
2.62748 1.43363 3.25857 7.62687
2.66991 2.01529 3.25857 7.62687
2.66991 1.13161 3.25857 5.95896
2.66991 1.13161 1.70096 4.31124
2.33402 0.513511 2.49906 4.31124
2.33402 0.513511 2.49906 2.87487
1.45069 0.513511 1.8794 2.06846
1.80966 1.85151 1.8794 2.06846
0.94898 1.78257 3.20592 2.63224
0.94898 1.78257 5.04453 2.63224
1.1697 1.97187 5.04453 2.63224
1.1697 2.52585 6.54084 2.63224
1.1697 2.52585 5.91351 2.63224
1.45036 2.52585 5.41742 2.41602
1.45367 2.52585 5.41742 4.18021
1.45367 2.62571 4.80804 4.64219
1.45367 2.62571 4.00891 4.64219
2.15051 1.54164 4.00891 4.64219
2.15051 1.22289 2.98793 4.13668
2.01457 1.33409 2.68459 4.3853
2.01457 2.45389 2.68459 4.3853
2.68801 3.09167 4.42077 4.3853
2.36932 2.66839 5.44577 4.3853
2.36932 1.65911 5.44577 3.59839
2.36932 1.00773 7.20155 5.01602
2.36932 1.00773 5.30107 5.01602
2.36932 0.84138 5.30107 2.7487
2.36932 0.84138 4.7676 2.7487
2.93664 0.84138 4.7676 2.7487
2.93664 0.84138 5.3375 2.7487
2.93664 0.966456 6.02503 2.7487
2.93664 0.966456 6.10943 2.92559
2.93664 0.666717 6.10943 2.92559
2.80763 0.666717 6.10943 3.28588
2.80763 0.912063 6.10943 5.69616
2.49654 1.0036 6.10943 5.69616
2.49654 1.3781 5.31477 6.86673
1.85964 1.3781 2.33265 6.86673
1.85964 1.48489 2.33265 6.86673
0.595508 1.29531 2.33265 4.99176
1.49041 1.29531 2.33265 5.07982
1.58172 1.29531 2.33265 5.07982
1.6336 1.19141 2.33265 7.41469
1.51193 1.63828 2.33265 7.41469
1.51193 1.63828 2.33265 7.41469
1.51193 1.63828 2.33265 7.41469
1.47309 1.83154 2.33265 4.69674
1.47309 1.83154 2.33265 4.69674
0.822833 2.08633 2.76352 5.91939
1.05258 1.16277 2.76352 5.56868
1.05258 0.566454 2.76352 5.56868
1.56302 0.713812 2.66991 5.56868
1.56302 0.713812 2.66991 5.11605
1.78296 1.23888 2.66991 5.11605
2.09832 1.23888 4.70121 5.11605
2.09832 1.23888 2.79815 5.11605
2.02741 1.44068 2.79815 5.11605
2.02741 1.26433 2.79815 5.11605
2.34256 1.12855 2.79815 5.11605
1.74249 1.12855 3.07466 5.11605
1.74249 1.12855 3.07466 3.95796
2.30592 0.854053 3.96748 3.95796
1.73379 0.817857 1.00714 5.00108
1.27225 0.817857 1.00714 6.92842
1.85208 0.940372 4.10377 6.01439
2.82229 0.940372 3.82533 6.01439
3.6176 0.940372 3.82533 6.01439
3.6176 0.940372 3.82533 5.98346
3.70837 0.940372 3.82533 6.92205
3.69057 1.05801 3.82533 7.12866
3.69057 1.59995 4.99713 8.51872
4.77976 1.59995 4.48301 8.51872
4.28718 1.59995 4.48301 7.73133
4.04719 2.35516 4.48301 7.73133
3.78754 3.33422 4.48301 7.73133
2.97705 3.25265 4.48301 5.0559
2.97705 3.04484 6.43088 2.24628
2.97705 2.38087 5.54372 2.24628
2.97705 2.18194 5.58287 2.24628
3.18634 1.58412 3.12365 3.31028
3.18634 1.84632 3.36028 3.31028
2.12789 1.84632 3.36028 3.89554
2.12789 1.84632 3.36028 3.89554
1.2248 2.21147 4.23745 4.49869
1.22118 2.21147 4.23745 4.49869
0.806182 2.21147 4.23745 4.49869
0.806182 1.54057 4.23745 4.49869
0.806182 1.54057 4.23745 3.9986
0.806182 0.609805 3.544 4.47801
0.723331 0.923351 4.05422 4.47801
0.723331 0.79197 2.97805 4.62172
0.723331 0.79197 1.16681 1.38837
0.723331 0.305357 4.56603 4.49267
0.723331 0.305357 6.9901 5.58414
0.838742 0.305357 6.23593 5.58414
1.19065 0.305357 7.1607 5.58414
1.19065 0.305357 7.1607 5.58414
1.19065 0.27245 5.66713 6.33611
1.23338 0.27245 5.7078 4.39758
1.23338 0.625848 5.7078 3.43332
0.912255 0.625848 5.7078 5.4703
1.38239 0.625848 5.7078 5.4703
1.38239 0.625848 5.7078 5.4703
1.38239 0.625848 7.09849 5.4703
1.38239 0.625848 3.94464 4.94233
1.38239 0.585607 3.86138 5.48357
1.38239 1.38248 4.08296 5.81181
1.38239 1.38248 2.78693 6.25498
1.51321 1.57579 4.04162 4.00889
1.01538 1.38054 4.04162 2.94912
1.01538 1.38054 6.56194 2.94912
1.01538 1.03927 3.94147 3.00311
1.01538 1.0416 3.94147 3.00311
0.448469 1.0416 3.94147 4.79962
0.448469 1.0416 6.00891 2.56391
0.448469 0.949375 6.00891 2.6152
0.764692 1.27002 5.07785 2.6152
0.764692 1.13562 3.86042 2.6152
0.764692 0.887313 3.86042 4.53064
0.764692 0.581858 2.67095 5.053
0.76382 0.581858 2.67095 6.30653
0.76382 1.95803 4.16878 5.97228
1.09705 1.95891 5.19109 5.97228
0.796697 1.66334 5.19109 5.97228
0.549354 1.66334 5.19109 5.97228
0.765531 1.57165 2.03163 7.06612
0.765531 1.57165 2.03163 7.06612
0.765531 1.67935 2.03163 6.37553
0.765531 1.82674 2.03163 7.55726
0.765531 0.967256 2.03163 7.20271
1.13756 0.41927 2.03163 6.35229
1.02916 0.42107 4.01534 2.37644
0.748455 0.42107 3.26332 2.35018
0.748455 0.42107 2.82209 2.35018
0.748455 0.42107 2.27336 2.79444
0.748455 0.42107 3.77722 3.17002
0.748455 0.42107 4.99278 3.23489
0.748455 0.348348 5.60611 4.50534
0.441598 1.09723 5.60611 6.42646
0.441598 0.339384 5.60611 6.42646
0.441598 0.345994 5.66499 6.42646
0.744322 0.345994 5.66499 6.79511
0.744322 0.509091 7.01301 6.057
0.239003 0.509091 7.01301 6.057
0.239003 0.975658 7.01301 6.057
0.54838 0.934076 10.1946 6.057
0.54838 0.774085 10.1946 6.057
0.54838 0.774085 9.02548 4.73445
0.664127 1.4232 9.02548 4.73445
1.02189 1.4232 7.40522 4.73445
1.02189 1.4232 7.40522 4.42977
1.05229 1.40472 6.97056 4.42977
1.16846 1.04742 5.68387 4.42977
1.16846 0.400434 5.68387 6.09988
1.76956 0.400434 5.68387 6.09988
1.52268 1.68029 5.95485 6.09988
1.52268 1.68029 6.32775 6.09988
2.08588 1.68029 6.32775 4.14306
2.64149 1.65982 6.32775 3.04874
2.19012 1.65982 6.32775 3.04874
2.19012 1.65982 6.32775 3.04874
1.88093 1.28434 7.97225 3.04874
1.88093 1.98882 7.21286 2.92528
1.88093 1.98882 6.00593 2.92528
1.32361 1.98882 5.03367 2.92528
1.32361 1.98882 5.03367 5.08123
0.789561 0.874411 5.03367 6.13596
1.90291 0.73712 5.03367 5.58509
1.90291 0.73712 2.96668 6.75688
1.34801 0.252274 4.43216 5.86137
1.34801 1.06033 4.9523 4.8097
0.244254 0.794428 4.9523 4.8097
0.244254 1.47415 4.9523 4.86787
0.244254 1.47415 4.9523 2.67013
0.244254 1.47415 2.64 2.67013
0.804273 1.47415 2.64 2.67013
0.804273 1.47415 2.64 2.67013
0.804273 1.47415 2.64 2.67013
0.495529 1.09442 2.64 2.67013
0.495529 1.09442 2.64 2.67013
0.495529 1.09442 2.64 1.01715
0.495529 1.09442 2.64 2.119
0.719344 1.09442 2.64 2.119
0.719344 1.09442 2.64 2.119
0.719344 1.30221 2.64 2.119
0.719344 1.30221 2.64 2.119
0.879545 1.7714 2.64 2.119
1.11624 1.7714 2.64 2.89007
1.11624 1.73349 2.64 5.14688
1.11624 1.48015 2.64 5.74336
1.11624 1.48015 2.64 3.53234
1.11624 1.48015 2.64 7.53514
1.25066 0.835622 2.64 7.53514
1.25066 1.44567 2.64 8.93544
0.793773 1.44567 2.64 9.98466
0.715316 1.44567 2.64 9.98466
0.757617 1.44567 2.64 9.98466
1.53875 1.44567 2.64 7.12538
1.53875 1.44567 2.64 7.12538
1.53875 1.14662 2.64 6.02202
1.53875 1.14662 2.64 4.40956
0.764423 1.02023 2.64 4.4311
0.764423 1.02023 2.64 5.41605
0.764423 1.02023 2.64 5.41605
0.798851 1.18404 2.2078 3.54452
0.798851 1.58589 2.2078 5.1281
0.798851 1.58589 3.03528 7.83578
0.798851 1.58589 1.58054 5.55231
0.798851 1.58589 1.58054 3.75244
1.70913 1.09286 1.58054 3.75244
2.1887 1.09286 2.80497 3.43487
2.1887 1.7778 2.80497 2.16832
2.1887 1.21079 2.80497 2.16832
2.1887 2.02282 4.95479 2.16832
2.1887 2.53205 6.77382 1.36267
2.34935 2.14706 6.77382 1.92773
2.34935 2.14706 6.81666 3.02095
3.591 2.14706 9.43872 4.00816
3.591 2.14706 9.93409 4.70239
3.591 2.14706 7.40563 4.9331
3.69939 2.1247 10.1228 4.9331
3.69939 1.59684 11.9358 4.9331
3.69939 1.53559 11.9358 4.9331
3.16302 1.54528 11.8453 4.9331
2.60999 1.54528 12.5532 5.68237
2.60999 1.67305 12.5532 6.23108
3.42072 1.67305 12.5532 7.28761
3.42072 1.67305 11.1784 7.77749
3.59577 2.41318 11.1784 8.77034
4.05445 2.51112 11.1784 8.77034
3.67534 2.4928 8.9462 10.0987
3.74027 2.4928 10.4313 9.48713
3.38101 2.4928 9.72232 9.89265
3.38101 1.72093 9.98603 8.42184
3.38101 1.80172 9.98603 9.53953
3.03143 2.09179 9.49371 9.53953
2.38118 2.09179 9.49371 6.84436
2.38118 2.09179 10.7819 7.46472
1.75865 2.2863 11.8926 7.46472
1.75865 2.2744 11.8926 7.46472
1.75865 2.2744 10.1136 7.8352
1.75865 2.72294 10.3851 6.63702
1.79544 2.24377 7.28161 6.48385
1.79544 2.24377 7.28161 6.08738
1.79544 1.78463 7.64677 7.8248
1.79544 2.33863 5.8889 7.8248
1.90074 1.90683 5.8889 7.8248
1.77201 1.66813 5.95085 8.38347
1.77201 0.872006 5.95085 8.38347
2.19623 0.872006 5.95085 6.89559
1.39597 0.872006 3.87757 6.89559
1.39597 0.872006 3.87757 6.36317
1.39597 0.872006 3.87757 6.36317
0.915207 0.990167 3.87757 4.18291
0.930504 0.990167 3.87757 4.48101
2.17835 0.99832 3.48835 3.00979
1.72387 0.877157 1.61553 3.00979
1.57267 0.888565 3.35328 2.55478
1.57267 0.888565 5.15046 4.21829
1.66222 1.03019 6.16997 5.12634
2.14132 0.630886 6.16997 5.12634
2.12762 0.630886 3.82936 1.17297
1.84146 0.630886 3.82936 2.3632
2.001 0.491519 4.35544 2.3632
1.76245 0.491519 2.44041 2.53052
1.76245 0.491519 2.44041 2.14164
1.76245 0.491519 1.77465 2.14164
1.76245 0.491519 2.85772 0.724035
1.76245 0.819181 2.85772 3.82656
1.61565 0.663108 2.85772 3.82656
2.03438 0.423617 2.85772 5.88571
2.03438 0.423617 2.85772 5.88571
2.79595 0.423617 2.85772 5.18372
2.79595 0.385579 2.85772 5.18372
2.9592 0.385579 2.85772 5.01113
2.59929 0.564194 2.59204 3.95165
1.94896 0.564194 2.90388 3.95165
1.38895 0.688291 4.40591 5.49014
2.0756 0.688291 3.89157 5.1873
1.37075 0.688291 3.49692 4.66285
1.37075 1.68941 5.37043 4.66285
1.40072 1.68941 5.37043 4.66285
0.918854 1.70823 5.37043 5.70514
0.795588 1.67249 5.09096 6.02623
0.35495 0.752188 5.09096 4.66065
0.849262 0.752188 4.82889 5.13819
0.912518 0.752188 4.82889 5.13819
0.912518 0.752188 5.37513 5.13819
0.895748 0.752188 2.59331 5.13819
0.66706 0.995568 2.59331 5.16926
0.627535 0.995568 4.29151 5.16926
0.627535 2.2631 7.65546 5.16926
0.627535 2.2631 6.59766 5.16926
0.627535 1.86464 4.41237 6.37958
0.627535 1.86464 5.05282 6.37958
1.58299 1.68733 5.05282 7.68447
0.472281 1.66974 5.24808 7.68447
1.14593 1.70417 5.24808 7.68447
1.4353 1.38834 5.84651 7.51152
1.4353 1.38834 5.84651 7.51152
1.79493 1.22606 5.84651 7.51152
1.79493 1.22606 5.0226 8.33203
2.15474 1.22606 1.18002 6.28474
2.32926 1.57027 4.0557 6.28474
2.32926 0.873571 2.58549 6.28474
1.16733 0.676893 2.58549 5.88515
1.23685 0.676893 2.58549 4.23785
0.987617 0.676893 2.58549 4.23785
0.987617 0.676893 2.58549 3.28066
1.10703 0.676893 2.58549 4.37829
1.10703 0.453332 2.58549 4.37829
0.740563 0.453332 1.68429 4.00873
0.740563 0.453332 1.4338 3.63495
0.742401 0.453332 3.04631 3.63495
0.996605 0.594608 2.80904 3.63495
1.02359 1.09957 4.52055 3.63495
1.02359 0.939286 4.52055 3.63495
1.02359 1.45576 4.89421 3.63495
1.02359 0.89033 5.41747 2.97499
0.927831 0.985635 8.06891 2.97499
0.927831 0.985635 8.06891 3.55244
0.430203 0.985635 8.06891 5.74754
0.430203 1.11247 6.28673 5.74754
0.430203 1.11247 8.18405 5.74754
0.430203 1.03698 8.18405 5.74754
0.430203 0.869282 8.18405 5.74754
0.430203 1.20452 8.18405 6.93296
0.499523 1.20452 8.01242 5.98839
0.499523 1.33472 8.01242 4.22389
0.499523 0.610083 8.02477 5.68721
1.45902 0.445616 7.91114 6.32557
1.45902 0.598381 5.84191 5.96099
1.45902 0.598381 5.84191 9.25184
1.45902 0.598381 5.55457 9.25184
1.80798 0.598381 5.55457 9.25184
1.80798 0.408742 7.78664 7.43529
1.80798 0.408742 7.78664 7.43529
1.86153 0.408742 7.78664 6.51797
1.86153 0.408742 7.41717 6.51797
1.90807 1.85957 7.41717 8.70781
1.90807 1.98111 7.41717 9.37824
1.90807 2.07328 6.78915 9.37824
1.90807 2.07328 6.78915 12.8034
1.90807 1.82512 6.78915 9.8833
1.90807 1.21057 6.78915 9.01524
1.90807 1.21057 7.30858 5.17425
1.90807 1.92804 8.69061 5.17425
1.17441 1.81722 8.27746 3.7414
1.17441 1.81722 9.68106 3.11959
1.17441 1.59854 9.68106 3.11959
1.17441 1.59854 8.36208 3.11959
1.77662 1.33208 7.61481 3.11959
1.77662 1.33208 8.27621 3.11959
2.20831 0.769791 9.85068 3.11959
2.19786 0.817491 10.8172 2.43845
2.31808 0.817491 12.1644 1.93842
1.902 0.817491 10.7369 1.93842
1.902 0.817491 10.8501 1.93842
2.17418 0.817491 7.50716 4.17886
2.36456 0.870412 7.68766 6.1446
0.984395 1.27849 7.68766 6.56177
1.17962 1.28948 7.68766 6.56177
0.671954 1.98033 7.68766 6.56177
0.958821 1.98033 7.68766 7.12241
0.958821 2.05222 7.00665 7.12241
0.802743 2.05222 9.33297 5.96984
0.982816 2.05222 9.33297 6.69578
0.982816 2.05222 9.33297 8.68467
1.35612 1.13688 8.08342 7.04398
1.0405 1.13688 8.08342 4.83966
1.0405 1.21914 8.18081 4.0064
1.13399 1.08991 10.7211 5.35733
0.786037 1.08991 9.59093 6.23819
0.786037 1.08991 9.59093 5.69845
0.786037 0.609048 6.80938 5.69845
1.55746 0.609048 5.49615 5.69845
0.790092 0.609048 7.59462 5.69845
0.790092 0.609048 7.59462 5.69845
0.957378 0.609048 6.54859 4.60541
0.957378 0.680225 7.04851 6.30632
1.70734 0.680225 7.04851 8.59506
2.6611 0.680225 6.3094 9.67873
2.6611 1.20714 5.28598 8.96055
2.15989 1.20714 4.04598 8.96055
2.05826 1.19378 4.42949 8.674
2.59624 1.17409 4.32813 8.27865
2.53208 1.18123 4.97239 6.52424
2.07239 1.18123 6.74062 5.88964
2.07239 1.18123 6.74062 3.6703
2.04605 1.94174 6.1073 5.22325
1.69854 1.94174 4.25703 5.22325
1.69854 1.94174 4.25703 6.22313
1.96754 1.94174 3.74088 2.79525
1.96754 1.94174 3.74088 2.79525
1.99218 1.55821 2.48722 4.50559
2.26113 1.55821 2.48722 4.50559
2.95292 1.55199 2.48722 4.50559
2.95292 1.55199 3.34921 3.944
2.95292 0.544592 2.55997 7.1515
2.82897 0.544592 2.55997 7.1515
2.82897 0.544666 2.55997 7.1515
2.82897 0.606839 3.69177 4.65686
3.08869 0.606839 3.69177 8.732
2.0137 0.820995 3.69177 8.72285
0.774629 1.52545 3.46374 8.30924
0.774629 1.52545 3.46374 8.30924
0.831755 1.34578 5.48656 5.50734
0.681866 1.34578 4.9504 5.50734
0.927412 1.34578 4.9504 6.48817
0.927412 1.34578 4.9504 7.14772
0.927412 1.34578 4.6484 6.83938
0.927412 1.63933 3.33041 6.83938
0.927412 1.63933 3.33041 6.77723
1.64599 1.63933 3.33041 6.77723
1.21031 0.210438 3.14528 6.77723
0.48581 0.959786 3.14528 6.77723
0.48581 0.959786 3.14528 6.77723
0.48581 0.959786 4.18912 6.77723
0.48581 0.636956 4.18912 8.01023
0.48581 0.636956 4.18912 7.91832
0.920604 1.38379 2.33557 7.91832
0.920604 1.38379 2.33557 7.91832
1.76794 1.38379 2.33557 10.8208
1.76794 1.38379 2.33557 9.29361
1.73489 1.33749 2.33557 9.29361
1.19615 1.33749 3.8357 9.29361
1.19615 1.041 3.8357 8.55887
1.38474 1.041 3.8357 5.91915
1.38474 0.931351 2.76676 8.74672
1.6708 0.931351 2.76676 8.89801
1.6708 0.741771 2.7831 8.89801
1.7921 0.741771 5.43118 9.1119
1.7921 0.741771 5.43118 8.78227
2.26679 0.741771 5.43118 8.78227
2.37269 0.741771 3.7404 7.5768
2.37269 1.22021 3.7404 8.45562
2.37269 1.10489 3.7404 8.45562
2.15956 1.28512 3.7404 7.11597
2.15956 1.28512 3.7404 7.11597
1.17335 1.26456 3.7404 8.0762
1.17335 1.05865 5.37688 6.86538
1.17335 1.06094 7.06471 7.84498
1.39449 1.99594 7.06471 7.14381
1.39449 2.02486 7.92382 7.92925
1.39449 2.24775 7.92382 8.63354
1.39449 1.96977 7.92382 8.51129
1.39449 2.06643 7.92382 6.99296
1.39449 0.460724 7.92382 7.48319
2.08736 0.460724 7.28288 9.87473
2.08736 0.460724 7.28288 10.1122
2.08736 0.460724 7.28288 10.1122
0.669134 0.460724 5.69132 10.6041
1.29073 0.460724 5.69132 10.6041
1.29073 0.460724 5.69132 11.0973
1.70116 0.460724 6.26619 11.0973
1.78343 0.359082 6.26619 10.5
1.78343 0.359082 6.26619 10.7336
1.78343 0.359082 6.26619 10.9444
1.86392 1.01914 4.85756 12.1453
0.831976 1.50154 4.85756 12.8691
0.831976 0.997066 3.65341 11.4792
1.09976 0.752196 3.65341 9.87422
1.09976 0.752196 2.95816 9.87422
1.09976 0.752196 2.95816 9.02734
1.2892 0.752196 2.95816 8.60121
0.437739 1.8504 2.95816 6.62831
0.303488 1.04774 1.39627 6.62831
0.303488 1.17334 4.06503 6.62831
0.303488 1.17334 4.06503 6.62831
0.303488 1.72569 1.31556 6.62831
0.303488 1.72569 2.42572 6.62831
0.838979 2.31404 2.42572 5.66391
0.838979 2.31404 2.42572 5.66391
0.838979 2.62463 2.42572 5.5924
1.72761 3.53396 3.0964 5.77026
1.39673 3.53396 3.0964 5.36449
0.958689 3.21308 5.42002 5.36449
0.958689 2.57116 5.42002 5.36449
0.958689 2.57116 5.42002 4.65301
1.01282 1.06356 5.42002 4.65301
0.384239 1.06356 6.71475 2.92398
0.384239 1.06356 4.10404 3.76916
0.384239 1.73174 4.00874 3.76916
0.384239 1.45898 4.97993 3.76916
0.384239 1.45898 3.79481 5.57368
0.384239 1.45898 5.97436 10.097
0.384239 1.86716 5.97436 12.5733
0.384239 1.86716 5.43744 10.4077
1.16444 1.80958 5.43744 10.4077
1.07515 1.80958 5.43744 10.69
1.07515 1.80958 6.78107 9.33507
1.53417 2.44655 6.78107 9.33507
1.53417 1.63696 6.91552 9.33507
1.53417 1.56978 4.99667 9.33507
1.27522 1.56978 6.22182 9.33507
1.27522 1.32546 6.22182 9.65932
1.27522 1.49404 7.17137 9.24262
1.64721 1.16577 7.42252 11.3781
1.99702 1.76151 9.86035 11.1599
2.0565 1.91124 10.69 11.3118
2.46887 1.91124 10.69 10.4919
1.80648 2.11125 10.69 8.36995
1.80648 1.58145 10.2783 8.36995
1.8439 1.58145 8.16129 6.5871
1.06633 1.58145 8.16129 4.65746
1.06633 1.58145 8.16129 4.65746
1.06633 1.58145 8.16129 4.81809
0.620067 2.06023 8.16129 4.81809
0.620067 2.55854 8.65079 4.03265
1.40294 2.55854 6.61902 4.03265
1.40294 2.08559 8.22617 4.03265
1.40294 2.14914 8.22617 4.03265
0.932259 2.23408 8.22617 4.11488
0.932259 2.23408 8.22617 4.94916
0.932259 2.23408 7.76723 4.94916
0.751364 2.42144 7.76723 4.94916
0.751364 1.12571 7.76723 5.89322
1.07214 1.12571 5.70026 5.89322
1.07214 1.19911 5.70026 5.89322
1.07214 1.19911 3.58104 5.89322
1.07214 1.19911 3.58104 5.29517
1.07214 1.19911 4.43775 5.82426
1.07214 0.727855 4.43775 4.87131
1.96807 0.727855 7.37978 6.37081
1.96807 0.641974 6.05035 6.37081
1.88497 0.641974 6.05035 5.74282
1.54818 0.484513 7.55686 4.95726
1.64081 0.780977 6.58778 4.95726
1.90917 0.70754 4.4364 4.95726
1.90917 0.70754 4.4364 4.95726
1.63589 0.70754 4.4364 6.43959
1.63589 1.41726 4.4364 6.43959
1.63589 0.988794 4.4364 6.83134
0.796787 1.07606 4.4364 6.83134
1.19849 1.11517 6.87268 5.23757
1.19849 1.11517 3.79019 3.90582
1.20122 1.11517 5.81216 5.75525
1.20122 1.11517 4.20795 5.75525
1.20122 1.11517 6.06303 5.75525
1.20122 1.11517 9.53133 5.75525
1.20122 0.707294 6.05082 7.05358
1.20122 0.580535 6.05082 6.08291
0.676477 0.791416 8.29866 3.73855
0.903169 0.791416 8.29866 4.64937
0.989722 0.815634 4.65565 4.64937
0.989722 0.815634 4.65565 4.64937
1.67854 0.815634 6.38371 4.64937
2.34447 0.815634 6.38371 4.64937
1.69283 0.815634 7.50717 4.64937
1.69283 0.815634 7.50717 4.36521
2.10222 0.815634 7.50717 4.99707
2.10222 1.01858 7.5203 4.99707
2.25048 1.01858 7.5203 4.99707
2.01381 1.01858 7.5203 4.99707
1.48809 1.01858 7.80699 4.99707
1.99295 1.01858 7.80699 3.71748
1.87518 1.2509 7.80699 3.71748
2.12801 1.2509 7.80699 3.71748
2.12801 1.4968 10.4348 3.71748
1.81942 1.63955 10.4348 3.71748
1.47041 1.674 10.7613 3.71748
1.47041 1.55859 8.98364 4.04139
1.47041 2.44491 7.78084 4.15751
1.5451 2.41147 6.21886 4.73137
0.646471 2.41147 5.17733 4.73137
0.646471 2.06824 5.17733 4.73137
1.59191 1.11199 5.80321 5.49955
1.59995 0.846581 5.95618 5.49955
1.59995 0.846581 5.95618 6.36022
1.59995 0.65342 5.95618 6.36022
1.59995 0.65342 5.17092 4.52209
2.53238 0.65342 5.95124 6.48061
2.41169 0.65342 6.74045 6.48061
1.6314 0.65342 6.74045 6.58558
1.6314 0.65342 6.22609 9.24959
1.6314 0.943922 6.1981 11.0174
1.6314 0.943922 4.395 13.233
0.704984 0.943922 3.01161 12.5177
0.803587 0.943922 3.01161 8.97885
0.803587 0.740118 3.01161 8.69498
0.803587 0.548024 3.01161 7.71532
0.803587 0.548024 1.91166 5.93773
1.55834 0.445603 3.88412 7.04865
1.50995 1.5202 3.88412 7.04865
1.23599 1.5202 2.17687 7.04865
1.23599 1.60851 1.58431 5.61977
1.23599 0.483421 2.2296 6.72691
0.842684 0.848944 3.22611 7.76413
1.21616 0.608567 3.50289 7.56813
1.21616 0.389255 3.36007 5.51383
1.21616 0.389255 3.36007 5.60695
0.723787 0.389255 3.36007 4.51181
0.663041 0.389255 2.14305 4.13277
0.663041 0.389255 2.14305 4.13277
0.663041 0.389255 2.93743 4.13277
0.663041 0.389255 0.406338 4.13277
0.663041 0.522615 0.406338 4.13277
0.974657 0.522615 2.12084 4.13277
0.800956 0.522615 2.12084 3.89274
0.880746 0.522615 1.9015 3.89274
1.15012 0.522615 4.15108 3.89274
1.00131 0.522615 4.15108 3.89274
0.860529 0.848458 8.15333 4.30948
0.860529 0.848458 7.78264 5.10221
0.860529 0.92119 7.78264 5.10221
0.523183 1.18578 7.50767 5.10221
0.523183 1.13973 7.50767 4.91505
0.523183 1.13973 7.70705 4.28336
0.523183 1.13973 7.93635 1.73382
0.523183 1.13973 9.77108 1.73382
0.523183 1.2036 9.77108 1.73382
0.523183 1.2036 9.52501 1.73382
0.523183 1.10084 8.71977 1.903
0.523183 1.14839 7.47673 6.24297
1.23182 1.38501 7.47673 5.0639
1.79611 1.38501 7.47673 2.76381
1.79611 1.60787 8.85256 2.76381
1.79611 1.52312 10.1339 2.76381
2.02051 1.10053 10.1339 2.76381
1.2211 1.10053 8.56498 2.76381
1.2211 1.10053 8.03116 2.76381
1.10381 1.27167 7.11953 3.98545
1.08901 1.41654 7.6368 3.98545
1.44413 1.47144 5.15091 4.47901
1.15068 1.47144 5.15091 4.66315
1.15068 1.16075 6.48451 4.66315
1.88041 1.16075 7.27555 5.5787
1.99352 0.928156 7.27555 5.60371
1.99352 1.92842 7.27555 3.13363
1.99352 1.70106 4.33938 3.13363
1.99352 1.70106 4.96153 7.42681
1.20281 1.70106 6.57436 7.42681
1.20281 1.73193 6.57436 9.55577
0.984435 1.73193 6.57436 9.55577
0.984435 1.96716 6.97581 9.55577
0.984435 1.86727 6.97581 9.55577
1.14243 1.51718 9.35116 9.55577
0.654882 1.51718 10.8583 8.1046
0.654882 1.52239 11.8625 5.82933
0.8932 1.94566 12.1069 5.82933
0.8932 2.24435 10.8211 7.18482
0.903655 2.24435 10.83 7.18482
0.903655 2.24435 10.83 7.13994
0.903655 2.43371 10.83 5.30729
1.01386 2.93965 10.83 5.30729
1.01386 2.7333 10.83 5.30729
1.01386 2.21451 8.43397 5.30729
1.01386 1.88137 8.868 5.56424
1.97925 1.77997 8.97201 5.56424
2.51158 1.77997 8.97201 5.63584
2.59251 2.17672 8.69131 5.63584
2.59206 2.64739 8.69131 9.33852
2.59206 2.64739 7.4105 7.78234
2.59206 2.64739 6.53936 8.08081
2.59206 2.13972 6.53936 6.83526
2.59206 2.13972 6.53936 6.83526
3.08186 1.64588 6.53936 6.83526
1.84366 1.27397 5.1457 6.98829
0.906583 2.02824 5.1457 6.50086
0.906583 1.53424 5.1457 5.74767
0.746609 1.55694 5.1457 6.28568
0.746609 1.55694 5.1457 3.21709
0.746609 0.838625 6.08155 3.21709
1.72501 1.04072 6.08155 3.21709
1.54313 0.801524 4.21013 5.46701
1.46397 0.801524 4.21013 5.04336
1.46397 0.534448 6.59923 4.46037
1.22979 1.92318 6.59923 4.46037
1.22979 2.06127 5.21365 6.44586
1.22979 1.18181 5.70806 6.44586
1.98434 1.18181 5.70806 7.10624
2.04159 1.18181 4.01412 7.10624
1.23715 2.1635 3.70109 7.83138
0.638419 2.59546 3.70109 7.83138
0.638419 2.67403 3.83606 9.28454
0.638419 1.66838 3.83606 8.73799
0.638419 1.15684 6.30954 9.78957
1.90356 1.25472 3.8867 8.35771
1.82267 1.13698 3.8867 7.99567
1.82267 1.74983 5.23699 8.35289
1.82267 1.74983 4.56817 8.35289
1.82267 1.74983 4.56817 8.35289
2.62126 1.74983 4.91726 7.59198
1.72275 1.98366 4.91726 7.07597
1.72275 1.98366 4.91726 5.19081
1.72275 2.43209 4.91726 4.95972
1.72275 1.83868 3.95233 4.95972
1.71573 1.83868 3.95233 4.95972
1.71573 1.91308 5.65886 3.89465
1.92613 2.17498 5.11338 3.89465
1.26936 1.30186 5.11338 3.89465
1.73479 1.30186 5.11338 3.89465
1.73479 2.1248 5.11338 3.839
1.73479 1.63452 5.60452 3.49821
1.64914 1.63452 5.60452 3.49821
0.851346 1.63452 4.2568 3.49821
0.660681 0.810284 4.2568 3.49821
0.660681 0.437215 5.38024 3.49821
0.660681 0.513867 5.38024 3.49821
0.660681 0.513867 5.38024 3.12148
0.660681 1.42628 4.58937 3.12148
0.633335 1.42628 4.58937 3.12148
0.633335 1.14516 4.58937 3.12148
1.22749 0.841621 4.56295 3.12148
1.80504 0.841621 5.92773 3.12148
1.80504 0.897769 5.92773 4.27759
1.7358 1.44267 3.73234 5.06025
1.7358 1.51137 5.33853 6.08076
0.534245 1.51137 6.51897 5.3302
0.534245 1.8029 5.8682 5.3302
1.21104 1.92576 5.73314 3.64554
1.21104 1.86295 0.78154 3.64554
1.36135 1.91601 1.75601 3.64554
2.06252 1.91601 3.61437 3.64554
2.06252 2.1008 3.95985 3.64554
3.213 2.14415 2.5242 2.78905
3.213 2.34197 2.5242 1.55673
2.61824 2.01359 2.5242 1.55673
2.43118 2.01359 2.5242 0.920683
2.34881 2.16051 2.5242 0.920683
3.1463 2.16051 4.58057 3.74487
2.76622 2.16051 4.58057 3.68572
2.6264 2.18704 5.47988 3.5637
2.13406 0.988479 5.47988 3.5637
2.13406 0.988479 4.12148 3.5637
2.13406 1.92322 4.12148 3.5637
2.12579 1.92322 3.84423 4.26101
2.12579 1.92322 2.39923 4.26101
1.59149 1.92322 2.39923 4.26101
1.59432 1.92322 2.39923 4.20907
1.8161 1.92322 2.84103 3.12073
2.82474 1.32545 3.90898 4.15308
2.06943 2.78827 4.16805 4.15308
1.0197 1.69393 4.04736 4.15308
1.31063 2.45749 4.04736 4.24368
1.29708 2.83455 4.04736 4.25309
2.14829 2.83455 4.04736 1.46359
1.72368 2.24917 5.42447 3.50407
1.74026 1.8559 6.11838 1.94733
0.482558 1.8559 7.7937 1.76574
0.482558 1.8559 5.20027 1.83475
0.482558 2.29627 5.30519 1.83475
0.482558 1.85942 5.13856 3.45348
0.482558 0.959941 5.13856 3.45348
0.482558 1.2538 5.13856 1.35886
0.482558 1.2538 5.13856 1.35886
0.770544 0.862989 5.13856 1.35886
1.17429 0.509796 5.13856 1.60471
1.43508 0.509796 4.74796 1.8442
1.99921 1.10981 4.28391 1.8442
2.00304 1.10981 6.18206 1.8442
2.00304 1.10981 6.18206 3.91846
2.00304 1.10981 5.48409 3.64365
2.42805 1.10981 5.48409 3.64365
2.42805 1.10981 4.31495 3.64365
2.11214 1.10981 4.7214 6.08439
2.21817 1.04166 4.7214 6.08439
2.60378 0.750786 5.63416 5.88538
2.89096 0.750786 5.8069 5.19154
2.32226 0.750786 5.8069 5.72061
2.01954 0.750786 5.8069 5.72061
1.32496 1.27042 6.32372 5.72061
1.32496 1.27042 6.32372 6.61065
2.18428 1.77271 6.32372 3.86402
2.34747 1.77271 5.34678 4.4392
2.23535 1.77271 5.34678 4.4392
1.79898 1.92853 5.34678 4.8469
1.27782 1.84352 4.1318 5.49221
1.04593 1.87934 5.23569 5.55631
0.922794 3.06779 5.23569 8.48516
0.736139 3.06779 5.23569 8.31751
0.736139 3.05323 4.40215 6.94007
0.538185 3.18604 4.40215 6.94007
0.860273 2.00678 4.40215 6.94007
1.02473 2.00678 4.10244 6.94007
1.02473 1.03008 2.79128 6.94007
1.02473 1.03008 2.79128 6.14358
1.29003 0.940645 2.79128 5.93249
1.29003 0.940645 2.79128 2.83006
0.813814 0.940645 2.79128 2.83006
0.594689 0.818535 2.79128 2.83006
0.594689 0.818535 2.79128 2.83006
0.594689 0.691043 2.79128 1.68522
0.594689 0.691043 2.79128 1.68522
0.594689 0.565386 4.49011 1.99548
0.594689 0.964071 3.66957 1.99548
0.594689 1.26047 3.66957 3.35512
0.722779 1.26047 3.10389 5.03109
0.722779 1.07089 5.22791 3.36615
0.722779 1.36514 3.75031 3.36615
1.19944 1.38399 2.88539 3.36615
0.981184 1.11667 2.88539 2.55223
0.981184 0.925811 4.73696 3.10069
0.783895 1.13777 5.34596 3.10069
0.75204 2.59784 4.24587 4.5132
0.75204 2.52856 4.24587 4.26939
0.75204 2.52856 4.24587 4.12593
0.926616 2.86458 4.24587 6.41244
0.926616 2.87738 4.80533 5.65236
0.926616 2.1458 4.80533 5.65236
0.926616 2.74785 4.80533 5.65236
1.62639 2.60605 4.80533 6.56784
1.62639 2.21024 4.72378 6.56784
1.62639 1.61419 4.72378 6.84501
1.26 1.61419 3.79296 5.84788
1.26 2.23041 3.79296 5.58118
1.26 1.43365 4.65193 6.24621
1.26 1.43365 3.89575 5.25158
1.26 1.43365 4.82622 5.25158
1.26 1.43365 6.00591 6.77738
1.26 1.7871 6.00591 6.72192
1.26 1.7871 6.00591 4.59184
1.26 1.7871 5.73372 5.62337
1.26 2.02882 3.95718 5.62337
1.26 2.02882 5.8548 5.88715
1.32287 2.02882 6.42786 3.94594
1.8707 1.17286 4.62992 3.94594
1.43437 1.17286 3.44101 2.83814
1.43437 1.17286 3.44101 4.4476
1.43437 1.25304 4.81179 4.4476
1.69107 1.31856 4.81179 4.4476
1.66284 1.31856 2.61265 3.05324
1.66284 1.32506 1.79196 3.05324
1.54198 1.27605 0.929037 3.62205
1.64989 1.27605 0.929037 3.62205
2.01963 1.27605 4.28148 3.62205
2.58337 1.04329 3.46495 3.62205
2.58337 1.12684 3.46495 3.62205
2.58337 0.600894 4.33216 3.21933
2.48333 0.600894 4.33216 2.85342
2.48333 0.600894 0.828539 3.61264
2.76018 0.600894 0.828539 4.74237
2.76018 0.600894 0.828539 4.74237
2.38152 0.600894 1.18183 4.74237
2.38152 1.07162 1.18183 4.04385
2.76854 1.07162 4.31574 2.51059
2.81043 2.2515 4.31574 2.55546
2.96631 2.61304 4.65064 3.25348
2.81871 2.61304 4.47491 6.80376
1.90304 2.61304 4.47491 6.29661
1.74798 1.78342 5.56597 6.29661
1.74798 1.31787 6.31645 6.29661
1.74798 0.588075 6.70509 6.92054
0.953976 0.827185 5.88248 6.92054
0.512758 0.827185 4.88403 6.92054
0.512758 0.827185 4.88403 6.92054
0.512758 0.971954 6.73327 7.09106
0.512758 0.971954 5.81198 4.63277
0.951877 0.971954 5.81198 4.60023
0.951877 0.604396 8.10048 4.53092
0.951877 0.604396 6.92606 4.53092
0.662122 1.23983 5.39172 4.53092
1.3548 1.77121 5.73128 4.00874
1.3548 1.85275 5.39537 4.00874
1.3548 2.04296 5.59573 4.00874
1.61709 2.04296 3.70141 4.09936
1.61709 2.04296 3.70141 4.09936
1.61709 1.30036 3.52416 4.09936
1.61709 1.30036 4.54534 4.09936
1.99814 0.314648 4.54534 4.09936
1.30159 0.314648 3.28995 4.09936
1.30159 0.982554 3.34118 4.09936
1.689 1.49263 3.34118 3.6961
1.15048 1.49263 4.16402 3.25493
1.15048 1.60147 5.49329 3.25493
1.15048 1.47927 4.91859 3.25493
1.17375 1.48567 6.48114 1.50321
1.17375 1.48567 6.48114 1.50321
1.17375 1.48567 6.48114 1.50321
1.17375 1.48567 6.48114 2.9975
1.66069 1.94173 6.48114 3.45296
2.14902 2.43138 4.63303 1.81147
1.71762 2.34011 4.63303 4.37333
1.71762 2.0106 4.63303 4.45962
1.07597 2.71484 3.30494 2.14266
1.07597 2.37392 3.30494 3.42554
1.07597 1.38735 3.30494 5.39412
0.504909 1.29997 3.30494 5.39412
0.504909 1.29997 3.30494 5.39412
0.504909 1.29997 2.43722 5.86757
1.13845 0.966805 2.43722 5.86757
1.13845 0.708453 2.43722 6.53222
0.367406 0.708453 2.44682 6.53222
0.810293 1.78157 2.44682 6.53222
0.604176 1.78157 2.44682 6.53222
0.982873 1.26325 2.44682 4.81123
0.982873 2.92263 2.44682 4.81123
1.77304 2.51837 2.44682 4.81123
1.77304 2.72276 2.44682 3.51107
2.10509 2.72276 2.89269 5.78025
2.2367 2.55491 4.36136 5.12121
1.84716 2.24095 4.36136 3.09805
1.88986 2.1791 4.36136 2.90869
1.87751 2.11543 4.36136 2.24249
2.36524 2.46192 4.36136 3.02399
2.62983 2.62638 2.9838 3.02399
3.11848 3.19422 2.9838 3.02399
3.11848 3.03634 2.9838 3.02399
3.11848 2.75368 5.80164 3.02399
3.49263 1.47524 5.80164 3.02399
3.49263 0.801149 3.71791 3.02399
3.53482 1.03337 2.85362 4.54394
3.75855 1.67918 2.85362 4.5855
3.58446 1.67918 2.85362 4.6005
3.76297 1.67918 2.85362 4.6005
3.76297 1.99922 2.85362 4.6005
3.66143 1.54575 2.85362 4.6005
2.94544 1.54575 4.48126 4.6005
2.34287 2.36177 4.48126 3.93738
2.3896 2.67635 2.72166 3.93738
2.15915 2.19072 1.22061 3.93738
1.00372 2.00387 3.84865 5.92527
1.51762 2.00387 3.99352 5.92527
1.51762 2.00387 3.99352 5.92527
1.51762 2.16287 3.99352 5.92527
1.51762 1.43022 3.99352 7.00755
1.51762 1.76108 5.15148 7.9383
0.317217 1.22514 5.15148 7.9383
0.317217 1.22514 5.15148 6.3429
0.317217 1.42496 5.38442 7.4378
0.317217 1.42496 2.95716 7.41179
0.497334 1.27265 2.95716 7.59754
0.497334 1.67872 2.95716 8.52285
0.497334 1.40356 2.95716 5.23839
1.08516 1.83454 3.72984 5.23839
1.08516 1.83454 3.72984 4.61984
1.08516 1.63519 3.33934 5.09855
1.08516 1.33618 4.2364 4.42008
1.08516 1.1064 2.5426 2.9783
1.08516 1.1064 5.65008 2.9783
1.08516 1.1064 5.65008 6.01782
1.44364 1.1064 6.75743 6.01782
0.903678 1.1064 7.93411 6.80875
0.903678 0.783066 7.93411 7.50508
1.54358 0.783066 6.30965 4.05337
1.54358 0.783066 6.30965 4.05337
1.54358 0.783066 6.06125 4.7748
1.67973 0.783066 6.78823 4.7748
1.67973 0.763149 4.86497 7.38835
1.34417 0.763149 4.86497 7.18878
0.366815 1.30175 4.09861 6.49018
0.366815 1.27567 4.09861 7.83454
0.366815 1.27567 4.09861 8.2394
0.366815 2.06986 4.09861 8.2394
0.366815 2.06986 5.77071 9.53582
0.366815 2.41607 2.56572 10.6239
0.366815 2.41607 2.56572 10.6239
0.366815 2.61723 2.56572 9.98261
0.977889 1.34891 2.24496 7.55274
0.977889 1.41057 2.24496 7.55274
0.977889 2.0599 2.24496 7.55274
0.743102 2.0599 2.24496 7.55274
1.48268 2.39703 2.24496 6.55311
1.48268 2.39703 2.24496 6.55311
1.82556 0.720355 2.24496 6.55311
1.97123 0.720355 2.24496 7.34766
1.54371 0.720355 2.24496 7.28432
1.95016 0.720355 2.24496 8.58886
1.8432 0.720355 2.24496 8.58886
1.58163 0.913892 2.24496 8.58886
1.58163 0.557205 2.24496 9.35167
1.58163 0.557205 2.24496 8.76573
1.58431 0.557576 2.24496 8.61864
1.58431 0.311958 2.24496 7.94334
1.58431 0.824264 2.24496 7.94334
1.58431 0.824264 2.24496 7.51655
2.16783 0.503892 2.58152 6.33138
2.31097 0.503892 2.58152 5.45053
1.95555 0.503892 2.58152 2.59517
1.95555 0.503892 3.96443 1.0942
1.46943 0.503892 3.96443 5.34688
0.999037 0.503892 3.96443 5.06559
0.961393 0.152177 5.65563 5.06559
0.961393 0.521568 5.65563 5.4196
1.42766 0.521568 4.32324 5.4196
1.42766 0.521568 4.32324 5.4196
1.19323 0.61184 4.74112 5.74843
0.88641 0.61184 4.74112 6.8245
1.55497 0.919352 5.03083 6.8245
1.32563 1.4344 3.64453 6.45505
1.32563 1.08619 3.64453 6.45505
1.53743 1.08619 3.64453 7.35465
1.53743 1.4911 3.64453 6.43855
1.53743 1.48192 3.64453 6.24067
1.53743 1.27029 2.54106 6.24067
2.41276 1.27029 4.55794 5.28196
1.59371 1.63612 4.55794 5.8605
0.930564 1.63612 4.55794 2.42278
0.930564 2.08906 3.32432 5.4246
0.930564 2.05826 3.32432 6.18238
0.851864 2.05826 3.97327 6.18238
0.716604 1.75986 3.97327 6.18238
0.716604 1.20709 3.97327 5.33059
0.905646 0.935322 3.97327 5.33059
0.905646 1.30742 3.97327 5.33059
0.925511 0.940218 3.97327 5.33059
0.925511 0.940218 4.17346 6.06563
1.1806 0.901217 4.17346 6.87174
1.1806 1.72646 4.17346 6.87174
1.52109 1.83563 4.17346 7.98193
