172.797 173.298 173.2 173.621
172.813 173.298 172.71 171.641
172.718 172.802 172.71 171.773
172.15 172.106 172.357 171.773
172.15 171.676 172.357 171.787
172.793 171.329 171.131 170.544
172.793 171.062 169.948 168.812
172.934 170.436 169.838 168.812
172.319 170.436 168.927 168.812
171.619 168.709 168.138 166.913
171.055 168.785 166.52 166.323
171.643 168.785 165.556 166.323
171.643 168.875 167.626 165.817
171.11 168.636 166.345 164.639
170.758 168.636 165.081 164.639
170.758 168.095 163.432 165.874
170.016 167.394 163.432 166.077
169.077 167.106 163.33 166.502
169.077 167.106 161.884 166.63
168.482 166.402 161.414 166.63
168.482 166.402 160.03 165.513
169.152 165.161 160.093 163.677
169.152 165.161 158.967 162.169
168.462 163.527 158.689 162.013
168.184 163.066 161.946 162.013
168.249 162.478 160.833 162.444
167.446 160.859 160.833 162.985
167.261 160.859 159.97 162.985
167.261 160.859 159.542 162.446
168.603 160.859 158.892 158.5
168.348 162.122 157.23 159.057
168.348 161.294 157.23 159.57
167.859 160.851 157.23 159.57
167.859 160.851 156.519 160.46
166.843 159.91 156.009 160.46
166.818 159.537 154.62 160.46
166.818 158.919 154.62 157.759
166.345 158.436 153.67 157.759
165.547 158.436 152.745 157.759
165.209 158.716 152.054 157.901
165.036 158.716 151.952 157.901
164.872 158.716 151.952 156.063
164.477 158.071 150.722 153.429
163.877 157.446 150.054 153.429
163.877 157.338 149.687 153.738
163.826 157.896 149.687 152.048
163.18 157.896 148.757 150.686
162.573 157.896 148.26 149.044
162.11 157.416 147.967 149.044
162.947 156.957 147.052 149.044
162.947 156.752 146.201 150.404
162.575 156.881 144.961 147.1
162.598 156.881 144.273 147.1
162.03 156.187 142.513 147.1
162.049 156.187 142.318 145.979
162.049 156.187 142.108 145.979
161.642 156.187 140.63 147.352
161.231 155.641 140.565 147.352
160.877 155.641 138.659 146.692
160.877 154.401 138.659 147.135
160.877 154.401 137.762 144.011
160.187 154.833 135.936 141.637
159.501 154.833 134.401 141.532
159.364 154.502 133.651 140.375
158.598 154.29 132.242 140.603
158.315 154.29 133.305 138.901
158.016 154.29 132.518 138.901
157.024 153.834 131.46 137.231
157.319 153.834 131.46 136.856
157.254 152.702 129.55 137.753
157.247 153.519 128.96 135.782
157.247 153.377 128.961 134.874
156.316 153.377 128.961 132.817
156.316 152.989 128.151 132.057
156.316 152.989 128.151 130.385
156.316 153.037 127.442 130.405
156.229 153.214 128.029 130.97
156.229 153.432 128.029 129.857
155.707 153.338 127.544 132.124
155.707 152.863 126.743 132.124
155.707 152.758 127.192 132.022
156.316 152.758 127.192 132.022
155.753 152.758 125.893 132.022
155.395 152.758 125.893 129.773
155.395 152.758 125.893 128.377
155.395 152.427 125.33 128.01
155.395 151.931 125.33 128.515
155.389 152.301 124.088 125.836
155.173 152.603 123.783 125.836
155.284 152.603 123.783 125.836
156.388 150.882 123.783 125.836
155.943 150.882 123.332 125.158
155.299 149.603 122.214 124.303
154.506 149.603 120.93 122.911
154.239 149.014 118.608 120.18
153.444 149.036 117.55 120.18
153.444 148.526 115.335 118.932
153.444 149.005 113.241 116.381
153.444 149.005 113.136 116.381
153.528 149.005 111.897 116.381
153.241 148.561 109.86 115.767
152.857 148.561 109.86 120.246
152.553 148.561 109.191 119.034
153.405 147.473 109.191 119.034
153.014 148.096 109.191 118.592
153.014 147.579 108.349 118.008
152.901 147.432 105.934 117.257
152.901 147.192 104.044 112.999
152.134 147.586 103.681 112.82
152.134 146.771 101.473 110.46
152.134 146.579 101.061 110.46
151.163 146.579 101.061 110.574
150.761 146.579 101.061 110.574
150.761 146.513 100.958 110.574
150.761 145.759 100.542 111.53
150.047 145.759 99.5992 111.53
149.644 145.347 97.6386 111.786
149.71 145.347 96.3924 110.881
149.752 145.75 96.3924 110.881
149.241 145.492 94.0473 110.31
148.798 145.492 92.6128 110.252
149.373 144.714 91.7418 111.844
149.563 144.595 90.4708 111.303
148.871 144.595 90.9587 111.303
148.753 144.674 91.3071 111.225
148.021 143.745 90.3945 111.225
147.919 143.745 90.3945 111.707
147.919 143.745 90.3945 107.635
147.207 142.036 88.266 107.841
146.679 142.562 87.6159 108.002
145.906 142.867 86.4419 106.954
145.906 142.806 86.4419 105.642
145.906 142.328 86.4419 103.884
145.642 141.492 86.4419 102.362
145.155 141.45 87.2375 102.75
145.155 141.236 86.4072 101.807
144.652 141.067 86.4072 100.823
144.652 140.34 85.2237 97.8518
144.652 139.003 85.2237 97.8518
144.754 139.07 83.4002 96.351
143.858 138.636 83.4002 95.2858
143.858 138.539 80.7023 94.5015
143.858 138.919 80.7665 94.5015
143.128 137.409 80.7665 94.5015
142.45 137.725 79.4111 94.3156
142.864 135.892 78.8664 94.3156
142.233 135.88 78.8664 94.3156
142.233 135.88 76.8271 94.3156
142.233 135.742 76.315 94.7708
141.564 136.457 76.315 94.7708
140.844 136.457 75.5185 94.7708
140.276 136.8 75.5185 93.8572
140.168 136.8 75.5185 94.4581
139.786 136.8 74.0581 91.6995
139.786 136.8 73.8196 90.5335
139.786 136.8 73.8196 90.835
138.991 136.988 71.8223 88.1054
138.991 136.051 69.9921 88.1054
138.326 136.416 69.5649 87.7363
137.595 136.685 69.4035 85.9556
137.595 136.517 67.0845 85.9556
137.595 136.517 67.0845 86.8383
137.114 135.985 67.0845 86.3088
137.114 134.964 67.0845 85.1795
137.114 134.575 66.5136 85.7623
137.114 133.868 64.9127 85.3849
137.114 133.868 63.6961 85.3849
136.44 133.957 63.6961 85.3849
136.125 133.404 63.5686 83.8538
135.447 132.604 61.0989 80.975
134.837 132.504 61.0385 80.975
134.837 132.504 59.4165 80.0629
134.837 132.649 57.3462 80.0629
135.578 131.765 56.4823 77.54
135.034 132.073 56.4823 78.2047
134.525 132.246 55.7688 76.8216
134.069 131.78 55.5819 73.2283
133.668 131.78 54.9421 73.2283
133.033 131.252 53.6711 70.7982
132.455 130.426 53.6711 70.7982
132.455 129.506 52.4418 71.3102
131.866 129.506 52.3858 70.2693
131.808 129.123 53.3509 70.2693
131.657 129.721 53.3509 67.6126
131.657 129.75 53.0953 67.6126
131.657 128.394 53.0953 69.4387
131.657 127.881 52.6604 69.1678
131.408 127.823 52.4839 69.1678
131.662 127.621 52.4839 68.8685
131.074 126.773 54.2523 67.926
131.074 126.773 54.7278 67.2072
131.074 126.538 54.8406 65.6916
130.2 126.538 54.0719 62.9385
129.329 127.217 53.566 62.9385
128.789 126.934 52.0575 63.4006
129.194 126.425 52.0575 63.4006
128.64 126.335 52.327 62.2511
128.64 126.678 51.5398 63.6968
128.288 126.3 51.1962 62.8182
127.726 126.177 51.3485 62.8182
127.726 125.937 49.5314 62.5488
127.344 125.633 49.4512 57.8798
126.823 125.633 47.6571 56.5822
126.823 125.633 46.5035 57.1517
126.823 125.575 46.5035 57.0165
126.823 125.411 46.1819 56.9357
126.823 125.411 46.7173 55.3532
126.823 125.411 46.2083 51.7768
126.823 125.411 46.1953 50.1981
126.823 125.411 45.0365 49.1767
126.823 125.509 45.0365 48.5736
126.212 125.509 45.0365 47.6237
125.869 125.412 44.9871 48.6769
125.263 125.751 44.9871 44.7825
124.684 125.712 44.936 44.6297
124.948 125.829 44.5201 44.6297
124.948 125.958 44.1011 44.6297
124.554 124.798 43.487 44.6297
125.507 123.771 44.0395 44.6297
125.158 122.637 44.0395 44.6297
124.75 122.637 43.9784 43.3029
126.391 122.637 43.9784 43.4478
126.147 122.176 44.9628 43.4478
125.836 122.176 43.6849 42.3286
125.592 121.715 43.7344 39.8701
125.717 120.236 43.4718 39.8701
125.717 120.236 44.6811 40.586
125.717 120.461 44.7062 39.0251
125.376 120.033 44.4361 38.9796
125.391 119.824 44.232 38.9796
125.009 119.125 42.8188 37.2961
124.42 119.125 39.6937 38.1665
124.384 119.067 38.35 38.1665
124.233 118.056 38.6649 36.2101
124.013 117.257 39.0289 35.94
124.013 116.55 38.788 35.94
124.013 116.55 38.9168 33.5609
124.013 116.664 38.9168 33.5609
124.013 116.776 38.9168 33.9222
124.013 116.776 36.4095 33.9222
123.845 116.776 36.3541 35.6333
124.082 116.776 35.518 35.285
123.837 117.054 35.518 34.8805
123.948 117.738 35.518 34.2403
123.35 117.129 36.8505 34.2403
123.227 116.715 37.066 32.1102
123.164 116.439 37.4791 29.316
123.031 116 34.4358 29.316
122.257 115.214 32.8517 29.5114
121.602 115.214 32.8517 29.5114
120.83 115.164 32.1354 29.5114
120.83 114.736 32.1354 28.5294
120.173 114.736 29.0767 27.6505
120.173 113.721 29.0342 25.6968
120.173 113.437 29.0342 27.9303
119.643 113.334 29.0342 27.5235
119.237 112.726 29.1969 27.5235
119.164 112.831 28.9767 27.3847
119.09 112.831 25.8934 27.3847
119.09 112.72 24.4471 27.3847
118.59 111.567 22.7323 25.6733
118.113 110.912 22.7323 24.0522
117.577 110.912 23.7208 24.0522
117.652 111.528 23.7208 24.1085
117.153 110.318 21.5952 23.878
117.085 110.037 21.5952 23.878
116.468 108.626 22.9685 23.6099
115.886 107.885 22.9685 23.6099
115.338 108.001 23.1733 24.2482
115.338 107.723 22.8604 23.7439
115.424 107.723 22.4485 21.7188
115.424 107.723 21.4508 21.7188
115.424 107.723 21.6783 20.6298
115.424 107.886 21.521 20.5322
114.93 108.008 21.521 19.3794
114.483 108.689 21.5159 19.1573
114.299 108.628 21.5159 17.9317
114.299 108.628 21.5159 19.1393
114.299 107.453 21.5546 17.1745
112.844 106.082 21.4916 16.7228
113.158 106.082 21.4916 16.7228
112.692 104.571 21.4916 16.7228
111.421 104.571 21.4916 16.7228
110.75 103.817 22.6044 14.3819
110.446 103.492 24.1518 14.3819
110.446 103.237 22.8121 14.3819
110.023 104.133 23.035 12.7204
109.849 104.133 22.6976 12.8782
109.824 103.527 24.1321 15.2576
109.5 103.527 24.1321 16.1043
109.372 102.683 23.9832 13.371
109.032 102.351 23.9832 12.3171
109.032 102.23 23.9832 12.1477
108.488 101.675 21.9015 9.62491
108 102.062 22.2072 8.37868
107.9 100.841 22.0197 6.03989
108.027 100.209 20.7676 5.88599
107.047 99.6451 20.3462 7.1931
106.45 99.6908 20.3462 5.74123
107.013 99.3266 20.8783 5.74123
106.907 99.5229 20.27 5.64528
106.551 99.5229 20.27 5.64528
106.551 99.7306 18.6888 4.77822
106.03 99.6095 18.3738 4.77822
106.03 99.6095 20.0711 4.77822
106.235 99.5565 18.6522 6.51409
105.661 99.5565 17.104 6.99167
105.091 99.1586 20.9442 6.99167
104.629 99.3968 19.7771 6.99167
104.629 99.3968 19.4671 6.99167
104.356 98.7749 19.0621 6.99167
104.356 97.591 19.7485 5.91073
104.388 97.6417 20.3218 5.91073
103.943 97.6417 20.3128 4.81052
103.306 97.6417 20.6084 4.81052
102.951 96.9609 20.3095 5.20052
102.951 97.7545 21.4484 5.10236
102.334 97.3768 20.5258 5.10236
101.881 96.6133 20.7061 5.10236
101.409 96.7608 18.807 4.23435
101.047 96.3018 15.6437 4.23435
100.6 96.3018 15.6437 2.75355
100.6 96.0426 15.4388 4.28615
100.708 95.5119 13.7811 4.40582
100.66 95.799 13.3135 3.69354
100.696 93.7303 13.5049 3.69354
100.483 93.7303 13.9999 3.69354
100.483 92.8933 13.9999 3.81335
100.343 92.9136 15.0828 3.01158
101.394 92.9136 14.3394 4.98026
100.489 91.5216 14.3394 5.47218
100.489 90.5558 14.3394 5.15666
100.489 90.5558 12.9164 6.64174
99.8467 90.5558 8.32683 6.64174
99.8467 90.5558 8.5471 6.64174
99.8467 90.2363 8.5471 6.6685
99.3596 90.2363 8.07766 8.18089
99.3596 89.6394 9.024 8.70437
99.0124 89.6394 9.024 7.70187
98.4887 89.1183 10.8403 7.70187
97.7661 89.3685 6.5197 5.09963
97.7661 89.3325 2.97395 4.49576
96.3809 89.3325 3.56478 5.38506
95.8237 89.298 3.79357 5.38506
95.8237 88.2123 3.85614 3.96142
95.2755 86.6908 3.85614 4.72059
94.6267 86.3303 3.85614 4.72059
95.1671 86.5836 6.71303 5.55925
94.5709 86.5836 4.93232 5.55925
94.5709 86.0165 4.83755 3.67544
94.5709 86.0165 4.83755 3.67544
94.5709 84.5007 4.83755 5.32654
94.0365 84.5007 3.3191 5.32654
94.0365 85.6596 3.3191 6.24945
93.955 86.2865 5.18727 4.68364
93.4615 86.188 4.44268 4.81507
93.4615 83.7531 6.4434 7.1667
93.4615 84.245 6.4434 5.77811
93.041 84.245 6.4434 5.77811
92.6201 82.8769 5.04993 6.52803
92.6201 82.8769 5.04993 6.52803
93.5764 81.6489 7.11367 5.81752
93.0946 81.0155 8.93711 5.81752
93.3296 81.116 6.61949 5.81752
93.2191 81.1713 4.00326 2.67826
93.0322 81.1857 4.00326 2.67826
92.8764 80.899 4.00326 2.67826
92.8764 80.899 4.00326 2.67826
92.4419 81.0211 4.00326 4.15163
91.9872 80.6764 4.00326 4.15163
91.6771 80.6764 4.00326 7.89236
91.6771 79.8166 5.68526 7.89236
91.3749 79.3367 2.81162 7.89236
91.5059 77.8868 2.81162 4.95095
91.2544 76.9232 5.08441 4.95095
91.2544 76.1796 3.29547 3.8102
89.9101 76.1796 2.14115 3.8102
90.6893 76.1796 2.14115 3.85977
90.4249 75.9503 2.14115 2.77929
90.31 75.9503 2.20774 2.27051
90.31 76.3692 2.20774 2.27051
90.7258 76.3692 4.6681 2.27051
90.3145 75.9851 4.6681 2.27051
90.3145 74.6572 4.6681 2.27051
89.8748 74.6572 4.6681 1.88764
89.3901 74.1029 4.33792 1.88764
88.8623 73.2523 4.33792 1.88764
89.5335 72.7871 6.39668 1.88764
89.5335 72.7871 6.13356 1.88764
89.6412 72.7871 6.13356 2.00521
89.6849 72.4918 6.13356 2.58775
89.2721 71.7036 6.13356 2.58775
88.801 70.6795 6.13356 3.79759
88.899 70.6795 6.13356 4.69643
88.6256 71.5929 4.54617 4.69643
88.6256 71.6501 4.54617 5.18099
88.4417 69.9027 1.94827 3.97279
87.3699 69.9027 1.94827 3.97279
86.8227 69.9027 1.94827 4.50416
86.2442 70.0424 1.94827 2.36133
85.7577 68.8571 1.94827 2.36133
85.0364 67.868 1.94827 2.09076
84.6627 67.6474 1.94827 1.31636
84.6627 66.6979 1.94827 1.31636
84.5345 66.6979 1.29796 1.31636
83.8708 67.1214 5.0272 3.14093
83.2338 67.0621 4.21375 2.6742
82.9943 66.2008 5.86021 2.6742
82.9943 66.2008 5.86021 3.13281
82.9943 66.1481 5.60747 3.60096
82.6566 65.3452 5.22447 3.60096
81.9221 65.5077 5.22447 3.68459
81.9221 64.7374 5.22447 3.68459
81.5507 64.8709 5.22447 3.68459
81.2459 64.8709 5.22447 3.68459
80.9 64.8709 5.44696 5.05775
81.3002 64.3487 7.25492 5.05775
81.3002 64.4997 8.1261 3.14099
80.9367 64.5235 8.44511 3.97623
80.403 63.6052 8.86809 3.97623
80.1148 63.3255 6.16284 3.97623
80.1148 63.3255 7.25187 3.1907
79.7908 63.3255 7.38611 3.1907
79.2133 62.8497 7.60059 3.1907
78.9092 62.0985 7.60059 2.85503
78.9092 62.0422 7.60059 3.49198
78.2923 60.9138 7.60059 3.49198
77.2025 60.2109 8.06626 3.49198
77.0661 58.8077 8.06626 1.95404
77.4571 58.2356 7.09603 1.95404
77.2973 57.333 7.09603 1.95404
76.6583 55.6992 8.52491 1.95404
76.6583 55.6992 8.52491 1.95404
75.458 55.6736 10.1092 2.53555
75.458 55.5487 9.12072 2.96089
75.18 55.4296 9.12072 2.66435
75.18 54.5748 9.12072 2.66435
75.18 54.5748 5.73288 3.06683
75.18 54.26 5.73288 3.06683
75.18 54.26 4.59326 2.05739
74.8375 54.4516 4.59326 1.83007
74.7303 53.9359 4.59326 1.83007
74.3875 53.7298 4.59326 1.89365
73.7825 53.5319 4.59326 1.89365
74.476 51.7706 4.59326 1.89365
74.217 51.9748 3.19013 2.8573
74.217 51.0902 3.19013 2.90938
74.0981 49.6144 3.19013 2.62602
73.5373 49.5175 5.40885 2.73051
73.5373 48.9301 6.43717 2.73051
73.5177 48.9301 6.43717 2.73051
73.2612 48.6023 6.43717 3.74174
73.0357 48.3477 6.43717 5.12199
73.2209 48.8589 6.43717 4.42597
73.2209 48.8589 6.43717 4.42597
73.0836 48.361 6.43717 4.42597
72.4534 48.361 6.26258 4.42597
72.4534 47.1492 5.18308 4.42597
72.2152 46.8593 1.89991 5.93825
72.1513 46.6941 5.60882 5.93825
72.0838 45.4868 6.88184 5.93825
71.9604 45.3516 5.60039 4.50492
71.9376 45.5048 4.42536 4.50492
71.7166 45.4658 4.42536 4.50492
71.0827 46.7371 4.42536 3.00776
70.4586 46.9655 3.00676 3.28253
70.1311 46.891 3.00676 3.28253
69.6129 46.891 6.09749 3.28253
69.6129 47.1034 5.97954 3.28253
69.6129 46.8703 6.31103 2.57118
68.3044 46.0706 6.31103 2.57118
68.3044 45.6414 6.13367 2.57118
68.173 45.4797 6.13367 2.57118
68.173 43.9964 6.13367 2.57118
68.0985 44.6201 6.46938 3.32454
68.0985 44.3566 3.04116 3.32454
67.6966 43.6925 2.85213 3.32454
67.4029 42.6005 5.20328 3.32454
67.2082 42.1256 5.20328 3.32454
67.2082 42.1256 2.72563 5.04592
67.4626 40.6756 1.4653 5.04592
67.3975 41.0953 1.4653 4.5658
67.3441 40.508 1.4653 4.5658
67.2459 40.508 2.81551 4.5658
67.2459 40.508 2.81551 4.5658
67.1501 40.508 2.73784 1.97073
67.0598 38.5919 3.0883 1.97073
67.116 38.8095 3.0883 3.45454
66.9521 38.7515 3.05026 1.5181
66.7449 39.1825 2.82488 1.5181
65.1734 37.1183 2.82488 3.54983
64.717 36.9901 2.86039 4.94191
64.7123 37.2473 2.86039 4.94191
63.6024 36.8188 2.86039 5.88922
63.271 36.8188 2.86039 7.82741
63.1714 36.2864 3.92481 8.09208
62.5716 36.2864 3.92481 8.09208
62.0507 36.3144 4.76127 8.09208
61.7921 36.3144 4.76127 8.09208
61.7921 35.1037 4.76127 6.99783
61.3161 35.1037 4.76127 4.51307
60.7789 35.1037 3.36385 2.95296
60.7789 34.6598 2.66452 2.95296
61.2304 34.4092 2.66452 2.95296
61.019 35.0307 4.7947 2.95296
60.8445 35.0307 3.70512 2.95296
60.1764 35.0307 3.70512 2.95296
60.1764 35.0019 3.70512 2.95296
60.1764 35.0019 3.70512 2.95296
60.0192 34.2148 3.70512 2.95296
60.0721 33.5786 3.70512 2.95296
59.8768 34.0596 3.70512 3.26208
59.8768 34.1826 3.70512 3.26208
59.8881 34.1826 3.70512 6.90797
59.8881 34.1826 4.95207 7.14826
59.5624 33.6796 4.95207 6.65656
59.7586 33.6796 7.1414 6.65656
59.7586 32.911 6.45867 6.46579
59.7586 33.3023 5.40055 7.53141
59.8079 32.8674 3.34015 7.53141
59.6389 32.8674 3.34015 7.53141
59.5445 32.8674 3.11914 7.53141
59.9803 31.7171 3.11914 7.53141
59.9685 30.8398 3.03967 7.53141
59.9685 30.5322 3.03967 7.66552
60.3584 30.4276 3.03967 7.66552
60.3584 29.2149 3.03967 7.66552
60.2124 28.587 3.03967 7.66552
60.2124 27.9971 3.88976 6.35263
60.4826 27.3175 2.41915 5.28481
60.2046 27.1436 2.11249 5.28481
60.2046 27.1436 2.11249 5.28481
60.2046 27.2319 3.80415 5.28481
60.2046 27.6308 4.90414 5.28481
59.3559 27.9063 4.90414 3.34954
59.0151 27.9063 4.90414 3.34954
59.2398 27.1772 4.90414 3.64971
59.5244 27.2002 4.44326 3.64971
59.812 27.2874 5.08473 4.97017
59.812 27.2874 7.69268 8.40477
59.5363 27.2702 9.391 5.30549
59.6316 26.8765 8.81477 6.63546
59.4598 26.0721 9.05206 6.01138
58.6551 25.8971 7.90893 6.33509
58.6551 25.8971 6.16217 1.98237
58.6145 25.2733 6.22789 3.79687
58.3194 25.2733 6.22789 2.88353
58.4589 25.282 5.08668 3.55642
58.4589 25.0084 5.08668 3.55642
57.5586 25.0084 5.98393 4.93055
56.6891 24.5652 3.29506 3.4818
56.6241 24.5652 3.29506 6.42567
56.5829 24.6966 3.26502 6.42567
56.5829 23.602 3.26502 6.42567
56.0689 24.0608 3.26502 7.68723
54.9698 23.2562 3.26502 4.75081
54.4179 21.9104 1.87957 4.1074
54.1843 21.9104 2.05765 2.88132
53.8256 21.9104 2.05765 3.05058
53.6214 21.2875 3.33628 3.05058
53.2414 21.2875 3.33628 5.42735
53.325 21.2875 2.21736 7.79485
53.325 21.4853 2.21736 7.79485
53.1985 21.1473 2.21736 7.79485
53.2186 21.2296 2.65588 5.33978
51.5563 20.9323 2.65588 5.33978
51.5563 20.9323 5.20877 5.33978
51.5563 19.8523 6.52131 5.06165
51.5563 19.5309 3.98801 5.06165
51.5563 19.6814 1.90463 5.06165
51.2753 19.6814 1.90463 5.06165
50.9576 18.0376 1.90463 5.06165
50.6172 17.5088 1.90463 5.06165
50.6172 17.5088 1.90463 5.17436
50.2227 18.0226 1.90463 5.17436
50.2227 17.0894 1.90463 5.17436
49.688 17.008 1.90463 3.46858
49.6401 15.4377 1.90463 3.28253
49.7839 15.3387 1.90463 3.28253
48.4001 15.3387 1.90463 6.50413
47.7781 15.498 1.90463 6.50413
47.7781 15.498 1.90463 8.02387
47.7781 14.6397 1.90463 8.01045
47.3744 14.4254 1.90463 8.27032
47.1102 14.4254 1.90463 8.27032
46.9105 14.2667 1.90463 8.78179
46.7422 14.2667 5.67149 8.78179
46.7422 13.9442 6.65051 8.78179
45.7315 13.9442 5.33084 7.33326
45.895 13.9442 4.04514 6.69752
45.895 13.9442 4.04514 8.54491
45.5568 14.4219 4.04514 8.17058
45.5568 13.4931 4.43196 8.17058
44.6523 12.579 5.34403 8.17058
44.6523 12.579 4.34816 8.66856
44.488 12.325 4.34816 8.66856
44.4399 11.8836 4.34816 8.11245
43.5191 11.356 6.82724 8.11245
43.9022 10.114 6.82724 7.7577
44.4097 8.50372 6.82724 7.7577
44.5177 8.02118 5.51019 7.7577
44.5338 6.82971 5.51019 7.7577
45.1997 6.53941 5.51019 7.7577
44.855 6.41835 3.54002 7.7577
44.1901 6.41835 3.54002 7.7577
44.2299 6.63987 3.54002 10.6231
44.2299 6.12734 3.54002 6.071
43.957 6.12734 6.2443 6.071
44.0546 6.12734 6.2443 6.071
44.0546 6.17774 5.02437 6.071
44.0546 5.60737 6.12069 6.071
43.992 4.1798 6.12069 5.0853
42.498 4.29201 5.76454 5.0853
42.498 4.29201 4.96818 5.0853
41.7306 4.77732 3.7559 5.0853
41.7742 5.05456 3.7559 6.91187
41.8586 5.05456 2.43759 6.91187
40.605 4.79827 2.43759 3.14828
40.6476 4.79827 2.43759 3.14828
40.5398 4.79827 2.17688 1.37498
40.5325 4.79827 2.17688 2.05934
40.0216 4.79827 2.17688 3.14387
40.0216 4.48663 1.02058 3.14387
39.1853 3.47583 3.40127 2.86889
39.1853 3.03142 3.40127 3.00889
38.0122 3.03142 3.40127 3.8374
37.8147 3.25484 3.40127 3.8374
37.8147 2.82331 1.9031 3.8374
38.0393 2.23603 1.9031 4.49416
38.1438 2.23603 1.9031 7.06451
37.2941 2.23603 1.9031 7.06451
37.2941 2.63645 1.9031 5.70746
37.247 1.96527 1.9031 5.70746
37.1255 3.24866 2.373 5.70746
36.9839 3.24754 2.373 5.70746
35.6705 3.24754 2.373 5.70746
35.6705 3.16 2.373 5.70746
35.4543 3.45095 2.373 5.70746
35.5003 2.48986 2.373 5.70746
35.1655 2.80122 2.373 7.93404
35.1655 2.50244 2.373 7.93404
34.8109 2.50244 4.80075 6.47766
34.7546 2.50244 4.80075 6.47766
34.7546 3.44898 2.83387 6.21986
33.6414 3.44898 2.83387 6.21986
33.6414 3.44898 2.83387 6.21986
33.6414 3.44898 6.0372 6.21986
33.0618 3.31719 7.61273 6.21986
33.0618 2.92954 8.03914 6.21986
32.6844 3.62259 7.4749 6.21986
32.9572 3.63929 4.57638 6.21986
32.6556 3.63929 3.26246 6.21986
32.0527 3.63929 3.26246 7.35997
31.5145 2.27839 3.26246 7.35997
31.5145 2.27839 3.26246 8.13391
31.5063 2.27839 3.26246 8.13391
31.5063 1.01361 3.2774 7.59905
31.5063 1.41494 3.2774 7.59905
31.8384 1.41494 3.2774 4.0081
31.1021 1.41494 3.2774 4.0081
31.1021 1.09421 5.79802 4.0081
31.1192 1.09421 5.79802 4.0081
31.1192 0.786831 5.79802 5.58997
29.9472 0.786831 3.88421 5.29176
29.9472 0.497785 2.91938 5.29176
29.4535 2.27598 2.91938 5.29176
29.4535 2.20314 2.91938 5.29176
29.0114 2.03685 2.91938 5.29176
29.0313 1.57456 4.05867 4.6169
28.9653 1.57456 7.39068 4.6169
28.5324 1.57456 10.4637 6.12417
28.5324 2.41966 9.61119 6.12417
28.3115 2.88179 8.81039 9.04987
28.7106 2.29263 7.87508 10.182
28.2402 1.90333 7.09137 9.18887
27.3292 1.90333 5.47061 12.3988
27.5994 1.15523 5.22879 8.45477
27.5994 1.15523 5.22879 8.45477
27.5994 0.736781 4.2074 7.74163
27.7714 0.736781 5.09545 7.1213
27.64 0.798377 5.09545 7.1213
27.64 0.584723 5.09545 7.1213
27.1106 0.584723 5.09545 7.65194
27.2532 0.584723 5.09545 5.50176
27.6282 0.584723 5.09545 5.50176
27.356 0.584723 5.09545 5.50176
27.289 0.584723 5.22325 4.60946
25.8892 0.584723 5.22325 3.327
25.8475 0.584723 5.22325 4.12239
25.8064 0.59493 5.22325 5.89737
25.8064 0.59493 5.22325 6.64884
25.8554 0.59493 5.22325 6.64884
26.1494 0.846768 3.66044 7.16612
26.1494 1.07168 3.66044 8.2974
25.8429 1.07168 4.80496 8.2974
25.9988 0.877192 3.39263 6.3587
26.9402 0.659304 2.17228 4.12364
26.9836 1.06913 2.17228 3.0571
27.5085 1.16585 2.17228 3.0571
27.3046 0.683586 2.17228 5.32703
27.7116 0.683586 2.17228 6.49419
26.6617 0.683586 2.17228 6.49419
26.6617 0.683586 2.17228 7.13574
25.6264 0.683586 3.50772 7.13574
25.8856 0.683586 3.50772 7.37089
26.5308 0.945368 3.69499 7.58564
24.9458 1.45393 3.03796 7.58564
24.9023 1.45393 3.03796 6.93164
25.3796 0.635606 3.03796 7.23181
24.8691 0.635606 3.03796 7.23181
24.9021 0.635606 4.30359 7.26249
23.8363 1.17281 4.30359 6.42398
23.8363 1.17281 5.57618 6.42398
23.8363 1.17281 5.57618 6.42398
23.5636 1.12297 2.78088 6.42398
22.7211 1.12297 2.78088 6.42398
22.7211 1.12297 2.78088 6.42398
21.7089 1.12297 2.78088 6.42398
21.6567 1.02143 2.78088 7.66481
21.6567 1.02143 3.63652 7.53838
21.041 1.2745 4.28523 6.18435
20.7741 2.05108 4.80489 8.28919
21.3645 2.66791 4.80489 9.17892
21.4298 2.10341 5.23585 7.79368
21.4298 2.10341 5.64651 8.89673
21.4164 2.21718 5.64651 8.53432
21.4599 0.842231 5.64651 8.53432
21.4599 0.803606 7.6321 8.15761
20.7843 0.803606 7.19008 6.67118
20.7845 1.14858 7.19008 6.51632
19.9346 0.987851 7.19008 5.24261
19.7973 0.987851 7.19008 4.09339
19.7973 0.987851 5.94328 4.09339
19.8097 0.987851 5.94328 4.09339
19.2595 1.03503 5.29512 3.01058
19.2595 0.877414 5.29512 4.17113
18.5544 0.877414 4.69682 4.17113
18.5609 1.5979 5.01577 8.51956
18.5609 1.27677 2.43095 8.51956
18.5139 2.39006 4.01348 8.51956
17.4372 1.95088 4.01348 8.58102
17.4372 1.95088 2.69703 6.21069
17.4372 1.51099 2.69703 6.21069
17.2905 1.51099 3.46931 6.21069
17.2905 2.52292 3.46931 7.70583
17.1164 2.52292 3.27044 7.70583
17.1599 2.1827 3.27044 7.70583
17.3246 2.69879 3.27044 6.94149
17.8134 1.97641 3.81216 6.94149
17.226 1.97641 3.81216 6.94149
17.1842 1.81015 3.81216 5.77521
17.3528 1.81015 3.81216 5.77521
17.4734 1.81015 3.81216 9.15525
17.4734 1.81015 3.81216 9.15525
17.6528 1.81015 4.24178 6.71793
17.6528 1.82457 4.06662 7.41619
17.3288 2.68791 4.06662 6.83015
17.3288 2.68791 4.06662 6.83015
16.3453 2.37074 4.06662 6.83015
16.0202 2.45472 4.06662 5.85155
15.4929 1.71321 4.06662 5.85155
14.9858 1.55699 4.06662 2.16484
13.5868 1.38584 4.06662 4.20015
13.5896 1.38584 4.52698 5.5635
13.7612 1.38584 4.43363 5.24135
14.37 1.38584 3.01342 5.24135
14.37 1.38584 4.27076 5.24135
14.3027 2.27482 4.27076 3.24975
13.6488 2.33063 2.20118 3.55383
13.5018 2.58246 2.20118 3.49148
13.5018 2.9815 2.20118 3.49148
13.2148 2.9815 3.76405 3.49148
13.2148 2.65767 3.76405 3.49148
12.9314 1.9394 6.00656 3.49148
12.8115 3.37742 5.73848 3.49148
12.8985 4.34449 7.91852 5.55997
12.8985 4.2299 8.56544 5.91911
12.8985 3.18716 6.47138 5.46174
12.9892 2.77881 4.62194 5.46174
12.9678 2.48331 4.62194 5.46174
12.9303 2.40057 5.68321 5.46174
12.4856 2.27984 5.68321 2.9449
12.4856 1.47555 5.68321 2.9449
12.4856 0.712218 8.14603 2.9449
11.6087 0.443218 6.5814 2.9449
11.6489 0.260497 6.5814 3.07014
11.6489 0.260497 4.49515 3.07014
11.2216 0.260497 4.78677 3.07014
9.80266 0.260497 4.29427 2.8365
9.80266 0.326041 4.29427 1.57509
9.80266 0.326041 4.29427 1.57509
9.80266 0.326041 4.29427 3.79113
9.80266 0.326041 4.29427 3.6094
9.80266 0.711586 4.29427 4.66475
10.4872 0.784379 4.29427 4.92986
9.49798 0.771288 4.29427 4.92986
9.49798 0.771288 5.77367 4.92986
9.48399 0.771288 5.77367 3.66176
9.73425 0.699712 5.77367 3.09813
9.73425 0.975959 5.77367 3.09813
9.73425 0.478639 5.77367 3.09813
9.97067 0.478639 5.77367 3.09813
9.97067 0.478639 5.57328 3.09813
9.97067 0.478639 4.25709 3.09813
10.1103 0.478639 3.42572 3.42728
9.01333 0.478639 3.42572 3.42728
8.97578 0.478639 3.42572 2.88157
9.00379 0.886928 3.42572 2.88157
9.00379 0.886928 3.42572 4.09709
7.63361 0.794696 2.72872 1.64948
7.63361 0.794696 2.72872 1.64948
7.63361 0.794696 2.72872 4.60962
6.65531 0.654942 2.72872 4.60962
6.30801 1.20363 2.72872 4.65525
6.30801 1.20363 2.01289 5.18413
6.47615 0.443214 3.63787 7.1648
5.7587 0.443214 3.63787 6.79207
5.84074 0.658895 3.63787 6.27682
5.7498 0.642975 3.63787 6.27682
4.74876 0.642975 3.63787 6.27682
5.30299 0.642975 3.63787 7.50042
5.12004 0.642975 3.63787 7.50042
5.12004 0.642975 3.63787 7.0561
4.39617 0.927224 6.13725 4.78703
4.51491 1.60286 6.13725 2.44004
4.07376 1.60286 4.65834 2.44004
4.29448 2.54731 7.08803 4.27005
4.83156 2.54731 7.68281 4.27005
4.83156 2.54731 7.68281 4.27005
4.83156 2.54731 6.63567 5.3281
3.83952 1.75878 6.61542 5.3281
3.83952 0.987213 6.43224 5.3281
3.53169 0.609038 3.39424 4.02446
3.53169 0.609038 4.11812 4.02446
3.68971 0.609038 3.1276 7.11903
3.68971 0.609038 3.1276 7.11903
3.85833 1.17762 3.1276 7.41063
3.51167 1.88817 3.1276 7.41063
3.90745 1.88817 3.1276 7.41063
3.90745 2.20534 3.1276 7.41063
3.90745 1.99248 3.76308 7.41063
3.57919 1.99248 3.76308 5.93414
3.85634 2.70998 2.20924 5.07976
4.03374 2.43659 2.20924 4.54398
3.95188 2.43659 2.2997 1.07467
3.74575 2.17276 2.2997 3.68817
3.7157 2.17276 2.43139 3.68817
4.19356 2.27788 3.65785 3.53663
4.19102 2.27788 3.65785 3.53663
4.13329 2.27788 3.7638 3.53663
2.97286 1.92759 4.44629 3.53663
2.71766 1.29815 4.44629 3.2891
2.1811 1.11558 4.44629 3.2891
1.50306 1.11558 3.87316 3.2891
0.952957 0.643805 5.57485 3.2891
0.952957 0.622279 7.73652 5.11419
0.952957 1.38621 6.77847 5.2828
1.16744 1.38621 5.61926 5.23923
0.816875 0.939453 5.61926 5.4163
0.869741 0.939453 5.61926 5.4163
0.869741 1.60711 6.56649 5.4163
0.869741 1.60711 7.62031 5.04366
0.869741 1.60711 7.62031 5.4705
0.869741 1.60711 5.48894 5.49279
0.869741 2.185 3.06737 5.49279
0.523509 2.185 3.06737 4.81323
0.523509 1.99295 4.59702 4.81323
0.523509 1.99295 5.34121 4.61778
0.523509 2.69011 5.34121 4.61778
0.523509 2.69011 4.47073 3.41694
0.523509 2.60367 4.47073 2.39246
0.523509 2.60367 4.47073 2.39246
0.523509 1.72411 4.47073 3.85993
0.523509 1.14306 4.47073 3.85993
0.523509 1.14306 0.883917 1.35616
0.948467 1.14306 2.46565 1.98586
1.25135 1.14306 3.49412 1.98586
0.730393 1.22864 2.40578 1.98586
0.730393 1.67264 2.40578 2.84933
0.768655 1.59458 5.49407 2.84933
1.41692 2.14443 5.49407 3.1179
1.41692 2.17719 5.49407 1.14563
1.41692 2.17719 5.49407 1.14563
1.41692 2.17719 3.96425 1.14563
0.781011 1.77751 4.84167 1.14563
0.781011 1.74025 5.48871 1.72124
0.781011 1.74025 5.74399 1.72124
0.804042 1.74025 5.84331 1.72124
0.804042 1.74025 5.84331 1.72124
1.54208 1.9721 9.76019 4.53538
1.54208 1.9721 9.76019 4.53538
1.54208 1.9721 9.73973 6.50056
1.85002 1.9721 8.40254 6.50056
1.65957 1.6594 8.90953 6.05717
1.61481 1.6594 8.90953 6.27865
2.27319 1.54302 8.90953 8.30811
1.96306 1.10105 9.02061 8.30811
0.812439 1.10105 7.51195 8.30811
1.48677 1.10105 9.21285 7.65532
1.32884 1.10105 6.73143 8.70051
1.32884 1.10105 6.73143 10.1196
0.393077 1.10105 6.73143 8.27024
0.393077 1.10105 4.86938 8.27024
1.33082 1.10105 4.86938 8.27024
0.158692 0.353399 4.86938 8.27024
0.158692 0.353399 4.86938 8.27024
0.158692 0.303531 4.86938 8.27024
0.158692 2.2235 5.74437 10.2509
0.158692 2.2235 4.05988 10.4944
0.158692 2.48127 4.05988 9.33417
0.158692 2.8943 4.05988 9.33417
0.367865 2.8943 4.05988 8.11282
0.367865 2.92577 3.85841 7.86752
0.367865 3.09763 4.36781 8.10039
0.367865 3.04748 5.92661 8.10039
0.953069 2.94276 5.92661 7.12653
0.953069 2.94276 5.92661 6.8441
0.953069 3.25368 3.58219 6.8441
1.00213 2.85835 3.58219 7.98009
1.00213 2.62792 1.5499 6.80773
0.564758 2.60046 3.27024 7.75179
0.445682 1.83977 3.27024 7.75179
0.445682 1.08684 3.69518 7.75179
0.445682 1.70693 3.69518 7.75179
0.445682 1.65329 3.69518 7.75179
0.445682 1.65329 3.5053 8.7035
0.445682 1.65329 3.5053 9.78326
0.56462 1.65329 3.5053 7.35841
0.56462 1.33162 3.5053 7.35841
0.56462 1.33162 2.6394 8.7219
0.656521 1.33162 2.6394 6.55178
0.656521 1.33162 2.6394 6.55178
0.656521 1.33162 2.6394 6.55178
0.656521 0.239684 2.6394 6.15786
0.656521 0.732106 4.35779 6.15786
0.68893 0.732106 4.35779 6.15786
1.77427 0.732106 4.35779 6.15786
1.77427 0.732106 4.35779 6.15786
1.43281 0.76645 4.35779 6.02398
1.71585 0.76645 4.3878 6.02398
1.0698 1.00921 4.3878 6.02398
1.0698 1.00921 4.3878 6.02398
1.0698 1.00921 4.3878 5.16864
1.0698 0.375849 4.3878 5.16864
1.0698 0.375849 4.3878 1.75412
1.0698 0.375849 2.86335 1.38134
1.0698 0.375849 2.86335 1.38134
1.0698 0.375849 4.11033 1.38134
1.0698 0.375849 4.11033 1.38134
1.13499 0.964405 4.11033 3.72951
1.00978 0.964405 4.11033 3.72951
1.00978 1.07925 4.11033 3.72951
1.19196 1.07925 4.11033 3.72951
1.23402 1.07925 4.11033 3.72951
1.23402 2.42004 4.11033 3.72951
1.08086 1.91109 4.11033 3.72951
1.08086 1.91109 4.11033 4.42315
1.48757 1.96461 4.11033 4.42315
1.48757 1.66882 4.11033 4.42315
1.48757 2.22521 4.11033 4.19492
1.22311 2.22521 4.11033 4.19492
1.77193 2.22722 5.68227 4.19492
1.77193 2.14575 5.37495 4.19492
1.77193 2.79941 5.37495 4.19492
1.77193 2.79941 5.37495 5.12288
0.806833 2.79941 3.25063 5.29033
0.806833 2.01239 6.24021 5.75346
0.806833 2.01239 4.52225 5.75346
0.806833 2.01239 4.52225 7.02529
0.806833 1.86078 5.57814 7.02529
0.368347 0.61719 5.57814 4.75088
0.368347 0.0913758 5.57814 6.14873
1.62698 0.0913758 5.57814 2.87337
1.62698 0.0913758 5.57814 2.87337
1.62698 0.0913758 5.57814 2.62961
1.5561 0.0913758 3.89508 2.62961
0.835937 0.0913758 4.32149 2.67429
0.835937 0.0913758 1.32493 1.21176
0.703049 0.0913758 1.32493 1.37656
0.674706 0.0913758 2.83789 1.37656
0.674706 0.0913758 2.83789 2.35864
0.91147 0.132496 2.83789 1.94457
0.91147 0.132496 2.83789 1.94457
0.91147 0.132496 2.83789 1.94457
1.17438 1.49463 1.76544 1.94457
1.51888 1.1817 2.53992 1.94457
1.51888 0.884458 2.53992 1.94457
1.31187 0.884458 4.70305 4.44548
1.31187 0.884458 2.35929 4.72082
1.31187 0.884458 3.35287 4.72082
1.31187 0.884458 2.00263 3.98736
1.05222 0.884458 2.00263 3.98736
1.05222 0.884458 2.75489 3.98736
0.767082 0.890027 2.75489 3.98736
0.767082 0.846214 2.75489 5.36183
0.767082 0.846214 2.75489 6.25354
0.970329 1.04724 2.75489 8.71855
0.970329 1.04724 1.89438 8.71855
0.887434 0.547723 2.57747 7.0966
0.887434 0.547723 3.98421 7.0966
0.887434 0.547723 3.98421 5.70563
1.25169 0.547723 3.98421 5.70563
1.29103 0.547723 2.47588 5.70563
1.54956 0.432023 2.47588 5.70563
1.54956 0.432023 2.47588 5.70563
1.54956 0.432023 2.47588 5.70563
1.54956 0.432023 2.47588 3.87124
1.54956 0.496488 1.40079 4.21593
1.19213 0.496488 1.40079 4.60355
1.19213 0.488556 1.40079 4.60355
1.69707 0.730536 3.61578 4.60355
1.96657 1.10006 3.61578 4.60355
1.91329 1.10006 1.63431 5.36538
2.02738 1.10006 1.63431 6.93532
0.859718 1.10006 1.63431 7.26327
0.859718 1.10006 1.63431 7.26327
0.859718 1.10006 1.63431 4.46498
1.08302 1.57439 1.63431 4.73586
1.08302 1.57439 1.63431 4.73586
1.09212 1.43558 2.22179 3.24209
1.27253 1.43558 1.94961 3.24209
1.27253 1.43558 1.94961 3.24209
1.27253 1.43558 1.94961 4.59298
1.24602 1.43558 1.94961 4.59298
0.607776 0.71381 1.94961 4.59298
0.607776 0.71381 4.66702 4.59298
0.607776 0.71381 4.66702 4.59298
0.607776 0.71381 4.66702 4.46636
0.607776 0.71381 4.66702 3.81992
0.607776 0.71381 5.78653 3.81992
0.727943 0.71381 5.78653 2.86836
1.58777 0.71381 4.66099 2.86836
1.05641 0.460124 4.66099 1.45584
1.05641 0.460124 3.63999 4.11135
1.14304 0.615685 3.63999 4.11135
1.14304 1.50309 3.38977 6.15437
1.8256 1.50309 3.38977 7.53997
1.05548 1.50309 3.11512 7.53997
1.05548 1.56676 3.11512 5.9189
1.05548 1.90433 4.87721 6.62566
1.05548 2.83091 3.16435 6.62566
1.05548 2.83091 3.16435 4.49908
1.05548 2.83091 1.31436 4.80081
2.21944 2.83091 4.32605 4.37156
2.36667 3.11735 6.25525 4.37156
1.97257 2.76322 6.25525 3.82272
1.98933 2.76322 4.41226 6.48092
2.4327 2.76322 4.41226 6.25797
2.4327 2.76322 4.41226 3.37498
2.4327 2.76322 4.41226 3.37498
2.4327 1.84971 4.41226 3.39887
2.35522 1.84971 4.41226 3.39887
2.35522 1.71353 4.41226 3.33618
2.35522 1.60729 2.54908 3.33618
2.15142 1.60729 2.54908 3.33618
2.15142 1.60729 4.81188 3.79929
2.03726 1.19044 4.81188 3.79929
1.70601 1.67637 4.81188 3.79929
1.91148 1.67637 6.50432 2.87213
0.818577 2.03566 6.50432 2.87213
1.11416 2.26094 9.14386 2.87213
1.11416 2.52119 9.14386 2.87213
0.698208 2.66409 6.42612 2.87213
0.698208 2.66409 5.15532 2.87213
0.698208 3.3451 5.15532 2.87213
0.698208 2.86295 7.14674 2.87213
0.698208 2.86295 5.73481 3.1074
0.698208 2.98282 5.73481 1.36377
0.698208 3.06872 5.58702 1.36377
0.698208 3.06872 3.88937 1.36377
0.698208 1.86186 2.69988 3.99168
0.698208 1.33647 2.69988 3.99168
1.47026 1.13137 2.69988 4.17763
1.31379 2.14116 2.69988 3.72445
1.31379 2.14116 2.69988 3.72445
1.31379 2.00545 2.69988 3.72445
1.31379 1.86925 2.69988 3.69972
1.31379 1.97158 2.69988 1.83514
1.31379 1.97158 2.69988 1.83514
3.02147 1.97158 2.69988 4.38859
3.02147 1.7472 2.69988 5.94893
3.53567 2.41806 2.69988 7.5261
3.53567 2.41806 2.69988 7.5261
2.94451 2.00121 2.69988 7.53745
2.94451 2.00121 2.12691 6.66493
2.35265 2.37001 1.82659 6.66493
2.17419 2.02637 1.82659 7.60747
2.17419 2.02637 1.82659 7.22495
2.23725 2.28131 1.82659 8.9269
2.97008 2.1483 1.82659 8.9269
2.55698 2.22888 1.82659 9.36578
2.02354 1.86127 2.82091 8.27587
2.02354 1.86127 2.82091 7.80817
2.02354 2.48589 2.82091 6.61796
2.9208 2.04408 3.16337 6.61796
2.83885 1.97068 5.89879 6.61796
2.57136 1.97068 6.88781 7.61897
2.52954 2.35677 6.88781 7.61897
1.18307 2.35677 5.23906 8.76276
1.18307 1.69252 5.23906 6.82609
1.18307 1.24652 4.67572 6.22878
1.18307 1.47596 5.13149 6.04821
1.03675 1.47596 5.13149 8.34951
1.03675 1.47596 5.13149 6.42495
1.03675 1.47596 3.39622 6.84954
1.03675 1.61786 4.6579 4.09212
0.915654 1.61786 4.07126 4.32493
1.06308 1.86002 5.90862 4.71701
0.817128 1.86002 5.90862 4.71701
0.817128 2.40124 5.90862 4.71701
0.747267 1.01756 5.90862 5.63397
0.747267 1.01756 5.90862 5.44066
2.13138 1.01756 2.74112 5.78034
1.62867 1.01756 2.74112 4.87668
1.8375 1.01756 2.74112 2.96714
0.650536 0.982379 2.74112 3.8254
0.650536 0.982379 2.74112 3.8254
0.472199 0.748651 2.74112 3.8254
0.472199 0.748651 2.07 3.8254
0.832545 0.748651 2.28397 3.8254
0.77877 0.748651 2.28397 2.91161
0.77877 0.71649 2.28397 2.91161
0.77877 0.71649 2.28397 2.91161
0.77877 0.910556 2.28397 3.7237
0.77877 0.910556 2.79762 2.94273
0.77877 0.910556 2.79762 2.94273
0.759133 0.910556 2.79762 2.94273
0.763534 0.910556 2.79762 2.94273
0.763534 1.96741 2.79762 2.94273
0.754799 1.96741 4.80559 2.94273
0.754799 2.69683 4.80559 2.94273
0.846695 1.85946 4.80559 2.94273
1.48166 1.85946 4.80559 2.94273
1.48166 1.65592 1.89958 2.94273
1.65489 0.260302 1.89958 2.94273
1.7618 0.260302 4.46519 2.94273
0.948142 0.260302 4.46519 2.94273
0.948142 0.260302 4.46519 2.94273
1.03745 0.282609 3.97878 4.73279
2.63759 0.282609 3.97878 4.73279
2.16282 1.60852 3.97878 3.60302
2.67869 1.60852 2.43761 3.60302
1.74366 1.60852 1.61799 3.60302
0.653798 2.52294 3.70427 3.60302
0.653798 2.52294 1.7764 3.60302
0.184374 2.52294 4.22197 3.60302
0.184374 2.52294 4.22197 4.71903
0.184374 2.52294 4.15747 5.69807
0.184374 2.52294 4.15747 5.69807
1.55757 2.52294 3.8321 5.69807
1.73772 2.52294 5.49879 6.95547
1.73772 1.75932 4.49879 7.65351
1.25033 1.6138 4.49879 6.72776
0.735787 2.32648 4.49879 6.72776
0.735787 2.32648 4.49879 6.44768
0.82566 2.32648 7.36647 5.19906
0.82566 2.32648 7.24686 5.19906
0.700682 2.32648 6.21816 4.29473
0.700682 2.32648 3.77169 4.79222
0.700682 1.75744 3.77169 6.15238
0.700682 1.75744 3.77169 5.96938
0.700682 1.36922 3.77169 5.65307
0.461235 1.36922 3.77169 5.65307
0.461235 1.66631 3.77169 5.50812
0.461235 1.40528 3.11881 5.50812
0.461235 1.54516 3.11881 4.704
0.461235 1.54516 3.11881 4.26845
1.26801 1.54516 4.88819 4.26845
0.0998648 1.12099 5.05275 4.26845
0.978725 1.23008 5.76086 5.64823
1.70122 1.23008 5.76086 5.64823
1.6336 1.14942 5.76086 5.64823
2.28093 1.12693 4.56229 5.64823
2.28093 1.12693 4.56229 3.85495
2.24552 0.73506 4.56229 3.85495
2.04067 0.73506 1.54518 5.23197
2.04067 0.73506 2.42165 5.23197
1.87371 0.73506 2.42165 5.23197
1.87371 1.12683 1.11514 5.23197
1.87371 1.19115 1.11514 5.23197
1.87371 1.19115 3.24953 3.07382
1.87371 1.67314 3.24953 3.07382
2.28287 1.59516 2.60137 3.93486
2.28287 1.59516 2.89729 3.93486
2.92634 1.85404 2.89729 3.93486
1.58625 1.67037 2.89729 3.93486
1.58625 1.29361 2.89729 3.93486
0.656267 1.72217 2.89729 3.93486
0.656267 1.95322 2.89729 4.53852
0.656267 1.95322 2.89729 4.53852
0.656267 2.97518 2.89729 5.66058
0.656267 1.78852 2.89729 4.65418
0.656267 1.68089 2.57361 4.65418
0.656267 2.6206 2.57361 4.36284
0.656267 2.07336 2.57361 4.36284
0.656267 2.07336 2.57361 4.36284
0.606209 2.07336 2.57361 4.36284
0.606209 2.07336 2.57361 3.34233
0.606209 2.07336 2.57361 3.24085
0.588041 2.07336 2.57361 4.7286
0.273433 2.07336 0.804414 6.04152
0.273433 2.27536 2.08619 4.97721
0.273433 2.27536 2.69761 4.97721
0.273433 1.5094 2.69761 4.97721
0.273433 1.5094 2.69761 5.72803
0.273433 1.5094 2.69761 5.89532
0.273433 1.5094 2.69761 6.8576
0.273433 1.5094 2.69761 6.8576
0.273433 1.5094 2.69761 6.8576
0.273433 1.17973 2.69761 4.4838
0.273433 1.52895 2.69761 4.4838
0.273433 1.35016 2.69761 3.91864
0.273433 1.35016 2.69761 3.33958
0.273433 1.40836 2.69761 3.75892
0.273433 1.40836 2.69761 3.75892
0.273433 1.40836 2.66988 3.75892
0.980896 1.88216 2.66988 4.56351
0.980896 2.00692 2.66988 3.86344
1.20809 2.14891 2.66988 3.86344
2.72209 2.14891 4.07853 3.86344
3.10353 2.14891 4.07853 3.86344
2.28877 1.94111 4.07853 3.86344
2.28877 1.9533 4.07853 4.21849
2.28877 1.9533 3.84705 4.62103
1.64161 1.86942 3.84705 4.62103
1.64161 1.4353 3.84705 4.62103
1.66429 1.4353 3.84705 4.62103
1.66429 1.4353 3.84705 4.62103
1.66429 1.38994 1.45798 4.62103
1.66429 2.00838 2.29353 3.70997
1.66429 2.00838 2.58529 3.67234
2.0062 2.00838 2.78585 3.67234
2.0062 2.00838 4.38793 3.67234
2.0062 1.93065 4.76182 4.19523
2.0062 1.1214 4.76182 4.19523
2.0062 1.1214 4.76182 4.08419
2.0062 1.92516 4.76182 4.08419
2.05089 2.79927 4.76182 4.08419
1.85281 2.79927 5.97484 4.08419
0.852808 2.93987 3.70366 4.08419
1.74237 3.08398 3.70366 4.08419
1.74237 2.84723 3.70366 4.21772
1.74237 2.84723 3.90188 4.21772
1.25652 2.84723 3.90188 4.21772
1.85353 2.84723 4.28124 4.21772
1.85353 2.28576 4.28124 6.46949
1.85353 2.28576 4.28124 6.46949
1.85353 2.28576 2.66844 6.46949
1.80933 1.56715 2.66844 6.88746
1.80933 1.56715 2.66844 7.79135
1.80933 1.56715 2.66844 7.28576
1.80933 1.56715 2.66844 5.53852
1.80933 1.6259 2.66844 5.53852
2.00705 1.37556 3.73139 5.53852
2.3963 1.81042 2.14196 5.64577
2.3963 2.18123 2.14196 4.96752
2.3963 1.7529 2.14196 4.96752
2.3963 2.71728 2.14196 4.96752
2.3963 2.71728 2.14196 4.43979
2.42456 2.83184 2.14196 4.43979
2.87105 2.83184 3.75604 4.43979
2.97604 3.15168 3.75604 4.61077
3.50623 3.30884 3.75604 2.09164
3.50623 2.09004 3.75604 2.09164
3.2937 1.42632 3.75604 2.09164
3.2937 1.3673 3.75604 2.09164
3.59107 0.993857 7.34481 3.98667
2.82436 1.02975 7.34481 5.20414
2.82436 1.02975 7.34481 5.20414
2.82436 1.4219 6.98922 3.47377
3.2139 1.4219 6.98922 3.47377
3.2139 1.45943 7.439 2.37219
3.2139 1.45943 6.17746 2.37219
3.81716 1.45943 6.17746 2.3451
3.26008 1.45943 6.17746 5.04374
2.79381 2.07656 7.5035 5.04374
2.58383 2.03909 6.97868 3.01641
2.58383 2.40066 5.55793 3.01641
1.94391 2.34921 2.21725 3.30024
2.09723 1.55957 5.23621 2.6334
2.09723 2.21385 7.81865 1.75744
2.01916 2.21385 7.81865 2.5558
2.01916 2.47249 7.81865 4.25425
1.77847 2.03904 6.89899 4.25425
1.94006 1.97252 6.89899 4.25425
1.94006 1.97252 6.89899 4.15402
1.94006 1.97811 6.89899 3.46774
2.24607 1.57978 6.89899 4.26332
2.24607 1.06595 6.89899 4.26332
2.24607 1.06595 6.26182 3.38967
2.45568 1.06595 6.26182 3.46891
2.45568 1.06595 6.26182 5.74605
1.21239 1.06595 5.06669 5.74605
1.21239 1.84045 4.51296 5.74605
1.21239 1.84045 3.56469 7.0331
1.21239 1.84045 4.22547 7.95294
1.21239 1.20633 6.65024 5.07467
1.62686 0.897402 6.65024 5.07467
1.00192 1.48513 6.65024 4.36071
0.678552 1.48513 5.6186 4.36071
1.08188 1.68981 7.06502 4.36071
1.08188 0.551606 6.89378 2.03256
1.11129 1.11382 6.89378 2.03256
1.11129 0.411033 5.69814 2.03256
1.1026 0.411033 5.69814 1.28013
1.1026 0.411033 4.42616 1.28013
1.1026 0.988027 1.58314 1.28013
1.12104 0.988027 1.58314 1.56287
1.03996 0.988027 1.58314 3.15313
0.917802 0.988027 1.58314 3.15313
0.917802 0.753444 1.58314 3.15313
1.24604 0.753444 5.21626 3.15313
1.24604 1.41532 5.21626 3.15313
1.24604 1.97464 5.21626 3.74703
1.22204 1.97464 5.25511 2.98557
1.40584 1.97464 3.35467 3.82592
1.96516 1.97464 3.35467 3.82592
1.45168 1.97464 3.42099 3.82592
2.29635 1.08911 3.42099 3.94087
2.12047 1.08911 5.12197 3.94087
1.73275 1.08911 5.12197 1.22511
2.22553 1.08911 5.80378 3.56633
2.22553 1.35533 5.80378 3.56633
2.22553 1.35533 5.80378 3.56633
2.22553 1.60576 5.80378 3.56633
2.22553 1.53322 5.80378 3.56633
2.22553 1.53322 3.27164 3.56633
2.27857 1.53322 3.27164 2.66447
2.27857 1.53322 3.27164 2.66447
2.27857 1.53322 2.54463 2.66447
1.91456 1.53322 2.54463 2.66447
1.91456 1.53322 2.54463 1.76071
1.5427 1.53322 5.40755 1.76071
0.941837 1.81728 5.40755 0.883059
0.941837 1.81728 6.33438 0.883059
1.29821 1.81728 6.33438 1.10193
2.66772 1.1871 7.1768 1.10193
2.91418 1.65972 7.1768 1.7774
2.91418 1.65972 7.1768 1.7774
2.91418 2.27487 6.31214 1.7774
2.1226 2.27487 6.6139 1.7774
2.1226 1.7154 4.50805 1.38547
2.12254 1.7154 5.32427 1.38547
0.905367 1.7154 3.01532 1.38547
0.787505 1.7154 3.01532 3.92729
0.787505 1.8047 3.01532 3.92729
0.787505 2.01027 3.01532 3.92729
1.15069 2.48465 3.01532 3.92729
0.734313 2.48465 2.39071 3.92729
0.734313 2.60809 1.73255 4.78667
0.734313 2.57165 1.73255 2.62014
0.734313 2.57165 1.73255 4.27032
0.734313 1.92687 1.73255 7.05871
0.945933 2.4819 1.73255 6.23864
0.945933 2.4819 3.8388 6.23864
0.869854 2.4819 3.8388 6.23864
1.1633 2.4819 3.8388 8.10791
1.1633 2.15135 3.8388 2.47613
1.1633 2.15135 1.8841 2.47613
1.1633 2.15135 1.8841 5.06141
1.1633 2.15135 1.8841 5.03489
1.1633 2.15135 1.8841 5.03489
1.1633 2.15866 1.625 5.03489
1.1633 2.28123 1.625 5.03489
0.572195 2.28123 1.625 5.03489
0.572195 2.95676 1.625 4.29617
0.572195 3.49843 4.27323 4.29617
0.572195 3.1816 4.27323 4.29617
0.572195 2.86261 3.59567 4.29617
0.572195 2.72171 3.59567 5.28729
0.572195 2.72171 3.59567 5.00255
0.820954 2.45841 3.59567 4.97281
0.329387 2.30827 3.59567 4.96968
0.329387 1.79971 5.90837 4.96968
0.329387 1.79971 5.90837 7.8389
0.329387 0.91808 3.85259 7.8389
0.329387 0.91808 4.03018 8.94355
0.329387 0.91808 4.32579 11.4153
0.869016 0.793827 4.32579 10.7964
1.09129 0.793827 4.32579 11.1913
1.09129 0.25267 3.74047 11.3282
1.09129 0.25267 3.74047 11.3282
1.09129 0.25267 3.74047 11.7925
1.09129 1.15228 3.77108 11.3742
0.537024 1.90044 3.41939 11.3742
0.700497 1.90044 3.41939 11.7458
0.700497 1.90044 4.08867 12.0473
1.08979 1.90044 4.08867 12.0473
1.10522 1.18875 4.08867 11.435
1.10522 1.18875 4.08867 11.435
1.60981 1.91046 4.08867 11.435
1.60981 2.08027 4.08867 11.435
0.886566 2.08027 5.81345 11.435
1.13674 1.34744 5.81345 11.435
1.13674 2.65436 5.81345 10.3041
1.13674 3.07998 5.81345 8.00623
1.13674 2.79609 4.47807 8.00623
1.51426 2.79609 4.6309 8.00623
1.51426 2.79609 4.6309 7.10082
1.25744 2.79609 5.69043 9.50578
2.30008 2.82727 5.69043 9.65795
2.30008 2.82727 6.11231 9.65795
2.30008 2.82727 4.43767 8.99611
2.30008 3.22392 4.4974 8.99611
1.44837 3.42906 4.4974 7.83169
1.44837 3.27515 4.4974 8.669
1.73124 3.27515 4.4974 11.4014
1.73124 3.27515 4.4974 11.4014
1.73124 3.31312 4.4974 11.4014
1.73124 2.69032 4.4974 10.759
1.73124 2.69032 4.4974 10.759
1.73124 3.19452 2.99319 11.4188
1.73124 3.19452 2.99319 11.421
1.73124 3.19452 2.99319 11.0315
2.22109 2.92127 2.99319 11.0315
2.22109 1.85732 5.33162 11.0315
1.94264 1.86671 5.33162 11.0315
1.94264 1.04728 4.41969 11.1307
1.04489 0.942302 4.33199 7.62111
0.922799 0.942302 3.99712 5.7222
0.922799 0.942302 5.04943 5.7222
0.922799 0.942302 5.04943 5.7222
0.922799 0.913194 4.8699 3.92812
0.922799 0.787863 4.8699 4.53733
0.922799 0.787863 2.5626 4.53733
0.922799 1.11238 2.5626 5.96208
1.23484 0.951789 2.5626 4.17288
1.23484 0.625849 2.5626 4.17288
1.11547 0.625849 2.18063 4.17288
1.11547 0.63576 2.13148 4.17288
1.11547 0.63576 2.13148 5.52765
0.782143 0.536612 3.85666 5.52765
0.782143 0.375952 3.54806 3.88696
0.782143 0.375952 3.54806 3.74693
0.782143 0.375952 3.54806 5.72704
0.542868 0.375952 5.14664 2.10221
0.542868 1.42104 5.14664 2.5458
0.542868 1.25512 5.14664 2.5458
0.542868 0.841954 5.44734 4.44674
0.486191 0.841954 5.44734 3.43269
0.486191 0.841954 6.82744 3.43269
0.486191 0.841954 5.50668 4.39039
0.486191 0.841954 5.50668 4.39039
0.486191 0.841954 5.50668 4.39039
0.486191 0.841954 5.65036 4.39039
0.486191 0.841954 3.97247 4.39039
0.565744 1.01437 4.18604 4.65383
0.565744 1.07428 4.18604 4.65383
0.565744 1.07428 6.13354 6.06901
0.565744 1.20415 6.13354 6.06901
0.565744 0.52378 6.13354 6.06901
0.359101 0.757436 3.79674 5.74067
0.359101 0.757436 0.708376 5.74067
0.359101 0.757436 0.708376 6.68988
0.359101 0.757436 0.780658 6.68988
0.667291 0.757436 0.780658 6.68988
1.84413 1.52915 2.5217 7.58574
1.84413 1.52915 2.5217 7.58574
1.84413 1.52915 2.5217 8.74845
1.60479 1.52915 2.5217 7.50865
1.28544 1.81266 4.61704 7.50865
1.28544 1.81266 8.31249 7.50865
1.28544 1.81266 8.31249 7.83796
1.58631 1.81266 8.31249 8.75199
1.58631 1.81266 6.63086 10.1367
1.58631 1.47294 6.5164 8.74042
1.58631 1.45178 6.00337 8.2363
1.58631 1.45178 6.00337 8.2363
1.37532 1.45178 7.76084 8.2363
1.26663 1.45178 8.02072 8.2363
1.26663 1.3495 7.13375 8.277
1.96767 1.3495 8.17355 8.277
1.96767 1.3495 8.17355 8.277
2.64646 0.706497 8.61004 7.4116
2.64646 1.09229 8.61004 7.4116
1.62429 0.943262 4.91827 7.4116
1.15243 1.1586 6.45917 8.44898
1.16525 1.1586 6.45917 9.5183
0.989704 1.1586 6.47721 11.6225
0.989704 1.1586 6.47721 11.1226
0.40134 0.933778 3.89288 11.7303
0.40134 1.16776 6.5678 8.86913
0.40134 0.364793 7.32933 5.77018
0.40134 0.364793 5.50371 8.88166
0.40134 0.364793 6.52542 8.88166
1.22475 0.364793 6.52542 8.88166
2.53208 0.364793 6.19571 8.88166
3.13785 0.364793 7.1471 8.88166
3.13785 0.364793 6.26638 8.88166
2.79366 0.364793 5.92962 6.96355
2.79366 0.364793 6.7821 5.38316
2.39247 0.364793 6.05332 5.38316
2.39247 0.364793 4.60403 5.38316
2.39247 1.31953 4.03568 4.24321
2.39247 1.45372 4.03568 8.31491
1.59707 1.27429 4.03568 7.5861
0.746215 0.315304 4.03568 8.10317
0.746215 0.315304 3.26028 8.10317
0.746215 0.315304 4.10678 10.0566
0.746215 0.315304 5.84726 8.59375
0.746215 0.315304 3.75419 8.47925
0.746215 0.315304 3.75419 8.47925
0.746215 0.315304 5.64314 8.47925
1.10978 0.315304 5.64314 8.47925
1.10978 0.315304 6.31344 8.47925
1.44801 0.315304 7.40648 8.47925
1.26005 0.315304 4.99846 7.3962
1.1358 0.315304 4.99846 7.3962
0.936702 0.87225 5.97751 5.94401
0.936702 0.87225 5.77337 6.95813
0.936702 0.87225 3.48527 6.95813
1.6722 0.72386 3.48527 5.49754
1.6722 1.57518 3.48527 3.03589
1.6722 1.57518 3.48527 3.03589
0.860109 2.27082 2.43414 2.15702
0.860109 3.47697 3.36686 2.29258
0.626175 3.18153 1.7737 2.29258
0.626278 2.91116 2.14771 2.29258
0.626278 2.23429 2.50337 1.06687
0.626278 1.84788 3.36109 1.06687
0.790917 1.84788 5.04958 2.75986
1.13959 1.73047 5.04958 2.75986
1.18425 1.73047 4.68095 1.8061
1.18425 2.33708 5.22144 2.65376
2.27646 2.33708 5.22144 5.90912
2.27646 3.258 5.37652 7.27881
3.00797 3.258 5.37652 5.87578
2.3228 3.38515 3.08729 4.95653
2.31482 3.38515 3.08729 5.21679
1.7253 2.47307 3.08729 5.21679
2.24377 2.21634 3.08729 5.21679
2.24377 2.21634 3.08729 5.21679
2.24377 1.96159 6.27738 2.99134
1.74109 1.5595 8.6081 2.22004
1.74109 1.5595 8.62287 2.22004
1.3447 1.72132 8.62287 2.22004
1.7225 1.28311 8.62287 1.93008
1.62727 1.28311 11.5278 2.98966
1.50105 1.28311 11.5339 2.98966
1.14515 1.2259 9.18234 2.86134
1.14515 1.00373 6.94856 2.86134
1.39805 1.60901 9.39097 3.92816
1.39805 1.41124 8.85072 3.93726
2.26614 1.41124 6.15754 3.93726
2.26614 0.957614 4.00122 3.52154
1.94583 0.245651 3.52002 2.33252
2.14181 0.245651 3.52002 2.5814
2.79827 0.245651 3.82577 2.5814
2.79827 0.245651 1.02277 2.5814
2.79827 1.11963 2.86514 3.48598
2.04451 1.17207 2.86514 3.48598
1.24394 1.17207 2.32118 3.91479
1.95202 1.1783 2.66132 3.91479
0.984793 0.737118 2.66132 3.91479
0.984793 0.684503 2.25264 3.91479
1.21226 0.684503 2.07058 7.1377
1.39626 0.827667 3.17672 7.1377
1.39626 0.827667 2.42381 7.1377
0.69629 1.81535 2.42381 6.98085
0.69629 2.53039 2.42381 6.98085
0.69629 2.43366 3.66278 6.98085
1.22346 2.68257 3.66278 7.06794
1.22346 2.68257 3.66278 5.47186
1.22346 3.01503 2.73486 5.47186
0.61986 2.1621 2.73486 5.12314
1.56503 1.95534 3.34298 5.12314
1.56503 1.95534 3.63706 5.12314
1.56503 2.4243 1.53382 5.12314
1.39906 1.49556 1.53382 4.03855
1.39906 1.49556 1.53382 4.03855
1.39542 1.49556 5.03975 4.03855
1.46983 1.85046 5.03975 3.64879
1.46983 2.23497 4.44692 3.64879
1.46983 2.30027 8.00472 3.24789
1.46983 1.18732 6.92632 3.8144
0.772748 1.18732 6.92632 2.80996
0.962306 1.74409 6.92632 2.80996
1.44264 1.74409 6.92632 2.80996
1.21845 1.57875 6.92632 3.28919
1.21845 1.57875 5.94864 3.28919
1.54033 1.60317 6.34031 3.28919
1.46619 1.4748 3.63001 3.28919
1.46619 1.4748 3.90977 3.28919
1.46619 1.4748 2.53924 6.61767
1.46619 1.4748 2.53924 6.61767
1.46619 1.4748 2.32902 3.84152
1.46619 0.843771 2.32902 3.84152
1.78593 0.843771 4.6058 5.28518
1.78593 0.843771 3.0586 3.64232
1.78593 0.843771 4.26522 3.64232
1.12975 0.843771 4.26522 5.04138
2.15557 1.3347 4.26522 5.04138
1.95918 1.39562 1.28402 5.04138
1.1362 2.01089 1.28402 5.04138
1.09407 2.01089 2.07038 5.66083
1.39567 1.96327 2.07038 4.2704
1.37352 1.96327 2.77888 4.2704
2.28364 1.96327 4.67232 4.46306
1.81195 2.8789 4.67232 4.46306
0.873447 1.95131 4.95043 4.66485
0.640261 1.95131 6.53522 4.66485
0.640261 1.95131 6.02589 4.66485
0.62599 1.55101 6.02589 4.66485
0.62599 2.21346 6.90289 4.66485
0.62599 0.638606 6.68073 4.66485
0.62599 0.638606 6.68073 4.29352
0.62599 0.770794 5.81389 4.48272
1.21775 0.770794 6.12401 4.48272
1.21775 0.457463 6.12401 5.778
1.21775 1.51488 6.12401 5.778
1.21775 1.51488 4.31464 5.778
1.53774 3.52715 4.31464 4.71425
1.53774 3.52715 4.86191 3.05891
1.17708 3.52715 2.17338 2.96436
1.17708 3.64836 4.27653 2.96436
1.17708 3.20679 4.27653 2.96436
1.12704 2.88519 4.27653 2.12889
1.12704 2.88519 3.13458 2.12889
0.979901 2.88519 4.12578 2.12889
0.979901 2.36051 4.78429 2.12889
1.50828 2.36051 4.78429 2.12889
1.61092 2.36051 4.92454 3.10204
1.61092 2.77009 5.14618 3.10204
1.61092 3.55204 4.84453 3.10204
1.61092 2.95426 5.75778 3.89095
1.61092 2.95426 6.24165 5.73773
1.61092 3.67211 8.14919 7.48008
1.06444 3.67211 8.14919 7.48008
1.95728 3.67211 6.67007 9.70471
1.95728 3.67211 6.85595 9.70471
0.927546 3.59267 7.75018 9.70471
0.927546 3.59267 8.31884 7.49051
0.927546 3.40326 7.67279 6.04296
0.927546 3.57146 7.67279 6.44921
0.782895 3.7195 6.86634 4.7867
0.782895 3.16684 6.8382 3.82142
0.321015 3.193 6.8382 3.82142
0.321015 3.39412 6.8382 3.82142
0.321015 3.39412 5.08012 3.82142
0.321015 3.39412 5.08012 3.65615
0.321015 3.39412 3.62194 3.65615
0.321015 2.4963 2.58583 3.65615
0.321015 2.4963 3.38809 3.65615
0.321015 3.05386 3.38809 4.2834
0.321015 2.15791 3.31023 4.2834
0.820561 3.23287 2.55141 5.54781
0.672473 3.23287 2.55141 5.54781
0.672473 3.55711 2.39682 4.07238
0.634114 2.66716 2.39682 4.07238
0.699091 2.66716 4.07422 5.75732
0.699091 2.42283 3.15777 5.75732
0.699091 2.60978 0.878022 4.30319
0.699091 2.60996 0.796442 4.10833
0.89411 2.60996 0.796442 4.10833
0.89411 2.4846 0.796442 4.10833
0.615802 2.4846 3.90275 4.10833
0.615802 2.4846 3.90275 4.10833
0.615802 2.4846 3.90275 4.10833
0.615802 2.49219 3.90275 5.5738
0.615802 2.49219 3.90275 5.5738
0.430098 2.49219 2.9003 4.08356
0.430098 2.09237 2.9003 2.99514
0.430098 2.09237 2.9003 3.16629
0.430098 2.09598 2.9003 2.94568
0.658232 2.41775 2.9003 2.94568
0.924933 2.41775 3.23051 4.89446
0.924933 2.41775 6.35583 5.69921
0.761335 2.38176 4.03237 5.08476
0.761335 2.38176 0.682576 4.54153
0.761335 2.38176 1.88867 4.54153
0.761335 3.03811 1.88867 4.54153
1.01524 3.03811 1.88867 4.54153
1.01524 2.96556 1.88867 4.54153
0.726076 2.86304 1.88867 4.84137
0.726076 3.38933 1.88867 4.84137
0.726076 3.38933 1.88867 4.23935
0.726076 2.50322 1.88867 4.23935
0.791678 1.85214 1.88867 4.23935
0.791678 1.85214 1.88867 5.8611
1.797 1.5173 4.05365 5.8611
1.797 0.733068 6.84076 4.0065
1.1106 0.733068 4.1596 3.66515
1.86049 1.25096 4.1596 3.66515
1.51194 1.25096 3.86864 3.66515
1.58687 1.25096 3.86864 3.66515
1.67346 1.19922 3.86864 3.45086
2.54353 1.19922 3.86864 3.45086
2.62424 1.23967 3.69219 3.45086
1.91228 1.23967 0.922667 2.53325
1.91228 1.23967 1.06928 2.53325
1.96433 1.24786 3.38626 6.23421
1.96433 1.24786 3.38626 7.04526
1.89468 0.850373 3.38626 7.04526
1.89468 0.850373 3.23889 6.27332
0.95176 0.850373 4.20177 6.27332
0.95176 0.850373 5.49457 6.27332
0.940397 0.850373 5.49457 7.345
0.940397 0.850373 4.75129 7.345
1.01098 1.75671 4.75129 6.76027
1.716 1.78944 5.66417 9.08675
1.716 1.78944 2.0227 8.25628
1.7998 1.29676 2.0227 8.25628
2.2804 0.976498 3.23828 8.25628
2.06704 1.16829 3.23828 8.25628
1.57843 1.53855 3.23828 6.61194
1.75128 1.53855 3.23828 7.47786
1.75128 1.39195 3.23828 7.24061
1.83439 1.39195 3.23828 7.24061
1.83439 1.39195 3.23828 4.35582
1.83439 1.39195 3.23828 3.74175
1.58513 1.39195 3.23828 3.74175
1.72234 1.5902 4.89143 1.70793
1.69089 1.5902 4.89143 1.70793
1.69469 1.67342 6.30601 3.18971
1.06895 1.67342 6.30601 3.18971
1.12418 1.6998 6.60484 3.75085
0.723844 1.6998 5.86428 3.75085
0.723844 1.4175 7.92481 3.75085
0.723844 1.498 7.92481 3.75085
0.723844 1.498 8.04341 5.40158
0.426081 1.48477 8.04341 5.95339
0.426081 1.53749 6.14513 6.62458
0.426081 0.409721 6.14513 6.62458
0.426081 0.409721 6.14513 6.62458
1.47111 0.654147 6.03523 6.62458
1.0986 0.654147 3.58988 6.62458
1.59374 0.654147 0.731102 6.62458
1.12728 0.654147 0.731102 6.62458
0.907069 0.654147 0.731102 6.62458
1.13475 0.654147 4.23157 8.40339
1.14496 0.857535 4.23157 6.74744
1.14496 0.857535 5.79397 6.27325
0.962669 0.857535 5.79397 5.10892
0.962669 0.857535 4.99646 4.15604
0.414288 0.857535 4.41779 4.15604
0.414288 1.08569 4.41779 4.15604
0.414288 1.15401 3.40157 4.15604
0.414288 1.19744 1.43011 4.03648
0.414288 0.646139 2.80845 4.77392
0.414288 0.646139 2.35203 4.77392
0.414288 0.646139 2.35203 6.07119
0.414288 0.922714 2.35203 6.07119
0.414288 0.922714 2.35203 6.07119
0.49771 1.04336 2.35203 5.88748
0.49771 1.81362 2.1696 5.88748
1.49718 1.81362 2.1696 5.51265
1.42777 2.00538 3.20327 4.80393
1.76039 2.00538 3.20327 4.80393
1.76039 2.00538 3.20327 6.17832
0.789325 2.00538 3.20327 7.86284
0.789325 2.00538 3.20327 7.3327
0.789325 2.00538 3.20327 7.3327
1.12961 1.84643 3.20327 4.79838
1.12961 1.85065 3.20327 5.97216
1.12961 1.85065 3.20327 5.97216
1.56723 1.85065 2.41675 5.94681
1.56723 1.88137 1.98788 6.27248
2.61581 1.69108 3.51814 6.27248
2.51944 1.99575 4.49886 6.11782
2.80723 1.91208 7.19218 5.98272
2.46072 1.91208 6.04081 5.98272
2.46072 2.07229 6.04081 8.92441
2.46072 2.07229 6.30883 7.47708
2.57944 0.571757 6.30883 7.47708
2.89805 0.571757 3.82089 8.94144
2.68891 0.213442 3.82089 7.74921
1.18595 1.14521 3.82089 7.74921
1.23586 0.895797 3.82089 7.35634
0.646924 1.24506 3.82089 8.04466
0.561443 1.24506 5.31993 8.04466
1.16387 1.24506 5.27586 8.04466
1.04518 1.24506 5.3825 8.04466
0.971489 1.24506 7.92696 8.04466
0.971489 1.24506 6.26194 8.04466
0.62588 1.24506 4.40299 8.04466
1.36994 1.34667 3.67249 7.67891
0.993336 1.34667 1.9285 7.13663
1.79149 1.34667 1.9285 3.71567
2.34207 0.965798 2.05849 0.959045
1.70271 1.52118 3.71012 0.959045
1.70271 1.31296 3.71012 4.48329
1.70271 0.816269 3.71012 3.36096
1.70271 0.816269 4.2767 6.56543
1.70271 0.816269 4.2767 6.56543
2.47606 0.816269 4.53977 8.86033
1.36234 0.816269 5.59212 8.86033
1.3953 1.42669 5.59212 8.86033
1.3953 2.10185 5.59212 8.86033
0.440257 1.46223 5.59212 8.86033
0.440257 1.13683 6.78857 7.86488
0.440257 2.00771 4.61784 8.45534
0.440257 2.36592 4.45446 7.92688
0.440257 2.36592 4.45446 7.92688
0.440257 2.36592 4.45446 7.92688
0.440257 2.38417 5.20525 7.74584
0.440257 1.83488 5.35499 7.74584
0.440257 1.55593 7.69933 6.62929
0.440257 1.55593 7.66957 6.62929
0.440257 1.55593 7.66957 5.86035
0.440257 1.55593 9.60483 8.64153
0.749996 1.55593 9.39246 4.03356
0.710067 1.38236 9.39246 4.03356
0.710067 1.38236 9.39246 2.90394
1.98416 1.38236 9.39246 5.10495
1.98416 1.38236 9.39246 5.10495
1.98416 1.38236 9.39246 4.10106
1.91236 2.15778 5.96408 2.88545
2.14475 1.78689 5.96408 4.05334
2.14475 1.78689 8.06232 4.10083
3.05809 1.78689 9.07034 4.10083
2.78048 1.78689 9.07034 2.46679
2.78048 1.78689 9.07034 2.46679
2.78048 1.78689 9.07034 3.0416
2.28644 1.46201 9.07034 3.27968
2.28644 1.46201 6.41228 3.27968
2.28644 1.46201 7.77521 3.27968
3.30012 0.995882 7.77521 5.08225
3.15552 0.995882 7.77521 4.34977
3.15552 0.995882 8.41676 5.92892
2.70485 0.740644 8.62337 7.38975
2.24781 0.740644 7.54578 7.38975
2.60094 0.740644 5.80252 7.52829
2.60094 1.39784 6.20614 7.52829
2.80302 0.733003 6.16705 7.52829
2.80302 0.733003 6.16705 7.55844
2.9149 0.924921 6.16705 8.46936
2.86187 1.54808 5.785 7.96273
2.81015 1.54808 5.5366 7.96273
2.67683 0.67123 5.5366 7.96273
2.67683 0.67123 5.5366 7.11552
2.98902 0.67123 4.33012 7.98086
2.98902 0.716118 4.33012 7.2861
2.50052 0.716118 4.33012 7.2861
2.68766 1.4042 3.03808 7.2861
2.68766 1.47655 4.22055 7.2861
2.4225 1.47655 2.7798 5.94034
2.27042 1.47655 2.7798 5.94034
2.15014 1.06635 1.85784 5.94034
2.15014 1.06635 1.85784 4.3066
0.899263 1.06635 1.85784 4.3066
0.899263 1.06635 1.85784 3.95415
0.899263 0.834345 1.31061 3.95415
0.899263 0.834345 2.16926 3.95415
0.899263 0.834345 4.42208 5.2031
0.899263 0.834345 4.42208 5.2031
0.953139 0.834345 4.27265 5.2031
0.975898 0.834345 4.21395 5.2031
0.975898 0.834345 4.21395 3.93044
1.63935 0.971074 4.91515 4.31509
1.21745 0.771991 4.91515 4.31509
1.21745 0.771991 4.91515 4.31509
1.21745 0.771991 4.91515 4.31509
1.21745 1.66722 4.91515 0.822403
0.232243 1.66722 3.80037 3.16454
0.232243 0.997207 5.40042 3.16454
0.232243 1.32497 5.40042 1.88188
0.232243 1.57998 3.64223 1.88188
0.232243 1.261 3.64223 2.80786
0.232243 1.261 2.71877 2.80786
0.232243 1.261 1.63676 2.80786
0.232243 1.37184 5.12872 2.80786
0.838303 0.939755 5.6359 0.585939
1.36706 1.20227 5.6359 2.88525
1.36706 1.20227 5.92183 3.47796
0.553035 1.20227 7.49417 3.4073
0.682538 1.3232 7.49417 2.78658
0.682538 1.3232 7.21879 2.40666
0.682538 1.3232 6.41084 2.40666
0.595052 0.49662 2.90182 2.40666
0.595052 0.49662 3.01624 3.54845
0.595052 0.49662 2.07284 3.54845
1.29266 0.49662 2.07284 3.54845
1.94871 0.49662 1.75385 3.54845
1.8783 0.49662 2.22441 3.54845
1.8783 0.49662 3.6147 3.54845
1.8783 1.16781 6.73914 2.27921
1.8783 1.26977 6.73914 3.94473
2.48153 0.161769 5.19003 4.91944
2.49219 0.161769 5.19003 5.60715
2.20676 0.161769 2.12406 5.60715
2.20676 0.161769 2.12406 4.89607
2.54128 0.161769 2.12406 4.89607
2.54128 0.161769 2.12406 4.89607
2.54128 0.499424 2.12406 5.54664
2.78069 0.572438 2.12406 5.54664
2.78069 0.572438 2.12406 3.70734
2.78069 1.21753 2.12406 2.34115
2.75476 2.42735 2.12406 2.34115
2.75476 1.57047 2.12406 2.34115
3.36556 1.25352 2.0161 2.86631
3.36556 1.21499 3.78097 2.25434
3.36556 1.21499 3.78097 2.25434
3.36556 1.21499 3.78097 2.25434
3.36556 2.01782 3.78097 2.25434
3.36556 2.01782 6.31444 2.25434
2.04659 1.38984 4.17666 2.25434
2.04659 1.29528 1.838 4.20939
2.30033 1.29528 1.838 4.4265
2.30033 2.10262 4.78149 3.84388
1.27493 2.10262 4.78149 1.64633
1.54333 2.10262 4.78149 1.64633
0.95636 2.10262 4.78149 1.64633
0.95636 1.13714 5.92133 1.64633
0.95636 1.13714 3.8237 3.63007
0.95636 1.31975 3.8237 2.08198
0.970395 1.92841 3.8237 1.61182
1.48361 1.93505 3.8237 1.61182
1.26291 1.93505 3.8237 1.61292
1.1876 1.66483 3.8237 1.61292
1.1876 1.73905 3.74189 2.82423
2.0622 1.95873 4.07615 2.82423
2.0622 2.31331 4.07615 2.82423
1.73479 2.97706 4.07615 2.82423
1.73479 3.51459 4.29057 2.82423
1.73479 3.78042 4.29057 2.82423
0.880014 2.73012 4.29057 2.82423
0.880014 2.60986 7.32583 1.88108
0.880014 2.60986 7.32583 4.13221
0.880014 2.60986 7.71641 5.99068
2.20861 1.80605 7.68023 5.99068
1.4928 1.80605 8.77104 5.99068
1.09146 1.0285 10.9519 4.31217
0.582242 0.922952 10.4817 4.38087
0.582242 1.02806 10.4817 6.77597
0.372 1.21146 9.48826 6.77597
0.372 1.21146 9.48826 6.77597
0.372 0.742908 9.48826 6.77597
0.372 0.987925 5.67928 6.77597
0.372 1.18013 5.67928 7.69845
0.372 0.803221 4.1457 7.69845
0.372 0.803221 4.1457 5.64665
0.372 0.803221 3.14525 5.64665
0.891228 0.526262 3.14525 5.64665
0.891228 0.526262 2.95536 5.35539
2.01424 0.526262 3.75733 5.35539
2.01424 0.526262 2.13267 5.35539
3.29506 1.11501 2.13267 5.35539
2.19985 1.11501 3.7873 5.43859
2.98517 1.11501 3.7873 4.76796
3.212 1.11115 5.12399 4.76796
2.56733 1.11115 3.83481 4.76796
2.07459 1.36711 3.83481 5.52432
2.01782 1.351 3.83481 6.67152
2.01782 1.351 3.83481 7.96424
1.79572 2.19097 3.83481 6.9511
1.79572 2.19097 3.83481 6.01813
1.80196 1.69742 5.17846 5.20893
1.80196 1.40575 3.56983 5.20893
1.44352 2.33567 4.74561 5.20893
1.41941 2.37506 5.61442 4.8627
1.41941 2.37506 2.96933 4.8627
1.41941 2.37506 2.96933 1.42922
0.974016 2.03668 2.96933 1.93961
0.974016 2.00876 2.96933 1.19773
0.974016 2.00876 2.96933 3.36045
0.974016 2.00876 2.13887 3.36045
1.26687 1.87323 4.59675 3.36659
1.26687 1.22255 4.59675 4.59031
1.26687 1.22255 1.93356 4.59031
1.0717 1.22255 4.74973 6.80346
1.3258 0.54577 4.74973 4.77232
1.21125 0.54577 4.23685 4.77232
1.21125 0.54577 4.6926 5.31815
1.21125 0.54577 4.6926 4.14208
1.27466 0.54577 4.6926 3.41218
0.605012 0.54577 4.6926 1.98508
1.22779 0.54577 6.97705 1.3122
0.679626 0.702588 4.67644 3.01581
0.679626 0.516219 4.67644 3.01581
0.128365 0.516219 3.14427 1.59604
0.128365 0.516219 3.14427 1.59604
0.128365 1.58452 3.14427 3.25791
0.128365 1.0001 3.83562 3.25791
0.128365 1.0001 3.83562 3.25791
1.42108 1.0001 3.83562 4.85021
1.42711 1.23885 3.44035 4.85021
1.18711 1.23885 3.44035 6.76278
1.18711 1.23885 3.44035 7.85722
1.83994 1.52591 1.3126 8.09176
0.87536 1.52591 3.98525 7.03767
0.87536 1.66271 3.98525 6.18788
0.87536 1.66271 5.33006 7.41444
1.05868 1.66271 4.5537 11.3321
1.05868 1.66271 4.5537 10.1669
1.1709 1.46159 2.43555 10.1669
1.1709 1.46159 2.43555 8.44488
1.06454 1.46159 2.43555 8.15485
1.65496 0.994758 2.60771 8.15485
2.06317 0.714325 2.60771 8.0307
2.06317 0.714325 2.60771 8.7564
2.06317 0.714325 2.60771 8.7564
2.06317 0.714325 2.60771 8.7564
2.06317 1.11461 5.47682 5.49781
1.5716 1.11461 5.08173 5.49781
1.5716 1.2594 5.08173 6.34523
2.05392 1.2594 5.08173 3.86146
2.05392 1.2594 4.94867 2.48176
2.23609 0.812546 3.61274 2.48176
2.23609 0.812546 3.61274 2.48176
2.23609 0.812546 3.56465 2.48176
