         0.5   -0.974155 0.000513658
        0.53   -0.964896 0.000509216
        0.56   -0.951206  0.00053836
        0.59   -0.939748 0.000517424
        0.62   -0.926406  0.00045131
        0.65   -0.914229 0.000456743
        0.68   -0.900724 0.000346677
        0.71   -0.887353 0.000358871
        0.74   -0.874968 0.000324714
        0.76    -0.86583 0.000335079
        0.79   -0.852899  0.00027709
        0.82   -0.840137 0.000297066
        0.85    -0.82605 0.000260703
        0.88   -0.812998 0.000257075
        0.91   -0.800384 0.000282284
        0.94   -0.787172 0.000267526
        0.97   -0.774031 0.000264601
           1   -0.761642 0.000235147
        1.03    -0.74907 0.000244874
        1.06    -0.73684 0.000215619
        1.09   -0.724695 0.000205552
        1.12    -0.71252 0.000227877
        1.15   -0.700953 0.000202823
        1.18   -0.689971 0.000205779
        1.21   -0.678268 0.000233401
        1.24   -0.667996 0.000188774
        1.26   -0.660838 0.000175455
        1.29   -0.649968 0.000206509
        1.32   -0.639559 0.000190839
        1.35   -0.629809 0.000209693
        1.38    -0.61995 0.000179795
        1.41   -0.610229 0.000170431
        1.44   -0.600923 0.000202012
        1.47   -0.591968 0.000193492
         1.5   -0.582742 0.000194745
        1.53   -0.574002 0.000188392
        1.56   -0.565499 0.000204157
        1.59   -0.556786 0.000187757
        1.62   -0.549031 0.000192363
        1.65   -0.541303 0.000192401
        1.68   -0.533416 0.000191092
        1.71    -0.52607 0.000174466
        1.74   -0.518574 0.000154813
        1.76   -0.514056 0.000195585
        1.79   -0.507222 0.000186326
        1.82   -0.499655 0.000193106
        1.85   -0.493574 0.000185493
        1.88   -0.486524 0.000216036
        1.91   -0.480409 0.000163819
        1.94   -0.474326 0.000182943
        1.97   -0.468012 0.000169767
           2   -0.462383 0.000168907
