         0.5   -0.973056 0.000664208
        0.53   -0.964663 0.000669631
        0.56   -0.952115 0.000691229
        0.59   -0.940234 0.000619186
        0.62   -0.926394  0.00062216
        0.65   -0.914082 0.000550699
        0.68   -0.900871 0.000446394
        0.71   -0.887935 0.000403573
        0.74    -0.87549 0.000423824
        0.76   -0.866253 0.000363806
        0.79   -0.852537 0.000345853
        0.82   -0.839678 0.000345526
        0.85    -0.82623 0.000355425
        0.88   -0.813866 0.000325486
        0.91   -0.799764 0.000313939
        0.94   -0.786815 0.000281024
        0.97   -0.774157  0.00030472
           1   -0.761575 0.000270691
        1.03   -0.749237 0.000262548
        1.06   -0.736744 0.000266235
        1.09   -0.724485   0.0002475
        1.12   -0.713095 0.000224683
        1.15   -0.700914 0.000220533
        1.18    -0.68913 0.000233138
        1.21   -0.678287 0.000220992
        1.24   -0.667638 0.000214799
        1.26   -0.660386 0.000216614
        1.29   -0.650033  0.00021564
        1.32   -0.639623  0.00021892
        1.35   -0.629371 0.000196637
        1.38   -0.619749 0.000226602
        1.41   -0.610228   0.0002008
        1.44   -0.601303 0.000177925
        1.47   -0.591699 0.000224923
         1.5   -0.583157 0.000225686
        1.53   -0.574162 0.000217998
        1.56   -0.565512 0.000187553
        1.59    -0.55718 0.000199421
        1.62   -0.548914 0.000201778
        1.65   -0.541364  0.00020315
        1.68   -0.533437  0.00020781
        1.71   -0.526468   0.0001841
        1.74   -0.518414 0.000192369
        1.76   -0.514302 0.000190409
        1.79   -0.507273 0.000202596
        1.82   -0.499877 0.000206471
        1.85   -0.493597 0.000203308
        1.88   -0.486777 0.000182862
        1.91   -0.480663 0.000181718
        1.94   -0.474066 0.000173308
        1.97   -0.468341 0.000185377
           2   -0.462238 0.000161688
