         0.5    0.324415  0.00444767
        0.53    0.367066  0.00310973
        0.56    0.400633  0.00241544
        0.59    0.415136  0.00234297
        0.62    0.425438  0.00228829
        0.65    0.428263  0.00253538
        0.68    0.428823  0.00231129
        0.71    0.433365  0.00222579
        0.74    0.437228  0.00201393
        0.76    0.438552  0.00184321
        0.79    0.440601  0.00171036
        0.82    0.438566  0.00153406
        0.85    0.440258  0.00148636
        0.88    0.435422  0.00132316
        0.91    0.435135  0.00119573
        0.94    0.429601  0.00123912
        0.97    0.426142  0.00118071
           1    0.421981  0.00111862
        1.03    0.413475 0.000891595
        1.06    0.406592 0.000989074
        1.09     0.39973 0.000953235
        1.12    0.393032 0.000929252
        1.15    0.385572 0.000780308
        1.18    0.376464 0.000753648
        1.21    0.368037 0.000723332
        1.24    0.360584 0.000638183
        1.26    0.355726 0.000694612
        1.29    0.347001 0.000686594
        1.32    0.339531 0.000577158
        1.35    0.330686 0.000641012
        1.38    0.322814 0.000496631
        1.41    0.315502 0.000527961
        1.44    0.308159 0.000537017
        1.47    0.300338 0.000503429
         1.5    0.293351 0.000504631
        1.53    0.286326 0.000472483
        1.56    0.279481 0.000514325
        1.59    0.272331 0.000448323
        1.62    0.266565 0.000441994
        1.65    0.260229 0.000482567
        1.68    0.253322 0.000395319
        1.71    0.246881 0.000415503
        1.74    0.242171 0.000377166
        1.76    0.237418 0.000346327
        1.79    0.231388 0.000397988
        1.82    0.226382 0.000331132
        1.85    0.220863 0.000330294
        1.88    0.216319 0.000317946
        1.91    0.210859 0.000315849
        1.94     0.20623 0.000331988
        1.97    0.201384 0.000335142
           2    0.196294 0.000314507
