         0.5    0.331136  0.00530655
        0.53    0.362975   0.0043324
        0.56    0.397984  0.00277269
        0.59     0.41018  0.00348061
        0.62    0.419142  0.00312573
        0.65    0.424489  0.00325618
        0.68    0.427875  0.00295332
        0.71    0.435853  0.00274955
        0.74    0.440358  0.00228899
        0.76    0.436225  0.00227715
        0.79    0.433894  0.00215212
        0.82    0.442441  0.00197104
        0.85    0.436473  0.00162511
        0.88    0.438772  0.00144184
        0.91    0.436668   0.0014897
        0.94    0.431768  0.00154925
        0.97    0.425312  0.00119786
           1    0.421534  0.00113084
        1.03    0.411683  0.00110587
        1.06    0.407399  0.00115682
        1.09    0.398786 0.000978761
        1.12    0.390393 0.000861871
        1.15     0.38625 0.000866263
        1.18    0.375834 0.000825078
        1.21    0.367073 0.000810845
        1.24    0.359678 0.000687321
        1.26    0.355077 0.000759685
        1.29    0.347179 0.000753367
        1.32    0.339132 0.000758076
        1.35    0.332089 0.000755294
        1.38    0.323391 0.000597228
        1.41    0.315884 0.000591107
        1.44    0.308356 0.000576346
        1.47     0.30066 0.000473409
         1.5    0.293545 0.000583422
        1.53    0.287007 0.000470327
        1.56    0.279438 0.000479723
        1.59    0.273483 0.000461291
        1.62    0.266884 0.000453811
        1.65    0.259244 0.000467391
        1.68    0.252382  0.00040457
        1.71    0.246309 0.000414815
        1.74    0.241891 0.000428674
        1.76    0.238009 0.000396755
        1.79    0.231729 0.000395177
        1.82    0.226297 0.000311583
        1.85    0.220893 0.000373749
        1.88    0.215927 0.000332304
        1.91    0.211134 0.000362119
        1.94    0.206385 0.000300108
        1.97    0.201454 0.000301849
           2    0.196722 0.000274728
