         0.5    0.892817   0.0105079
        0.53    0.823199   0.0118156
        0.56    0.760586   0.0117327
        0.59    0.709771   0.0104215
        0.62    0.623484   0.0112299
        0.65    0.554503   0.0104249
        0.68    0.494214  0.00763261
        0.71    0.428498  0.00790083
        0.74    0.368699  0.00572243
        0.76    0.330975  0.00607336
        0.79    0.311807  0.00569003
        0.82    0.262629  0.00508107
        0.85    0.247211  0.00443376
        0.88    0.217684  0.00395876
        0.91    0.186094  0.00309141
        0.94    0.173138  0.00320266
        0.97     0.16062  0.00303797
           1     0.14664  0.00251552
        1.03    0.140473  0.00258664
        1.06    0.121364  0.00251628
        1.09    0.114067  0.00208324
        1.12     0.10731  0.00193922
        1.15    0.098994  0.00165997
        1.18   0.0906658  0.00186458
        1.21   0.0871823    0.001797
        1.24   0.0791119  0.00159642
        1.26   0.0761104  0.00147924
        1.29   0.0734539  0.00150415
        1.32   0.0680871  0.00133275
        1.35   0.0637218  0.00132654
        1.38   0.0618436  0.00130101
        1.41    0.057551  0.00106755
        1.44   0.0553194  0.00107754
        1.47    0.053442  0.00107257
         1.5   0.0522415   0.0011687
        1.53    0.048437  0.00111871
        1.56    0.044331  0.00102568
        1.59   0.0439128  0.00108094
        1.62   0.0415037 0.000999765
        1.65   0.0403578 0.000984706
        1.68   0.0384749 0.000843705
        1.71   0.0368047 0.000970613
        1.74   0.0350463 0.000722652
        1.76    0.033394 0.000859947
        1.79   0.0339735 0.000844274
        1.82   0.0344711 0.000772729
        1.85   0.0316902 0.000732314
        1.88   0.0309904 0.000822892
        1.91   0.0290287 0.000707453
        1.94   0.0281102 0.000662507
        1.97   0.0282466 0.000636881
           2   0.0262598 0.000607786
