         0.5    0.893869  0.00777933
        0.53    0.834697  0.00907501
        0.56    0.768864  0.00787814
        0.59    0.701341  0.00818567
        0.62    0.627618  0.00734051
        0.65    0.547083  0.00698616
        0.68    0.485299  0.00637634
        0.71    0.412466  0.00638159
        0.74    0.365301  0.00547709
        0.76    0.338364  0.00476292
        0.79    0.304091  0.00408776
        0.82    0.271935  0.00336667
        0.85    0.239041  0.00298842
        0.88    0.219595  0.00331542
        0.91    0.200286  0.00261289
        0.94    0.179292  0.00270107
        0.97    0.158707  0.00231731
           1    0.153303   0.0021458
        1.03    0.132974  0.00217168
        1.06    0.121068  0.00164188
        1.09    0.112095  0.00158046
        1.12    0.105198  0.00149942
        1.15    0.097401  0.00133995
        1.18    0.090398  0.00111927
        1.21   0.0868878  0.00128785
        1.24   0.0818483  0.00107439
        1.26   0.0764324  0.00114518
        1.29   0.0723488  0.00117867
        1.32   0.0688137  0.00108299
        1.35   0.0628316 0.000927508
        1.38   0.0622919 0.000928342
        1.41   0.0597122 0.000781039
        1.44   0.0548745 0.000965008
        1.47   0.0538343 0.000870066
         1.5   0.0490138 0.000906047
        1.53   0.0486614  0.00081032
        1.56   0.0461624  0.00074587
        1.59   0.0442593 0.000782791
        1.62   0.0428525 0.000712253
        1.65    0.040322 0.000763972
        1.68   0.0388816 0.000729477
        1.71   0.0379888 0.000645124
        1.74   0.0363296 0.000782793
        1.76   0.0357596 0.000657068
        1.79   0.0347569 0.000627259
        1.82   0.0338535 0.000556533
        1.85   0.0314126 0.000594351
        1.88   0.0300898 0.000580411
        1.91   0.0301436 0.000591722
        1.94   0.0297916 0.000626855
        1.97   0.0272994 0.000507782
           2   0.0271974 0.000496347
