         0.5     78.0971    0.664369
        0.53     68.1615    0.611662
        0.56     56.5719    0.613043
        0.59     47.7437    0.531177
        0.62      39.119    0.462111
        0.65     32.8637    0.387851
        0.68     27.5902    0.304204
        0.71     23.4718    0.222011
        0.74     20.6225    0.224975
        0.76     18.3266    0.175836
        0.79     15.6708    0.141252
        0.82     14.0952    0.121646
        0.85     12.3276    0.108283
        0.88     11.2503    0.100595
        0.91     9.88518   0.0708764
        0.94     8.93141   0.0575588
        0.97     8.11097   0.0483734
           1     7.41394   0.0443442
        1.03     6.71702   0.0398812
        1.06     6.25065   0.0405351
        1.09     5.70996   0.0284945
        1.12      5.3185   0.0259918
        1.15     4.99916   0.0240641
        1.18     4.57417   0.0237177
        1.21     4.30914   0.0217331
        1.24     4.04356   0.0168081
        1.26     3.88515   0.0183414
        1.29     3.65009   0.0170283
        1.32     3.42809    0.015257
        1.35     3.25915   0.0150892
        1.38      3.1046   0.0132386
        1.41      2.9334   0.0116785
        1.44     2.78775   0.0106477
        1.47     2.64448  0.00911832
         1.5      2.5397  0.00972594
        1.53     2.42121  0.00892409
        1.56     2.32016  0.00767172
        1.59     2.21657  0.00761704
        1.62     2.11474   0.0068832
        1.65     2.03589  0.00729403
        1.68     1.95608   0.0061755
        1.71     1.87688  0.00613027
        1.74     1.81704   0.0052925
        1.76     1.77347  0.00560219
        1.79     1.71029  0.00488362
        1.82     1.64362  0.00518057
        1.85     1.59437  0.00476519
        1.88     1.53521  0.00463148
        1.91     1.49406  0.00475578
        1.94     1.44467   0.0039397
        1.97     1.40193   0.0038005
           2     1.36508  0.00358559
