100   -0.363573   0
200   -0.381607   0.0127525
300   -0.379774   0.00863244
400   -0.376061   0.0072287
500   -0.379352   0.00648893
600   -0.382345   0.00605859
700   -0.387062   0.0067849
800   -0.389097   0.00623457
900   -0.393132   0.0067221
1000   -0.399384   0.00847239
1100   -0.400546   0.00778145
1200   -0.400855   0.00713911
1300   -0.404895   0.00764785
1400   -0.407806   0.00763567
1500   -0.408706   0.00717947
1600   -0.408741   0.00673084
1700   -0.407775   0.00640398
1800   -0.407169   0.00607672
1900   -0.405996   0.00586915
2000   -0.404897   0.00567763
2100   -0.403996   0.00547822
2200   -0.401908   0.00561299
2300   -0.398374   0.0063853
2400   -0.396303   0.00644641
2500   -0.395166   0.00628812
2600   -0.392892   0.00644426
2700   -0.391652   0.00632368
2800   -0.390837   0.00615015
2900   -0.39037   0.00595581
3000   -0.389156   0.00587975
3100   -0.387711   0.00586484
3200   -0.387578   0.00568307
3300   -0.387992   0.00552591
3400   -0.387449   0.00539007
3500   -0.387583   0.00523775
3600   -0.387746   0.00509478
3700   -0.388039   0.00496551
3800   -0.388105   0.00483528
3900   -0.387967   0.00471327
4000   -0.387438   0.004625
4100   -0.385849   0.0047774
4200   -0.385022   0.00473481
4300   -0.384162   0.00470207
4400   -0.383014   0.0047334
4500   -0.382083   0.00471875
4600   -0.381292   0.00468204
4700   -0.380037   0.0047475
4800   -0.379016   0.00475729
4900   -0.378196   0.0047302
5000   -0.377131   0.00475408
5100   -0.375621   0.00489484
5200   -0.374667   0.00489283
5300   -0.373759   0.00488402
5400   -0.373081   0.00484043
5500   -0.37229   0.00481653
5600   -0.371339   0.00482351
5700   -0.370798   0.00476916
5800   -0.37026   0.0047172
5900   -0.369849   0.00465507
6000   -0.368971   0.00465967
6100   -0.368212   0.00464463
6200   -0.367815   0.00458663
6300   -0.367138   0.00456353
6400   -0.366617   0.00452191
6500   -0.366772   0.004455
6600   -0.366378   0.00440488
6700   -0.365977   0.00435737
6800   -0.365872   0.00429454
6900   -0.36578   0.0042333
7000   -0.365461   0.00418479
7100   -0.365286   0.00412953
7200   -0.365417   0.00407425
7300   -0.365647   0.00402496
7400   -0.365519   0.0039726
7500   -0.365359   0.00392285
7600   -0.365353   0.00387124
7700   -0.365437   0.00382188
7800   -0.365519   0.00377376
7900   -0.365523   0.00372599
8000   -0.365372   0.00368246
8100   -0.365458   0.003638
8200   -0.365697   0.00360148
8300   -0.365997   0.00357058
8400   -0.366211   0.00353446
8500   -0.366295   0.00349388
8600   -0.366777   0.00348634
8700   -0.367291   0.0034839
8800   -0.367869   0.00349204
8900   -0.36854   0.00351655
9000   -0.368912   0.0034971
9100   -0.369083   0.00346288
9200   -0.369387   0.00343852
9300   -0.369738   0.00341943
9400   -0.369902   0.00338699
9500   -0.369792   0.00335314
9600   -0.369452   0.0033354
9700   -0.369095   0.00332
9800   -0.368915   0.003291
9900   -0.368595   0.00327334
10000   -0.368256   0.00325805
10100   -0.367986   0.00323696
10200   -0.367776   0.00321205
10300   -0.367562   0.00318799
10400   -0.367378   0.00316264
10500   -0.367262   0.00313464
10600   -0.367112   0.00310868
10700   -0.367009   0.00308131
10800   -0.366946   0.00305342
10900   -0.366653   0.00303947
11000   -0.366562   0.0030132
11100   -0.366577   0.0029861
11200   -0.366595   0.00295949
11300   -0.366607   0.00293332
11400   -0.36642   0.00291354
11500   -0.366507   0.00288949
11600   -0.366449   0.00286516
11700   -0.366258   0.00284703
11800   -0.366418   0.00282741
11900   -0.366482   0.00280436
12000   -0.366392   0.00278242
12100   -0.366334   0.00276004
12200   -0.366183   0.00274155
12300   -0.366132   0.00271974
12400   -0.366085   0.00269822
12500   -0.365893   0.00268345
12600   -0.36549   0.00269225
12700   -0.365119   0.00269647
12800   -0.364881   0.00268582
12900   -0.364732   0.00266913
13000   -0.364547   0.00265501
13100   -0.364303   0.00264595
13200   -0.363998   0.00264346
13300   -0.36366   0.00264507
13400   -0.363409   0.00263721
13500   -0.363282   0.00262075
13600   -0.363206   0.00260257
13700   -0.36312   0.002585
13800   -0.363044   0.00256738
13900   -0.362945   0.00255083
14000   -0.362935   0.00253263
14100   -0.363117   0.00252122
14200   -0.363075   0.00250381
14300   -0.363273   0.00249407
14400   -0.363506   0.00248765
14500   -0.363472   0.00247073
14600   -0.363368   0.00245597
14700   -0.36348   0.0024418
14800   -0.363586   0.00242761
14900   -0.36371   0.00241448
15000   -0.363704   0.00239839
15100   -0.363489   0.00239214
15200   -0.363324   0.0023821
15300   -0.363202   0.00236962
15400   -0.363128   0.00235541
15500   -0.363025   0.00234246
15600   -0.362836   0.00233502
15700   -0.3626   0.00233211
15800   -0.36248   0.00232039
15900   -0.362597   0.00230872
16000   -0.362798   0.00230303
16100   -0.362967   0.00229487
16200   -0.362949   0.00228078
16300   -0.36326   0.00228783
16400   -0.363483   0.00228475
16500   -0.363787   0.00229108
16600   -0.364143   0.00230475
16700   -0.364382   0.00230332
16800   -0.364618   0.00230159
16900   -0.364882   0.00230312
17000   -0.365087   0.0022987
17100   -0.36526   0.0022917
17200   -0.365573   0.00229971
17300   -0.36573   0.0022918
17400   -0.365833   0.00228092
17500   -0.365938   0.00227031
17600   -0.366281   0.0022831
17700   -0.366536   0.00228444
17800   -0.366784   0.00228506
17900   -0.36724   0.00231721
18000   -0.367273   0.00230457
18100   -0.367567   0.00231058
18200   -0.367954   0.00232997
18300   -0.368079   0.00232058
18400   -0.368305   0.00231896
18500   -0.368443   0.00231054
18600   -0.368546   0.0023004
18700   -0.368751   0.00229725
18800   -0.369003   0.00229876
18900   -0.369066   0.00228746
19000   -0.369062   0.00227542
19100   -0.369062   0.00226351
19200   -0.36899   0.00225286
19300   -0.369024   0.00224144
19400   -0.369038   0.00222994
19500   -0.368982   0.00221922
19600   -0.368695   0.00222636
19700   -0.368482   0.00222522
19800   -0.368311   0.00222057
19900   -0.368272   0.00220975
20000   -0.368278   0.00219871
20100   -0.368192   0.00218946
20200   -0.368108   0.00218023
20300   -0.368117   0.00216951
20400   -0.36813   0.00215892
20500   -0.368131   0.00214838
20600   -0.368126   0.00213796
20700   -0.368153   0.00212781
20800   -0.368088   0.00211861
20900   -0.368192   0.00211102
21000   -0.368229   0.00210129
21100   -0.368315   0.00209311
21200   -0.368402   0.00208506
21300   -0.368387   0.00207533
21400   -0.368289   0.00206791
21500   -0.368306   0.00205835
21600   -0.368433   0.00205277
21700   -0.368326   0.00204611
21800   -0.368383   0.00203751
21900   -0.368469   0.00203002
22000   -0.368389   0.00202236
22100   -0.368278   0.00201627
22200   -0.368371   0.00200933
22300   -0.368388   0.0020004
22400   -0.368418   0.00199169
22500   -0.36849   0.00198414
22600   -0.368519   0.00197557
22700   -0.368404   0.00197019
22800   -0.36828   0.00196544
22900   -0.368125   0.00196295
23000   -0.367926   0.00196452
23100   -0.367698   0.00196916
23200   -0.367377   0.00198671
23300   -0.367124   0.00199423
23400   -0.366763   0.0020181
23500   -0.366563   0.00201942
23600   -0.366411   0.00201654
23700   -0.366276   0.00201257
23800   -0.366202   0.00200545
23900   -0.366278   0.00199849
24000   -0.36605   0.00200318
24100   -0.366061   0.00199489
24200   -0.366296   0.00200055
24300   -0.366549   0.00200818
24400   -0.366599   0.00200058
24500   -0.366636   0.00199276
24600   -0.366758   0.00198839
24700   -0.366758   0.00198034
24800   -0.366773   0.00197241
24900   -0.366773   0.00196449
25000   -0.366666   0.0019595
25100   -0.366473   0.00196119
25200   -0.366381   0.00195555
25300   -0.366342   0.00194822
25400   -0.366222   0.00194425
25500   -0.366097   0.00194067
25600   -0.36601   0.001935
25700   -0.365942   0.00192869
25800   -0.365654   0.0019426
25900   -0.365561   0.0019373
26000   -0.365519   0.00193031
26100   -0.365417   0.00192559
26200   -0.365299   0.0019219
26300   -0.365283   0.00191465
26400   -0.365254   0.00190761
26500   -0.365184   0.00190173
26600   -0.365179   0.00189458
26700   -0.365118   0.00188849
26800   -0.364989   0.00188584
26900   -0.364888   0.00188151
27000   -0.364871   0.00187462
27100   -0.364837   0.001868
27200   -0.364856   0.00186123
27300   -0.364885   0.00185464
27400   -0.36486   0.00184804
27500   -0.364913   0.00184207
27600   -0.364975   0.00183644
27700   -0.364951   0.00182996
27800   -0.364863   0.00182552
27900   -0.365045   0.00182802
28000   -0.365031   0.00182154
28100   -0.364848   0.00182431
28200   -0.364847   0.00181784
28300   -0.364961   0.00181499
28400   -0.364981   0.00180871
28500   -0.364916   0.00180354
28600   -0.364932   0.00179731
28700   -0.364855   0.00179269
28800   -0.364883   0.00178667
28900   -0.364896   0.00178054
29000   -0.364995   0.00177712
29100   -0.365116   0.00177518
29200   -0.365103   0.00176916
29300   -0.365045   0.00176407
29400   -0.364973   0.0017595
29500   -0.36491   0.00175468
29600   -0.364936   0.00174895
29700   -0.364915   0.00174319
29800   -0.364834   0.00173921
29900   -0.364763   0.00173483
30000   -0.364742   0.00172918
30100   -0.364658   0.00172548
30200   -0.364614   0.00172032
30300   -0.364568   0.00171525
30400   -0.364453   0.00171351
30500   -0.364375   0.00170964
30600   -0.364388   0.00170411
30700   -0.364408   0.00169868
30800   -0.36444   0.00169344
30900   -0.364418   0.0016881
31000   -0.364498   0.00168455
31100   -0.36468   0.00168895
31200   -0.364864   0.00169346
31300   -0.365005   0.00169397
31400   -0.365188   0.00169837
31500   -0.365371   0.0017028
31600   -0.365536   0.0017054
31700   -0.365734   0.00171151
31800   -0.365984   0.0017243
31900   -0.366159   0.00172772
32000   -0.36628   0.00172659
32100   -0.366465   0.00173106
32200   -0.366618   0.00173244
32300   -0.366835   0.00174055
32400   -0.367023   0.00174538
32500   -0.367211   0.00175008
32600   -0.36744   0.00175966
32700   -0.367721   0.00177656
32800   -0.367998   0.0017925
32900   -0.368233   0.0018025
33000   -0.368346   0.00180055
33100   -0.368722   0.00183398
33200   -0.369033   0.00185454
33300   -0.369173   0.00185429
33400   -0.369324   0.00185486
33500   -0.369424   0.001852
33600   -0.36954   0.00185011
33700   -0.369727   0.00185411
33800   -0.369895   0.00185623
33900   -0.370028   0.00185547
34000   -0.37016   0.00185476
34100   -0.370349   0.00185891
34200   -0.370545   0.00186379
34300   -0.370711   0.0018657
34400   -0.370907   0.00187054
34500   -0.371027   0.00186897
34600   -0.371295   0.00188264
34700   -0.371528   0.00189158
34800   -0.371811   0.00190722
34900   -0.372103   0.00192393
35000   -0.372424   0.00194517
35100   -0.372696   0.00195854
35200   -0.372902   0.00196372
35300   -0.373067   0.00196507
35400   -0.373212   0.00196485
35500   -0.37328   0.0019605
35600   -0.373321   0.00195543
35700   -0.373299   0.00195008
35800   -0.373279   0.00194473
35900   -0.373346   0.00194047
36000   -0.373373   0.00193527
36100   -0.373382   0.00192993
36200   -0.373441   0.0019255
36300   -0.37348   0.00192058
36400   -0.373476   0.00191531
36500   -0.373502   0.00191025
36600   -0.373549   0.00190559
36700   -0.3736   0.00190109
36800   -0.373654   0.0018967
36900   -0.373695   0.001892
37000   -0.37367   0.00188706
37100   -0.373706   0.00188233
37200   -0.373775   0.00187854
37300   -0.373776   0.0018735
37400   -0.373706   0.00186977
37500   -0.373685   0.00186491
37600   -0.373707   0.00186007
37700   -0.373671   0.00185548
37800   -0.373601   0.00185187
37900   -0.373519   0.00184883
38000   -0.373494   0.00184413
38100   -0.373488   0.0018393
38200   -0.373507   0.00183459
38300   -0.373532   0.00182998
38400   -0.373444   0.00182733
38500   -0.373545   0.00182533
38600   -0.373621   0.00182221
38700   -0.373615   0.00181751
38800   -0.3736   0.00181289
38900   -0.373595   0.00180823
39000   -0.373598   0.0018036
39100   -0.373601   0.00179899
39200   -0.373608   0.00179441
39300   -0.373599   0.00178987
39400   -0.373535   0.0017865
39500   -0.373517   0.00178206
39600   -0.373431   0.00177965
39700   -0.373397   0.00177548
39800   -0.373442   0.00177159
39900   -0.373424   0.00176724
40000   -0.373412   0.00176287
40100   -0.37343   0.00175856
40200   -0.373537   0.00175744
40300   -0.373526   0.00175311
40400   -0.37357   0.00174932
40500   -0.373634   0.00174616
40600   -0.373679   0.00174245
40700   -0.373766   0.00174033
40800   -0.373821   0.00173693
40900   -0.373807   0.00173274
41000   -0.373782   0.00172869
41100   -0.373859   0.00172619
41200   -0.373961   0.00172501
41300   -0.374106   0.00172691
41400   -0.374237   0.00172774
41500   -0.374317   0.0017254
41600   -0.374539   0.00173548
41700   -0.374728   0.00174166
41800   -0.374837   0.0017409
41900   -0.375083   0.00175395
42000   -0.375304   0.0017637
42100   -0.375525   0.00177324
42200   -0.375698   0.00177745
42300   -0.375981   0.00179563
42400   -0.376207   0.00180567
42500   -0.376397   0.00181133
42600   -0.376617   0.00182046
42700   -0.376781   0.00182352
42800   -0.376909   0.00182379
42900   -0.37711   0.0018305
43000   -0.377258   0.00183225
43100   -0.377491   0.00184274
43200   -0.377664   0.00184658
43300   -0.377769   0.0018453
43400   -0.377869   0.00184376
43500   -0.378025   0.00184613
43600   -0.378242   0.00185455
43700   -0.378237   0.00185031
43800   -0.378353   0.00184968
43900   -0.378554   0.00185638
44000   -0.378723   0.00185982
44100   -0.378863   0.00186084
44200   -0.379011   0.00186256
44300   -0.379073   0.00185938
44400   -0.379073   0.00185519
44500   -0.379066   0.00185104
44600   -0.379049   0.00184697
44700   -0.379019   0.00184307
44800   -0.378924   0.0018414
44900   -0.378807   0.00184105
45000   -0.378714   0.00183929
45100   -0.378655   0.00183617
45200   -0.378567   0.00183422
45300   -0.37842   0.00183601
45400   -0.378351   0.00183326
45500   -0.378248   0.00183214
45600   -0.378089   0.00183498
45700   -0.377912   0.00183955
45800   -0.37774   0.00184347
45900   -0.377603   0.00184457
46000   -0.377456   0.00184639
46100   -0.377236   0.00185543
46200   -0.377113   0.00185552
46300   -0.376996   0.0018552
46400   -0.376871   0.00185542
46500   -0.376802   0.00185271
46600   -0.376745   0.00184962
46700   -0.376634   0.00184899
46800   -0.376646   0.00184507
46900   -0.37665   0.00184115
47000   -0.376659   0.00183725
47100   -0.376592   0.00183458
47200   -0.376621   0.00183092
47300   -0.376694   0.00182853
47400   -0.376699   0.00182468
47500   -0.376715   0.00182091
47600   -0.376753   0.00181746
47700   -0.376732   0.00181378
47800   -0.376765   0.0018103
47900   -0.376803   0.00180691
48000   -0.376826   0.00180329
48100   -0.376816   0.00179956
48200   -0.376819   0.00179583
48300   -0.376837   0.00179221
48400   -0.37685   0.00178855
48500   -0.376775   0.00178643
48600   -0.376767   0.00178278
48700   -0.376798   0.00177939
48800   -0.376741   0.00177666
48900   -0.376701   0.00177347
49000   -0.376679   0.00176999
49100   -0.376623   0.00176725
49200   -0.376585   0.00176408
49300   -0.37652   0.00176168
49400   -0.376518   0.00175811
49500   -0.376546   0.00175478
49600   -0.37657   0.00175141
49700   -0.376469   0.00175079
49800   -0.37637   0.00175006
49900   -0.376368   0.00174655
50000   -0.376384   0.00174313
