100   1.80034   0
200   1.81841   0.012778
300   1.81676   0.00862478
400   1.81299   0.00724519
500   1.81624   0.00648566
600   1.81924   0.00605864
700   1.82393   0.00676779
800   1.82602   0.00623698
900   1.82998   0.00668391
1000   1.83628   0.00847543
1100   1.83747   0.00778773
1200   1.83776   0.0071445
1300   1.84178   0.0076415
1400   1.84471   0.00763554
1500   1.84563   0.00718147
1600   1.84567   0.00673274
1700   1.84471   0.00640475
1800   1.8441   0.00607741
1900   1.84294   0.00586847
2000   1.84183   0.00567747
2100   1.84094   0.00547726
2200   1.83887   0.00560535
2300   1.83534   0.00637661
2400   1.83325   0.00644377
2500   1.83212   0.00628502
2600   1.82985   0.00643896
2700   1.8286   0.00632034
2800   1.82779   0.00614729
2900   1.82732   0.00595274
3000   1.82612   0.00587533
3100   1.82467   0.0058611
3200   1.82452   0.00567981
3300   1.82495   0.00552352
3400   1.8244   0.00538821
3500   1.82453   0.00523595
3600   1.82469   0.00509294
3700   1.82499   0.00496378
3800   1.82506   0.00483364
3900   1.82492   0.00471163
4000   1.8244   0.00462231
4100   1.82281   0.0047753
4200   1.82198   0.00473306
4300   1.82112   0.00470044
4400   1.81998   0.00473034
4500   1.81904   0.00471728
4600   1.81826   0.00467962
4700   1.817   0.00474536
4800   1.81598   0.00475509
4900   1.81516   0.00472839
5000   1.8141   0.00475056
5100   1.81259   0.00489194
5200   1.81163   0.0048907
5300   1.81073   0.00488182
5400   1.81005   0.00483862
5500   1.80926   0.0048137
5600   1.80831   0.00482173
5700   1.80777   0.0047673
5800   1.80723   0.00471536
5900   1.80682   0.0046532
6000   1.80595   0.00465643
6100   1.80518   0.00464299
6200   1.80479   0.00458458
6300   1.80411   0.00456178
6400   1.80358   0.00452087
6500   1.80373   0.00445391
6600   1.80334   0.0044035
6700   1.80294   0.00435593
6800   1.80283   0.00429326
6900   1.80274   0.00423197
7000   1.80243   0.00418344
7100   1.80225   0.00412835
7200   1.80238   0.00407301
7300   1.80261   0.00402372
7400   1.80248   0.00397119
7500   1.80232   0.00392157
7600   1.80231   0.00386998
7700   1.8024   0.00382066
7800   1.80248   0.00377255
7900   1.80249   0.0037248
8000   1.80234   0.0036813
8100   1.80242   0.00363679
8200   1.80266   0.00360025
8300   1.80296   0.00356934
8400   1.80317   0.00353336
8500   1.80326   0.00349276
8600   1.80373   0.00348468
8700   1.80425   0.00348242
8800   1.80483   0.0034903
8900   1.8055   0.00351507
9000   1.80587   0.00349603
9100   1.80604   0.00346185
9200   1.80635   0.0034373
9300   1.8067   0.00341831
9400   1.80687   0.00338604
9500   1.80676   0.00335213
9600   1.80642   0.0033342
9700   1.80606   0.00331916
9800   1.80588   0.00329011
9900   1.80556   0.00327238
10000   1.80522   0.00325711
10100   1.80495   0.00323614
10200   1.80474   0.00321127
10300   1.80453   0.00318718
10400   1.80434   0.0031619
10500   1.80423   0.00313389
10600   1.80408   0.00310789
10700   1.80397   0.00308057
10800   1.80391   0.00305264
10900   1.80362   0.00303872
11000   1.80353   0.0030125
11100   1.80354   0.0029854
11200   1.80356   0.0029588
11300   1.80357   0.00293264
11400   1.80338   0.00291294
11500   1.80347   0.00288888
11600   1.80342   0.00286449
11700   1.80322   0.00284661
11800   1.80338   0.00282695
11900   1.80345   0.00280397
12000   1.80336   0.00278201
12100   1.8033   0.0027596
12200   1.80315   0.00274113
12300   1.8031   0.00271932
12400   1.80305   0.0026978
12500   1.80286   0.00268272
12600   1.80246   0.00269136
12700   1.80209   0.00269574
12800   1.80185   0.00268521
12900   1.8017   0.00266849
13000   1.80152   0.00265431
13100   1.80128   0.00264516
13200   1.80097   0.00264254
13300   1.80063   0.00264417
13400   1.80038   0.00263632
13500   1.80025   0.00261994
13600   1.80018   0.00260176
13700   1.80009   0.0025842
13800   1.80002   0.00256658
13900   1.79992   0.00255002
14000   1.79991   0.00253184
14100   1.80009   0.00252048
14200   1.80005   0.00250305
14300   1.80024   0.0024931
14400   1.80048   0.00248688
14500   1.80045   0.00246993
14600   1.80034   0.0024553
14700   1.80045   0.00244113
14800   1.80056   0.00242693
14900   1.80068   0.00241381
15000   1.80068   0.00239772
15100   1.80046   0.00239142
15200   1.8003   0.00238141
15300   1.80018   0.00236898
15400   1.8001   0.00235476
15500   1.8   0.00234178
15600   1.79981   0.00233412
15700   1.79958   0.00233138
15800   1.79946   0.00231973
15900   1.79957   0.002308
16000   1.79977   0.0023023
16100   1.79994   0.00229426
16200   1.79992   0.00228017
16300   1.80023   0.00228706
16400   1.80046   0.00228413
16500   1.80076   0.00229015
16600   1.80112   0.002304
16700   1.80135   0.0023026
16800   1.80159   0.00230086
16900   1.80185   0.00230235
17000   1.80206   0.00229807
17100   1.80223   0.00229096
17200   1.80255   0.00229902
17300   1.8027   0.00229123
17400   1.80281   0.00228034
17500   1.80291   0.00226971
17600   1.80325   0.00228218
17700   1.80351   0.00228362
17800   1.80375   0.00228396
17900   1.80421   0.00231647
18000   1.80424   0.00230386
18100   1.80454   0.00230945
18200   1.80492   0.002329
18300   1.80505   0.00231965
18400   1.80527   0.00231796
18500   1.80541   0.00230957
18600   1.80551   0.00229942
18700   1.80572   0.00229612
18800   1.80597   0.00229769
18900   1.80603   0.00228642
19000   1.80603   0.00227439
19100   1.80603   0.00226249
19200   1.80596   0.00225188
19300   1.80599   0.00224048
19400   1.806   0.00222897
19500   1.80595   0.00221821
19600   1.80566   0.00222536
19700   1.80545   0.00222434
19800   1.80527   0.00221987
19900   1.80523   0.00220908
20000   1.80524   0.00219804
20100   1.80515   0.00218878
20200   1.80507   0.00217962
20300   1.80508   0.00216889
20400   1.80509   0.00215829
20500   1.80509   0.00214776
20600   1.80508   0.00213735
20700   1.80511   0.00212719
20800   1.80504   0.00211801
20900   1.80515   0.00211036
21000   1.80518   0.00210063
21100   1.80527   0.0020924
21200   1.80536   0.00208437
21300   1.80534   0.00207465
21400   1.80524   0.0020672
21500   1.80526   0.00205763
21600   1.80538   0.00205206
21700   1.80528   0.00204537
21800   1.80533   0.00203671
21900   1.80542   0.00202926
22000   1.80534   0.00202155
22100   1.80523   0.00201559
22200   1.80532   0.00200862
22300   1.80534   0.0019997
22400   1.80536   0.00199098
22500   1.80544   0.00198342
22600   1.80547   0.00197487
22700   1.80535   0.00196946
22800   1.80523   0.00196473
22900   1.80507   0.0019622
23000   1.80487   0.00196386
23100   1.80465   0.00196831
23200   1.80433   0.00198607
23300   1.80407   0.00199349
23400   1.80371   0.00201747
23500   1.80351   0.00201889
23600   1.80336   0.00201604
23700   1.80322   0.00201206
23800   1.80315   0.00200498
23900   1.80322   0.00199802
24000   1.803   0.00200231
24100   1.80301   0.00199401
24200   1.80324   0.00199958
24300   1.80349   0.0020074
24400   1.80355   0.00199986
24500   1.80358   0.00199202
24600   1.80371   0.0019877
24700   1.80371   0.00197966
24800   1.80372   0.00197172
24900   1.80372   0.00196381
25000   1.80362   0.00195879
25100   1.80343   0.00196028
25200   1.80333   0.00195477
25300   1.80329   0.00194742
25400   1.80317   0.00194342
25500   1.80305   0.00193983
25600   1.80296   0.00193418
25700   1.8029   0.00192783
25800   1.80261   0.00194155
25900   1.80251   0.00193632
26000   1.80247   0.00192932
26100   1.80237   0.00192457
26200   1.80225   0.00192089
26300   1.80224   0.00191366
26400   1.80221   0.0019066
26500   1.80214   0.00190078
26600   1.80213   0.00189363
26700   1.80207   0.00188754
26800   1.80195   0.0018848
26900   1.80184   0.00188054
27000   1.80183   0.00187365
27100   1.80179   0.00186704
27200   1.80181   0.00186026
27300   1.80184   0.00185369
27400   1.80182   0.00184709
27500   1.80187   0.0018411
27600   1.80193   0.00183551
27700   1.80191   0.00182901
27800   1.80182   0.00182465
27900   1.802   0.00182714
28000   1.80199   0.00182064
28100   1.80181   0.00182352
28200   1.80181   0.00181705
28300   1.80192   0.00181424
28400   1.80194   0.00180798
28500   1.80188   0.00180281
28600   1.80189   0.00179658
28700   1.80182   0.00179193
28800   1.80184   0.0017859
28900   1.80186   0.00177978
29000   1.80195   0.00177627
29100   1.80208   0.0017744
29200   1.80207   0.00176836
29300   1.80201   0.00176333
29400   1.80194   0.00175872
29500   1.80187   0.00175393
29600   1.8019   0.0017482
29700   1.80188   0.00174243
29800   1.8018   0.00173843
29900   1.80173   0.00173408
30000   1.8017   0.00172843
30100   1.80162   0.00172471
30200   1.80158   0.00171957
30300   1.80153   0.00171448
30400   1.80142   0.00171274
30500   1.80134   0.0017089
30600   1.80135   0.00170337
30700   1.80137   0.00169794
30800   1.8014   0.00169271
30900   1.80138   0.00168737
31000   1.80146   0.00168377
31100   1.80164   0.00168814
31200   1.80183   0.00169272
31300   1.80197   0.00169325
31400   1.80215   0.00169765
31500   1.80233   0.00170212
31600   1.8025   0.0017048
31700   1.8027   0.00171082
31800   1.80295   0.00172368
31900   1.80312   0.00172723
32000   1.80324   0.0017261
32100   1.80343   0.00173058
32200   1.80358   0.00173196
32300   1.8038   0.00174005
32400   1.80399   0.00174497
32500   1.80418   0.00174965
32600   1.8044   0.00175919
32700   1.80469   0.00177612
32800   1.80496   0.00179199
32900   1.8052   0.00180231
33000   1.80531   0.00180023
33100   1.80569   0.00183353
33200   1.806   0.00185431
33300   1.80614   0.0018542
33400   1.80629   0.00185464
33500   1.80639   0.00185191
33600   1.8065   0.00184988
33700   1.80669   0.00185388
33800   1.80686   0.001856
33900   1.80699   0.00185529
34000   1.80713   0.00185456
34100   1.80731   0.00185859
34200   1.80751   0.00186356
34300   1.80768   0.00186545
34400   1.80787   0.00187029
34500   1.80799   0.00186871
34600   1.80826   0.00188227
34700   1.80849   0.00189127
34800   1.80877   0.00190682
34900   1.80907   0.00192347
35000   1.80939   0.00194474
35100   1.80966   0.00195819
35200   1.80987   0.00196339
35300   1.81003   0.00196476
35400   1.81018   0.00196457
35500   1.81024   0.00196023
35600   1.81029   0.00195516
35700   1.81026   0.00194981
35800   1.81024   0.00194447
35900   1.81031   0.00194019
36000   1.81034   0.001935
36100   1.81035   0.00192966
36200   1.8104   0.0019252
36300   1.81044   0.0019203
36400   1.81044   0.00191503
36500   1.81046   0.00190997
36600   1.81051   0.00190528
36700   1.81056   0.00190079
36800   1.81061   0.00189639
36900   1.81066   0.00189169
37000   1.81063   0.00188675
37100   1.81067   0.001882
37200   1.81073   0.00187821
37300   1.81074   0.00187317
37400   1.81067   0.00186946
37500   1.81064   0.0018646
37600   1.81067   0.00185977
37700   1.81063   0.00185517
37800   1.81056   0.00185156
37900   1.81048   0.00184854
38000   1.81045   0.00184385
38100   1.81045   0.00183902
38200   1.81047   0.00183431
38300   1.81049   0.00182971
38400   1.8104   0.00182708
38500   1.8105   0.00182501
38600   1.81058   0.00182191
38700   1.81057   0.00181722
38800   1.81056   0.00181259
38900   1.81055   0.00180794
39000   1.81056   0.00180331
39100   1.81056   0.0017987
39200   1.81057   0.00179412
39300   1.81056   0.00178958
39400   1.81049   0.00178621
39500   1.81048   0.00178177
39600   1.81039   0.00177934
39700   1.81036   0.0017752
39800   1.8104   0.0017713
39900   1.81038   0.00176695
40000   1.81037   0.00176257
40100   1.81039   0.00175825
40200   1.81049   0.00175717
40300   1.81048   0.00175283
40400   1.81053   0.00174901
40500   1.81059   0.00174587
40600   1.81064   0.00174215
40700   1.81072   0.00174002
40800   1.81078   0.00173664
40900   1.81076   0.00173244
41000   1.81074   0.00172841
41100   1.81081   0.00172587
41200   1.81092   0.00172467
41300   1.81106   0.00172652
41400   1.81119   0.00172741
41500   1.81127   0.00172503
41600   1.81149   0.00173495
41700   1.81168   0.0017413
41800   1.81179   0.00174049
41900   1.81204   0.00175341
42000   1.81226   0.00176314
42100   1.81248   0.00177277
42200   1.81265   0.0017769
42300   1.81293   0.00179497
42400   1.81316   0.00180516
42500   1.81335   0.00181071
42600   1.81357   0.00181985
42700   1.81373   0.00182301
42800   1.81386   0.00182317
42900   1.81406   0.00182989
43000   1.81421   0.0018316
43100   1.81444   0.001842
43200   1.81461   0.00184591
43300   1.81472   0.00184463
43400   1.81482   0.00184307
43500   1.81497   0.00184534
43600   1.81519   0.0018538
43700   1.81519   0.00184956
43800   1.8153   0.00184888
43900   1.8155   0.0018555
44000   1.81567   0.00185898
44100   1.81581   0.00185998
44200   1.81596   0.00186172
44300   1.81602   0.00185856
44400   1.81602   0.00185437
44500   1.81601   0.00185022
44600   1.816   0.00184616
44700   1.81597   0.00184225
44800   1.81587   0.00184056
44900   1.81576   0.00184023
45000   1.81566   0.00183851
45100   1.8156   0.00183539
45200   1.81552   0.00183342
45300   1.81537   0.00183528
45400   1.8153   0.00183254
45500   1.8152   0.00183142
45600   1.81504   0.00183421
45700   1.81486   0.00183886
45800   1.81469   0.00184279
45900   1.81455   0.00184392
46000   1.8144   0.00184568
46100   1.81418   0.00185481
46200   1.81406   0.00185493
46300   1.81394   0.00185461
46400   1.81382   0.00185486
46500   1.81375   0.00185216
46600   1.81369   0.00184906
46700   1.81358   0.00184848
46800   1.81359   0.00184457
46900   1.8136   0.00184064
47000   1.8136   0.00183675
47100   1.81354   0.00183405
47200   1.81356   0.00183036
47300   1.81364   0.00182798
47400   1.81364   0.00182413
47500   1.81366   0.00182037
47600   1.8137   0.00181691
47700   1.81368   0.00181322
47800   1.81371   0.00180972
47900   1.81375   0.00180634
48000   1.81377   0.00180272
48100   1.81376   0.001799
48200   1.81376   0.00179527
48300   1.81378   0.00179165
48400   1.81379   0.00178799
48500   1.81372   0.00178585
48600   1.81371   0.0017822
48700   1.81374   0.00177882
48800   1.81368   0.00177606
48900   1.81364   0.00177289
49000   1.81362   0.00176941
49100   1.81357   0.00176667
49200   1.81353   0.00176349
49300   1.81346   0.00176112
49400   1.81346   0.00175756
49500   1.81349   0.00175422
49600   1.81351   0.00175086
49700   1.81341   0.0017502
49800   1.81331   0.00174951
49900   1.81331   0.00174601
50000   1.81333   0.00174258
