0.0323165 0 0
0.0969496 0 0
0.161583 0 0
0.226216 0 0
0.290849 0 0
0.355482 0 0
0.420115 0 0
0.484748 0 0
0.549381 0 0
0.614014 0 0
0.678647 0 0
0.74328 0 0
0.807913 0 0
0.872546 0.000838155 0.000386176
0.937179 0.0830894 0.00486535
1.00181 0.523921 0.0131454
1.06645 0.891529 0.015495
1.13108 0.960701 0.01497
1.19571 0.919971 0.0129245
1.26034 0.819789 0.0125513
1.32498 0.753073 0.0119253
1.38961 0.692334 0.010403
1.45424 0.640105 0.00978127
1.51888 0.60644 0.00899216
1.58351 0.562588 0.00827279
1.64814 0.561012 0.00854479
1.71278 0.532158 0.00716675
1.77741 0.528528 0.00712074
1.84204 0.521682 0.00661534
1.90667 0.51604 0.00661682
1.97131 0.515167 0.00669923
2.03594 0.513198 0.00612892
2.10057 0.518407 0.0058533
2.16521 0.50647 0.00611865
2.22984 0.499848 0.00572822
2.29447 0.494129 0.00543192
2.35911 0.509342 0.00537421
2.42374 0.51289 0.00532829
2.48837 0.502258 0.00529602
2.55301 0.503 0.00491888
2.61764 0.508315 0.00510697
2.68227 0.501474 0.00454608
2.7469 0.503293 0.0042948
2.81154 0.502335 0.00441463
2.87617 0.499801 0.00435886
2.9408 0.49801 0.00401149
3.00544 0.505112 0.00435919
3.07007 0.498084 0.0039819
3.1347 0.496101 0.0039701
3.19934 0.494413 0.00387423
3.26397 0.490449 0.00391885
3.3286 0.5008 0.00408568
3.39323 0.500811 0.00346548
3.45787 0.49541 0.00361207
3.5225 0.493736 0.00337867
3.58713 0.494231 0.00358159
3.65177 0.490501 0.00341676
3.7164 0.485501 0.00328924
3.78103 0.49083 0.00341959
3.84567 0.487201 0.00311788
3.9103 0.483969 0.00298619
3.97493 0.484904 0.00305073
4.03957 0.483291 0.00298539
4.1042 0.487968 0.00287125
4.16883 0.490051 0.00298004
4.23346 0.487415 0.00291279
4.2981 0.484739 0.00274947
4.36273 0.485876 0.00271002
4.42736 0.483295 0.00269657
4.492 0.487829 0.00294811
4.55663 0.481997 0.00265065
4.62126 0.487032 0.00247773
4.6859 0.490567 0.00251112
4.75053 0.48524 0.00255634
4.81516 0.492623 0.00256777
4.87979 0.48809 0.00253333
4.94443 0.482432 0.00257579
5.00906 0.491722 0.00256324
5.07369 0.486771 0.00244914
5.13833 0.490419 0.00254614
5.20296 0.488701 0.00247943
5.26759 0.490964 0.00246775
5.33223 0.492436 0.00234946
5.39686 0.493314 0.00225537
5.46149 0.496611 0.00233459
5.52612 0.49296 0.00215104
5.59076 0.496096 0.00224482
5.65539 0.496236 0.00213842
5.72002 0.492224 0.00198621
5.78466 0.491934 0.00213661
5.84929 0.491451 0.00204029
5.91392 0.495053 0.00194136
5.97856 0.494403 0.00199293
6.04319 0.491848 0.00211767
6.10782 0.496803 0.00202684
6.17246 0.498448 0.00208911
6.23709 0.493751 0.00200937
6.30172 0.495264 0.00192545
6.36635 0.495547 0.00190874
6.43099 0.501551 0.0018877
