100   1.20023   0
200   1.21227   0.00851866
300   1.21117   0.00574985
400   1.20866   0.00483013
500   1.21083   0.00432377
600   1.21283   0.00403909
700   1.21595   0.00451186
800   1.21735   0.00415798
900   1.21999   0.00445594
1000   1.22419   0.00565029
1100   1.22498   0.00519182
1200   1.22518   0.004763
1300   1.22785   0.00509433
1400   1.22981   0.00509036
1500   1.23042   0.00478764
1600   1.23044   0.00448849
1700   1.2298   0.00426983
1800   1.2294   0.00405161
1900   1.22862   0.00391231
2000   1.22789   0.00378498
2100   1.22729   0.00365151
2200   1.22591   0.0037369
2300   1.22356   0.00425107
2400   1.22217   0.00429585
2500   1.22141   0.00419001
2600   1.2199   0.00429264
2700   1.21907   0.00421356
2800   1.21852   0.0040982
2900   1.21822   0.00396849
3000   1.21741   0.00391689
3100   1.21645   0.0039074
3200   1.21635   0.00378654
3300   1.21663   0.00368235
3400   1.21627   0.00359214
3500   1.21636   0.00349064
3600   1.21646   0.00339529
3700   1.21666   0.00330919
3800   1.2167   0.00322243
3900   1.21661   0.00314108
4000   1.21627   0.00308154
4100   1.21521   0.00318353
4200   1.21465   0.00315537
4300   1.21408   0.00313363
4400   1.21332   0.00315356
4500   1.21269   0.00314485
4600   1.21217   0.00311975
4700   1.21133   0.00316357
4800   1.21065   0.00317006
4900   1.21011   0.00315226
5000   1.2094   0.00316704
5100   1.20839   0.00326129
5200   1.20776   0.00326046
5300   1.20715   0.00325455
5400   1.2067   0.00322575
5500   1.20617   0.00320913
5600   1.20554   0.00321448
5700   1.20518   0.0031782
5800   1.20482   0.00314357
5900   1.20455   0.00310214
6000   1.20396   0.00310428
6100   1.20345   0.00309533
6200   1.20319   0.00305639
6300   1.20274   0.00304119
6400   1.20239   0.00301391
6500   1.20249   0.00296927
6600   1.20223   0.00293566
6700   1.20196   0.00290395
6800   1.20189   0.00286217
6900   1.20183   0.00282131
7000   1.20162   0.00278896
7100   1.2015   0.00275223
7200   1.20158   0.00271534
7300   1.20174   0.00268248
7400   1.20166   0.00264746
7500   1.20155   0.00261438
7600   1.20154   0.00257999
7700   1.2016   0.00254711
7800   1.20165   0.00251504
7900   1.20166   0.0024832
8000   1.20156   0.0024542
8100   1.20161   0.00242453
8200   1.20177   0.00240017
8300   1.20197   0.00237956
8400   1.20212   0.00235557
8500   1.20217   0.00232851
8600   1.20249   0.00232312
8700   1.20283   0.00232161
8800   1.20322   0.00232687
8900   1.20366   0.00234338
9000   1.20392   0.00233069
9100   1.20403   0.0023079
9200   1.20423   0.00229153
9300   1.20447   0.00227887
9400   1.20458   0.00225736
9500   1.2045   0.00223475
9600   1.20428   0.0022228
9700   1.20404   0.00221277
9800   1.20392   0.00219341
9900   1.20371   0.00218159
10000   1.20348   0.0021714
10100   1.2033   0.00215742
10200   1.20316   0.00214084
10300   1.20302   0.00212478
10400   1.20289   0.00210793
10500   1.20282   0.00208926
10600   1.20272   0.00207193
10700   1.20265   0.00205371
10800   1.20261   0.00203509
10900   1.20241   0.00202581
11000   1.20235   0.00200833
11100   1.20236   0.00199026
11200   1.20237   0.00197253
11300   1.20238   0.0019551
11400   1.20226   0.00194196
11500   1.20231   0.00192592
11600   1.20228   0.00190966
11700   1.20215   0.00189774
11800   1.20225   0.00188463
11900   1.2023   0.00186931
12000   1.20224   0.00185468
12100   1.2022   0.00183973
12200   1.2021   0.00182742
12300   1.20207   0.00181288
12400   1.20203   0.00179853
12500   1.20191   0.00178848
12600   1.20164   0.00179424
12700   1.20139   0.00179716
12800   1.20123   0.00179014
12900   1.20114   0.001779
13000   1.20101   0.00176954
13100   1.20085   0.00176344
13200   1.20065   0.00176169
13300   1.20042   0.00176278
13400   1.20026   0.00175755
13500   1.20017   0.00174663
13600   1.20012   0.0017345
13700   1.20006   0.0017228
13800   1.20001   0.00171105
13900   1.19995   0.00170001
14000   1.19994   0.00168789
14100   1.20006   0.00168032
14200   1.20003   0.0016687
14300   1.20016   0.00166206
14400   1.20032   0.00165792
14500   1.2003   0.00164662
14600   1.20023   0.00163687
14700   1.2003   0.00162742
14800   1.20037   0.00161795
14900   1.20045   0.00160921
15000   1.20045   0.00159848
15100   1.20031   0.00159428
15200   1.2002   0.00158761
15300   1.20012   0.00157932
15400   1.20007   0.00156984
15500   1.2   0.00156119
15600   1.19988   0.00155608
15700   1.19972   0.00155426
15800   1.19964   0.00154648
15900   1.19971   0.00153866
16000   1.19985   0.00153487
16100   1.19996   0.0015295
16200   1.19995   0.00152011
16300   1.20015   0.0015247
16400   1.2003   0.00152276
16500   1.20051   0.00152677
16600   1.20074   0.001536
16700   1.2009   0.00153507
16800   1.20106   0.00153391
16900   1.20124   0.0015349
17000   1.20137   0.00153204
17100   1.20149   0.00152731
17200   1.2017   0.00153268
17300   1.2018   0.00152748
17400   1.20187   0.00152023
17500   1.20194   0.00151314
17600   1.20217   0.00152145
17700   1.20234   0.00152242
17800   1.2025   0.00152264
17900   1.20281   0.00154432
18000   1.20283   0.00153591
18100   1.20302   0.00153963
18200   1.20328   0.00155267
18300   1.20337   0.00154643
18400   1.20352   0.0015453
18500   1.20361   0.00153972
18600   1.20368   0.00153295
18700   1.20381   0.00153075
18800   1.20398   0.00153179
18900   1.20402   0.00152428
19000   1.20402   0.00151626
19100   1.20402   0.00150832
19200   1.20397   0.00150125
19300   1.20399   0.00149365
19400   1.204   0.00148598
19500   1.20397   0.00147881
19600   1.20378   0.00148357
19700   1.20363   0.00148289
19800   1.20352   0.00147991
19900   1.20349   0.00147272
20000   1.20349   0.00146536
20100   1.20344   0.00145919
20200   1.20338   0.00145308
20300   1.20338   0.00144593
20400   1.20339   0.00143886
20500   1.20339   0.00143184
20600   1.20339   0.0014249
20700   1.20341   0.00141813
20800   1.20336   0.00141201
20900   1.20343   0.00140691
21000   1.20345   0.00140042
21100   1.20351   0.00139493
21200   1.20357   0.00138958
21300   1.20356   0.0013831
21400   1.20349   0.00137813
21500   1.2035   0.00137175
21600   1.20359   0.00136804
21700   1.20352   0.00136358
21800   1.20355   0.0013578
21900   1.20361   0.00135284
22000   1.20356   0.0013477
22100   1.20348   0.00134373
22200   1.20355   0.00133908
22300   1.20356   0.00133313
22400   1.20358   0.00132732
22500   1.20362   0.00132228
22600   1.20364   0.00131658
22700   1.20357   0.00131297
22800   1.20349   0.00130982
22900   1.20338   0.00130813
23000   1.20325   0.00130924
23100   1.2031   0.00131221
23200   1.20288   0.00132405
23300   1.20272   0.001329
23400   1.20247   0.00134498
23500   1.20234   0.00134593
23600   1.20224   0.00134403
23700   1.20215   0.00134137
23800   1.2021   0.00133666
23900   1.20215   0.00133201
24000   1.202   0.00133487
24100   1.202   0.00132934
24200   1.20216   0.00133305
24300   1.20233   0.00133827
24400   1.20236   0.00133324
24500   1.20239   0.00132801
24600   1.20247   0.00132514
24700   1.20247   0.00131977
24800   1.20248   0.00131448
24900   1.20248   0.0013092
25000   1.20241   0.00130586
25100   1.20228   0.00130685
25200   1.20222   0.00130318
25300   1.2022   0.00129828
25400   1.20212   0.00129561
25500   1.20203   0.00129322
25600   1.20198   0.00128945
25700   1.20193   0.00128522
25800   1.20174   0.00129437
25900   1.20168   0.00129088
26000   1.20165   0.00128621
26100   1.20158   0.00128304
26200   1.2015   0.0012806
26300   1.20149   0.00127577
26400   1.20147   0.00127106
26500   1.20143   0.00126718
26600   1.20142   0.00126242
26700   1.20138   0.00125836
26800   1.2013   0.00125653
26900   1.20123   0.00125369
27000   1.20122   0.0012491
27100   1.2012   0.00124469
27200   1.20121   0.00124017
27300   1.20123   0.00123579
27400   1.20121   0.00123139
27500   1.20125   0.0012274
27600   1.20129   0.00122367
27700   1.20127   0.00121934
27800   1.20121   0.00121644
27900   1.20133   0.00121809
28000   1.20133   0.00121376
28100   1.2012   0.00121568
28200   1.2012   0.00121137
28300   1.20128   0.00120949
28400   1.20129   0.00120532
28500   1.20125   0.00120188
28600   1.20126   0.00119772
28700   1.20121   0.00119462
28800   1.20123   0.0011906
28900   1.20124   0.00118652
29000   1.2013   0.00118418
29100   1.20138   0.00118293
29200   1.20138   0.00117891
29300   1.20134   0.00117555
29400   1.20129   0.00117248
29500   1.20125   0.00116928
29600   1.20127   0.00116546
29700   1.20125   0.00116162
29800   1.2012   0.00115895
29900   1.20115   0.00115605
30000   1.20114   0.00115228
30100   1.20108   0.00114981
30200   1.20105   0.00114638
30300   1.20102   0.00114299
30400   1.20094   0.00114183
30500   1.20089   0.00113927
30600   1.2009   0.00113558
30700   1.20091   0.00113196
30800   1.20093   0.00112847
30900   1.20092   0.00112491
31000   1.20097   0.00112251
31100   1.20109   0.00112542
31200   1.20122   0.00112848
31300   1.20131   0.00112883
31400   1.20143   0.00113177
31500   1.20156   0.00113474
31600   1.20167   0.00113653
31700   1.2018   0.00114055
31800   1.20196   0.00114912
31900   1.20208   0.00115148
32000   1.20216   0.00115073
32100   1.20229   0.00115372
32200   1.20239   0.00115464
32300   1.20253   0.00116003
32400   1.20266   0.00116331
32500   1.20278   0.00116644
32600   1.20294   0.00117279
32700   1.20312   0.00118408
32800   1.20331   0.00119466
32900   1.20347   0.00120154
33000   1.20354   0.00120015
33100   1.20379   0.00122236
33200   1.204   0.00123621
33300   1.20409   0.00123613
33400   1.20419   0.00123642
33500   1.20426   0.0012346
33600   1.20434   0.00123325
33700   1.20446   0.00123592
33800   1.20457   0.00123733
33900   1.20466   0.00123686
34000   1.20475   0.00123637
34100   1.20488   0.00123906
34200   1.20501   0.00124237
34300   1.20512   0.00124363
34400   1.20525   0.00124686
34500   1.20533   0.00124581
34600   1.20551   0.00125485
34700   1.20566   0.00126084
34800   1.20585   0.00127121
34900   1.20604   0.00128232
35000   1.20626   0.00129649
35100   1.20644   0.00130546
35200   1.20658   0.00130893
35300   1.20669   0.00130984
35400   1.20678   0.00130971
35500   1.20683   0.00130682
35600   1.20686   0.00130344
35700   1.20684   0.00129987
35800   1.20683   0.00129632
35900   1.20687   0.00129346
36000   1.20689   0.00129
36100   1.2069   0.00128644
36200   1.20694   0.00128347
36300   1.20696   0.0012802
36400   1.20696   0.00127668
36500   1.20698   0.00127331
36600   1.20701   0.00127019
36700   1.20704   0.00126719
36800   1.20708   0.00126426
36900   1.2071   0.00126113
37000   1.20709   0.00125784
37100   1.20711   0.00125467
37200   1.20716   0.00125214
37300   1.20716   0.00124878
37400   1.20711   0.00124631
37500   1.2071   0.00124307
37600   1.20711   0.00123985
37700   1.20709   0.00123678
37800   1.20704   0.00123438
37900   1.20699   0.00123236
38000   1.20697   0.00122923
38100   1.20696   0.00122602
38200   1.20698   0.00122287
38300   1.20699   0.00121981
38400   1.20694   0.00121805
38500   1.207   0.00121667
38600   1.20705   0.00121461
38700   1.20705   0.00121148
38800   1.20704   0.0012084
38900   1.20704   0.00120529
39000   1.20704   0.0012022
39100   1.20704   0.00119913
39200   1.20704   0.00119608
39300   1.20704   0.00119305
39400   1.207   0.00119081
39500   1.20698   0.00118785
39600   1.20693   0.00118622
39700   1.2069   0.00118346
39800   1.20693   0.00118087
39900   1.20692   0.00117797
40000   1.20691   0.00117505
40100   1.20692   0.00117217
40200   1.207   0.00117144
40300   1.20699   0.00116856
40400   1.20702   0.00116601
40500   1.20706   0.00116392
40600   1.20709   0.00116143
40700   1.20715   0.00116001
40800   1.20719   0.00115776
40900   1.20718   0.00115496
41000   1.20716   0.00115227
41100   1.20721   0.00115058
41200   1.20728   0.00114978
41300   1.20737   0.00115102
41400   1.20746   0.0011516
41500   1.20751   0.00115002
41600   1.20766   0.00115663
41700   1.20779   0.00116087
41800   1.20786   0.00116033
41900   1.20802   0.00116894
42000   1.20817   0.00117542
42100   1.20832   0.00118185
42200   1.20843   0.0011846
42300   1.20862   0.00119664
42400   1.20877   0.00120344
42500   1.2089   0.00120714
42600   1.20905   0.00121323
42700   1.20916   0.00121534
42800   1.20924   0.00121544
42900   1.20937   0.00121993
43000   1.20947   0.00122107
43100   1.20963   0.001228
43200   1.20974   0.00123061
43300   1.20981   0.00122975
43400   1.20988   0.00122871
43500   1.20998   0.00123022
43600   1.21013   0.00123587
43700   1.21012   0.00123304
43800   1.2102   0.00123258
43900   1.21033   0.001237
44000   1.21045   0.00123932
44100   1.21054   0.00123999
44200   1.21064   0.00124115
44300   1.21068   0.00123904
44400   1.21068   0.00123625
44500   1.21068   0.00123348
44600   1.21066   0.00123077
44700   1.21065   0.00122817
44800   1.21058   0.00122704
44900   1.2105   0.00122682
45000   1.21044   0.00122567
45100   1.2104   0.00122359
45200   1.21034   0.00122228
45300   1.21025   0.00122352
45400   1.2102   0.00122169
45500   1.21013   0.00122095
45600   1.21003   0.00122281
45700   1.20991   0.0012259
45800   1.20979   0.00122853
45900   1.2097   0.00122928
46000   1.2096   0.00123045
46100   1.20946   0.00123654
46200   1.20937   0.00123662
46300   1.2093   0.00123641
46400   1.20921   0.00123657
46500   1.20917   0.00123478
46600   1.20913   0.0012327
46700   1.20905   0.00123232
46800   1.20906   0.00122971
46900   1.20906   0.00122709
47000   1.20907   0.0012245
47100   1.20903   0.0012227
47200   1.20904   0.00122024
47300   1.20909   0.00121866
47400   1.2091   0.00121609
47500   1.20911   0.00121358
47600   1.20913   0.00121127
47700   1.20912   0.00120881
47800   1.20914   0.00120648
47900   1.20916   0.00120423
48000   1.20918   0.00120181
48100   1.20917   0.00119933
48200   1.20917   0.00119685
48300   1.20919   0.00119443
48400   1.2092   0.00119199
48500   1.20915   0.00119057
48600   1.20914   0.00118814
48700   1.20916   0.00118588
48800   1.20912   0.00118404
48900   1.2091   0.00118193
49000   1.20908   0.00117961
49100   1.20904   0.00117778
49200   1.20902   0.00117566
49300   1.20898   0.00117408
49400   1.20897   0.00117171
49500   1.20899   0.00116948
49600   1.20901   0.00116724
49700   1.20894   0.0011668
49800   1.20888   0.00116634
49900   1.20887   0.001164
50000   1.20888   0.00116172
