100   0.0535504   0
200   0.0490158   0.00320646
300   0.0498183   0.0022358
400   0.0511985   0.00205927
500   0.0504734   0.00177047
600   0.0495869   0.00168279
700   0.048633   0.00169123
800   0.0490063   0.00152046
900   0.0495968   0.0014617
1000   0.0502749   0.00146441
1100   0.052488   0.0024949
1200   0.0546036   0.00305501
1300   0.0551052   0.0028609
1400   0.0551533   0.00265695
1500   0.0552028   0.00248028
1600   0.0551099   0.00232701
1700   0.0549341   0.00219676
1800   0.0543806   0.0021433
1900   0.0537311   0.00212665
2000   0.0529783   0.00214943
2100   0.0522973   0.00215226
2200   0.0521825   0.00205748
2300   0.0526037   0.00201066
2400   0.052654   0.00192752
2500   0.0523863   0.00186892
2600   0.0523357   0.00179773
2700   0.0520235   0.00175803
2800   0.0516227   0.00174035
2900   0.0512759   0.00171453
3000   0.0513094   0.00165771
3100   0.0515571   0.00162264
3200   0.0515504   0.00157195
3300   0.0514624   0.00152677
3400   0.0516495   0.00149329
3500   0.0516803   0.00145094
3600   0.051618   0.00141197
3700   0.0514218   0.00138738
3800   0.0512182   0.00136572
3900   0.0510747   0.00133823
4000   0.0511043   0.0013051
4100   0.0514328   0.00131395
4200   0.0515567   0.0012885
4300   0.0515977   0.00125919
4400   0.0516069   0.0012306
4500   0.0514627   0.00121167
4600   0.051225   0.00120842
4700   0.0510887   0.00119038
4800   0.0509185   0.00117768
4900   0.0507406   0.00116701
5000   0.0506902   0.00114475
5100   0.0507869   0.00112638
5200   0.0507425   0.00110559
5300   0.0506548   0.00108821
5400   0.0505044   0.0010784
5500   0.0503998   0.00106386
5600   0.0503438   0.00104633
5700   0.0501883   0.00103946
5800   0.0500483   0.00103092
5900   0.0499481   0.00101831
6000   0.0500605   0.00100752
6100   0.0502222   0.0010039
6200   0.050344   0.000995065
6300   0.0505341   0.000997271
6400   0.0506211   0.000985478
6500   0.0504851   0.000979663
6600   0.0504629   0.00096507
6700   0.0504678   0.000950678
6800   0.0504269   0.000937576
6900   0.0504213   0.000924005
7000   0.050505   0.000914586
7100   0.0505539   0.000903011
7200   0.0505016   0.000891979
7300   0.0504089   0.000884573
7400   0.0504037   0.000872634
7500   0.0503986   0.000861014
7600   0.0503341   0.000852096
7700   0.0502413   0.000846071
7800   0.0501591   0.000839207
7900   0.0501145   0.000829768
8000   0.0501154   0.000819397
8100   0.0500505   0.000811845
8200   0.0499409   0.000809314
8300   0.049845   0.000805226
8400   0.0498355   0.000795696
8500   0.0499222   0.000791042
8600   0.0499553   0.000782536
8700   0.0500019   0.000774929
8800   0.0500409   0.000767103
8900   0.0500554   0.000758622
9000   0.0501328   0.00075413
9100   0.0502166   0.000750478
9200   0.0501892   0.000742819
9300   0.0500802   0.000742794
9400   0.0499918   0.000740128
9500   0.0499807   0.000732421
9600   0.050034   0.000726726
9700   0.0500697   0.000720113
9800   0.0500321   0.000713746
9900   0.0500102   0.000706874
10000   0.0499916   0.000700048
10100   0.0499615   0.000693766
10200   0.049928   0.000687773
10300   0.0499128   0.000681263
10400   0.0499063   0.000674744
10500   0.0498966   0.000668387
10600   0.0499045   0.000662129
10700   0.0499044   0.000655941
10800   0.0498994   0.000649886
10900   0.0499498   0.000645873
11000   0.049947   0.000640008
11100   0.0499062   0.00063554
11200   0.0498686   0.000630976
11300   0.0498551   0.000625537
11400   0.0499026   0.000621845
11500   0.049894   0.000616496
11600   0.0499259   0.000612002
11700   0.049979   0.000609075
11800   0.0499341   0.000605568
11900   0.0499186   0.000600678
12000   0.0499592   0.000597044
12100   0.0499988   0.00059342
12200   0.0500392   0.000589934
12300   0.050025   0.000585309
12400   0.049984   0.000582023
12500   0.0499695   0.000577548
12600   0.0500007   0.000573805
12700   0.0500039   0.000569296
12800   0.0499479   0.000567594
12900   0.0498616   0.000569714
13000   0.0498008   0.000568565
13100   0.0497888   0.000564352
13200   0.0498269   0.000561363
13300   0.0498939   0.000561123
13400   0.0499443   0.000559193
13500   0.0499522   0.000555107
13600   0.0499314   0.000551414
13700   0.0499076   0.000547903
13800   0.0498895   0.000544232
13900   0.0498933   0.000540331
14000   0.0498872   0.000536506
14100   0.0498523   0.000533832
14200   0.0498914   0.000531498
14300   0.0498973   0.000527815
14400   0.0499231   0.00052478
14500   0.0500355   0.000533047
14600   0.0501441   0.000540351
14700   0.0501532   0.000536752
14800   0.0501157   0.00053443
14900   0.0500516   0.000534676
15000   0.0500215   0.000531957
15100   0.0500461   0.000529002
15200   0.0500477   0.000525524
15300   0.0500169   0.000522988
15400   0.0499649   0.00052217
15500   0.0499293   0.000520013
15600   0.0499359   0.000516721
15700   0.0499623   0.000514102
15800   0.0499494   0.000511008
15900   0.0498717   0.000513664
16000   0.0497893   0.000517028
16100   0.0497615   0.000514566
16200   0.0498178   0.000514468
16300   0.0498052   0.000511466
16400   0.0497996   0.000508378
16500   0.0497597   0.000506858
16600   0.0496969   0.000507678
16700   0.0496586   0.000506087
16800   0.0496152   0.000504929
16900   0.0495557   0.000505438
17000   0.0495061   0.000504887
17100   0.0494628   0.000503788
17200   0.0493931   0.000505664
17300   0.0493806   0.000502895
17400   0.0494052   0.000500605
17500   0.0494367   0.000498736
17600   0.0494141   0.000496414
17700   0.049422   0.000493673
17800   0.0494489   0.000491628
17900   0.0494534   0.000488903
18000   0.0495767   0.000501495
18100   0.0496305   0.000501595
18200   0.0496376   0.00049889
18300   0.0496865   0.000498558
18400   0.0496984   0.00049599
18500   0.0497151   0.000493589
18600   0.0497219   0.000490982
18700   0.049686   0.000489667
18800   0.0496381   0.000489398
18900   0.0496533   0.000487045
19000   0.0497038   0.000487095
19100   0.0497525   0.000486974
19200   0.0497886   0.00048577
19300   0.0497604   0.000484069
19400   0.0497148   0.000483715
19500   0.0496943   0.000481669
19600   0.0497464   0.000482024
19700   0.0497858   0.000481182
19800   0.0497983   0.000478914
19900   0.0497595   0.000478073
20000   0.0497033   0.000478978
20100   0.0496783   0.000477246
20200   0.049666   0.000475041
20300   0.0496404   0.000473393
20400   0.049626   0.000471292
20500   0.0496343   0.000469066
20600   0.049664   0.00046773
20700   0.0496995   0.000466817
20800   0.0497589   0.000468329
20900   0.0497746   0.000466353
21000   0.0497991   0.000464771
21100   0.0498087   0.000462668
21200   0.0498209   0.000460647
21300   0.0498654   0.000460628
21400   0.0499315   0.00046319
21500   0.0499594   0.000461876
21600   0.049951   0.000459813
21700   0.0499935   0.000459656
21800   0.0499898   0.000457562
21900   0.0499757   0.000455691
22000   0.0500096   0.000454876
22100   0.0500544   0.000455015
22200   0.0500503   0.000452984
22300   0.0500621   0.000451106
22400   0.050065   0.000449102
22500   0.050048   0.000447426
22600   0.0500387   0.000445544
22700   0.050062   0.000444191
22800   0.0500775   0.000442513
22900   0.0500802   0.000440589
23000   0.05007   0.000438792
23100   0.0500486   0.000437411
23200   0.0500353   0.000435729
23300   0.0499995   0.000435325
23400   0.0499885   0.000433604
23500   0.0499505   0.000433417
23600   0.0499234   0.000432425
23700   0.0499291   0.000430638
23800   0.0499609   0.000430002
23900   0.050003   0.000430263
24000   0.0501511   0.000453216
24100   0.0502447   0.000460909
24200   0.0502616   0.000459313
24300   0.0502663   0.000457447
24400   0.0503195   0.000458658
24500   0.0503594   0.000458516
24600   0.0503477   0.000456803
24700   0.0503379   0.000455058
24800   0.050307   0.000454268
24900   0.050275   0.000453572
25000   0.0502759   0.000451759
25100   0.0503043   0.000450849
25200   0.0503021   0.000449065
25300   0.050272   0.000448304
25400   0.0502489   0.000447129
25500   0.0502186   0.000446402
25600   0.0501767   0.00044662
25700   0.0501424   0.000446201
25800   0.050174   0.000445594
25900   0.0501669   0.00044393
26000   0.0501504   0.000442529
26100   0.0501585   0.000440907
26200   0.0501772   0.00043962
26300   0.0501702   0.000438004
26400   0.0501638   0.000436392
26500   0.0501633   0.000434745
26600   0.0501479   0.000433383
26700   0.0501563   0.000431841
26800   0.0501917   0.000431681
26900   0.0502177   0.000430856
27000   0.0502108   0.000429315
27100   0.0501933   0.000428088
27200   0.0501533   0.000428377
27300   0.0501094   0.000429047
27400   0.0500868   0.000428076
27500   0.0500622   0.000427226
27600   0.0500604   0.000425682
27700   0.0501078   0.000426775
27800   0.0501837   0.000431931
27900   0.0502003   0.000430702
28000   0.050267   0.000434297
28100   0.0503658   0.000443854
28200   0.0503903   0.000442954
28300   0.050356   0.000442712
28400   0.0503327   0.000441767
28500   0.0503311   0.000440219
28600   0.050318   0.000438875
28700   0.050335   0.000437674
28800   0.0503325   0.000436162
28900   0.0503313   0.000434654
29000   0.0503094   0.000433711
29100   0.0502865   0.000432824
29200   0.050307   0.000431827
29300   0.0503418   0.000431756
29400   0.0503693   0.000431163
29500   0.0503746   0.000429734
29600   0.0503421   0.000429514
29700   0.0503145   0.000428953
29800   0.0503021   0.000427694
29900   0.0502868   0.000426535
30000   0.0502592   0.000426009
30100   0.0502471   0.000424763
30200   0.0502292   0.000423734
30300   0.0502203   0.000422431
30400   0.0502373   0.000421384
30500   0.0502467   0.000420107
30600   0.0502329   0.00041896
30700   0.0502249   0.000417671
30800   0.0502335   0.000416403
30900   0.0502711   0.000416758
31000   0.0502886   0.000415777
31100   0.0502781   0.000414571
31200   0.0502704   0.000413315
31300   0.0502813   0.000412139
31400   0.0502935   0.000411005
31500   0.0503131   0.000410168
31600   0.0503381   0.00040963
31700   0.0503467   0.000408428
31800   0.0503338   0.000407347
31900   0.0503344   0.00040607
32000   0.0503409   0.000404853
32100   0.050322   0.000404029
32200   0.050303   0.000403222
32300   0.0502728   0.000403102
32400   0.0502634   0.000401968
32500   0.0502748   0.000400894
32600   0.0502958   0.00040021
32700   0.0503215   0.000399815
32800   0.0503619   0.000400632
32900   0.0504218   0.000403867
33000   0.0504956   0.000409316
33100   0.0504758   0.000408557
33200   0.0504513   0.000408062
33300   0.0504648   0.000407063
33400   0.0504742   0.000405953
33500   0.050492   0.000405129
33600   0.0505032   0.000404079
33700   0.0504948   0.000402968
33800   0.0504929   0.000401781
33900   0.0505033   0.000400731
34000   0.050514   0.000399694
34100   0.0505057   0.000398607
34200   0.0504906   0.000397729
34300   0.050483   0.000396642
34400   0.0504746   0.000395576
34500   0.0504909   0.000394763
34600   0.0504806   0.000393756
34700   0.0504865   0.000392666
34800   0.050488   0.00039154
34900   0.0504908   0.000390429
35000   0.0504887   0.000389319
35100   0.0504961   0.000388279
35200   0.0505094   0.000387405
35300   0.0505139   0.000386333
35400   0.0505019   0.000385427
35500   0.0504894   0.000384544
35600   0.0504704   0.000383934
35700   0.0504581   0.000383057
35800   0.0504379   0.000382516
35900   0.0503971   0.000383629
36000   0.0503783   0.000383021
36100   0.0503834   0.000381994
36200   0.0503939   0.000381083
36300   0.0504224   0.000381093
36400   0.0504641   0.000382331
36500   0.0504899   0.000382149
36600   0.0504939   0.000381126
36700   0.0504789   0.000380385
36800   0.0504517   0.00038032
36900   0.0504248   0.000380241
37000   0.0504151   0.000379337
37100   0.0503922   0.000379005
37200   0.0503663   0.000378868
37300   0.0503679   0.000377856
37400   0.050389   0.000377435
37500   0.0503873   0.000376432
37600   0.0503603   0.000376396
37700   0.0503381   0.000376052
37800   0.0503222   0.000375392
37900   0.0503095   0.000374618
38000   0.0502855   0.000374395
38100   0.0502646   0.000373996
38200   0.0502514   0.000373252
38300   0.0502558   0.000372303
38400   0.0502987   0.000373795
38500   0.0502989   0.000372825
38600   0.0503058   0.000371922
38700   0.0503393   0.000372469
38800   0.0503744   0.000373158
38900   0.0503933   0.000372678
39000   0.0503907   0.000371731
39100   0.0503712   0.000371289
39200   0.0503427   0.000371438
39300   0.0503198   0.000371198
39400   0.0503172   0.000370265
39500   0.0503133   0.000369348
39600   0.0503326   0.000368919
39700   0.0503418   0.000368103
39800   0.0503342   0.000367255
39900   0.0503495   0.000366652
40000   0.0503742   0.000366569
40100   0.0503969   0.000366353
40200   0.0504041   0.000365513
40300   0.0504458   0.000366978
40400   0.0504721   0.000367009
40500   0.0504806   0.000366203
40600   0.0504795   0.000365303
40700   0.0504605   0.0003649
40800   0.0504534   0.000364073
40900   0.0504755   0.000363849
41000   0.0505079   0.000364403
41100   0.0505164   0.000363616
41200   0.0505165   0.000362733
41300   0.0505083   0.000361949
41400   0.0505105   0.000361082
41500   0.0505318   0.000360836
41600   0.0505244   0.000360043
41700   0.0505334   0.000359293
41800   0.0505702   0.000360306
41900   0.0505795   0.000359567
42000   0.0505971   0.000359142
42100   0.0506195   0.000358985
42200   0.0506498   0.000359412
42300   0.0506468   0.000358575
42400   0.0506542   0.000357807
42500   0.0506719   0.000357401
42600   0.0506821   0.000356708
42700   0.0507055   0.000356636
42800   0.0507305   0.000356679
42900   0.0507276   0.00035586
43000   0.0507244   0.000355046
43100   0.0506954   0.000355408
43200   0.0506854   0.000354726
43300   0.0507024   0.000354318
43400   0.0507234   0.000354121
43500   0.0507248   0.000353309
43600   0.0507114   0.000352753
43700   0.0507543   0.000354547
43800   0.0507736   0.000354264
43900   0.0507706   0.000353469
44000   0.0507748   0.00035269
44100   0.0507847   0.000352031
44200   0.0507895   0.000351266
44300   0.0508082   0.000350973
44400   0.0508275   0.000350712
44500   0.0508269   0.000349924
44600   0.0508064   0.000349741
44700   0.0507739   0.000350469
44800   0.0507514   0.000350409
44900   0.0507335   0.000350083
45000   0.0507103   0.000350074
45100   0.0506852   0.000350198
45200   0.0506802   0.000349459
45300   0.0506984   0.000349165
45400   0.0507   0.000348399
45500   0.0507072   0.000347708
45600   0.0507254   0.000347421
45700   0.0507429   0.000347104
45800   0.050751   0.00034644
45900   0.0507446   0.000345744
46000   0.0507381   0.000345053
46100   0.050747   0.000344421
46200   0.0507323   0.00034399
46300   0.0507183   0.000343531
46400   0.0507131   0.000342831
46500   0.0507042   0.000342208
46600   0.0507062   0.000341479
46700   0.0507321   0.000341725
46800   0.0507363   0.000341021
46900   0.0507483   0.000340505
47000   0.0507672   0.000340307
47100   0.0508089   0.000342128
47200   0.0508265   0.000341853
47300   0.0508292   0.000341141
47400   0.0508497   0.000341039
47500   0.0508726   0.00034109
47600   0.0508943   0.000341063
47700   0.0509262   0.00034183
47800   0.0509336   0.000341196
47900   0.0509261   0.000340565
48000   0.0509133   0.000340094
48100   0.0509042   0.000339509
48200   0.0508924   0.000339012
48300   0.0508809   0.000338504
48400   0.0508801   0.000337805
48500   0.0509068   0.000338165
48600   0.0509157   0.000337587
48700   0.0509084   0.000336973
48800   0.0509186   0.000336437
48900   0.0509216   0.000335762
49000   0.050916   0.000335123
49100   0.0509176   0.000334445
49200   0.0509175   0.000333765
49300   0.0509232   0.000333137
49400   0.0509123   0.000332642
49500   0.050895   0.000332421
49600   0.0508878   0.000331827
49700   0.0509207   0.000332782
49800   0.0509514   0.000333529
49900   0.0509471   0.000332889
50000   0.0509287   0.000332728
