100   1.43677   0
200   1.4368   2.55378e-05
300   1.43699   0.00014928
400   1.43693   0.00012194
500   1.43689   0.000103089
600   1.4369   8.60831e-05
700   1.43687   7.84651e-05
800   1.43693   8.72055e-05
900   1.43685   0.000105168
1000   1.43689   0.000102438
1100   1.43692   9.63333e-05
1200   1.43691   8.87621e-05
1300   1.43689   8.45875e-05
1400   1.4369   7.98786e-05
1500   1.43692   7.6539e-05
1600   1.43693   7.19052e-05
1700   1.43693   6.80206e-05
1800   1.43693   6.42429e-05
1900   1.43694   6.12396e-05
2000   1.43694   5.82325e-05
2100   1.43694   5.56894e-05
2200   1.43696   5.6364e-05
2300   1.43697   5.41178e-05
2400   1.43695   5.4473e-05
2500   1.43695   5.24098e-05
2600   1.43696   5.09096e-05
2700   1.43695   4.97764e-05
2800   1.43695   4.80671e-05
2900   1.43695   4.65964e-05
3000   1.43696   4.56541e-05
3100   1.43696   4.42131e-05
3200   1.43694   4.541e-05
3300   1.43695   4.52189e-05
3400   1.43695   4.41048e-05
3500   1.43695   4.28483e-05
3600   1.43695   4.17549e-05
3700   1.43695   4.06392e-05
3800   1.43695   3.96632e-05
3900   1.43695   3.86803e-05
4000   1.43696   3.89741e-05
4100   1.43696   3.8041e-05
4200   1.43696   3.71685e-05
4300   1.43696   3.63052e-05
4400   1.43697   3.60358e-05
4500   1.43696   3.60112e-05
4600   1.43696   3.57282e-05
4700   1.43696   3.4972e-05
4800   1.43696   3.42504e-05
4900   1.43696   3.3599e-05
5000   1.43697   3.39005e-05
5100   1.43697   3.32585e-05
5200   1.43697   3.27987e-05
5300   1.43697   3.21894e-05
5400   1.43696   3.16813e-05
5500   1.43697   3.18119e-05
5600   1.43697   3.16175e-05
5700   1.43697   3.1081e-05
5800   1.43697   3.05458e-05
5900   1.43697   3.00372e-05
6000   1.43698   3.05326e-05
6100   1.43697   3.14356e-05
6200   1.43697   3.1379e-05
6300   1.43697   3.09252e-05
6400   1.43696   3.09924e-05
6500   1.43696   3.05769e-05
6600   1.43697   3.03161e-05
6700   1.43697   2.98792e-05
6800   1.43696   2.99997e-05
6900   1.43697   2.9748e-05
7000   1.43697   2.93287e-05
7100   1.43696   2.91244e-05
7200   1.43696   2.88214e-05
7300   1.43696   2.84278e-05
7400   1.43697   2.86449e-05
7500   1.43696   2.83865e-05
7600   1.43696   2.80335e-05
7700   1.43696   2.76821e-05
7800   1.43696   2.73272e-05
7900   1.43696   2.70566e-05
8000   1.43696   2.672e-05
8100   1.43696   2.65321e-05
8200   1.43696   2.62148e-05
8300   1.43696   2.59015e-05
8400   1.43696   2.56672e-05
8500   1.43696   2.53879e-05
8600   1.43696   2.54282e-05
8700   1.43696   2.51548e-05
8800   1.43696   2.49319e-05
8900   1.43696   2.46733e-05
9000   1.43696   2.46796e-05
9100   1.43696   2.44125e-05
9200   1.43696   2.42563e-05
9300   1.43696   2.40073e-05
9400   1.43696   2.39507e-05
9500   1.43697   2.37879e-05
9600   1.43697   2.36245e-05
9700   1.43696   2.35903e-05
9800   1.43697   2.33733e-05
9900   1.43697   2.315e-05
10000   1.43697   2.29186e-05
10100   1.43696   2.27313e-05
10200   1.43696   2.25115e-05
10300   1.43696   2.23013e-05
10400   1.43696   2.21184e-05
10500   1.43696   2.19128e-05
10600   1.43696   2.17213e-05
10700   1.43696   2.15381e-05
10800   1.43697   2.14499e-05
10900   1.43697   2.12544e-05
11000   1.43696   2.10961e-05
11100   1.43696   2.09325e-05
11200   1.43696   2.07478e-05
11300   1.43697   2.06081e-05
11400   1.43696   2.04633e-05
11500   1.43696   2.02883e-05
11600   1.43697   2.03971e-05
11700   1.43696   2.05333e-05
11800   1.43696   2.03763e-05
11900   1.43697   2.03454e-05
12000   1.43697   2.01806e-05
12100   1.43697   2.00802e-05
12200   1.43697   1.99173e-05
12300   1.43697   1.97579e-05
12400   1.43697   1.95986e-05
12500   1.43697   1.99397e-05
12600   1.43697   1.98137e-05
12700   1.43697   1.96861e-05
12800   1.43697   1.9566e-05
12900   1.43697   1.94221e-05
13000   1.43697   1.92935e-05
13100   1.43697   1.91801e-05
13200   1.43697   1.90753e-05
13300   1.43697   1.89319e-05
13400   1.43697   1.87906e-05
13500   1.43697   1.87202e-05
13600   1.43697   1.85869e-05
13700   1.43697   1.84521e-05
13800   1.43697   1.83248e-05
13900   1.43697   1.81933e-05
14000   1.43697   1.82501e-05
14100   1.43697   1.81294e-05
14200   1.43697   1.80448e-05
14300   1.43697   1.81636e-05
14400   1.43697   1.81619e-05
14500   1.43697   1.82425e-05
14600   1.43697   1.83554e-05
14700   1.43697   1.82306e-05
14800   1.43697   1.81126e-05
14900   1.43697   1.79917e-05
15000   1.43697   1.80257e-05
15100   1.43697   1.79183e-05
15200   1.43697   1.78031e-05
15300   1.43697   1.7703e-05
15400   1.43697   1.75912e-05
15500   1.43697   1.7489e-05
15600   1.43698   1.76128e-05
15700   1.43698   1.75763e-05
15800   1.43697   1.75004e-05
15900   1.43697   1.74516e-05
16000   1.43697   1.73427e-05
16100   1.43697   1.72913e-05
16200   1.43697   1.72153e-05
16300   1.43697   1.71603e-05
16400   1.43697   1.71262e-05
16500   1.43697   1.71976e-05
16600   1.43697   1.71274e-05
16700   1.43697   1.70262e-05
16800   1.43697   1.69258e-05
16900   1.43697   1.683e-05
17000   1.43697   1.67814e-05
17100   1.43697   1.67488e-05
17200   1.43697   1.66541e-05
17300   1.43697   1.66328e-05
17400   1.43697   1.65378e-05
17500   1.43697   1.6456e-05
17600   1.43697   1.65077e-05
17700   1.43697   1.64373e-05
17800   1.43697   1.65592e-05
17900   1.43697   1.65535e-05
18000   1.43697   1.64901e-05
18100   1.43697   1.6736e-05
18200   1.43697   1.6663e-05
18300   1.43697   1.65897e-05
18400   1.43697   1.65236e-05
18500   1.43697   1.64409e-05
18600   1.43697   1.6362e-05
18700   1.43697   1.63639e-05
18800   1.43697   1.6282e-05
18900   1.43697   1.62321e-05
19000   1.43697   1.61468e-05
19100   1.43697   1.60662e-05
19200   1.43697   1.60334e-05
19300   1.43697   1.59536e-05
19400   1.43697   1.59258e-05
19500   1.43697   1.59247e-05
19600   1.43697   1.58437e-05
19700   1.43697   1.58122e-05
19800   1.43696   1.58761e-05
19900   1.43696   1.58767e-05
20000   1.43696   1.58163e-05
20100   1.43696   1.57385e-05
20200   1.43696   1.57143e-05
20300   1.43696   1.57546e-05
20400   1.43696   1.56945e-05
20500   1.43696   1.562e-05
20600   1.43696   1.55506e-05
20700   1.43696   1.55054e-05
20800   1.43696   1.5457e-05
20900   1.43695   1.54429e-05
21000   1.43695   1.53711e-05
21100   1.43695   1.53667e-05
21200   1.43695   1.53018e-05
21300   1.43695   1.52535e-05
21400   1.43695   1.51957e-05
21500   1.43695   1.54622e-05
21600   1.43695   1.53924e-05
21700   1.43695   1.5337e-05
21800   1.43695   1.5479e-05
21900   1.43695   1.54319e-05
22000   1.43695   1.54098e-05
22100   1.43695   1.54821e-05
22200   1.43695   1.54268e-05
22300   1.43695   1.53842e-05
22400   1.43695   1.53477e-05
22500   1.43695   1.5281e-05
22600   1.43695   1.52617e-05
22700   1.43695   1.52109e-05
22800   1.43695   1.51461e-05
22900   1.43695   1.5094e-05
23000   1.43695   1.50546e-05
23100   1.43695   1.50882e-05
23200   1.43695   1.50738e-05
23300   1.43695   1.50343e-05
23400   1.43695   1.49791e-05
23500   1.43695   1.4946e-05
23600   1.43695   1.48847e-05
23700   1.43695   1.48229e-05
23800   1.43695   1.48177e-05
23900   1.43695   1.47605e-05
24000   1.43695   1.51181e-05
24100   1.43695   1.57087e-05
24200   1.43694   1.56623e-05
24300   1.43695   1.5656e-05
24400   1.43695   1.5742e-05
24500   1.43695   1.57168e-05
24600   1.43695   1.56768e-05
24700   1.43695   1.56982e-05
24800   1.43695   1.56503e-05
24900   1.43695   1.56723e-05
25000   1.43695   1.56172e-05
25100   1.43695   1.57143e-05
25200   1.43695   1.58961e-05
25300   1.43695   1.58725e-05
25400   1.43695   1.5825e-05
25500   1.43695   1.57633e-05
25600   1.43695   1.57028e-05
25700   1.43695   1.56818e-05
25800   1.43695   1.56776e-05
25900   1.43695   1.56696e-05
26000   1.43695   1.56229e-05
26100   1.43695   1.55857e-05
26200   1.43695   1.55296e-05
26300   1.43695   1.54781e-05
26400   1.43696   1.55309e-05
26500   1.43695   1.55523e-05
26600   1.43696   1.55338e-05
26700   1.43696   1.54777e-05
26800   1.43696   1.54794e-05
26900   1.43696   1.54742e-05
27000   1.43696   1.54175e-05
27100   1.43696   1.53642e-05
27200   1.43696   1.53111e-05
27300   1.43696   1.52636e-05
27400   1.43696   1.52134e-05
27500   1.43696   1.51723e-05
27600   1.43696   1.51472e-05
27700   1.43696   1.5137e-05
27800   1.43696   1.51642e-05
27900   1.43696   1.51111e-05
28000   1.43696   1.55921e-05
28100   1.43696   1.55666e-05
28200   1.43696   1.56128e-05
28300   1.43696   1.55663e-05
28400   1.43696   1.56043e-05
28500   1.43696   1.55496e-05
28600   1.43696   1.54954e-05
28700   1.43696   1.54618e-05
28800   1.43696   1.54778e-05
28900   1.43696   1.54852e-05
29000   1.43696   1.55198e-05
29100   1.43696   1.54925e-05
29200   1.43696   1.56605e-05
29300   1.43696   1.56882e-05
29400   1.43696   1.56864e-05
29500   1.43696   1.56606e-05
29600   1.43696   1.56079e-05
29700   1.43696   1.55891e-05
29800   1.43696   1.55445e-05
29900   1.43696   1.55e-05
30000   1.43696   1.54497e-05
30100   1.43696   1.54019e-05
30200   1.43696   1.53616e-05
30300   1.43696   1.53478e-05
30400   1.43696   1.52974e-05
30500   1.43696   1.5257e-05
30600   1.43696   1.52218e-05
30700   1.43696   1.51772e-05
30800   1.43696   1.51285e-05
30900   1.43696   1.50799e-05
31000   1.43696   1.50753e-05
31100   1.43696   1.50307e-05
31200   1.43696   1.49946e-05
31300   1.43696   1.49475e-05
31400   1.43696   1.48999e-05
31500   1.43696   1.48549e-05
31600   1.43696   1.48273e-05
31700   1.43696   1.47973e-05
31800   1.43696   1.47538e-05
31900   1.43696   1.47667e-05
32000   1.43696   1.47208e-05
32100   1.43696   1.46751e-05
32200   1.43696   1.46296e-05
32300   1.43696   1.45868e-05
32400   1.43696   1.45628e-05
32500   1.43696   1.45186e-05
32600   1.43696   1.44782e-05
32700   1.43696   1.44342e-05
32800   1.43696   1.4398e-05
32900   1.43697   1.45573e-05
33000   1.43696   1.46653e-05
33100   1.43696   1.46364e-05
33200   1.43696   1.46437e-05
33300   1.43697   1.47082e-05
33400   1.43696   1.47563e-05
33500   1.43697   1.49096e-05
33600   1.43696   1.50445e-05
33700   1.43696   1.50003e-05
33800   1.43696   1.49564e-05
33900   1.43697   1.49267e-05
34000   1.43696   1.48863e-05
34100   1.43696   1.4886e-05
34200   1.43696   1.48664e-05
34300   1.43696   1.48265e-05
34400   1.43696   1.47836e-05
34500   1.43696   1.47411e-05
34600   1.43696   1.47248e-05
34700   1.43696   1.46909e-05
34800   1.43696   1.46642e-05
34900   1.43696   1.46271e-05
35000   1.43696   1.45857e-05
35100   1.43696   1.45542e-05
35200   1.43696   1.45143e-05
35300   1.43696   1.44738e-05
35400   1.43696   1.44379e-05
35500   1.43696   1.43993e-05
35600   1.43696   1.43593e-05
35700   1.43697   1.43368e-05
35800   1.43696   1.43819e-05
35900   1.43696   1.43509e-05
36000   1.43696   1.43162e-05
36100   1.43696   1.42928e-05
36200   1.43696   1.42815e-05
36300   1.43696   1.42559e-05
36400   1.43696   1.42439e-05
36500   1.43696   1.4205e-05
36600   1.43696   1.4213e-05
36700   1.43696   1.41751e-05
36800   1.43696   1.41425e-05
36900   1.43696   1.41055e-05
37000   1.43696   1.40687e-05
37100   1.43696   1.40764e-05
37200   1.43696   1.40387e-05
37300   1.43696   1.40439e-05
37400   1.43696   1.40172e-05
37500   1.43696   1.39895e-05
37600   1.43696   1.39523e-05
37700   1.43696   1.39246e-05
37800   1.43696   1.38878e-05
37900   1.43696   1.38585e-05
38000   1.43696   1.38333e-05
38100   1.43696   1.37982e-05
38200   1.43696   1.37723e-05
38300   1.43696   1.37589e-05
38400   1.43696   1.3726e-05
38500   1.43696   1.37452e-05
38600   1.43696   1.37255e-05
38700   1.43696   1.371e-05
38800   1.43696   1.36767e-05
38900   1.43696   1.36417e-05
39000   1.43696   1.36089e-05
39100   1.43696   1.35742e-05
39200   1.43696   1.35404e-05
39300   1.43696   1.35097e-05
39400   1.43696   1.34754e-05
39500   1.43696   1.34419e-05
39600   1.43696   1.34146e-05
39700   1.43696   1.34304e-05
39800   1.43696   1.33975e-05
39900   1.43696   1.33724e-05
40000   1.43696   1.3339e-05
40100   1.43696   1.34151e-05
40200   1.43696   1.3391e-05
40300   1.43696   1.33733e-05
40400   1.43696   1.33984e-05
40500   1.43696   1.33752e-05
40600   1.43696   1.33599e-05
40700   1.43696   1.33271e-05
40800   1.43696   1.33012e-05
40900   1.43696   1.32745e-05
41000   1.43696   1.32643e-05
41100   1.43696   1.32488e-05
41200   1.43696   1.32243e-05
41300   1.43695   1.32046e-05
41400   1.43696   1.31877e-05
41500   1.43695   1.31753e-05
41600   1.43695   1.32184e-05
41700   1.43695   1.32848e-05
41800   1.43695   1.32797e-05
41900   1.43695   1.32875e-05
42000   1.43695   1.32566e-05
42100   1.43695   1.32406e-05
42200   1.43695   1.32387e-05
42300   1.43695   1.3228e-05
42400   1.43695   1.32469e-05
42500   1.43695   1.32614e-05
42600   1.43695   1.32303e-05
42700   1.43695   1.3248e-05
42800   1.43695   1.33132e-05
42900   1.43695   1.32822e-05
43000   1.43695   1.32623e-05
43100   1.43695   1.32571e-05
43200   1.43695   1.32535e-05
43300   1.43695   1.32238e-05
43400   1.43695   1.32005e-05
43500   1.43695   1.32325e-05
43600   1.43695   1.32065e-05
43700   1.43695   1.3184e-05
43800   1.43695   1.3188e-05
43900   1.43695   1.3181e-05
44000   1.43695   1.31593e-05
44100   1.43695   1.31351e-05
44200   1.43695   1.31063e-05
44300   1.43695   1.30896e-05
44400   1.43695   1.30604e-05
44500   1.43695   1.30312e-05
44600   1.43695   1.30036e-05
44700   1.43695   1.29785e-05
44800   1.43695   1.2962e-05
44900   1.43695   1.29368e-05
45000   1.43695   1.29235e-05
45100   1.43695   1.28969e-05
45200   1.43695   1.28836e-05
45300   1.43695   1.28834e-05
45400   1.43695   1.28577e-05
45500   1.43695   1.28299e-05
45600   1.43695   1.28164e-05
45700   1.43695   1.28061e-05
45800   1.43695   1.27791e-05
45900   1.43695   1.27544e-05
46000   1.43695   1.27475e-05
46100   1.43695   1.27399e-05
46200   1.43695   1.2718e-05
46300   1.43695   1.26911e-05
46400   1.43695   1.26702e-05
46500   1.43695   1.26533e-05
46600   1.43695   1.26388e-05
46700   1.43695   1.26435e-05
46800   1.43695   1.26206e-05
46900   1.43695   1.25943e-05
47000   1.43695   1.25678e-05
47100   1.43695   1.25672e-05
47200   1.43694   1.27047e-05
47300   1.43694   1.26817e-05
47400   1.43694   1.26549e-05
47500   1.43694   1.26283e-05
47600   1.43694   1.26094e-05
47700   1.43694   1.25891e-05
47800   1.43694   1.26013e-05
47900   1.43694   1.25794e-05
48000   1.43694   1.25534e-05
48100   1.43694   1.25295e-05
48200   1.43694   1.25108e-05
48300   1.43694   1.24855e-05
48400   1.43694   1.24623e-05
48500   1.43694   1.24478e-05
48600   1.43694   1.2475e-05
48700   1.43694   1.24495e-05
48800   1.43694   1.24651e-05
48900   1.43694   1.24737e-05
49000   1.43694   1.24496e-05
49100   1.43694   1.24242e-05
49200   1.43694   1.23996e-05
49300   1.43694   1.2392e-05
49400   1.43694   1.2371e-05
49500   1.43694   1.23517e-05
49600   1.43694   1.2341e-05
49700   1.43694   1.23465e-05
49800   1.43694   1.23506e-05
49900   1.43694   1.23357e-05
50000   1.43694   1.23135e-05
