1.43749
1.43736
1.43718
1.43696
1.43674
1.43655
1.43642
1.43634
1.43631
1.43633
1.43639
1.43648
1.43658
1.43669
1.4368
1.43691
1.437
1.4371
1.43719
1.43726
1.43732
1.43738
1.43741
1.43742
1.43742
1.4374
1.43737
1.43732
1.43726
1.43718
1.43708
1.43698
1.43687
1.43679
1.43671
1.43665
1.43663
1.43663
1.43664
1.43664
1.43665
1.43665
1.43665
1.43666
1.43669
1.43672
1.43677
1.43683
1.43688
1.43695
1.437
1.43705
1.43706
1.43706
1.43702
1.43696
1.43689
1.43681
1.43674
1.43669
1.43665
1.43662
1.43662
1.43663
1.43664
1.43666
1.4367
1.43674
1.4368
1.4369
1.43702
1.43719
1.43738
1.43759
1.43777
1.43782
1.43769
1.43736
1.43694
1.43653
1.43626
1.43614
1.43615
1.43618
1.43621
1.43623
1.43625
1.43628
1.43635
1.43644
1.43657
1.43673
1.4369
1.43707
1.43725
1.43741
1.43756
1.43768
1.43774
1.43775
1.4377
1.43758
1.43741
1.43722
1.43705
1.43693
1.43689
1.43691
1.43699
1.4371
1.4372
1.43726
1.43725
1.43716
1.43701
1.43682
1.43661
1.43642
1.43624
1.43609
1.43601
1.436
1.43608
1.43622
1.43644
1.4367
1.43696
1.43716
1.43731
1.43736
1.4373
1.43717
1.43702
1.43691
1.43689
1.43694
1.43704
1.43716
1.43726
1.4373
1.43731
1.43727
1.43722
1.43717
1.43714
1.43712
1.43713
1.43714
1.43712
1.43709
1.43703
1.43695
1.43689
1.43687
1.43688
1.43692
1.43699
1.43706
1.43715
1.43722
1.43728
1.4373
1.43728
1.43723
1.43714
1.43702
1.43691
1.43682
1.43675
1.43673
1.43673
1.43676
1.43681
1.43687
1.43693
1.43698
1.43703
1.43707
1.43709
1.43712
1.43714
1.43714
1.43714
1.43712
1.4371
1.43706
1.43703
1.43701
1.43697
1.43694
1.43692
1.4369
1.43689
1.43688
1.43688
1.43687
1.43687
1.43688
1.43688
1.4369
1.43691
1.43692
1.43694
1.43697
1.43701
1.43704
1.43709
1.43714
1.43719
1.43724
1.4373
1.43734
1.43736
1.43738
1.43739
1.43738
1.43737
1.43736
1.43737
1.43739
1.43742
1.43745
1.43745
1.43741
1.43729
1.43711
1.4369
1.4367
1.43654
1.43644
1.4364
1.4364
1.43642
1.43648
1.43653
1.43658
1.43663
1.43668
1.43671
1.43674
1.43677
1.4368
1.43683
1.43689
1.43696
1.43703
1.43712
1.43722
1.43733
1.43743
1.43752
1.4376
1.43762
1.43758
1.43745
1.43723
1.43695
1.43668
1.43646
1.43635
1.43633
1.4364
1.4365
1.43663
1.43674
1.43683
1.4369
1.43694
1.43697
1.43699
1.43698
1.43697
1.43694
1.43692
1.43688
1.43685
1.43683
1.43681
1.4368
1.4368
1.43682
1.43685
1.43688
1.43694
1.437
1.43707
1.43716
1.43726
1.43734
1.4374
1.43743
1.4374
1.43732
1.43722
1.43711
1.43704
1.43701
1.43704
1.43708
1.43714
1.43717
1.43718
1.43716
1.4371
1.43701
1.43691
1.43679
1.43668
1.43658
1.4365
1.43644
1.43639
1.43636
1.43636
1.43639
1.43643
1.43648
1.43655
1.43661
1.43669
1.43677
1.43685
1.43694
1.43704
1.43717
1.43731
1.43748
1.43765
1.4378
1.43788
1.43783
1.4376
1.43723
1.43683
1.43649
1.43631
1.43628
1.43636
1.43649
1.43662
1.43675
1.43684
1.4369
1.43695
1.43699
1.43703
1.43705
1.43706
1.43707
1.43706
1.43702
1.43696
1.43688
1.43681
1.43676
1.43674
1.43676
1.4368
1.43684
1.43689
1.43692
1.43695
1.43697
1.43699
1.43699
1.43699
1.437
1.437
1.43702
1.43703
1.43703
1.43704
1.43704
1.43706
1.43707
1.43707
1.43707
1.43706
1.43704
1.43704
1.43702
1.43701
1.437
1.437
1.43701
1.43701
1.43702
1.43702
1.43703
1.43703
1.43704
1.43706
1.43708
1.43713
1.43721
1.4373
1.43743
1.43759
1.43776
1.43792
1.43797
1.43792
1.43768
1.43729
1.43687
1.4365
1.43627
1.43617
1.4362
1.43629
1.43643
1.43659
1.43674
1.43687
1.43697
1.43704
1.43708
1.43709
1.43709
1.43706
1.43702
1.43698
1.43695
1.43692
1.4369
1.4369
1.4369
1.43693
1.43696
1.43701
1.43708
1.43716
1.43726
1.43735
1.43742
1.43745
1.43742
1.4373
1.4371
1.43686
1.43665
1.4365
1.43644
1.43644
1.4365
1.43658
1.43668
1.43676
1.43683
1.4369
1.43696
1.43701
1.43707
1.43713
1.43719
1.43726
1.43734
1.43741
1.43748
1.4375
1.43746
1.43736
1.4372
1.437
1.43681
1.43669
1.43664
1.43667
1.43673
1.43682
1.43691
1.43698
1.43705
1.43707
1.43707
1.43706
1.43704
1.43698
1.43693
1.43688
1.43683
1.43681
1.43679
1.43679
1.43681
1.43683
1.43688
1.43693
1.437
1.43708
1.43715
1.43722
1.43729
1.43736
1.43742
1.43747
1.43749
1.43748
1.43745
1.43739
1.43731
1.43722
1.43712
1.43702
1.43693
1.43683
1.43675
1.43668
1.43663
1.4366
1.4366
1.43661
1.43664
1.43668
1.43673
1.4368
1.43687
1.43693
1.43699
1.43704
1.43709
1.43712
1.43714
1.43712
1.43707
1.43702
1.43696
1.4369
1.43685
1.43681
1.43679
1.43676
1.43676
1.43678
1.4368
1.43684
1.43686
1.43689
1.43693
1.43697
1.43701
1.43708
1.43714
1.43722
1.43733
1.43743
1.43752
1.43758
1.43757
1.43747
1.43727
1.43701
1.43675
1.43655
1.43644
1.43643
1.43649
1.43658
1.43668
1.43677
1.43686
1.43693
1.43698
1.43703
1.43705
1.43708
1.43709
1.43709
1.43709
1.43708
1.43707
1.43704
1.43702
1.437
1.43698
1.43697
1.43694
1.43693
1.43692
1.43691
1.4369
1.43691
1.43691
1.43693
1.43696
1.43699
1.43704
1.43709
1.43716
1.43724
1.43733
1.43741
1.4375
1.43757
1.43762
1.43762
1.43756
1.43744
1.43727
1.43706
1.43682
1.4366
1.43642
1.43629
1.43622
1.4362
1.43623
1.4363
1.43641
1.43656
1.43671
1.43687
1.43703
1.4372
1.43737
1.43752
1.43763
1.43766
1.43759
1.43741
1.43714
1.43686
1.43665
1.43655
1.43657
1.43669
1.43684
1.43701
1.43715
1.43722
1.43722
1.43712
1.43696
1.43676
1.43656
1.43638
1.43626
1.43621
1.43621
1.43626
1.43634
1.43644
1.43653
1.43664
1.43674
1.43686
1.43697
1.43711
1.43728
1.43747
1.43767
1.43786
1.43795
1.43788
1.4376
1.43716
1.4367
1.4364
1.43631
1.43642
1.43663
1.43688
1.4371
1.43726
1.43736
1.43735
1.43725
1.43706
1.43682
1.43661
1.43644
1.43635
1.43634
1.43638
1.43645
1.43655
1.43665
1.43675
1.43686
1.43695
1.43704
1.43713
1.4372
1.43726
1.4373
1.4373
1.43727
1.43721
1.43714
1.43707
1.43702
1.43699
1.43699
1.43702
1.43704
1.43706
1.43706
1.43703
1.43697
1.43689
1.43681
1.43673
1.43668
1.43666
1.43666
1.43668
1.43671
1.43674
1.43675
1.43675
1.43673
1.43672
1.43669
1.43669
1.4367
1.43675
1.43682
1.43688
1.43693
1.43695
1.43695
1.43693
1.43689
1.43686
1.43684
1.43685
1.43689
1.43696
1.43705
1.43717
1.4373
1.43743
1.43755
1.43764
1.43768
1.43762
1.43749
1.43729
1.43707
1.43686
1.43671
1.43662
1.43661
1.43664
1.4367
1.43677
1.43683
1.43689
1.43693
1.43696
1.43696
1.43696
1.43693
1.43689
1.43686
1.43684
1.43682
1.43683
1.43684
1.43687
1.43691
1.43695
1.43698
1.43702
1.43705
1.43707
1.43708
1.43708
1.43707
1.43705
1.43702
1.43699
1.43696
1.43694
1.43693
1.43693
1.43694
1.43694
1.43698
1.43702
1.43707
1.43711
1.43713
1.43715
1.43715
1.43713
1.43712
1.43712
1.43712
1.43713
1.43713
1.43713
1.43711
1.43707
1.43701
1.43693
1.43686
1.43678
1.43671
1.43667
1.43665
1.43664
1.43666
1.43669
1.43672
1.43675
1.43678
1.43681
1.43683
1.43686
1.43687
1.43689
1.4369
1.43691
1.43692
1.43693
1.43693
1.43693
1.43693
1.43692
1.4369
1.43689
1.43689
1.43689
1.4369
1.43691
1.43694
1.43696
1.43699
1.43703
1.43706
1.43708
1.43711
1.43712
1.43714
1.43714
1.43715
1.43715
1.43715
1.43715
1.43714
1.43712
1.43709
1.43705
1.43698
1.43688
1.43677
1.43666
1.43655
1.43646
1.43641
1.43638
1.43638
1.43642
1.43648
1.43658
1.43668
1.43679
1.43691
1.43702
1.4371
1.43716
1.43718
1.43718
1.43714
1.43707
1.43699
1.43691
1.43687
1.43684
1.43683
1.43683
1.43683
1.43682
1.43681
1.43679
1.43678
1.43677
1.43677
1.43679
1.43682
1.43685
1.4369
1.43696
1.43702
1.43708
1.43714
1.43719
1.43724
1.43728
1.43732
1.43734
1.43735
1.43736
1.43735
1.43731
1.43729
1.43726
1.4372
1.43716
1.43711
1.43707
1.43704
1.43702
1.43701
1.43701
1.43701
1.43698
1.43693
1.43686
1.43676
1.43667
1.43663
1.43663
1.43666
1.43671
1.43678
1.43684
1.43688
1.43692
1.43696
1.43699
1.43701
1.43702
1.43704
1.43705
1.43704
1.43705
1.43706
1.43707
1.43709
1.43712
1.43717
1.43721
1.43726
1.43731
1.43735
1.43735
1.43734
1.4373
1.43724
1.43718
1.43711
1.43707
1.43706
1.43708
1.43713
1.43719
1.43725
1.43728
1.43727
1.43722
1.43714
1.43707
1.43704
1.43705
1.4371
1.43718
1.43725
1.43726
1.43719
1.43703
1.43682
1.43661
1.43646
1.43639
1.43639
1.43647
1.43657
1.43668
1.4368
1.4369
1.43699
1.43706
1.43711
1.43715
1.43717
1.43718
1.43717
1.43715
1.43714
1.43712
1.4371
1.43707
1.43704
1.43702
1.437
1.43699
1.43698
1.43697
1.43698
1.43698
1.43698
1.437
1.43701
1.43699
1.43698
1.43696
1.43693
1.43691
1.43687
1.43684
1.43681
1.4368
1.43678
1.43678
1.43679
1.43683
1.43688
1.43692
1.43697
1.43699
1.437
1.43698
1.43695
1.43691
1.43688
1.43685
1.43685
1.43689
1.43693
1.43698
1.43702
1.43705
1.43707
1.43709
1.43708
1.43706
1.43703
1.43697
1.43691
1.43686
1.4368
1.43676
1.43676
1.43678
1.43682
1.43686
1.43691
1.43694
1.43698
1.43699
1.437
1.43699
1.43699
1.437
1.43702
1.43703
1.43705
1.43707
1.43707
1.43708
1.43708
1.43708
1.43707
1.43707
1.43704
1.43703
1.437
1.43698
1.43695
1.43692
1.4369
1.43688
1.43686
1.43684
1.43683
1.43682
1.43682
1.43684
1.43686
1.4369
1.43696
1.43704
1.43712
1.43723
1.43734
1.43744
1.43754
1.43759
1.43758
1.43748
1.43731
1.4371
1.43689
1.43672
1.43661
1.43656
1.43656
1.43659
1.43664
1.4367
1.43677
1.43682
1.43687
1.43691
1.43692
1.43692
1.4369
1.43687
1.43682
1.43679
1.43677
1.43677
1.43678
1.43681
1.43686
1.43691
1.43696
1.43702
1.43705
1.43706
1.43706
1.43705
1.43703
1.437
1.43697
1.43694
1.43692
1.4369
1.43689
1.4369
1.43692
1.43694
1.437
1.43708
1.43718
1.43729
1.43743
1.43754
1.43762
1.43759
1.43745
1.43719
1.43686
1.43656
1.43632
1.4362
1.4362
1.43628
1.4364
1.43656
1.43672
1.43687
1.437
1.43709
1.43716
1.43717
1.43715
1.43711
1.43706
1.43705
1.43707
1.43714
1.43725
1.43739
1.43755
1.43767
1.43773
1.43769
1.43752
1.43723
1.43687
1.43653
1.43627
1.43611
1.43609
1.43616
1.43629
1.43642
1.43656
1.43667
1.43676
1.43683
1.43688
1.43692
1.43696
1.43698
1.43703
1.43706
1.43712
1.43718
1.43724
1.43729
1.43732
1.43734
1.43731
1.43727
1.43722
1.43719
1.43718
1.43719
1.43721
1.43721
1.43716
1.43706
1.43693
1.4368
1.43672
1.43672
1.43677
1.43688
1.43701
1.43713
1.43723
1.43731
1.43736
1.43736
1.43732
1.43727
1.4372
1.43713
1.43705
1.43698
1.43692
1.43687
1.43683
1.43679
1.43679
1.43679
1.43681
1.43685
1.4369
1.43695
1.43701
1.43706
1.4371
1.43712
1.43713
1.43711
1.43707
1.43701
1.43696
1.43692
1.4369
1.43689
1.43692
1.43696
1.43702
1.4371
1.43719
1.43731
1.43744
1.43756
1.43766
1.43774
1.43776
1.43769
1.43755
1.43735
1.43714
1.43698
1.43692
1.43693
1.43699
1.43711
1.43721
1.4373
1.43732
1.43726
1.43713
1.43695
1.43677
1.43665
1.4366
1.43663
1.43673
1.43686
1.43699
1.43706
1.43708
1.43702
1.43691
1.4368
1.43671
1.43667
1.43668
1.43673
1.43679
1.43686
1.43693
1.43698
1.43702
1.43705
1.43706
1.43707
1.43708
1.43708
1.43707
1.43707
1.43706
1.43705
1.43706
1.43707
1.43708
1.43709
1.43711
1.43711
1.43712
1.43713
1.43713
1.43713
1.43714
1.43713
1.43713
1.43713
1.43711
1.43711
1.4371
1.43711
1.43711
1.43711
1.43712
1.43713
1.43714
1.43716
1.43717
1.43716
1.43715
1.43713
1.43711
1.43708
1.43705
1.43702
1.43698
1.43694
1.43692
1.43689
1.43686
1.43685
1.43685
1.43686
1.4369
1.43694
1.437
1.43705
1.43709
1.43708
1.43703
1.43694
1.43681
1.4367
1.43662
1.43659
1.43662
1.43667
1.43676
1.43685
1.43694
1.437
1.43705
1.43706
1.43706
1.43705
1.43703
1.43702
1.43702
1.437
1.437
1.437
1.43701
1.43703
1.43703
1.43701
1.43699
1.43695
1.43691
1.43688
1.43684
1.43684
1.43687
1.43692
1.43699
1.43707
1.43713
1.43717
1.43716
1.43711
1.43703
1.43694
1.43688
1.43685
1.43685
1.4369
1.43698
1.43705
1.43711
1.43712
1.4371
1.43704
1.43694
1.43682
1.43672
1.43662
1.43652
1.43647
1.43645
1.43646
1.43651
1.43657
1.43665
1.43674
1.43683
1.43691
1.437
1.43709
1.43718
1.43727
1.43737
1.43747
1.43756
1.43762
1.43762
1.43756
1.43741
1.4372
1.43695
1.4367
1.4365
1.43636
1.43629
1.43628
1.43632
1.43638
1.43647
1.43656
1.43665
1.43675
1.43683
1.43692
1.437
1.43708
1.43716
1.43723
1.43729
1.43733
1.43738
1.43741
1.43743
1.43744
1.43743
1.43741
1.43737
1.43733
1.4373
1.43729
1.43731
1.43736
1.43742
1.43747
1.43744
1.43728
1.43698
1.43659
1.43622
1.436
1.43596
1.43609
1.43632
1.43656
1.43676
1.43692
1.437
1.43704
1.43704
1.43701
1.43699
1.43696
1.43696
1.43695
1.43695
1.43694
1.43693
1.43693
1.43691
1.43691
1.43689
1.43687
1.43688
1.43688
1.43689
1.43689
1.43692
1.43695
1.43697
1.437
1.43703
1.43707
1.4371
1.43713
1.43718
1.43721
1.43724
1.43729
1.43731
1.43736
1.43738
1.43742
1.43743
1.43744
1.43742
1.43738
1.43731
1.43722
1.43712
1.43701
1.43692
1.43682
1.43677
1.43675
1.43675
1.43679
1.43684
1.4369
1.43695
1.437
1.43703
1.43703
1.43701
1.43697
1.43693
1.43689
1.43685
1.43682
1.43681
1.43681
1.43682
1.43685
1.43689
1.43692
1.43695
1.43697
1.437
1.43702
1.43703
1.43704
1.43705
1.43706
1.43706
1.43707
1.43709
1.4371
1.43711
1.43711
1.43711
1.43709
1.43706
1.43703
1.43701
1.437
1.43701
1.43705
1.43714
1.43726
1.43741
1.43757
1.43771
1.43779
1.43775
1.43756
1.43723
1.43684
1.43649
1.43628
1.43624
1.43636
1.43658
1.43685
1.43709
1.43726
1.43732
1.43727
1.4371
1.43689
1.43671
1.43658
1.43652
1.43651
1.43653
1.43655
1.43657
1.4366
1.43665
1.43668
1.43672
1.43678
1.43681
1.43684
1.43686
1.43689
1.43691
1.43693
1.43693
1.43694
1.43695
1.43696
1.43697
1.43698
1.437
1.43701
1.43702
1.43704
1.43706
1.43708
1.43711
1.43716
1.43722
1.43731
1.43742
1.43757
1.43771
1.43781
1.43777
1.43754
1.4371
1.43655
1.43609
1.43582
1.43578
1.4359
1.43608
1.43628
1.43648
1.43665
1.43678
1.4369
1.437
1.43708
1.43713
1.43719
1.43724
1.43729
1.43732
1.43735
1.43737
1.43735
1.43729
1.43719
1.43703
1.43684
1.43665
1.43648
1.43638
1.43636
1.4364
1.43647
1.43658
1.43669
1.43679
1.43688
1.43696
1.43702
1.43708
1.43713
1.43717
1.4372
1.43723
1.43723
1.43724
1.43723
1.43721
1.43717
1.43711
1.43705
1.437
1.43695
1.43691
1.4369
1.43689
1.43689
1.43691
1.43693
1.43694
1.43697
1.43698
1.43698
1.43696
1.43695
1.43692
1.43689
1.43686
1.43685
1.43685
1.43685
1.43687
1.43689
1.43692
1.43695
1.43699
1.43703
1.43707
1.4371
1.43713
1.43718
1.43721
1.43723
1.43725
1.43726
1.43726
1.43722
1.43716
1.43705
1.43691
1.43676
1.43663
1.43654
1.4365
1.43651
1.43654
1.4366
1.43668
1.43675
1.43684
1.43692
1.43699
1.43706
1.43714
1.43722
1.43729
1.43736
1.43741
1.43744
1.43744
1.43739
1.43732
1.43723
1.43713
1.43706
1.43702
1.43701
1.43701
1.43701
1.43701
1.43699
1.43696
1.43694
1.43691
1.43688
1.43687
1.43689
1.43692
1.43697
1.43703
1.43711
1.43715
1.43713
1.43698
1.43672
1.43642
1.43618
1.43603
1.43601
1.4361
1.43626
1.43645
1.43664
1.43684
1.43702
1.43719
1.43734
1.43744
1.43749
1.43747
1.43736
1.4372
1.43702
1.43685
1.43676
1.43677
1.43689
1.4371
1.43733
1.43742
1.43724
1.43677
1.43618
1.43573
1.43557
1.43568
1.43595
1.43625
1.43653
1.43676
1.43696
1.43715
1.43733
1.43754
1.43779
1.43807
1.43833
1.4385
1.43845
1.43815
1.43764
1.43709
1.43667
1.43643
1.43629
1.43617
1.43606
1.43599
1.43603
1.43613
1.43627
1.43639
1.43648
1.43653
1.43657
1.43661
1.43665
1.43671
1.43677
1.43685
1.43693
1.43703
1.43714
1.43724
1.43736
1.43749
1.43761
1.43773
1.4378
1.43777
1.43763
1.43736
1.43702
1.43671
1.43646
1.43632
1.43629
1.43633
1.43642
1.43655
1.43666
1.43678
1.4369
1.437
1.43708
1.43715
1.43719
1.4372
1.4372
1.43716
1.43711
1.43707
1.43702
1.43698
1.43694
1.43693
1.43694
1.43696
1.43698
1.43698
1.43698
1.43694
1.43689
1.43682
1.43675
1.4367
1.43665
1.43662
1.43661
1.43661
1.43663
1.43663
1.43665
1.43666
1.43666
1.43669
1.43672
1.43676
1.4368
1.43686
1.43692
1.43698
1.43706
1.43714
1.43723
1.4373
1.43737
1.43742
1.43744
1.43741
1.43735
1.43726
1.43716
1.43704
1.43693
1.43687
1.43685
1.43686
1.43691
1.43697
1.43702
1.43706
1.43706
1.43703
1.43696
1.43688
1.4368
1.43674
1.43671
1.43672
1.43673
1.43678
1.43686
1.43695
1.43706
1.43717
1.43727
1.43734
1.43736
1.43731
1.43715
1.4369
1.43658
1.43629
1.43609
1.43605
1.43615
1.43634
1.43659
1.43684
1.43706
1.43724
1.43736
1.43739
1.43732
1.43717
1.43697
1.43677
1.43662
1.43655
1.43654
1.43658
1.43665
1.43673
1.43682
1.4369
1.43696
1.43703
1.4371
1.43717
1.43721
1.43726
1.43731
1.43736
1.43741
1.43746
1.43748
1.43748
1.43746
1.43739
1.43728
1.43711
1.43692
1.43675
1.43659
1.43648
1.43641
1.43641
1.43643
1.43649
1.43657
1.43668
1.43679
1.43689
1.43697
1.43701
1.43698
1.43689
1.43676
1.43661
1.4365
1.43643
1.43639
1.43641
1.43644
1.43648
1.43652
1.43657
1.43659
1.43661
1.43663
1.43665
1.43666
1.43667
1.43668
1.43669
1.4367
1.43669
1.4367
1.43671
1.43673
1.43676
1.43679
1.43683
1.43689
1.43695
1.43702
1.43708
1.43714
1.43719
1.4372
1.43716
1.43707
1.43695
1.43682
1.43671
1.43664
1.43661
1.43663
1.43667
1.43672
1.43676
1.43678
1.43677
1.43674
1.43668
1.43662
1.43654
1.43648
1.43643
1.43641
1.43644
1.4365
1.43657
1.43667
1.43677
1.43688
1.43697
1.43703
1.43705
1.437
1.4369
1.43676
1.43664
1.43656
1.43656
1.43661
1.43672
1.43686
1.43699
1.43709
1.43713
1.4371
1.437
1.43685
1.4367
1.4366
1.43656
1.43657
1.43666
1.43679
1.43693
1.43705
1.43714
1.43713
1.43701
1.43682
1.4366
1.43642
1.43635
1.43639
1.43653
1.4367
1.43689
1.43708
1.43724
1.43736
1.43743
1.43745
1.43739
1.43725
1.43701
1.4367
1.43638
1.43613
1.43598
1.43597
1.43605
1.43619
1.43636
1.43653
1.43667
1.43681
1.43691
1.437
1.43707
1.43713
1.43715
1.43715
1.43712
1.43706
1.43698
1.43688
1.43678
1.4367
1.43663
1.4366
1.43659
1.43659
1.4366
1.43661
1.43665
1.43667
1.43669
1.43669
1.4367
1.43669
1.4367
1.43673
1.4368
1.4369
1.43703
1.43715
1.43726
1.43734
1.43734
1.43729
1.43717
1.43701
1.43685
1.43672
1.43663
1.43657
1.43656
1.43661
1.43671
1.43687
1.43706
1.43724
1.43739
1.43746
1.43744
1.43732
1.43711
1.43686
1.43661
1.43639
1.43623
1.43615
1.43613
1.43614
1.43619
1.43624
1.43629
1.43634
1.43641
1.43648
1.43658
1.43667
1.43676
1.43685
1.43693
1.43701
1.43711
1.43723
1.43736
1.4375
1.43766
1.43781
1.43788
1.43781
1.43757
1.43718
1.43672
1.43631
1.43607
1.43598
1.43601
1.4361
1.43619
1.43628
1.43637
1.43644
1.43651
1.4366
1.43667
1.43675
1.43682
1.43689
1.43697
1.43704
1.43712
1.4372
1.43726
1.43732
1.43735
1.43737
1.43735
1.4373
1.43722
1.43715
1.43709
1.43708
1.43712
1.43721
1.4373
1.43736
1.43732
1.43717
1.4369
1.43658
1.4363
1.43611
1.43604
1.43605
1.43614
1.43624
1.43637
1.43648
1.43658
1.43669
1.43677
1.43686
1.43695
1.43703
1.4371
1.43717
1.43721
1.43724
1.43727
1.43727
1.43725
1.43721
1.43714
1.43706
1.43697
1.43688
1.43679
1.43672
1.43666
1.43664
1.43665
1.43667
1.43671
1.43675
1.43681
1.43685
1.43689
1.43692
1.43692
1.43692
1.4369
1.43689
1.43688
1.43687
1.43688
1.43692
1.43696
1.43701
1.43707
1.43713
1.43721
1.43728
1.43734
1.43739
1.43742
1.43741
1.43739
1.43734
1.43728
1.4372
1.43711
1.43704
1.43698
1.43694
1.43691
1.4369
1.43689
1.43689
1.43689
1.4369
1.43689
1.43688
1.43688
1.4369
1.4369
1.43691
1.43692
1.43695
1.43699
1.43705
1.43709
1.43714
1.4372
1.43722
1.43722
1.43718
1.43711
1.43699
1.43686
1.43672
1.43662
1.43656
1.43655
1.43659
1.43666
1.43677
1.43688
1.437
1.43714
1.43727
1.4374
1.4375
1.43759
1.43762
1.43759
1.43749
1.43729
1.43704
1.43678
1.43657
1.43644
1.43638
1.4364
1.43648
1.43658
1.43667
1.43677
1.43686
1.43694
1.43702
1.4371
1.43717
1.43727
1.43737
1.43747
1.43756
1.43759
1.43755
1.43738
1.43711
1.43681
1.43653
1.43635
1.43629
1.4363
1.43636
1.43645
1.43654
1.43662
1.43667
1.43673
1.43677
1.43681
1.43684
1.43688
1.43692
1.43695
1.43697
1.43696
1.43694
1.4369
1.43686
1.43683
1.43681
1.43682
1.43686
1.43691
1.43698
1.43705
1.43709
1.43709
1.43707
1.43701
1.43695
1.43689
1.43685
1.43683
1.43681
1.43675
1.43667
1.43657
1.43651
1.43649
1.43652
1.43659
1.43664
1.43667
1.43663
1.43657
1.43651
1.43649
1.43656
1.43674
1.43703
1.43744
1.43793
1.43846
1.4389
1.43907
1.43885
1.4383
1.43765
1.43715
1.43684
1.43656
1.43618
1.43569
1.4353
1.43514
1.43525
1.43554
1.43588
1.43619
1.43643
1.43659
1.43668
1.43672
1.43672
1.43671
1.4367
1.43671
1.43673
1.43677
1.43681
1.43684
1.43689
1.43692
1.43696
1.43701
1.43708
1.43717
1.43729
1.43742
1.43754
1.43764
1.43771
1.43773
1.43772
1.43766
1.43758
1.43749
1.43742
1.43736
1.43732
1.43728
1.43721
1.43711
1.43696
1.43679
1.43664
1.43652
1.43645
1.43646
1.43652
1.43661
1.43671
1.43682
1.43692
1.43701
1.4371
1.43718
1.43723
1.43728
1.43733
1.43736
1.43738
1.4374
1.43741
1.43743
1.43744
1.43745
1.43744
1.4374
1.43732
1.43719
1.43702
1.43685
1.43669
1.43661
1.43658
1.43662
1.43669
1.43679
1.43689
1.43698
1.43707
1.43715
1.43721
1.43728
1.43733
1.43738
1.43742
1.43744
1.43745
1.43745
1.43743
1.43739
1.43732
1.43724
1.43716
1.43707
1.437
1.43693
1.43688
1.43686
1.43688
1.43695
1.43709
1.4373
1.43758
1.43791
1.43822
1.43832
1.43801
1.43731
1.43644
1.43576
1.43551
1.43561
1.43588
1.43617
1.43642
1.43661
1.43675
1.43686
1.43695
1.43703
1.4371
1.43717
1.43722
1.43727
1.4373
1.43732
1.43732
1.43731
1.43729
1.43726
1.43721
1.43717
1.43713
1.43711
1.43709
1.43708
1.43708
1.43708
1.43706
1.43705
1.43704
1.43702
1.437
1.43698
1.43696
1.43695
1.43694
1.43693
1.43692
1.43691
1.4369
1.43689
1.4369
1.43689
1.43689
1.4369
1.43691
1.43692
1.43694
1.43696
1.43699
1.43702
1.43708
1.43713
1.4372
1.43729
1.4374
1.43757
1.43777
1.43803
1.4383
1.43852
1.43853
1.43818
1.43746
1.43661
1.43595
1.43567
1.43571
1.43593
1.43618
1.43641
1.43658
1.4367
1.43679
1.43685
1.4369
1.43692
1.43696
1.43698
1.43699
1.43702
1.43706
1.4371
1.43714
1.43718
1.43722
1.43725
1.43727
1.43728
1.43728
1.43726
1.43723
1.43719
1.43715
1.43711
1.43709
1.43707
1.43707
1.43709
1.43711
1.43711
1.43709
1.43701
1.43689
1.43674
1.43661
1.43653
1.43653
1.43658
1.43667
1.43676
1.43684
1.43689
1.43693
1.43692
1.4369
1.43689
1.43689
1.43692
1.43697
1.43707
1.43722
1.4374
1.43758
1.43777
1.43789
1.43789
1.43774
1.43741
1.43697
1.43654
1.43622
1.43606
1.43607
1.43622
1.43642
1.43663
1.43682
1.437
1.43713
1.43723
1.43729
1.43734
1.43736
1.43735
1.43732
1.43728
1.43722
1.43715
1.43708
1.43702
1.43697
1.43694
1.43693
1.43695
1.43699
1.43705
1.43714
1.43725
1.43734
1.43741
1.43747
1.43748
1.43745
1.43738
1.43728
1.43714
1.437
1.43684
1.43669
1.43657
1.43648
1.43644
1.43646
1.43652
1.43661
1.43671
1.43681
1.4369
1.43696
1.43699
1.43701
1.43701
1.43699
1.43698
1.437
1.43704
1.43707
1.43712
1.43717
1.43721
1.4372
1.43717
1.4371
1.43701
1.4369
1.43682
1.43676
1.43674
1.43675
1.43677
1.43681
1.43685
1.4369
1.43693
1.43696
1.43699
1.437
1.43702
1.43703
1.43704
1.43705
1.43706
1.43708
1.43711
1.43715
1.43719
1.43724
1.43728
1.43731
1.43732
1.43729
1.43722
1.43711
1.43698
1.43684
1.43672
1.43664
1.4366
1.4366
1.43664
1.43669
1.43675
1.43681
1.43686
1.4369
1.43693
1.43698
1.43702
1.43707
1.43712
1.43718
1.43724
1.43728
1.43732
1.43733
1.43732
1.43729
1.43725
1.43724
1.43724
1.43725
1.43726
1.43727
1.43726
1.43727
1.43732
1.43742
1.43756
1.43771
1.43778
1.43765
1.43717
1.43638
1.43556
1.43505
1.43501
1.43532
1.43578
1.43624
1.4366
1.43686
1.43704
1.43715
1.43723
1.43729
1.43737
1.43745
1.43756
1.43768
1.43784
1.43802
1.43821
1.43837
1.43848
1.43846
1.4383
1.43799
1.43757
1.43711
1.43673
1.43647
1.43637
1.43639
1.43646
1.43654
1.43661
1.43663
1.43663
1.43658
1.4365
1.43639
1.43632
1.43629
1.43632
1.4364
1.43652
1.43664
1.43677
1.43687
1.43697
1.43705
1.43712
1.43717
1.43722
1.43726
1.43729
1.43733
1.43736
1.43739
1.43742
1.43743
1.43745
1.43747
1.43749
1.43748
1.43747
1.43745
1.4374
1.43733
1.43724
1.43713
1.43699
1.43686
1.43673
1.43664
1.43659
1.43657
1.43659
1.43664
1.43671
1.43679
1.43689
1.437
1.43712
1.43724
1.43735
1.43745
1.43754
1.43759
1.4376
1.43754
1.43742
1.43724
1.43702
1.43681
1.43663
1.43649
1.4364
1.43635
1.43635
1.43638
1.43643
1.4365
1.43658
1.43668
1.43679
1.43693
1.43709
1.43726
1.43743
1.4376
1.43773
1.43777
1.43769
1.43743
1.43702
1.43656
1.43619
1.436
1.436
1.43613
1.43632
1.43653
1.43671
1.43687
1.43699
1.43708
1.43714
1.43719
1.43721
1.43724
1.43724
1.43724
1.43723
1.43722
1.43723
1.43725
1.43727
1.43731
1.43738
1.43749
1.43765
1.43784
1.43806
1.43821
1.4382
1.43787
1.43723
1.43647
1.43591
1.4357
1.43581
1.43611
1.43648
1.43682
1.4371
1.43732
1.43748
1.43756
1.43759
1.43755
1.43748
1.43736
1.43724
1.43713
1.43703
1.43695
1.43689
1.43683
1.43677
1.43673
1.43667
1.43662
1.4366
1.43658
1.43658
1.43662
1.43666
1.43672
1.43678
1.43685
1.43692
1.43698
1.43704
1.4371
1.43714
1.43718
1.43722
1.43725
1.43726
1.43729
1.4373
1.4373
1.4373
1.43728
1.43724
1.43722
1.43718
1.43715
1.43713
1.43711
1.4371
1.4371
1.43709
1.43709
1.43708
1.43706
1.43702
1.43698
1.43692
1.43685
1.4368
1.43675
1.43672
1.43671
1.43671
1.43673
1.43676
1.43681
1.43686
1.43692
1.43698
1.43705
1.43711
1.43718
1.43725
1.43731
1.43734
1.43733
1.4373
1.43725
1.43713
1.43703
1.43693
1.43682
1.43676
1.43673
1.43672
1.43673
1.43674
1.43677
1.43678
1.4368
1.43681
1.43683
1.43685
1.43687
1.4369
1.43696
1.43704
1.43714
1.43725
1.43739
1.43751
1.43759
1.43759
1.43748
1.4373
1.43709
1.43691
1.43681
1.4368
1.43684
1.43689
1.43693
1.43694
1.43693
1.43691
1.4369
1.43689
1.43687
1.43686
1.43681
1.43676
1.43671
1.43664
1.43662
1.43661
1.43662
1.43664
1.43668
1.43673
1.43677
1.43681
1.43686
1.4369
1.43696
1.437
1.43704
1.43709
1.43713
1.43717
1.43719
1.43717
1.43711
1.43702
1.4369
1.4368
1.43672
1.43668
1.43668
1.43674
1.43683
1.43696
1.43711
1.43728
1.43744
1.43756
1.4376
1.4375
1.43728
1.437
1.43674
1.43658
1.43653
1.43656
1.43661
1.43666
1.43667
1.43665
1.43661
1.43657
1.43656
1.43655
1.43657
1.43659
1.43663
1.43667
1.43672
1.43676
1.4368
1.43684
1.43688
1.43692
1.43695
1.43699
1.43702
1.43704
1.43707
1.43709
1.4371
1.43713
1.43716
1.43719
1.43722
1.43724
1.43726
1.43725
1.43723
1.43718
1.43713
1.43705
1.43696
1.43689
1.43683
1.43679
1.43677
1.43677
1.43679
1.43684
1.43689
1.43694
1.43699
1.43703
1.43707
1.4371
1.43713
1.43714
1.43712
1.4371
1.43707
1.43702
1.43699
1.43696
1.43697
1.437
1.43707
1.43714
1.4372
1.43726
1.43728
1.43728
1.43727
1.43722
1.43717
1.43713
1.43707
1.43697
1.43684
1.43669
1.43657
1.43652
1.43655
1.43664
1.43677
1.43688
1.43697
1.43701
1.43702
1.437
1.43697
1.43697
1.43699
1.43704
1.43711
1.4372
1.43728
1.43736
1.43743
1.43749
1.4375
1.43748
1.43743
1.43737
1.43731
1.43725
1.43721
1.43718
1.43716
1.43714
1.4371
1.43703
1.43693
1.43683
1.43672
1.43664
1.43661
1.43662
1.43666
1.43674
1.43683
1.43693
1.43705
1.43715
1.43722
1.43728
1.43732
1.43731
1.43728
1.43722
1.43713
1.43702
1.43691
1.43682
1.43674
1.43668
1.43667
1.43668
1.43671
1.43675
1.43679
1.43684
1.43689
1.43694
1.437
1.43706
1.43712
1.43719
1.43726
1.43732
1.43735
1.43735
1.43731
1.43724
1.43714
1.43704
1.43696
1.43689
1.43686
1.43687
1.43689
1.43693
1.43696
1.43697
1.43697
1.43695
1.43692
1.43687
1.43683
1.43682
1.43682
1.43684
1.43687
1.43688
1.43689
1.43687
1.43682
1.43677
1.43674
1.43674
1.43677
1.43685
1.43696
1.43709
1.43724
1.43736
1.43743
1.4374
1.43725
1.43699
1.43672
1.43651
1.43644
1.43647
1.4366
1.43676
1.43693
1.43707
1.43722
1.43737
1.43756
1.43776
1.43797
1.43814
1.43823
1.43821
1.43808
1.43787
1.43759
1.43724
1.43681
1.43631
1.43579
1.43538
1.43516
1.43518
1.43538
1.43569
1.43603
1.43634
1.43662
1.43685
1.437
1.43712
1.43721
1.43727
1.4373
1.43732
1.43732
1.43732
1.43731
1.43732
1.43733
1.43736
1.43741
1.43747
1.43754
1.43761
1.43769
1.43776
1.4378
1.43779
1.43773
1.4376
1.43743
1.43721
1.43697
1.43672
1.43652
1.43634
1.43622
1.43617
1.43618
1.43627
1.4364
1.43657
1.43677
1.43702
1.43731
1.43765
1.43803
1.4384
1.43865
1.43862
1.43817
1.43738
1.43653
1.43592
1.43566
1.43568
1.43584
1.43604
1.43625
1.43643
1.43658
1.4367
1.43678
1.43685
1.43689
1.43694
1.43697
1.437
1.43704
1.43707
1.43709
1.43709
1.43709
1.43707
1.43703
1.43697
1.43693
1.43687
1.43683
1.43682
1.43684
1.43689
1.43696
1.43706
1.43716
1.43727
1.43737
1.43741
1.43739
1.43729
1.43714
1.43696
1.43681
1.4367
1.43664
1.43662
1.43665
1.43672
1.43684
1.43697
1.43709
1.43717
1.43715
1.437
1.43675
1.43649
1.4363
1.43623
1.43627
1.43641
1.43659
1.43677
1.43695
1.4371
1.43722
1.43732
1.43738
1.4374
1.43738
1.43732
1.43723
1.43713
1.43704
1.43697
1.43692
1.43688
1.43686
1.43684
1.43683
1.43682
1.4368
1.43681
1.43679
1.43679
1.43681
1.43684
1.43687
1.4369
1.43695
1.43701
1.4371
1.43723
1.4374
1.43758
1.43776
1.43783
1.43773
1.43739
1.4369
1.43639
1.43602
1.43585
1.43584
1.43594
1.43609
1.43627
1.43646
1.43664
1.43682
1.43696
1.43707
1.43714
1.4372
1.43723
1.43727
1.43731
1.43735
1.43738
1.43735
1.43722
1.43701
1.43674
1.43649
1.43634
1.43632
1.43638
1.43652
1.43667
1.43681
1.43694
1.43705
1.43711
1.43713
1.43712
1.43708
1.43701
1.43692
1.43683
1.43675
1.43667
1.43663
1.43663
1.43667
1.43673
1.43681
1.4369
1.43698
1.43706
1.4371
1.43714
1.43712
1.4371
1.43707
1.43705
1.43704
1.43706
1.43709
1.43712
1.43717
1.43721
1.43725
1.43727
1.43728
1.43725
1.43719
1.4371
1.43703
1.43695
1.4369
1.43691
1.43694
1.437
1.43707
1.43713
1.43716
1.43716
1.43713
1.43707
1.437
1.43693
1.43687
1.43683
1.43682
1.43683
1.43688
1.43694
1.437
1.43707
1.43715
1.43721
1.43726
1.4373
1.43731
1.4373
1.43725
1.43718
1.43711
1.43704
1.43698
1.43693
1.43691
1.4369
1.43692
1.43694
1.43696
1.43698
1.437
1.43702
1.43702
1.43703
1.43704
1.43704
1.43704
1.43706
1.43709
1.43712
1.43718
1.43725
1.43732
1.43736
1.43737
1.4373
1.43714
1.4369
1.43662
1.43639
1.43623
1.43617
1.43618
1.43626
1.43634
1.43644
1.43652
1.4366
1.43666
1.43671
1.43674
1.43677
1.43679
1.43683
1.43686
1.4369
1.43695
1.43701
1.43707
1.43713
1.43719
1.43722
1.43723
1.43719
1.43711
1.43699
1.43689
1.43679
1.43672
1.4367
1.4367
1.43672
1.43673
1.43673
1.43673
1.4367
1.43666
1.43661
1.43658
1.43656
1.43656
1.43657
1.4366
1.43663
1.43669
1.43675
1.43683
1.43691
1.437
1.4371
1.43719
1.43726
1.43732
1.43734
1.43733
1.43727
1.43717
1.43705
1.43691
1.43677
1.43664
1.43655
1.43649
1.43646
1.43646
1.4365
1.43657
1.43666
1.43676
1.43687
1.43697
1.43707
1.43714
1.43717
1.43716
1.43709
1.43695
1.43678
1.43659
1.43643
1.43632
1.43628
1.43633
1.43643
1.43658
1.43675
1.43689
1.43703
1.43713
1.43719
1.4372
1.43715
1.43708
1.43697
1.43687
1.4368
1.43675
1.43673
1.43673
1.43674
1.43677
1.43679
1.43682
1.43685
1.43687
1.43689
1.43691
1.43693
1.43695
1.43696
1.43698
1.43699
1.43702
1.43706
1.43709
1.43714
1.43719
1.43724
1.4373
1.43733
1.43733
1.43727
1.43714
1.43696
1.43675
1.43656
1.43643
1.43636
1.43635
1.43639
1.43644
1.43651
1.43657
1.43663
1.43667
1.43672
1.43676
1.43681
1.43683
1.43686
1.43688
1.4369
1.43694
1.43697
1.43701
1.43705
1.43709
1.43714
1.43719
1.43723
1.43729
1.43734
1.43741
1.43747
1.43753
1.43756
1.43754
1.43743
1.43722
1.43695
1.43667
1.43647
1.43639
1.43642
1.43652
1.43667
1.43681
1.43691
1.43697
1.43696
1.43692
1.43682
1.43673
1.43663
1.43657
1.43655
1.43658
1.43663
1.4367
1.43678
1.43687
1.43694
1.43701
1.43707
1.43713
1.43716
1.43719
1.43722
1.43722
1.43723
1.43721
1.43719
1.43716
1.43712
1.43709
1.43705
1.43702
1.43699
1.43697
1.43695
1.43694
1.43693
1.43694
1.43695
1.43698
1.43702
1.43705
1.43708
1.43707
1.43703
1.43694
1.43683
1.43671
1.43661
1.43655
1.43653
1.43654
1.43658
1.43663
1.43667
1.43672
1.43677
1.43679
1.43681
1.43682
1.43683
1.43685
1.43687
1.43688
1.43688
1.4369
1.4369
1.43691
1.43691
1.4369
1.43689
1.43686
1.43683
1.43681
1.43678
1.43676
1.43673
1.43671
1.43671
1.43672
1.43674
1.43678
1.43684
1.43692
1.437
1.43709
1.43718
1.43728
1.4374
1.43752
1.43763
1.43774
1.43783
1.43787
1.43782
1.43764
1.4373
1.43682
1.43631
1.43586
1.43558
1.43548
1.43555
1.43573
1.43597
1.43623
1.43647
1.43668
1.43687
1.43701
1.43713
1.43722
1.43728
1.43732
1.43731
1.43728
1.43724
1.43719
1.43713
1.43711
1.43711
1.43716
1.43725
1.43736
1.43747
1.43755
1.43754
1.43744
1.43725
1.43703
1.43684
1.43673
1.43673
1.4368
1.43688
1.43695
1.43698
1.43695
1.43689
1.43684
1.43681
1.43682
1.43688
1.43694
1.437
1.43704
1.43706
1.43705
1.43702
1.43699
1.43695
1.43691
1.43688
1.43684
1.43683
1.43682
1.43683
1.43684
1.43686
1.43689
1.43692
1.43694
1.43696
1.43697
1.43697
1.43697
1.43696
1.43695
1.43694
1.4369
1.43689
1.43688
1.43686
1.43686
1.43686
1.43687
1.43687
1.4369
1.43691
1.43693
1.43696
1.43698
1.43699
1.43701
1.43702
1.43703
1.43706
1.43707
1.4371
1.43713
1.43718
1.43724
1.4373
1.43734
1.43734
1.4373
1.43716
1.43699
1.43679
1.43659
1.43645
1.43639
1.4364
1.43646
1.43658
1.43671
1.43685
1.43698
1.43711
1.43724
1.43736
1.43744
1.43748
1.43748
1.43744
1.43735
1.43722
1.43708
1.43695
1.43683
1.43675
1.43668
1.43663
1.43657
1.43654
1.43651
1.43647
1.43645
1.43643
1.43644
1.43646
1.4365
1.43654
1.43659
1.43667
1.43674
1.43683
1.43693
1.43702
1.43714
1.43722
1.43729
1.43734
1.43736
1.43736
1.43733
1.43726
1.43718
1.43708
1.43698
1.43685
1.43673
1.43662
1.43656
1.43655
1.4366
1.43672
1.43693
1.43717
1.43742
1.43758
1.43756
1.4373
1.43683
1.43633
1.43597
1.4358
1.43581
1.43593
1.43609
1.43625
1.43641
1.43657
1.43672
1.43688
1.43702
1.43716
1.43728
1.43738
1.43747
1.43753
1.43756
1.43756
1.43756
1.43753
1.43748
1.4374
1.43728
1.43712
1.43694
1.43674
1.43655
1.4364
1.4363
1.43625
1.43626
1.43631
1.43639
1.43649
1.4366
1.43671
1.43681
1.43691
1.437
1.43708
1.43716
1.43722
1.43727
1.43729
1.43729
1.43725
1.43717
1.43708
1.43695
1.43681
1.43667
1.43656
1.43649
1.43647
1.43651
1.43657
1.43666
1.43675
1.43682
1.43688
1.43694
1.43697
1.43699
1.43701
1.43702
1.43703
1.43704
1.43705
1.43706
1.43707
1.43708
1.43711
1.43713
1.43715
1.43717
1.43722
1.43726
1.43731
1.43734
1.43733
1.43728
1.43718
1.43705
1.43695
1.43688
1.43689
1.43696
1.43706
1.43714
1.43716
1.43705
1.43682
1.43654
1.43628
1.43613
1.43609
1.43615
1.43626
1.43638
1.4365
1.43661
1.4367
1.43678
1.43685
1.4369
1.43691
1.43691
1.43688
1.43685
1.43681
1.43677
1.43673
1.43673
1.43672
1.43673
1.43674
1.43674
1.43674
1.43671
1.43669
1.43667
1.43666
1.43666
1.43668
1.43672
1.43679
1.43688
1.43696
1.43704
1.43712
1.43719
1.43725
1.4373
1.43733
1.43734
1.43733
1.4373
1.43725
1.43718
1.4371
1.43699
1.43685
1.43667
1.43644
1.43619
1.43601
1.43591
1.43591
1.43599
1.43611
1.43624
1.43634
1.43644
1.43653
1.43661
1.4367
1.43682
1.43696
1.43714
1.43737
1.43761
1.43785
1.43807
1.43817
1.43807
1.43774
1.43729
1.43687
1.4366
1.43653
1.43663
1.4368
1.43695
1.43692
1.43667
1.43624
1.43581
1.43557
1.43557
1.43579
1.4361
1.43644
1.43675
1.43702
1.43723
1.43736
1.43742
1.4374
1.4373
1.43716
1.437
1.43685
1.43672
1.43665
1.43662
1.43662
1.43666
1.43674
1.43683
1.43694
1.43708
1.43721
1.43736
1.43748
1.43755
1.43755
1.43749
1.43736
1.43718
1.43697
1.43674
1.43653
1.43634
1.43622
1.43615
1.43615
1.43618
1.43624
1.43631
1.43639
1.43647
1.43658
1.43669
1.43679
1.43689
1.43698
1.43707
1.43716
1.43724
1.43733
1.43742
1.43752
1.4376
1.43764
1.43762
1.43753
1.43733
1.43708
1.43677
1.43649
1.43628
1.43617
1.43616
1.43625
1.43639
1.43654
1.43671
1.43686
1.43698
1.43706
1.4371
1.4371
1.43704
1.43695
1.43687
1.43679
1.43676
1.4368
1.4369
1.43706
1.43726
1.43748
1.43769
1.43785
1.43793
1.43784
1.43755
1.43709
1.43658
1.43615
1.43592
1.43588
1.43596
1.43609
1.43622
1.43635
1.43646
1.43656
1.43665
1.43673
1.43683
1.43694
1.43703
1.43715
1.43722
1.43726
1.43728
1.43726
1.43719
1.43711
1.43699
1.43685
1.43669
1.43651
1.43632
1.43617
1.43609
1.4361
1.43617
1.43628
1.4364
1.43653
1.43667
1.43679
1.4369
1.43701
1.43711
1.4372
1.43729
1.43735
1.43739
1.4374
1.43739
1.43737
1.43732
1.43727
1.43717
1.43706
1.43695
1.43685
1.43679
1.43678
1.43681
1.43686
1.4369
1.43693
1.43692
1.43689
1.43684
1.4368
1.43676
1.43674
1.43675
1.43676
1.43674
1.4367
1.43664
1.43656
1.43649
1.43642
1.43637
1.43634
1.43632
1.43632
1.43633
1.43636
1.4364
1.43644
1.43651
1.43659
1.43669
1.43681
1.43697
1.43718
1.43747
1.43788
1.43842
1.43909
1.43969
1.43986
1.4391
1.43744
1.43572
1.43481
1.43479
1.43523
1.43574
1.43616
1.43646
1.43665
1.43676
1.43679
1.43673
1.43663
1.4365
1.43638
1.43629
1.43625
1.43626
1.43632
1.43641
1.43651
1.43663
1.43674
1.43686
1.43698
1.4371
1.4372
1.43727
1.4373
1.4373
1.43726
1.43718
1.4371
1.43703
1.43697
1.43694
1.43692
1.43689
1.43688
1.43685
1.43681
1.43676
1.43672
1.43667
1.43664
1.43663
1.43664
1.43667
1.43673
1.43681
1.43692
1.43705
1.43718
1.4373
1.4374
1.43743
1.43742
1.43734
1.43725
1.43718
1.43712
1.43711
1.43713
1.43715
1.43717
1.43719
1.43717
1.43715
1.43712
1.43709
1.43704
1.43697
1.43691
1.43683
1.43679
1.43677
1.43678
1.43681
1.43687
1.43694
1.43701
1.43706
1.4371
1.43711
1.43708
1.43702
1.43696
1.43689
1.43684
1.43681
1.43678
1.4368
1.43682
1.43685
1.43689
1.43693
1.43697
1.437
1.43702
1.43705
1.43708
1.43711
1.43713
1.43716
1.43718
1.43721
1.43723
1.43727
1.43729
1.4373
1.43728
1.43726
1.43721
1.43715
1.43706
1.43698
1.4369
1.43683
1.4368
1.43677
1.43677
1.43678
1.4368
1.43681
1.43682
1.43682
1.4368
1.43676
1.43672
1.43668
1.43664
1.43661
1.4366
1.4366
1.43661
1.43664
1.43667
1.43671
1.43676
1.4368
1.43684
1.43688
1.43691
1.43694
1.43696
1.43697
1.43697
1.43697
1.43699
1.43702
1.43708
1.43719
1.43733
1.43748
1.43761
1.43768
1.43763
1.43743
1.43709
1.43669
1.43633
1.4361
1.43601
1.43603
1.43611
1.43623
1.43637
1.4365
1.43664
1.43676
1.43686
1.43694
1.43701
1.43705
1.43707
1.43708
1.43705
1.43701
1.43698
1.43696
1.43694
1.43696
1.43698
1.437
1.43703
1.43705
1.43705
1.43705
1.43705
1.43708
1.43714
1.43724
1.43737
1.43747
1.43748
1.43734
1.43705
1.43668
1.43636
1.43621
1.43623
1.43638
1.4366
1.43681
1.43699
1.43711
1.43717
1.43718
1.43714
1.43705
1.43693
1.43682
1.43671
1.43662
1.43658
1.43656
1.43658
1.43663
1.43671
1.43679
1.43688
1.43693
1.43695
1.43694
1.43691
1.43686
1.43681
1.43679
1.43681
1.4369
1.43704
1.43724
1.43748
1.43773
1.43796
1.43808
1.43801
1.43774
1.43728
1.43674
1.43626
1.43598
1.43587
1.43593
1.43609
1.43629
1.43648
1.43663
1.43672
1.4368
1.43683
1.43684
1.43684
1.43685
1.43686
1.43687
1.43689
1.43691
1.43694
1.43696
1.43699
1.43702
1.43705
1.43708
1.43709
1.4371
1.43709
1.43704
1.43696
1.43687
1.43675
1.43666
1.43659
1.43654
1.43653
1.43656
1.43659
1.43662
1.43666
1.43669
1.43673
1.43675
1.43676
1.43676
1.43676
1.43677
1.43679
1.4368
1.43684
1.43692
1.43703
1.43717
1.43735
1.43756
1.43776
1.4379
1.43791
1.43773
1.43734
1.43683
1.43632
1.43592
1.43573
1.43571
1.43581
1.43598
1.43618
1.43637
1.43656
1.43672
1.43685
1.43697
1.43704
1.43709
1.43709
1.43707
1.43703
1.43698
1.43692
1.43688
1.43686
1.43686
1.43685
1.43685
1.43685
1.43684
1.43683
1.43683
1.43684
1.43686
1.4369
1.43693
1.43695
1.43696
1.43695
1.43698
1.43705
1.4372
1.43745
1.43778
1.43811
1.43828
1.43807
1.43737
1.43638
1.43556
1.43519
1.43522
1.43546
1.43574
1.43597
1.43616
1.43633
1.43647
1.4366
1.43671
1.4368
1.43688
1.43693
1.43699
1.43703
1.4371
1.43718
1.43726
1.43734
1.43741
1.43744
1.43742
1.43733
1.43721
1.43704
1.43685
1.43669
1.43655
1.43648
1.43648
1.43654
1.43664
1.43679
1.43696
1.43711
1.43721
1.43723
1.43715
1.43696
1.43674
1.43651
1.43637
1.43633
1.43639
1.43651
1.43668
1.43687
1.43707
1.43724
1.43739
1.43751
1.43758
1.43757
1.43749
1.43735
1.43716
1.43695
1.43674
1.43656
1.43641
1.43632
1.43626
1.43626
1.43628
1.43634
1.43643
1.43653
1.43665
1.43677
1.43689
1.437
1.43711
1.43718
1.43723
1.43725
1.43722
1.43715
1.43706
1.43696
1.43687
1.43681
1.43679
1.43679
1.43682
1.43685
1.4369
1.43695
1.43701
1.43706
1.43711
1.43716
1.43719
1.43721
1.43721
1.43717
1.43711
1.43703
1.43693
1.43683
1.43675
1.43669
1.43665
1.43666
1.43667
1.43671
1.43674
1.43678
1.4368
1.43683
1.43685
1.43684
1.43684
1.43685
1.43687
1.43689
1.43691
1.43692
1.43692
1.43691
1.43689
1.43686
1.43685
1.43686
1.4369
1.43696
1.43704
1.43714
1.43725
1.43735
1.43746
1.43756
1.43764
1.43768
1.43765
1.43756
1.43736
1.43708
1.43676
1.43647
1.43623
1.43609
1.43607
1.43611
1.4362
1.43631
1.43642
1.43653
1.43663
1.43672
1.43678
1.43682
1.43685
1.43685
1.43685
1.43688
1.43691
1.43697
1.43707
1.43717
1.43731
1.43748
1.43763
1.43777
1.43784
1.43782
1.43771
1.43749
1.43718
1.43687
1.43658
1.43637
1.43625
1.43623
1.43629
1.43638
1.43649
1.4366
1.43669
1.43678
1.43685
1.43691
1.43695
1.43698
1.43701
1.43703
1.43704
1.43707
1.43709
1.43711
1.43713
1.43713
1.43714
1.43712
1.4371
1.43705
1.43699
1.4369
1.43681
1.43671
1.43663
1.43657
1.43655
1.4366
1.43671
1.43685
1.43702
1.43721
1.43739
1.43753
1.43759
1.43754
1.43734
1.43703
1.43665
1.43634
1.43614
1.43611
1.4362
1.43634
1.4365
1.43665
1.43676
1.43683
1.43688
1.43686
1.43685
1.43681
1.43676
1.43674
1.4367
1.43669
1.4367
1.4367
1.43671
1.43674
1.43675
1.43678
1.43681
1.43683
1.43686
1.4369
1.43694
1.43697
1.43703
1.43709
1.43718
1.43731
1.43747
1.43764
1.43784
1.438
1.43808
1.43802
1.4378
1.43747
1.43712
1.43686
1.43674
1.43677
1.43688
1.43701
1.43708
1.43705
1.43688
1.43662
1.43635
1.43613
1.43601
1.43601
1.4361
1.43624
1.4364
1.43656
1.43668
1.43678
1.43685
1.43688
1.43688
1.43686
1.43683
1.4368
1.43678
1.43676
1.43675
1.43676
1.43678
1.43681
1.43685
1.43691
1.43697
