1.20021
1.19706
1.19493
1.19415
1.19483
1.19685
1.19996
1.20383
1.20808
1.21237
1.21641
1.21997
1.22293
1.22518
1.22671
1.22751
1.22761
1.22703
1.22582
1.22405
1.22179
1.21913
1.2162
1.21311
1.20998
1.20693
1.20407
1.20149
1.19933
1.19767
1.19661
1.19621
1.19649
1.19741
1.19889
1.20077
1.20291
1.20513
1.20734
1.20949
1.21159
1.21366
1.21571
1.21771
1.2196
1.2213
1.22271
1.22376
1.2244
1.22462
1.22444
1.22394
1.22323
1.22246
1.22181
1.22144
1.22148
1.22201
1.22302
1.22443
1.22616
1.22809
1.23013
1.23219
1.23424
1.2362
1.23802
1.23961
1.24084
1.24156
1.24156
1.24058
1.2384
1.23484
1.22998
1.2243
1.21878
1.21473
1.21327
1.21471
1.21848
1.22354
1.22895
1.23423
1.23928
1.24416
1.24896
1.25362
1.258
1.26188
1.26504
1.26728
1.26843
1.26843
1.26724
1.2649
1.2615
1.25722
1.25231
1.2471
1.24202
1.2375
1.23391
1.23152
1.23032
1.23013
1.23053
1.23105
1.23122
1.23076
1.22956
1.22778
1.22577
1.22402
1.22302
1.22314
1.2246
1.22745
1.23158
1.23678
1.24273
1.24902
1.2551
1.26042
1.26448
1.26696
1.26771
1.26684
1.26473
1.26196
1.25923
1.25714
1.25601
1.25573
1.25588
1.25593
1.25544
1.2542
1.25227
1.24985
1.24726
1.24478
1.2426
1.24077
1.23923
1.23783
1.23644
1.23501
1.23359
1.23233
1.2314
1.23093
1.23089
1.23117
1.23153
1.23174
1.23162
1.23103
1.2299
1.22826
1.22619
1.22385
1.22146
1.2193
1.21764
1.21666
1.21644
1.21693
1.21794
1.21925
1.22063
1.22189
1.22291
1.22359
1.2239
1.22385
1.22346
1.22276
1.22182
1.22067
1.2194
1.21807
1.21675
1.2155
1.21438
1.21344
1.21271
1.21221
1.21192
1.21184
1.21194
1.21219
1.21256
1.21303
1.21355
1.21411
1.21469
1.21526
1.21579
1.21626
1.21664
1.21691
1.21703
1.21696
1.21668
1.21614
1.21531
1.21418
1.21273
1.21096
1.20889
1.20655
1.204
1.20129
1.19849
1.19565
1.19283
1.19006
1.18729
1.18446
1.18147
1.17826
1.17489
1.1716
1.16881
1.16698
1.16647
1.16737
1.16953
1.1726
1.17617
1.1799
1.18353
1.18692
1.18998
1.19271
1.19511
1.19724
1.19913
1.2008
1.20226
1.2035
1.20448
1.20512
1.20538
1.20516
1.20441
1.20304
1.20102
1.19831
1.19494
1.191
1.18668
1.18236
1.17856
1.17591
1.17495
1.1759
1.17858
1.1824
1.18667
1.19077
1.19429
1.19706
1.19907
1.20039
1.20117
1.20155
1.20167
1.20166
1.20163
1.20167
1.20185
1.2022
1.20275
1.20351
1.20443
1.2055
1.20665
1.20784
1.20899
1.21002
1.21087
1.21144
1.21164
1.21138
1.21057
1.20914
1.20711
1.20455
1.20167
1.19877
1.19619
1.19421
1.19293
1.19225
1.19191
1.19159
1.19108
1.19024
1.18912
1.18783
1.18656
1.18555
1.185
1.18509
1.18592
1.18752
1.18984
1.19279
1.19624
1.20006
1.20411
1.20823
1.21229
1.21614
1.21969
1.22284
1.22554
1.22777
1.22949
1.23067
1.23127
1.23121
1.23037
1.22862
1.22581
1.22184
1.21674
1.21082
1.20474
1.19954
1.19631
1.19574
1.19773
1.20149
1.20596
1.21024
1.21381
1.2165
1.21835
1.21952
1.22017
1.22043
1.2204
1.22015
1.21971
1.21913
1.21847
1.21783
1.21734
1.21715
1.21739
1.21807
1.21912
1.22039
1.22167
1.22281
1.22367
1.22424
1.22453
1.22459
1.22449
1.2243
1.22406
1.22378
1.22346
1.2231
1.22268
1.2222
1.22165
1.22102
1.22032
1.21957
1.21878
1.21798
1.2172
1.21647
1.21583
1.21529
1.21485
1.21449
1.21418
1.21387
1.21354
1.21316
1.2127
1.21219
1.21161
1.21098
1.21031
1.20957
1.20871
1.20765
1.20625
1.20433
1.20169
1.19812
1.19345
1.1877
1.18116
1.17452
1.16882
1.16513
1.16415
1.16588
1.16967
1.17458
1.17971
1.1844
1.18827
1.19114
1.193
1.19393
1.19409
1.19366
1.19285
1.19188
1.19092
1.19011
1.18954
1.18924
1.1892
1.18938
1.18971
1.19011
1.1905
1.19079
1.19089
1.19071
1.19013
1.18907
1.18743
1.18517
1.18235
1.17916
1.17597
1.1733
1.17169
1.17153
1.17287
1.17544
1.17872
1.18219
1.18543
1.18818
1.19035
1.19195
1.19304
1.19367
1.19391
1.19379
1.19333
1.19251
1.19128
1.1896
1.18742
1.18471
1.18153
1.17806
1.17461
1.17162
1.16955
1.16874
1.16922
1.17077
1.17292
1.17519
1.17719
1.17868
1.17957
1.17989
1.17975
1.1793
1.1787
1.17812
1.1777
1.17755
1.17773
1.17827
1.17913
1.18025
1.18151
1.18282
1.18407
1.18515
1.18599
1.1865
1.18662
1.18631
1.18552
1.18423
1.18244
1.18015
1.17741
1.17433
1.17102
1.16765
1.16441
1.16147
1.15898
1.15706
1.15577
1.15515
1.15521
1.15594
1.15729
1.15918
1.16149
1.16406
1.16676
1.16943
1.17193
1.17418
1.17607
1.17755
1.17859
1.17916
1.17929
1.17901
1.17838
1.17752
1.17653
1.17557
1.17477
1.17427
1.17415
1.17446
1.17517
1.17621
1.17748
1.17886
1.18025
1.18158
1.18279
1.18383
1.18468
1.18533
1.18576
1.18595
1.18585
1.18543
1.1846
1.18329
1.18139
1.17885
1.17566
1.17196
1.16806
1.16451
1.16194
1.16094
1.16172
1.1641
1.16755
1.17139
1.1751
1.17833
1.18092
1.18286
1.18423
1.18511
1.1856
1.18578
1.18572
1.1855
1.18515
1.18475
1.18432
1.18393
1.18361
1.1834
1.18333
1.18341
1.18366
1.18405
1.18457
1.18519
1.1859
1.18664
1.1874
1.18812
1.18877
1.1893
1.18966
1.18981
1.18967
1.18918
1.18827
1.18688
1.18494
1.18241
1.17929
1.17564
1.17158
1.16734
1.16326
1.15972
1.15713
1.15581
1.15596
1.15761
1.16061
1.16468
1.16948
1.17461
1.1797
1.18442
1.18851
1.19176
1.19403
1.19526
1.19537
1.19435
1.19219
1.18896
1.18485
1.18022
1.17564
1.17186
1.16958
1.16914
1.17041
1.17275
1.17536
1.17752
1.17876
1.1789
1.17801
1.17639
1.17452
1.17296
1.17224
1.17278
1.17471
1.17792
1.18211
1.18687
1.19179
1.19653
1.20084
1.20456
1.20762
1.20999
1.21166
1.21261
1.2128
1.21213
1.21044
1.20757
1.20335
1.19779
1.19121
1.18445
1.17881
1.17562
1.17554
1.17814
1.18214
1.18609
1.18895
1.19024
1.18991
1.18824
1.18568
1.18281
1.1803
1.17875
1.17861
1.17999
1.18269
1.18626
1.1902
1.19407
1.19757
1.20051
1.20281
1.20445
1.20544
1.20578
1.20549
1.20461
1.20318
1.20129
1.19907
1.1967
1.19441
1.19241
1.19084
1.18976
1.1891
1.1887
1.18838
1.18799
1.18743
1.18673
1.18599
1.18536
1.18505
1.18519
1.18586
1.18706
1.18867
1.19053
1.19246
1.19431
1.196
1.1975
1.19887
1.2002
1.20158
1.20309
1.20472
1.20638
1.20796
1.20931
1.21031
1.21093
1.21119
1.21122
1.21118
1.21123
1.21149
1.21201
1.21272
1.21348
1.2141
1.21438
1.21414
1.2132
1.21146
1.20886
1.20543
1.20128
1.19672
1.19218
1.18821
1.18533
1.18388
1.18391
1.18517
1.18722
1.18962
1.19197
1.19405
1.19572
1.19695
1.19777
1.19826
1.19851
1.19863
1.19875
1.19899
1.19942
1.2001
1.20099
1.20206
1.20319
1.20428
1.20525
1.20601
1.20653
1.20679
1.20679
1.20659
1.20622
1.20575
1.20525
1.2048
1.20448
1.20434
1.2044
1.20468
1.20512
1.20567
1.20625
1.20674
1.20708
1.20719
1.20701
1.20655
1.20582
1.20486
1.20376
1.20258
1.20141
1.20028
1.19919
1.19812
1.19702
1.19587
1.1947
1.19358
1.19262
1.19197
1.19177
1.1921
1.19298
1.19436
1.19612
1.19812
1.20021
1.20227
1.20421
1.20597
1.20754
1.20891
1.21009
1.21111
1.21197
1.21269
1.21331
1.21382
1.21425
1.21462
1.21494
1.21525
1.21555
1.21587
1.21623
1.21664
1.2171
1.21758
1.21808
1.21854
1.21893
1.21921
1.21933
1.21926
1.21898
1.21849
1.21779
1.21691
1.2159
1.2148
1.21365
1.21249
1.21132
1.21014
1.20897
1.20779
1.20667
1.20566
1.20489
1.2045
1.20465
1.20547
1.20701
1.2093
1.21224
1.21567
1.21941
1.22323
1.22691
1.23025
1.23308
1.23529
1.23678
1.23752
1.23754
1.23691
1.23578
1.23434
1.23283
1.23149
1.23051
1.23
1.22999
1.2304
1.23111
1.23199
1.23292
1.23388
1.23485
1.23587
1.23697
1.23816
1.23943
1.24072
1.24198
1.24312
1.24404
1.24467
1.24496
1.24485
1.24433
1.24341
1.24211
1.24048
1.23855
1.2364
1.23409
1.23169
1.22926
1.22687
1.22458
1.22244
1.22051
1.21883
1.21742
1.21631
1.21547
1.21487
1.21446
1.21416
1.21388
1.21361
1.21341
1.21344
1.21389
1.21489
1.21645
1.21843
1.22058
1.22263
1.22441
1.22579
1.22678
1.2274
1.22772
1.2278
1.22768
1.22742
1.22704
1.22657
1.22604
1.22547
1.22485
1.22418
1.22344
1.22258
1.22154
1.22028
1.21875
1.21691
1.21478
1.21241
1.20989
1.20737
1.20502
1.20299
1.20138
1.20019
1.19934
1.19863
1.19785
1.19678
1.1953
1.1934
1.19122
1.18898
1.18695
1.18534
1.18419
1.18339
1.18269
1.18178
1.18043
1.17858
1.17644
1.17446
1.17322
1.17321
1.17465
1.17735
1.18084
1.18457
1.18803
1.19092
1.19307
1.19445
1.19512
1.19518
1.19473
1.19388
1.19276
1.19145
1.19004
1.18862
1.18724
1.18596
1.18481
1.18382
1.18301
1.18238
1.18194
1.18166
1.18152
1.18149
1.18151
1.18155
1.18155
1.18149
1.18137
1.1812
1.18101
1.18084
1.18075
1.18078
1.18097
1.18134
1.18192
1.18269
1.18363
1.1847
1.18581
1.18688
1.18781
1.1885
1.18889
1.18898
1.18882
1.18852
1.18824
1.18813
1.18829
1.18872
1.18935
1.19004
1.1906
1.19092
1.19091
1.19056
1.18993
1.18911
1.1882
1.1873
1.18651
1.18593
1.18564
1.18571
1.18619
1.18707
1.18827
1.18964
1.19102
1.19227
1.19327
1.19398
1.19444
1.1947
1.19483
1.19489
1.19493
1.19497
1.19498
1.19495
1.19486
1.19468
1.19441
1.19405
1.19363
1.19315
1.19265
1.19216
1.19173
1.1914
1.1912
1.19116
1.19131
1.19164
1.19214
1.19281
1.19362
1.19454
1.19556
1.19664
1.19774
1.19884
1.19987
1.20077
1.20146
1.20186
1.20186
1.20135
1.20021
1.19837
1.19578
1.1925
1.18871
1.18477
1.18116
1.17839
1.17688
1.17678
1.17797
1.1801
1.18277
1.1856
1.1883
1.19071
1.19271
1.19429
1.19546
1.19625
1.19676
1.19707
1.19732
1.19764
1.19814
1.19889
1.19989
1.20109
1.20238
1.20362
1.20469
1.20548
1.20596
1.2061
1.20594
1.20553
1.20496
1.20432
1.20371
1.2032
1.20288
1.20276
1.20288
1.2032
1.20368
1.20426
1.20486
1.20539
1.20572
1.20574
1.2053
1.20424
1.20243
1.19976
1.19624
1.19208
1.18773
1.18389
1.18136
1.18077
1.18236
1.18584
1.19055
1.1957
1.20063
1.20485
1.20808
1.21023
1.21132
1.21148
1.2109
1.20983
1.20853
1.20725
1.20619
1.20542
1.20489
1.2044
1.20366
1.20232
1.20012
1.19688
1.19268
1.18781
1.18284
1.17855
1.17576
1.17513
1.17687
1.18071
1.18595
1.19175
1.19739
1.20237
1.20648
1.20969
1.21208
1.21377
1.21493
1.21568
1.21612
1.21634
1.21636
1.21618
1.21577
1.21507
1.21403
1.21261
1.21083
1.20877
1.20656
1.20439
1.20243
1.20077
1.19942
1.19824
1.19707
1.19581
1.1945
1.19335
1.1927
1.19284
1.19387
1.19562
1.19771
1.19966
1.20107
1.20171
1.20147
1.20043
1.19874
1.19665
1.1944
1.19225
1.19039
1.18896
1.18802
1.18759
1.18764
1.18811
1.18897
1.19014
1.19155
1.19311
1.1947
1.1962
1.19747
1.19844
1.19902
1.19921
1.19902
1.19853
1.19784
1.19711
1.19648
1.19607
1.19597
1.19622
1.19679
1.19759
1.1985
1.19939
1.2001
1.20052
1.20051
1.19993
1.19867
1.19663
1.19375
1.19004
1.18567
1.18096
1.17636
1.17244
1.16966
1.16822
1.168
1.16859
1.16945
1.17005
1.17003
1.16924
1.16777
1.16595
1.16423
1.16314
1.16308
1.16421
1.16639
1.16918
1.17202
1.17439
1.17595
1.17661
1.17656
1.1762
1.17598
1.1763
1.17735
1.17907
1.1812
1.18343
1.18547
1.18713
1.18833
1.18908
1.18943
1.18947
1.18928
1.18894
1.18853
1.18809
1.18767
1.18728
1.18693
1.18662
1.18635
1.18608
1.18581
1.18552
1.18518
1.18479
1.18434
1.18382
1.18325
1.18263
1.18196
1.18128
1.18061
1.17995
1.17932
1.17875
1.17823
1.17776
1.17733
1.17691
1.17648
1.176
1.17543
1.17477
1.17401
1.17316
1.17226
1.17138
1.17058
1.16992
1.16947
1.16925
1.16928
1.16956
1.17007
1.1708
1.17173
1.17284
1.17407
1.17537
1.17663
1.17773
1.17857
1.17903
1.17909
1.17882
1.1784
1.17811
1.17828
1.17916
1.18084
1.1832
1.18594
1.18868
1.19112
1.19303
1.19432
1.195
1.19516
1.19495
1.19452
1.194
1.19352
1.19314
1.19289
1.19275
1.19268
1.19262
1.19252
1.19236
1.19212
1.19184
1.19158
1.19143
1.19149
1.1918
1.19239
1.1932
1.19409
1.19489
1.19543
1.19556
1.19521
1.19437
1.1932
1.1919
1.19075
1.18999
1.18978
1.19009
1.19076
1.19152
1.19209
1.19227
1.19197
1.19125
1.19029
1.18936
1.18876
1.18872
1.18938
1.1908
1.19294
1.19572
1.19899
1.20255
1.20617
1.20961
1.21268
1.21525
1.21724
1.21863
1.21944
1.21968
1.21934
1.21841
1.21686
1.21466
1.21178
1.20827
1.20427
1.20003
1.19598
1.1926
1.1904
1.18974
1.19075
1.19328
1.197
1.20146
1.20621
1.2109
1.21527
1.21914
1.22244
1.22511
1.22717
1.2286
1.22943
1.22966
1.22933
1.22845
1.22706
1.22523
1.22302
1.22051
1.21776
1.21484
1.21183
1.20878
1.20582
1.20304
1.20054
1.1983
1.19621
1.19405
1.19161
1.18871
1.18542
1.18204
1.17922
1.17789
1.17885
1.18241
1.18804
1.19461
1.2009
1.20601
1.20956
1.21159
1.21239
1.21236
1.21191
1.21133
1.21083
1.21049
1.2103
1.21021
1.21017
1.21015
1.21012
1.21012
1.21016
1.21029
1.21052
1.21085
1.21127
1.21175
1.21224
1.21271
1.2131
1.21338
1.21353
1.21351
1.21332
1.21293
1.21235
1.21156
1.21056
1.20934
1.20789
1.20621
1.2043
1.20215
1.19976
1.19714
1.19432
1.19134
1.18828
1.18526
1.18241
1.17992
1.17795
1.17662
1.17601
1.17611
1.17683
1.17801
1.17945
1.18095
1.18232
1.18342
1.18416
1.18452
1.18454
1.1843
1.18395
1.18362
1.18348
1.18362
1.1841
1.1849
1.18595
1.18714
1.18836
1.18951
1.19053
1.19135
1.19198
1.19242
1.19268
1.19281
1.19283
1.19277
1.19266
1.19251
1.19233
1.19209
1.19179
1.19142
1.19096
1.19043
1.18987
1.18932
1.18886
1.18855
1.18844
1.18853
1.18874
1.18896
1.18898
1.18858
1.1875
1.18552
1.18248
1.17841
1.17357
1.16856
1.16429
1.16175
1.16167
1.16416
1.16861
1.17398
1.17912
1.18314
1.18552
1.18614
1.18529
1.18359
1.18184
1.18084
1.1811
1.18268
1.18533
1.18859
1.19208
1.19556
1.19889
1.20202
1.20492
1.20757
1.20994
1.21202
1.21381
1.21533
1.21661
1.21768
1.21858
1.21933
1.21997
1.2205
1.22095
1.22132
1.22161
1.22183
1.22196
1.22201
1.22196
1.22182
1.22157
1.2212
1.22068
1.21997
1.219
1.21767
1.21582
1.21326
1.2098
1.20534
1.20003
1.19445
1.18973
1.18727
1.18817
1.19255
1.19946
1.20745
1.21522
1.22198
1.22741
1.23149
1.23436
1.23621
1.23722
1.23753
1.23729
1.23658
1.23548
1.23402
1.23224
1.23017
1.22785
1.22536
1.22284
1.22052
1.21871
1.21774
1.21792
1.21937
1.222
1.22549
1.22938
1.23324
1.23671
1.23959
1.2418
1.24332
1.24421
1.24454
1.24438
1.24381
1.24288
1.24165
1.24016
1.23846
1.23663
1.23471
1.2328
1.23099
1.22937
1.22803
1.22704
1.2264
1.22612
1.22611
1.22631
1.22662
1.22693
1.22719
1.22735
1.22738
1.22732
1.22718
1.22705
1.22697
1.22701
1.22723
1.22763
1.2282
1.2289
1.22967
1.23044
1.23114
1.23169
1.23206
1.2322
1.2321
1.23173
1.2311
1.2302
1.22906
1.22768
1.22609
1.22433
1.22243
1.22046
1.21851
1.21671
1.21529
1.21445
1.21444
1.21538
1.21727
1.21993
1.22308
1.22641
1.22962
1.23251
1.23496
1.23691
1.23834
1.23924
1.23964
1.23951
1.23885
1.23765
1.23589
1.2336
1.23085
1.22778
1.22461
1.22161
1.21903
1.21705
1.21573
1.21496
1.21454
1.21427
1.214
1.21368
1.21335
1.21309
1.213
1.2131
1.2134
1.21385
1.21438
1.2149
1.21529
1.21543
1.21515
1.21437
1.21317
1.21189
1.21116
1.21171
1.21411
1.21838
1.22404
1.23026
1.23623
1.24138
1.24537
1.24806
1.24943
1.24951
1.24835
1.24609
1.24294
1.23923
1.23543
1.23204
1.22952
1.22815
1.22797
1.22868
1.22972
1.23032
1.22977
1.22769
1.22445
1.22139
1.22046
1.22315
1.22946
1.23793
1.24659
1.25396
1.25938
1.26282
1.26449
1.26469
1.26364
1.26138
1.25784
1.25278
1.24598
1.23738
1.22732
1.21677
1.20727
1.20041
1.19713
1.19717
1.19951
1.20314
1.20762
1.21287
1.21872
1.22467
1.23016
1.23484
1.23867
1.2418
1.24445
1.24677
1.24884
1.25066
1.25215
1.25324
1.25385
1.2539
1.25335
1.25214
1.25023
1.24755
1.24403
1.23963
1.23439
1.22853
1.22249
1.21697
1.2128
1.21064
1.21073
1.21283
1.21627
1.2203
1.2243
1.22783
1.23064
1.23262
1.23376
1.23409
1.23369
1.23266
1.23113
1.22925
1.22717
1.22507
1.22309
1.22137
1.21998
1.21894
1.21823
1.21777
1.21745
1.21718
1.21686
1.21644
1.21594
1.21545
1.21509
1.21502
1.21537
1.21618
1.21743
1.21903
1.22086
1.22279
1.22475
1.22667
1.22853
1.23031
1.232
1.23356
1.23498
1.23621
1.23721
1.23792
1.23829
1.23828
1.23783
1.23688
1.23541
1.23339
1.23084
1.22779
1.22438
1.22074
1.2171
1.2137
1.21076
1.20849
1.20698
1.20622
1.20604
1.2062
1.2064
1.20639
1.206
1.20521
1.20411
1.20291
1.20182
1.20105
1.20074
1.20091
1.20154
1.20249
1.20361
1.2047
1.20556
1.206
1.20586
1.20502
1.20344
1.20114
1.19824
1.195
1.19182
1.18928
1.18806
1.18874
1.19152
1.19601
1.20138
1.20662
1.2109
1.21372
1.21488
1.2144
1.21252
1.20959
1.20616
1.20283
1.20026
1.1989
1.19891
1.2001
1.20205
1.20425
1.2063
1.20794
1.20904
1.20957
1.20955
1.20902
1.20803
1.20659
1.20473
1.20246
1.1998
1.19677
1.19339
1.18969
1.18571
1.1815
1.17717
1.17288
1.16889
1.1655
1.16301
1.16168
1.16157
1.1626
1.16453
1.16704
1.1698
1.1725
1.17489
1.17677
1.17799
1.17847
1.17819
1.17728
1.17599
1.17468
1.17376
1.17359
1.17435
1.17601
1.17835
1.18105
1.18383
1.18648
1.18887
1.19097
1.19278
1.19435
1.19571
1.19693
1.19802
1.19902
1.19995
1.20083
1.20165
1.20241
1.20312
1.20375
1.20429
1.20471
1.205
1.2051
1.20497
1.20455
1.20377
1.20259
1.20097
1.19889
1.19645
1.19381
1.19123
1.18904
1.18753
1.18687
1.18705
1.18786
1.189
1.19016
1.19111
1.19177
1.19214
1.19233
1.19248
1.19275
1.19329
1.19424
1.19565
1.19751
1.19973
1.20213
1.2045
1.20663
1.20833
1.20945
1.20989
1.20962
1.20866
1.20718
1.20543
1.20378
1.20263
1.2023
1.20287
1.2042
1.20587
1.20742
1.20838
1.20848
1.20764
1.20598
1.20384
1.2017
1.20003
1.19921
1.19938
1.20041
1.20198
1.20365
1.20501
1.20571
1.20553
1.20443
1.20262
1.20053
1.19884
1.19819
1.199
1.2012
1.20426
1.20745
1.21007
1.21164
1.21194
1.21094
1.20876
1.20561
1.20176
1.19759
1.19351
1.19008
1.18788
1.18747
1.18915
1.19276
1.19778
1.20338
1.20879
1.21345
1.21704
1.21949
1.22087
1.22129
1.22093
1.21991
1.21837
1.21645
1.2143
1.21207
1.20995
1.20814
1.2068
1.20606
1.20596
1.20644
1.20741
1.20871
1.21018
1.21167
1.21309
1.21434
1.21543
1.21634
1.21714
1.2179
1.21865
1.21941
1.22015
1.22074
1.22099
1.2207
1.21968
1.2178
1.21507
1.21168
1.20799
1.20445
1.20152
1.19951
1.19852
1.1985
1.19925
1.20054
1.20207
1.20348
1.20439
1.20443
1.20334
1.20103
1.19762
1.19347
1.18911
1.18517
1.1823
1.18097
1.18138
1.18343
1.18678
1.19096
1.19551
1.20007
1.20444
1.20852
1.21227
1.21564
1.21859
1.22106
1.22299
1.22436
1.22514
1.22533
1.22494
1.22396
1.22235
1.22004
1.21693
1.2129
1.20784
1.20176
1.19492
1.18797
1.18196
1.17809
1.17718
1.17927
1.18361
1.18911
1.19479
1.20006
1.20468
1.20865
1.21202
1.21488
1.21727
1.2192
1.22067
1.22166
1.22214
1.22211
1.22157
1.22052
1.21898
1.21697
1.21453
1.21171
1.20859
1.20529
1.20201
1.19895
1.19631
1.1942
1.19258
1.19123
1.18981
1.18797
1.18551
1.18253
1.17943
1.17696
1.17591
1.17688
1.17994
1.18467
1.19031
1.19614
1.20163
1.20645
1.2105
1.21376
1.21626
1.21805
1.2192
1.21975
1.21974
1.21921
1.21822
1.2168
1.21502
1.21297
1.21072
1.20841
1.20616
1.20413
1.20245
1.20125
1.20063
1.20061
1.20119
1.20228
1.20378
1.20553
1.20738
1.20916
1.21076
1.21208
1.21306
1.21369
1.21402
1.21412
1.21409
1.21404
1.21404
1.21415
1.21437
1.21464
1.21489
1.215
1.2149
1.21448
1.21367
1.21244
1.21075
1.20862
1.20608
1.20321
1.20011
1.19692
1.19382
1.19097
1.18852
1.18657
1.18515
1.18423
1.18375
1.18358
1.18362
1.18379
1.184
1.18421
1.18441
1.18458
1.18473
1.18485
1.18496
1.18504
1.18508
1.18505
1.1849
1.18457
1.18401
1.18314
1.18194
1.18037
1.17845
1.17626
1.17396
1.17176
1.16993
1.16874
1.16839
1.16894
1.1703
1.17221
1.17437
1.17644
1.17814
1.17927
1.17968
1.17929
1.17804
1.17591
1.17291
1.1691
1.16462
1.15973
1.15483
1.15045
1.14714
1.14538
1.14536
1.14696
1.14976
1.1532
1.15675
1.16002
1.16275
1.16486
1.16633
1.1672
1.16753
1.16736
1.16667
1.16544
1.16361
1.16111
1.15789
1.15401
1.1497
1.14543
1.14189
1.13979
1.13964
1.14147
1.14485
1.14912
1.1536
1.15783
1.16157
1.16476
1.16742
1.16963
1.17147
1.17299
1.17423
1.1752
1.17591
1.1764
1.17668
1.17683
1.17694
1.1771
1.17744
1.17802
1.17886
1.17988
1.18094
1.18186
1.18247
1.18263
1.18233
1.18166
1.1808
1.18
1.17949
1.17939
1.17971
1.18033
1.18115
1.18215
1.18344
1.18522
1.18761
1.19057
1.19384
1.19705
1.1999
1.20229
1.20439
1.20652
1.20897
1.21188
1.21509
1.21817
1.22046
1.2212
1.21962
1.21502
1.20696
1.1956
1.18209
1.16859
1.15767
1.15091
1.14813
1.14808
1.14988
1.15381
1.16065
1.17057
1.18246
1.19453
1.20525
1.21382
1.22018
1.22466
1.22779
1.23009
1.23198
1.23377
1.23562
1.23755
1.23951
1.24137
1.24304
1.24446
1.2456
1.24647
1.24712
1.24754
1.24768
1.24744
1.24668
1.24526
1.24305
1.24001
1.23621
1.23182
1.22709
1.22234
1.21787
1.21389
1.21049
1.20763
1.2052
1.20309
1.20126
1.1998
1.1989
1.19884
1.19981
1.20187
1.20489
1.20853
1.21238
1.21604
1.21924
1.22179
1.22364
1.22479
1.22532
1.22527
1.22471
1.22371
1.22232
1.2206
1.21861
1.21641
1.21405
1.21156
1.20896
1.20626
1.20349
1.20071
1.19808
1.19584
1.19433
1.19383
1.19451
1.1963
1.19891
1.20191
1.20487
1.20748
1.20953
1.21093
1.21166
1.21178
1.21133
1.21036
1.20894
1.20712
1.20494
1.20246
1.19977
1.19694
1.19409
1.19134
1.1888
1.18662
1.18488
1.18368
1.18304
1.18296
1.18336
1.18413
1.1851
1.18605
1.1867
1.18667
1.18551
1.18271
1.1778
1.17067
1.16205
1.15388
1.14899
1.14958
1.15562
1.16492
1.17476
1.1833
1.1899
1.19464
1.19788
1.19999
1.20125
1.20183
1.20185
1.20139
1.20047
1.19917
1.19754
1.19566
1.19361
1.1915
1.18943
1.1875
1.18579
1.18434
1.18318
1.18228
1.18161
1.1811
1.18071
1.1804
1.18015
1.17996
1.17985
1.17983
1.17991
1.18009
1.18036
1.1807
1.18111
1.18157
1.18209
1.18268
1.18334
1.18407
1.18489
1.18578
1.18673
1.18771
1.18869
1.18966
1.19056
1.19137
1.19205
1.19257
1.19289
1.19296
1.19272
1.19208
1.19094
1.18912
1.18639
1.18246
1.177
1.16974
1.16078
1.15094
1.14209
1.13672
1.1367
1.14194
1.15047
1.15983
1.16829
1.17513
1.18035
1.18422
1.1871
1.18928
1.19097
1.19231
1.19339
1.19426
1.19495
1.19545
1.19576
1.19585
1.19571
1.1953
1.19462
1.19366
1.19246
1.19105
1.18952
1.18795
1.18644
1.18506
1.18386
1.18288
1.1821
1.1815
1.18104
1.18062
1.18016
1.17959
1.17892
1.17829
1.17798
1.17835
1.17965
1.18191
1.18491
1.18822
1.19141
1.19415
1.1963
1.19787
1.199
1.19986
1.20065
1.20149
1.20243
1.20342
1.20433
1.20496
1.20506
1.20434
1.20256
1.19951
1.19518
1.18977
1.18384
1.17831
1.17433
1.17292
1.17452
1.17879
1.18472
1.19111
1.19696
1.20165
1.20496
1.20689
1.20761
1.20732
1.20626
1.20461
1.20258
1.20034
1.19805
1.19584
1.19386
1.19219
1.19092
1.19008
1.18969
1.18968
1.18998
1.19046
1.19095
1.19126
1.19123
1.1907
1.18955
1.18775
1.18535
1.18249
1.1794
1.17636
1.17365
1.17152
1.17017
1.16974
1.17029
1.17185
1.17433
1.17755
1.18122
1.185
1.18856
1.19163
1.19407
1.19582
1.19695
1.19759
1.19791
1.19807
1.19819
1.19834
1.19853
1.19868
1.19872
1.19853
1.19805
1.19726
1.19622
1.19506
1.19401
1.1933
1.19313
1.19363
1.19476
1.19638
1.19829
1.20026
1.2021
1.2037
1.20501
1.20602
1.20676
1.20726
1.20759
1.20777
1.20785
1.20785
1.20777
1.20763
1.2074
1.20705
1.20655
1.20585
1.2049
1.20366
1.20211
1.20029
1.19832
1.19637
1.19472
1.19367
1.19345
1.19419
1.19584
1.19819
1.20095
1.20381
1.20656
1.20905
1.21118
1.21296
1.21439
1.2155
1.21631
1.21684
1.21707
1.21701
1.2166
1.21583
1.21468
1.21317
1.21138
1.20942
1.20746
1.20562
1.20398
1.20252
1.20113
1.1997
1.19818
1.19661
1.19503
1.19347
1.19175
1.18957
1.18655
1.18247
1.17755
1.17269
1.16975
1.17102
1.17787
1.18941
1.20292
1.21551
1.22546
1.23233
1.23648
1.23854
1.23912
1.2387
1.23763
1.23608
1.23411
1.23167
1.22864
1.22484
1.22006
1.21412
1.20694
1.19858
1.18933
1.17976
1.17071
1.16318
1.15806
1.15585
1.15649
1.15932
1.16336
1.16771
1.17176
1.17527
1.17826
1.1809
1.18345
1.18619
1.1894
1.19326
1.19776
1.20267
1.20764
1.21228
1.2163
1.21954
1.22196
1.22359
1.22453
1.22487
1.22472
1.22415
1.22322
1.22198
1.22047
1.21872
1.21676
1.21459
1.21225
1.20974
1.20709
1.20432
1.20146
1.19855
1.19565
1.19287
1.19031
1.18813
1.1865
1.18558
1.18548
1.18625
1.18784
1.19011
1.19285
1.19583
1.1988
1.20155
1.20391
1.20574
1.20695
1.20746
1.2072
1.20616
1.20432
1.20173
1.19848
1.19476
1.19082
1.18704
1.18382
1.18159
1.18064
1.18113
1.18296
1.18591
1.18962
1.19376
1.19803
1.20221
1.20612
1.20965
1.21268
1.2151
1.21681
1.21768
1.2176
1.21648
1.21424
1.21087
1.20651
1.20153
1.19663
1.19287
1.19136
1.19282
1.19714
1.2034
1.21034
1.21687
1.22231
1.22641
1.2292
1.23084
1.23155
1.23154
1.23099
1.23005
1.22885
1.22749
1.22604
1.22455
1.22305
1.22155
1.22002
1.21844
1.21674
1.21481
1.2125
1.20959
1.20581
1.20087
1.19453
1.1869
1.1787
1.17155
1.1676
1.16844
1.1739
1.18211
1.19065
1.19774
1.20256
1.205
1.20533
1.20396
1.20131
1.19783
1.19396
1.19011
1.18665
1.18386
1.18185
1.18063
1.18009
1.18013
1.18062
1.18153
1.1828
1.18444
1.18644
1.18877
1.19137
1.19413
1.19692
1.1996
1.20202
1.2041
1.20578
1.20701
1.20781
1.2082
1.2082
1.20784
1.20715
1.20618
1.20494
1.20348
1.20182
1.20002
1.19814
1.19622
1.19434
1.19256
1.19095
1.18953
1.18834
1.18736
1.18657
1.18592
1.18536
1.18485
1.18436
1.18388
1.18345
1.1831
1.18292
1.18298
1.18336
1.1841
1.1852
1.18665
1.18836
1.19022
1.19212
1.19394
1.19557
1.19693
1.19795
1.19858
1.19878
1.19854
1.19784
1.19667
1.19507
1.19307
1.19078
1.18834
1.18596
1.18387
1.18231
1.18143
1.18131
1.18188
1.18301
1.18449
1.18612
1.18776
1.18931
1.19072
1.192
1.19315
1.19421
1.19519
1.1961
1.19689
1.19751
1.19785
1.1978
1.19718
1.19586
1.1937
1.19071
1.18703
1.18305
1.17935
1.17655
1.17507
1.17491
1.1757
1.1769
1.17805
1.1789
1.17946
1.17984
1.18021
1.18066
1.18122
1.18189
1.18267
1.18358
1.18469
1.18608
1.18782
1.1899
1.19226
1.19477
1.19729
1.19969
1.20189
1.20381
1.20543
1.20675
1.20778
1.20851
1.20893
1.20903
1.20878
1.20816
1.20719
1.20592
1.20447
1.20302
1.20183
1.20116
1.20118
1.20194
1.20335
1.20516
1.20709
1.20882
1.21008
1.21064
1.2103
1.20891
1.2064
1.20292
1.19887
1.19499
1.19212
1.19097
1.1917
1.19394
1.19694
1.20005
1.20287
1.20536
1.20767
1.21003
1.21258
1.21538
1.21836
1.22141
1.22441
1.22725
1.22988
1.23225
1.23437
1.23622
1.23781
1.23914
1.2402
1.24101
1.24158
1.24192
1.24207
1.24205
1.24188
1.24156
1.2411
1.24049
1.23969
1.2387
1.2375
1.23611
1.23459
1.23301
1.23152
1.23024
1.22932
1.22888
1.22897
1.2296
1.23069
1.23213
1.23376
1.23545
1.23704
1.23845
1.23958
1.24041
1.24091
1.2411
1.24102
1.2407
1.24024
1.23971
1.23923
1.23889
1.23878
1.23897
1.23944
1.2401
1.24083
1.24142
1.2417
1.24151
1.24082
1.23967
1.23821
1.23668
1.23529
1.23417
1.23335
1.23279
1.23254
1.23274
1.23369
1.2356
1.23847
1.24196
1.24554
1.2487
1.25112
1.2527
1.25359
1.25402
1.25426
1.25452
1.25488
1.25533
1.25573
1.25591
1.25569
1.25495
1.25361
1.25166
1.24916
1.24623
1.24308
1.23992
1.23698
1.23442
1.23232
1.23066
1.22934
1.22824
1.22729
1.22648
1.22588
1.22566
1.22598
1.22699
1.22871
1.23106
1.23382
1.2367
1.2394
1.24165
1.24329
1.24421
1.2444
1.24389
1.24279
1.24121
1.23933
1.23734
1.23544
1.23387
1.23282
1.23243
1.23278
1.23385
1.23551
1.23759
1.23991
1.24226
1.24452
1.24656
1.24832
1.24977
1.25088
1.25164
1.25202
1.25202
1.25159
1.25073
1.24942
1.24772
1.24572
1.24359
1.24156
1.23989
1.23881
1.23844
1.23873
1.23954
1.24062
1.24175
1.24276
1.24355
1.24412
1.24453
1.2449
1.24534
1.24598
1.24689
1.24808
1.24947
1.25091
1.25228
1.25349
1.25451
1.25545
1.25645
1.25767
1.2592
1.26103
1.263
1.26488
1.2664
1.26728
1.26733
1.26641
1.26455
1.26199
1.25924
1.25702
1.25611
1.25699
1.25954
1.26313
1.26687
1.27003
1.27217
1.2732
1.27319
1.27221
1.27025
1.26718
1.26284
1.25713
1.25014
1.24225
1.23408
1.22636
1.21973
1.21471
1.21173
1.21129
1.21394
1.22
1.22921
1.24056
1.25259
1.2639
1.27349
1.28089
1.28609
1.28929
1.29085
1.29114
1.29047
1.28913
1.28735
1.2853
1.28313
1.28091
1.2787
1.27652
1.27434
1.27211
1.26975
1.26716
1.26423
1.26086
1.25696
1.25251
1.24753
1.24217
1.23666
1.23132
1.22656
1.22277
1.22027
1.21928
1.21987
1.22199
1.22544
1.2299
1.23495
1.24014
1.24501
1.24918
1.25233
1.2542
1.25457
1.25316
1.24966
1.24376
1.2353
1.22461
1.21299
1.20279
1.19672
1.19631
1.20097
1.20863
1.21712
1.225
1.23163
1.23686
1.24078
1.24362
1.24559
1.24691
1.24772
1.24814
1.24824
1.24805
1.2476
1.24694
1.2461
1.24512
1.24408
1.24305
1.24213
1.24141
1.241
1.24094
1.24125
1.24186
1.24266
1.24348
1.24411
1.24435
1.24401
1.24296
1.24114
1.23862
1.23562
1.23253
1.22978
1.22781
1.22692
1.22715
1.22834
1.23021
1.23239
1.23456
1.23641
1.23765
1.23807
1.23763
1.23649
1.23514
1.23434
1.23482
1.23701
1.24077
1.24545
1.25023
1.2544
1.25752
1.25943
1.26013
1.25973
1.2584
1.25632
1.25371
1.25082
1.24794
1.24531
1.24317
1.24165
1.24075
1.2404
1.24047
1.24082
1.24135
1.24201
1.24276
1.24361
1.24456
1.24559
1.24669
1.2478
1.24887
1.24985
1.25067
1.2513
1.25166
1.25166
1.25115
1.24991
1.24768
1.24424
1.23953
1.23391
1.2283
1.22411
1.22272
1.22477
1.22982
1.23674
1.2443
1.25158
1.25803
1.26336
1.26744
1.27027
1.27191
1.27251
1.27227
1.27139
1.27008
1.26846
1.26659
1.26446
1.26202
1.25932
1.25662
1.2544
1.2533
1.25383
1.25611
1.25973
1.26398
1.26809
1.2715
1.27394
1.27534
1.2758
1.27549
1.27465
1.2735
1.27231
1.2713
1.27068
1.27061
1.27115
1.27229
1.27394
1.27592
1.27802
1.28002
1.28171
1.28292
1.28354
1.28355
1.283
1.282
1.28072
1.27935
1.27804
1.27686
1.27584
1.27492
1.27401
1.27298
1.27176
1.27026
1.26845
1.26635
1.26401
1.26158
1.25923
1.25716
1.25556
1.25451
1.25398
1.2538
1.25376
1.25359
1.25311
1.2522
1.25088
1.24924
1.24748
1.24581
1.24442
1.24347
1.243
1.24297
1.24328
1.24376
1.24425
1.24458
1.24461
1.24425
1.24342
1.24209
1.24028
1.23803
1.23544
1.23266
1.22987
1.22725
1.22498
1.22318
1.22189
1.22108
1.22062
1.2204
1.22027
1.22011
1.21986
1.21947
1.21893
1.21826
1.21746
1.21657
1.21562
1.21462
1.21357
1.21247
1.21129
1.20996
1.20841
1.20654
1.20427
1.20154
1.19839
1.19501
1.19179
1.1893
1.18814
1.1887
1.19103
1.19472
1.19919
1.2038
1.2081
1.21183
1.21493
1.21741
1.21936
1.22087
1.22202
1.22288
1.22349
1.22387
1.22404
1.22398
1.22366
1.22304
1.22209
1.22077
1.21906
1.21699
1.21464
1.21216
1.20977
1.20774
1.2063
1.20557
1.20556
1.20609
1.20695
1.20789
1.20875
1.20947
1.21009
1.21072
1.21148
1.21248
1.21376
1.2153
1.21705
1.21889
1.22072
1.22244
1.22394
1.22512
1.22592
1.22623
1.22601
1.2252
1.22376
1.22171
1.21911
1.21606
1.21274
1.20938
1.20624
1.20358
1.20165
1.2006
1.20051
1.20134
1.20295
1.20514
1.20765
1.21024
1.21267
1.21475
1.21632
1.21725
1.21749
1.21701
1.21586
1.21413
1.21203
1.20985
1.20796
1.20678
1.20664
1.20775
1.21005
1.21326
1.21694
1.22056
1.22368
1.22597
1.22725
1.22749
1.22677
1.22526
1.22324
1.22102
1.21891
1.21721
1.21612
1.21571
1.21592
1.21659
1.21753
1.21853
1.21947
1.22025
1.22083
1.22118
1.22135
1.22133
1.22117
1.22089
1.22052
1.22006
1.21952
1.21891
1.2182
1.21737
1.21639
1.21521
1.21376
1.212
1.20987
1.20736
1.20456
1.20164
1.19892
1.1968
1.19572
1.19593
1.19748
1.20012
1.20345
1.20704
1.21051
1.21365
1.21635
1.21858
1.2204
1.22185
1.22298
1.22386
1.22451
1.22496
1.22523
1.22532
1.22522
1.22492
1.2244
1.22364
1.22263
1.22135
1.21979
1.21794
1.2158
1.21335
1.21056
1.2074
1.20382
1.19982
1.19549
1.19109
1.18711
1.18419
1.1829
1.18352
1.18579
1.18905
1.19253
1.19556
1.19775
1.19902
1.19946
1.19935
1.19904
1.19888
1.19919
1.20016
1.2018
1.20397
1.2064
1.20881
1.21096
1.21266
1.21383
1.21443
1.2145
1.21407
1.2132
1.21196
1.21041
1.20861
1.20664
1.20456
1.20244
1.20036
1.19839
1.19659
1.19501
1.19368
1.1926
1.19176
1.19113
1.19068
1.19036
1.19013
1.18994
1.18974
1.18943
1.18896
1.18824
1.18726
1.18607
1.18482
1.18372
1.18307
1.1831
1.18392
1.18549
1.18762
1.19003
1.19246
1.19473
1.19673
1.19841
1.19978
1.2009
1.20181
1.20255
1.20317
1.20369
1.20413
1.2045
1.2048
1.20503
1.20519
1.20529
1.20536
1.20541
1.2055
1.20568
1.206
1.2065
1.20721
1.20815
1.20931
1.21066
1.21214
1.2137
1.21523
1.21665
1.21785
1.21873
1.21921
1.21918
1.2186
1.21739
1.21551
1.21293
1.20961
1.20553
1.20071
1.19522
1.18928
1.18334
1.17813
1.17463
1.17382
1.17634
1.18216
1.19052
1.20024
1.21008
1.21905
1.22659
1.23244
1.23662
1.23924
1.24051
1.24063
1.23981
1.23827
1.2362
1.23381
1.23132
1.22891
1.22674
1.22491
1.22345
1.22229
1.22125
1.22006
1.21843
1.21611
1.21301
1.20922
1.20516
1.20144
1.19873
1.19746
1.19763
1.19881
1.20037
1.20175
1.20264
1.203
1.20304
1.20307
1.20335
1.204
1.20493
1.20593
1.20672
1.20714
1.20712
1.20675
1.20615
1.2055
1.20493
1.20452
1.20433
1.2044
1.20474
1.20531
1.20605
1.20688
1.20771
1.20844
1.20899
1.20934
1.20946
1.20939
1.20916
1.20881
1.20841
1.208
1.20764
1.20737
1.20722
1.20721
1.20734
1.20759
1.20792
1.20828
1.20865
1.20898
1.20924
1.20941
1.20947
1.20943
1.20926
1.20898
1.20859
1.20809
1.20748
1.20675
1.20591
1.20492
1.20377
1.2024
1.20078
1.19885
1.1966
1.19407
1.1914
1.18886
1.18683
1.18573
1.1859
1.18742
1.19008
1.19344
1.19699
1.20026
1.20292
1.20479
1.20577
1.20585
1.20506
1.20342
1.20103
1.198
1.19452
1.19084
1.18728
1.18419
1.18184
1.1804
1.1799
1.18023
1.18126
1.18283
1.18482
1.18715
1.18976
1.19263
1.1957
1.19891
1.2022
1.2055
1.20871
1.21174
1.2145
1.21691
1.21889
1.22035
1.22123
1.22146
1.221
1.21986
1.21807
1.21573
1.21298
1.20998
1.20692
1.20399
1.20134
1.19914
1.19754
1.19667
1.19664
1.19745
1.19904
1.20121
1.20364
1.20595
1.20767
1.20833
1.20752
1.20505
1.20115
1.19666
1.19305
1.19188
1.19402
1.19916
1.20612
1.21357
1.22057
1.22667
1.23173
1.23571
1.23863
1.2405
1.24134
1.24116
1.24
1.23795
1.23512
1.23164
1.22769
1.22344
1.21904
1.21462
1.2103
1.20624
1.20262
1.19969
1.19769
1.19687
1.19734
1.19909
1.20196
1.20565
1.20983
1.21413
1.21826
1.22197
1.22511
1.2276
1.22938
1.23046
1.23085
1.23058
1.22972
1.22832
1.22647
1.22428
1.22189
1.21944
1.21712
1.21513
1.21368
1.21298
1.21318
1.21434
1.21633
1.21893
1.22178
1.22457
1.22703
1.22902
1.23045
1.23135
1.23178
1.23183
1.23158
1.23113
1.23055
1.22989
1.22917
1.2284
1.22758
1.22669
1.22571
1.22463
1.22343
1.22211
1.22065
1.219
1.21712
1.21494
1.21243
1.20966
1.20679
1.20409
1.20189
1.20041
1.19974
1.19968
1.19986
1.19982
1.19919
1.19786
1.19611
1.19459
1.19415
1.19543
1.19859
1.20321
1.20852
1.2138
1.21854
1.22247
1.22557
1.22788
1.2295
1.23055
1.23113
1.23137
1.23141
1.2314
1.23148
1.23176
1.23231
1.23312
1.23415
1.23531
1.23651
1.23767
1.23878
1.23984
1.24091
1.24207
1.24337
1.24483
1.24642
1.24805
1.24958
1.25089
1.25184
1.2523
1.25222
1.25156
1.25032
1.24854
1.24631
1.24372
1.24088
1.23792
1.23494
1.23209
1.2295
1.22729
1.22558
1.22449
1.22419
1.22497
1.22712
1.23086
1.23608
1.2423
1.24888
1.25519
1.26084
1.26566
1.2697
1.27305
1.2758
1.27798
1.27957
1.28046
1.28051
1.27951
1.27724
1.27346
1.26802
1.261
1.25288
1.24468
1.23778
1.23343
1.23204
1.23306
1.23526
1.23736
1.2385
1.23851
1.23804
1.23845
1.2412
1.24695
1.25505
1.26396
1.2721
1.27844
1.28257
1.2845
1.2845
1.28292
1.28021
1.27685
1.27339
1.27032
1.26806
1.26684
1.26669
1.26747
1.26894
1.27079
1.27274
1.27452
1.27591
1.27676
1.2769
1.27621
1.27462
1.27209
1.26871
1.26469
1.26039
1.25625
1.25275
1.25025
1.24904
1.24928
1.251
1.25404
1.25809
1.26275
1.26762
1.27239
1.27689
1.28097
1.28455
1.28755
1.2899
1.29156
1.29249
1.29272
1.29228
1.29121
1.28954
1.28729
1.28445
1.28099
1.27691
1.27226
1.26717
1.26196
1.2571
1.25319
1.25079
1.2503
1.2518
1.25495
1.25919
1.2638
1.26817
1.27181
1.27445
1.27598
1.27643
1.27594
1.27473
1.27309
1.27133
1.26979
1.26873
1.26828
1.26839
1.26885
1.26928
1.26925
1.26835
1.26625
1.26276
1.25783
1.25161
1.24453
1.23741
1.23144
1.22796
1.2278
1.23088
1.23621
1.24249
1.24864
1.25408
1.2586
1.26225
1.26511
1.26728
1.2688
1.26971
1.26997
1.26959
1.26852
1.26679
1.26445
1.26163
1.25854
1.25543
1.25258
1.25022
1.24851
1.24763
1.24775
1.24904
1.25159
1.25529
1.25978
1.26457
1.26916
1.27319
1.27641
1.27876
1.28022
1.28084
1.28065
1.2797
1.27803
1.27569
1.27276
1.26934
1.26556
1.26159
1.25758
1.25367
1.24999
1.24668
1.2439
1.2418
1.24048
1.23989
1.23987
1.24011
1.24033
1.24028
1.2399
1.23925
1.23849
1.23783
1.23744
1.23737
1.2376
1.23801
1.23848
1.23895
1.23945
1.24009
1.24105
1.24244
1.24433
1.24671
1.2495
1.2526
1.2559
1.25929
1.26266
1.26591
1.26896
1.27172
1.2741
1.27601
1.27734
1.27794
1.27762
1.27609
1.27291
1.26746
1.2589
1.24634
1.2294
1.20949
1.19113
1.18083
1.18241
1.19332
1.20743
1.22002
1.22932
1.23544
1.23912
1.24112
1.24209
1.2426
1.24317
1.24426
1.24616
1.24898
1.25257
1.25662
1.26075
1.26464
1.26803
1.27076
1.27276
1.27397
1.27438
1.27399
1.27282
1.27096
1.26852
1.2657
1.26276
1.25994
1.25747
1.25547
1.25396
1.25287
1.25206
1.25143
1.25091
1.25051
1.25026
1.25024
1.25049
1.25105
1.25192
1.25305
1.25433
1.25566
1.25685
1.25775
1.25816
1.25792
1.25689
1.25498
1.25222
1.24874
1.24482
1.24084
1.23715
1.23402
1.23148
1.22941
1.22754
1.22565
1.22361
1.22141
1.21911
1.21683
1.21467
1.21269
1.21099
1.20962
1.20866
1.20817
1.20815
1.20855
1.2092
1.20993
1.21053
1.21084
1.21073
1.21018
1.20924
1.20802
1.20668
1.20544
1.20445
1.20386
1.2037
1.20393
1.20446
1.20514
1.20584
1.20644
1.20685
1.20703
1.20697
1.20667
1.20615
1.20541
1.20449
1.20339
1.20211
1.20067
1.19904
1.19723
1.19523
1.19304
1.19068
1.18817
1.18557
1.18297
1.18049
1.17825
1.17637
1.17495
1.17405
1.17365
1.17369
1.17405
1.17459
1.17518
1.17571
1.17613
1.17644
1.17667
1.17692
1.17728
1.17784
1.17866
1.17976
1.18112
1.18268
1.18436
1.18607
1.18773
1.18927
1.19062
1.19174
1.19262
1.19321
1.19353
1.19358
1.19337
1.19296
1.1924
1.19174
1.19104
1.19033
1.18957
1.18867
1.18744
1.18567
1.1831
1.17953
1.17495
1.16959
1.16407
1.15935
1.15643
1.15603
1.1582
1.16238
1.16767
1.17321
1.17838
1.18282
1.18637
1.18899
1.19073
1.19164
1.19181
1.19134
1.19036
1.18899
1.18739
1.18572
1.18411
1.18267
1.18144
1.18041
1.17948
1.17855
1.17751
1.17629
1.17488
1.17333
1.17174
1.17018
1.16867
1.16711
1.16529
1.16293
1.15982
1.15592
1.15162
1.14772
1.14529
1.14515
1.1474
1.15131
1.15574
1.15963
1.16232
1.16362
1.1636
1.16257
1.16087
1.1589
1.15705
1.15564
1.1549
1.15495
1.15581
1.15734
1.15935
1.16159
1.16381
1.16578
1.16732
1.16835
1.16885
1.16889
1.16864
1.16831
1.16812
1.16824
1.16871
1.16944
1.17019
1.17062
1.17031
1.16889
1.16602
1.16151
1.15542
1.14815
1.14061
1.13408
1.12997
1.12923
1.13197
1.1374
1.14422
1.15114
1.15727
1.16217
1.16578
1.16829
1.16996
1.17105
1.1718
1.17237
1.17285
1.1733
1.17372
1.1741
1.17441
1.17462
1.1747
1.17461
1.17433
1.17383
1.1731
1.17214
1.17099
1.16974
1.16852
1.16751
1.16692
1.16691
1.1676
1.16898
1.17093
1.17326
1.17577
1.17827
1.18062
1.18275
1.18464
1.18627
1.18768
1.18892
1.19002
1.19105
1.19204
1.19302
1.19399
1.19487
1.19558
1.19594
1.19575
1.19473
1.19264
1.18925
1.18447
1.17849
1.17192
1.16586
1.16169
1.16058
1.16299
1.16847
1.17593
1.18414
1.19208
1.19912
1.20493
1.20941
1.21262
1.21464
1.21563
1.21576
1.2152
1.21419
1.21298
1.21179
1.21083
1.21019
1.20988
1.20985
1.20999
1.21021
1.21045
1.21069
1.21097
1.21131
1.21171
1.21213
1.2125
1.21271
1.21268
1.21239
1.2119
1.21132
1.21075
1.21012
1.20923
1.20762
1.20469
1.19982
1.19266
1.18363
1.1745
1.16828
1.1678
1.17361
1.18358
1.19471
1.2049
1.21335
1.2201
1.22542
1.22954
1.23261
1.23476
1.23608
1.2367
1.23676
1.23638
1.23567
1.23464
1.23328
1.2315
1.2292
1.22632
1.22291
1.21912
1.21524
1.21166
1.20878
1.20691
1.20622
1.20672
1.20822
1.21041
1.21291
1.21529
1.21716
1.21816
1.21812
1.21701
1.21504
1.21265
1.21048
1.2092
1.20931
1.21094
1.21381
1.21731
1.22079
1.22366
1.22551
1.22614
1.22548
1.22357
1.22054
1.21662
1.21213
1.20746
1.20309
1.19948
1.197
1.19588
1.19616
1.19773
1.20039
1.20385
1.20782
1.21201
1.21614
1.21997
1.22332
1.22604
1.22802
1.22921
1.22959
1.22918
1.22804
1.22629
1.2241
1.22171
1.2194
1.21742
1.21598
1.21517
1.21496
1.21522
1.21577
1.21642
1.21701
1.2174
1.21753
1.21735
1.21683
1.21596
1.21474
1.2132
1.2114
1.20941
1.20738
1.20546
1.20385
1.20271
1.20218
1.20229
1.20301
1.20421
1.2057
1.20729
1.20882
1.21016
1.21127
1.21214
1.21284
1.2134
1.21391
1.21439
1.21483
1.2152
1.21546
1.21556
1.2155
1.21533
1.21512
1.21497
1.21495
1.2151
1.21538
1.21567
1.21583
1.21567
1.21506
1.21385
1.21198
1.20939
1.20606
1.20203
1.19739
1.19233
1.18717
1.18238
1.17856
1.17629
1.17602
1.17783
1.18147
1.18639
1.19191
1.19743
1.20252
1.20692
1.21052
1.21333
1.21543
1.21694
1.21798
1.2187
1.21921
1.21962
1.21997
1.22026
1.22041
1.22026
1.21963
1.21831
1.21609
1.21285
1.20852
1.2032
1.19718
1.19092
1.18508
1.18034
1.17732
1.17636
1.17747
1.18028
1.18421
1.18859
1.19286
1.19664
1.19973
1.20207
1.20371
1.20473
1.20523
1.20531
1.20506
1.20456
1.20385
1.203
1.20202
1.20093
1.19972
1.19838
1.19692
1.19536
1.19375
1.1922
1.19079
1.18964
1.18887
1.18859
1.18891
1.1899
1.19152
1.19363
1.19595
1.19812
1.19978
1.20063
1.20044
1.19905
1.19646
1.19278
1.18838
1.18386
1.18011
1.17805
1.17833
1.18098
1.18538
1.19056
1.19559
1.19984
1.20304
1.20518
1.20646
1.20712
1.20744
1.20766
1.20796
1.20846
1.2092
1.21019
1.21137
1.21268
1.21405
1.21542
1.21674
1.21797
1.21908
1.22005
1.22086
1.22149
1.22194
1.22218
1.22219
1.22196
1.22141
1.22047
1.219
1.21682
1.21373
1.20953
1.20407
1.19741
1.18988
1.18222
1.17541
1.17043
1.1678
1.16732
1.16821
1.16946
1.17023
1.17015
1.16934
1.16839
1.16808
1.16917
1.17206
1.17663
1.18236
1.1885
1.19435
1.19941
1.20344
1.20639
1.20834
1.2095
1.21007
1.21029
1.21036
1.21045
1.21068
1.21111
1.21174
1.21252
1.21339
1.21425
1.21502
1.21561
1.21594
1.21594
1.21554
