1.14707 1.39401 3.39696 2.4644
1.17954 1.39401 3.14876 2.4644
1.17954 1.39401 3.14876 2.4644
1.17954 1.75212 3.14876 3.26125
1.17954 2.99605 3.14876 3.26125
1.17954 2.68687 4.22058 2.4547
1.17954 2.56454 4.22058 2.4547
1.17954 1.31975 4.22058 3.33382
1.04281 1.31975 2.09365 3.33382
1.04281 0.741157 2.09365 3.33382
0.582252 0.741157 2.09365 0.878841
0.582252 0.741157 2.09365 0.878841
0.631036 0.741157 2.09365 0.878841
1.16703 0.363705 2.09365 2.77461
1.39956 0.363705 2.80795 2.32127
0.437136 0.363705 3.97362 2.32127
0.437136 0.363705 3.97362 2.32127
0.437136 0.363705 3.33466 2.32127
0.437136 0.363705 3.71073 2.32127
0.437136 1.26946 3.71073 2.32127
0.437136 0.794778 3.71073 2.32127
0.437136 0.794778 3.71073 2.32127
0.437136 1.12484 3.71073 2.32127
0.437136 1.12484 3.91217 2.32127
0.437136 1.12484 5.51061 4.45104
0.437136 1.12484 3.04264 4.45104
0.437136 1.12484 6.16655 4.01047
0.437136 1.12484 6.16655 4.01047
0.437136 1.02458 6.16655 4.01047
0.437136 1.02458 5.64585 4.01047
0.437136 1.02458 5.64585 4.28309
0.437136 0.60014 5.23526 4.28309
0.437136 0.60014 5.23526 5.67859
0.437136 0.859673 5.23526 5.67859
0.437136 0.420557 5.23526 5.67859
0.437136 0.420557 5.23526 6.92916
0.437136 1.76433 2.0116 9.22922
0.437136 1.20388 2.0116 9.22922
0.437136 1.0782 2.0116 9.89254
0.437136 1.2627 2.0116 9.89254
0.437136 1.2627 3.86006 9.89254
1.34931 1.14246 2.74453 9.89254
1.34931 0.392051 5.75831 9.89254
2.15211 0.392051 5.75831 9.89254
1.0461 0.392051 5.0002 9.89254
1.0461 0.392051 5.0002 10.3189
1.0461 0.392051 5.0002 10.9981
0.428445 0.392051 5.0002 8.84392
0.428445 0.392051 4.28198 8.84392
0.428445 0.392051 5.08657 6.01023
0.6592 0.392051 3.19191 6.01023
0.6592 1.0009 5.17755 6.01023
0.6592 1.0009 4.65651 6.01023
0.6592 1.0009 6.04765 6.01023
0.6592 1.0009 6.04765 7.6702
0.6592 1.0009 5.81222 8.62531
0.6592 1.0009 3.2086 7.74362
0.6592 1.0009 3.2086 3.33554
1.45392 1.0009 3.2086 3.33554
0.222308 0.572623 3.2086 3.33554
0.222308 0.572623 4.38641 3.33554
0.222308 0.572623 4.38641 3.33554
0.222308 0.572623 4.38641 2.29518
0.222308 0.572623 4.38641 1.84333
0.222308 0.572623 2.99728 1.84333
0.222308 0.572623 2.99728 1.84333
0.222308 0.572623 4.0329 1.84333
0.222308 0.572623 3.4418 1.84333
0.741797 0.572623 3.4418 2.85814
0.741797 0.572623 3.4418 2.85814
0.741797 0.754715 5.86406 1.27478
0.741797 0.465148 5.86406 1.27478
0.741797 0.270554 4.73851 1.27478
0.741797 0.270554 4.73851 1.27478
0.741797 0.270554 4.29654 1.27478
0.741797 0.270554 4.81049 5.65317
1.53476 0.270554 4.81049 3.53553
2.05588 0.270554 4.80217 3.53553
2.05588 0.270554 4.80217 3.53553
2.05588 0.270554 4.80217 3.53553
1.19218 0.270554 5.83942 4.48064
0.847892 0.270554 5.99159 4.48064
0.847892 0.270554 5.99159 4.48064
0.640965 0.270554 5.99159 4.48064
0.640965 0.270554 6.61872 4.48064
0.640965 0.270554 6.61872 4.48064
0.987701 0.270554 6.61872 4.53283
0.987701 0.270554 6.61872 4.53283
0.987701 0.270554 7.29027 1.71738
1.19257 0.270554 6.40559 1.71738
1.77596 0.270554 5.94638 1.71738
1.77596 0.270554 5.94638 0.879891
1.70392 0.633944 5.94638 1.81937
1.70392 0.633944 5.94638 1.42203
1.42093 1.74521 4.8434 1.42203
1.42093 1.74521 4.8434 4.18526
1.42093 1.66927 4.8434 4.18526
1.42093 1.15342 1.81545 5.28196
1.42093 0.695554 4.36263 5.28196
1.07996 0.695554 4.75842 4.6906
1.55814 1.54792 6.63978 3.48145
1.20219 1.54792 6.63978 4.04215
1.20219 1.27637 6.63978 4.62826
1.20219 1.48442 6.63978 4.62826
1.80565 1.60594 6.72555 4.62826
1.80565 0.994826 6.77091 4.05849
1.83999 1.43286 5.63642 4.05849
1.34361 0.979572 5.63642 4.05849
1.4628 1.23249 3.6062 5.75703
1.4628 1.23249 3.6062 5.75703
1.4628 1.23249 5.03114 4.08319
1.4628 1.23249 5.19405 2.70825
2.12938 1.52463 5.19405 2.70825
2.12938 2.00136 8.18536 3.47616
2.12938 2.00136 6.14117 2.04552
2.12938 1.66193 6.10242 2.04552
2.19881 1.66193 6.10242 2.04552
2.19881 0.933782 5.59379 1.51661
2.19881 1.3457 5.72284 2.46363
2.19881 0.856213 3.71669 2.03095
2.19881 0.856213 4.28471 1.75341
3.17199 0.411616 4.35791 1.75341
3.17199 0.411616 5.99822 1.75341
3.17199 0.411616 3.25316 1.75341
3.17199 0.519344 3.25316 1.75341
3.17199 0.519344 2.3387 1.75341
3.9051 0.519344 2.23644 1.75341
3.67558 0.967221 4.04617 1.75341
3.67558 0.967221 3.30518 3.92539
3.06455 1.10725 3.30518 2.7953
2.76641 2.72154 4.06927 2.7953
2.39013 2.72154 6.18859 2.7953
2.90008 2.52095 6.18859 2.7953
1.79312 2.52095 6.18859 2.7953
1.29969 2.62446 6.18859 2.7953
1.29969 2.00726 6.18859 2.7953
0.756482 1.90025 7.65135 2.7953
0.665877 1.35756 10.5031 2.7953
0.665877 1.37866 9.29281 2.7953
0.849249 0.646574 8.0978 2.90389
0.849249 1.00381 8.0978 3.03786
1.64109 1.13334 8.0978 3.03786
1.43334 1.13334 7.20919 3.03786
1.43334 1.13334 7.20919 3.03786
1.43076 1.13334 7.20919 3.03786
2.41328 0.932383 7.20919 4.91482
1.40311 0.707022 7.61494 4.91482
1.40311 1.07664 11.5344 6.65119
1.40311 1.07664 11.2008 5.56703
2.11063 1.07664 13.8179 5.56703
1.73561 1.4988 12.9844 4.74812
1.73561 1.31752 13.8417 4.74812
1.28106 1.31752 11.6796 5.73942
1.28106 1.77444 11.6796 5.73942
1.28106 1.77444 9.19613 5.16773
2.51562 1.73614 9.5992 4.9514
2.51562 1.73614 8.39153 4.9514
1.29553 1.73614 7.71335 5.2769
1.29553 1.73614 7.71335 5.72392
1.29553 0.998797 6.80626 5.72392
0.684452 0.998797 6.80626 5.72392
0.684452 2.37801 8.4706 5.72392
0.969718 2.37801 8.4706 3.90816
0.969718 2.52786 8.4706 3.90816
1.31192 2.4488 10.0771 3.38592
0.900194 2.42777 10.0771 3.46239
0.900194 2.42777 10.0771 4.55638
0.900194 2.35202 11.7365 4.55638
0.460005 1.79759 11.4755 2.85968
0.460005 1.79034 11.4913 2.85968
0.460005 2.44535 11.5859 3.16535
0.460005 2.44535 12.987 3.40968
1.10028 2.44535 12.987 3.40968
0.979882 2.04129 12.722 3.40968
0.845332 2.04129 10.9862 3.40968
1.60464 1.76425 11.2082 3.40968
1.60464 1.25982 11.2082 5.28118
1.60464 1.25982 9.14096 5.28118
1.60464 1.25982 9.14096 6.36872
0.829886 1.54757 9.14096 7.8424
0.829886 1.70933 11.9219 4.09177
0.829886 1.70933 10.3982 4.09177
0.761574 1.70933 10.3982 3.82593
0.761574 1.41474 8.77098 4.05751
0.761574 0.486119 7.11446 4.05751
0.761574 0.486119 6.49194 1.60082
0.784104 0.486119 7.3403 4.26595
0.784104 0.486119 7.77963 4.26595
1.55024 0.486119 7.77963 3.23325
1.78705 0.486119 7.77963 3.23325
1.78705 0.486119 7.77963 2.9615
0.865426 0.486119 4.36997 3.72383
0.865426 0.486119 3.99145 3.72383
0.865426 0.486119 3.99145 3.71843
0.865426 0.486119 3.99145 5.47044
0.541964 0.486119 5.54864 3.11692
1.44989 0.486119 4.49397 3.11692
1.44989 0.486119 3.17806 3.11692
1.44989 0.486119 4.38924 3.39878
1.19761 0.902438 4.38924 2.7403
1.33313 0.986797 5.137 2.7403
1.47668 0.986797 5.64327 2.7403
1.47668 0.986797 8.06144 2.7403
1.01334 1.31015 5.83031 2.7403
1.57698 1.31015 4.63932 2.7403
1.57698 0.891434 4.63932 2.75637
1.57698 1.08152 4.63932 2.75637
2.01114 1.65771 3.27957 2.09867
2.03713 1.3131 3.25593 2.09867
2.11748 1.17603 3.45051 2.09867
2.33016 1.30076 2.63201 2.09867
1.50391 1.77126 5.5526 3.12423
1.50391 1.96025 5.04617 1.87329
1.28156 1.96025 6.42661 1.87329
1.43178 1.46136 6.86291 1.87329
1.79416 1.23019 6.86291 1.87329
0.948369 1.23019 6.86291 1.87329
0.55355 1.04451 5.5655 3.89359
0.55355 1.04451 5.5655 5.19972
0.55355 1.04451 5.5655 5.19972
0.55355 1.1996 5.5655 5.19972
0.414847 0.963965 3.6907 5.69398
0.414847 1.0333 3.6907 6.25722
0.837753 1.0333 3.6907 7.9957
0.837753 1.0333 3.6907 9.61117
0.837753 1.0333 3.6907 9.61117
0.837753 0.59463 3.6907 9.61117
0.837753 0.59463 3.6907 10.6239
0.837753 0.59463 3.6907 7.87692
1.61633 0.59463 6.33788 4.62666
1.61633 0.567223 5.80273 3.1712
1.61633 0.84547 6.20993 3.1712
1.61633 0.734496 6.20993 2.21299
0.886726 0.734496 5.66339 2.89783
0.886726 0.866715 4.52363 2.89783
0.886726 0.48152 4.52363 2.89783
0.886726 0.48152 3.59114 2.89783
0.886726 0.48152 3.59114 2.33835
0.886726 0.48152 2.69394 2.33835
1.06399 0.48152 6.16864 1.98361
1.06399 0.48152 6.16864 1.98361
0.756025 0.48152 5.25605 2.61646
0.756025 0.48152 6.14944 3.95356
0.756025 0.48152 8.98906 3.95356
0.756025 0.48152 8.9595 3.90532
0.756025 0.48152 10.2679 5.01598
1.08582 0.48152 10.2679 5.89792
0.679448 0.48152 10.2679 5.45794
0.755672 0.48152 10.1246 5.45794
1.05724 0.48152 8.50608 5.76117
1.05724 0.630687 9.27529 5.76117
0.901008 0.630687 8.30387 5.41741
1.56947 0.630687 7.65936 3.37935
1.73399 0.630687 10.003 3.37935
1.73399 1.80077 9.79738 5.23466
1.40208 1.77131 8.95168 5.23466
1.40208 1.77131 8.95168 4.81408
1.40208 2.1419 8.95168 4.47722
1.40208 2.1419 8.95168 4.47722
1.98061 2.8295 8.95168 3.83479
2.2632 2.8295 9.47945 3.83479
2.21873 2.8295 9.97314 3.83479
1.12433 3.00519 9.6258 3.83479
1.12433 3.00519 8.94954 3.61581
1.12433 2.89008 9.12481 3.61581
1.28512 2.89008 8.01696 3.61581
1.28512 2.71713 10.185 1.36837
1.76145 1.71057 10.185 3.79602
1.76145 1.6124 10.185 3.79602
2.63002 1.6124 8.73812 4.07532
2.01428 1.3015 6.14303 4.07532
1.58927 1.3015 5.87367 4.07532
1.58927 1.3015 4.33461 4.56012
1.58927 1.3015 1.467 4.56012
0.943766 1.63673 1.467 4.64514
1.28948 0.983315 4.42835 4.64514
1.28948 1.34797 4.42835 6.51581
0.619775 1.34797 4.42835 5.30378
0.375815 1.55301 3.62274 4.78958
0.375815 1.29015 4.65694 4.78958
1.56067 1.29015 4.65694 5.04481
1.56067 2.28057 4.65694 5.04481
1.56067 3.15712 2.6099 2.22313
1.56067 3.08627 2.6099 2.22313
2.26358 3.7468 2.6099 2.22313
2.26358 3.63855 2.76785 2.22313
2.32785 3.63855 2.76785 2.22313
1.45818 3.63855 4.51754 2.22313
1.45818 3.6193 4.51754 3.52305
1.10556 3.6193 2.71051 3.52305
0.977385 2.48874 2.71051 3.50691
0.977385 2.15626 2.71051 3.50691
1.53556 2.62242 4.37226 3.97151
1.53556 2.89284 6.32571 6.58195
1.53556 2.89284 7.58196 6.58195
1.53556 2.86058 4.36215 5.35219
2.11739 2.23653 4.36215 4.40795
2.76273 1.49963 4.36215 4.40795
2.666 1.53087 2.95815 4.40795
2.666 1.1004 2.95815 4.40795
3.51197 1.1004 2.95815 4.40795
3.59968 1.1004 3.37181 4.40795
3.49471 1.1004 3.37181 3.58485
3.38334 1.45452 6.47808 3.34287
2.62455 1.45452 6.47808 3.34287
2.62455 0.96848 7.19816 3.39895
2.62455 0.96848 8.35918 1.54147
2.72624 0.96848 6.87089 1.54147
2.6091 0.96848 5.64385 4.81881
2.6091 0.96848 5.771 7.43928
2.02231 1.07959 3.9508 7.43928
1.21177 1.07959 2.78379 4.78477
1.21177 0.848583 1.72497 4.68878
1.21177 1.13919 1.72497 4.68878
1.63364 1.51645 5.30962 4.68878
2.02002 1.51645 5.30962 5.53852
2.54997 0.679409 5.30962 3.65301
2.54997 0.679409 5.30962 3.64959
2.92272 0.679409 2.87641 3.64959
3.19081 1.84292 3.83008 3.64959
2.88085 1.84292 2.90298 1.25043
2.19299 1.84292 2.90298 3.66524
2.19299 2.52089 2.90298 4.75276
2.19299 2.52089 2.90298 4.75276
3.26193 2.05554 2.90298 4.75276
2.92816 2.02364 3.20473 4.75276
2.92816 2.02364 3.20473 4.75276
2.92816 2.52767 3.20473 5.86364
2.92816 2.08599 3.20473 5.86364
3.35452 2.08599 1.00859 5.86364
2.68904 2.08599 2.25289 6.65642
2.06575 2.08515 1.74585 4.76512
2.06575 1.37222 1.74585 4.26825
2.06575 0.921797 3.17593 5.12885
2.347 1.44632 3.17593 5.12885
1.96822 1.44632 2.88318 5.12885
1.92514 1.36572 2.88318 5.07956
1.92514 1.36572 2.88318 4.58027
1.09697 0.698714 2.23652 3.89072
0.627671 1.00369 2.23652 6.26938
0.673272 1.00369 2.23652 6.26938
1.21518 1.00369 2.23652 6.6497
1.21518 0.779939 2.23652 6.6497
0.918867 0.779939 4.44962 6.6497
0.918867 0.617361 2.11666 6.6497
0.767048 0.617361 2.11666 6.6497
0.767048 0.990563 2.11666 2.53837
0.699462 0.990563 2.11666 2.53837
0.699462 0.990563 1.72393 2.58684
0.699462 0.990563 1.72393 2.58684
0.699462 0.693001 3.69143 2.58684
0.699462 0.693001 3.9263 2.58684
0.837829 0.693001 3.9263 2.58684
0.837829 0.936576 3.9263 3.27593
0.84117 0.548167 2.26069 5.39813
0.84117 0.548167 2.26069 5.39813
1.2499 0.800552 2.26069 4.56902
1.2499 0.673901 1.4866 4.56902
1.89042 1.10258 1.4866 4.56902
2.14481 1.10258 2.79693 4.56902
2.29201 1.10258 5.38272 4.56902
2.29201 0.846255 5.38272 4.56902
2.29201 0.846255 5.5539 3.14316
1.46922 0.846255 3.98812 2.95087
1.02034 0.829122 2.04441 2.95087
1.02034 0.829122 2.04441 3.00159
1.20123 0.829122 2.04441 3.00159
1.03692 1.40495 2.04441 3.00159
1.03993 1.68637 3.5727 4.96766
1.03993 1.68637 4.32591 3.36697
1.00165 1.68637 4.32591 3.17967
1.28132 1.68637 4.76405 2.05271
1.44445 1.208 7.26781 1.88745
1.69654 0.986581 7.26781 2.26341
1.69654 0.986581 7.93293 6.08621
1.78801 0.818875 8.63107 6.15987
3.2501 0.818875 9.17782 6.15987
3.4449 0.818875 9.17782 6.15987
3.21995 0.818875 9.17782 7.34728
3.49822 1.59677 9.17782 7.34728
3.49822 1.59677 9.27003 7.34728
2.91129 0.902244 5.99537 7.34728
2.91129 0.902244 5.99537 7.34728
3.0821 0.902244 5.99537 7.97576
3.0821 0.902244 5.99537 7.97576
3.01097 0.902244 4.8482 7.97576
3.27457 0.68974 4.27912 9.81845
3.27457 0.931755 2.92271 9.81845
3.27457 0.931755 2.92271 8.51984
3.33765 0.931755 2.92271 8.21154
2.68917 0.931755 3.39136 7.54274
2.18489 0.850281 3.39136 7.54274
1.13112 1.03216 3.39136 8.39418
1.13112 1.52757 3.39136 8.39418
1.46114 1.76021 3.39136 5.51832
1.46114 1.28689 3.39136 5.51832
1.39087 1.28689 3.39136 5.51832
1.39087 1.28689 3.39136 4.95233
1.39087 0.796453 6.17244 4.95233
1.35676 0.796453 6.17244 4.95233
1.35676 0.796453 5.50815 4.95233
1.35676 0.796453 5.50815 3.08273
1.35676 1.48577 3.23932 3.08273
1.35676 1.60379 3.23932 3.08273
1.51105 1.76021 3.23932 2.58624
1.43864 1.78605 5.75582 2.58624
1.07734 1.18787 6.70819 1.14876
1.78524 1.18787 6.06843 1.74915
1.78524 1.09684 4.82273 2.10738
1.78524 0.448308 4.82273 2.10738
1.78524 0.695132 4.82273 2.10738
1.75452 0.776031 3.89748 2.10738
1.3615 1.15035 3.73377 2.10738
1.06027 1.17283 3.73377 2.10738
1.06027 1.17283 5.74025 2.10738
1.06027 1.17283 5.59958 3.36391
1.55314 1.85202 5.78288 4.75788
2.09316 1.56366 5.94048 4.54754
3.12109 1.56366 6.92906 4.54754
3.12109 2.08353 7.86404 4.54754
3.12109 2.08353 8.58941 2.25721
2.07347 2.08353 7.19865 2.25721
1.34613 2.11176 6.75935 2.25721
0.914445 1.94771 7.33282 2.76432
0.914445 1.68045 7.33282 4.47545
1.09984 1.81615 6.66726 5.33858
1.38209 0.985225 6.66726 3.4262
1.35354 0.985225 6.98143 5.70505
1.14237 0.985225 4.62047 6.98196
1.60394 0.696013 4.62047 6.98196
1.6584 0.696013 4.77137 7.29758
1.6584 0.696013 4.64344 7.38113
1.84871 0.696013 4.64344 8.04198
1.84871 1.25968 3.43654 7.58591
1.84871 1.25968 3.43654 4.43527
1.28525 1.25968 5.27439 4.43527
1.36821 1.25968 5.05514 4.43527
0.765937 1.4541 3.61518 3.1047
1.90711 1.4541 1.7316 4.85094
1.90711 1.27871 1.7316 7.23774
1.90711 1.27871 4.37484 6.42128
2.04297 1.27871 4.37484 5.61558
1.98705 1.27871 4.37484 5.61558
1.98705 1.20142 4.37484 5.61558
2.5668 1.34976 4.37484 5.61558
2.5668 1.75899 4.37484 4.60243
3.43343 1.14302 4.37484 4.60243
3.43343 0.724442 4.37484 2.99465
3.43343 0.724442 4.37484 4.9091
2.82603 0.724442 4.37484 4.9091
2.488 2.11254 4.37484 2.46145
2.488 2.7179 4.37484 2.46145
2.488 2.60764 5.13546 2.46145
2.488 3.10816 5.20766 2.46145
2.06155 3.11387 5.20766 2.14309
2.09845 2.2048 3.02512 2.14309
2.09845 1.80982 2.83114 2.45513
2.04638 1.80982 3.82092 2.45513
2.04638 0.694281 2.11293 3.28201
2.04638 0.694281 2.11293 3.28201
1.30644 0.694281 4.0046 2.82048
1.30644 0.694281 4.0046 2.82048
1.30644 0.694281 4.0046 2.82048
1.40473 0.694281 4.0046 2.82048
1.40473 0.806982 4.0046 4.23797
1.35886 1.06744 4.0046 4.23797
1.35886 1.06744 4.74302 2.56762
0.550573 1.06744 4.74302 3.69935
1.62551 1.06744 1.8492 5.31491
1.41327 1.06744 1.23268 5.31491
0.561624 1.06744 1.23268 2.7944
0.561624 1.06744 1.23268 1.31656
0.561624 1.06744 1.23268 1.83859
0.561624 2.02241 1.23268 1.83859
0.593951 1.21193 1.23268 1.83859
0.593951 3.11452 1.23268 2.39417
0.593951 2.96204 1.23268 2.39417
0.815734 3.11822 1.23268 1.87271
0.815734 3.11822 3.19898 1.87271
0.815734 2.05464 3.19898 1.87271
0.815734 1.79083 5.06579 1.74526
0.815734 1.93299 6.25808 1.74526
0.770088 1.93299 8.22826 1.74526
0.770088 1.63111 8.22826 3.90003
0.770088 1.63111 6.73389 5.07011
0.770088 1.63111 4.62031 6.55146
0.591047 1.63111 4.62031 6.55146
0.609387 1.63111 4.62031 6.55146
1.5167 2.21133 4.62031 6.55146
1.35745 2.21133 4.62031 6.55146
1.64558 1.72965 4.62031 4.29908
1.64558 1.1047 4.62031 6.74817
1.64558 1.1047 7.30399 6.38679
1.86125 0.740466 8.3748 7.07941
1.34351 0.740466 6.58551 7.07941
2.34264 0.740466 4.6755 5.55039
2.34264 0.740466 4.27374 5.55039
2.34264 0.740466 5.73744 7.90662
2.08729 0.747006 5.73744 6.85202
1.90367 0.299036 2.03505 3.7144
2.13367 0.299036 3.4972 2.65092
2.13367 0.299036 2.16522 2.65092
1.95951 0.299036 3.00523 2.49943
1.95951 0.299036 3.00523 2.49943
1.49938 0.299036 3.00523 1.79484
1.40968 0.299036 3.00523 2.46528
2.46801 0.299036 3.00523 2.88703
2.46801 0.299036 4.44154 4.80137
2.91379 0.299036 4.44154 4.80137
2.88599 0.299036 4.44154 2.63328
3.2631 0.299036 4.71746 2.63328
3.73517 0.341395 3.74691 1.7064
4.74816 0.341395 1.75408 2.49645
4.74816 0.341395 3.64228 2.49645
4.74816 0.243629 5.22269 2.49645
4.7807 0.243629 5.95028 2.39761
4.93804 0.243629 5.95028 3.12874
4.93804 0.243629 5.37256 3.12874
4.17882 0.243629 4.70653 3.62426
3.97829 0.243629 5.18164 3.62426
4.04526 0.243629 5.18164 3.62426
4.04526 0.243629 5.18164 4.0541
3.18151 0.243629 6.5605 4.19745
3.80476 0.243629 4.84541 4.19745
2.80627 0.243629 4.84541 4.19745
2.10739 0.243629 4.84541 6.72135
1.62474 0.243629 4.84541 6.72135
0.983878 0.243629 6.29698 6.72135
0.983878 0.243629 6.29698 6.64694
0.983878 0.243629 6.29698 6.64694
0.983878 0.243629 6.29698 9.04154
0.983878 0.243629 6.29698 9.04154
1.91808 0.56358 6.31469 8.50587
1.91808 1.51546 5.56699 7.94688
1.19996 1.51546 5.56699 7.51657
0.594238 1.51546 5.56699 7.51657
0.594238 1.40733 5.56699 8.55272
0.499307 1.40733 7.85466 8.55272
0.499307 1.40733 8.55826 8.55272
0.499307 1.40733 7.59468 10.8875
0.574257 1.10541 7.20257 10.0604
0.574257 0.844872 7.12791 7.15658
1.65003 0.844872 6.91319 7.15658
1.92653 0.849561 6.67353 6.26786
1.92653 0.913611 5.4241 6.26786
1.92653 1.02308 5.68203 4.74271
1.6039 0.914086 7.65003 5.67999
1.6039 0.914086 5.92159 5.34079
1.06103 0.914086 8.15453 3.58933
1.06103 0.589631 8.24265 3.58933
1.13634 0.55962 4.65141 2.50799
0.514992 0.55962 6.27706 3.2504
0.518806 0.55962 6.27706 2.30703
0.518806 0.908175 6.27706 1.97811
0.518806 0.908175 5.14342 1.97811
0.518806 0.940889 5.44753 1.97811
0.518806 0.940889 5.44753 1.97811
0.518806 0.940889 5.44753 2.53743
0.518806 0.796388 5.04103 3.90584
0.518806 0.796388 2.9357 3.90584
0.518806 0.796388 2.95283 3.90584
0.887114 1.91056 4.12225 3.90584
1.33077 1.86615 4.12225 5.19564
1.28704 1.51697 4.03193 5.19564
0.985415 0.997118 4.03193 4.56536
1.81069 0.997118 4.03193 5.64566
1.94764 0.793507 4.06123 5.64566
1.76986 1.34441 4.96089 6.6039
1.76986 1.58315 6.32665 6.6039
1.76986 1.19478 6.32665 6.3753
1.76986 1.33314 4.33927 7.0009
1.76986 1.33314 4.33927 8.93211
1.76986 1.33314 3.72145 10.1393
1.76986 1.18299 3.72145 8.87936
1.76986 1.18299 3.72145 8.87936
0.912985 1.46293 3.72145 7.25969
0.854463 1.46293 3.21656 6.90522
1.12321 1.46293 3.74211 8.94568
0.575895 1.46293 2.8606 8.65421
0.90962 1.46293 1.98589 7.82013
0.90962 1.46293 4.60548 7.82013
0.90962 1.21511 3.38234 6.70676
0.90962 1.74744 3.38234 6.84706
0.90962 1.74744 3.71159 6.46283
0.78353 1.74744 3.7717 6.46283
0.78353 1.74744 4.25557 6.28158
1.29459 3.2544 4.25557 6.28158
1.48846 3.02719 3.33134 6.24084
1.48846 3.02719 3.33134 6.99616
1.80568 3.02719 3.43426 6.99616
0.901027 3.02719 3.43426 9.16703
1.71119 3.16962 2.6905 7.71152
1.31129 4.72562 2.6905 7.71152
1.31129 3.87962 2.6905 7.71152
1.47097 3.87962 2.6905 10.1151
1.07955 3.41539 2.6905 10.9037
2.19173 3.41539 2.6905 10.9037
2.67333 2.56595 2.6905 10.9037
2.91633 2.48947 2.6905 11.9401
1.47846 2.48947 2.6905 11.9401
0.904264 2.34024 2.6905 12.3769
0.556926 2.34024 2.6905 12.3769
0.778588 1.61099 2.6905 9.19847
1.17339 1.61099 2.6905 9.19847
1.17339 1.38742 2.6905 8.16036
1.17339 1.38742 2.6905 9.24984
1.17339 1.38742 2.77373 8.72414
1.17339 1.38742 2.77373 8.72414
1.17339 1.88862 4.26514 8.72414
2.03279 1.88862 4.26514 7.39862
2.03279 2.09189 4.26514 5.28337
2.56996 2.09189 4.26514 3.80352
1.04089 2.09189 4.26514 3.80352
1.04089 2.39073 4.26514 3.80352
0.624613 2.40676 4.19827 6.40152
0.624613 2.81742 5.09123 6.40152
0.624613 3.43276 3.21511 6.40152
0.624613 3.43276 3.21511 6.40152
0.624613 3.13909 3.21511 6.40152
1.38744 3.13909 2.02838 6.55754
1.26085 3.52497 2.02838 7.94285
1.26085 3.52497 2.02838 7.94285
1.16119 3.52497 2.02838 7.94285
1.16119 3.52497 2.02838 7.20006
1.26634 3.52497 2.02838 5.46256
1.26634 3.16257 2.02838 5.46256
1.26634 2.86806 2.02838 4.0081
1.55279 2.86806 2.02838 2.51258
1.36282 2.05615 2.02838 4.10497
1.93873 1.38709 2.02838 4.10497
1.93873 1.46891 2.02838 6.08683
1.93873 2.38678 2.02838 6.08683
1.93873 2.38678 2.02838 7.41215
1.93873 2.38678 2.02838 7.499
1.95161 2.55981 2.02838 7.15479
1.95161 2.61268 2.02838 5.74677
2.4304 1.84404 2.02838 3.48342
2.84732 1.84404 2.02838 5.82411
2.84732 1.85055 2.02838 9.31445
2.84732 2.47071 2.72816 9.31445
2.91152 2.47071 2.72816 10.8506
3.43682 2.38675 1.04331 8.52096
3.43682 1.85676 1.04331 7.10557
3.43682 2.13202 2.79147 9.00242
2.52023 2.30114 5.73885 9.00242
2.52023 2.96256 8.546 8.77584
2.40678 1.8649 8.546 11.1466
2.13585 0.606179 8.546 11.1466
2.13585 0.606179 7.00289 11.1466
2.13585 0.510724 7.51673 11.1466
1.62446 1.06026 7.51673 8.74741
1.62446 0.809388 8.13342 6.66077
1.74464 0.809388 10.216 6.50846
1.99778 0.868042 10.216 6.90238
1.99778 0.658888 8.49995 6.34799
1.99778 0.658888 8.49995 6.34799
1.99778 0.658888 5.22743 5.65416
1.99778 0.658888 5.65934 5.96867
1.12368 0.658888 7.45477 6.71884
1.12368 0.658888 7.45477 7.90045
0.758627 0.658888 6.94113 7.90045
1.42033 0.658888 6.94113 7.90045
2.22166 0.658888 5.26935 7.44314
2.22166 0.658888 4.1035 5.63579
2.35209 0.658888 6.18753 4.55661
2.35209 0.658888 6.72205 4.55661
1.29786 0.559598 5.83948 3.37691
1.29786 0.559598 5.71729 3.37691
1.29786 0.559598 5.71729 3.37691
0.882919 1.17133 5.71729 2.91951
0.882919 1.17133 5.71729 1.30592
0.882919 1.18686 5.83121 4.11793
0.882919 1.18686 5.83121 4.11793
0.882919 1.24781 5.83121 4.0753
0.882919 1.24781 5.02824 4.0753
0.882919 2.70414 4.73041 3.78568
0.882919 2.53531 3.70476 4.80173
0.911899 2.29044 3.70476 4.80173
0.911899 2.63633 3.70476 4.80173
0.739951 2.63633 3.54273 4.55449
0.739951 2.63633 3.54273 4.9055
0.739951 2.56843 3.54273 4.9055
0.739951 3.01314 3.54273 4.9055
1.00512 2.91854 3.54273 3.38044
1.00512 1.92591 4.38823 3.38044
1.00512 1.92591 2.75935 3.38044
1.00512 1.92591 2.75935 3.7103
1.07092 2.39467 2.75935 2.09386
0.76324 2.39467 2.75935 2.09386
0.76324 2.39467 2.75935 2.37051
1.91292 2.23966 2.75935 2.37051
1.91292 2.23966 2.75935 2.37051
1.91292 2.23966 2.75935 2.37051
1.57954 2.04461 2.75935 2.37051
1.57954 0.825145 2.75935 2.37051
1.39875 0.304429 2.75935 2.37051
1.08477 0.304429 2.75935 1.92202
0.905286 0.304429 2.42575 1.92202
0.905286 0.304429 4.06819 1.92202
0.788614 0.435492 4.84631 1.92202
0.788614 0.435492 4.84631 4.21714
0.682247 0.435492 4.84631 4.75523
0.682247 0.435492 6.84861 3.44229
0.682247 0.435492 6.84861 3.44229
0.682247 0.852431 5.01408 6.18618
0.682247 1.18106 5.01408 6.18618
0.723915 1.18106 5.01408 6.18618
0.487619 1.49286 7.43327 6.04163
0.487619 1.85499 4.6863 5.41375
0.487619 1.85499 4.6863 5.41375
0.824362 2.21039 4.6863 5.41375
0.824362 1.96712 4.6863 5.35699
1.37298 1.96712 2.05841 5.35699
1.55147 2.31579 3.77839 5.35699
1.55147 2.31579 5.25265 4.59774
0.424696 2.31579 5.25265 1.68652
0.424696 1.45702 5.48859 1.92339
0.424696 1.06872 5.08613 1.92339
0.405178 0.736825 4.80197 1.92339
0.87186 0.736825 4.80197 2.77147
0.87186 0.736825 4.80197 4.11653
0.87186 0.736825 5.49816 3.02779
0.87186 0.736825 4.17106 3.02779
0.809666 0.724066 4.17106 4.05151
1.28026 1.57205 4.17106 4.62861
1.28026 1.77749 7.14513 4.62861
1.22924 1.77749 7.14513 4.41927
1.2953 2.053 8.13019 5.22366
1.34206 1.52109 8.13019 5.22366
1.34206 1.52109 8.13019 4.84899
1.34206 1.56885 8.13019 4.09016
1.45873 1.56885 7.37734 4.09016
1.45873 1.56885 6.02527 4.09016
1.29816 1.56885 6.02527 2.18603
1.7396 1.33013 6.73745 2.18603
1.7396 1.33013 6.73745 3.42422
1.7396 1.07349 8.12705 3.32833
1.598 1.18609 8.12705 3.32833
1.598 1.18609 8.12705 2.7992
2.23942 0.942114 9.07179 2.7992
1.9408 0.787352 9.89908 2.7992
1.9408 0.698364 9.03671 2.7992
1.9408 0.698364 9.03671 2.7992
1.36326 0.698364 9.03671 2.7992
1.03917 0.698364 9.03671 2.7992
1.03917 0.879091 9.29271 2.39372
0.865332 0.848856 6.78683 3.55579
0.865332 0.848856 6.78683 3.55579
1.87488 1.2246 9.70172 3.55579
1.45006 1.2246 6.39715 3.55579
0.335567 1.2246 6.39715 2.63372
0.335567 1.2246 6.39715 2.63372
0.335567 0.279385 5.71683 2.73973
0.340998 0.62381 5.71683 2.73973
0.340998 0.62381 5.71683 3.99434
0.340998 0.62381 5.71683 3.99434
0.340998 0.62381 5.71683 3.99434
1.23695 1.08452 8.39741 5.17968
1.22685 1.08452 8.39741 5.17968
1.06787 1.08452 8.39741 5.17968
1.06787 1.99024 8.01686 5.17968
1.19932 1.99024 8.01686 5.41725
1.17591 1.99024 8.01686 5.41725
1.09515 0.94039 9.6994 5.41725
1.09515 0.94039 9.6994 5.41725
1.09515 1.13802 8.50675 5.48888
1.09515 1.13802 7.4375 5.48888
1.09515 1.60606 8.85458 6.28568
0.917834 1.60606 9.08133 6.28568
0.917834 1.60606 10.2669 6.28568
0.569427 1.60606 10.2669 6.28568
0.569427 1.54402 10.2669 6.53574
0.569427 1.54402 10.2669 6.53574
1.65484 1.54402 10.2669 4.64476
1.34493 2.12866 6.7165 4.90478
0.349703 3.21066 2.94412 4.90478
0.349703 3.3899 2.94412 4.90478
0.349703 2.8056 4.19328 3.25996
0.349703 1.47742 3.37626 3.25996
0.349703 1.01059 2.51839 2.33294
0.349703 1.01059 2.51839 1.26672
0.349703 1.01059 5.32756 1.26672
0.349703 1.01059 4.10052 1.26672
0.349703 1.01059 4.10052 1.26672
0.349703 0.728302 3.28058 1.26672
0.349703 0.43065 3.28058 1.60148
0.349703 0.811563 0.854821 5.05451
0.765265 1.11801 3.4921 5.05451
0.765265 1.11801 3.4921 2.17625
2.10082 1.11801 3.4921 2.17625
2.79087 1.11801 3.4921 2.65618
3.06005 1.11801 1.78615 2.74982
2.24068 1.11801 4.38093 2.74982
1.05346 1.11801 4.38093 2.74982
1.05346 2.73488 4.38093 2.74982
0.701856 2.32898 3.66553 2.74982
1.03223 2.20066 4.53858 1.96853
2.03552 2.20066 4.15893 1.38309
2.52832 2.1217 4.15893 1.38309
2.30034 2.1217 4.15893 5.6502
1.27934 2.1217 4.15893 5.6502
1.3898 1.74351 3.68397 5.6502
1.79672 2.36563 4.39254 4.79403
1.28154 2.36563 6.18084 4.79403
2.04762 2.63567 6.18084 6.80998
1.61715 2.63567 6.18084 6.80998
1.27294 2.8564 8.09676 6.10215
1.27294 2.23751 9.25773 6.10215
1.27294 1.36256 11.1209 6.10215
1.27294 1.65847 11.1209 6.74468
0.793359 1.04549 9.28986 8.8205
0.793359 0.63723 9.28986 8.8205
0.793359 0.63723 7.74056 8.8205
0.793359 0.549822 7.74056 8.63483
1.18926 0.507394 6.0865 8.63483
1.337 0.507394 7.37172 9.78517
1.337 0.507394 7.37172 7.84648
1.337 1.37213 7.37172 7.84648
1.337 2.07954 7.5773 7.84648
1.337 2.07954 7.5773 7.84648
1.337 1.36563 7.5773 7.84648
1.27772 1.45129 7.5773 7.1436
1.27772 1.45127 6.22949 7.1436
1.85798 1.63512 5.77592 9.19503
1.85798 1.08601 5.77592 8.17614
2.05772 1.08601 6.40445 7.70782
1.78356 1.08601 6.40445 5.90574
1.78356 1.08601 6.40445 6.12159
1.78356 1.57932 6.40445 6.75153
1.68812 1.21461 4.06245 6.75153
1.68812 1.21461 4.06245 6.75153
1.68812 1.38942 4.06245 5.08718
1.21707 1.27832 4.06245 5.08718
1.21707 1.27832 4.49493 5.08718
1.21707 1.27832 4.66241 6.45156
1.49029 1.08203 3.21918 6.72914
0.722368 1.77061 4.60599 6.72914
0.722368 1.77061 4.60599 9.05115
1.83339 1.77061 4.60599 6.45854
1.83339 1.77061 6.42715 5.40366
1.46221 1.50104 6.09206 6.52549
1.46221 1.41658 6.89044 7.06654
1.91156 1.14 3.61357 7.56233
1.91156 0.442601 2.99364 5.91558
1.91156 0.442601 2.99364 6.39283
1.91156 0.442601 5.38163 6.39283
1.30819 0.442601 5.38163 7.81832
0.979138 0.442601 5.38163 4.22543
0.979138 0.442601 6.54918 4.22543
0.979138 0.442601 6.54918 4.22543
0.979138 0.442601 6.54918 4.38669
1.02018 0.442601 6.54918 4.38669
1.02018 0.442601 6.54918 4.38669
1.02018 0.40403 6.54918 4.38669
1.02018 0.40403 6.54918 4.38669
1.02018 0.40403 6.54918 3.47653
1.02018 0.40403 6.54918 3.47653
1.02018 0.69549 6.54918 3.47653
1.02018 0.69549 6.54918 2.87538
1.83623 0.69549 6.54918 5.59111
0.871266 1.46656 6.54918 5.59111
1.81014 2.31101 4.07887 5.59111
1.81014 1.80715 3.67003 5.59111
1.19227 1.69329 3.67003 5.99164
1.19227 1.75462 3.67003 4.8042
1.19227 2.05871 2.11881 4.21732
1.2811 0.638186 2.11881 3.70433
1.2811 1.5374 3.64413 4.52698
1.2811 1.25337 3.64413 6.70023
0.815461 0.910472 3.64413 6.62792
0.815461 0.649444 0.371225 5.51193
0.815461 0.649444 0.371225 5.51193
0.815461 0.649444 0.371225 5.51193
0.815461 1.25798 2.7393 5.51193
0.815461 1.25798 2.7393 5.51193
1.35094 1.25798 2.7393 5.51193
1.41749 1.25798 5.14087 5.51193
1.41749 1.25798 5.01818 3.17058
1.97668 1.25798 3.37015 2.1608
0.834115 1.07042 3.37015 2.1608
0.771222 1.07042 3.37015 2.1608
1.15798 1.07042 4.21044 2.94243
0.668308 1.90436 4.21044 1.54879
0.668308 1.90436 4.21044 3.73304
0.56513 1.90436 4.24222 3.73304
0.56513 1.90436 4.24222 4.07231
0.478676 1.90436 4.50497 4.07231
0.478676 1.90436 4.50497 3.99457
0.65188 2.05782 5.23647 3.99457
0.521628 2.05782 5.44592 3.88238
1.39596 2.05782 5.44592 3.88238
1.4841 2.12266 5.44592 4.4847
0.464109 2.12266 4.33765 4.4847
0.748367 2.12266 4.99323 4.4847
0.748367 2.12266 4.99323 4.4847
0.748367 2.91878 7.06862 5.61527
0.748367 2.57801 4.84295 4.72493
0.748367 1.42716 3.43188 3.08622
0.748367 1.42716 3.43188 3.38088
0.833799 1.20914 3.43188 2.93459
0.833799 1.20914 3.43188 2.93459
0.833799 1.20914 3.43188 2.93459
0.572698 1.20914 3.43188 2.93459
0.572698 1.68425 3.43188 2.93459
0.572698 1.44531 4.1657 2.93459
0.572698 1.44531 2.17166 2.93459
1.50937 1.34234 2.17166 2.93459
1.50937 2.14758 2.17166 2.93459
1.40599 2.14758 2.17166 2.93459
1.40599 2.14758 2.17166 5.05728
1.40599 2.14758 2.17166 5.05728
1.43859 2.22369 2.17166 5.05728
1.2968 2.22369 2.17166 5.05728
1.2968 1.57751 2.17166 8.04364
1.2968 1.5526 4.28928 8.04364
2.28805 1.5526 4.28928 8.04364
2.28805 1.5526 4.00581 6.13624
2.14482 2.77965 6.78155 5.86102
2.35143 3.40321 7.17081 5.86102
2.35143 2.64667 5.68537 5.18555
2.506 2.78378 5.68537 4.93112
2.37081 3.32423 5.48796 4.93112
2.37081 3.32423 5.48796 4.93112
2.37081 3.81118 6.25261 4.93112
2.37081 2.80093 8.00266 4.93112
2.56482 2.33598 8.00266 4.93112
2.14747 1.75521 7.53269 7.45487
2.44845 1.14566 7.21538 7.37935
2.44969 1.14566 8.65813 8.46315
2.55322 0.887513 8.65813 8.46315
2.55322 0.887513 7.1589 8.46315
2.54566 0.887513 6.15255 9.09366
2.54566 1.18437 6.15255 7.7496
2.1341 1.10856 6.15255 7.29563
2.1341 1.18642 2.76831 7.33881
0.871075 1.49223 1.52733 10.4625
1.44852 1.18457 1.52733 11.5526
1.75414 1.54729 1.52733 12.7841
2.26578 0.573128 1.52733 12.7093
3.47039 0.573128 4.24919 12.7093
3.47039 0.573128 4.24919 12.997
3.47039 0.573128 7.1015 11.3625
3.82533 0.573128 5.85458 11.1661
4.38726 0.34102 6.77369 8.58039
4.65581 0.34102 6.77369 8.58039
4.09566 0.34102 6.77369 8.58039
4.08318 0.694173 6.77369 7.3327
4.32171 0.694173 7.49261 6.08074
4.32171 0.694173 5.13981 6.08074
4.69018 0.425139 7.18901 8.44699
4.69018 0.770288 7.18901 7.0432
2.98372 0.770288 6.09837 7.0432
2.59228 0.832621 8.66313 7.0432
1.41688 0.832621 8.31501 9.58083
1.41688 0.832621 9.90349 10.5261
0.749765 0.832621 9.90349 10.5261
1.15781 0.832621 9.90349 9.1811
1.48845 0.832621 9.90349 9.1811
1.48845 1.64855 8.38471 9.97816
1.48845 2.58263 8.38471 10.1649
1.48845 2.58263 8.38471 10.1649
1.41638 2.23588 8.38471 11.5046
1.41638 2.23588 8.38471 9.47035
1.41638 2.7846 8.38471 8.95455
1.24237 2.9287 8.38471 8.95455
1.57452 2.85958 5.9857 9.43367
0.658018 2.834 5.9857 10.2945
1.10803 1.89652 5.9857 10.1156
1.85266 1.20818 3.68658 10.1156
1.7334 1.21624 3.68658 5.42788
0.812871 0.979842 4.02036 5.42788
0.812871 0.66877 4.02036 5.42788
0.812871 0.66877 4.02036 4.62269
0.812871 0.895319 4.02036 4.62269
0.812871 0.895319 2.15959 3.53771
0.468668 1.50831 3.84167 3.53771
0.468668 1.50831 1.71982 3.53771
0.468668 1.45178 3.67355 2.38063
0.468668 1.37615 3.67355 2.38063
0.468668 1.37615 4.85409 2.38063
0.468668 1.56488 4.89778 2.38063
0.468668 1.56488 4.89778 2.38063
0.468668 1.56488 4.89778 2.38063
0.468668 1.78671 4.82296 2.38063
0.468668 1.9733 4.82296 2.38063
0.324317 2.52868 4.82296 2.38063
1.14313 2.52868 4.06305 2.38063
0.531855 2.52868 4.06305 2.38063
0.531855 2.35945 4.06305 5.32473
0.531855 2.44264 4.82975 5.00983
0.531855 2.44264 4.82975 5.1378
0.531855 2.81298 5.83599 5.1378
0.531855 2.81298 6.01258 5.1378
1.22779 3.94861 4.37774 5.1378
1.15052 3.37748 4.37774 5.1378
0.940049 3.37748 6.47013 4.74535
1.58346 3.37748 6.5321 4.74535
1.21784 3.36261 6.5321 4.74535
1.21784 2.77227 6.5321 4.05689
1.21784 2.91686 4.58745 5.53437
1.48319 2.14269 6.21034 4.77194
1.48319 1.71209 6.21034 3.73006
1.48319 2.02295 7.07391 3.18286
1.80982 2.06497 8.83708 3.18286
1.80982 2.23528 8.83708 3.8627
1.47878 2.23528 7.63657 3.8627
1.19521 2.23528 7.63657 3.91154
0.752841 2.11393 9.65368 5.51454
1.17962 3.4129 8.13094 5.22426
1.19903 3.4129 8.13094 5.22426
1.19903 3.4129 8.13094 5.22426
2.42673 3.4129 7.83373 5.22426
2.35435 3.19973 11.1524 5.22426
2.16461 3.19973 11.1524 6.24948
2.11124 2.09104 10.8208 5.98389
1.00237 2.41906 10.8208 5.98389
1.08103 1.65214 9.47558 5.98389
0.439535 1.42412 7.57597 5.98389
1.12048 1.42412 7.57597 5.98389
1.12048 1.36704 3.41929 8.3303
1.12048 0.816189 3.41929 8.08089
1.12048 1.16504 4.28629 8.08089
1.12048 1.07804 6.32986 6.93166
1.32365 1.07804 6.32986 6.93166
1.32365 0.388094 6.32986 8.20913
1.32365 0.388094 6.32986 7.67032
1.69532 0.388094 6.32986 7.54892
1.69532 0.388094 6.80163 7.54892
1.588 1.16651 6.80163 4.66036
0.572632 1.06922 5.1291 4.66036
0.572632 0.694718 3.51899 4.88873
0.572632 1.0697 5.23689 4.88873
0.572632 0.689404 5.09194 4.88873
0.572632 0.417008 2.69552 4.18955
1.5563 1.08562 5.16363 4.18496
1.5563 1.08562 7.30189 5.26368
2.46881 1.08562 5.80763 5.09461
2.46881 0.545698 4.71541 7.54213
2.46881 0.604238 3.05988 8.34175
2.37154 0.604238 4.20895 8.86613
1.2968 0.604238 3.08968 8.86613
1.2968 0.604238 3.08968 5.79739
1.2968 0.639205 3.08968 5.79739
1.16017 0.93351 3.3225 4.96745
1.16017 0.782099 3.3225 3.78182
0.853534 0.782099 5.73896 3.78182
0.853534 1.72243 5.73896 4.42504
0.853534 2.00027 5.63936 5.0632
0.853534 2.00027 6.8736 5.0632
1.04476 2.00027 7.42055 5.0632
1.04476 2.00027 7.42055 4.95927
1.5029 2.03623 7.42055 2.42874
1.39986 1.9922 8.47772 2.42874
1.86126 1.30895 6.38054 3.38823
1.86126 1.74492 6.38054 3.38823
1.83996 2.16576 6.38054 2.83768
2.1642 2.16576 6.52869 2.83768
2.53956 2.16576 8.90827 1.21368
2.59176 2.16576 8.90827 1.21368
1.85756 1.5772 7.91148 1.21368
1.89594 1.24484 10.7141 1.21368
1.89594 1.24484 8.3439 1.21368
1.6599 1.1528 8.3439 1.21368
1.6599 1.1528 7.05753 2.03617
1.6599 1.1528 7.05753 2.29013
1.6599 1.1528 4.25318 3.3843
1.6599 0.502505 4.25318 3.46146
1.6599 0.502505 4.25318 3.46146
1.6945 0.577784 4.25318 1.92773
1.47605 0.577784 4.25318 1.92773
1.73685 0.577784 5.74247 1.92773
1.73685 0.86506 5.74247 0.875903
1.18404 0.86506 6.93712 4.57222
1.18404 1.04505 8.09197 4.57222
1.18404 1.04505 8.18337 6.47728
1.45204 1.04855 8.59385 6.47728
1.45204 0.936486 7.13837 6.47728
1.45204 0.936486 7.7067 5.2709
1.45204 1.45721 10.3984 5.2709
1.06324 0.483544 10.3984 5.2709
0.528553 0.483544 10.1374 4.03425
0.528553 0.483544 9.56263 5.16099
0.528553 0.483544 8.3611 6.42104
0.528553 0.483544 8.3611 6.42104
0.528553 0.481541 7.62384 4.81885
0.528553 0.453499 6.91472 4.81885
1.37418 0.453499 6.91472 4.81885
1.37418 0.453499 8.94285 5.84856
1.10481 0.453499 8.94285 5.84856
0.640926 0.595046 10.9476 4.70393
1.23578 0.595046 12.2235 5.50488
1.15987 0.846427 11.2499 4.62578
1.15987 1.58917 10.1789 4.62578
1.0333 1.58917 10.1789 3.43875
0.602195 1.32778 10.3765 1.63186
0.602195 1.71932 10.3765 1.63186
0.634261 1.60281 8.28987 0.867836
0.634261 1.39741 8.28987 3.66188
1.08859 0.797963 6.45387 3.66188
1.11753 0.912996 6.32703 3.66188
0.962819 0.93903 5.87718 3.66188
0.945345 1.0234 5.04672 3.66188
0.945345 1.0234 5.04672 4.1762
0.945345 1.0234 5.04672 4.1762
0.945345 1.12807 4.38392 2.4305
0.336606 1.12807 2.59435 3.1735
0.336606 1.12807 2.59435 2.18759
0.336606 0.764521 5.01913 3.86057
0.336606 0.764521 3.8251 3.86057
0.336606 0.764521 1.8544 1.62754
0.336606 1.00156 2.10581 1.62754
0.336606 1.1305 4.93207 1.62754
0.336606 1.1305 3.8708 1.62754
0.336606 1.30867 3.46222 2.82975
1.20317 1.20899 3.46222 2.82975
1.21344 1.48591 3.46222 2.82975
1.1519 0.766805 3.46222 1.725
1.00384 0.766805 3.46222 1.725
1.3095 0.766805 3.46222 1.725
1.10514 1.42122 3.3092 1.725
1.10514 1.84819 3.61057 1.725
2.02501 1.9047 7.14287 1.725
2.02501 1.98667 7.1095 1.725
2.02501 1.77959 7.17118 1.725
2.16379 1.77959 7.16531 1.725
3.06684 1.77959 6.99448 1.725
2.29493 1.36241 5.44415 1.725
2.58943 1.20285 5.44415 1.725
2.58943 1.22513 5.81087 2.74921
2.27472 1.2311 5.96184 4.16294
2.37378 1.23289 5.88627 3.35328
2.34914 1.23289 8.35716 3.35328
2.1689 1.06298 6.11968 3.35328
1.92179 1.24563 6.11968 1.06836
1.76538 1.24563 6.55069 1.06836
1.28798 0.981611 6.55069 1.06836
0.924187 0.981611 4.36801 1.06836
0.924187 0.981611 4.7933 1.06836
0.924187 0.981611 4.60408 3.63955
0.924187 2.23112 4.60408 6.4891
0.924187 2.23112 4.29003 6.4891
0.924187 2.80469 4.29003 6.4891
0.924187 2.04958 3.42117 6.4891
1.02637 2.04958 3.42117 6.4891
1.02637 2.0808 3.42117 4.3623
1.02637 2.0808 2.07459 4.52042
1.34215 2.08928 2.07459 1.75958
1.45157 1.94235 1.62014 1.75958
1.30024 1.93209 3.11618 1.75958
1.30024 1.93209 3.34096 1.75958
1.30024 1.93209 3.34096 1.75958
1.23218 1.93209 3.34096 3.04394
1.23218 1.55512 4.6918 3.04394
1.23218 0.587419 5.84892 1.30412
1.23218 0.691505 3.57861 1.94752
1.23218 0.691505 3.57861 3.42523
0.987296 0.828015 5.47123 2.03394
0.819027 1.26718 7.04356 0.639144
0.956723 1.20951 8.05186 3.14246
0.956723 1.57145 8.05186 4.56242
0.920946 2.08985 8.05186 4.56242
0.99612 2.41817 8.05186 4.56242
0.99612 2.41817 6.2145 5.05821
0.349976 2.43552 6.2145 5.58221
0.349976 2.25846 6.2145 5.58221
0.953001 2.25846 6.2145 5.58221
1.16053 2.21686 6.37828 3.95722
1.16053 2.61642 6.37828 5.0884
1.16053 1.8596 6.37828 5.0884
1.16053 2.2711 7.31167 5.0884
1.16053 2.2711 7.31167 5.0884
1.16053 2.2711 6.88481 5.0884
0.898869 2.27009 6.88481 5.0884
0.898869 2.27009 5.70936 5.0884
1.2427 2.27009 5.70936 5.0884
1.2427 2.27009 5.70936 5.0884
2.08278 2.14761 5.70936 2.76363
2.13607 2.27557 9.14997 2.52812
3.10185 2.07903 9.14997 2.52812
2.5203 0.934656 9.14997 2.52812
2.51346 0.934656 9.52895 2.52812
2.51346 0.934656 9.52895 4.47133
1.16251 0.937542 9.52895 4.47133
1.35823 0.329699 7.49881 7.14592
1.35823 0.329699 7.49881 7.14592
1.35823 0.865342 8.06794 7.14592
1.00777 0.865342 8.06794 7.65488
0.576946 1.12961 9.43629 7.96377
1.83927 1.12961 8.50742 8.58879
1.83927 1.12961 8.75291 8.58879
0.981017 1.65658 8.75291 8.58879
0.981017 1.5626 8.75291 8.48991
0.981017 1.5626 7.07745 8.48991
0.981017 1.09076 5.32628 6.38388
0.556808 0.649308 8.55173 6.41531
0.556808 0.649308 8.55173 7.23232
0.556808 0.649308 8.55173 7.23232
0.425415 0.649308 8.63726 7.23232
0.425415 0.649308 8.63726 4.78337
0.1417 0.649308 5.4922 4.78337
0.372455 0.483811 6.00949 4.63733
0.372455 0.483811 6.6621 6.36766
0.372455 0.483811 5.54997 6.36766
0.372455 0.483811 5.54997 5.28446
0.372455 0.483811 5.54997 5.28446
0.372455 0.483811 2.25909 5.28446
1.30335 0.483811 1.49379 5.28446
1.30335 1.66494 3.01902 5.37267
1.30335 1.66494 3.01902 5.37267
1.30335 1.35606 1.1148 3.41565
1.30335 1.62946 1.1148 3.41565
1.30335 1.51636 4.08302 3.41565
0.584819 1.51636 5.518 5.37254
0.844526 1.51636 6.07443 5.39882
0.844526 1.51636 6.07443 5.06564
0.844526 1.51636 6.48195 5.06564
0.844526 1.51636 6.48195 5.06564
0.844526 1.98523 6.7708 4.55635
0.844526 1.98523 8.3906 4.47467
0.844526 2.15094 9.12756 3.5088
0.844526 2.15094 9.12756 3.5088
1.46188 2.15094 9.12756 3.5088
1.49425 2.52414 6.10475 3.5088
1.10191 2.52414 4.24673 3.5088
1.03704 2.52414 3.37763 3.5088
0.94943 2.50573 4.60468 3.5088
1.15331 2.97161 4.91386 3.5088
1.15331 2.97161 6.58361 3.5088
1.04422 3.52253 6.27185 4.67478
1.04422 3.53938 8.62975 4.67478
1.04422 3.53938 8.62975 3.5156
1.09908 3.46874 9.44424 6.57126
1.14173 4.19881 9.44424 6.57126
1.03672 4.19881 9.44424 4.12727
1.03672 4.19881 5.50894 4.12727
1.32951 3.48901 5.50894 4.12727
1.04884 3.48901 6.63365 4.12727
1.04884 3.86818 6.01778 4.12727
1.04884 3.86818 6.38679 4.12727
1.04884 3.86818 6.38679 4.49961
1.04884 3.87595 6.38679 3.78429
0.657226 3.4506 8.77272 2.9239
0.8156 3.07517 6.81872 2.9239
0.8156 3.07517 7.13693 2.9239
0.8156 3.07517 6.99948 2.9239
0.67459 3.09403 9.32957 2.9239
0.67459 3.09833 9.32957 2.9239
0.67459 3.86655 8.35267 3.42222
1.19689 3.86655 5.53604 3.42222
1.19689 3.86655 5.53604 3.42222
1.19689 3.43638 5.53604 3.42222
1.19689 2.42722 5.53604 3.42222
1.29741 2.10029 5.53604 2.74364
1.40319 2.10029 5.53604 2.74364
1.40319 2.10029 4.86781 3.18017
1.49463 2.10029 6.14901 4.19041
0.742018 2.83936 6.14901 2.86223
0.582741 2.25667 6.14901 2.86223
0.532914 2.25667 6.14901 2.86223
0.532914 2.25667 6.14901 2.86223
1.04207 2.25667 5.78718 2.86223
0.483816 1.63276 4.80338 2.86223
0.483816 1.63276 4.80338 2.86223
0.483816 1.63276 2.06204 4.49348
0.5667 1.63276 2.9661 4.49348
0.5667 1.53899 1.32624 4.94086
0.5667 1.53899 1.32624 4.94086
0.5667 1.36884 4.54725 4.76621
0.5667 1.70743 1.91295 4.76621
0.514576 1.44678 1.91295 2.71838
0.514576 2.112 2.66041 2.71838
0.577293 2.112 3.64864 4.05804
0.577293 2.11984 5.90209 4.05804
0.577293 2.11984 5.33792 4.05804
0.577293 2.11984 5.33792 4.05804
0.577293 1.9215 7.10902 4.05804
1.1739 1.9215 7.10902 4.05804
1.1739 2.40998 8.20863 4.05804
1.1739 2.40998 9.3347 2.7161
1.1739 2.13323 7.09815 2.7161
1.1739 2.03282 7.09815 2.7161
1.1739 2.03282 7.09815 2.7161
1.10236 1.40561 3.90407 2.7161
1.10236 1.35038 3.90407 2.7161
1.10236 1.35038 3.90407 2.7161
1.07171 1.35038 2.59404 2.7161
0.898751 1.66334 2.59404 2.7161
0.854333 1.117 2.59404 3.47392
0.889838 1.117 2.59404 3.47392
1.55414 0.858346 2.59404 3.47392
1.80895 1.13869 2.59404 3.47392
1.80895 1.13869 1.61097 3.47392
1.80895 2.18017 1.61097 4.91872
2.13971 2.56929 1.61097 4.91872
2.13971 2.52365 1.61097 5.39459
2.13971 2.52365 2.37693 3.29143
2.13971 2.52365 2.37693 3.29143
2.14334 3.09038 2.96863 3.29143
1.66117 3.00016 2.96863 3.45899
1.66117 3.00016 2.96863 3.45899
1.66117 3.00016 5.35388 2.54401
1.66117 3.08819 5.66184 2.54401
0.259113 3.08819 5.66184 2.54401
0.259113 3.28709 3.2488 2.54401
0.25782 3.28709 3.2488 2.54401
0.25782 3.28709 3.2488 2.54401
0.25782 4.49302 3.2488 2.54401
1.37707 4.49302 3.01927 2.54401
1.37707 4.49302 3.01927 2.54401
1.37707 4.38933 3.01927 4.79822
1.22697 4.37645 3.24142 1.59526
1.22697 3.74345 2.32753 1.59526
1.22697 3.74345 3.11639 2.62084
1.22697 3.20773 3.11639 2.62084
1.37113 2.66962 2.95257 2.62084
1.64127 2.67621 2.95257 2.62084
1.64127 2.67621 2.95257 4.30968
1.09976 2.92194 0.599298 4.30968
0.800767 2.26823 3.48139 7.30882
0.800767 2.42556 5.31433 6.97138
0.842883 2.42556 5.31433 5.44656
0.842883 2.31155 5.31433 7.71268
0.409033 2.31155 5.31433 7.11779
0.719247 2.40608 5.31433 5.98442
1.18784 1.97135 5.31433 5.98442
1.08001 2.52909 4.80402 8.79232
1.08001 1.91362 4.80402 8.79232
1.08001 1.91362 5.62761 8.79232
1.08001 2.06457 4.71419 8.45083
1.05302 2.49407 4.71419 7.32513
1.05302 2.49407 7.09567 7.32513
1.05302 2.49407 9.27336 7.00564
1.05843 3.48605 9.27336 8.10085
1.26173 3.48605 9.27336 8.75104
1.26173 2.64254 9.27336 9.68395
1.26173 2.64254 8.11388 6.47976
1.26173 2.76585 5.62987 6.47976
0.337164 1.95263 5.62987 5.61045
0.337164 1.95263 7.5122 5.61045
0.337164 1.42844 4.71988 4.58295
0.337164 1.87088 2.21907 4.15738
0.337164 1.87088 4.5582 4.15738
0.337164 1.916 5.25156 4.15738
1.09733 2.19517 4.32993 5.24128
1.00978 2.19517 4.32993 5.24128
1.66619 1.88269 4.32993 5.24128
1.66619 1.72188 4.32993 4.13593
2.22028 1.51491 4.32993 4.13593
2.22028 1.51491 3.8962 6.91864
1.90925 1.37416 4.64614 6.63375
1.90925 1.37416 4.49483 6.63375
1.90925 1.32425 3.73041 7.19046
1.51477 1.32425 4.56721 6.84098
1.51477 1.6713 2.41334 6.16811
1.51477 2.58404 2.41334 6.16811
1.30065 2.16757 2.41334 6.16811
2.11187 2.29119 3.10558 6.16811
2.11187 1.96848 2.9825 6.16811
1.45526 3.0996 2.35194 7.84341
1.1452 2.72563 2.35194 7.84341
1.1452 2.51069 2.35194 7.84341
0.837827 1.7708 2.35194 6.73251
0.837827 1.63785 2.35194 6.40237
1.31424 3.1093 3.48663 6.40237
0.765926 3.1093 3.21813 3.55091
0.852202 2.46183 5.18802 3.55091
1.794 2.46183 5.18802 5.21439
2.14041 2.46183 5.18802 5.21439
2.14041 2.46183 5.14663 5.21439
3.0401 2.0392 5.14663 3.8238
3.0401 2.0392 3.44718 3.8238
2.15373 1.60177 4.60109 2.36434
2.76528 1.60177 5.31162 2.36434
2.76528 1.60177 5.31162 2.36434
2.019 1.65223 5.31162 4.70677
2.019 1.3882 5.31162 1.13545
1.68202 1.3882 5.75731 2.03057
0.379769 0.70702 3.95173 2.58004
0.47585 1.9492 3.49577 2.58004
0.47585 1.9492 4.72586 2.65472
0.47585 1.9492 4.72586 2.65472
0.862934 1.9492 3.33495 1.13907
1.63631 2.15334 3.33495 1.13907
2.38023 2.15334 3.12801 1.13907
2.38023 1.90889 2.10914 1.13907
2.38023 1.26851 1.71119 3.97072
3.12806 1.26851 1.72485 1.28619
3.12806 1.26851 4.69896 1.57078
3.44746 1.43228 4.69896 1.57078
3.19956 1.43228 4.69896 5.49849
2.82068 1.43228 4.69896 5.49849
3.03549 1.43228 4.69896 5.4569
3.03549 1.31884 3.37805 5.4569
3.21091 0.942405 3.37805 1.19995
3.31533 0.942405 3.37805 1.19995
3.89801 1.42363 3.37805 1.10706
2.90741 1.10974 1.89666 2.32878
2.18909 1.10974 1.89666 2.32878
2.92545 1.53663 1.89666 3.9144
2.87628 0.867001 1.89666 4.72059
3.08377 0.958024 1.89666 4.09775
3.04649 0.958024 1.89666 4.09775
3.04649 0.907665 1.89666 4.51325
3.04649 0.653654 1.89666 4.51325
4.00863 1.91201 4.03116 5.00551
4.0473 1.62468 4.03116 5.58161
3.59785 1.62468 4.03116 5.58161
2.96401 1.62468 4.03116 5.58161
2.5922 0.955939 4.03116 5.60888
1.61375 0.955939 3.77986 5.60888
0.310688 0.722508 5.06308 3.69087
0.310688 1.31372 2.40002 2.89916
0.310688 1.31372 2.40002 2.97709
0.310688 1.31372 2.91806 2.97709
0.310688 0.770176 2.91806 3.87524
0.865653 1.0391 2.91806 5.96901
0.865653 1.0391 0.438907 4.08757
0.865653 1.18571 0.438907 4.08757
0.865653 1.33306 4.71423 4.08757
1.00714 1.73138 3.17033 4.08757
1.00714 1.73138 4.69713 2.24326
0.322487 1.73138 4.69713 4.14598
0.676605 2.02956 5.75098 4.14598
1.15134 1.57551 5.72082 4.14598
0.326967 1.57551 3.55209 4.14598
0.326967 1.43458 4.82382 4.14598
0.326967 1.31407 5.82669 5.50519
0.326967 1.97163 5.53913 5.22149
0.326967 1.66341 5.21604 5.4522
0.326967 2.08748 5.21604 5.58025
0.326967 1.8446 5.21604 5.58025
0.326967 1.81859 5.21604 5.58025
0.859755 1.81859 5.21604 5.58025
0.859755 1.81859 5.21604 9.0162
0.859755 2.88038 5.36562 5.74282
0.837983 2.8607 5.48811 6.40887
0.834795 2.8249 5.48811 5.58027
0.834795 2.65162 5.48811 5.70477
1.11816 2.65162 5.48811 5.70477
1.41986 2.65162 4.13323 5.70477
1.64165 2.65162 4.13323 5.12754
1.34178 2.63973 4.13323 4.72597
1.31683 2.63973 3.20726 4.72597
1.31683 2.63973 6.60051 4.72597
1.34954 2.76396 7.18312 4.83613
1.34954 2.63622 7.18312 3.87268
1.78278 2.12898 9.74416 2.814
1.78278 2.12898 10.974 4.87776
1.54579 3.21257 11.0826 4.96462
1.54579 4.16248 11.0826 4.43211
1.54579 4.16248 11.0826 4.43211
1.54579 4.01143 10.7491 5.44165
1.54579 4.00448 10.7491 5.44165
1.54579 4.00448 9.2045 5.44165
1.38849 4.00448 9.2045 6.41248
1.38849 3.86969 9.2045 7.32156
0.583987 3.86969 7.60968 9.58657
0.583987 3.86969 9.41943 9.58657
0.583987 4.21245 9.41943 6.83657
0.583987 4.21245 9.41943 6.83657
1.24266 3.62127 9.33045 6.83657
1.35929 3.84207 9.33045 6.83657
1.35929 3.84207 8.76775 6.83657
0.842423 4.0288 8.76775 5.80588
0.842423 4.0288 7.21265 2.87677
1.71822 4.0288 7.41148 2.87677
0.940046 4.75894 7.5182 1.14177
0.727641 4.46191 7.63551 1.14177
1.31107 4.46191 7.63551 1.14177
1.31107 4.46191 5.83671 1.14177
1.11557 4.12834 6.25101 1.14177
0.687353 4.37855 8.03458 1.14177
0.319695 4.37855 8.56043 1.14177
0.319695 3.768 6.167 1.14177
0.319695 3.768 6.26587 5.27888
0.319695 3.89828 6.26587 5.79881
0.319695 3.44583 6.26587 4.75449
0.319695 3.44583 6.26587 2.77574
0.846074 3.44583 5.85019 2.77574
0.926512 2.15877 5.85019 2.5106
0.926512 2.15877 5.85019 2.5106
0.926512 2.15877 5.85019 2.5106
0.926512 1.99622 7.35957 2.5106
0.840285 1.99976 9.61298 2.73737
0.683809 2.23158 9.61298 2.73737
0.683809 2.39682 9.61298 2.73737
0.683809 2.2385 11.957 3.99864
1.68009 2.2385 9.63972 3.99864
1.1247 1.3655 11.4181 3.99864
0.827195 1.40531 11.4181 3.99864
0.827195 1.40196 10.8079 2.73591
0.827195 1.40196 10.8079 2.73591
0.7365 1.40196 9.38647 4.45338
0.658815 0.465023 8.3729 4.45338
0.658815 0.867217 8.3729 4.45338
0.956945 0.867217 8.3729 4.45338
0.956945 1.02757 6.07907 5.96041
1.0635 1.02757 3.75531 5.94365
1.0635 1.74715 3.75531 6.46544
0.744635 1.14506 3.75531 6.46544
0.451507 1.16174 3.75531 6.74987
0.824166 1.16174 5.61041 4.48944
0.824166 1.55772 6.57089 4.48944
0.824166 1.53918 6.57089 6.39758
0.824166 1.45906 6.57089 6.39758
0.581682 1.36933 4.66874 6.39758
0.581682 1.36933 3.28401 6.39758
0.672757 1.36933 4.45863 6.39758
0.672757 1.36933 4.45863 6.2132
0.672757 1.36933 5.78124 5.18901
0.672757 1.50126 5.95003 5.41095
0.672757 1.50126 4.7387 5.41095
0.759725 1.50126 8.37548 7.22047
1.05404 1.71048 8.37548 4.78054
0.76328 1.71048 8.37548 3.63623
0.76328 1.11165 5.73911 1.80332
0.76328 1.14092 5.73911 1.80332
0.76328 0.914082 5.73911 3.34495
0.797854 1.41151 5.73911 4.44546
0.797854 1.48763 3.37063 4.84472
1.12986 1.68686 3.37063 5.29463
1.12986 1.67361 3.37063 4.14995
1.12986 1.67361 3.60503 4.14995
1.12986 2.2064 3.60503 4.14995
1.12986 2.2064 3.60503 1.05937
0.965595 2.10851 5.25001 1.05937
1.27596 2.10851 5.25001 1.05937
1.13262 2.3338 4.30754 1.05937
0.577334 1.70087 4.30754 0.959319
1.29267 0.475536 2.13791 2.92239
1.92084 0.475536 2.46486 6.10858
1.92084 0.475536 5.13235 4.5115
1.92084 0.535838 4.68305 6.71905
1.95586 1.04148 4.68305 6.71905
1.95586 1.04148 4.68305 5.33898
1.95586 1.2204 1.47882 4.88257
1.95586 1.2204 1.47882 6.08786
1.48842 1.22678 3.11882 6.73703
1.42063 1.22678 3.11882 6.73703
1.42063 1.93405 4.48386 6.73703
1.42063 1.93405 4.48386 7.37551
1.42063 1.93405 4.38649 7.22155
0.388964 1.93405 4.38649 7.22155
0.388964 1.93405 4.69069 5.6128
0.388964 2.38625 2.1964 5.6128
0.388964 2.51608 2.1964 5.6128
0.388964 0.801991 2.1964 5.02436
0.477261 0.801991 2.1964 5.02436
0.477261 0.801991 2.1964 5.02436
0.477261 0.801991 4.55987 5.02436
0.477261 0.801991 4.55987 5.02436
0.477261 0.801991 4.55987 5.97661
0.477261 1.45498 3.9715 6.75188
1.03576 1.45498 3.9715 7.29195
1.05172 2.27826 3.74526 7.29195
1.08298 2.27826 3.74526 7.59242
1.08298 2.71152 3.74526 7.59242
1.08298 2.71152 3.74526 7.68983
1.08298 2.71152 3.74526 6.68429
1.63651 2.51205 5.86658 6.68429
1.63651 2.51205 5.86658 5.11949
1.39648 2.51205 6.75163 6.6865
1.92282 2.51205 6.75163 8.07202
1.61279 2.51205 7.84583 5.81801
1.61279 2.75927 7.98693 4.75113
1.61279 2.75927 9.78283 5.61983
1.61279 2.75927 7.73566 5.61983
1.61279 3.59027 7.85616 5.61983
0.699799 3.36424 5.55589 4.74459
0.699799 3.36424 5.95674 4.07879
1.05277 3.36424 3.81601 4.07879
1.05277 3.36424 2.14695 4.07879
1.27096 1.68747 2.14695 3.90351
1.27096 1.68747 5.37488 3.90351
1.77082 1.68747 5.37488 5.81865
1.77082 1.68747 5.52535 5.96903
2.05282 1.68747 5.52535 5.96903
3.16803 1.10128 4.73223 3.87005
2.95337 1.10128 4.73223 3.87005
3.30737 1.10128 4.73223 3.87005
3.30737 1.10128 4.73223 2.97497
2.69258 1.10128 4.73223 3.72123
2.49841 1.10128 4.73223 3.93491
2.49841 0.586138 3.33384 4.34275
2.49841 0.586138 3.33384 4.34275
2.50682 0.51768 3.33384 4.34275
2.50682 0.51768 4.78431 4.34275
2.50682 0.51768 5.59411 4.34275
2.7549 0.51768 5.59411 4.5823
2.28001 0.51768 5.59411 4.5823
1.94844 0.51768 4.50564 4.5823
1.9495 0.735655 4.99467 4.4701
2.01649 0.96837 5.58547 4.4701
2.01649 0.96837 5.58547 4.4701
0.903564 0.96837 3.52525 4.4701
0.903564 0.828441 3.64678 4.4701
0.903564 0.653474 6.42582 4.72208
0.903564 0.817575 6.42582 6.68063
1.91864 0.869466 6.42582 6.68063
1.95452 0.665268 6.42582 5.73128
1.95452 0.665268 4.23324 4.98022
0.972999 0.649584 4.23324 5.50778
0.972999 0.649584 2.1209 5.50778
0.972999 0.805237 2.1209 5.5364
0.972999 0.805237 0.819228 5.5364
0.972999 0.805237 0.644563 3.861
0.811772 1.01027 3.42891 4.86512
0.743857 0.650579 3.42891 2.0578
0.710648 0.650579 3.42891 4.48956
0.710648 0.650579 3.42891 4.48956
1.03193 0.650579 3.42891 4.48956
1.79119 0.650579 3.42891 4.48956
3.01197 0.650579 3.42891 4.0438
3.62933 2.3149 3.42891 5.2517
3.45201 2.1606 3.78523 5.49017
3.32568 1.57752 3.60264 5.46846
2.88561 1.57752 1.53745 1.86074
2.88561 1.57752 1.53745 2.79984
2.88561 1.57752 1.53745 2.79984
2.41976 1.57752 2.81792 6.73127
2.41976 1.19871 2.81792 6.73127
2.41976 1.19871 3.77069 7.71866
2.41976 0.789133 3.77069 7.71866
2.41976 0.789133 3.77069 7.71866
1.92903 0.414848 3.77069 8.85296
1.92903 0.414848 3.77069 8.85296
2.67603 0.414848 2.1436 8.85296
2.67603 0.414848 3.71688 6.26438
2.67603 0.780291 2.46588 5.32478
2.67603 0.897032 2.46588 5.32478
1.90914 0.827403 2.46588 5.82009
1.46281 0.827403 4.73321 7.12435
2.33591 0.970454 4.73321 6.33662
1.97911 0.804335 4.85726 6.33662
1.97911 0.602583 4.85726 6.62616
1.97911 0.602583 4.85726 6.60915
1.97911 0.899828 4.85726 6.60915
2.27293 1.69794 3.19848 5.72091
1.88539 1.83915 3.19848 4.8752
1.99986 2.03141 3.19848 4.89554
2.35887 2.61587 1.12563 7.09916
2.35887 2.53255 2.07637 9.00044
2.35887 2.83899 2.07637 6.14063
2.91498 1.96733 2.07637 6.14063
2.91498 1.29174 2.07637 5.62142
2.91498 1.29174 2.07637 5.62142
3.65344 1.24679 2.62532 5.62142
3.65344 1.24679 3.12869 5.62142
3.58435 1.41391 4.19822 5.62142
3.58435 1.41391 4.19822 4.09684
3.1698 1.95641 4.19822 4.09684
2.6655 1.66651 4.19822 6.00707
2.6655 2.05136 4.19822 4.59479
2.6655 2.05136 4.67211 4.59479
1.50996 2.05136 2.01571 5.57302
1.02183 2.0709 1.60516 5.57302
1.02183 1.66748 1.60516 5.37961
1.02183 1.66748 1.60516 5.37961
1.24755 1.5894 1.60516 5.37961
1.24755 1.5894 1.60516 5.37961
0.535544 1.28129 1.60516 4.52996
0.535544 1.28129 1.60516 4.05286
0.468442 1.6657 1.60516 4.05286
0.468442 0.603695 1.76633 4.05286
0.468442 0.70025 3.84106 4.05286
0.468442 0.70025 6.60251 3.1852
0.468442 0.70025 6.33803 3.30154
0.468442 0.70025 6.33803 1.94814
0.950804 1.44222 3.61968 1.94814
0.392705 1.31029 3.61968 3.66018
0.392705 1.15269 3.61968 5.10714
0.392705 0.806062 3.61968 5.10714
0.392705 0.802887 3.61968 3.44942
0.392705 1.43296 6.03119 3.44942
0.392705 1.36872 5.25309 3.44942
0.392705 1.36872 4.80528 3.44942
0.392705 1.43871 4.80528 3.44942
1.44939 0.563482 4.80528 3.44942
1.15102 0.408868 4.35251 3.44942
1.15102 0.408868 3.82939 4.44628
1.20079 1.51887 6.34982 6.35224
1.18572 1.2906 6.34982 6.35224
1.18572 1.2906 6.91549 6.35224
0.33852 1.2906 6.58463 5.81939
0.33852 1.2906 6.58463 5.31632
0.33852 1.2906 7.03208 5.31632
0.33852 1.2906 4.15531 5.31632
0.33852 1.60153 4.15531 5.31632
0.33852 1.30175 4.15531 5.31632
0.33852 0.928344 4.03401 5.31632
0.33852 1.22113 3.45852 7.31702
0.33852 1.85605 3.45852 5.86197
0.33852 1.62034 2.32629 4.10914
0.33852 1.62034 2.29301 4.68881
0.33852 3.24945 2.29301 4.68881
0.33852 2.44311 3.13585 4.68881
0.33852 2.44311 4.07756 5.93803
0.33852 2.44311 4.07756 5.93803
0.33852 2.80363 4.70707 5.93803
0.667965 2.88369 4.70707 5.93803
1.1578 2.88369 2.76759 5.93803
1.1578 2.88369 2.35808 5.93803
1.20334 2.88369 2.59144 5.93803
1.20334 2.88369 2.59144 6.2551
1.20334 2.88369 2.59144 4.92592
0.663854 2.88369 2.59144 2.48842
0.778953 2.88369 2.59144 2.48842
0.81718 2.88369 1.99298 2.48842
0.81718 2.69935 2.22341 1.88255
0.815883 2.69935 3.58354 2.63931
0.815883 2.69935 3.58354 2.92532
0.815883 2.67196 3.58354 2.92532
1.78569 2.63841 3.58354 1.80323
1.78569 2.63841 6.33913 3.66047
1.78569 2.6979 6.83549 3.66047
2.11583 2.86771 6.51178 3.66047
2.11583 2.87112 6.12469 5.3588
2.11583 2.72519 6.12469 5.10903
1.16705 3.28813 6.12469 9.08398
1.12898 3.28813 6.83799 9.17279
1.40826 3.67576 4.94325 8.57775
1.40826 4.03911 4.94325 7.73522
1.40826 3.19044 4.94325 9.18671
1.40826 1.97406 4.00219 9.18671
1.40826 1.92447 5.20571 8.84982
1.40826 1.91706 5.20571 6.92544
0.818795 1.91706 2.75633 6.92544
0.818795 1.16482 5.7126 5.24456
0.818795 1.16482 5.24571 5.24456
0.742034 1.16482 5.24571 6.49754
0.742034 1.16482 3.50377 6.49754
0.742034 1.16482 3.50377 6.29732
0.695735 1.11492 4.16459 6.49279
0.695735 1.87104 4.16459 6.49279
0.713331 2.05629 4.16459 4.47055
0.713331 2.05629 3.34406 4.47055
1.55702 2.05629 5.85851 4.60271
1.55702 2.05629 6.86108 4.60271
0.967457 1.12095 5.2335 4.60271
0.312583 1.11657 5.2335 4.60271
0.312583 1.73274 5.2335 4.68113
1.04105 1.73274 7.55219 4.68113
0.452117 1.73274 5.44415 4.04941
0.452117 1.35626 8.85331 4.04941
0.452117 1.52307 9.51265 4.04941
0.452117 1.52307 9.51265 4.04941
0.452117 1.52307 8.98595 3.80412
0.452117 1.46125 8.98595 3.80412
0.452117 1.46125 11.2165 3.80412
0.452117 1.46125 10.5681 3.80412
0.452117 0.879343 10.5681 3.80412
1.23938 0.879343 7.99883 3.80412
1.00438 0.879343 7.67995 3.80412
0.908839 0.879343 7.67995 3.47159
0.908839 0.879343 6.4825 4.27378
1.02614 0.836981 5.03915 4.27378
1.02614 1.34508 2.37339 4.27378
1.21297 1.39734 2.37339 4.27378
1.13293 1.6788 5.00929 4.27378
1.13293 1.6788 6.73978 4.37149
0.870686 1.6788 6.21954 4.37149
0.870686 1.38938 4.65727 4.37149
0.870686 1.38938 2.6354 5.83193
0.0820467 0.874175 2.6354 5.83193
0.0820467 0.874175 4.45756 4.48695
0.0820467 0.507617 4.03724 4.48695
0.637539 0.507617 4.03724 6.29806
0.637539 0.433942 2.34307 4.60119
0.637539 0.433942 1.02534 4.60119
0.637539 0.651056 1.02534 4.60119
1.17264 0.933786 1.02534 4.60119
1.17264 0.933786 3.5661 4.60119
1.23154 0.933786 3.5661 3.9566
0.287633 1.14077 3.2349 3.96805
0.287633 1.14077 6.1294 4.34572
0.287633 1.61888 7.39641 5.04265
0.287633 1.61888 7.61771 5.04265
0.287633 1.61888 7.1109 4.03243
0.287633 1.94603 7.43529 3.25267
0.287633 1.94603 4.71242 3.25267
0.287633 2.38604 3.53527 3.25267
0.287633 1.9988 5.94736 3.25267
0.287633 1.9988 5.94736 3.25267
0.287633 1.9988 5.94736 3.25267
0.287633 1.45956 5.94736 3.25267
0.287633 1.65654 5.94736 3.25267
1.30706 1.65654 5.94736 4.95891
1.30706 1.64205 7.74756 4.95891
1.30706 1.64205 7.74756 4.17773
1.30706 1.64205 7.74756 5.01587
1.30706 1.15904 7.74756 5.01587
1.91939 0.928117 7.74756 5.01587
1.72754 0.91196 7.74756 5.01587
2.1151 0.91196 7.74756 2.7318
2.21363 0.91196 7.74756 2.7318
2.50253 0.91196 7.90285 2.7318
2.77922 0.91196 7.21898 3.37367
2.25545 0.91196 7.21898 6.84077
2.09153 0.91196 7.21898 7.98545
1.2177 0.91196 4.98355 7.98545
1.2177 0.91196 4.98355 7.8357
1.14499 0.91196 4.98355 7.8357
1.14499 0.91196 5.77699 7.8357
1.00278 0.91196 5.77699 7.8357
2.0628 0.747534 5.77699 5.61945
2.0628 0.511735 8.2636 6.1432
1.04597 0.588328 8.03346 6.1432
1.04597 0.588328 8.03346 6.1432
1.62968 0.588328 5.77248 4.59797
1.61951 0.588328 8.79787 4.59797
1.61951 1.63532 6.69547 4.85638
1.79993 1.45524 6.69547 4.85638
2.25513 1.45524 6.69547 3.53518
2.25513 0.841032 6.07088 4.71336
3.12356 0.841032 5.0107 4.71336
3.07895 1.47446 3.97118 4.92447
3.07895 1.67733 3.97118 4.92447
3.07895 2.18135 3.97118 4.92447
2.45639 2.18135 4.49012 5.48448
1.55736 2.6481 1.34759 5.48448
1.55736 2.04742 2.40465 5.48448
1.55736 1.29136 4.44264 5.23796
1.1838 1.29136 4.44264 5.60503
1.1838 1.29136 4.44264 7.44835
1.1838 1.29136 4.44264 7.76916
1.1838 1.29136 3.80864 7.76916
1.1838 1.29136 3.38662 7.76916
0.583082 2.20717 3.38662 7.76916
0.308071 2.20717 3.82471 7.76916
0.308071 1.61349 3.44524 7.70493
0.308071 2.59285 5.17264 7.11196
0.786108 2.59285 5.17264 7.11196
1.82939 2.43498 5.17264 5.05925
1.82939 1.82398 4.96308 5.55301
1.82939 1.82398 2.0279 5.28156
1.82939 1.76237 2.0279 5.28156
1.82939 1.02931 2.0279 5.28156
1.05715 1.09061 2.0279 3.04104
1.68545 1.09061 2.0279 3.04104
1.68545 1.09061 3.45678 1.04459
1.85681 1.18987 3.45678 1.04459
1.85681 1.18987 3.76956 1.04459
1.41277 1.18987 3.76956 3.56975
1.41277 1.74043 3.76956 3.56975
0.742713 1.74043 4.97354 3.56975
0.900455 2.29623 4.43155 3.56975
0.900455 2.29623 4.43155 3.56975
0.995311 2.48706 4.43155 3.56975
1.98119 3.08932 3.66874 3.56975
1.98119 2.28224 3.51778 1.36362
1.98119 1.35218 5.55115 4.28476
1.43153 1.35218 5.59601 4.28476
1.0542 1.34416 5.59601 1.60809
0.913692 1.93116 5.59601 1.60809
0.913692 1.93116 6.74132 1.60809
1.69649 1.93116 5.47808 1.60809
1.69649 1.93116 5.47808 1.37063
1.25758 1.93116 5.47808 1.37063
1.25758 1.93116 3.0738 2.94031
1.25758 1.83449 3.0738 2.94031
1.03981 1.83449 3.0738 4.56502
1.03981 1.1055 3.11636 4.56502
1.03981 1.1055 3.11636 3.44666
1.03981 1.1055 3.11636 3.44666
1.03981 1.1055 3.11636 3.44666
1.31506 1.1055 3.11636 3.44666
1.31506 1.1055 3.2478 2.28793
1.31506 1.1055 3.2478 6.223
1.31506 1.03278 5.1304 5.7599
1.31506 0.898597 5.1304 7.77027
1.31506 0.898597 5.1304 4.25815
1.09362 0.898597 5.91417 4.25815
2.09539 0.465945 5.91417 4.0911
2.09539 0.465945 5.91417 0.963722
2.61588 0.465945 3.74252 1.8553
2.61588 0.576041 5.64863 1.8553
2.61588 0.576041 5.64863 1.8553
3.08101 0.576041 8.98024 1.8553
3.87839 0.576041 8.98024 1.8553
3.87839 2.07099 7.03576 1.8553
3.38355 2.07099 5.54992 1.8553
3.61136 1.57991 5.41275 2.14303
3.61136 1.57991 4.90622 2.14303
3.61136 1.07105 4.90622 2.14303
3.35886 1.43021 4.90622 2.14303
3.48151 1.43021 4.90622 2.14303
3.48151 1.43021 4.90622 3.05488
2.89779 1.43021 5.70099 3.05488
2.89779 1.73188 5.70099 3.05488
2.89779 1.18147 5.70099 3.05488
3.17701 0.619202 3.77281 1.80939
3.16794 1.27278 3.77281 1.80939
2.32415 1.55355 3.77281 1.80939
2.51328 1.01343 3.77281 1.36469
2.51328 1.41549 3.77281 1.36469
2.51328 0.837632 5.73792 1.36469
2.43331 0.712279 5.73792 1.36469
2.84532 1.23662 5.73792 4.62985
2.84532 1.23662 5.46186 5.16394
3.55259 1.23662 5.46186 5.16394
3.55259 1.43997 5.46186 5.16394
3.75147 2.09523 4.91071 5.82065
3.75147 2.34882 4.91071 5.55712
3.75147 2.10593 4.91071 5.55712
3.75147 1.86373 3.82804 5.55712
3.75147 1.33607 3.06602 7.1282
3.75147 1.30321 3.30309 7.1282
3.49437 1.30321 3.30309 7.37873
3.49437 1.30321 3.30309 7.37873
2.36678 1.16787 3.63906 7.35333
2.36678 0.996394 3.63906 6.5035
2.93429 1.85666 3.63906 6.3305
2.93429 1.85666 3.93958 6.3305
2.93429 1.95371 2.95995 7.51778
3.10291 1.67653 3.99337 7.20886
2.66937 1.67653 5.08134 7.20886
2.45813 1.71798 5.08134 6.3287
2.45813 1.75968 5.10307 6.3287
2.07693 1.75968 4.42325 5.61874
2.07693 1.75968 4.42325 5.61874
2.07693 2.22644 4.37519 5.61874
2.07693 2.22644 4.52389 3.43804
2.07693 2.22644 3.45786 3.47311
2.07693 2.1708 3.45786 3.47311
1.94577 2.1708 3.45786 3.47311
1.43746 0.957489 3.45786 4.93106
1.39754 0.497996 3.45786 4.93106
1.01123 0.584267 3.45786 4.63792
0.252012 0.584267 5.44052 4.63792
0.252012 0.584267 6.18217 4.63792
0.252012 0.584267 4.57196 4.5121
0.252012 0.584267 4.57196 4.5121
0.724311 0.532008 5.35885 3.68924
0.724311 0.532008 5.11345 0.830529
0.724311 0.532008 5.99488 0.977492
0.724311 0.755843 5.99488 2.66623
0.902149 0.755843 6.86017 2.66623
0.902149 0.755843 4.37384 2.66623
0.902149 1.00778 4.37384 2.66623
0.902149 1.00778 4.37384 2.66623
0.902149 2.0996 6.25944 3.95127
1.52758 2.0996 4.06385 3.95127
0.577276 2.0996 3.43493 5.03267
0.577276 1.44064 3.43493 5.03267
0.577276 1.44064 3.43493 6.13366
1.74894 1.44064 2.77589 6.12094
1.97255 0.325366 2.77589 6.12094
1.97255 0.325366 2.77589 6.12094
1.23184 1.09846 2.77589 6.12094
1.67116 1.09846 2.77589 4.60365
1.67116 1.09846 2.77589 3.95099
1.28334 1.09846 2.77589 5.44677
1.33327 0.675286 2.40142 2.94529
0.789206 0.675286 2.86923 3.78135
0.789206 0.675286 1.34804 3.78135
1.69111 0.675286 1.34804 5.49941
1.69111 0.675286 3.08896 5.49941
0.969712 1.02227 3.08896 5.91399
0.969712 0.615571 3.08896 6.25289
1.1638 0.615571 3.08896 4.56356
1.1638 0.615571 3.08896 4.92162
0.668053 0.702414 2.68763 4.92162
0.668053 0.702414 2.68763 4.92162
0.668053 0.65915 2.68763 4.92162
0.668053 0.65915 2.68763 2.64519
0.668053 0.65915 5.30395 2.64519
0.668053 0.65915 5.30395 2.64519
0.668053 0.65915 5.30395 2.64519
1.23774 0.65915 6.48911 2.64519
0.868542 0.65915 4.30063 2.56795
0.868542 1.03687 4.30063 6.3364
1.16124 1.03687 4.77626 5.41747
1.51517 1.03687 4.77626 5.41747
1.1935 1.32769 5.34835 5.41747
1.1935 2.41248 5.34835 4.67253
1.1935 2.4068 5.34835 4.67253
1.1935 2.4068 4.3623 4.67253
1.1935 2.47434 4.81309 2.44738
1.1935 2.49321 3.77863 2.44738
1.1935 1.85553 3.77863 4.50302
2.02512 1.86427 3.77863 4.50302
2.42191 1.86427 3.77863 4.50302
2.42191 1.86427 5.7002 8.91888
1.41256 1.86427 5.72404 7.17394
1.41256 1.86427 6.74176 7.17394
1.41256 1.86427 6.74176 7.17394
1.41256 2.13957 5.98436 7.67462
1.41256 2.13957 5.98436 9.219
1.33035 2.13957 5.98436 10.1474
1.02557 2.57243 6.62274 10.1474
1.02557 2.71916 6.62274 8.06512
1.02557 2.8512 6.62274 6.21163
1.02557 3.78104 6.62274 6.54009
1.59452 3.19087 6.62274 6.54009
2.09864 2.73138 4.69018 6.54009
2.09864 2.84799 4.69018 7.93421
1.61785 2.35098 4.69018 8.18446
1.61785 2.02435 3.63348 8.18446
1.61785 2.02435 2.9156 6.7261
1.61785 2.02435 2.9156 6.7261
