172.725 173.269 175.314 173.057
173.313 173.16 176.207 172.902
173.427 173.41 175.934 171.497
173.427 171.756 173.837 170.476
173.427 171.876 174.401 170.476
173.427 171.561 174.401 170.476
173.233 171.561 174.401 169.802
172.968 171.561 174.401 170.388
172.82 172.091 175.017 170.388
172.82 170.956 175.017 169.397
172.692 170.956 176.197 165.411
171.856 170.956 175.814 161.411
171.353 170.161 175.814 158.403
171.353 169.921 177.03 158.403
170.993 169.921 177.03 158.363
170.523 169.921 176.344 157.509
170.547 169.921 173.973 155.97
170.619 169.398 175.103 155.97
169.525 169.398 174.015 155.887
169.433 169.398 174.154 153.882
170.059 168.619 174.154 154.332
169.697 166.845 174.154 154.332
168.746 166.269 174.699 154.332
168.541 166.422 170.972 154.332
168.967 166.422 167.945 154.332
168.967 165.279 167.945 155.74
168.604 165.279 167.945 155.74
168.279 164.391 167.945 156.954
168.405 164.391 168.05 155.25
168.213 164.446 167.217 155.25
168.213 164.287 163.664 152.236
168.835 164.572 163.198 151.583
168.715 164.572 163.198 150.129
168.597 164.902 160.792 149.247
168.622 164.902 160.448 149.295
168.647 164.371 158.795 149.295
168.45 164.521 158.396 148.214
168.769 163.77 156.34 147.326
169.006 162.828 158.55 147.326
169.006 162.317 158.55 145.746
168.208 161.363 157.107 143.687
167.794 161.363 157.107 143.687
167.21 161.363 157.107 145.326
167.571 160.815 156.748 143.78
167.478 160.323 156.748 143.454
167.501 159.224 156.893 143.454
166.758 159.019 156.893 143.569
167.045 159.019 155.661 140.838
166.842 158.186 155.661 142.191
166.303 157.859 154.903 140.142
166.303 157.859 154.437 139.449
166.099 158.441 154.437 139.449
166.099 158.663 154.155 139.449
166.099 158.069 154.158 139.449
165.149 158.081 154.158 139.449
165.149 157.991 154.158 135.439
163.524 157.409 151.381 134.179
163.524 157.505 154.025 134.019
163.386 156.856 153.384 133.675
163.386 156.856 153.093 133.062
163.359 156.856 153.67 133.808
162.662 156.856 153.734 131.486
162.396 156.348 150.926 128.137
163 156.348 150.926 127.729
163.374 156.126 150.926 127.045
163.43 156.562 152.022 124.915
163.771 156.562 152.022 124.915
163.991 155.866 151.775 124.915
162.493 155.866 151.024 124.246
161.728 155.866 151.834 124.246
160.872 155.497 151.814 124.246
160.872 155.497 151.814 123.253
159.276 155.497 150.776 122.692
159.312 154.846 150.191 122.692
159.379 155.093 150.191 122.692
159.422 155.093 150.042 118.951
159.422 155.093 147.828 114.378
159.586 153.736 148.876 114.643
159.586 153.736 146.46 115.316
159.079 153.558 146.46 113.392
159.33 153.558 145.369 113.173
159.018 152.88 145.369 113.173
159.692 152.514 146.873 113.133
159.273 152.029 144.543 112.059
159.273 151.558 144.543 109.973
159.179 151.175 144.543 108.431
159.179 151.238 144.017 108.224
159.179 151.238 143.422 108.224
159.02 151.495 141.233 109.47
157.607 151.005 140.141 109.47
157.607 151.005 140.249 109.715
156.919 151.237 139.298 109.261
157.01 151.237 139.268 108.995
157.01 150.918 139.268 108.995
156.363 150.654 137.951 108.995
156.486 150.792 137.951 108.995
156.652 150.792 137.951 106.767
156.652 151.483 137.617 106.852
156.652 152.102 136.734 106.852
156.652 152.434 136.734 106.377
156.473 153.173 136.157 106.377
156.708 153.136 134.89 104.112
156.387 152.563 134.89 99.1834
156.195 151.737 135.558 99.8565
156.517 151.457 134.288 100.246
156.682 151.232 134.288 99.1423
156.926 151.546 134.148 96.5221
155.503 151.528 134.148 95.3108
155.194 151.528 134.148 95.3108
155.194 149.871 135.167 95.3108
154.746 149.716 135.167 95.3108
153.883 149.522 134.847 93.7401
153.883 149.6 133.753 93.1413
153.763 150.374 133.753 93.8015
152.808 149.343 132.432 93.8015
152.132 148.365 132.852 93.8015
152.132 148.365 130.553 93.1826
151.173 148.365 130.553 93.2997
150.358 147.658 131.198 93.2997
150.87 147.658 129.066 90.8203
150.177 146.871 129.066 90.8203
149.922 146.625 127.925 90.328
150.68 146.333 127.925 88.9069
150.68 146.214 127.925 87.2995
149.34 145.43 126.88 87.2995
149.34 145.616 126.88 87.8491
149.34 145.102 125.053 86.1289
149.425 146.261 125.053 88.1338
149.483 146.011 125.053 86.0874
148.894 145.773 124.414 85.8062
147.922 144.809 122.226 85.8062
147.922 144.725 118.75 85.9387
147.922 143.997 116.986 85.9387
147.922 143.997 116.308 85.445
147.922 143.997 114.144 84.9972
148.482 143.997 112.406 83.366
148.482 144.076 110.81 82.4679
148.346 144.48 110.81 83.4264
149.207 143.803 110.81 83.0358
149.207 143.062 110.542 80.1834
148.53 141.997 110.542 78.8922
148.53 141.997 111.011 78.8922
148.53 139.754 112.059 75.5987
148.53 139.754 112.188 74.8153
148.223 139.754 109.15 74.8153
148.426 139.824 109.15 74.8222
147.507 139.824 107.733 74.1937
147.507 139.824 107.53 72.2905
147.291 139.943 105.55 72.2905
147.026 140.073 106.089 72.2905
146.056 138.973 107.167 72.2905
145.255 138.973 105.338 73.5697
145.255 139.059 104.753 72.5431
145.255 138.23 105.242 72.5431
144.832 137.455 105.242 70.8245
144.994 137.455 105.657 70.7407
145.13 137.455 105.657 70.3619
144.988 137.166 106.249 70.4226
145.471 137.238 106.249 70.4226
144.696 136.252 106.212 69.1747
144.319 136.332 106.212 65.6449
143.97 136.738 106.212 63.8561
143.389 136.118 105.856 64.6235
143.01 136.399 106.389 64.2117
143.096 136.696 105.298 62.2647
142.792 135.67 105.298 62.2647
142.792 135.67 104.36 63.2403
143.457 135.67 102.726 59.0059
143.484 135.67 101.955 59.0059
143.484 135.67 101.926 59.4813
143.75 134.9 102.546 56.128
143.476 134.241 102.546 53.8916
142.837 134.35 100.045 53.8916
142.837 134.35 100.045 53.6888
141.214 134.113 100.821 53.1307
140.901 134.172 97.7529 51.2352
141.207 134.011 95.2596 51.0861
140.472 133.694 95.5796 51.0861
140.493 133.667 95.5796 51.0861
140.593 132.72 94.9742 50.2148
139.974 132.72 94.8359 50.2148
139.516 132.387 94.0086 52.0203
139.516 132.209 94.0739 52.0203
138.652 132.209 91.8445 52.0203
137.825 131.675 91.8445 51.8994
137.501 131.675 91.2917 50.9208
137.311 130.884 90.7652 50.9998
137.505 130.884 90.7652 50.9998
137.585 131 90.7652 51.2185
136.761 131 91.8592 51.2185
136.89 130.938 91.8592 49.4113
136.89 130.851 88.8617 49.4113
136.89 130.851 88.8617 49.8815
135.988 129.949 88.6608 51.4844
135.988 129.949 88.1274 50.5946
135.988 128.993 88.9878 50.5946
135.669 127.979 88.9878 50.28
135.669 127.648 85.9298 50.5898
135.669 127.361 83.9958 50.948
135.989 127.361 83.9958 50.6606
135.989 127.806 83.9958 48.0026
136.351 127.846 82.0781 47.4096
136.171 126.9 82.0781 46.9334
136.171 126.548 80.0962 45.7694
136.171 126.841 80.0855 44.3651
136.18 126.714 80.0855 41.7675
135.456 126.714 80.0855 41.0203
134.38 126.714 79.9854 40.9333
134.385 126.783 79.9854 42.0302
134.385 126.783 79.9854 41.394
134.385 126.763 79.9777 41.394
134.28 126.763 79.9777 41.394
133.873 126.844 79.5857 41.9465
133.873 126.098 79.5857 41.9465
133.873 125.209 79.5857 41.9465
133.683 125.209 77.1854 41.9465
133.683 125.209 77.1854 42.1942
133.316 125.209 77.2471 42.1942
132.919 125.209 77.2471 41.5417
133.132 124.069 77.2694 41.5417
132.605 123.948 76.6652 39.0555
132.605 124.369 76.3047 36.1461
132.285 123.803 76.1064 35.6428
132.138 123.803 76.1064 35.6428
132.318 123.803 76.4614 31.7549
131.963 121.516 73.9014 31.7549
131.168 121.524 73.317 31.5127
130.821 121.615 71.3946 31.5127
130.821 119.959 71.1112 29.5819
129.867 118.478 67.5266 29.5819
129.708 118.442 67.6099 25.9662
129.605 117.847 67.6934 25.9662
128.884 118.367 67.5634 25.9662
128.702 118.367 67.3879 25.504
128.887 118.327 64.5443 27.6821
128.887 117.199 63.9199 28.8931
128.488 116.136 63.9199 27.4149
128.488 115.365 63.1555 25.9247
128.488 115.365 63.3243 25.3358
128.447 115.365 63.2588 25.3358
128.666 114.73 61.3108 27.28
128.666 115.084 61.3401 27.28
129.179 114.057 60.4366 25.4943
129.179 113.521 61.1386 25.4943
129.182 111.942 62.2951 25.3305
128.567 111.413 63.0964 20.9072
128.078 111.413 63.0964 20.4086
128.078 110.825 65.8707 19.6884
128.308 110.825 65.8704 18.325
127.807 110.289 65.8704 18.325
127.398 110.289 63.5878 18.325
127.266 109.823 62.7646 19.0573
126.788 109.809 62.7646 13.4019
126.91 109.398 61.341 13.4019
126.798 110.306 59.3638 13.4019
127.483 110.306 59.3638 12.5353
127.099 109.722 59.3638 12.5353
126.36 109.036 59.3655 12.0081
126.36 108.112 59.3655 11.5142
126.579 108.112 57.1055 11.5414
126.579 107.663 57.6437 11.5414
126.579 107.282 57.6437 10.7115
126.579 107.282 57.9782 10.7115
126.193 107.678 58.9518 8.96778
125.304 107.732 58.9518 9.15809
123.702 107.732 58.9518 9.15809
124.078 108.241 58.9518 9.15809
123.662 108.425 58.9518 9.15809
123.662 108.064 57.7423 9.15809
123.662 108.104 58.1854 9.93321
124.082 106.919 58.1854 9.93321
124.082 106.919 54.4664 9.93321
124.082 105.173 53.608 8.93701
124.082 105.173 54.9349 7.18344
124.762 104.707 54.9349 8.36035
124.762 104.707 53.2433 8.36035
123.9 104.707 54.5977 8.36035
123.861 104.292 54.3377 8.36035
123.847 103.849 52.9544 7.91213
123.847 103.849 52.9544 6.43962
123.47 103.849 52.7974 5.59348
122.505 103.849 52.5921 4.0121
122.579 103.697 53.251 5.31801
123.358 103.514 54.4945 4.74825
123.536 103.209 53.3791 4.1742
121.833 103.209 53.3791 4.1742
121.477 102.102 51.6329 5.88182
120.401 102.102 51.6329 5.88182
120.401 102.102 49.7571 6.07118
120.401 101.7 49.0686 7.07519
120.401 101.7 46.6694 8.47779
120.401 101.609 44.5591 9.38529
118.742 101.609 45.1473 9.38529
118.764 101.609 45.1473 9.29632
118.575 101.371 45.2796 10.2584
118.575 101.371 45.2796 10.2584
118.575 101.626 44.5295 6.86396
118.575 101.384 43.4922 6.86396
118.693 100.768 43.4922 4.50462
118.752 100.158 43.6109 3.5156
118.961 100.191 43.6109 3.5156
118.412 100.191 43.4551 3.5156
118.412 100.191 41.9369 3.58063
117.309 98.9896 40.7594 3.58063
116.586 98.9896 39.2415 3.58063
116.586 98.9208 39.4855 3.58063
116.32 98.9208 37.8679 3.58063
115.442 98.9208 37.8679 4.28313
115.442 98.8818 37.4792 5.4691
115.442 98.4227 37.4792 5.4691
115.343 98.4227 35.2448 1.9629
115.053 98.1253 35.2448 1.9629
115.017 97.5084 34.1601 1.9629
114.947 96.797 34.6494 1.9629
114.87 96.797 34.6494 2.09863
113.522 96.797 34.206 2.09863
113.11 95.858 34.0221 4.3938
113.11 95.6679 35.3576 4.3938
113.11 95.6679 35.7411 4.3938
114.047 95.6679 34.2203 4.68897
113.735 94.5271 34.2203 4.68897
113.049 94.1776 32.0687 4.68897
113.117 94.3836 32.0687 4.68897
113.349 94.4402 32.0687 4.88937
113.239 94.7312 32.0687 4.88937
113.239 94.6668 31.9658 4.88937
112.157 94.6668 31.9658 4.88937
112.157 94.0203 31.9658 6.64317
111.251 93.9071 30.8372 6.23467
109.798 93.6621 31.0233 6.23467
109.36 94.3913 27.5696 6.23467
109.36 95.0325 27.1469 6.23467
109.366 95.043 27.1469 7.49424
108.376 95.043 27.1469 5.43297
108.553 95.5459 27.1469 6.35453
107.204 95.948 27.1698 8.41641
107.108 96.2682 27.1698 7.19093
105.79 96.0145 26.011 7.63296
105.79 96.0145 24.1829 7.63296
105.706 96.0145 21.7362 7.20528
105.828 96.0145 18.819 8.98976
105.828 96.0145 18.3693 8.98976
105.129 96.1925 18.3693 7.11463
104.501 96.6857 18.4697 7.11463
103.386 95.8287 16.2255 7.11463
104.345 95.9283 15.336 7.11463
104.793 95.9283 13.9151 5.24994
103.616 95.9283 13.9151 3.8517
103.616 96.3716 13.9151 3.8517
103.816 96.3716 13.0187 3.8517
103.816 96.3716 13.0187 4.24826
103.729 96.1362 13.0187 4.62773
103.729 95.6043 13.0187 6.43594
102.65 95.4993 13.805 6.37772
102.818 95.2479 12.6012 6.11062
102.818 95.0834 12.6012 6.98591
102.605 95.0834 14.3212 8.52318
102.605 95.1654 13.6164 8.28352
102.969 93.5144 14.4592 7.66119
101.627 93.9787 14.4592 4.697
100.359 93.0635 14.6561 4.697
100.922 91.8559 13.3146 1.7379
101.187 92.2622 13.3146 1.7379
100.816 92.1634 11.5598 4.79199
99.9629 92.1634 11.5492 4.79199
100.043 92.3105 11.3026 4.79199
99.7271 93.1242 9.82761 4.79199
98.4783 93.1242 9.82761 5.93559
98.0364 93.5092 11.5441 4.05859
99.0677 93.2866 11.5728 4.05859
99.2561 91.7285 11.5728 2.88228
99.0293 91.7285 9.75124 2.88228
98.2132 91.401 8.39045 4.25149
97.7687 90.9879 8.39045 4.91344
98.0303 90.9021 8.39045 5.42692
97.5642 90.9021 8.39045 5.42692
97.5642 90.9021 7.7462 6.96058
97.3317 91.0945 7.7462 6.63045
97.2789 89.5641 8.13327 6.63045
97.0692 89.627 7.62636 3.904
96.8241 89.3648 7.62636 4.71315
95.1831 88.3825 6.55198 4.71315
95.1831 87.1956 4.89676 4.71315
95.1831 87.5411 5.73009 5.71826
94.7074 87.5411 5.56656 9.92832
94.7074 87.3312 5.56656 9.92832
95.4755 86.7132 4.34236 9.92832
95.1703 86.2511 4.34236 9.92832
95.1703 86.2511 5.26937 9.92832
93.6268 86.2511 5.26937 12.0145
92.8661 86.6335 5.26937 10.8268
92.4469 86.6335 5.26937 10.5475
92.0747 86.6335 5.26937 8.28882
92.0747 86.6335 5.26937 7.96059
91.0196 86.5752 5.26937 9.37774
91.8102 86.5752 5.26937 8.7173
91.8102 84.5964 6.32079 8.7173
91.8076 84.1284 6.32079 8.7173
91.8076 84.1284 4.39351 5.29658
91.8076 84.4535 4.39351 5.29658
92.1297 83.1831 4.32473 4.55422
91.8747 82.5734 7.42291 5.76144
91.8747 82.1237 9.6743 5.42864
91.8747 82.1889 10.3355 5.42864
91.8747 82.1889 10.3355 5.42864
91.2217 82.1889 8.53605 5.42864
91.2217 82.175 8.53605 5.42864
90.9012 81.2579 8.32451 4.74967
89.4743 81.2579 8.32451 4.7102
89.4743 82.097 8.32451 4.38957
90.0348 82.2091 8.72996 4.38957
90.0946 80.5148 7.27215 4.03146
90.6583 80.5148 7.27215 5.62287
90.6583 78.9944 7.786 4.90552
90.4355 79.0536 5.27925 3.29904
88.9561 78.9913 3.09195 3.29904
88.9561 79.0279 3.09195 3.29904
89.1707 79.1565 4.85646 3.29904
88.4678 78.6179 4.85646 3.29904
88.2005 78.3503 4.46761 2.1704
87.2065 78.3503 4.46761 2.1704
86.9553 78.3503 5.60851 3.59835
86.9553 78.3503 5.60851 3.59835
86.5036 77.8508 6.96316 3.59835
86.9652 77.8508 6.79581 3.59835
86.434 77.1887 6.14658 5.75642
86.4448 77.0732 6.41808 6.00339
86.4448 77.0732 6.41808 4.6379
86.4448 77.0732 6.41808 4.6379
87.0869 76.8499 3.86148 3.76971
88.2597 76.4129 3.86148 3.76971
88.2458 75.5784 4.60117 3.76971
87.2817 75.5913 5.02129 3.76971
86.5437 75.7506 5.02129 3.76971
86.1329 75.0497 3.90105 3.76971
85.3706 75.5427 3.90105 3.07099
85.6847 75.2031 3.90105 3.76688
85.6847 75.3638 4.61522 3.76688
85.6847 75.6681 4.61522 3.76688
85.3471 75.6681 4.61522 3.76688
85.3471 75.6681 6.6607 4.45137
84.6871 75.6681 6.6607 4.92273
84.6871 75.6681 6.26714 3.48056
84.6871 75.6681 3.77295 3.48056
84.6871 75.8587 4.77061 3.48056
84.6871 75.4117 3.96867 5.62569
84.462 74.9162 3.96867 6.56515
84.462 74.9162 3.96867 5.91551
83.9965 74.1754 3.96867 5.69193
83.9965 73.7829 6.02971 5.85781
83.3362 73.9876 6.02971 3.64314
83.3362 73.1824 6.02971 3.64314
84.6443 72.115 6.02971 4.91727
84.6443 72.1317 4.62414 2.26961
84.6729 70.5744 4.38711 1.79637
84.6686 69.1651 4.38711 1.79637
84.6686 67.244 7.14058 2.17987
84.614 66.7657 6.31621 1.29964
83.8135 68.1289 6.31621 4.76138
84.9951 68.0452 6.81878 2.55744
84.9951 68.5817 7.35545 3.1133
85.6232 68.5817 7.35545 3.1133
85.6232 68.8405 10.1911 3.1133
85.2366 68.8405 10.1911 4.78628
85.1783 68.8405 8.65355 5.06904
84.5369 68.8286 8.1453 4.31671
83.3818 68.8997 6.62412 4.31671
83.0536 68.3377 6.2281 4.31671
83.0536 68.3377 6.2281 4.31671
83.0536 67.4559 7.29717 3.81409
83.5381 67.5126 7.29717 3.19305
83.3567 66.9755 7.29717 3.19305
83.5623 67.2009 7.29717 3.19305
83.5623 66.5201 6.00493 3.19305
83.5623 66.8402 5.80639 2.28851
84.2897 66.954 4.67448 2.30233
84.4491 66.5272 4.67448 2.30233
85.2793 66.9453 4.67448 2.30233
84.8146 67.0641 4.67448 2.30233
84.2153 66.6913 3.81229 4.13316
83.8248 66.2882 3.81229 4.13316
83.5043 66.2882 3.81229 3.54026
83.5043 66.0902 5.48717 4.21473
82.9179 66.4901 6.3545 2.35365
82.9179 66.4901 5.62875 2.35365
81.5857 66.4901 5.62875 2.35365
81.5525 65.6695 5.62875 3.57981
80.4532 65.3665 6.57125 4.95614
79.2498 63.9259 6.57125 4.95614
79.5268 63.9259 6.57125 4.57645
80.0429 63.9259 7.0871 4.57645
80.0429 63.9259 7.0871 5.72304
80.2142 63.9383 5.05541 4.32265
78.8977 63.8221 5.05541 4.32265
78.6988 63.7678 5.91963 5.1479
77.8732 63.7678 5.91963 3.98854
77.6887 63.978 4.85175 3.98854
77.0292 63.978 4.85175 3.98854
77.0292 63.7829 4.85175 3.03328
76.4395 63.7829 4.85175 3.03328
76.0571 63.7829 0.991867 3.27472
76.3669 63.3169 4.65074 4.05637
76.3669 63.2996 6.04477 3.86005
76.3446 64.0095 6.04477 5.47548
75.8357 64.0095 6.04477 5.12192
75.8357 64.0095 6.04477 5.58066
75.6745 64.3357 5.5129 5.58066
75.5477 64.0314 6.34442 5.78092
75.5477 64.4723 5.36613 3.99295
74.89 63.8709 2.1066 3.99295
73.0198 63.2973 2.47009 4.79007
72.5301 61.581 2.47009 1.95569
72.3352 61.2629 2.84868 1.95569
72.3852 61.2629 2.15557 1.95569
72.2154 61.3988 2.15557 3.94643
72.2154 62.0056 2.15557 4.76067
72.2154 62.0056 5.45474 4.76067
71.7341 62.0056 5.89121 5.24781
71.0417 62.9424 5.89121 5.24781
71.0417 62.9424 5.89121 5.24781
71.0417 62.8445 5.89121 3.45354
70.5691 62.8445 5.78189 3.45354
70.6076 62.8828 5.91804 3.45354
69.4425 62.4399 3.76811 4.26116
69.2903 62.4399 3.76811 6.41361
69.3359 61.8008 2.99809 5.22782
69.5942 59.8719 4.46429 5.22782
68.2249 59.5112 4.46429 6.50501
67.2717 59.5112 4.46429 5.94537
67.2185 59.4292 4.00774 5.94537
67.2185 59.5401 3.50618 5.26282
66.2762 59.5401 3.50618 5.26282
66.2746 59.8711 3.92738 5.26282
66.2983 59.8711 5.62154 5.26282
66.0814 59.8911 5.62154 7.89989
65.7862 59.16 5.62154 7.89989
65.7862 58.989 5.62154 9.57741
66.0512 58.989 5.62154 9.57741
66.0512 58.989 8.55652 7.02774
66.0512 59.2935 8.55652 5.99336
66.1531 59.2935 7.86278 5.99336
66.073 59.2935 10.5952 5.99336
66.4425 57.0512 10.6331 5.99336
66.0219 57.0512 10.6331 3.33292
64.6214 56.0027 11.6069 3.33292
64.6214 55.8842 10.2251 3.33292
64.8975 55.8842 9.8004 3.33292
63.818 55.8842 10.6129 3.33292
63.4497 54.687 8.62016 3.11432
63.4497 54.687 9.51301 3.11432
63.4497 54.4301 9.95765 3.11432
62.961 54.2578 9.98694 3.11432
62.4004 53.6151 8.79017 3.11432
61.0245 53.9009 8.79017 3.11432
61.5454 53.9009 6.45884 3.31305
60.9168 52.2178 6.45884 3.31305
60.4839 51.5387 6.45884 4.54788
60.0358 51.449 6.39542 2.14265
60.0358 51.965 8.77412 1.62682
60.0358 51.965 8.77412 1.62682
60.2382 51.5227 8.77412 1.62682
59.7864 51.2259 8.77412 1.62682
60.5314 50.4362 8.77412 0.324854
60.5314 50.4029 8.77412 2.70307
59.9432 50.4029 6.31286 2.70307
59.9655 50.3088 6.31286 2.70307
59.212 50.3088 6.31286 2.70307
59.212 49.6099 5.30093 2.70307
59.212 49.6934 5.19674 2.70307
59.212 49.6934 5.19674 2.70307
58.1132 49.6752 5.19674 3.83638
57.1958 48.9196 6.43287 2.91743
57.48 47.7268 6.43287 2.91743
57.48 46.5747 6.43287 2.91743
57.48 45.6199 7.52809 2.91743
55.7353 43.3244 7.52809 2.91743
55.7353 43.3244 5.72959 2.91743
55.7353 43.334 3.25326 2.91743
55.7353 42.1339 3.25326 2.91743
55.7353 41.7103 3.25326 2.91743
55.7353 41.4682 2.51971 2.91743
55.7353 41.5188 2.51971 2.91743
56.0036 41.5188 2.17941 2.91743
56.2781 41.5404 2.17941 2.91743
56.2781 41.5404 2.17941 2.91743
55.6163 41.5404 1.95971 2.91743
55.3276 40.973 1.95971 3.983
55.3276 41.1839 1.64509 3.43554
55.998 42.385 1.64509 2.3428
55.998 41.6181 1.64509 2.3428
55.3169 40.6503 1.64509 2.3428
55.6125 40.6503 1.64509 2.3428
55.4791 40.1106 1.64509 2.3428
55.6004 40.1106 1.04037 2.3428
55.5157 39.5091 1.04037 3.62352
54.9193 37.9606 1.04037 3.62352
53.4855 37.2935 1.04037 6.16101
52.9681 36.808 1.04037 4.50468
52.9887 36.1352 0.801385 4.50468
52.9887 35.8238 2.40835 1.40931
52.9371 35.7189 3.3698 5.19897
52.6803 35.4746 4.58972 5.19897
51.3499 35.4746 4.58972 1.37891
51.653 34.6519 4.58972 1.37891
51.8759 34.0653 2.29357 2.40197
51.2155 34.0653 2.29357 1.76313
50.8865 34.1103 2.29357 1.76313
50.7417 33.2634 3.31353 1.84634
50.836 32.8138 3.31353 1.84634
51.0336 32.8138 3.31353 4.07285
51.0336 32.8781 0.879886 1.95602
50.1789 32.8781 0.879886 1.95602
50.2927 32.4317 3.76207 2.68579
50.278 32.4317 3.76207 5.52523
51.047 32.256 4.18218 5.52523
50.8298 31.4963 4.18218 5.52523
51.0646 31.6751 5.06726 5.52523
50.7608 31.3151 5.06726 4.41977
50.7801 30.8985 5.06726 2.27333
50.6212 30.8393 3.73124 2.27333
50.6212 30.8393 2.1532 2.27333
50.7012 30.015 2.1532 2.27333
50.7012 30.015 2.1532 2.27333
50.6048 29.6623 3.08256 5.34946
50.6048 28.3158 6.10583 5.34946
50.3536 26.9255 7.10607 5.34946
49.3369 27.0963 7.10607 4.57252
49.359 26.2684 5.25247 4.23484
48.7147 26.2684 5.25247 4.23484
49.8139 26.1867 5.25247 5.32924
49.3718 26.1867 5.25247 5.32924
49.3718 26.355 5.25247 7.32405
50.2954 26.2594 7.54389 7.32405
51.2039 25.0624 7.54389 4.44221
51.2039 25.0624 7.54389 2.57932
51.0647 26.0153 7.7733 2.54728
51.0516 25.489 7.7733 2.54728
50.1789 24.2108 6.32908 2.54728
50.1789 24.2072 6.32908 2.54728
50.0228 24.2072 6.32908 2.54728
49.6574 23.5115 5.3056 2.54728
49.6574 22.7304 4.62027 3.92638
49.9991 22.7304 1.30098 3.92638
48.4618 23.6386 3.96224 3.92638
47.7519 23.6386 3.96224 3.47751
47.2975 23.6386 3.96224 3.47751
48.2306 23.6386 3.96224 3.47751
47.2079 23.2695 5.68649 3.47751
46.9896 23.2695 3.97347 3.47751
46.6594 21.7993 3.97347 3.47751
46.6594 21.7993 3.6598 3.47751
46.5904 21.7993 2.21996 5.91028
46.0252 21.657 2.21996 7.1423
46.8213 21.1832 2.21996 8.06002
47.0172 21.1589 2.21996 8.70267
47.5513 21.1589 2.21996 7.77248
47.5513 19.5321 1.31243 7.77248
46.5753 18.93 1.31243 9.09078
45.8262 18.93 1.31243 6.78943
45.8985 18.0497 3.15849 6.78943
45.8985 16.647 3.15849 8.63581
45.7616 16.6146 3.15849 8.65077
45.7616 16.6146 3.15849 8.65077
45.7616 15.9282 3.15849 8.97046
45.8835 15.9282 3.15849 5.36218
46.2364 15.7318 3.15849 5.36218
46.7839 14.2473 3.15849 5.98251
46.7737 13.9796 3.15849 4.40652
46.7737 13.3729 3.15849 3.47381
46.2617 13.3729 0.642617 1.32159
46.2561 13.3729 1.55803 1.32159
46.4342 13.3729 1.55803 1.21593
45.7985 13.2319 1.55803 1.21593
46.0121 13.3327 1.55803 1.21593
46.9191 12.4715 1.86198 1.21593
46.9191 12.4839 3.87265 1.21593
46.4324 12.4839 3.87265 1.21593
46.4324 11.9063 3.87265 1.21593
46.4338 11.9063 3.56395 1.21593
46.0405 11.1773 4.29931 1.21593
46.1506 11.1773 4.29931 3.12927
45.6352 10.9629 4.29931 3.12927
44.8036 9.89772 3.56964 5.07675
44.7529 9.89772 3.56964 5.07675
44.1455 9.80794 2.38449 5.89547
43.2236 8.69283 2.38449 5.89547
41.7643 8.63689 2.38449 5.89547
41.7643 8.63689 1.18271 5.89547
40.9558 8.63689 2.86628 5.89547
40.3758 8.63689 4.51479 5.42668
40.3758 8.63689 4.51479 6.156
39.8895 7.71274 4.05572 8.85587
39.8895 7.71274 4.05572 9.32566
39.8895 6.68625 5.34824 8.89537
39.7512 6.2896 5.34824 4.79226
39.7512 6.08841 5.34824 4.68195
39.6144 6.08841 4.5709 4.68195
39.6144 5.8158 3.85814 4.68195
39.6144 6.42315 3.85814 6.55581
40.0949 6.42315 3.85814 6.55581
40.0949 4.56846 3.58578 4.77016
39.9087 4.30685 3.58578 6.1581
39.9087 3.57456 3.58578 6.01388
40.262 3.57456 3.58578 6.74549
40.262 2.41237 4.18947 6.74549
40.4515 2.11284 5.70336 6.34767
40.4515 2.45769 5.70336 6.6395
40.9601 2.47158 4.86883 8.1935
40.9601 2.47158 2.15191 8.77101
40.5463 3.86802 2.15191 8.77101
39.974 3.18062 2.15191 6.08628
39.4187 2.82225 5.89197 6.08628
39.4187 2.4419 7.8317 6.31909
39.4187 1.34351 9.45087 5.51635
38.1858 2.04149 9.45087 4.80308
38.1858 2.04149 7.18099 5.07604
38.1858 2.04149 7.18099 5.07604
38.6674 0.962621 7.18099 5.94029
38.7279 0.973935 7.18099 7.52006
38.9297 0.993301 8.20769 5.28271
38.7093 1.27236 8.20769 4.26792
38.0959 1.21594 8.20769 2.75569
37.468 1.50083 6.23041 3.26892
37.3941 2.60592 5.70207 3.26892
37.6392 2.7761 5.70207 2.93971
37.6392 2.304 4.98149 2.93971
37.2368 1.67637 4.52743 3.51214
37.2368 1.67637 4.52743 3.51214
37.2368 1.67637 4.52743 2.34794
35.8645 2.60568 4.52743 2.34794
35.8645 2.60568 4.52743 2.34794
35.8645 2.60568 5.34817 2.34794
35.8645 2.60568 5.34817 1.58392
34.9112 1.79519 5.34817 1.58392
34.9112 1.89809 5.27816 2.93484
34.6185 1.03585 5.27816 2.93484
33.5744 1.14323 2.61477 2.93484
31.7233 1.14323 2.61477 2.93484
30.9749 1.14323 2.61477 2.40786
29.6325 1.14323 2.61477 2.40786
29.6186 1.62348 2.61477 1.42908
29.6067 1.96927 2.61477 1.42908
30.3756 1.96927 2.61477 1.42908
30.3756 2.21532 2.61477 3.89961
30.3756 1.78548 1.15178 6.57611
30.3756 1.78548 1.15178 6.57611
29.2116 1.78548 1.15178 6.57611
29.2583 0.835507 1.15178 6.57611
29.2583 0.473797 1.15178 6.57611
28.7506 0.473797 2.61045 6.57611
28.8621 0.473797 2.61045 3.98425
27.5323 1.30961 2.61045 3.32654
27.6915 2.18218 3.921 3.32654
27.6915 2.68189 3.921 3.32654
27.0525 2.91439 2.17215 3.32654
26.8699 2.78579 2.17215 1.25815
25.9927 2.78579 2.17215 1.68259
25.9927 3.22975 2.1058 7.45962
26.1345 1.90926 2.1058 9.74654
26.1345 1.90926 2.1058 10.2767
25.2788 2.74535 3.62001 10.2767
24.6018 2.74535 3.81009 8.84199
24.2576 3.09836 2.32701 8.84199
24.0562 3.39535 3.34531 8.84199
24.0562 3.0146 3.34531 5.65053
24.3878 2.31317 3.34531 5.48521
24.0652 1.8528 3.34531 5.48521
24.6607 2.60875 4.75469 3.91486
24.2073 2.60875 5.9744 3.91486
23.4465 2.07143 4.75778 3.91486
23.3248 1.49386 2.37599 3.91486
23.3248 1.49386 5.15539 3.64569
23.3248 1.4073 6.30275 1.88019
22.3439 1.4073 7.04145 1.88019
21.7878 2.23359 6.4238 1.88019
21.7878 2.02039 6.4238 3.7565
21.4652 1.58447 4.47457 3.7565
21.4652 1.58447 3.89995 3.7565
21.4652 1.58447 3.56937 2.30583
20.579 1.76101 3.88898 2.30583
20.579 1.76101 3.88898 2.30583
19.0299 1.76101 2.72707 2.30583
18.4722 1.76101 2.72707 2.30583
18.2904 2.12962 4.09954 2.30583
17.6292 2.19343 5.85139 3.70466
17.9776 1.62208 5.85139 3.70466
17.159 1.62208 4.80798 4.75104
17.159 1.13751 5.81201 5.0239
17.1815 1.14441 5.81201 5.14884
17.1815 1.14441 5.81201 3.21194
16.8303 1.00539 5.81201 3.21194
16.8303 1.00539 6.06933 3.21194
16.2168 1.00539 6.9267 5.25468
14.7449 1.00539 6.9267 3.94915
15.9799 1.04119 6.9267 3.94915
14.733 0.583357 5.94609 3.94915
14.733 0.583357 5.81409 3.94915
14.1773 0.81552 3.39002 3.94915
14.1773 0.81552 3.39002 3.94915
13.7955 1.79307 3.39002 3.94915
13.9897 1.9429 2.98882 3.94915
13.9897 1.43477 2.98882 5.95104
13.08 1.43477 2.48663 5.76394
12.209 1.43477 4.13626 5.76394
11.7346 1.43236 4.22967 5.76394
11.7351 2.26352 4.22967 3.833
11.2954 1.25978 4.22967 3.833
11.2954 1.25978 2.13721 2.27331
10.6867 0.518931 3.138 2.27331
11.6218 1.22453 3.138 2.27331
12.0604 1.00892 3.138 0.877638
11.4935 1.12105 3.138 4.16217
10.7431 1.12105 3.77727 3.85807
9.99148 1.12105 2.76669 3.85807
9.99148 1.12105 5.17605 3.85807
9.83616 0.862537 5.17605 5.83675
9.83616 0.862537 5.17605 5.06796
9.87827 0.862537 5.13469 5.21807
11.0539 2.66988 7.3704 5.21807
11.0539 2.66988 5.77332 5.21807
11.0539 2.69489 5.77332 6.57537
10.6495 2.23916 7.19688 6.95117
9.71066 2.25061 7.19688 5.92392
9.54455 1.25345 7.19688 6.45183
8.45833 1.20173 6.75258 6.45183
7.78902 1.20173 6.75258 4.99147
7.78902 1.20173 6.75258 5.10351
8.75949 1.20173 6.75258 5.72451
8.17311 1.20173 5.14319 3.8784
8.17311 1.20173 3.95133 4.60627
8.52314 1.20173 3.95133 2.23871
8.52314 1.66874 3.95133 2.23871
8.52314 0.618145 3.95133 2.47641
8.27597 0.618145 6.34688 4.14118
8.8636 0.618145 4.26951 5.23766
8.8636 0.78291 5.93173 3.38597
8.8636 0.572104 5.63648 5.03419
8.8636 0.33244 5.0697 5.03419
9.7992 0.33244 5.0697 4.01736
9.7992 0.33244 8.56993 3.70366
9.36714 0.33244 9.12063 2.02133
8.73105 0.33244 9.12063 2.02133
8.91794 0.33244 9.12063 3.73642
8.91794 0.33244 7.99362 4.10659
8.44503 0.33244 8.27601 5.20158
8.44503 0.33244 6.83914 5.71269
8.33467 0.33244 6.37384 6.93031
9.1339 0.33244 5.64739 6.57212
7.99351 0.471771 5.64739 6.57212
7.99351 0.471771 5.64739 6.57212
7.99351 0.471771 5.64739 5.3586
6.97622 0.471771 4.88584 4.39895
6.97622 0.471771 4.88584 4.39895
6.97622 0.471771 6.04768 4.39895
6.97622 0.888942 6.08259 4.84208
6.20265 0.773029 6.08259 4.84208
6.04058 0.357652 6.08259 4.84208
6.87122 0.941323 6.08259 5.15716
7.32995 0.941323 6.08259 5.15716
7.34793 1.00723 6.088 5.1184
7.34793 1.00723 7.37994 3.4591
7.15312 1.00723 8.01317 3.4591
6.45527 1.00723 8.22884 3.4591
6.41271 1.00723 7.67524 2.25242
6.41271 1.00723 7.99297 2.25242
6.48609 1.10166 7.48083 2.21261
8.1446 1.03937 6.25433 3.38578
8.1446 0.896649 7.0488 3.38578
8.1446 0.896649 7.0488 2.88794
8.1446 1.11648 8.15373 3.70177
8.04844 0.891553 8.15373 3.70177
8.31585 1.22459 8.15373 3.70177
7.84181 1.22459 6.31344 3.70177
7.84181 0.452709 4.79633 3.70177
7.494 0.452709 4.79633 3.70177
6.67664 0.452709 3.93257 3.70177
6.67664 0.452709 3.99938 3.70177
5.62978 0.452709 3.04593 3.70177
4.61806 1.09214 3.04593 6.03185
4.61806 1.31567 1.3755 5.23804
3.8778 1.31567 2.69433 5.23804
3.03467 1.9549 2.69433 5.23804
2.28007 1.93168 2.69433 5.23804
2.46669 2.32872 2.69433 5.5646
2.46669 2.32872 3.69345 5.5646
2.46669 1.6966 4.30254 9.45727
2.47126 1.74889 4.30254 9.45727
2.84079 1.48872 4.30254 7.25522
2.69293 0.861584 5.98006 7.45694
2.69293 0.672347 7.23646 6.72888
2.78613 0.672347 6.55112 6.72888
1.88701 0.672347 6.55112 5.6563
1.95988 1.35754 4.61862 2.38609
1.95988 1.41709 4.61862 2.38609
2.08551 1.41709 4.34314 4.41332
2.41651 1.41709 4.34314 4.41332
2.41651 1.4847 4.34314 4.41332
2.16884 0.883127 2.85918 5.68473
1.83547 0.621529 5.95786 5.68473
2.07896 1.29588 6.20149 5.68473
2.07896 1.27492 6.20149 5.68473
2.07896 1.12874 6.59073 5.68473
1.92633 1.12874 4.5253 3.15052
1.82469 1.12874 4.5253 3
2.47039 1.12874 4.5253 1.92172
1.69986 0.575727 4.5253 1.78904
1.69986 0.8222 4.5253 1.78904
2.14393 0.931657 3.53637 1.78904
3.0526 0.209299 3.95837 2.14674
3.0526 0.209299 2.04703 2.14674
2.37028 0.209299 4.41145 2.8688
2.37028 0.209299 4.41145 2.55801
1.14381 0.209299 4.41145 2.55801
1.41102 0.209299 4.41145 2.077
1.41102 0.209299 2.00007 2.98725
0.901674 0.209299 3.08855 4.21692
0.901674 1.11107 4.15559 4.21692
1.01867 0.6362 4.15559 1.69594
1.48262 0.6362 4.13616 1.69594
1.48262 0.6362 4.13616 1.72333
1.56839 0.6362 4.13616 1.72333
1.56839 0.254844 3.94264 1.72333
1.56839 1.01709 3.94264 1.35286
1.06756 1.52104 3.94264 2.51933
2.10342 1.38419 3.94264 2.51933
2.10342 1.38419 3.94264 2.51933
1.71523 1.38419 3.94264 2.51933
1.71523 1.38419 3.94264 5.57434
1.71856 1.27762 3.94264 1.85068
1.90304 1.27762 3.94264 2.97082
1.76993 0.93526 3.23146 3.6445
2.17088 1.1974 3.23146 3.6445
2.00312 1.1974 3.15245 3.72077
2.00312 0.964112 3.15245 2.75065
2.06979 0.964112 3.15245 2.75065
1.6565 0.964112 4.35671 4.18979
1.42352 0.99201 4.35671 5.14146
1.42352 0.99201 4.35671 6.79474
1.42352 0.99201 4.35671 6.79474
1.42352 0.6816 4.35671 5.80034
1.42352 0.6816 7.0082 5.80034
1.42352 0.6816 7.0082 5.80034
1.42352 0.519395 8.30599 4.31357
1.42352 0.519395 8.30599 3.18468
0.934739 0.154192 8.30599 3.18468
1.33604 0.154192 8.30599 3.18468
1.16012 0.544991 7.33091 3.18468
2.11046 1.52697 7.80886 3.18468
2.11046 1.52697 6.74513 3.18468
2.11046 1.47139 6.87027 3.18468
0.702253 1.47139 6.87027 3.58488
0.71295 1.02346 5.87032 3.58488
2.11583 1.602 7.0055 3.58488
1.99486 1.602 4.54503 3.58488
2.17111 1.86993 4.999 3.58488
2.17111 1.86993 4.999 3.58488
2.17111 1.86993 6.54571 3.58488
2.17111 1.86993 6.54571 3.58488
1.79007 1.86993 5.24045 3.58488
1.79007 2.13242 5.24045 4.58688
1.77603 1.8433 5.24045 4.25906
0.33748 2.31484 3.57884 6.22815
0.33748 2.31484 2.12119 6.22815
0.33748 2.31484 2.12119 6.47056
1.16178 2.04407 2.12119 6.48269
1.16178 2.03963 2.12119 7.12814
1.54915 1.91158 2.12119 7.12814
0.801224 1.26223 2.86461 5.98121
0.801224 0.920666 4.68418 7.19633
0.256762 0.920666 4.37406 7.26607
0.432184 1.27158 4.37406 7.26607
0.432184 1.27158 4.37406 7.26607
0.432184 0.792036 4.37406 7.41687
0.760871 1.27447 5.39005 7.41687
0.760871 0.811348 6.25409 6.17121
0.760871 0.811348 6.25409 6.17121
0.430739 0.811348 5.29339 6.30605
1.3274 1.14231 5.29339 6.30605
0.981495 0.903116 5.29339 6.30605
1.45357 0.903116 5.29339 6.99137
1.45357 1.23881 5.29339 7.31502
1.45357 1.23881 5.29339 9.01828
1.45357 1.23881 5.29339 6.62836
1.45357 1.23881 5.29339 6.18735
1.45357 1.23881 5.29339 6.18735
2.39369 1.23881 5.29339 4.97304
1.0361 0.685289 5.29339 4.22063
0.960203 0.744168 4.50235 4.02432
0.960203 0.918082 4.50235 4.48971
0.960203 0.918082 6.19123 4.48971
0.960203 0.918082 5.36378 5.25187
0.749991 0.932475 6.28114 6.31849
1.59599 1.39656 6.28114 6.31849
1.59599 1.39656 6.1966 6.35304
1.59599 2.08002 8.3687 6.35304
0.91395 3.1023 8.3687 8.20522
0.548548 2.5808 8.3687 8.20522
0.669711 2.57709 6.94755 6.14553
0.669711 2.57709 9.01588 6.14553
0.669711 1.83752 9.01588 6.14553
0.669711 1.49237 6.74618 6.14553
0.610712 1.49237 6.75638 2.25427
0.610712 1.49237 4.82134 2.25427
0.610712 1.49237 4.82134 1.80079
0.610712 1.49237 3.31359 1.80079
0.610712 2.26297 3.31359 1.29608
0.610712 1.94096 3.31359 1.6785
1.21894 1.8528 4.66142 1.6785
1.21894 1.42045 4.66142 4.35204
1.59999 1.42045 5.04275 3.86299
1.59999 1.42045 5.04275 4.0883
1.45872 1.26507 5.04275 4.0883
1.45872 1.26507 5.04275 4.0883
1.33436 1.5426 3.3206 4.0883
1.33436 1.7701 3.59569 5.95216
1.03229 2.03225 3.59569 5.95216
1.64643 0.90023 3.59569 5.95216
1.22583 0.90023 2.1467 5.95216
1.43184 0.90023 2.1467 4.36716
1.80605 1.18037 2.1467 4.36716
2.11055 0.962161 2.1467 6.24824
1.71415 0.962161 4.08681 7.22363
1.87077 0.555345 4.92222 7.81913
1.43228 0.555345 4.92222 6.52989
1.43228 0.595307 4.92222 6.43028
0.349168 0.595307 4.92222 3.40324
0.349168 0.989065 6.10577 3.40324
1.33708 1.14215 6.21623 4.54683
1.33708 1.37758 5.85372 4.54683
0.835492 1.37758 5.85372 5.56644
0.835492 1.43178 2.01983 3.83059
0.790022 1.43178 2.01983 3.83059
0.790022 2.4251 2.06754 4.22702
0.790022 2.46501 4.42884 4.75243
0.790022 1.50386 4.42884 4.75243
0.310185 1.3458 4.42884 6.64315
0.310185 1.51346 4.42884 6.64315
0.310185 1.46344 4.42884 6.64315
0.310185 1.66348 4.42884 6.64315
0.310185 1.94532 3.10677 6.64315
0.310185 1.94532 3.10677 6.64315
0.310185 1.30981 3.10677 7.36849
0.310185 1.30981 3.10677 7.36849
0.925814 0.50234 4.2578 7.74912
0.580302 0.50234 3.42124 7.74912
0.580302 0.50234 3.42124 9.13977
0.580302 0.50234 3.23502 8.27768
0.580302 0.50234 4.94471 8.67284
1.44415 0.50234 4.94471 7.72035
1.44415 0.50234 4.94471 7.78689
1.18365 0.50234 6.46518 8.88611
1.15702 0.50234 6.46518 7.9555
1.15702 0.50234 8.65944 7.9555
1.15702 0.50234 6.85564 7.9555
0.551524 1.17947 7.42034 7.9555
1.25845 1.17947 7.42034 7.9555
1.25845 1.43803 7.38563 7.45795
0.696349 0.632175 5.46201 7.16992
0.656621 1.16963 6.08763 7.16992
0.656621 1.1006 5.69783 7.73023
0.656621 1.1006 5.21283 6.67901
0.950227 1.12962 5.21283 6.90851
0.950227 1.12962 5.21283 6.90851
0.950227 1.12962 4.28134 6.90851
1.02273 1.12962 4.28134 6.201
1.02273 1.45099 4.28134 5.23161
1.02273 1.45099 4.28134 5.29382
0.960354 1.45099 4.28134 5.42527
0.960354 1.45099 4.28134 5.42527
0.890035 1.2654 4.28134 6.32535
1.0348 1.2654 3.27782 6.32535
0.833765 1.5135 3.50913 6.32535
0.811418 1.5135 2.90811 3.93824
1.179 1.5135 2.90811 3.93824
1.5692 1.0597 2.90811 3.93824
0.721431 1.0597 1.93916 3.93824
0.721431 1.0058 1.93916 3.93824
1.08639 1.0058 1.93916 4.58923
1.34123 1.0058 4.91988 5.58508
1.56034 1.09928 4.91988 5.58508
1.75476 1.09928 2.80294 7.13608
1.75476 1.09928 2.80294 6.6579
1.75476 1.09928 2.80294 5.41945
2.04264 1.22931 2.80294 6.44525
1.46309 1.22931 5.93975 5.5078
1.5863 1.49685 5.93975 5.5078
1.19837 1.07286 6.50143 5.5078
1.19837 0.828774 5.94825 4.80774
1.19837 0.705828 4.36544 4.39216
0.493372 1.60626 4.36544 5.12213
0.493372 2.15453 4.36544 5.12213
0.493372 2.15453 4.36544 4.01472
0.890459 2.15453 4.36544 4.01472
0.890459 2.15453 4.36544 4.01472
0.890459 2.02056 4.36544 4.01472
0.890459 1.81774 4.36544 3.55709
0.890459 1.81774 4.36544 4.57593
0.890459 1.02576 4.36544 4.57593
0.890459 1.02576 4.36544 4.57593
0.890459 1.33024 3.09108 2.98521
0.890459 0.749597 4.22084 2.98521
1.15064 1.28788 4.22084 2.98521
0.593321 1.57186 4.22084 3.57119
1.66722 1.57186 2.17735 4.60562
1.66722 1.74289 2.17735 4.60562
1.60507 1.66869 2.17735 3.35473
0.919934 1.89373 2.5311 3.35473
1.01524 1.88211 2.5311 3.35473
1.01524 2.68671 2.5311 3.35473
1.19178 2.68671 2.5311 3.41436
1.40605 2.77659 2.5311 2.53076
1.31579 2.6759 2.5311 2.53076
1.31579 2.43231 2.5311 2.53076
1.31579 2.65378 5.10267 2.53076
1.28062 2.65378 6.31914 2.53076
0.407974 1.89816 3.53463 2.53076
0.407974 1.89816 3.53463 2.13678
0.968852 1.946 3.53463 2.13678
1.1967 1.69837 3.53463 2.13678
1.15408 1.69837 3.53463 2.12831
1.15408 1.59273 3.53463 3.69075
1.02048 1.1715 3.53463 2.05079
1.06931 0.727786 4.08976 2.05079
1.07739 0.88086 6.42941 2.05079
1.07739 1.4768 6.42941 2.05079
1.07739 1.4768 3.64746 2.05079
1.07739 2.37947 3.64746 2.05079
0.606011 2.26861 3.64746 2.05079
1.04714 2.26861 3.64746 2.05079
1.04714 2.26861 3.64746 3.99019
1.04714 1.56352 3.64746 3.98722
1.3933 1.56352 2.40026 4.81545
1.3933 1.63595 3.46699 4.7979
1.3933 1.63595 4.25366 4.7979
1.3933 1.63595 5.21978 4.7979
1.3933 1.63595 2.13371 5.24181
1.3933 2.29104 2.13371 6.93566
1.94555 2.77001 2.13371 8.36673
1.94555 2.77001 4.38861 8.27924
2.47661 2.77001 4.38861 6.99441
2.47661 1.93602 5.01194 6.99441
2.47661 1.93602 5.01194 6.99441
2.24849 1.93602 6.03741 7.40845
2.24849 1.93602 6.46075 7.40845
2.52308 2.24517 6.46075 6.42142
2.52308 2.24517 5.06202 6.35027
3.27983 2.36511 5.06202 6.64637
3.27983 1.77856 5.06202 6.30408
4.0445 1.90368 5.06202 8.76897
4.60134 1.90368 5.06202 8.76897
4.60134 1.28396 5.90327 9.29217
4.47444 1.28396 5.90327 9.8451
4.47444 1.28396 5.90327 12.2415
4.69488 1.34826 3.76541 12.2415
4.2392 1.34826 3.76541 10.9648
4.2392 0.719409 2.54314 10.9648
4.2392 0.576905 2.73103 11.4631
4.84284 0.576905 2.73103 12.0943
4.97168 0.576905 4.40067 14.4726
4.70763 0.576905 4.40067 14.7659
4.04458 0.576905 6.65729 13.9625
3.92233 0.576905 6.65729 13.9625
3.24936 0.576905 6.65729 12.7069
3.30567 0.576905 4.72827 12.7069
3.30567 0.576905 4.72827 13.2748
3.15917 0.576905 4.72827 13.5692
2.99165 0.918851 3.56058 17.6986
3.17971 0.918851 4.40661 17.0133
2.29652 0.918851 4.40661 17.0133
2.29652 0.918851 4.40661 17.0133
2.29652 0.918851 4.11266 17.0133
1.68013 0.918851 4.11266 15.2762
1.6212 0.918851 4.11266 12.9198
1.6212 0.918851 4.11266 12.9198
1.6212 0.918851 4.11266 12.8006
2.70727 0.447446 4.11266 12.8006
3.70116 0.567776 4.11266 12.8006
3.74241 0.567776 2.92499 11.7144
2.75459 0.567776 2.92499 11.7144
2.76634 0.465112 2.92499 11.7144
2.89908 0.652489 2.92499 12.8297
2.81924 0.652489 2.18479 11.5332
3.04744 0.652489 2.18479 11.5332
3.59432 0.778584 2.18479 12.3868
4.18787 1.22087 1.83282 10.7151
4.4133 1.22087 1.83282 10.6192
4.03325 1.22087 2.28793 9.77961
4.00017 0.786332 2.33417 6.92511
4.31052 0.786332 2.33417 6.92511
5.0724 0.786332 2.33417 6.92511
5.0724 0.891987 2.33417 8.35471
5.1632 0.377671 2.33417 9.52657
4.83561 0.457612 2.62249 9.52657
5.19404 0.457612 2.62249 9.52657
5.71945 0.457612 5.04767 7.78001
4.571 0.457612 5.86839 7.78001
4.571 0.583616 4.2732 7.78001
4.59342 0.583616 4.2732 8.01117
4.59342 0.583616 4.2732 7.58464
4.59342 1.00915 4.2732 6.87809
4.49237 1.00915 5.80366 5.33649
3.56309 1.00915 7.75522 4.86549
4.27036 1.4016 7.75522 6.42381
4.27036 1.4016 5.76725 5.85554
4.27036 1.4016 4.55877 5.85554
3.2061 1.4016 4.55877 6.82792
3.2061 1.88261 5.12947 5.068
2.73023 1.88261 4.8232 5.67531
2.22334 1.88261 5.94653 5.50437
2.22334 1.9062 4.69312 5.50437
1.00494 1.69983 4.69312 6.62564
1.00494 1.69983 5.11397 6.62564
0.914685 1.69983 5.11397 6.9709
0.500092 1.69983 6.41 6.9709
0.500092 1.69983 6.09253 6.9709
0.689556 0.58235 6.09253 6.9709
0.6078 1.02578 3.93555 4.86565
0.6078 2.4181 3.93555 4.86565
0.6078 2.4181 3.93555 4.86565
0.6078 2.46425 3.93555 2.77422
1.13579 1.59335 2.45785 2.77422
1.41283 1.59335 2.45785 4.3622
1.41283 0.39109 2.45785 6.06632
0.979308 0.39109 2.45785 6.06632
0.979308 0.39109 2.45785 6.06632
0.795478 0.449756 2.45785 6.49239
0.795478 0.449756 2.45785 8.31292
1.05886 0.449756 2.45785 8.8138
0.823836 0.834761 2.45785 6.82759
0.570971 0.834761 2.45785 6.82759
0.570971 0.834761 2.45785 4.64212
0.570971 0.834761 2.45785 5.72053
0.570971 0.834761 2.45785 4.9655
1.26503 0.834761 2.52077 4.41448
1.26397 0.415544 2.52077 4.41448
1.26397 0.845611 4.28867 3.82056
1.89358 0.845611 4.28867 6.00667
1.89358 0.845611 4.28867 7.18733
1.89358 0.845611 4.95246 7.18733
2.32256 0.950755 4.95246 7.18733
1.86723 0.920431 4.9474 5.51911
1.68989 0.920431 1.34585 5.51911
1.68989 0.920431 1.34585 3.31519
2.04891 0.920431 3.19143 3.63218
1.10067 0.920431 4.61176 2.12339
0.532953 0.920431 4.0811 3.46732
0.532953 1.02504 4.0811 1.76557
0.532953 1.02504 5.16276 4.57931
0.532953 1.02504 5.16276 4.64867
0.532953 1.02504 5.16276 3.4105
0.532953 1.19322 8.11835 3.4105
0.532953 1.15582 8.11835 5.13419
0.496123 1.50055 5.23078 5.13419
0.496123 1.50055 6.02742 5.13419
0.496123 2.18326 6.02742 4.43136
0.496123 1.32254 6.98861 4.43136
0.496123 1.0908 6.98861 3.54671
0.496123 1.21896 7.47588 2.37414
0.916047 1.48553 6.50057 3.85369
0.916047 0.810662 6.50057 3.85369
0.916047 0.810662 6.50057 3.0184
0.916047 0.810662 8.10245 3.0184
0.916047 0.810662 10.4728 3.398
1.28675 0.810662 9.84614 3.398
1.28675 0.810662 9.84614 3.398
1.07348 0.810662 9.84614 0.834171
1.07348 0.834619 9.23502 1.97962
0.861989 0.970069 11.4481 1.97962
1.5093 0.970069 10.6754 1.97962
0.781774 1.05912 9.73855 3.92885
0.781774 1.20433 9.73855 5.93614
0.781774 1.20433 9.73855 6.82388
0.884521 1.2524 9.73855 7.82022
1.12904 1.14709 9.73855 8.19662
1.26159 0.359448 9.73855 8.19662
1.26159 0.359448 9.73855 8.19662
1.26159 0.359448 9.73855 7.76211
1.26159 0.234003 9.73855 7.76211
1.37649 0.234003 10.5721 5.88406
1.37649 0.234003 10.5721 5.88406
1.40783 0.234003 11.1022 5.88406
1.40783 0.234003 11.1022 5.88406
1.40783 0.234003 9.80869 4.65049
1.02054 0.234003 9.80869 2.70106
1.02054 0.234003 8.66888 2.70106
1.02054 0.234003 8.61562 2.30249
1.3438 0.529456 8.61562 4.29236
1.3438 0.529456 8.11838 2.59039
1.3438 0.529456 8.26079 2.59039
1.22923 0.274931 5.57056 2.59039
1.166 0.274931 5.57056 2.44626
1.166 0.274931 4.88788 1.94214
1.31262 0.17399 6.01922 4.19473
1.31262 0.17399 5.09017 4.70588
1.31262 1.61372 5.09017 4.70588
1.31262 1.38218 5.09017 4.70588
1.31262 1.38218 4.94704 4.70588
0.912829 1.38218 4.94704 4.70588
0.912829 1.10992 4.94704 6.02719
1.70981 1.10992 4.94704 6.02719
1.70981 0.708127 3.37198 5.59031
1.70981 2.03582 4.2824 5.41795
1.53965 2.03582 4.2824 7.51231
1.57516 1.51637 4.2824 9.05058
1.57516 0.94403 5.76811 9.21865
1.53886 0.94403 5.23058 9.70531
1.53886 0.900171 7.5184 9.28905
2.29679 0.900171 7.5184 8.6199
2.0245 0.900171 7.49864 6.26419
1.52184 1.12397 7.49864 6.26419
2.09092 1.12397 8.59173 7.88253
1.77785 0.590427 8.59173 6.91093
1.8495 0.671426 6.18991 8.10751
0.811028 1.02659 6.51373 8.50792
0.407802 1.11794 6.51373 6.93486
0.407802 1.11794 4.26643 6.32352
0.407802 1.60603 4.26643 7.06713
0.407802 1.60603 4.26643 7.06713
0.407802 1.36556 6.57189 6.62635
0.407802 1.36556 6.57189 6.62635
0.407802 1.36556 6.57189 9.61905
0.407802 1.24794 6.79049 9.61905
0.407802 1.44255 7.12375 9.61905
0.407802 1.70808 7.94489 9.61905
0.915196 1.32026 6.19834 9.61905
1.05556 1.43828 6.19834 10.9683
1.46731 1.43828 6.19834 10.9683
1.46731 0.445877 6.24432 9.18201
1.63339 0.445877 8.21879 7.94481
1.63339 0.445877 8.21879 5.36691
2.02105 0.438499 6.15789 5.36691
1.13221 0.411751 6.15789 5.36691
2.14555 0.411751 7.51478 3.82329
2.24078 0.411751 7.51478 3.82329
1.24238 0.411751 8.43211 3.82329
1.24238 0.411751 8.43211 5.25701
1.24238 0.238438 6.33344 4.13629
1.24238 0.238438 6.33344 4.13629
1.25406 0.238438 9.16056 6.51255
1.0047 0.238438 6.35738 6.51255
1.23974 0.238438 6.35738 6.51255
1.10877 0.481828 6.35738 6.51255
0.383046 0.481828 6.13945 6.51255
0.383046 0.481828 6.13945 6.51255
0.383046 0.481828 6.13945 6.51255
0.383046 1.54665 6.13945 6.51255
1.11327 1.54665 6.13945 6.51255
1.11327 1.03517 6.13945 7.64039
1.74168 1.03517 6.21419 8.60289
1.74168 1.17948 6.21419 8.60289
1.4901 1.68269 8.65622 7.96237
2.1837 1.89684 6.2243 7.96237
0.860226 1.89684 6.2243 8.18747
0.846404 1.89684 6.2243 8.61416
0.846404 1.80889 6.2243 9.34757
0.590571 1.80889 6.2243 8.45224
0.815623 2.24322 6.11847 8.4511
0.815623 2.24322 5.66229 8.4511
0.963531 1.83746 5.66229 10.3959
0.963531 2.23028 2.17751 10.3959
0.963531 1.57178 2.17751 10.3328
0.963531 1.17264 2.17751 10.3328
1.23424 1.68589 4.61999 10.2709
0.801855 2.02375 5.7434 7.50553
0.951166 1.93201 4.74286 7.50553
0.912696 1.93201 4.74286 7.50553
0.912696 1.29566 3.84623 7.50553
0.912696 0.893439 4.86322 7.50553
0.580064 1.01354 4.86322 8.09215
1.28909 1.16539 4.86322 8.09215
1.28909 0.912813 4.86322 8.09215
0.817981 0.912813 4.86322 8.09215
0.795422 1.35497 4.86322 5.52766
1.32602 1.57915 4.86322 3.39205
0.982343 1.9857 2.02126 3.9119
0.982343 1.89157 2.02126 5.40505
0.982343 1.89157 2.02126 5.57885
0.982343 1.21233 2.02126 5.57885
0.902256 1.21233 2.02126 4.79681
0.902256 1.21233 2.02126 4.79681
0.902256 0.918276 2.02126 4.74197
0.661322 1.61811 2.02126 4.74197
0.661322 1.29015 2.02126 4.74197
1.85284 1.29015 2.02126 4.74197
1.85284 1.32387 2.02126 3.96252
1.74507 1.32387 2.02126 2.8578
1.63523 1.32387 2.02126 2.8578
1.63523 1.32387 1.84384 2.8578
1.97637 1.32387 1.84384 3.29069
1.97637 1.32387 1.84384 3.29069
2.48842 1.32387 1.84384 3.29069
1.96883 1.32387 1.84384 3.29069
2.21646 0.945671 1.84384 0.667286
1.6989 0.945671 1.84384 1.54828
1.6989 0.945671 1.84384 1.54828
1.73862 0.945671 1.84384 1.54828
1.1596 0.945671 1.84384 3.47006
1.1596 1.11888 1.84384 3.47006
1.1596 1.11888 1.84384 2.83738
1.1596 1.11888 1.84384 4.35164
0.934138 1.11888 2.40487 4.45711
0.529471 1.11888 2.40487 4.45711
0.529471 1.11888 2.77816 1.75546
0.529471 1.11888 2.77816 1.75546
0.529471 1.15102 2.77816 1.76092
0.529471 1.15102 1.28157 1.76092
0.529471 1.20559 1.28157 1.76092
0.529471 1.15995 1.28157 1.87374
0.529471 0.637455 2.82041 4.32756
0.529471 0.637455 2.65393 6.36468
0.529471 0.637455 1.79144 6.81289
0.529471 0.680732 1.79144 5.14041
0.529471 0.680732 2.62706 6.96686
0.529471 0.900297 2.62706 7.14118
0.529471 0.900297 2.62706 7.14118
0.529471 1.15317 2.62706 7.14118
0.529471 1.11874 2.403 6.61328
0.529471 1.11874 2.403 6.61328
0.529471 1.11874 2.403 6.61328
0.529471 0.692923 2.21871 6.61328
1.01902 0.692923 2.21871 7.73193
1.01902 0.478411 2.21871 7.73193
1.01902 0.473333 2.21871 8.56075
1.0633 0.473333 2.21871 9.07175
1.62803 0.658175 2.38285 9.16312
1.62803 0.933734 2.38285 9.16312
1.62803 0.933734 2.38285 8.53795
1.62803 2.51053 3.69298 6.74964
1.67937 2.51053 3.69298 6.74964
1.67937 2.51053 4.50183 6.74964
1.67937 2.20914 2.95169 6.74964
2.95979 2.66089 3.39889 6.74964
2.53583 1.86542 2.00634 7.14273
2.53583 1.38899 2.00634 4.90855
3.24753 2.03807 2.00634 4.14969
3.24753 2.03807 2.00634 4.14969
3.85592 2.03807 2.00634 4.14969
3.44491 2.34139 2.4376 4.14969
3.65227 2.61029 2.4376 4.14969
3.05206 2.61029 4.33073 4.86054
2.91231 2.61029 4.98862 3.778
2.91231 2.61029 4.98862 3.778
2.68041 2.37187 4.98862 3.778
2.68041 2.37187 6.29974 4.57122
2.50732 2.13802 6.29974 4.57122
2.7595 2.09209 6.29974 6.52331
2.7595 2.43938 6.29974 2.66922
3.60984 2.43938 6.29974 2.66922
3.06314 1.15201 4.18144 4.00881
2.58725 1.10867 4.18144 4.43917
2.58725 1.10867 5.28537 4.43917
2.58725 1.29969 3.66576 3.30181
2.13235 1.29969 2.61472 3.30181
2.0647 1.07173 2.61472 3.30181
1.88429 1.07173 4.512 3.30181
1.88429 1.07173 3.55005 3.40875
1.42287 1.09466 7.16179 4.98919
1.42287 1.09466 5.02638 4.98919
1.42287 2.33344 4.15561 4.70654
1.43361 2.25109 4.30002 4.70654
1.43361 0.757182 4.30002 4.81316
1.43361 0.757182 4.30002 4.81316
1.43361 0.74764 4.30002 4.61778
0.767116 0.74764 4.30002 4.29856
0.767116 1.02859 5.39716 4.29856
0.940387 1.47318 5.97351 5.36372
1.66078 1.47318 5.97351 5.36372
1.66078 1.47842 3.96937 5.36372
1.02282 1.53967 3.0317 1.34895
1.38803 1.26636 3.0317 1.34895
1.22248 0.805329 3.25546 1.34895
1.04878 0.805329 3.25546 1.34895
1.04878 0.93631 3.25546 1.34895
1.04878 0.93631 3.25546 1.34895
1.04878 0.93631 3.25546 3.68271
1.67694 0.786807 3.25546 3.68271
1.67694 0.786807 3.25546 2.67471
1.67694 1.70207 3.25546 3.06041
1.67694 1.67781 2.82412 3.06041
1.67694 1.7212 2.82412 3.06041
1.67694 1.42482 2.82412 3.06041
1.67694 0.934557 2.82412 3.06041
1.38488 0.934557 2.82412 2.6799
1.38488 1.15262 2.82412 3.03527
1.2149 1.45972 2.82412 3.03527
1.52894 1.45972 4.34413 3.03527
1.06565 1.45972 3.83055 1.31141
0.588757 1.45972 3.06688 2.38481
0.588757 1.72226 5.89728 2.52088
0.849969 1.72226 5.89728 2.52088
0.849969 1.41983 6.3014 2.52088
0.849969 1.41983 6.3014 1.92003
0.926337 1.12359 5.20416 4.67447
0.926337 0.852542 5.24675 4.67447
0.926337 1.24635 3.75911 0.854261
1.14629 1.24635 1.91358 0.854261
1.14629 1.24635 1.91358 0.304608
0.991683 1.98338 3.9244 2.68077
0.991683 1.98338 5.7804 3.85128
0.991683 0.970054 3.81279 3.85128
1.35007 0.970054 3.31511 3.85128
1.35007 2.35132 3.58979 4.23053
1.35007 2.5087 3.58979 4.23053
1.35007 2.90933 2.24901 4.23053
1.35007 3.96911 2.24901 4.72081
0.944561 4.21681 1.82231 4.72081
0.769668 4.21681 2.42528 4.49611
0.769668 4.0081 2.42528 4.14221
0.769668 2.99206 2.42528 4.14221
0.769668 2.77598 2.42528 5.42155
0.769668 2.77598 2.42528 5.42155
0.769668 2.77598 4.75043 4.12442
1.12128 2.77598 4.75043 4.85291
1.40175 3.2621 4.04457 5.71871
1.40175 3.50513 3.16516 5.71871
1.40175 2.47936 3.16516 2.66256
1.40175 2.18999 3.91829 2.66256
0.97086 2.18999 4.05365 2.66256
1.03168 2.33781 4.05365 2.66256
1.03168 2.00367 5.22328 2.66256
1.03168 1.76635 4.64419 3.41409
0.983632 2.21005 2.45277 6.08082
1.53954 2.21005 2.45277 7.01742
1.65785 1.78647 2.45277 7.01742
1.65785 1.78647 2.45277 7.01742
1.68632 1.25997 2.45277 7.01742
1.95459 1.92173 2.45277 4.98819
1.95459 1.92173 2.45277 4.98819
1.95459 1.92173 2.62567 4.36519
1.95459 2.38746 2.62567 4.36519
0.413726 2.57652 1.86011 4.36519
0.413726 2.49234 1.86011 4.36519
0.413726 2.49234 1.86011 4.36519
0.413726 2.06507 3.12237 3.81255
0.413726 2.26927 2.7494 6.2546
0.562468 2.26927 3.68182 3.94027
0.562468 2.5807 3.68182 5.23664
0.779303 3.03901 3.68182 6.34473
0.779303 3.03901 3.68182 7.12343
0.779303 2.3994 3.68182 6.59566
0.779303 2.70522 4.47314 5.76017
0.779303 2.70522 6.3632 6.31561
0.779303 2.01067 5.31685 4.26254
0.779303 1.95557 5.31685 2.31082
0.779303 0.935443 3.07126 2.31082
0.779303 0.935443 4.06879 2.31082
0.779303 0.935443 4.06879 2.31082
1.2164 0.935443 4.06879 2.41131
0.750761 0.935443 4.06879 2.41131
0.776744 0.846235 4.06879 2.41131
1.48367 1.23987 4.06879 2.41131
1.48367 1.93907 4.4564 2.41131
2.05841 1.93907 4.4564 2.41131
2.05841 1.93907 2.23126 2.7962
1.62286 1.93907 4.34602 2.7962
1.93063 1.52889 2.78115 2.7962
1.93063 1.52889 2.78115 2.7962
1.93063 1.52889 2.78115 1.83948
1.93063 1.43068 3.53076 3.62545
1.09669 1.43068 3.53076 3.66363
1.3483 1.43068 3.53076 3.66363
1.3483 1.42991 3.53076 4.11032
1.3483 1.42991 4.68153 4.11032
2.28024 1.45639 2.29425 4.11032
3.85009 0.822094 4.90635 4.11032
3.85009 0.822094 4.90635 1.96164
3.85009 0.822094 3.66479 1.03915
3.94722 1.52669 3.66479 3.43129
4.21479 1.52669 5.25195 3.43129
5.03476 1.52669 5.25195 5.19176
5.03476 1.52669 5.30146 5.0394
5.03476 1.52669 5.30146 5.0394
4.43506 0.634334 5.30146 5.0394
4.43506 1.61696 4.18321 5.0394
4.50657 1.61696 4.18321 5.0394
4.89212 1.51909 4.18321 7.24285
4.94016 1.26358 3.38597 7.24285
4.94016 1.01899 3.38597 7.24285
3.89932 1.01899 3.38597 7.24285
3.89932 1.01899 4.09082 5.57281
3.89932 1.01899 4.09082 5.57281
3.89932 0.456124 3.22531 5.57281
3.37713 0.822469 3.22531 5.57281
2.08514 0.822469 4.7655 4.05898
2.08514 1.19059 3.80327 4.05898
2.09865 1.27606 6.67915 4.05898
2.38057 0.947523 6.67915 4.05898
2.38057 1.13786 6.95016 5.75743
1.74362 0.885961 6.95016 7.44847
1.67876 0.461086 5.309 7.44847
1.58627 0.461086 2.11044 7.44847
1.58627 0.461086 2.11044 7.44847
1.58627 0.461086 2.11044 6.69454
2.20302 0.461086 2.11044 6.05637
2.21554 0.461086 2.11044 6.05637
2.61929 0.461086 2.25194 5.72281
2.68212 0.461086 1.52356 7.27267
2.49764 0.461086 1.46059 7.27267
1.25803 0.461086 3.00954 5.59122
0.580237 0.834504 3.86472 3.75873
0.78987 0.834504 3.86472 3.75873
0.78987 0.834504 4.30195 3.75873
0.78987 0.834504 5.42318 5.38706
1.21748 0.834504 5.18844 6.19251
1.21748 0.834504 5.18844 6.19251
1.71174 0.834504 5.18844 6.19251
2.13759 0.834504 5.69864 6.19251
0.803378 0.834504 5.69864 8.22658
0.444465 0.834504 5.69864 7.87505
0.897942 0.834504 5.69864 7.87505
0.625782 1.64416 3.4753 7.87505
0.625782 1.64416 3.4753 7.87505
0.625782 1.64416 3.4753 7.87505
0.51944 1.64416 4.60145 7.87505
0.51944 1.64416 4.60145 6.50476
0.51944 1.64416 4.60145 5.54473
0.51944 1.64416 3.56716 6.23756
0.51944 1.64197 3.56716 6.23756
0.51944 1.67071 3.56716 6.23756
0.51944 0.684605 1.18954 4.93714
0.926243 1.36709 4.00888 6.4481
0.926243 1.36709 1.65103 6.4481
0.494614 1.36709 1.65103 2.77479
1.43483 1.36709 1.65576 3.37661
1.48456 1.99643 1.65576 3.37661
1.54459 1.99643 1.65576 3.37661
1.51046 1.99643 1.65576 3.37661
2.7924 1.93885 1.65576 4.17325
2.97806 1.93885 1.65576 5.35913
3.64913 1.93547 4.17216 5.35913
2.70555 2.43769 2.60574 1.43568
2.33782 1.60103 3.16588 1.43568
2.33782 1.60103 4.5607 9.33634
2.21957 2.27174 4.5607 8.97511
2.21957 2.27174 4.5607 9.80714
2.46831 2.75062 3.92012 9.80714
2.48402 2.75062 3.92012 9.80714
2.48402 3.27245 4.60588 9.589
2.48402 3.27245 4.60588 10.3585
2.48402 2.93419 7.95355 10.3585
2.39226 2.40753 8.13757 10.4155
2.39226 2.48279 8.13757 10.4155
1.3648 2.04523 8.13757 12.257
1.3648 2.04523 7.22831 12.4574
1.2088 2.10588 6.84789 11.1712
1.2088 2.10588 6.00754 10.1179
0.721621 2.05203 3.24952 10.1179
0.904121 2.05203 3.24952 9.98802
0.904121 1.74496 5.68168 9.98802
0.904121 1.74496 6.23898 9.98802
1.29882 1.85102 6.23898 9.23338
1.29882 1.41394 3.40579 9.75911
1.95484 1.77375 5.28416 9.75911
1.95484 1.77375 5.55939 9.75911
1.46248 1.77375 2.87223 8.87437
1.46829 1.86353 2.87223 9.02307
2.148 1.86353 2.87223 9.02307
2.148 1.86353 2.87223 9.02307
1.97741 1.51861 2.10411 6.0267
1.97741 1.77394 2.10411 3.54965
2.29069 1.77394 2.10411 4.34501
2.3849 2.16055 3.89553 4.34501
2.3849 2.16055 3.85847 4.34501
2.71726 1.72827 4.53861 4.34501
2.97463 1.70574 4.53861 4.34501
2.22245 1.93847 3.7713 5.52783
2.53805 1.93847 3.7713 5.52783
2.88272 2.56574 4.22955 4.01453
3.1248 2.7532 4.22955 5.48026
2.45308 2.7532 5.211 5.48026
2.45308 2.95683 5.211 3.03623
2.0176 2.95683 5.7312 3.03623
2.0176 3.41914 5.7312 3.60846
2.08884 2.90125 5.7312 4.73225
1.56294 2.90125 5.7312 4.62973
1.62217 2.90125 5.7312 4.62973
1.62217 3.2163 7.17802 4.62973
2.08296 3.27044 8.85474 4.37753
2.20576 3.19183 7.36433 4.37753
1.33925 3.19183 7.36433 5.46555
1.33925 1.3831 5.09045 4.90175
1.1925 1.3831 6.98718 4.90175
0.856092 0.475945 6.98718 6.02492
0.895692 0.475945 6.98718 4.7771
0.895692 0.475945 6.98718 4.7771
0.895692 0.475945 6.98718 3.38163
0.895692 0.653387 5.28745 2.75587
0.895692 1.04455 7.77603 2.75587
1.96361 1.04455 7.77603 2.75587
1.96361 1.04987 7.77603 1.28822
1.92723 1.46561 6.28452 1.28822
1.3668 1.46561 6.28452 1.28822
1.82482 1.87027 4.87926 1.28822
1.30286 2.24766 5.04586 1.28822
1.30286 1.00821 6.70974 1.28822
1.30168 1.12823 5.64112 2.19938
1.04755 1.12823 5.64112 2.19938
1.04755 1.12823 5.10185 2.19938
1.04755 2.1061 4.69765 2.19938
0.723506 2.21992 4.31013 2.19938
0.402905 2.49768 2.404 3.66571
0.402905 2.31308 3.39477 3.66571
0.402905 2.0282 3.39477 3.66571
0.402905 2.19506 5.69017 2.58623
0.319427 2.19506 3.73521 3.54454
0.319427 1.53906 3.91668 1.56797
0.319427 0.760299 3.91668 1.56797
0.319427 0.760299 4.58196 4.39951
0.941973 0.760299 4.91372 4.39951
0.941973 0.760299 4.91372 4.39951
0.941973 0.39419 4.91372 4.39951
0.941973 0.39419 5.90428 3.74258
1.14861 0.39419 5.99221 3.74258
1.14861 0.39419 7.38685 3.74258
1.14861 0.39419 6.44985 3.74258
1.27788 0.39419 6.44985 3.74258
1.27788 0.734743 6.44985 3.74258
1.27788 1.25944 8.59698 3.74258
1.27788 0.975763 9.44763 2.73146
1.21965 0.975763 8.45552 2.73146
1.51842 0.975763 8.45552 2.73146
2.00593 0.975763 7.29693 2.07582
2.00593 0.379477 6.37876 2.07582
2.76096 0.379477 7.68054 3.15249
2.81088 0.520401 7.36023 3.23908
2.53045 0.520401 7.36023 3.23908
2.53045 0.808692 7.58595 3.23908
2.39468 0.710547 6.92871 3.23908
2.39468 0.710547 6.92871 3.23908
2.1124 0.710547 6.92871 4.56621
2.22292 0.710547 5.75373 4.56621
2.22292 0.710547 5.75373 4.56621
2.22292 0.710547 5.41109 5.24
2.2052 0.710547 5.41109 5.24
1.24745 0.710547 5.41109 5.24
1.64385 0.892175 5.41109 5.84343
1.64385 0.904253 5.41109 8.37564
1.28159 0.904253 7.15401 8.37564
1.28159 0.904253 6.73818 5.61619
1.28159 0.904253 6.73818 5.61619
1.28159 0.904253 6.73818 5.61619
0.648617 0.638679 6.73818 5.61619
0.648617 1.20603 5.79032 5.61619
0.648617 1.68554 2.81613 5.61619
0.648617 1.45697 3.5737 5.61619
1.58596 0.662124 3.5737 5.92962
1.81946 0.810466 3.57576 4.56439
1.81946 0.810466 5.13111 4.56439
1.03134 1.76204 4.59383 4.56439
0.47375 1.76204 4.59383 4.56439
0.47375 1.76357 4.59383 4.29063
0.47375 1.82882 4.40978 3.97898
0.47375 1.10284 4.86535 3.97898
0.47375 1.00551 4.86535 3.97898
0.47375 0.968237 4.86535 3.85735
1.43208 0.968237 5.08806 5.67516
0.939582 0.593976 8.14142 5.67516
0.939582 0.343428 8.14142 4.25569
1.22489 0.343428 8.14142 5.92963
0.568598 0.343428 8.14142 5.92963
1.04498 0.343428 7.52598 6.25935
1.04498 0.343428 5.4293 6.25935
1.04498 0.343428 7.04291 6.25935
1.44121 0.343428 7.04291 6.53947
1.74985 0.343428 7.04291 5.53282
1.7851 0.343428 5.85899 5.18958
1.7851 0.343428 5.85899 5.18958
1.31137 0.302658 5.85899 4.93369
1.15735 0.302658 5.85899 4.93369
1.15735 0.302658 5.77962 4.93369
1.79453 1.30285 5.77962 4.93369
1.7985 1.30285 6.17603 4.93369
1.5003 1.30285 7.27975 4.93369
1.97897 1.07609 7.27975 4.93369
1.97897 1.07609 7.27975 4.6196
1.51993 0.759524 7.27975 3.76186
1.51993 0.759524 7.27975 5.15731
0.930101 0.759524 7.27975 4.91325
0.503931 0.759524 8 5.85326
0.503931 0.741568 9.34263 5.85326
0.687466 0.741568 9.52215 5.85326
0.687466 1.67168 9.52215 5.85326
0.687466 0.764331 9.52215 5.85326
0.687466 1.45675 9.13767 7.1766
0.779786 1.45675 9.13767 8.43991
0.864607 0.780286 9.13767 5.92955
0.864607 0.780286 9.13767 5.92955
0.864607 0.623007 8.64537 5.92955
0.864607 0.623007 8.64537 5.68678
0.864607 0.623007 6.8017 5.791
0.864607 0.697072 6.8017 6.39413
0.208325 0.509199 6.11059 6.39413
0.208325 0.509199 5.24357 7.92626
0.208325 0.879426 5.24357 7.92626
0.208325 0.879426 7.07718 7.73469
0.208325 0.662632 7.07718 7.73469
0.208325 0.662632 9.1997 7.73469
0.208325 0.662632 6.52837 6.65187
0.208325 0.662632 5.47126 6.65187
0.208325 1.06041 5.47126 6.65187
0.208325 1.06041 5.47126 6.65187
0.208325 0.811774 4.25367 6.9852
0.65525 0.811774 4.25367 6.9852
0.65525 1.86798 5.61038 6.64381
0.396391 2.1477 4.65633 5.94487
1.11749 1.70262 4.65633 5.94487
1.71937 1.70262 6.59424 5.94487
1.71937 2.81029 4.4304 5.94487
1.71937 3.02611 4.4304 6.78339
1.71937 2.97839 4.60391 6.78339
1.71937 2.7824 4.60391 7.90083
1.71937 2.0277 5.24537 5.83052
1.71937 2.0277 4.22033 6.85472
0.711013 2.0277 4.22033 6.85472
0.711013 2.0277 4.22033 6.85472
1.19735 2.0277 1.76565 5.46419
1.25221 2.07539 2.23621 5.46419
1.03671 1.14044 2.23621 2.86673
1.46284 2.12254 1.24421 3.8035
1.01271 2.12254 1.24421 4.28526
0.618182 2.16809 3.81329 5.28652
0.618182 1.71534 3.81329 5.28652
0.618182 1.71534 3.81329 5.28652
0.618182 0.94958 3.81329 3.97123
0.618182 0.936746 3.81329 5.42482
0.767527 0.936746 3.99425 7.78512
0.767527 1.08781 6.72189 7.78512
0.767527 1.09568 6.72189 7.78512
1.62473 1.18626 6.72189 7.78512
1.62473 1.18626 6.12058 7.78512
1.62473 1.18626 4.96454 4.34751
1.4931 1.18626 4.96454 5.31641
1.47956 1.18626 4.64135 4.02851
1.47956 1.3567 4.68355 1.11714
1.47956 1.3567 3.60087 1.77562
1.4034 1.3567 3.60087 0.842305
0.66439 1.02736 3.60087 0.842305
0.655805 1.02736 3.60087 0.741255
0.465201 1.02736 3.60087 0.741255
0.465201 1.02736 3.60087 0.741255
0.465201 1.13068 3.60087 2.94395
1.47555 1.50554 3.32471 2.94395
1.47555 1.50554 3.32471 3.64718
1.85354 1.35202 6.04592 4.24596
1.85354 1.41369 4.43444 4.24596
1.15852 1.04049 6.51372 4.34986
1.76408 1.04049 6.51372 4.34986
1.76408 1.29613 6.51372 4.36756
1.37374 1.29613 6.51372 4.36756
1.37374 1.29613 6.73888 4.36756
1.37374 1.26643 6.85284 4.36756
1.37374 1.24192 8.48773 2.58071
1.37374 1.24192 8.48773 2.58071
2.07002 1.24189 9.69988 2.58071
2.07002 1.20889 9.68439 1.55816
2.09237 1.20889 9.68439 4.23704
2.5419 1.20889 9.21911 1.66618
1.97923 1.54333 11.8904 1.66618
1.2248 1.54333 11.4083 3.66623
1.2248 1.54333 11.4083 5.41903
1.70763 1.54333 11.4083 5.23992
2.21413 1.24564 11.4083 5.23992
2.21413 1.24564 11.5359 5.23992
1.80126 1.3245 11.7015 4.83137
1.80126 1.99139 10.2116 5.05688
1.11458 1.96779 9.54093 3.76104
1.11458 1.3931 9.54093 3.76104
1.11458 0.762351 9.54093 3.76104
1.11458 0.762351 9.54093 3.76104
1.11458 1.27324 8.34359 3.76104
1.31038 1.27324 8.34359 5.7991
1.31038 1.27324 8.34359 4.80781
1.31038 1.43547 8.34359 4.80781
1.18673 1.85065 8.33726 4.80781
1.2816 1.87167 8.33726 4.80781
0.999146 1.98974 8.33726 4.80781
0.999146 1.95905 6.39778 4.80781
0.880934 1.95905 6.39778 3.98357
1.46898 1.67884 10.1204 3.98357
2.2217 1.37383 8.9247 6.13174
2.64846 1.2317 6.51258 4.65047
2.64846 1.2317 7.03162 4.65047
1.81391 2.11584 4.76925 4.65047
2.30077 2.27085 4.76925 4.65047
2.08412 2.052 4.76925 7.56691
2.08412 2.0345 4.76925 7.56691
3.17065 2.10847 5.23614 7.56691
3.17065 2.10847 5.23614 7.56691
3.65429 2.10847 2.82086 7.59212
3.65429 2.10436 2.82086 7.59212
3.65429 2.02371 2.82086 6.04272
3.65429 1.31969 2.82086 5.4863
3.82087 1.31969 2.82086 5.4863
2.9679 2.57918 2.82086 8.21241
2.92156 2.57918 2.82086 7.66177
2.80364 3.25648 2.82086 9.76221
2.79645 3.25648 6.49178 7.88036
2.71527 3.25648 6.49178 7.88036
2.26305 3.25648 6.49178 7.50186
1.73863 3.25648 5.43518 4.06133
1.73863 2.46701 5.43518 2.86329
1.84343 2.46701 6.05785 3.3741
1.58682 2.46701 7.01624 3.3741
1.40451 2.46701 9.74599 3.3741
0.666545 2.46701 7.82946 3.3741
0.666545 2.46701 7.82946 3.3741
0.66774 2.15005 5.68357 3.3741
0.66774 2.15005 5.68357 7.66426
0.66774 2.89567 5.11471 8.34375
0.66774 3.12307 5.11471 6.18415
0.66774 3.26088 5.11471 6.18415
0.66774 3.26088 7.76069 6.18415
0.954428 3.26088 7.76069 6.1394
0.954428 3.26088 7.76069 6.38412
0.954428 3.15025 6.66788 3.40587
0.954428 4.65275 4.664 3.40587
0.954428 4.00326 4.664 4.21106
0.967539 5.93968 4.60169 4.21106
0.967539 5.93968 4.60169 4.21106
0.967539 4.60686 4.20401 4.56228
0.967539 4.49791 4.87465 4.56228
0.967539 4.44665 6.13805 3.81625
1.03151 3.5354 6.46715 3.32263
0.88625 4.62522 4.04075 3.32263
0.88625 4.62522 4.04075 3.32263
0.88625 4.32741 4.04075 1.13796
1.06564 4.43798 4.78192 2.34737
0.357785 4.43798 5.56502 2.34737
0.357785 4.98638 5.56502 5.42366
0.357785 4.98638 2.62841 4.84448
0.734498 4.16707 2.62841 4.84448
0.734498 4.16707 1.76 4.84448
0.734498 4.80111 1.76 4.84448
1.43164 4.80111 1.76 6.29476
1.43164 4.86913 3.22879 5.35705
1.83781 5.837 3.22879 5.35705
1.83781 4.2971 3.22879 5.34446
1.83781 4.2971 4.1373 6.59353
1.83781 3.85885 3.23369 6.74443
1.83781 3.85885 3.23369 6.74443
1.84338 3.85885 3.23369 6.74443
0.919755 3.99657 3.23369 7.69332
0.919755 3.99657 3.23369 7.37217
0.919755 4.3425 3.23369 7.37217
0.919755 4.63188 3.23369 7.37217
0.919755 4.63188 3.23369 3.68683
0.919755 4.63188 3.23369 2.2335
0.919755 4.63188 3.23369 2.2335
1.1875 3.88544 3.23369 1.72257
1.1875 3.70437 3.23369 3.4252
0.774851 3.31355 3.23369 4.43637
0.561155 3.19308 3.23369 4.40917
1.32691 3.19308 3.23369 4.40917
1.32691 1.80327 3.23369 4.40917
1.78711 1.83877 5.03047 6.13218
1.08294 2.05306 3.1252 6.13218
1.08294 1.35027 3.1252 6.13218
0.925122 1.35027 3.1252 3.18828
1.19856 1.35027 2.89612 4.68008
1.19856 1.35027 2.89612 4.68008
1.19856 1.35027 3.09047 4.68008
1.19856 1.35027 3.99449 5.23547
1.66596 1.22878 5.8111 5.23547
1.66596 1.27427 7.01802 5.68397
1.66596 1.50972 7.14738 5.38844
1.42775 1.50972 7.14738 5.38844
1.42775 1.50972 7.46842 5.39049
1.88196 1.49282 5.00115 5.39049
1.88196 1.49282 4.77705 5.90966
1.88196 1.14726 4.77705 5.88475
1.88196 1.05164 4.77705 5.88475
1.38421 1.05164 5.32167 7.4144
1.38421 1.05164 5.32167 6.68428
0.84712 1.81696 5.32167 6.68428
0.642275 1.34743 7.27602 4.7774
0.834226 1.34743 4.57078 4.7774
0.834226 1.17144 4.57078 4.7774
1.64039 0.881785 2.14113 4.7774
2.17907 1.31457 2.14113 4.7774
1.24098 2.12138 2.14113 7.23906
1.5136 2.12138 2.14113 7.46887
1.07963 2.77686 2.14113 7.46887
1.72273 2.77686 2.14113 7.66558
2.50144 2.56175 5.87234 7.66558
2.50473 3.54768 5.87234 10.0061
2.4816 3.54768 3.41294 12.1179
2.26215 3.6143 3.41294 9.96586
2.26215 3.6143 4.25703 7.94804
2.26215 3.83215 4.69085 7.94804
1.15692 3.88673 4.32045 8.90652
1.87578 3.88673 3.83881 6.86896
3.02832 3.88673 3.25687 9.06894
2.77621 2.84105 3.25687 9.06894
2.77621 2.84105 4.60629 9.06894
1.90123 2.84105 5.73473 8.87649
2.26699 2.21628 3.1615 7.32383
2.26699 2.04611 3.1615 7.79119
3.09648 1.04329 3.1615 7.79119
2.99392 1.04329 3.1615 7.79119
2.1839 1.43363 3.1615 6.84556
