1 1.00513 0
2 1.00317 0.00138784
3 1.00132 0.00176791
4 1.00272 0.00179439
5 1.00069 0.00231719
6 0.999807 0.00209117
7 1.00036 0.00186435
8 1.00121 0.00181305
9 1.00142 0.00162455
10 1.00112 0.00148975
11 1.00108 0.00135496
12 1.00018 0.00151212
13 0.999402 0.00158226
14 0.999071 0.00150347
15 0.999108 0.0014037
16 0.9992 0.00131896
17 0.999092 0.00124576
18 0.999534 0.00125238
19 0.999717 0.00119982
20 0.999649 0.00114177
21 0.999706 0.00108882
22 0.999608 0.00104372
23 0.999641 0.000998863
24 0.999978 0.00101234
25 1.00007 0.000975632
26 1.00008 0.000938237
27 1.00019 0.000909305
28 1.0002 0.000876956
29 1.00023 0.000847124
30 1.00012 0.000825921
31 1.00036 0.000833512
32 1.00043 0.000810647
33 1.00065 0.000814137
34 1.00061 0.000791183
35 1.00044 0.000785438
36 1.00034 0.000770737
37 1.00045 0.000758636
38 1.00044 0.000738819
39 1.00044 0.000719891
40 1.00053 0.000707282
41 1.00039 0.000704555
42 1.00033 0.000690296
43 1.00042 0.000680051
44 1.00051 0.000670417
45 1.00048 0.000656222
46 1.00049 0.000642242
47 1.00055 0.000631123
48 1.00054 0.000618093
49 1.00047 0.00060939
50 1.00054 0.000601022
51 1.00045 0.000595021
52 1.00048 0.000584189
53 1.00046 0.000573455
54 1.0004 0.000566419
55 1.00054 0.00057348
56 1.00053 0.000563422
57 1.0006 0.000557953
58 1.00053 0.000551831
59 1.00053 0.000542496
60 1.00049 0.000534811
61 1.00055 0.000528987
62 1.00047 0.000526139
63 1.00047 0.000517791
64 1.0005 0.000510464
65 1.00054 0.000504643
66 1.00058 0.000498285
67 1.00065 0.000495448
68 1.00067 0.000488855
69 1.0006 0.000487311
70 1.0006 0.000480352
71 1.00062 0.000474074
72 1.00059 0.000468341
73 1.00064 0.00046444
74 1.00056 0.000465085
75 1.00053 0.000459918
76 1.00042 0.000466219
77 1.00043 0.000460336
78 1.00034 0.000463558
79 1.0003 0.000459046
80 1.00034 0.000455017
81 1.00038 0.000450953
82 1.00034 0.000447729
83 1.00032 0.000442526
84 1.0004 0.000444716
85 1.00047 0.00044365
86 1.00043 0.000440019
87 1.00037 0.000438387
88 1.00028 0.000442513
89 1.0003 0.000437698
90 1.00033 0.000434363
91 1.00043 0.000440569
92 1.00048 0.000438099
93 1.00049 0.000433505
94 1.00053 0.000431222
95 1.00052 0.000426945
96 1.0005 0.00042282
97 1.00056 0.000422688
98 1.00056 0.000418385
99 1.00058 0.000414574
100 1.00061 0.000411452
