1 1.00069 0
2 0.998857 0.00129397
3 1.00156 0.00236842
4 0.996233 0.00494259
5 0.999171 0.00474793
6 0.999214 0.0039568
7 1.00028 0.00353126
8 0.996648 0.00458958
9 0.998187 0.0043299
10 0.996383 0.00425595
11 0.995447 0.00397081
12 0.996052 0.00368569
13 0.995849 0.00340775
14 0.995597 0.0031736
15 0.99627 0.00303249
16 0.998032 0.00331558
17 0.997843 0.00312592
18 0.997245 0.00300896
19 0.997084 0.00285491
20 0.99711 0.00271229
21 0.995199 0.00318626
22 0.994477 0.00312198
23 0.995069 0.00304171
24 0.995768 0.00299435
25 0.995236 0.00292146
26 0.995559 0.00282684
27 0.995964 0.00275099
28 0.996344 0.00267887
29 0.994507 0.00315364
30 0.993958 0.00309608
31 0.993638 0.00301265
32 0.993862 0.0029268
33 0.994168 0.00285413
34 0.994573 0.00279869
35 0.994541 0.00271891
36 0.995758 0.00290307
37 0.996327 0.00287981
38 0.996553 0.00281287
39 0.995972 0.00280002
40 0.995652 0.00274834
41 0.996221 0.00273976
42 0.996605 0.00270122
43 0.997423 0.00275957
44 0.997054 0.00272149
45 0.997101 0.00266142
46 0.997338 0.00261414
47 0.997496 0.00256325
48 0.997764 0.00252389
49 0.997575 0.00247944
50 0.997296 0.00244549
51 0.997324 0.0023977
52 0.997362 0.00235188
53 0.997858 0.00235921
54 0.998054 0.00232372
55 0.998087 0.00228169
56 0.99813 0.00224136
57 0.998098 0.00220227
58 0.998814 0.00227764
59 0.99894 0.00224252
60 0.998695 0.00221848
61 0.998722 0.00218227
62 0.99881 0.00214885
63 0.998462 0.00214279
64 0.998062 0.00214631
65 0.998107 0.00211375
66 0.997963 0.00208659
67 0.997859 0.00205806
68 0.99832 0.00207896
69 0.998278 0.00204925
70 0.998548 0.00203761
71 0.998178 0.00204214
72 0.998348 0.00202084
73 0.998627 0.00201234
74 0.998775 0.00199056
75 0.998736 0.00196439
76 0.998883 0.00194401
77 0.999154 0.00193759
78 0.999235 0.00191445
79 0.999066 0.0018977
80 0.999152 0.00187593
81 0.998812 0.00188337
82 0.999121 0.00188563
83 0.999302 0.00187157
84 0.999673 0.00188571
85 0.999268 0.00190663
86 0.999411 0.00188983
87 0.999573 0.00187507
88 0.999374 0.00186435
89 0.999275 0.00184599
90 0.999235 0.00182591
91 0.999312 0.00180746
92 0.999494 0.0017969
93 0.999813 0.00180567
94 0.999543 0.00180646
95 0.999603 0.00178844
96 0.999399 0.0017814
97 0.999428 0.00176326
98 0.999455 0.00174548
99 0.999328 0.00173246
100 0.999511 0.00172472
