0 12.5854 21.951
1 11.32 19.8404
2 10.5599 18.3886
3 10.5599 17.5195
4 10.4124 16.6384
5 9.71415 16.1539
6 9.69145 15.4626
7 9.20911 14.5945
8 8.74375 14.0642
9 8.45414 13.5437
10 8.25131 12.7355
11 8.05736 12.0385
12 7.76672 11.6715
13 7.75405 11.4115
14 7.53217 11.1238
15 7.37241 10.822
16 6.74634 10.4533
17 6.64118 9.92576
18 6.61796 9.52051
19 6.4045 9.13879
20 6.19383 8.77619
21 6.18837 8.48202
22 6.18837 8.17949
23 5.86939 7.94507
24 5.86939 7.87195
25 5.86878 7.76056
26 5.8035 7.5793
27 5.75928 7.46824
28 5.75928 7.37764
29 5.68219 7.31011
30 5.6088 7.25128
31 5.6088 7.20232
32 5.44659 7.11411
33 5.44659 7.01292
34 5.0663 6.88519
35 5.0663 6.77533
36 5.0663 6.64728
37 5.0663 6.55955
38 5.00102 6.41842
39 5.00102 6.2696
40 5.00102 6.21535
41 5.00102 6.20626
42 5.00102 6.18984
43 5.00102 6.16948
44 4.97775 6.15158
45 4.92467 6.14221
46 4.92467 6.13733
47 4.90141 6.12723
48 4.90141 6.10133
49 4.90141 6.05382
50 4.89755 6.00673
51 4.89755 5.98886
52 4.82181 5.9783
53 4.82181 5.97604
54 4.82181 5.96906
55 4.78616 5.95255
56 4.78616 5.93666
57 4.78616 5.90806
58 4.78616 5.87124
59 4.78616 5.84644
60 4.78616 5.83292
61 4.78616 5.82075
62 4.78616 5.82075
63 4.78616 5.82075
64 4.78616 5.82075
65 4.77905 5.82065
66 4.7584 5.81976
67 4.7584 5.81878
68 4.7584 5.81635
69 4.74775 5.81403
70 4.73269 5.80628
71 4.73269 5.79473
72 4.73269 5.78505
73 4.73269 5.78014
74 4.73269 5.77934
75 4.73269 5.77874
76 4.73269 5.77694
77 4.73269 5.77674
78 4.68115 5.77334
79 4.68115 5.77122
80 4.49799 5.75785
81 4.49799 5.73128
82 4.49799 5.68368
83 4.49799 5.59604
84 4.49799 5.49376
85 4.49799 5.42598
86 4.49799 5.42598
87 4.49799 5.42598
88 4.49799 5.42598
89 4.49799 5.42598
90 4.49799 5.42598
91 4.49799 5.42598
92 4.49799 5.42598
93 4.49799 5.42598
94 4.49799 5.42598
95 4.49799 5.42598
96 4.49799 5.42598
97 4.4924 5.42558
98 4.4924 5.42476
99 4.4924 5.42314
100 4.4924 5.41866
101 4.4924 5.41663
102 4.4924 5.41378
103 4.4924 5.40768
104 4.4924 5.40565
105 4.4924 5.40565
106 4.4924 5.40565
107 4.4924 5.40565
108 4.4924 5.40565
109 4.4924 5.40565
110 4.4924 5.40565
111 4.4924 5.40565
112 4.4924 5.40565
113 4.4924 5.40565
114 4.4924 5.40565
115 4.4924 5.40565
116 4.4924 5.40565
117 4.4924 5.40565
118 4.4924 5.40565
119 4.4924 5.40565
120 4.4924 5.40565
121 4.4924 5.40565
122 4.4924 5.40565
123 4.4924 5.40565
124 4.4924 5.40565
125 4.4924 5.40565
126 4.4924 5.40565
127 4.4924 5.40565
128 4.4924 5.40565
129 4.4924 5.40565
130 4.4924 5.40565
131 4.4924 5.40565
132 4.4924 5.40565
133 4.4924 5.40565
134 4.4924 5.40565
135 4.4924 5.40565
136 4.4924 5.40565
137 4.4924 5.40565
138 4.4924 5.40565
139 4.4924 5.40565
140 4.4924 5.40565
141 4.4924 5.40565
142 4.4924 5.40565
143 4.4924 5.40565
144 4.4924 5.40565
145 4.4924 5.40565
146 4.4924 5.40565
147 4.4924 5.40565
148 4.4924 5.40565
149 4.4924 5.40565
150 4.4924 5.40565
151 4.4924 5.40565
152 4.4924 5.40565
153 4.4924 5.40565
154 4.4924 5.40565
155 4.4924 5.40565
156 4.4924 5.40565
157 4.4924 5.40565
158 4.4924 5.40565
159 4.4924 5.40565
160 4.4924 5.40565
161 4.4924 5.40565
162 4.4924 5.40565
163 4.4924 5.40565
164 4.4924 5.40565
165 4.4924 5.40565
166 4.4924 5.40565
167 4.4924 5.40565
168 4.4924 5.40565
169 4.4924 5.40565
170 4.4924 5.40565
171 4.4924 5.40565
172 4.4924 5.40565
173 4.4924 5.40565
174 4.4924 5.40565
175 4.4924 5.40565
176 4.4924 5.40565
177 4.4924 5.40565
178 4.4924 5.40565
179 4.4924 5.40565
180 4.4924 5.40565
181 4.4924 5.40565
182 4.4924 5.40565
183 4.4924 5.40565
184 4.4924 5.40565
185 4.4924 5.40565
186 4.4924 5.40565
187 4.4924 5.40565
188 4.4924 5.40565
189 4.4924 5.40565
190 4.4924 5.40565
191 4.4924 5.40565
192 4.4924 5.40565
193 4.4924 5.40565
194 4.4924 5.40565
195 4.4924 5.40565
196 4.4924 5.40565
197 4.4924 5.40565
198 4.4924 5.40565
199 4.4924 5.40565
200 4.4924 5.40565
201 4.4924 5.40565
202 4.4924 5.40565
203 4.4924 5.40565
204 4.4924 5.40565
205 4.4924 5.40565
206 4.4924 5.40565
207 4.4924 5.40565
208 4.4924 5.40565
209 4.4924 5.40565
210 4.4924 5.40565
211 4.4924 5.40565
212 4.4924 5.40565
213 4.4924 5.40565
214 4.4924 5.40565
215 4.4924 5.40565
216 4.4924 5.40565
217 4.4924 5.40565
218 4.4924 5.40565
219 4.4924 5.40565
220 4.4924 5.40565
221 4.4924 5.40565
222 4.4924 5.40565
223 4.4924 5.40565
224 4.4924 5.40565
225 4.4924 5.40565
226 4.4924 5.40565
227 4.4924 5.40565
228 4.4924 5.40565
229 4.4924 5.40565
230 4.4924 5.40565
231 4.4924 5.40565
232 4.4924 5.40565
233 4.4924 5.40565
234 4.4924 5.40565
235 4.4924 5.40565
236 4.4924 5.40565
237 4.4924 5.40565
238 4.4924 5.40565
239 4.4924 5.40565
240 4.4924 5.40565
241 4.4924 5.40565
242 4.4924 5.40565
243 4.4924 5.40565
244 4.4924 5.40565
245 4.4924 5.40565
246 4.4924 5.40565
247 4.4924 5.40565
248 4.4924 5.40565
249 4.4924 5.40565
250 4.4924 5.40565
251 4.4924 5.40565
252 4.4924 5.40565
253 4.4924 5.40565
254 4.4924 5.40565
255 4.4924 5.40565
256 4.4924 5.40565
257 4.4924 5.40565
258 4.4924 5.40565
259 4.4924 5.40565
260 4.4924 5.40565
261 4.4924 5.40565
262 4.4924 5.40565
263 4.4924 5.40565
264 4.4924 5.40565
265 4.4924 5.40565
266 4.4924 5.40565
267 4.4924 5.40565
268 4.4924 5.40565
269 4.4924 5.40565
270 4.4924 5.40565
271 4.4924 5.40565
272 4.4924 5.40565
273 4.4924 5.40565
274 4.4924 5.40565
275 4.4924 5.40565
276 4.4924 5.40565
277 4.4924 5.40565
278 4.4924 5.40565
279 4.4924 5.40565
280 4.4924 5.40565
281 4.4924 5.40565
282 4.4924 5.40565
283 4.4924 5.40565
284 4.4924 5.40565
285 4.4924 5.40565
286 4.4924 5.40565
287 4.4924 5.40565
288 4.4924 5.40565
289 4.4924 5.40565
290 4.4924 5.40565
291 4.4924 5.40565
292 4.4924 5.40565
293 4.4924 5.40565
294 4.4924 5.40565
295 4.4924 5.40565
296 4.4924 5.40565
297 4.4924 5.40565
298 4.4924 5.40565
299 4.4924 5.40565
300 4.4924 5.40565
301 4.4924 5.40565
302 4.4924 5.40565
303 4.4924 5.40565
304 4.4924 5.40565
305 4.4924 5.40565
306 4.4924 5.40565
307 4.4924 5.40565
308 4.4924 5.40565
309 4.4924 5.40565
310 4.4924 5.40565
311 4.4924 5.40565
312 4.4924 5.40565
313 4.4924 5.40565
314 4.4924 5.40565
315 4.4924 5.40565
316 4.4924 5.40565
317 4.4924 5.40565
318 4.4924 5.40565
319 4.4924 5.40565
320 4.4924 5.40565
321 4.4924 5.40565
322 4.4924 5.40565
323 4.4924 5.40565
324 4.4924 5.40565
325 4.4924 5.40565
326 4.4924 5.40565
327 4.4924 5.40565
328 4.4924 5.40565
329 4.4924 5.40565
330 4.4924 5.40565
331 4.4924 5.40565
332 4.4924 5.40565
333 4.4924 5.40565
334 4.4924 5.40565
335 4.4924 5.40565
336 4.4924 5.40565
337 4.4924 5.40565
338 4.4924 5.40565
339 4.4924 5.40565
340 4.4924 5.40565
341 4.4924 5.40565
342 4.4924 5.40565
343 4.4924 5.40565
344 4.4924 5.40565
345 4.4924 5.40565
346 4.4924 5.40565
347 4.4924 5.40565
348 4.4924 5.40565
349 4.4924 5.40565
350 4.4924 5.40565
351 4.4924 5.40565
352 4.4924 5.40565
353 4.4924 5.40565
354 4.4924 5.40565
355 4.4924 5.40565
356 4.4924 5.40565
357 4.4924 5.40565
358 4.4924 5.40565
359 4.4924 5.40565
360 4.4924 5.40565
361 4.4924 5.40565
362 4.4924 5.40565
363 4.4924 5.40565
364 4.4924 5.40565
365 4.4924 5.40565
366 4.4924 5.40565
367 4.4924 5.40565
368 4.4924 5.40565
369 4.4924 5.40565
370 4.4924 5.40565
371 4.4924 5.40565
372 4.4924 5.40565
373 4.4924 5.40565
374 4.4924 5.40565
375 4.4924 5.40565
376 4.4924 5.40565
377 4.4924 5.40565
378 4.4924 5.40565
379 4.4924 5.40565
380 4.4924 5.40565
381 4.4924 5.40565
382 4.4924 5.40565
383 4.4924 5.40565
384 4.4924 5.40565
385 4.4924 5.40565
386 4.4924 5.40565
387 4.4924 5.40565
388 4.4924 5.40565
389 4.4924 5.40565
390 4.4924 5.40565
391 4.4924 5.40565
392 4.4924 5.40565
393 4.4924 5.40565
394 4.4924 5.40565
395 4.4924 5.40565
396 4.4924 5.40565
397 4.4924 5.40565
398 4.4924 5.40565
399 4.4924 5.40565
400 4.4924 5.40565
401 4.4924 5.40565
402 4.4924 5.40565
403 4.4924 5.40565
404 4.4924 5.40565
405 4.4924 5.40565
406 4.4924 5.40565
407 4.4924 5.40565
408 4.4924 5.40565
409 4.4924 5.40565
410 4.4924 5.40565
411 4.4924 5.40565
412 4.4924 5.40565
413 4.4924 5.40565
414 4.4924 5.40565
415 4.4924 5.40565
416 4.4924 5.40565
417 4.4924 5.40565
418 4.4924 5.40565
419 4.4924 5.40565
420 4.4924 5.40565
421 4.4924 5.40565
422 4.4924 5.40565
423 4.4924 5.40565
424 4.4924 5.40565
425 4.4924 5.40565
426 4.4924 5.40565
427 4.4924 5.40565
428 4.4924 5.40565
429 4.4924 5.40565
430 4.4924 5.40565
431 4.4924 5.40565
432 4.4924 5.40565
433 4.4924 5.40565
434 4.4924 5.40565
435 4.4924 5.40565
436 4.4924 5.40565
437 4.4924 5.40565
438 4.4924 5.40565
439 4.4924 5.40565
440 4.4924 5.40565
441 4.4924 5.40565
442 4.4924 5.40565
443 4.4924 5.40565
444 4.4924 5.40565
445 4.4924 5.40565
446 4.4924 5.40565
447 4.4924 5.40565
448 4.4924 5.40565
449 4.4924 5.40565
450 4.4924 5.40565
451 4.4924 5.40565
452 4.4924 5.40565
453 4.4924 5.40565
454 4.4924 5.40565
455 4.4924 5.40565
456 4.4924 5.40565
457 4.4924 5.40565
458 4.4924 5.40565
459 4.4924 5.40565
460 4.4924 5.40565
461 4.4924 5.40565
462 4.4924 5.40565
463 4.4924 5.40565
464 4.4924 5.40565
465 4.4924 5.40565
466 4.4924 5.40565
467 4.4924 5.40565
468 4.4924 5.40565
469 4.4924 5.40565
470 4.4924 5.40565
471 4.4924 5.40565
472 4.4924 5.40565
473 4.4924 5.40565
474 4.4924 5.40565
475 4.4924 5.40565
476 4.4924 5.40565
477 4.4924 5.40565
478 4.4924 5.40565
479 4.4924 5.40565
480 4.4924 5.40565
481 4.4924 5.40565
482 4.4924 5.40565
483 4.4924 5.40565
484 4.4924 5.40565
485 4.4924 5.40565
486 4.4924 5.40565
487 4.4924 5.40565
488 4.4924 5.40565
489 4.4924 5.40565
490 4.4924 5.40565
491 4.4924 5.40565
492 4.4924 5.40565
493 4.4924 5.40565
494 4.4924 5.40565
495 4.4924 5.40565
496 4.4924 5.40565
497 4.4924 5.40565
498 4.4924 5.40565
499 4.4924 5.40565
500 4.4924 5.40565
501 4.4924 5.40565
502 4.4924 5.40565
503 4.4924 5.40565
504 4.4924 5.40565
505 4.4924 5.40565
506 4.4924 5.40565
507 4.4924 5.40565
508 4.4924 5.40565
509 4.4924 5.40565
510 4.4924 5.40565
511 4.4924 5.40565
512 4.4924 5.40565
513 4.4924 5.40565
514 4.4924 5.40565
515 4.4924 5.40565
516 4.4924 5.40565
517 4.4924 5.40565
518 4.4924 5.40565
519 4.4924 5.40565
520 4.4924 5.40565
521 4.4924 5.40565
522 4.4924 5.40565
523 4.4924 5.40565
524 4.4924 5.40565
525 4.4924 5.40565
526 4.4924 5.40565
527 4.4924 5.40565
528 4.4924 5.40565
529 4.4924 5.40565
530 4.4924 5.40565
531 4.4924 5.40565
532 4.4924 5.40565
533 4.4924 5.40565
534 4.4924 5.40565
535 4.4924 5.40565
536 4.4924 5.40565
537 4.4924 5.40565
538 4.4924 5.40565
539 4.4924 5.40565
540 4.4924 5.40565
541 4.4924 5.40565
542 4.4924 5.40565
543 4.4924 5.40565
544 4.4924 5.40565
545 4.4924 5.40565
546 4.4924 5.40565
547 4.4924 5.40565
548 4.4924 5.40565
549 4.4924 5.40565
550 4.4924 5.40565
551 4.4924 5.40565
552 4.4924 5.40565
553 4.4924 5.40565
554 4.4924 5.40565
555 4.4924 5.40565
556 4.4924 5.40565
557 4.4924 5.40565
558 4.4924 5.40565
559 4.4924 5.40565
560 4.4924 5.40565
561 4.4924 5.40565
562 4.4924 5.40565
563 4.4924 5.40565
564 4.4924 5.40565
565 4.4924 5.40565
566 4.4924 5.40565
567 4.4924 5.40565
568 4.4924 5.40565
569 4.4924 5.40565
570 4.4924 5.40565
571 4.4924 5.40565
572 4.4924 5.40565
573 4.4924 5.40565
574 4.4924 5.40565
575 4.4924 5.40565
576 4.4924 5.40565
577 4.4924 5.40565
578 4.4924 5.40565
579 4.4924 5.40565
580 4.4924 5.40565
581 4.4924 5.40565
582 4.4924 5.40565
583 4.4924 5.40565
584 4.4924 5.40565
585 4.4924 5.40565
586 4.4924 5.40565
587 4.4924 5.40565
588 4.4924 5.40565
589 4.4924 5.40565
590 4.4924 5.40565
591 4.4924 5.40565
592 4.4924 5.40565
593 4.4924 5.40565
594 4.4924 5.40565
595 4.4924 5.40565
596 4.4924 5.40565
597 4.4924 5.40565
598 4.4924 5.40565
599 4.4924 5.40565
600 4.4924 5.40565
601 4.4924 5.40565
602 4.4924 5.40565
603 4.4924 5.40565
604 4.4924 5.40565
605 4.4924 5.40565
606 4.4924 5.40565
607 4.4924 5.40565
608 4.4924 5.40565
609 4.4924 5.40565
610 4.4924 5.40565
611 4.4924 5.40565
612 4.4924 5.40565
613 4.4924 5.40565
614 4.4924 5.40565
615 4.4924 5.40565
616 4.4924 5.40565
617 4.4924 5.40565
618 4.4924 5.40565
619 4.4924 5.40565
620 4.4924 5.40565
621 4.4924 5.40565
622 4.4924 5.40565
623 4.4924 5.40565
624 4.4924 5.40565
625 4.4924 5.40565
626 4.4924 5.40565
627 4.4924 5.40565
628 4.4924 5.40565
629 4.4924 5.40565
630 4.4924 5.40565
631 4.4924 5.40565
632 4.4924 5.40565
633 4.4924 5.40565
634 4.4924 5.40565
635 4.4924 5.40565
636 4.4924 5.40565
637 4.4924 5.40565
638 4.4924 5.40565
639 4.4924 5.40565
640 4.4924 5.40565
641 4.4924 5.40565
642 4.4924 5.40565
643 4.4924 5.40565
644 4.4924 5.40565
645 4.4924 5.40565
646 4.4924 5.40565
647 4.4924 5.40565
648 4.4924 5.40565
649 4.4924 5.40565
650 4.4924 5.40565
651 4.4924 5.40565
652 4.4924 5.40565
653 4.4924 5.40565
654 4.4924 5.40565
655 4.4924 5.40565
656 4.4924 5.40565
657 4.4924 5.40565
658 4.4924 5.40565
659 4.4924 5.40565
660 4.4924 5.40565
661 4.4924 5.40565
662 4.4924 5.40565
663 4.4924 5.40565
664 4.4924 5.40565
665 4.4924 5.40565
666 4.4924 5.40565
667 4.4924 5.40565
668 4.4924 5.40565
669 4.4924 5.40565
670 4.4924 5.40565
671 4.4924 5.40565
672 4.4924 5.40565
673 4.4924 5.40565
674 4.4924 5.40565
675 4.4924 5.40565
676 4.4924 5.40565
677 4.4924 5.40565
678 4.4924 5.40565
679 4.4924 5.40565
680 4.4924 5.40565
681 4.4924 5.40565
682 4.4924 5.40565
683 4.4924 5.40565
684 4.4924 5.40565
685 4.4924 5.40565
686 4.4924 5.40565
687 4.4924 5.40565
688 4.4924 5.40565
689 4.4924 5.40565
690 4.4924 5.40565
691 4.4924 5.40565
692 4.4924 5.40565
693 4.4924 5.40565
694 4.4924 5.40565
695 4.4924 5.40565
696 4.4924 5.40565
697 4.4924 5.40565
698 4.4924 5.40565
699 4.4924 5.40565
700 4.4924 5.40565
701 4.4924 5.40565
702 4.4924 5.40565
703 4.4924 5.40565
704 4.4924 5.40565
705 4.4924 5.40565
706 4.4924 5.40565
707 4.4924 5.40565
708 4.4924 5.40565
709 4.4924 5.40565
710 4.4924 5.40565
711 4.4924 5.40565
712 4.4924 5.40565
713 4.4924 5.40565
714 4.4924 5.40565
715 4.4924 5.40565
716 4.4924 5.40565
717 4.4924 5.40565
718 4.4924 5.40565
719 4.4924 5.40565
720 4.4924 5.40565
721 4.4924 5.40565
722 4.4924 5.40565
723 4.4924 5.40565
724 4.4924 5.40565
725 4.4924 5.40565
726 4.4924 5.40565
727 4.4924 5.40565
728 4.4924 5.40565
729 4.4924 5.40565
730 4.4924 5.40565
731 4.4924 5.40565
732 4.4924 5.40565
733 4.4924 5.40565
734 4.4924 5.40565
735 4.4924 5.40565
736 4.4924 5.40565
737 4.4924 5.40565
738 4.4924 5.40565
739 4.4924 5.40565
740 4.4924 5.40565
741 4.4924 5.40565
742 4.4924 5.40565
743 4.4924 5.40565
744 4.4924 5.40565
745 4.4924 5.40565
746 4.4924 5.40565
747 4.4924 5.40565
748 4.4924 5.40565
749 4.4924 5.40565
750 4.4924 5.40565
751 4.4924 5.40565
752 4.4924 5.40565
753 4.4924 5.40565
754 4.4924 5.40565
755 4.4924 5.40565
756 4.4924 5.40565
757 4.4924 5.40565
758 4.4924 5.40565
759 4.4924 5.40565
760 4.4924 5.40565
761 4.4924 5.40565
762 4.4924 5.40565
763 4.4924 5.40565
764 4.4924 5.40565
765 4.4924 5.40565
766 4.4924 5.40565
767 4.4924 5.40565
768 4.4924 5.40565
769 4.4924 5.40565
770 4.4924 5.40565
771 4.4924 5.40565
772 4.4924 5.40565
773 4.4924 5.40565
774 4.4924 5.40565
775 4.4924 5.40565
776 4.4924 5.40565
777 4.4924 5.40565
778 4.4924 5.40565
779 4.4924 5.40565
780 4.4924 5.40565
781 4.4924 5.40565
782 4.4924 5.40565
783 4.4924 5.40565
784 4.4924 5.40565
785 4.4924 5.40565
786 4.4924 5.40565
787 4.4924 5.40565
788 4.4924 5.40565
789 4.4924 5.40565
790 4.4924 5.40565
791 4.4924 5.40565
792 4.4924 5.40565
793 4.4924 5.40565
794 4.4924 5.40565
795 4.4924 5.40565
796 4.4924 5.40565
797 4.4924 5.40565
798 4.4924 5.40565
799 4.4924 5.40565
800 4.4924 5.40565
801 4.4924 5.40565
802 4.4924 5.40565
803 4.4924 5.40565
804 4.4924 5.40565
805 4.4924 5.40565
806 4.4924 5.40565
807 4.4924 5.40565
808 4.4924 5.40565
809 4.4924 5.40565
810 4.4924 5.40565
811 4.4924 5.40565
812 4.4924 5.40565
813 4.4924 5.40565
814 4.4924 5.40565
815 4.4924 5.40565
816 4.4924 5.40565
817 4.4924 5.40565
818 4.4924 5.40565
819 4.4924 5.40565
820 4.4924 5.40565
821 4.4924 5.40565
822 4.4924 5.40565
823 4.4924 5.40565
824 4.4924 5.40565
825 4.4924 5.40565
826 4.4924 5.40565
827 4.4924 5.40565
828 4.4924 5.40565
829 4.4924 5.40565
830 4.4924 5.40565
831 4.4924 5.40565
832 4.4924 5.40565
833 4.4924 5.40565
834 4.4924 5.40565
835 4.4924 5.40565
836 4.4924 5.40565
837 4.4924 5.40565
838 4.4924 5.40565
839 4.4924 5.40565
840 4.4924 5.40565
841 4.4924 5.40565
842 4.4924 5.40565
843 4.4924 5.40565
844 4.4924 5.40565
845 4.4924 5.40565
846 4.4924 5.40565
847 4.4924 5.40565
848 4.4924 5.40565
849 4.4924 5.40565
850 4.4924 5.40565
851 4.4924 5.40565
852 4.4924 5.40565
853 4.4924 5.40565
854 4.4924 5.40565
855 4.4924 5.40565
856 4.4924 5.40565
857 4.4924 5.40565
858 4.4924 5.40565
859 4.4924 5.40565
860 4.4924 5.40565
861 4.4924 5.40565
862 4.4924 5.40565
863 4.4924 5.40565
864 4.4924 5.40565
865 4.4924 5.40565
866 4.4924 5.40565
867 4.4924 5.40565
868 4.4924 5.40565
869 4.4924 5.40565
870 4.4924 5.40565
871 4.4924 5.40565
872 4.4924 5.40565
873 4.4924 5.40565
874 4.4924 5.40565
875 4.4924 5.40565
876 4.4924 5.40565
877 4.4924 5.40565
878 4.4924 5.40565
879 4.4924 5.40565
880 4.4924 5.40565
881 4.4924 5.40565
882 4.4924 5.40565
883 4.4924 5.40565
884 4.4924 5.40565
885 4.4924 5.40565
886 4.4924 5.40565
887 4.4924 5.40565
888 4.4924 5.40565
889 4.4924 5.40565
890 4.4924 5.40565
891 4.4924 5.40565
892 4.4924 5.40565
893 4.4924 5.40565
894 4.4924 5.40565
895 4.4924 5.40565
896 4.4924 5.40565
897 4.4924 5.40565
898 4.4924 5.40565
899 4.4924 5.40565
900 4.4924 5.40565
901 4.4924 5.40565
902 4.4924 5.40565
903 4.4924 5.40565
904 4.4924 5.40565
905 4.4924 5.40565
906 4.4924 5.40565
907 4.4924 5.40565
908 4.4924 5.40565
909 4.4924 5.40565
910 4.4924 5.40565
911 4.4924 5.40565
912 4.4924 5.40565
913 4.4924 5.40565
914 4.4924 5.40565
915 4.4924 5.40565
916 4.4924 5.40565
917 4.4924 5.40565
918 4.4924 5.40565
919 4.4924 5.40565
920 4.4924 5.40565
921 4.4924 5.40565
922 4.4924 5.40565
923 4.4924 5.40565
924 4.4924 5.40565
925 4.4924 5.40565
926 4.4924 5.40565
927 4.4924 5.40565
928 4.4924 5.40565
929 4.4924 5.40565
930 4.4924 5.40565
931 4.4924 5.40565
932 4.4924 5.40565
933 4.4924 5.40565
934 4.4924 5.40565
935 4.4924 5.40565
936 4.4924 5.40565
937 4.4924 5.40565
938 4.4924 5.40565
939 4.4924 5.40565
940 4.4924 5.40565
941 4.4924 5.40565
942 4.4924 5.40565
943 4.4924 5.40565
944 4.4924 5.40565
945 4.4924 5.40565
946 4.4924 5.40565
947 4.4924 5.40565
948 4.4924 5.40565
949 4.4924 5.40565
950 4.4924 5.40565
951 4.4924 5.40565
952 4.4924 5.40565
953 4.4924 5.40565
954 4.4924 5.40565
955 4.4924 5.40565
956 4.4924 5.40565
957 4.4924 5.40565
958 4.4924 5.40565
959 4.4924 5.40565
960 4.4924 5.40565
961 4.4924 5.40565
962 4.4924 5.40565
963 4.4924 5.40565
964 4.4924 5.40565
965 4.4924 5.40565
966 4.4924 5.40565
967 4.4924 5.40565
968 4.4924 5.40565
969 4.4924 5.40565
970 4.4924 5.40565
971 4.4924 5.40565
972 4.4924 5.40565
973 4.4924 5.40565
974 4.4924 5.40565
975 4.4924 5.40565
976 4.4924 5.40565
977 4.4924 5.40565
978 4.4924 5.40565
979 4.4924 5.40565
980 4.4924 5.40565
981 4.4924 5.40565
982 4.4924 5.40565
983 4.4924 5.40565
984 4.4924 5.40565
985 4.4924 5.40565
986 4.4924 5.40565
987 4.4924 5.40565
988 4.4924 5.40565
989 4.4924 5.40565
990 4.4924 5.40565
991 4.4924 5.40565
992 4.4924 5.40565
993 4.4924 5.40565
994 4.4924 5.40565
995 4.4924 5.40565
996 4.4924 5.40565
997 4.4924 5.40565
998 4.4924 5.40565
999 4.4924 5.40565
