1 3.15529 0
2 3.14399 0.00798791
3 3.14539 0.00544665
4 3.14116 0.00548369
5 3.14172 0.00441511
6 3.14469 0.00457179
7 3.1394 0.00627295
8 3.14032 0.0055561
9 3.13793 0.00543199
10 3.13945 0.00509776
11 3.14076 0.00479981
12 3.13962 0.00453289
13 3.14477 0.00648144
14 3.14502 0.00602308
15 3.14551 0.00564185
16 3.15021 0.00697357
17 3.15164 0.00670941
18 3.1534 0.00656267
19 3.1526 0.00626513
20 3.14835 0.00725479
21 3.14864 0.00691538
22 3.14885 0.00660409
23 3.14916 0.00632426
24 3.1472 0.00635685
25 3.14699 0.0061062
26 3.14466 0.00630004
27 3.14569 0.0061502
28 3.14502 0.00596628
29 3.14352 0.00594662
30 3.14396 0.00576463
31 3.14303 0.0056525
32 3.14165 0.00564297
33 3.1415 0.0054738
34 3.14227 0.00536561
35 3.14191 0.00522395
36 3.14102 0.00515477
37 3.14148 0.00503616
38 3.14168 0.00490741
39 3.14223 0.0048123
40 3.14204 0.00469558
41 3.14273 0.00463132
42 3.14183 0.0046078
43 3.14208 0.00450725
44 3.14275 0.0044549
45 3.14217 0.00439349
46 3.14199 0.00430149
47 3.14314 0.00435865
48 3.14367 0.00430065
49 3.14242 0.00439123
50 3.14195 0.00432888
51 3.14171 0.00425045
52 3.14259 0.0042594
53 3.14293 0.00419207
54 3.14301 0.00411529
55 3.14237 0.00409035
56 3.14222 0.00401998
57 3.14286 0.00400071
58 3.14453 0.00426287
59 3.14458 0.00419091
60 3.14439 0.0041252
61 3.14487 0.00408581
62 3.1441 0.00409325
63 3.14443 0.00404205
64 3.14425 0.00398306
65 3.14337 0.00401764
66 3.14336 0.00395679
67 3.14365 0.00390872
68 3.14353 0.00385308
69 3.14333 0.0038023
70 3.14259 0.00382025
71 3.14277 0.00377063
72 3.14282 0.00371867
73 3.14333 0.00370179
74 3.14357 0.00365945
75 3.14394 0.00362987
76 3.14381 0.00358442
77 3.14383 0.00353792
78 3.14314 0.00355967
79 3.1439 0.00359417
80 3.14355 0.00356617
81 3.14397 0.00354667
82 3.14385 0.00350518
83 3.14323 0.00351845
84 3.14302 0.00348275
85 3.14331 0.00345359
86 3.14325 0.00341392
87 3.14286 0.00339635
88 3.14258 0.00336945
89 3.14282 0.00334005
90 3.14247 0.00332147
91 3.1427 0.00329326
92 3.14333 0.00331583
93 3.14242 0.00340254
94 3.14219 0.00337409
95 3.14218 0.00333857
96 3.14222 0.00330396
97 3.14228 0.00327047
98 3.14245 0.00324185
99 3.14255 0.00321068
100 3.14231 0.00318791
1 3.14961 0
2 3.13682 0.0090448
3 3.1454 0.00924327
4 3.14595 0.00694922
5 3.13981 0.00781292
6 3.14561 0.00839075
7 3.13634 0.0111983
8 3.13825 0.0099594
9 3.13699 0.00893151
10 3.13589 0.00810601
11 3.13777 0.00758386
12 3.13711 0.00698024
13 3.14124 0.00756734
14 3.14449 0.00769308
15 3.14664 0.00747238
16 3.14997 0.00771386
17 3.15018 0.00726302
18 3.15335 0.00751823
19 3.1531 0.00712667
20 3.14466 0.0106585
21 3.14589 0.0102222
22 3.14432 0.0098771
23 3.14759 0.00997487
24 3.14305 0.0105427
25 3.14359 0.0101348
26 3.14132 0.00999646
27 3.14349 0.00985965
28 3.14098 0.00982245
29 3.13861 0.00976592
30 3.13937 0.00947029
31 3.13844 0.00921074
32 3.13681 0.00906523
33 3.13575 0.00885262
34 3.13651 0.00862472
35 3.13565 0.00842066
36 3.13566 0.00818675
37 3.13657 0.00801664
38 3.13622 0.00781357
39 3.13643 0.00761622
40 3.13664 0.00742858
41 3.13684 0.00724997
42 3.13539 0.0072207
43 3.13687 0.00720263
44 3.13613 0.0070761
45 3.13617 0.00691894
46 3.1358 0.00677842
47 3.13675 0.00670106
48 3.13794 0.00666626
49 3.13668 0.00664909
50 3.13623 0.00653116
51 3.1359 0.00641168
52 3.13699 0.00638123
53 3.13861 0.00646244
54 3.13843 0.00634526
55 3.13697 0.00639575
56 3.13757 0.00630964
57 3.13801 0.00621415
58 3.13956 0.00629728
59 3.13949 0.00619087
60 3.14008 0.00611529
61 3.14103 0.00608819
62 3.13998 0.00607973
63 3.13943 0.00600768
64 3.13937 0.00591408
65 3.13909 0.00582977
66 3.13942 0.0057505
67 3.13973 0.00567332
68 3.14048 0.0056394
69 3.14063 0.00555957
70 3.14003 0.00551209
71 3.13995 0.00543515
72 3.14027 0.00536955
73 3.14061 0.00530628
74 3.14034 0.00524112
75 3.14059 0.00517686
76 3.1403 0.00511643
77 3.14043 0.0050514
78 3.1401 0.00499693
79 3.14167 0.00517284
80 3.1415 0.00511102
81 3.14242 0.00513105
82 3.14239 0.00506858
83 3.14166 0.00506004
84 3.14141 0.00500572
85 3.14131 0.00494785
86 3.14176 0.00491035
87 3.14099 0.00491345
88 3.14023 0.00491608
89 3.14007 0.00486345
90 3.14057 0.00483464
91 3.1406 0.00478164
92 3.14188 0.00489807
93 3.14074 0.00497639
94 3.14083 0.00492435
95 3.14075 0.00487323
96 3.1401 0.00486498
97 3.13976 0.00482711
98 3.13984 0.00477852
99 3.1396 0.0047362
100 3.13963 0.00468893
1 3.15529 0
2 3.14399 0.00798791
3 3.14539 0.00544665
4 3.14116 0.00548369
5 3.14172 0.00441511
6 3.14469 0.00457179
7 3.1394 0.00627295
8 3.14032 0.0055561
9 3.13793 0.00543199
10 3.13945 0.00509776
11 3.14076 0.00479981
12 3.13962 0.00453289
13 3.14477 0.00648144
14 3.14502 0.00602308
15 3.14551 0.00564185
16 3.15021 0.00697357
17 3.15164 0.00670941
18 3.1534 0.00656267
19 3.1526 0.00626513
20 3.14835 0.00725479
21 3.14864 0.00691538
22 3.14885 0.00660409
23 3.14916 0.00632426
24 3.1472 0.00635685
25 3.14699 0.0061062
26 3.14466 0.00630004
27 3.14569 0.0061502
28 3.14502 0.00596628
29 3.14352 0.00594662
30 3.14396 0.00576463
31 3.14303 0.0056525
32 3.14165 0.00564297
33 3.1415 0.0054738
34 3.14227 0.00536561
35 3.14191 0.00522395
36 3.14102 0.00515477
37 3.14148 0.00503616
38 3.14168 0.00490741
39 3.14223 0.0048123
40 3.14204 0.00469558
41 3.14273 0.00463132
42 3.14183 0.0046078
43 3.14208 0.00450725
44 3.14275 0.0044549
45 3.14217 0.00439349
46 3.14199 0.00430149
47 3.14314 0.00435865
48 3.14367 0.00430065
49 3.14242 0.00439123
50 3.14195 0.00432888
51 3.14171 0.00425045
52 3.14259 0.0042594
53 3.14293 0.00419207
54 3.14301 0.00411529
55 3.14237 0.00409035
56 3.14222 0.00401998
57 3.14286 0.00400071
58 3.14453 0.00426287
59 3.14458 0.00419091
60 3.14439 0.0041252
61 3.14487 0.00408581
62 3.1441 0.00409325
63 3.14443 0.00404205
64 3.14425 0.00398306
65 3.14337 0.00401764
66 3.14336 0.00395679
67 3.14365 0.00390872
68 3.14353 0.00385308
69 3.14333 0.0038023
70 3.14259 0.00382025
71 3.14277 0.00377063
72 3.14282 0.00371867
73 3.14333 0.00370179
74 3.14357 0.00365945
75 3.14394 0.00362987
76 3.14381 0.00358442
77 3.14383 0.00353792
78 3.14314 0.00355967
79 3.1439 0.00359417
80 3.14355 0.00356617
81 3.14397 0.00354667
82 3.14385 0.00350518
83 3.14323 0.00351845
84 3.14302 0.00348275
85 3.14331 0.00345359
86 3.14325 0.00341392
87 3.14286 0.00339635
88 3.14258 0.00336945
89 3.14282 0.00334005
90 3.14247 0.00332147
91 3.1427 0.00329326
92 3.14333 0.00331583
93 3.14242 0.00340254
94 3.14219 0.00337409
95 3.14218 0.00333857
96 3.14222 0.00330396
97 3.14228 0.00327047
98 3.14245 0.00324185
99 3.14255 0.00321068
100 3.14231 0.00318791
1 3.15529 0
2 3.14399 0.00798791
3 3.14539 0.00544665
4 3.14116 0.00548369
5 3.14172 0.00441511
6 3.14469 0.00457179
7 3.1394 0.00627295
8 3.14032 0.0055561
9 3.13793 0.00543199
10 3.13945 0.00509776
11 3.14076 0.00479981
12 3.13962 0.00453289
13 3.14477 0.00648144
14 3.14502 0.00602308
15 3.14551 0.00564185
16 3.15021 0.00697357
17 3.15164 0.00670941
18 3.1534 0.00656267
19 3.1526 0.00626513
20 3.14835 0.00725479
21 3.14864 0.00691538
22 3.14885 0.00660409
23 3.14916 0.00632426
24 3.1472 0.00635685
25 3.14699 0.0061062
26 3.14466 0.00630004
27 3.14569 0.0061502
28 3.14502 0.00596628
29 3.14352 0.00594662
30 3.14396 0.00576463
31 3.14303 0.0056525
32 3.14165 0.00564297
33 3.1415 0.0054738
34 3.14227 0.00536561
35 3.14191 0.00522395
36 3.14102 0.00515477
37 3.14148 0.00503616
38 3.14168 0.00490741
39 3.14223 0.0048123
40 3.14204 0.00469558
41 3.14273 0.00463132
42 3.14183 0.0046078
43 3.14208 0.00450725
44 3.14275 0.0044549
45 3.14217 0.00439349
46 3.14199 0.00430149
47 3.14314 0.00435865
48 3.14367 0.00430065
49 3.14242 0.00439123
50 3.14195 0.00432888
51 3.14171 0.00425045
52 3.14259 0.0042594
53 3.14293 0.00419207
54 3.14301 0.00411529
55 3.14237 0.00409035
56 3.14222 0.00401998
57 3.14286 0.00400071
58 3.14453 0.00426287
59 3.14458 0.00419091
60 3.14439 0.0041252
61 3.14487 0.00408581
62 3.1441 0.00409325
63 3.14443 0.00404205
64 3.14425 0.00398306
65 3.14337 0.00401764
66 3.14336 0.00395679
67 3.14365 0.00390872
68 3.14353 0.00385308
69 3.14333 0.0038023
70 3.14259 0.00382025
71 3.14277 0.00377063
72 3.14282 0.00371867
73 3.14333 0.00370179
74 3.14357 0.00365945
75 3.14394 0.00362987
76 3.14381 0.00358442
77 3.14383 0.00353792
78 3.14314 0.00355967
79 3.1439 0.00359417
80 3.14355 0.00356617
81 3.14397 0.00354667
82 3.14385 0.00350518
83 3.14323 0.00351845
84 3.14302 0.00348275
85 3.14331 0.00345359
86 3.14325 0.00341392
87 3.14286 0.00339635
88 3.14258 0.00336945
89 3.14282 0.00334005
90 3.14247 0.00332147
91 3.1427 0.00329326
92 3.14333 0.00331583
93 3.14242 0.00340254
94 3.14219 0.00337409
95 3.14218 0.00333857
96 3.14222 0.00330396
97 3.14228 0.00327047
98 3.14245 0.00324185
99 3.14255 0.00321068
100 3.14231 0.00318791
