0 28.0884 76.3746
1 25.9619 68.3785
2 24.8244 61.6045
3 21.6387 56.0417
4 20.8207 50.4771
5 20.3552 47.1243
6 18.3488 44.0364
7 18.3488 41.9525
8 16.6911 38.513
9 15.7615 35.6091
10 15.6144 32.5451
11 15.2195 31.0782
12 14.4448 29.8384
13 13.9708 29.2832
14 13.5522 28.1043
15 13.5522 26.6273
16 13.04 25.2158
17 13.04 24.4604
18 12.5909 23.6544
19 12.1622 23.0625
20 11.055 21.8016
21 11.055 20.6407
22 11.055 19.6676
23 10.742 18.6991
24 10.742 18.0496
25 10.742 17.7519
26 9.6391 17.1832
27 9.33379 16.6907
28 9.33379 15.7386
29 9.33379 14.4406
30 9.33379 13.9708
31 9.33379 13.8258
32 9.33379 13.6215
33 9.33379 13.6215
34 8.71784 13.5917
35 8.69341 13.4879
36 8.69341 13.4278
37 8.69341 13.3154
38 8.67621 13.1016
39 8.54268 12.8283
40 8.54268 12.6359
41 7.95766 12.6026
42 7.95766 12.5448
43 7.95766 12.5164
44 7.75779 12.2273
45 7.75779 11.6862
46 7.75779 11.1913
47 7.74032 11.0959
48 7.2849 11.2114
49 7.2849 11.1424
50 7.2849 11.0044
51 7.28252 10.6923
52 7.26744 10.243
53 6.99877 10.2093
54 6.77634 10.1905
55 6.77634 10.0615
56 6.48779 9.9303
57 6.41144 9.48871
58 6.41144 9.24348
59 6.41144 8.95366
60 6.41144 8.82506
61 6.41144 8.77786
62 6.41144 8.74654
63 6.41144 8.74654
64 6.41111 8.74697
65 6.41111 8.74826
66 6.41111 8.74998
67 6.40399 8.75533
68 6.27107 8.75373
69 6.27107 8.74543
70 6.27107 8.70971
71 6.27107 8.67132
72 6.27107 8.61917
73 6.27107 8.53949
74 6.27107 8.53237
75 6.27107 8.53237
76 6.27107 8.53237
77 6.27107 8.53237
78 6.27107 8.53237
79 6.27107 8.53237
80 6.27107 8.53237
81 6.27107 8.53237
82 6.27107 8.53237
83 6.27107 8.53237
84 6.27107 8.53237
85 6.27107 8.53237
86 6.27107 8.53237
87 6.27107 8.53237
88 6.27107 8.53237
89 6.27107 8.53237
90 6.27107 8.53237
91 6.25818 8.532
92 6.25818 8.53054
93 6.25818 8.52981
94 6.25818 8.52799
95 6.25818 8.52616
96 6.25818 8.52434
97 6.25118 8.51902
98 6.23829 8.51474
99 6.23829 8.509
100 6.23829 8.50061
101 6.23829 8.4931
102 6.23829 8.48653
103 6.23829 8.48543
104 6.23829 8.48543
105 6.23829 8.48543
106 6.23829 8.48543
107 6.23829 8.48543
108 6.23829 8.48543
109 6.23829 8.48543
110 6.23829 8.48543
111 6.23829 8.48543
112 6.23829 8.48543
113 6.23829 8.48543
114 6.23829 8.48543
115 6.23829 8.48543
116 6.23829 8.48543
117 6.23829 8.48543
118 6.23829 8.48543
119 6.23829 8.48543
120 6.23829 8.48543
121 6.23829 8.48543
122 6.23829 8.48543
123 6.23829 8.48543
124 6.23829 8.48543
125 6.23829 8.48543
126 6.23829 8.48543
127 6.23829 8.48543
128 6.23829 8.48543
129 6.23829 8.48543
130 6.23829 8.48543
131 6.23829 8.48543
132 6.23829 8.48543
133 6.23829 8.48543
134 6.23829 8.48543
135 6.23829 8.48543
136 6.23829 8.48543
137 6.23829 8.48543
138 6.23829 8.48543
139 6.23829 8.48543
140 6.23829 8.48543
141 6.23829 8.48543
142 6.23829 8.48543
143 6.23829 8.48543
144 6.23829 8.48543
145 6.23829 8.48543
146 6.23829 8.48543
147 6.23829 8.48543
148 6.23829 8.48543
149 6.23829 8.48543
150 6.23829 8.48543
151 6.23829 8.48543
152 6.23829 8.48543
153 6.23829 8.48543
154 6.23829 8.48543
155 6.23829 8.48543
156 6.23829 8.48543
157 6.23829 8.48543
158 6.23829 8.48543
159 6.23829 8.48543
160 6.23829 8.48543
161 6.23829 8.48543
162 6.23829 8.48543
163 6.23829 8.48543
164 6.23829 8.48543
165 6.23829 8.48543
166 6.23829 8.48543
167 6.23829 8.48543
168 6.23829 8.48543
169 6.23829 8.48543
170 6.23829 8.48543
171 6.23829 8.48543
172 6.23829 8.48543
173 6.23829 8.48543
174 6.23829 8.48543
175 6.23829 8.48543
176 6.23829 8.48543
177 6.23829 8.48543
178 6.23829 8.48543
179 6.23829 8.48543
180 6.23829 8.48543
181 6.23829 8.48543
182 6.23829 8.48543
183 6.23829 8.48543
184 6.23829 8.48543
185 6.23829 8.48543
186 6.23829 8.48543
187 6.23829 8.48543
188 6.23829 8.48543
189 6.23829 8.48543
190 6.23829 8.48543
191 6.23829 8.48543
192 6.23829 8.48543
193 6.23829 8.48543
194 6.23829 8.48543
195 6.23829 8.48543
196 6.23829 8.48543
197 6.23829 8.48543
198 6.23829 8.48543
199 6.23829 8.48543
200 6.23829 8.48543
201 6.23829 8.48543
202 6.23829 8.48543
203 6.23829 8.48543
204 6.23829 8.48543
205 6.23829 8.48543
206 6.23829 8.48543
207 6.23829 8.48543
208 6.23829 8.48543
209 6.23829 8.48543
210 6.23829 8.48543
211 6.23829 8.48543
212 6.23829 8.48543
213 6.23829 8.48543
214 6.23829 8.48543
215 6.23829 8.48543
216 6.23829 8.48543
217 6.23829 8.48543
218 6.23829 8.48543
219 6.23829 8.48543
220 6.23829 8.48543
221 6.23829 8.48543
222 6.23829 8.48543
223 6.23829 8.48543
224 6.23829 8.48543
225 6.23829 8.48543
226 6.23829 8.48543
227 6.23829 8.48543
228 6.23829 8.48543
229 6.23829 8.48543
230 6.23829 8.48543
231 6.23829 8.48543
232 6.23829 8.48543
233 6.23829 8.48543
234 6.23829 8.48543
235 6.23829 8.48543
236 6.23829 8.48543
237 6.23829 8.48543
238 6.23829 8.48543
239 6.23829 8.48543
240 6.23829 8.48543
241 6.23829 8.48543
242 6.23829 8.48543
243 6.23829 8.48543
244 6.23829 8.48543
245 6.23829 8.48543
246 6.23829 8.48543
247 6.23829 8.48543
248 6.23829 8.48543
249 6.23829 8.48543
250 6.23829 8.48543
251 6.23829 8.48543
252 6.23829 8.48543
253 6.23829 8.48543
254 6.23829 8.48543
255 6.23829 8.48543
256 6.23829 8.48543
257 6.23829 8.48543
258 6.23829 8.48543
259 6.23829 8.48543
260 6.23829 8.48543
261 6.23829 8.48543
262 6.23829 8.48543
263 6.23829 8.48543
264 6.23829 8.48543
265 6.23829 8.48543
266 6.23829 8.48543
267 6.23829 8.48543
268 6.23829 8.48543
269 6.23829 8.48543
270 6.23829 8.48543
271 6.23829 8.48543
272 6.23829 8.48543
273 6.23829 8.48543
274 6.23829 8.48543
275 6.23829 8.48543
276 6.23829 8.48543
277 6.23829 8.48543
278 6.23829 8.48543
279 6.23829 8.48543
280 6.23829 8.48543
281 6.23829 8.48543
282 6.23829 8.48543
283 6.23829 8.48543
284 6.23829 8.48543
285 6.23829 8.48543
286 6.23829 8.48543
287 6.23829 8.48543
288 6.23829 8.48543
289 6.23829 8.48543
290 6.23829 8.48543
291 6.23829 8.48543
292 6.23829 8.48543
293 6.23829 8.48543
294 6.23829 8.48543
295 6.23829 8.48543
296 6.23829 8.48543
297 6.23829 8.48543
298 6.23829 8.48543
299 6.23829 8.48543
300 6.23829 8.48543
301 6.23829 8.48543
302 6.23829 8.48543
303 6.23829 8.48543
304 6.23829 8.48543
305 6.23829 8.48543
306 6.23829 8.48543
307 6.23829 8.48543
308 6.23829 8.48543
309 6.23829 8.48543
310 6.23829 8.48543
311 6.23829 8.48543
312 6.23829 8.48543
313 6.23829 8.48543
314 6.23829 8.48543
315 6.23829 8.48543
316 6.23829 8.48543
317 6.23829 8.48543
318 6.23829 8.48543
319 6.23829 8.48543
320 6.23829 8.48543
321 6.23829 8.48543
322 6.23829 8.48543
323 6.23829 8.48543
324 6.23829 8.48543
325 6.23829 8.48543
326 6.23829 8.48543
327 6.23829 8.48543
328 6.23829 8.48543
329 6.23829 8.48543
330 6.23829 8.48543
331 6.23829 8.48543
332 6.23829 8.48543
333 6.23829 8.48543
334 6.23829 8.48543
335 6.23829 8.48543
336 6.23829 8.48543
337 6.23829 8.48543
338 6.23829 8.48543
339 6.23829 8.48543
340 6.23829 8.48543
341 6.23829 8.48543
342 6.23829 8.48543
343 6.23829 8.48543
344 6.23829 8.48543
345 6.23829 8.48543
346 6.23829 8.48543
347 6.23829 8.48543
348 6.23829 8.48543
349 6.23829 8.48543
350 6.23829 8.48543
351 6.23829 8.48543
352 6.23829 8.48543
353 6.23829 8.48543
354 6.23829 8.48543
355 6.23829 8.48543
356 6.23829 8.48543
357 6.23829 8.48543
358 6.23829 8.48543
359 6.23829 8.48543
360 6.23829 8.48543
361 6.23829 8.48543
362 6.23829 8.48543
363 6.23829 8.48543
364 6.23829 8.48543
365 6.23829 8.48543
366 6.23829 8.48543
367 6.23829 8.48543
368 6.23829 8.48543
369 6.23829 8.48543
370 6.23829 8.48543
371 6.23829 8.48543
372 6.23829 8.48543
373 6.23829 8.48543
374 6.23829 8.48543
375 6.23829 8.48543
376 6.23829 8.48543
377 6.23829 8.48543
378 6.23829 8.48543
379 6.23829 8.48543
380 6.23829 8.48543
381 6.23829 8.48543
382 6.23829 8.48543
383 6.23829 8.48543
384 6.23829 8.48543
385 6.23829 8.48543
386 6.23829 8.48543
387 6.23829 8.48543
388 6.23829 8.48543
389 6.23829 8.48543
390 6.23829 8.48543
391 6.23829 8.48543
392 6.23829 8.48543
393 6.23829 8.48543
394 6.23829 8.48543
395 6.23829 8.48543
396 6.23829 8.48543
397 6.23829 8.48543
398 6.23829 8.48543
399 6.23829 8.48543
400 6.23829 8.48543
401 6.23829 8.48543
402 6.23829 8.48543
403 6.23829 8.48543
404 6.23829 8.48543
405 6.23829 8.48543
406 6.23829 8.48543
407 6.23829 8.48543
408 6.23829 8.48543
409 6.23829 8.48543
410 6.23829 8.48543
411 6.23829 8.48543
412 6.23829 8.48543
413 6.23829 8.48543
414 6.23829 8.48543
415 6.23829 8.48543
416 6.23829 8.48543
417 6.23829 8.48543
418 6.23829 8.48543
419 6.23829 8.48543
420 6.23829 8.48543
421 6.23829 8.48543
422 6.23829 8.48543
423 6.23829 8.48543
424 6.23829 8.48543
425 6.23829 8.48543
426 6.23829 8.48543
427 6.23829 8.48543
428 6.23829 8.48543
429 6.23829 8.48543
430 6.23829 8.48543
431 6.23829 8.48543
432 6.23829 8.48543
433 6.23829 8.48543
434 6.23829 8.48543
435 6.23829 8.48543
436 6.23829 8.48543
437 6.23829 8.48543
438 6.23829 8.48543
439 6.23829 8.48543
440 6.23829 8.48543
441 6.23829 8.48543
442 6.23829 8.48543
443 6.23829 8.48543
444 6.23829 8.48543
445 6.23829 8.48543
446 6.23829 8.48543
447 6.23829 8.48543
448 6.23829 8.48543
449 6.23829 8.48543
450 6.23829 8.48543
451 6.23829 8.48543
452 6.23829 8.48543
453 6.23829 8.48543
454 6.23829 8.48543
455 6.23829 8.48543
456 6.23829 8.48543
457 6.23829 8.48543
458 6.23829 8.48543
459 6.23829 8.48543
460 6.23829 8.48543
461 6.23829 8.48543
462 6.23829 8.48543
463 6.23829 8.48543
464 6.23829 8.48543
465 6.23829 8.48543
466 6.23829 8.48543
467 6.23829 8.48543
468 6.23829 8.48543
469 6.23829 8.48543
470 6.23829 8.48543
471 6.23829 8.48543
472 6.23829 8.48543
473 6.23829 8.48543
474 6.23829 8.48543
475 6.23829 8.48543
476 6.23829 8.48543
477 6.23829 8.48543
478 6.23829 8.48543
479 6.23829 8.48543
480 6.23829 8.48543
481 6.23829 8.48543
482 6.23829 8.48543
483 6.23829 8.48543
484 6.23829 8.48543
485 6.23829 8.48543
486 6.23829 8.48543
487 6.23829 8.48543
488 6.23829 8.48543
489 6.23829 8.48543
490 6.23829 8.48543
491 6.23829 8.48543
492 6.23829 8.48543
493 6.23829 8.48543
494 6.23829 8.48543
495 6.23829 8.48543
496 6.23829 8.48543
497 6.23829 8.48543
498 6.23829 8.48543
499 6.23829 8.48543
500 6.23829 8.48543
501 6.23829 8.48543
502 6.23829 8.48543
503 6.23829 8.48543
504 6.23829 8.48543
505 6.23829 8.48543
506 6.23829 8.48543
507 6.23829 8.48543
508 6.23829 8.48543
509 6.23829 8.48543
510 6.23829 8.48543
511 6.23829 8.48543
512 6.23829 8.48543
513 6.23829 8.48543
514 6.23829 8.48543
515 6.23829 8.48543
516 6.23829 8.48543
517 6.23829 8.48543
518 6.23829 8.48543
519 6.23829 8.48543
520 6.23829 8.48543
521 6.23829 8.48543
522 6.23829 8.48543
523 6.23829 8.48543
524 6.23829 8.48543
525 6.23829 8.48543
526 6.23829 8.48543
527 6.23829 8.48543
528 6.23829 8.48543
529 6.23829 8.48543
530 6.23829 8.48543
531 6.23829 8.48543
532 6.23829 8.48543
533 6.23829 8.48543
534 6.23829 8.48543
535 6.23829 8.48543
536 6.23829 8.48543
537 6.23829 8.48543
538 6.23829 8.48543
539 6.23829 8.48543
540 6.23829 8.48543
541 6.23829 8.48543
542 6.23829 8.48543
543 6.23829 8.48543
544 6.23829 8.48543
545 6.23829 8.48543
546 6.23829 8.48543
547 6.23829 8.48543
548 6.23829 8.48543
549 6.23829 8.48543
550 6.23829 8.48543
551 6.23829 8.48543
552 6.23829 8.48543
553 6.23829 8.48543
554 6.23829 8.48543
555 6.23829 8.48543
556 6.23829 8.48543
557 6.23829 8.48543
558 6.23829 8.48543
559 6.23829 8.48543
560 6.23829 8.48543
561 6.23829 8.48543
562 6.23829 8.48543
563 6.23829 8.48543
564 6.23829 8.48543
565 6.23829 8.48543
566 6.23829 8.48543
567 6.23829 8.48543
568 6.23829 8.48543
569 6.23829 8.48543
570 6.23829 8.48543
571 6.23829 8.48543
572 6.23829 8.48543
573 6.23829 8.48543
574 6.23829 8.48543
575 6.23829 8.48543
576 6.23829 8.48543
577 6.23829 8.48543
578 6.23829 8.48543
579 6.23829 8.48543
580 6.23829 8.48543
581 6.23829 8.48543
582 6.23829 8.48543
583 6.23829 8.48543
584 6.23829 8.48543
585 6.23829 8.48543
586 6.23829 8.48543
587 6.23829 8.48543
588 6.23829 8.48543
589 6.23829 8.48543
590 6.23829 8.48543
591 6.23829 8.48543
592 6.23829 8.48543
593 6.23829 8.48543
594 6.23829 8.48543
595 6.23829 8.48543
596 6.23829 8.48543
597 6.23829 8.48543
598 6.23829 8.48543
599 6.23829 8.48543
600 6.23829 8.48543
601 6.23829 8.48543
602 6.23829 8.48543
603 6.23829 8.48543
604 6.23829 8.48543
605 6.23829 8.48543
606 6.23829 8.48543
607 6.23829 8.48543
608 6.23829 8.48543
609 6.23829 8.48543
610 6.23829 8.48543
611 6.23829 8.48543
612 6.23829 8.48543
613 6.23829 8.48543
614 6.23829 8.48543
615 6.23829 8.48543
616 6.23829 8.48543
617 6.23829 8.48543
618 6.23829 8.48543
619 6.23829 8.48543
620 6.23829 8.48543
621 6.23829 8.48543
622 6.23829 8.48543
623 6.23829 8.48543
624 6.23829 8.48543
625 6.23829 8.48543
626 6.23829 8.48543
627 6.23829 8.48543
628 6.23829 8.48543
629 6.23829 8.48543
630 6.23829 8.48543
631 6.23829 8.48543
632 6.23829 8.48543
633 6.23829 8.48543
634 6.23829 8.48543
635 6.23829 8.48543
636 6.23829 8.48543
637 6.23829 8.48543
638 6.23829 8.48543
639 6.23829 8.48543
640 6.23829 8.48543
641 6.23829 8.48543
642 6.23829 8.48543
643 6.23829 8.48543
644 6.23829 8.48543
645 6.23829 8.48543
646 6.23829 8.48543
647 6.23829 8.48543
648 6.23829 8.48543
649 6.23829 8.48543
650 6.23829 8.48543
651 6.23829 8.48543
652 6.23829 8.48543
653 6.23829 8.48543
654 6.23829 8.48543
655 6.23829 8.48543
656 6.23829 8.48543
657 6.23829 8.48543
658 6.23829 8.48543
659 6.23829 8.48543
660 6.23829 8.48543
661 6.23829 8.48543
662 6.23829 8.48543
663 6.23829 8.48543
664 6.23829 8.48543
665 6.23829 8.48543
666 6.23829 8.48543
667 6.23829 8.48543
668 6.23829 8.48543
669 6.23829 8.48543
670 6.23829 8.48543
671 6.23829 8.48543
672 6.23829 8.48543
673 6.23829 8.48543
674 6.23829 8.48543
675 6.23829 8.48543
676 6.23829 8.48543
677 6.23829 8.48543
678 6.23829 8.48543
679 6.23829 8.48543
680 6.23829 8.48543
681 6.23829 8.48543
682 6.23829 8.48543
683 6.23829 8.48543
684 6.23829 8.48543
685 6.23829 8.48543
686 6.23829 8.48543
687 6.23829 8.48543
688 6.23829 8.48543
689 6.23829 8.48543
690 6.23829 8.48543
691 6.23829 8.48543
692 6.23829 8.48543
693 6.23829 8.48543
694 6.23829 8.48543
695 6.23829 8.48543
696 6.23829 8.48543
697 6.23829 8.48543
698 6.23829 8.48543
699 6.23829 8.48543
700 6.23829 8.48543
701 6.23829 8.48543
702 6.23829 8.48543
703 6.23829 8.48543
704 6.23829 8.48543
705 6.23829 8.48543
706 6.23829 8.48543
707 6.23829 8.48543
708 6.23829 8.48543
709 6.23829 8.48543
710 6.23829 8.48543
711 6.23829 8.48543
712 6.23829 8.48543
713 6.23829 8.48543
714 6.23829 8.48543
715 6.23829 8.48543
716 6.23829 8.48543
717 6.23829 8.48543
718 6.23829 8.48543
719 6.23829 8.48543
720 6.23829 8.48543
721 6.23829 8.48543
722 6.23829 8.48543
723 6.23829 8.48543
724 6.23829 8.48543
725 6.23829 8.48543
726 6.23829 8.48543
727 6.23829 8.48543
728 6.23829 8.48543
729 6.23829 8.48543
730 6.23829 8.48543
731 6.23829 8.48543
732 6.23829 8.48543
733 6.23829 8.48543
734 6.23829 8.48543
735 6.23829 8.48543
736 6.23829 8.48543
737 6.23829 8.48543
738 6.23829 8.48543
739 6.23829 8.48543
740 6.23829 8.48543
741 6.23829 8.48543
742 6.23829 8.48543
743 6.23829 8.48543
744 6.23829 8.48543
745 6.23829 8.48543
746 6.23829 8.48543
747 6.23829 8.48543
748 6.23829 8.48543
749 6.23829 8.48543
750 6.23829 8.48543
751 6.23829 8.48543
752 6.23829 8.48543
753 6.23829 8.48543
754 6.23829 8.48543
755 6.23829 8.48543
756 6.23829 8.48543
757 6.23829 8.48543
758 6.23829 8.48543
759 6.23829 8.48543
760 6.23829 8.48543
761 6.23829 8.48543
762 6.23829 8.48543
763 6.23829 8.48543
764 6.23829 8.48543
765 6.23829 8.48543
766 6.23829 8.48543
767 6.23829 8.48543
768 6.23829 8.48543
769 6.23829 8.48543
770 6.23829 8.48543
771 6.23829 8.48543
772 6.23829 8.48543
773 6.23829 8.48543
774 6.23829 8.48543
775 6.23829 8.48543
776 6.23829 8.48543
777 6.23829 8.48543
778 6.23829 8.48543
779 6.23829 8.48543
780 6.23829 8.48543
781 6.23829 8.48543
782 6.23829 8.48543
783 6.23829 8.48543
784 6.23829 8.48543
785 6.23829 8.48543
786 6.23829 8.48543
787 6.23829 8.48543
788 6.23829 8.48543
789 6.23829 8.48543
790 6.23829 8.48543
791 6.23829 8.48543
792 6.23829 8.48543
793 6.23829 8.48543
794 6.23829 8.48543
795 6.23829 8.48543
796 6.23829 8.48543
797 6.23829 8.48543
798 6.23829 8.48543
799 6.23829 8.48543
800 6.23829 8.48543
801 6.23829 8.48543
802 6.23829 8.48543
803 6.23829 8.48543
804 6.23829 8.48543
805 6.23829 8.48543
806 6.23829 8.48543
807 6.23829 8.48543
808 6.23829 8.48543
809 6.23829 8.48543
810 6.23829 8.48543
811 6.23829 8.48543
812 6.23829 8.48543
813 6.23829 8.48543
814 6.23829 8.48543
815 6.23829 8.48543
816 6.23829 8.48543
817 6.23829 8.48543
818 6.23829 8.48543
819 6.23829 8.48543
820 6.23829 8.48543
821 6.23829 8.48543
822 6.23829 8.48543
823 6.23829 8.48543
824 6.23829 8.48543
825 6.23829 8.48543
826 6.23829 8.48543
827 6.23829 8.48543
828 6.23829 8.48543
829 6.23829 8.48543
830 6.23829 8.48543
831 6.23829 8.48543
832 6.23829 8.48543
833 6.23829 8.48543
834 6.23829 8.48543
835 6.23829 8.48543
836 6.23829 8.48543
837 6.23829 8.48543
838 6.23829 8.48543
839 6.23829 8.48543
840 6.23829 8.48543
841 6.23829 8.48543
842 6.23829 8.48543
843 6.23829 8.48543
844 6.23829 8.48543
845 6.23829 8.48543
846 6.23829 8.48543
847 6.23829 8.48543
848 6.23829 8.48543
849 6.23829 8.48543
850 6.23829 8.48543
851 6.23829 8.48543
852 6.23829 8.48543
853 6.23829 8.48543
854 6.23829 8.48543
855 6.23829 8.48543
856 6.23829 8.48543
857 6.23829 8.48543
858 6.23829 8.48543
859 6.23829 8.48543
860 6.23829 8.48543
861 6.23829 8.48543
862 6.23829 8.48543
863 6.23829 8.48543
864 6.23829 8.48543
865 6.23829 8.48543
866 6.23829 8.48543
867 6.23829 8.48543
868 6.23829 8.48543
869 6.23829 8.48543
870 6.23829 8.48543
871 6.23829 8.48543
872 6.23829 8.48543
873 6.23829 8.48543
874 6.23829 8.48543
875 6.23829 8.48543
876 6.23829 8.48543
877 6.23829 8.48543
878 6.23829 8.48543
879 6.23829 8.48543
880 6.23829 8.48543
881 6.23829 8.48543
882 6.23829 8.48543
883 6.23829 8.48543
884 6.23829 8.48543
885 6.23829 8.48543
886 6.23829 8.48543
887 6.23829 8.48543
888 6.23829 8.48543
889 6.23829 8.48543
890 6.23829 8.48543
891 6.23829 8.48543
892 6.23829 8.48543
893 6.23829 8.48543
894 6.23829 8.48543
895 6.23829 8.48543
896 6.23829 8.48543
897 6.23829 8.48543
898 6.23829 8.48543
899 6.23829 8.48543
900 6.23829 8.48543
901 6.23829 8.48543
902 6.23829 8.48543
903 6.23829 8.48543
904 6.23829 8.48543
905 6.23829 8.48543
906 6.23829 8.48543
907 6.23829 8.48543
908 6.23829 8.48543
909 6.23829 8.48543
910 6.23829 8.48543
911 6.23829 8.48543
912 6.23829 8.48543
913 6.23829 8.48543
914 6.23829 8.48543
915 6.23829 8.48543
916 6.23829 8.48543
917 6.23829 8.48543
918 6.23829 8.48543
919 6.23829 8.48543
920 6.23829 8.48543
921 6.23829 8.48543
922 6.23829 8.48543
923 6.23829 8.48543
924 6.23829 8.48543
925 6.23829 8.48543
926 6.23829 8.48543
927 6.23829 8.48543
928 6.23829 8.48543
929 6.23829 8.48543
930 6.23829 8.48543
931 6.23829 8.48543
932 6.23829 8.48543
933 6.23829 8.48543
934 6.23829 8.48543
935 6.23829 8.48543
936 6.23829 8.48543
937 6.23829 8.48543
938 6.23829 8.48543
939 6.23829 8.48543
940 6.23829 8.48543
941 6.23829 8.48543
942 6.23829 8.48543
943 6.23829 8.48543
944 6.23829 8.48543
945 6.23829 8.48543
946 6.23829 8.48543
947 6.23829 8.48543
948 6.23829 8.48543
949 6.23829 8.48543
950 6.23829 8.48543
951 6.23829 8.48543
952 6.23829 8.48543
953 6.23829 8.48543
954 6.23829 8.48543
955 6.23829 8.48543
956 6.23829 8.48543
957 6.23829 8.48543
958 6.23829 8.48543
959 6.23829 8.48543
960 6.23829 8.48543
961 6.23829 8.48543
962 6.23829 8.48543
963 6.23829 8.48543
964 6.23829 8.48543
965 6.23829 8.48543
966 6.23829 8.48543
967 6.23829 8.48543
968 6.23829 8.48543
969 6.23829 8.48543
970 6.23829 8.48543
971 6.23829 8.48543
972 6.23829 8.48543
973 6.23829 8.48543
974 6.23829 8.48543
975 6.23829 8.48543
976 6.23829 8.48543
977 6.23829 8.48543
978 6.23829 8.48543
979 6.23829 8.48543
980 6.23829 8.48543
981 6.23829 8.48543
982 6.23829 8.48543
983 6.23829 8.48543
984 6.23829 8.48543
985 6.23829 8.48543
986 6.23829 8.48543
987 6.23829 8.48543
988 6.23829 8.48543
989 6.23829 8.48543
990 6.23829 8.48543
991 6.23829 8.48543
992 6.23829 8.48543
993 6.23829 8.48543
994 6.23829 8.48543
995 6.23829 8.48543
996 6.23829 8.48543
997 6.23829 8.48543
998 6.23829 8.48543
999 6.23829 8.48543
