100   0.79754   0
200   0.84361   0.0325765
300   0.859952   0.0254888
400   0.859509   0.0191205
500   0.863691   0.0157471
600   0.868464   0.0138272
700   0.867928   0.0118623
800   0.873518   0.0116221
900   0.875495   0.0104976
1000   0.870832   0.0104321
1100   0.875948   0.0106645
1200   0.880326   0.0106368
1300   0.877879   0.0100962
1400   0.876033   0.00954246
1500   0.87074   0.0102697
1600   0.869373   0.0097184
1700   0.872193   0.00954714
1800   0.875508   0.00957503
1900   0.874814   0.00909619
2000   0.876368   0.00877309
2100   0.873842   0.00871139
2200   0.869643   0.0092723
2300   0.870118   0.00888131
2400   0.869133   0.0085657
2500   0.870861   0.00839558
2600   0.873066   0.0083573
2700   0.876521   0.00873265
2800   0.876054   0.00843327
2900   0.87733   0.00823849
3000   0.878153   0.00800491
3100   0.877923   0.00775
3200   0.879801   0.00773205
3300   0.880032   0.00750119
3400   0.880129   0.0072812
3500   0.881329   0.00717141
3600   0.881934   0.00699765
3700   0.881482   0.00682311
3800   0.882625   0.00673862
3900   0.88324   0.00659387
4000   0.883134   0.00642988
4100   0.882421   0.00631248
4200   0.881592   0.00621636
4300   0.881608   0.00607182
4400   0.882077   0.00595194
4500   0.881665   0.00583392
4600   0.88013   0.0059055
4700   0.879753   0.00579187
4800   0.879011   0.0057186
4900   0.878191   0.00566041
5000   0.878844   0.00558476
5100   0.879784   0.00555374
5200   0.87893   0.00551219
5300   0.878786   0.00541006
5400   0.877681   0.00542161
5500   0.878104   0.00533953
5600   0.878249   0.00524614
5700   0.877767   0.00517617
5800   0.877061   0.0051349
5900   0.87735   0.00505598
6000   0.877027   0.00498198
6100   0.877461   0.00491913
6200   0.876606   0.00491343
6300   0.87582   0.00489799
6400   0.87652   0.0048712
6500   0.877125   0.0048337
6600   0.876907   0.00476538
6700   0.877008   0.00469533
6800   0.876695   0.00463668
6900   0.87627   0.00458888
7000   0.876503   0.00452921
7100   0.876702   0.0044698
7200   0.876272   0.00442832
7300   0.876549   0.00437629
7400   0.876055   0.00434499
7500   0.875938   0.00428864
7600   0.875223   0.00429131
7700   0.874876   0.0042496
7800   0.875323   0.00421855
7900   0.875462   0.00416744
8000   0.87592   0.00414045
8100   0.876155   0.00409603
8200   0.876596   0.00406975
8300   0.876225   0.00403762
8400   0.876269   0.00398979
8500   0.876721   0.00396835
8600   0.877141   0.00394437
8700   0.877425   0.00390926
8800   0.877703   0.00387473
8900   0.877465   0.00383853
9000   0.878173   0.00386072
9100   0.877641   0.00385481
9200   0.877588   0.00381327
9300   0.877616   0.00377238
9400   0.877079   0.0037703
9500   0.876637   0.0037564
9600   0.876357   0.00372771
9700   0.876194   0.00369287
9800   0.876084   0.0036568
9900   0.875653   0.0036452
10000   0.875317   0.00362419
10100   0.875063   0.0035972
10200   0.874886   0.00356631
10300   0.8746   0.00354309
10400   0.874398   0.00351481
10500   0.874404   0.00348134
10600   0.873521   0.00355862
10700   0.873343   0.00352979
10800   0.873701   0.00351513
10900   0.873938   0.0034909
11000   0.874275   0.00347539
11100   0.875067   0.00353322
11200   0.874968   0.00350307
11300   0.874643   0.00348709
11400   0.874185   0.00348646
11500   0.873956   0.00346366
11600   0.87369   0.00344401
11700   0.873521   0.00341874
11800   0.873712   0.00339511
11900   0.874451   0.00344615
12000   0.875414   0.00354937
12100   0.876267   0.003621
12200   0.876394   0.00359356
12300   0.87679   0.0035861
12400   0.876801   0.0035572
12500   0.876846   0.00352902
12600   0.876847   0.00350102
12700   0.876644   0.00347933
12800   0.87711   0.00348329
12900   0.877828   0.00352951
13000   0.87835   0.00354075
13100   0.878779   0.00353955
13200   0.878821   0.00351299
13300   0.878507   0.00350055
13400   0.878345   0.00347821
13500   0.87822   0.00345467
13600   0.878239   0.00342932
13700   0.878012   0.0034118
13800   0.877944   0.00338776
13900   0.878094   0.00336671
14000   0.878641   0.00338679
14100   0.879084   0.00339174
14200   0.879053   0.00336799
14300   0.879103   0.00334481
14400   0.878903   0.00332759
14500   0.879125   0.00331209
14600   0.879251   0.00329178
14700   0.879149   0.00327098
14800   0.878897   0.00325858
14900   0.878519   0.0032585
15000   0.878462   0.00323728
15100   0.878621   0.00321971
15200   0.878754   0.00320127
15300   0.878736   0.0031804
15400   0.878789   0.00316019
15500   0.879021   0.00314824
15600   0.879229   0.00313498
15700   0.879343   0.00311709
15800   0.879454   0.0030993
15900   0.879667   0.00308712
16000   0.87979   0.00307027
16100   0.87987   0.00305226
16200   0.87964   0.00304208
16300   0.879131   0.0030657
16400   0.879143   0.00304703
16500   0.878882   0.0030397
16600   0.879005   0.0030239
16700   0.879159   0.00300968
16800   0.87906   0.00299337
16900   0.879367   0.00299129
17000   0.879419   0.00297414
17100   0.879342   0.00295774
17200   0.879049   0.00295499
17300   0.879011   0.00293816
17400   0.878924   0.00292256
17500   0.87878   0.0029094
17600   0.878507   0.00290564
17700   0.878212   0.00290415
17800   0.878013   0.00289461
17900   0.87809   0.00287946
18000   0.878509   0.00289385
18100   0.879096   0.00293678
18200   0.879248   0.00292454
18300   0.879315   0.00290933
18400   0.879547   0.00290276
18500   0.879713   0.00289178
18600   0.879832   0.00287868
18700   0.87997   0.0028666
18800   0.880201   0.00286068
18900   0.880241   0.00284582
19000   0.880077   0.0028356
19100   0.8801   0.00282085
19200   0.880339   0.00281627
19300   0.880475   0.00280492
19400   0.880585   0.00279265
19500   0.880782   0.00278527
19600   0.880803   0.00277113
19700   0.880914   0.00275928
19800   0.880907   0.00274535
19900   0.88092   0.00273159
20000   0.880882   0.0027182
20100   0.881179   0.00272087
20200   0.881318   0.00271094
20300   0.88173   0.00272879
20400   0.882238   0.00276232
20500   0.882453   0.00275716
20600   0.882338   0.00274618
20700   0.88191   0.00276606
20800   0.881882   0.0027529
20900   0.881992   0.00274193
21000   0.882007   0.00272892
21100   0.88204   0.00271618
21200   0.882029   0.00270339
21300   0.88181   0.00269955
21400   0.88204   0.00269664
21500   0.882213   0.00268967
21600   0.882413   0.00268461
21700   0.882557   0.0026761
21800   0.882401   0.00266834
21900   0.88248   0.00265731
22000   0.882374   0.00264735
22100   0.882487   0.0026378
22200   0.882479   0.00262593
22300   0.882475   0.00261416
22400   0.882518   0.00260284
22500   0.882502   0.00259132
22600   0.882715   0.00258861
22700   0.882658   0.00257785
22800   0.882849   0.00257363
22900   0.882707   0.00256628
23000   0.88261   0.00255697
23100   0.882576   0.00254613
23200   0.882496   0.00253641
23300   0.882572   0.00252669
23400   0.882513   0.0025166
23500   0.882668   0.00251067
23600   0.88298   0.00251941
23700   0.883326   0.00253245
23800   0.883303   0.00252192
23900   0.883364   0.0025121
24000   0.883448   0.00250307
24100   0.883426   0.00249278
24200   0.883264   0.00248773
24300   0.883372   0.00247984
24400   0.883669   0.00248739
24500   0.883657   0.00247727
24600   0.883568   0.00246877
24700   0.883603   0.00245902
24800   0.883803   0.00245722
24900   0.883856   0.00244792
25000   0.883884   0.00243829
25100   0.883976   0.00243031
25200   0.884101   0.00242388
25300   0.883907   0.00242203
25400   0.883921   0.00241254
25500   0.884081   0.00240836
25600   0.883949   0.00240257
25700   0.88376   0.00240064
25800   0.883578   0.0023982
25900   0.883501   0.0023902
26000   0.88348   0.00238109
26100   0.883552   0.00237305
26200   0.883536   0.00236405
26300   0.88336   0.0023616
26400   0.88328   0.00235402
26500   0.883199   0.00234652
26600   0.883168   0.0023379
26700   0.88295   0.00233934
26800   0.882928   0.00233072
26900   0.882917   0.00232208
27000   0.882919   0.00231348
27100   0.883021   0.00230722
27200   0.882893   0.00230227
27300   0.882697   0.00230219
27400   0.882659   0.0022941
27500   0.882659   0.00228576
27600   0.882717   0.00227823
27700   0.882846   0.00227363
27800   0.882825   0.00226555
27900   0.882809   0.00225748
28000   0.882918   0.00225205
28100   0.882835   0.00224558
28200   0.882891   0.00223832
28300   0.883048   0.00223593
28400   0.883135   0.00222973
28500   0.883249   0.00222481
28600   0.88323   0.00221711
28700   0.883305   0.00221065
28800   0.883356   0.00220357
28900   0.883375   0.00219603
29000   0.883302   0.00218965
29100   0.883188   0.00218513
29200   0.883278   0.00217951
29300   0.883402   0.00217558
29400   0.883517   0.00217126
29500   0.883652   0.00216806
29600   0.883817   0.00216703
29700   0.883651   0.00216609
29800   0.883741   0.0021607
29900   0.883773   0.00215371
30000   0.883918   0.00215135
30100   0.884091   0.0021512
30200   0.884245   0.00214955
30300   0.884231   0.0021425
30400   0.884195   0.00213574
30500   0.884025   0.00213551
30600   0.883886   0.00213307
30700   0.883666   0.00213746
30800   0.883753   0.00213232
30900   0.883666   0.00212721
31000   0.883692   0.00212052
31100   0.883645   0.00211424
31200   0.88339   0.00212269
31300   0.883501   0.00211881
31400   0.883603   0.00211448
31500   0.883626   0.00210789
31600   0.883706   0.00210273
31700   0.883653   0.00209677
31800   0.883647   0.00209018
31900   0.883769   0.00208716
32000   0.883651   0.00208397
32100   0.883591   0.00207834
32200   0.883624   0.00207214
32300   0.883633   0.00206575
32400   0.883781   0.00206464
32500   0.88373   0.00205892
32600   0.883709   0.00205271
32700   0.88386   0.00205193
32800   0.883844   0.00204574
32900   0.883805   0.0020399
33000   0.88368   0.00203755
33100   0.883637   0.00203183
33200   0.883453   0.00203406
33300   0.883336   0.0020313
33400   0.883255   0.00202686
33500   0.883173   0.00202244
33600   0.883006   0.00202336
33700   0.883123   0.00202076
33800   0.882987   0.00201939
33900   0.882979   0.00201345
34000   0.883022   0.00200799
34100   0.882914   0.00200499
34200   0.882886   0.00199932
34300   0.882872   0.00199354
34400   0.882934   0.00198872
34500   0.882928   0.00198296
34600   0.882835   0.00197943
34700   0.882929   0.00197597
34800   0.882969   0.00197068
34900   0.883067   0.00196748
35000   0.883187   0.00196549
35100   0.883132   0.00196065
35200   0.88302   0.00195829
35300   0.883071   0.00195342
35400   0.883148   0.00194941
35500   0.883116   0.00194417
35600   0.88309   0.00193889
35700   0.882985   0.00193631
35800   0.883084   0.00193345
35900   0.883062   0.00192819
36000   0.88307   0.00192285
36100   0.883119   0.00191815
36200   0.883055   0.0019139
36300   0.883134   0.00191024
36400   0.883053   0.00190673
36500   0.882893   0.00190815
36600   0.882679   0.00191497
36700   0.882596   0.00191155
36800   0.882466   0.00191079
36900   0.882438   0.00190581
37000   0.882428   0.00190068
37100   0.882347   0.00189728
37200   0.882251   0.00189463
37300   0.882169   0.00189132
37400   0.882263   0.00188863
37500   0.88234   0.00188516
37600   0.882509   0.00188764
37700   0.88258   0.00188396
37800   0.882511   0.00188022
37900   0.882535   0.00187541
38000   0.882654   0.00187421
38100   0.882647   0.0018693
38200   0.882703   0.00186526
38300   0.882689   0.00186045
38400   0.882813   0.00185975
38500   0.882772   0.00185536
38600   0.882725   0.00185114
38700   0.882747   0.00184648
38800   0.882617   0.00184625
38900   0.882575   0.00184198
39000   0.882525   0.00183795
39100   0.882485   0.00183368
39200   0.882441   0.00182951
39300   0.882581   0.00183018
39400   0.882635   0.00182634
39500   0.882516   0.00182562
39600   0.882464   0.00182173
39700   0.882457   0.00181716
39800   0.88251   0.00181335
39900   0.882474   0.00180915
40000   0.882526   0.00180536
40100   0.882387   0.00180614
40200   0.882326   0.0018027
40300   0.882325   0.00179823
40400   0.882284   0.00179426
40500   0.882087   0.00180059
40600   0.881914   0.00180449
40700   0.881733   0.00180908
40800   0.881604   0.00180924
40900   0.88164   0.00180518
41000   0.881537   0.00180368
41100   0.881436   0.00180213
41200   0.881453   0.00179784
41300   0.881727   0.00181413
41400   0.881867   0.00181516
41500   0.881853   0.00181084
41600   0.882034   0.00181556
41700   0.88209   0.00181208
41800   0.882054   0.00180811
41900   0.881994   0.00180479
42000   0.882098   0.00180352
42100   0.882205   0.00180241
42200   0.882259   0.00179895
42300   0.882147   0.00179817
42400   0.882181   0.00179424
42500   0.88222   0.00179045
42600   0.882256   0.00178659
42700   0.882195   0.00178344
42800   0.882109   0.00178134
42900   0.882057   0.00177796
43000   0.882174   0.00177772
43100   0.882242   0.00177488
43200   0.882255   0.00177082
43300   0.882338   0.00176866
43400   0.882511   0.00177303
43500   0.882607   0.00177154
43600   0.882683   0.00176912
43700   0.882796   0.00176867
43800   0.882738   0.00176558
43900   0.882623   0.00176533
44000   0.882583   0.00176177
44100   0.882579   0.00175778
44200   0.882604   0.00175399
44300   0.882631   0.00175024
44400   0.882598   0.00174661
44500   0.882642   0.00174325
44600   0.882631   0.00173937
44700   0.882698   0.00173676
44800   0.882606   0.0017353
44900   0.882633   0.00173164
45000   0.882675   0.00172829
45100   0.882686   0.00172449
45200   0.882682   0.00172068
45300   0.882687   0.00171689
45400   0.882634   0.00171391
45500   0.882599   0.00171051
45600   0.882605   0.00170677
45700   0.882611   0.00170305
45800   0.882747   0.00170472
45900   0.882847   0.00170399
46000   0.882816   0.00170057
46100   0.882813   0.00169688
46200   0.882654   0.00170062
46300   0.88249   0.00170481
46400   0.882397   0.00170368
46500   0.882242   0.00170708
46600   0.882201   0.00170391
46700   0.882251   0.001701
46800   0.882224   0.00169758
46900   0.882151   0.00169553
47000   0.882176   0.00169211
47100   0.882333   0.00169583
47200   0.88234   0.00169225
47300   0.882255   0.00169077
47400   0.882248   0.00168722
47500   0.88216   0.00168596
47600   0.882162   0.00168242
47700   0.882076   0.00168112
47800   0.88199   0.00167976
47900   0.881962   0.00167649
48000   0.881997   0.00167335
48100   0.881958   0.00167031
48200   0.881963   0.00166685
48300   0.881908   0.00166432
48400   0.881853   0.00166177
48500   0.881819   0.0016587
48600   0.881787   0.00165559
48700   0.881782   0.0016522
48800   0.881817   0.00164921
48900   0.881847   0.0016461
49000   0.881927   0.00164466
49100   0.881968   0.00164183
49200   0.881928   0.00163897
49300   0.881815   0.00163955
49400   0.881773   0.00163677
49500   0.881848   0.00163516
49600   0.881925   0.0016337
49700   0.881914   0.00163045
49800   0.881787   0.00163213
49900   0.881725   0.00163004
50000   0.881753   0.00162703
