100   -3.90125   0
200   -3.90237   0.000790591
300   -3.90109   0.00116632
400   -3.90142   0.000918103
500   -3.90181   0.000815579
600   -3.90229   0.000808949
700   -3.90256   0.000736561
800   -3.90287   0.00070825
900   -3.90279   0.000634887
1000   -3.90302   0.000611471
1100   -3.9035   0.000720068
1200   -3.90361   0.000669344
1300   -3.90379   0.000642087
1400   -3.9038   0.000596242
1500   -3.90382   0.000556867
1600   -3.90406   0.000570096
1700   -3.90422   0.000558177
1800   -3.90426   0.000528925
1900   -3.90431   0.000503245
2000   -3.90444   0.000495453
2100   -3.90444   0.000471901
2200   -3.90459   0.000474034
2300   -3.90459   0.000453424
2400   -3.90461   0.000434901
2500   -3.90465   0.00042004
2600   -3.90474   0.000413754
2700   -3.90477   0.000399282
2800   -3.90485   0.000393539
2900   -3.90483   0.000380595
3000   -3.90483   0.000367919
3100   -3.90482   0.00035632
3200   -3.90482   0.000345204
3300   -3.90479   0.000336524
3400   -3.90478   0.000326711
3500   -3.90487   0.000328118
3600   -3.90483   0.000321294
3700   -3.90489   0.00031793
3800   -3.90493   0.000312287
3900   -3.90491   0.000304975
4000   -3.9049   0.000297408
4100   -3.90482   0.000301972
4200   -3.90476   0.000299829
4300   -3.90469   0.000300118
4400   -3.90459   0.000310044
4500   -3.90449   0.000318212
4600   -3.90438   0.000330076
4700   -3.90427   0.000342086
4800   -3.90415   0.0003542
4900   -3.90409   0.000352021
5000   -3.90409   0.000345
5100   -3.90403   0.000343884
5200   -3.904   0.000338316
5300   -3.90399   0.000331966
5400   -3.90398   0.000326156
5500   -3.90397   0.000320266
5600   -3.90395   0.000315413
5700   -3.90396   0.000310035
5800   -3.90396   0.00030471
5900   -3.90394   0.000300571
6000   -3.90387   0.000303314
6100   -3.90382   0.000302545
6200   -3.90376   0.000303501
6300   -3.90377   0.000298765
6400   -3.90377   0.000294162
6500   -3.90376   0.000289917
6600   -3.90373   0.000287421
6700   -3.90369   0.000285079
6800   -3.90367   0.000282347
6900   -3.90366   0.000278274
7000   -3.90369   0.000276212
7100   -3.90367   0.000273165
7200   -3.90373   0.000275299
7300   -3.90374   0.00027163
7400   -3.90376   0.000269073
7500   -3.90382   0.000271109
7600   -3.90387   0.000272684
7700   -3.90392   0.000273543
7800   -3.90393   0.000270314
7900   -3.90394   0.000267115
8000   -3.90394   0.000263845
8100   -3.90395   0.000260986
8200   -3.90396   0.000257875
8300   -3.90397   0.000255111
8400   -3.90398   0.00025211
8500   -3.90397   0.000249204
8600   -3.90398   0.000246587
8700   -3.90399   0.0002441
8800   -3.904   0.000241331
8900   -3.90404   0.000242085
9000   -3.90403   0.000239612
9100   -3.90403   0.000237002
9200   -3.90406   0.00023617
9300   -3.90408   0.000234248
9400   -3.9041   0.000232971
9500   -3.90412   0.000231537
9600   -3.90414   0.000229565
9700   -3.90418   0.000230446
9800   -3.90416   0.000228936
9900   -3.90413   0.000227834
10000   -3.90412   0.000226007
10100   -3.9041   0.000224658
10200   -3.90407   0.000224005
10300   -3.90406   0.000222084
10400   -3.90406   0.000219987
10500   -3.90407   0.000217959
10600   -3.90407   0.000215937
10700   -3.90409   0.000214864
10800   -3.90411   0.000213204
10900   -3.9041   0.000211284
11000   -3.90413   0.000210633
11100   -3.90415   0.000210526
11200   -3.90414   0.000209295
11300   -3.90414   0.000207557
11400   -3.90414   0.000205849
11500   -3.90413   0.000204178
11600   -3.9041   0.000204327
11700   -3.90411   0.000202809
11800   -3.90413   0.000202388
11900   -3.90415   0.000201699
12000   -3.90415   0.000200021
12100   -3.90413   0.000199268
12200   -3.90412   0.000197876
12300   -3.90412   0.000196294
12400   -3.9041   0.000195404
12500   -3.90409   0.000194097
12600   -3.90406   0.000195727
12700   -3.90405   0.000194699
12800   -3.90405   0.000193257
12900   -3.90405   0.000191836
13000   -3.90405   0.000190379
13100   -3.90406   0.000189117
13200   -3.90407   0.000188073
13300   -3.90408   0.000187135
13400   -3.90408   0.000185761
13500   -3.90407   0.000184455
13600   -3.90407   0.000183168
13700   -3.90408   0.000182166
13800   -3.90409   0.000181324
13900   -3.90411   0.000180906
14000   -3.90411   0.000179621
14100   -3.90411   0.000178427
14200   -3.90412   0.000177347
14300   -3.90413   0.000176816
14400   -3.90415   0.00017652
14500   -3.90418   0.000178803
14600   -3.90421   0.000180093
14700   -3.90424   0.000180096
14800   -3.90423   0.000178901
14900   -3.90424   0.00017772
15000   -3.90423   0.000176543
15100   -3.90422   0.000176217
15200   -3.90419   0.000177788
15300   -3.90417   0.000177576
15400   -3.90416   0.000176645
15500   -3.90414   0.000176209
15600   -3.90415   0.000175367
15700   -3.90415   0.00017426
15800   -3.90416   0.000173437
15900   -3.90416   0.000172452
16000   -3.90416   0.000171402
16100   -3.90416   0.000170439
16200   -3.90415   0.00016964
16300   -3.90416   0.000169032
16400   -3.90415   0.000168335
16500   -3.90415   0.000167335
16600   -3.90416   0.000166735
16700   -3.90417   0.000166043
16800   -3.90419   0.000166919
16900   -3.90421   0.000167082
17000   -3.90423   0.000167673
17100   -3.90425   0.000167287
17200   -3.90425   0.000166357
17300   -3.90426   0.000165657
17400   -3.90427   0.000164738
17500   -3.90426   0.000163973
17600   -3.90424   0.000163961
17700   -3.90422   0.00016395
17800   -3.9042   0.000164266
17900   -3.90419   0.00016375
18000   -3.90419   0.000162844
18100   -3.90419   0.000161944
18200   -3.90419   0.000161059
18300   -3.9042   0.000160324
18400   -3.9042   0.00015948
18500   -3.9042   0.000158618
18600   -3.90421   0.000157961
18700   -3.90421   0.000157193
18800   -3.90421   0.000156367
18900   -3.9042   0.000155603
19000   -3.9042   0.000154839
19100   -3.9042   0.000154087
19200   -3.90421   0.000153377
19300   -3.90422   0.000153158
19400   -3.90423   0.000152468
19500   -3.90424   0.000152378
19600   -3.90425   0.000151716
19700   -3.90426   0.000151289
19800   -3.90426   0.000150579
19900   -3.90426   0.000149826
20000   -3.90427   0.000149339
20100   -3.90428   0.000148973
20200   -3.90429   0.000148292
20300   -3.90431   0.000148883
20400   -3.90432   0.00014884
20500   -3.90433   0.000148142
20600   -3.90431   0.000147953
20700   -3.9043   0.00014784
20800   -3.9043   0.000147146
20900   -3.90429   0.000146587
21000   -3.90429   0.000145907
21100   -3.90429   0.000145225
21200   -3.90429   0.000144593
21300   -3.90429   0.000143985
21400   -3.90429   0.000143343
21500   -3.90428   0.000142884
21600   -3.90428   0.000142258
21700   -3.90428   0.000141741
21800   -3.90426   0.000141861
21900   -3.90425   0.000141773
22000   -3.90425   0.000141159
22100   -3.90425   0.000140522
22200   -3.90424   0.000140327
22300   -3.90423   0.000140152
22400   -3.90422   0.000139672
22500   -3.90421   0.000139191
22600   -3.90421   0.000138726
22700   -3.9042   0.000138157
22800   -3.9042   0.000137558
22900   -3.90419   0.000137184
23000   -3.9042   0.000136879
23100   -3.9042   0.000136462
23200   -3.9042   0.000135902
23300   -3.90419   0.000135392
23400   -3.9042   0.000135106
23500   -3.90422   0.000136121
23600   -3.90424   0.000137038
23700   -3.90424   0.000136688
23800   -3.90424   0.000136114
23900   -3.90424   0.000135546
24000   -3.90425   0.000135842
24100   -3.90426   0.000135328
24200   -3.90427   0.000135978
24300   -3.90428   0.000135426
24400   -3.90427   0.000134928
24500   -3.90426   0.000135022
24600   -3.90426   0.000134518
24700   -3.90425   0.000134209
24800   -3.90424   0.000134014
24900   -3.90424   0.000133483
25000   -3.90425   0.000133391
25100   -3.90426   0.000132976
25200   -3.90426   0.000132463
25300   -3.90426   0.00013204
25400   -3.90427   0.00013172
25500   -3.90426   0.000131969
25600   -3.90425   0.000131576
25700   -3.90426   0.000131199
25800   -3.90426   0.000130946
25900   -3.90427   0.00013053
26000   -3.90428   0.00013023
26100   -3.90427   0.000129792
26200   -3.90427   0.000129298
26300   -3.90427   0.000128806
26400   -3.90428   0.000128812
26500   -3.9043   0.000129596
26600   -3.90431   0.000129558
26700   -3.90432   0.000129361
26800   -3.90432   0.000128886
26900   -3.90432   0.000128468
27000   -3.90431   0.000128119
27100   -3.90431   0.000127658
27200   -3.90432   0.000127293
27300   -3.90432   0.000126877
27400   -3.90433   0.000126478
27500   -3.90433   0.000126029
27600   -3.90434   0.000125804
27700   -3.90434   0.00012558
27800   -3.90435   0.000125317
27900   -3.90436   0.000124958
28000   -3.90435   0.000124525
28100   -3.90436   0.000124091
28200   -3.90437   0.000124187
28300   -3.90437   0.0001239
28400   -3.90439   0.00012472
28500   -3.90441   0.000126141
28600   -3.90443   0.000127712
28700   -3.90445   0.000128156
28800   -3.90447   0.000129128
28900   -3.90448   0.000129535
29000   -3.9045   0.00013068
29100   -3.90452   0.000131382
29200   -3.90454   0.000131643
29300   -3.90455   0.000132434
29400   -3.90457   0.000133131
29500   -3.90458   0.000132943
29600   -3.90458   0.000132494
29700   -3.90459   0.000132311
29800   -3.9046   0.000133057
29900   -3.90463   0.000134157
30000   -3.90464   0.000134898
30100   -3.90466   0.000135419
30200   -3.90467   0.000135346
30300   -3.90468   0.000135148
30400   -3.90468   0.000134784
30500   -3.90469   0.000134422
30600   -3.90469   0.000134086
30700   -3.9047   0.000133769
30800   -3.9047   0.000133462
30900   -3.90471   0.000133036
31000   -3.90471   0.000132798
31100   -3.90471   0.000132395
31200   -3.90472   0.000132089
31300   -3.90472   0.000131702
31400   -3.90472   0.000131314
31500   -3.90472   0.000130939
31600   -3.90473   0.000130629
31700   -3.90474   0.000130581
31800   -3.90475   0.000131007
31900   -3.90475   0.000130601
32000   -3.90475   0.000130404
32100   -3.90474   0.000130041
32200   -3.90474   0.000129707
32300   -3.90474   0.00012933
32400   -3.90474   0.000128946
32500   -3.90474   0.00012855
32600   -3.90474   0.000128189
32700   -3.90474   0.000127825
32800   -3.90473   0.000127533
32900   -3.90473   0.000127148
33000   -3.90473   0.000126778
33100   -3.90474   0.000126598
33200   -3.90474   0.000126292
33300   -3.90474   0.000125984
33400   -3.90473   0.000125768
33500   -3.90473   0.000125416
33600   -3.90473   0.000125104
33700   -3.90473   0.000124734
33800   -3.90472   0.00012442
33900   -3.90473   0.00012407
34000   -3.90473   0.000123707
34100   -3.90474   0.000123863
34200   -3.90474   0.000123562
34300   -3.90474   0.000123205
34400   -3.90474   0.000122978
34500   -3.90473   0.000123061
34600   -3.90473   0.000122726
34700   -3.90474   0.000122663
34800   -3.90474   0.000122462
34900   -3.90474   0.000122172
35000   -3.90473   0.000122223
35100   -3.90472   0.000122061
35200   -3.90472   0.000121733
35300   -3.90472   0.000121447
35400   -3.90473   0.000121463
35500   -3.90474   0.000121485
35600   -3.90474   0.000121144
35700   -3.90475   0.00012085
35800   -3.90475   0.000120527
35900   -3.90474   0.00012026
36000   -3.90474   0.00012007
36100   -3.90473   0.000119934
36200   -3.90472   0.000120048
36300   -3.90471   0.000119927
36400   -3.9047   0.000119765
36500   -3.9047   0.000119487
36600   -3.9047   0.000119207
36700   -3.90469   0.000119316
36800   -3.90468   0.000119251
36900   -3.90467   0.000119104
37000   -3.90466   0.00011942
37100   -3.90465   0.000120006
37200   -3.90464   0.000119764
37300   -3.90464   0.000119469
37400   -3.90463   0.000119359
37500   -3.90463   0.000119047
37600   -3.90463   0.000118761
37700   -3.90462   0.000118547
37800   -3.90462   0.000118516
37900   -3.90461   0.000118348
38000   -3.90461   0.000118048
38100   -3.9046   0.000118074
38200   -3.90459   0.000118218
38300   -3.90457   0.000118778
38400   -3.90456   0.000119274
38500   -3.90455   0.000119653
38600   -3.90454   0.000119388
38700   -3.90454   0.000119184
38800   -3.90453   0.000119107
38900   -3.90453   0.000118837
39000   -3.90452   0.000118645
39100   -3.90452   0.000118466
39200   -3.90452   0.000118165
39300   -3.90452   0.000117999
39400   -3.90451   0.000118088
39500   -3.90451   0.000117816
39600   -3.90451   0.000117539
39700   -3.90451   0.000117257
39800   -3.90451   0.000116963
39900   -3.90451   0.000116669
40000   -3.9045   0.000116606
40100   -3.90449   0.000117445
40200   -3.90448   0.000117797
40300   -3.90447   0.000117621
40400   -3.90447   0.000117389
40500   -3.90446   0.000117328
40600   -3.90445   0.000117222
40700   -3.90445   0.000116945
40800   -3.90445   0.00011668
40900   -3.90445   0.0001164
41000   -3.90445   0.000116142
41100   -3.90445   0.000115915
41200   -3.90446   0.000115954
41300   -3.90447   0.000115819
41400   -3.90447   0.000115558
41500   -3.90447   0.000115356
41600   -3.90448   0.000115197
41700   -3.90448   0.000114931
41800   -3.90449   0.000114901
41900   -3.90449   0.00011483
42000   -3.9045   0.000115032
42100   -3.90451   0.000114768
42200   -3.9045   0.0001145
42300   -3.9045   0.000114268
42400   -3.90451   0.000114278
42500   -3.90451   0.000114039
42600   -3.90451   0.000113776
42700   -3.90451   0.000113519
42800   -3.90452   0.00011327
42900   -3.90452   0.000113016
43000   -3.90453   0.000112978
43100   -3.90453   0.000112743
43200   -3.90454   0.000112782
43300   -3.90455   0.000112951
43400   -3.90455   0.000112888
43500   -3.90456   0.000112751
43600   -3.90457   0.000112809
43700   -3.90457   0.000112699
43800   -3.90458   0.000112558
43900   -3.90458   0.000112301
44000   -3.90458   0.000112047
44100   -3.90457   0.000111907
44200   -3.90457   0.000111667
44300   -3.90457   0.000111466
44400   -3.90457   0.000111372
44500   -3.90458   0.000111401
44600   -3.90458   0.000111153
44700   -3.90458   0.000110975
44800   -3.90459   0.000110854
44900   -3.9046   0.00011127
45000   -3.90461   0.000111383
45100   -3.90462   0.000111496
45200   -3.90462   0.000111306
45300   -3.90462   0.000111064
45400   -3.90463   0.000110921
45500   -3.90464   0.000111032
45600   -3.90465   0.000111166
45700   -3.90466   0.000111438
45800   -3.90466   0.000111211
45900   -3.90465   0.000111116
46000   -3.90465   0.000110893
46100   -3.90465   0.000110806
46200   -3.90464   0.000111125
46300   -3.90463   0.000111212
46400   -3.90462   0.000111358
46500   -3.90461   0.000111248
46600   -3.90461   0.000111196
46700   -3.9046   0.000111374
46800   -3.90458   0.000111727
46900   -3.90458   0.000111541
47000   -3.90458   0.000111307
47100   -3.90458   0.000111093
47200   -3.90458   0.000110861
47300   -3.90459   0.000110771
47400   -3.90459   0.000110615
47500   -3.90459   0.000110389
47600   -3.90459   0.000110168
47700   -3.90459   0.000109993
47800   -3.90458   0.000109797
47900   -3.90458   0.000109739
48000   -3.90457   0.000109747
48100   -3.90456   0.000109785
48200   -3.90456   0.00010967
48300   -3.90456   0.000109473
48400   -3.90455   0.00010932
48500   -3.90455   0.000109098
48600   -3.90455   0.000108874
48700   -3.90455   0.000108754
48800   -3.90454   0.000108871
48900   -3.90453   0.00010929
49000   -3.90452   0.00010944
49100   -3.90451   0.000109418
49200   -3.90451   0.000109264
49300   -3.90451   0.000109044
49400   -3.90451   0.000108843
49500   -3.90451   0.000108624
49600   -3.90451   0.000108449
49700   -3.9045   0.000108289
49800   -3.9045   0.000108078
49900   -3.9045   0.000107862
50000   -3.9045   0.000107754
