0.0128248 0 0
0.0384745 0 0
0.0641241 0 0
0.0897737 0 0
0.115423 0 0
0.141073 0 0
0.166723 0 0
0.192372 0 0
0.218022 0 0
0.243672 0 0
0.269321 0 0
0.294971 0 0
0.32062 0 0
0.34627 0 0
0.37192 0 0
0.397569 0 0
0.423219 0 0
0.448869 0 0
0.474518 0 0
0.500168 0 0
0.525818 0 0
0.551467 0 0
0.577117 0 0
0.602767 0 0
0.628416 0 0
0.654066 0 0
0.679715 0 0
0.705365 0 0
0.731015 0 0
0.756664 0 0
0.782314 0 0
0.807964 0 0
0.833613 0 0
0.859263 0 0
0.884913 5.50231e-05 3.88293e-05
0.910562 0.00323062 0.00029711
0.936212 0.0384831 0.00105266
0.961861 0.183253 0.00223876
0.987511 0.47599 0.00349155
1.01316 0.848501 0.00468641
1.03881 1.15169 0.00540404
1.06446 1.31932 0.00579876
1.09011 1.35044 0.00542088
1.11576 1.27763 0.00534621
1.14141 1.18203 0.00496163
1.16706 1.0424 0.00487887
1.19271 0.929129 0.00479125
1.21836 0.816173 0.0044891
1.24401 0.720798 0.0039986
1.26966 0.633704 0.00352427
1.29531 0.563105 0.00331629
1.32096 0.507813 0.00296994
1.34661 0.467528 0.00289348
1.37226 0.433572 0.00261754
1.39791 0.403861 0.00263502
1.42355 0.38273 0.00251685
1.4492 0.358747 0.0021905
1.47485 0.341435 0.00225917
1.5005 0.335447 0.00224772
1.52615 0.328056 0.00226165
1.5518 0.324083 0.00218543
1.57745 0.32212 0.00216012
1.6031 0.323835 0.0019929
1.62875 0.333402 0.00206432
1.6544 0.340942 0.00204887
1.68005 0.351335 0.00212859
1.7057 0.366058 0.00204992
1.73135 0.381765 0.00197153
1.757 0.400908 0.00198684
1.78265 0.419065 0.00217933
1.8083 0.439081 0.00207265
1.83395 0.46085 0.00209598
1.8596 0.478777 0.00218084
1.88525 0.507376 0.00229785
1.9109 0.528121 0.00221712
1.93655 0.545807 0.00225479
1.9622 0.561451 0.00224599
1.98785 0.579583 0.00222851
2.0135 0.596054 0.00218616
2.03915 0.606882 0.00220437
2.0648 0.618894 0.00218107
2.09045 0.622774 0.00205908
2.1161 0.618277 0.00210594
2.14174 0.611835 0.00203164
2.16739 0.606859 0.00207142
2.19304 0.593505 0.00206515
2.21869 0.578089 0.00200231
2.24434 0.557717 0.00199993
2.26999 0.540336 0.00180448
2.29564 0.523065 0.00187344
2.32129 0.50983 0.00174022
2.34694 0.492844 0.00179409
2.37259 0.482892 0.0016502
2.39824 0.471143 0.00167541
2.42389 0.460507 0.00164955
2.44954 0.45308 0.00166761
2.47519 0.446009 0.00160476
2.50084 0.438345 0.00148141
2.52649 0.436175 0.00161523
2.55214 0.43426 0.00154587
