100   -5.09756   0
200   -5.16778   0.0496553
300   -5.19102   0.0381554
400   -5.19068   0.0286181
500   -5.19735   0.0236589
600   -5.20499   0.0209132
700   -5.20445   0.0179325
800   -5.21315   0.0176752
900   -5.21603   0.015944
1000   -5.20927   0.0157192
1100   -5.21742   0.016268
1200   -5.2241   0.0162275
1300   -5.22061   0.0153497
1400   -5.21785   0.0145003
1500   -5.20993   0.0155457
1600   -5.20812   0.0146796
1700   -5.21251   0.0144573
1800   -5.21752   0.0144985
1900   -5.21653   0.0137694
2000   -5.21899   0.0132996
2100   -5.2152   0.0131967
2200   -5.20905   0.0139553
2300   -5.20976   0.0133668
2400   -5.2083   0.0128892
2500   -5.21094   0.012641
2600   -5.21434   0.0126036
2700   -5.21955   0.0131691
2800   -5.21893   0.0127133
2900   -5.22083   0.012415
3000   -5.22206   0.0120627
3100   -5.2217   0.0116789
3200   -5.22452   0.0116497
3300   -5.22484   0.0113008
3400   -5.22497   0.0109693
3500   -5.22686   0.0108166
3600   -5.22773   0.0105509
3700   -5.22711   0.0102839
3800   -5.22886   0.0101621
3900   -5.22977   0.00994153
4000   -5.2296   0.00969437
4100   -5.22845   0.00952642
4200   -5.22715   0.00938771
4300   -5.22711   0.00916949
4400   -5.22771   0.00898086
4500   -5.22699   0.00880977
4600   -5.22458   0.0089426
4700   -5.2239   0.0087781
4800   -5.22267   0.00868097
4900   -5.22138   0.00859918
5000   -5.22235   0.0084824
5100   -5.2237   0.00842232
5200   -5.22239   0.00836126
5300   -5.22217   0.00820639
5400   -5.2205   0.00822318
5500   -5.22113   0.00809774
5600   -5.22132   0.00795545
5700   -5.22061   0.00784773
5800   -5.21956   0.00778317
5900   -5.21996   0.00766194
6000   -5.21941   0.00755411
6100   -5.22001   0.00745403
6200   -5.21867   0.00745351
6300   -5.2175   0.00742689
6400   -5.21855   0.00738553
6500   -5.21945   0.00732591
6600   -5.21909   0.00722378
6700   -5.21921   0.00711692
6800   -5.21871   0.00702967
6900   -5.21807   0.00695687
7000   -5.21845   0.00686793
7100   -5.21873   0.0067768
7200   -5.21814   0.00670806
7300   -5.21856   0.00662947
7400   -5.21784   0.00657854
7500   -5.21772   0.00649193
7600   -5.21671   0.00648594
7700   -5.21623   0.00641883
7800   -5.21692   0.00637274
7900   -5.21714   0.00629584
8000   -5.21782   0.00625387
8100   -5.21818   0.00618748
8200   -5.21885   0.00614793
8300   -5.21831   0.00609784
8400   -5.21838   0.00602565
8500   -5.21905   0.00599215
8600   -5.21969   0.00595674
8700   -5.22013   0.00590447
8800   -5.22055   0.00585221
8900   -5.22023   0.00579503
9000   -5.22129   0.00582545
9100   -5.22049   0.00581543
9200   -5.22044   0.00575244
9300   -5.2205   0.0056909
9400   -5.21972   0.00568382
9500   -5.21908   0.00566
9600   -5.21867   0.00561558
9700   -5.21847   0.00556149
9800   -5.21828   0.00550777
9900   -5.21761   0.00549278
10000   -5.21709   0.00546225
10100   -5.21669   0.00542288
10200   -5.2164   0.0053776
10300   -5.21596   0.00534327
10400   -5.21566   0.00530029
10500   -5.21568   0.00524983
10600   -5.21436   0.0053637
10700   -5.21411   0.00531922
10800   -5.21466   0.00529808
10900   -5.21501   0.00526118
11000   -5.21554   0.00523984
11100   -5.21675   0.00533184
11200   -5.21659   0.0052868
11300   -5.21611   0.00526178
11400   -5.21541   0.00526119
11500   -5.21506   0.00522711
11600   -5.21464   0.00519947
11700   -5.21439   0.00516077
11800   -5.2147   0.00512633
11900   -5.21583   0.00520617
12000   -5.21727   0.00535909
12100   -5.21853   0.00546091
12200   -5.21872   0.00541915
12300   -5.21931   0.0054072
12400   -5.21931   0.0053636
12500   -5.21936   0.005321
12600   -5.21933   0.00527887
12700   -5.21901   0.00524693
12800   -5.21972   0.00525313
12900   -5.22079   0.00532058
13000   -5.22157   0.00533735
13100   -5.22222   0.00533618
13200   -5.2223   0.0052963
13300   -5.22184   0.00527617
13400   -5.2216   0.00524258
13500   -5.2214   0.00520725
13600   -5.22143   0.00516901
13700   -5.2211   0.00514177
13800   -5.22101   0.00510529
13900   -5.22125   0.00507435
14000   -5.22207   0.00510423
14100   -5.22273   0.00511059
14200   -5.2227   0.00507474
14300   -5.22279   0.00504007
14400   -5.2225   0.00501298
14500   -5.22287   0.00499201
14600   -5.22309   0.0049626
14700   -5.22296   0.0049306
14800   -5.22258   0.00491199
14900   -5.22201   0.00491124
15000   -5.22193   0.00487927
15100   -5.22215   0.00485194
15200   -5.22232   0.00482293
15300   -5.22227   0.00479161
15400   -5.22234   0.00476102
15500   -5.22267   0.0047418
15600   -5.223   0.00472241
15700   -5.22317   0.0046955
15800   -5.22334   0.00466903
15900   -5.22366   0.00465018
16000   -5.22385   0.0046249
16100   -5.22396   0.0045976
16200   -5.22361   0.00458285
16300   -5.22286   0.00461592
16400   -5.22286   0.00458778
16500   -5.22247   0.00457685
16600   -5.22266   0.00455351
16700   -5.22291   0.00453258
16800   -5.22278   0.00450726
16900   -5.22326   0.00450597
17000   -5.22336   0.00448059
17100   -5.22326   0.00445552
17200   -5.22283   0.00445083
17300   -5.22278   0.00442537
17400   -5.22265   0.00440176
17500   -5.22243   0.00438228
17600   -5.222   0.0043781
17700   -5.22154   0.00437744
17800   -5.22122   0.00436438
17900   -5.22133   0.00434123
18000   -5.22195   0.00436232
18100   -5.22283   0.00442611
18200   -5.22306   0.00440754
18300   -5.22317   0.00438478
18400   -5.22352   0.00437497
18500   -5.22377   0.00435833
18600   -5.22395   0.00433889
18700   -5.22417   0.00432086
18800   -5.22451   0.00431166
18900   -5.22457   0.00428921
19000   -5.22432   0.00427397
19100   -5.22436   0.00425178
19200   -5.22472   0.00424518
19300   -5.22494   0.00422868
19400   -5.22511   0.00421036
19500   -5.22542   0.00420017
19600   -5.22545   0.0041789
19700   -5.22563   0.00416141
19800   -5.22562   0.0041404
19900   -5.22564   0.00411964
20000   -5.2256   0.00409933
20100   -5.22605   0.00410426
20200   -5.22626   0.00408944
20300   -5.2269   0.00411885
20400   -5.22768   0.00417122
20500   -5.228   0.00416347
20600   -5.22782   0.00414739
20700   -5.22716   0.00417881
20800   -5.22712   0.00415895
20900   -5.22728   0.00414208
21000   -5.2273   0.00412243
21100   -5.22735   0.0041032
21200   -5.22733   0.00408389
21300   -5.227   0.00407827
21400   -5.22735   0.00407392
21500   -5.2276   0.00406279
21600   -5.2279   0.00405522
21700   -5.22811   0.00404196
21800   -5.22787   0.00403103
21900   -5.22797   0.00401399
22000   -5.22781   0.00399901
22100   -5.22798   0.00398456
22200   -5.22796   0.00396668
22300   -5.22794   0.00394893
22400   -5.228   0.00393172
22500   -5.22797   0.00391436
22600   -5.22828   0.00390957
22700   -5.22819   0.00389339
22800   -5.22848   0.00388675
22900   -5.22826   0.00387602
23000   -5.22812   0.00386159
23100   -5.22806   0.00384531
23200   -5.22794   0.00383053
23300   -5.22805   0.00381569
23400   -5.22797   0.00380024
23500   -5.22823   0.00379251
23600   -5.22871   0.00380785
23700   -5.22923   0.00382596
23800   -5.22919   0.00381005
23900   -5.22928   0.00379521
24000   -5.22943   0.00378208
24100   -5.2294   0.0037665
24200   -5.22917   0.00375764
24300   -5.22933   0.00374573
24400   -5.22978   0.00375631
24500   -5.22974   0.00374111
24600   -5.22961   0.00372837
24700   -5.22965   0.00371353
24800   -5.22994   0.00370988
24900   -5.23002   0.00369586
25000   -5.23008   0.00368146
25100   -5.23022   0.00366959
25200   -5.23041   0.00365993
25300   -5.23012   0.00365658
25400   -5.23015   0.00364229
25500   -5.23038   0.00363497
25600   -5.23017   0.00362648
25700   -5.2299   0.00362297
25800   -5.22963   0.00361856
25900   -5.22952   0.00360631
26000   -5.2295   0.00359251
26100   -5.2296   0.00358024
26200   -5.22958   0.00356666
26300   -5.22931   0.00356287
26400   -5.2292   0.00355105
26500   -5.2291   0.00353914
26600   -5.22906   0.00352601
26700   -5.22875   0.00352723
26800   -5.22871   0.00351421
26900   -5.22869   0.00350121
27000   -5.22869   0.00348824
27100   -5.22885   0.00347885
27200   -5.22866   0.00347105
27300   -5.22837   0.0034705
27400   -5.22832   0.00345824
27500   -5.22832   0.00344566
27600   -5.22841   0.00343451
27700   -5.22861   0.00342794
27800   -5.22859   0.00341571
27900   -5.22857   0.00340351
28000   -5.22873   0.00339519
28100   -5.22861   0.00338536
28200   -5.2287   0.00337471
28300   -5.22894   0.00337146
28400   -5.22909   0.00336282
28500   -5.22928   0.00335651
28600   -5.22928   0.00334478
28700   -5.22941   0.00333556
28800   -5.2295   0.00332535
28900   -5.22955   0.00331413
29000   -5.22946   0.00330388
29100   -5.2293   0.00329615
29200   -5.22945   0.00328823
29300   -5.22966   0.00328331
29400   -5.22985   0.0032777
29500   -5.23006   0.00327332
29600   -5.2303   0.00327162
29700   -5.23006   0.00326945
29800   -5.23022   0.00326206
29900   -5.23029   0.00325187
30000   -5.23052   0.00324946
30100   -5.2308   0.00325041
30200   -5.23104   0.00324852
30300   -5.23102   0.00323783
30400   -5.23098   0.00322754
30500   -5.23072   0.00322667
30600   -5.23052   0.00322255
30700   -5.2302   0.00322836
30800   -5.23033   0.00322082
30900   -5.2302   0.00321301
31000   -5.23025   0.00320299
31100   -5.23018   0.00319343
31200   -5.22981   0.00320523
31300   -5.22998   0.00319947
31400   -5.23012   0.00319275
31500   -5.23016   0.00318284
31600   -5.23029   0.00317522
31700   -5.23022   0.00316597
31800   -5.23022   0.00315602
31900   -5.23041   0.00315132
32000   -5.23022   0.00314687
32100   -5.23013   0.00313844
32200   -5.23017   0.00312902
32300   -5.23019   0.00311937
32400   -5.23041   0.00311746
32500   -5.23033   0.0031088
32600   -5.23031   0.00309939
32700   -5.23053   0.00309792
32800   -5.2305   0.0030886
32900   -5.23044   0.00307977
33000   -5.23025   0.00307626
33100   -5.2302   0.00306748
33200   -5.22992   0.00307109
33300   -5.22974   0.00306661
33400   -5.22962   0.00306014
33500   -5.22949   0.00305353
33600   -5.22924   0.0030551
33700   -5.22941   0.00305115
33800   -5.2292   0.00304923
33900   -5.22919   0.00304025
34000   -5.22926   0.00303201
34100   -5.22911   0.00302685
34200   -5.22907   0.00301823
34300   -5.22905   0.0030095
34400   -5.22914   0.00300203
34500   -5.22912   0.00299339
34600   -5.22898   0.00298791
34700   -5.22913   0.00298306
34800   -5.2292   0.0029752
34900   -5.22934   0.00297013
35000   -5.22951   0.00296648
35100   -5.22942   0.00295935
35200   -5.22925   0.00295585
35300   -5.22933   0.00294858
35400   -5.22946   0.00294288
35500   -5.22942   0.00293483
35600   -5.22938   0.00292685
35700   -5.22922   0.00292273
35800   -5.22937   0.00291827
35900   -5.22933   0.00291038
36000   -5.22934   0.0029023
36100   -5.22941   0.00289503
36200   -5.2293   0.00288896
36300   -5.22941   0.00288312
36400   -5.22928   0.00287806
36500   -5.22904   0.00288037
36600   -5.22872   0.00289081
36700   -5.22858   0.00288607
36800   -5.22838   0.00288537
36900   -5.22833   0.00287795
37000   -5.2283   0.0028703
37100   -5.22817   0.00286579
37200   -5.22802   0.00286196
37300   -5.22789   0.00285703
37400   -5.22803   0.00285257
37500   -5.22814   0.00284724
37600   -5.22839   0.0028506
37700   -5.22849   0.00284485
37800   -5.22838   0.00283947
37900   -5.22841   0.00283214
38000   -5.22859   0.00283014
38100   -5.22857   0.00282278
38200   -5.22864   0.00281637
38300   -5.22861   0.00280925
38400   -5.22878   0.00280723
38500   -5.22871   0.00280091
38600   -5.22863   0.00279462
38700   -5.22866   0.00278752
38800   -5.22846   0.00278761
38900   -5.22839   0.00278123
39000   -5.22831   0.00277526
39100   -5.22825   0.00276894
39200   -5.22818   0.00276262
39300   -5.2284   0.00276396
39400   -5.22847   0.00275787
39500   -5.22829   0.00275687
39600   -5.22821   0.00275105
39700   -5.2282   0.00274414
39800   -5.22828   0.00273837
39900   -5.22822   0.00273203
40000   -5.22829   0.00272609
40100   -5.22807   0.00272844
40200   -5.22796   0.00272368
40300   -5.22796   0.00271692
40400   -5.22789   0.002711
40500   -5.22759   0.00272114
40600   -5.22732   0.00272748
40700   -5.22705   0.00273437
40800   -5.22685   0.00273467
40900   -5.22691   0.00272853
41000   -5.22675   0.00272635
41100   -5.22661   0.00272374
41200   -5.22664   0.00271735
41300   -5.22706   0.00274237
41400   -5.22727   0.00274397
41500   -5.22725   0.00273741
41600   -5.22753   0.00274485
41700   -5.22761   0.00273961
41800   -5.22757   0.00273347
41900   -5.22748   0.00272822
42000   -5.22765   0.00272684
42100   -5.22781   0.00272518
42200   -5.22789   0.00271989
42300   -5.22772   0.00271881
42400   -5.22778   0.00271303
42500   -5.22784   0.00270734
42600   -5.2279   0.00270153
42700   -5.22781   0.00269668
42800   -5.22768   0.00269337
42900   -5.2276   0.0026882
43000   -5.22779   0.00268822
43100   -5.22789   0.00268399
43200   -5.22792   0.00267792
43300   -5.22805   0.00267508
43400   -5.22832   0.00268214
43500   -5.22847   0.0026801
43600   -5.22859   0.00267677
43700   -5.22877   0.00267637
43800   -5.22868   0.0026715
43900   -5.22851   0.00267102
44000   -5.22845   0.00266564
44100   -5.22844   0.00265962
44200   -5.22848   0.00265385
44300   -5.22851   0.00264812
44400   -5.22847   0.00264252
44500   -5.22854   0.00263762
44600   -5.22853   0.00263176
44700   -5.22863   0.00262792
44800   -5.2285   0.00262537
44900   -5.22855   0.00262006
45000   -5.22862   0.0026152
45100   -5.22865   0.00260952
45200   -5.22865   0.00260375
45300   -5.22865   0.00259802
45400   -5.22858   0.00259335
45500   -5.22854   0.00258803
45600   -5.22855   0.00258241
45700   -5.22857   0.00257684
45800   -5.22878   0.00257939
45900   -5.22893   0.00257787
46000   -5.22888   0.00257273
46100   -5.22887   0.00256717
46200   -5.22862   0.00257368
46300   -5.22836   0.00258064
46400   -5.22821   0.00257938
46500   -5.22797   0.00258482
46600   -5.22791   0.00258017
46700   -5.22797   0.00257548
46800   -5.22792   0.0025705
46900   -5.22781   0.00256751
47000   -5.22784   0.00256231
47100   -5.22808   0.00256793
47200   -5.22809   0.00256251
47300   -5.22797   0.00255994
47400   -5.22796   0.00255455
47500   -5.22783   0.00255264
47600   -5.22783   0.00254728
47700   -5.2277   0.00254543
47800   -5.22757   0.00254345
47900   -5.22752   0.00253859
48000   -5.22757   0.00253369
48100   -5.2275   0.00252927
48200   -5.2275   0.00252402
48300   -5.22742   0.00252026
48400   -5.22733   0.00251649
48500   -5.22728   0.00251185
48600   -5.22723   0.00250713
48700   -5.22722   0.00250202
48800   -5.22726   0.0024973
48900   -5.2273   0.00249241
49000   -5.22741   0.00248975
49100   -5.22746   0.0024853
49200   -5.2274   0.00248105
49300   -5.22723   0.00248186
49400   -5.22717   0.00247759
49500   -5.22728   0.00247512
49600   -5.22739   0.00247272
49700   -5.22737   0.00246782
49800   -5.22718   0.00247033
49900   -5.22709   0.00246714
50000   -5.22713   0.0024625
