   0.0128248   0   0
   0.0384745   0   0
   0.0641241   0   0
   0.0897737   0   0
   0.115423   0   0
   0.141073   0   0
   0.166723   0   0
   0.192372   0   0
   0.218022   0   0
   0.243672   0   0
   0.269321   0   0
   0.294971   0   0
   0.32062   0   0
   0.34627   0   0
   0.37192   0   0
   0.397569   0   0
   0.423219   0   0
   0.448869   0   0
   0.474518   0   0
   0.500168   0   0
   0.525818   0   0
   0.551467   0   0
   0.577117   0   0
   0.602767   0   0
   0.628416   0   0
   0.654066   0   0
   0.679715   0   0
   0.705365   0   0
   0.731015   0   0
   0.756664   0   0
   0.782314   0   0
   0.807964   0   0
   0.833613   0   0
   0.859263   9.72615e-06   9.71641e-06
   0.884913   0.000605254   0.000118611
   0.910562   0.00947533   0.000530552
   0.936212   0.0740167   0.00140621
   0.961861   0.274899   0.0027226
   0.987511   0.594382   0.00370998
   1.01316   0.921021   0.00454516
   1.03881   1.17609   0.00527258
   1.06446   1.29224   0.00531264
   1.09011   1.27852   0.00555637
   1.11576   1.20554   0.00516954
   1.14141   1.1179   0.00490811
   1.16706   0.991401   0.00486376
   1.19271   0.882801   0.00439811
   1.21836   0.784122   0.00383045
   1.24401   0.699595   0.00367259
   1.26966   0.622656   0.00358074
   1.29531   0.557447   0.00336225
   1.32096   0.50187   0.0031115
   1.34661   0.462586   0.00300021
   1.37226   0.427283   0.00268108
   1.39791   0.403497   0.0025796
   1.42355   0.379488   0.00246815
   1.4492   0.357563   0.00229402
   1.47485   0.352257   0.00223326
   1.5005   0.343922   0.00224876
   1.52615   0.340257   0.00225149
   1.5518   0.336062   0.00222357
   1.57745   0.339881   0.00211884
   1.6031   0.341292   0.00212891
   1.62875   0.348646   0.00203401
   1.6544   0.351117   0.00203479
   1.68005   0.360683   0.00209088
   1.7057   0.376958   0.00204595
   1.73135   0.395299   0.00215026
   1.757   0.409334   0.00213434
   1.78265   0.429838   0.00203037
   1.8083   0.454773   0.00211425
   1.83395   0.468648   0.0021227
   1.8596   0.491123   0.00230963
   1.88525   0.512682   0.00222279
   1.9109   0.537516   0.00208568
   1.93655   0.546508   0.00213344
   1.9622   0.565599   0.00219191
   1.98785   0.582548   0.00209813
   2.0135   0.590938   0.00198887
   2.03915   0.600473   0.0021491
   2.0648   0.602715   0.00212931
   2.09045   0.605481   0.0021809
   2.1161   0.59998   0.00192353
   2.14174   0.596402   0.00203431
   2.16739   0.590317   0.00209438
   2.19304   0.577538   0.00199715
   2.21869   0.560827   0.00198333
   2.24434   0.542512   0.00182682
   2.26999   0.531098   0.00174603
   2.29564   0.513782   0.00176967
   2.32129   0.499809   0.00172553
   2.34694   0.491112   0.00171668
   2.37259   0.479889   0.0016358
   2.39824   0.471295   0.00159814
   2.42389   0.463643   0.00162242
   2.44954   0.457419   0.00153636
   2.47519   0.45152   0.00162033
   2.50084   0.445468   0.00161376
   2.52649   0.444889   0.00159531
   2.55214   0.446214   0.00147805
