100   1.54018   0
200   1.3075   0.164533
300   1.23277   0.125518
400   1.24223   0.0944945
500   1.20989   0.080941
600   1.16637   0.0782819
700   1.1542   0.0680381
800   1.10172   0.0771646
900   1.07489   0.0731044
1000   1.08776   0.0669169
1100   1.04138   0.0752093
1200   1.00943   0.0754238
1300   1.02291   0.0708162
1400   1.03401   0.0666223
1500   1.06367   0.0684644
1600   1.06894   0.0643885
1700   1.04961   0.0634362
1800   1.02798   0.0634929
1900   1.03288   0.0603397
2000   1.03328   0.057324
2100   1.06   0.0605019
2200   1.09039   0.0649402
2300   1.08988   0.0621187
2400   1.09316   0.0596168
2500   1.08047   0.0585666
2600   1.0629   0.0588929
2700   1.03709   0.0621097
2800   1.03553   0.059911
2900   1.02709   0.0584368
3000   1.01908   0.0570359
3100   1.01816   0.0552034
3200   1.00765   0.054469
3300   1.0062   0.0528378
3400   1.0056   0.051287
3500   0.998427   0.0503215
3600   0.995024   0.0490386
3700   0.996167   0.0477266
3800   0.987016   0.0473398
3900   0.980759   0.0465375
4000   0.978973   0.0454083
4100   0.981905   0.0443954
4200   0.986283   0.0435536
4300   0.985677   0.0425449
4400   0.983272   0.0416459
4500   0.988999   0.0411124
4600   1.00331   0.0426351
4700   1.01255   0.0427178
4800   1.02509   0.0436298
4900   1.03705   0.0443493
5000   1.03685   0.0434628
5100   1.03348   0.042741
5200   1.03985   0.0423912
5300   1.04125   0.0416144
5400   1.04752   0.041314
5500   1.04463   0.0406641
5600   1.04399   0.039943
5700   1.04835   0.0394798
5800   1.05317   0.0390913
5900   1.05174   0.0384549
6000   1.05513   0.0379635
6100   1.05729   0.0374025
6200   1.06846   0.0384301
6300   1.07848   0.0391061
6400   1.07874   0.0384959
6500   1.07919   0.0379063
6600   1.08307   0.0375295
6700   1.08262   0.036972
6800   1.08294   0.0364296
6900   1.08439   0.0359306
7000   1.08181   0.0355098
7100   1.07978   0.0350675
7200   1.08155   0.0346248
7300   1.08036   0.0341707
7400   1.08438   0.0339436
7500   1.08778   0.0336616
7600   1.09499   0.0339804
7700   1.09839   0.0337091
7800   1.09581   0.0333752
7900   1.09488   0.0329657
8000   1.09259   0.032633
8100   1.09162   0.0322447
8200   1.08973   0.0319069
8300   1.09062   0.031535
8400   1.08824   0.0312495
8500   1.08425   0.0311356
8600   1.0812   0.0309227
8700   1.07948   0.030615
8800   1.07898   0.0302711
8900   1.08106   0.0300024
9000   1.07808   0.0298167
9100   1.08223   0.0297768
9200   1.08399   0.029505
9300   1.08599   0.0292552
9400   1.09139   0.0294387
9500   1.09513   0.0293649
9600   1.09662   0.029097
9700   1.09635   0.0287983
9800   1.09617   0.028505
9900   1.09825   0.0282931
10000   1.1002   0.0280776
10100   1.10143   0.0278264
10200   1.10236   0.027569
10300   1.10462   0.027394
10400   1.10626   0.0271797
10500   1.10603   0.0269218
10600   1.11027   0.0270003
10700   1.11003   0.0267491
10800   1.10663   0.0267166
10900   1.10434   0.0265694
11000   1.10171   0.0264579
11100   1.09626   0.026774
11200   1.09628   0.026535
11300   1.09714   0.026314
11400   1.09865   0.0261262
11500   1.0992   0.0259048
11600   1.09964   0.0256852
11700   1.09928   0.0254682
11800   1.09684   0.025369
11900   1.09177   0.0256565
12000   1.08572   0.0261474
12100   1.08089   0.0263727
12200   1.08062   0.026158
12300   1.07866   0.0260185
12400   1.07818   0.025813
12500   1.07774   0.0256103
12600   1.07832   0.0254137
12700   1.07993   0.0252643
12800   1.07728   0.0252057
12900   1.07305   0.0253622
13000   1.06991   0.0253606
13100   1.06735   0.0252962
13200   1.06689   0.0251087
13300   1.06808   0.0249481
13400   1.06844   0.0247646
13500   1.06919   0.0245924
13600   1.06952   0.0244137
13700   1.07127   0.0242987
13800   1.07185   0.0241296
13900   1.07064   0.0239864
14000   1.06678   0.0241245
14100   1.06306   0.0242386
14200   1.06218   0.0240837
14300   1.06153   0.0239242
14400   1.06255   0.0237801
14500   1.06077   0.0236832
14600   1.05894   0.023591
14700   1.05816   0.0234436
14800   1.05824   0.0232853
14900   1.05884   0.0231368
15000   1.05758   0.0230168
15100   1.05598   0.0229198
15200   1.05579   0.0227698
15300   1.05688   0.0226473
15400   1.05691   0.0225003
15500   1.05515   0.0224239
15600   1.05281   0.022402
15700   1.05066   0.0223626
15800   1.04836   0.0223385
15900   1.0459   0.0223329
16000   1.04444   0.0222411
16100   1.04325   0.022135
16200   1.04389   0.0220077
16300   1.04605   0.0219787
16400   1.04602   0.0218447
16500   1.04777   0.0217827
16600   1.04682   0.021672
16700   1.04522   0.0216013
16800   1.04501   0.0214738
16900   1.04259   0.0214819
17000   1.04159   0.0213791
17100   1.04154   0.0212541
17200   1.0428   0.0211679
17300   1.04308   0.0210473
17400   1.04405   0.0209488
17500   1.04516   0.0208584
17600   1.04674   0.0207993
17700   1.04856   0.0207615
17800   1.05025   0.0207134
17900   1.0505   0.0205992
18000   1.04864   0.0205684
18100   1.0457   0.0206635
18200   1.04493   0.0205643
18300   1.04455   0.0204555
18400   1.04325   0.0203852
18500   1.04235   0.0202951
18600   1.04188   0.0201914
18700   1.04131   0.0200915
18800   1.04007   0.0200229
18900   1.04005   0.019917
19000   1.04167   0.0198784
19100   1.04244   0.0197892
19200   1.04186   0.0196945
19300   1.04144   0.019597
19400   1.0409   0.0195033
19500   1.03964   0.0194441
19600   1.03912   0.019352
19700   1.03814   0.0192785
19800   1.03818   0.0191812
19900   1.03864   0.0190903
20000   1.03898   0.0189979
20100   1.03725   0.0189817
20200   1.03626   0.0189139
20300   1.03332   0.0190476
20400   1.02957   0.0193193
20500   1.02758   0.0193272
20600   1.02771   0.0192338
20700   1.02986   0.019261
20800   1.03013   0.0191703
20900   1.02977   0.019082
21000   1.0299   0.0189916
21100   1.02975   0.0189022
21200   1.02974   0.0188131
21300   1.03097   0.0187647
21400   1.02933   0.018748
21500   1.02756   0.0187444
21600   1.0257   0.0187493
21700   1.02445   0.0187046
21800   1.02515   0.0186317
21900   1.02522   0.0185468
22000   1.02649   0.0185065
22100   1.02627   0.0184241
22200   1.02625   0.0183412
22300   1.02588   0.0182626
22400   1.02523   0.0181926
22500   1.02505   0.0181127
22600   1.02385   0.0180718
22700   1.02407   0.0179935
22800   1.02313   0.0179394
22900   1.02415   0.0178902
23000   1.02502   0.0178337
23100   1.02582   0.0177744
23200   1.02683   0.0177265
23300   1.02692   0.0176507
23400   1.02764   0.0175898
23500   1.02675   0.0175376
23600   1.0246   0.017594
23700   1.02236   0.017662
23800   1.02193   0.017593
23900   1.02101   0.0175433
24000   1.02009   0.0174944
24100   1.0201   0.0174218
24200   1.02077   0.0173626
24300   1.0196   0.0173304
24400   1.01727   0.0174148
24500   1.01704   0.0173452
24600   1.01733   0.0172771
24700   1.01669   0.0172192
24800   1.01515   0.0172184
24900   1.01453   0.0171604
25000   1.01399   0.0171004
25100   1.01289   0.0170675
25200   1.01172   0.0170398
25300   1.01244   0.0169875
25400   1.01201   0.016926
25500   1.01095   0.0168929
25600   1.0115   0.0168361
25700   1.01229   0.0167891
25800   1.01289   0.0167346
25900   1.01284   0.01667
26000   1.01233   0.0166138
26100   1.01133   0.0165804
26200   1.01087   0.0165233
26300   1.01138   0.0164682
26400   1.01169   0.0164088
26500   1.01208   0.0163515
26600   1.01257   0.0162972
26700   1.01434   0.016332
26800   1.01503   0.0162858
26900   1.0155   0.016232
27000   1.0154   0.0161722
27100   1.01439   0.0161441
27200   1.01484   0.0160911
27300   1.01567   0.0160533
27400   1.01527   0.0159996
27500   1.01421   0.0159767
27600   1.0128   0.0159812
27700   1.01134   0.0159895
27800   1.01113   0.0159335
27900   1.01113   0.0158764
28000   1.01056   0.0158301
28100   1.0112   0.0157868
28200   1.01112   0.015731
28300   1.01006   0.0157111
28400   1.00916   0.0156813
28500   1.00825   0.0156532
28600   1.00781   0.0156045
28700   1.00673   0.0155874
28800   1.00589   0.0155558
28900   1.00563   0.0155042
29000   1.00617   0.0154602
29100   1.00682   0.0154208
29200   1.00615   0.0153827
29300   1.00508   0.0153674
29400   1.00399   0.0153535
29500   1.00292   0.0153388
29600   1.00194   0.015318
29700   1.00281   0.0152907
29800   1.00238   0.0152452
29900   1.00224   0.0151949
30000   1.0012   0.0151797
30100   0.999706   0.0152026
30200   0.998384   0.0152096
30300   0.99828   0.0151598
30400   0.998501   0.0151115
30500   0.999309   0.0150835
30600   0.999948   0.0150478
30700   1.00092   0.0150303
30800   1.0001   0.0150042
30900   1.00026   0.0149565
31000   0.999996   0.0149106
31100   1.00062   0.0148755
31200   1.00236   0.0149301
31300   1.00163   0.0149006
31400   1.00074   0.0148794
31500   1.00025   0.0148401
31600   0.99966   0.0148051
31700   0.999936   0.014761
31800   0.999912   0.0147146
31900   0.999182   0.0146865
32000   0.999891   0.0146578
32100   1.00022   0.0146157
32200   0.999906   0.0145736
32300   0.999647   0.0145308
32400   0.998565   0.0145262
32500   0.998541   0.0144815
32600   0.998229   0.0144404
32700   0.997066   0.014443
32800   0.997083   0.014399
32900   0.997312   0.0143571
33000   0.99808   0.0143341
33100   0.998291   0.0142923
33200   0.999182   0.014277
33300   0.999724   0.0142444
33400   1.00014   0.0142079
33500   1.00049   0.0141697
33600   1.00129   0.01415
33700   1.00059   0.0141249
33800   1.00121   0.0140966
33900   1.00093   0.0140577
34000   1.00018   0.0140365
34100   1.00021   0.0139953
34200   0.999963   0.0139566
34300   0.999846   0.0139164
34400   0.999258   0.0138884
34500   0.998924   0.0138522
34600   0.998996   0.0138123
34700   0.998156   0.013798
34800   0.997567   0.0137709
34900   0.996605   0.0137651
35000   0.995718   0.0137543
35100   0.995898   0.0137162
35200   0.996174   0.01368
35300   0.995379   0.0136643
35400   0.994387   0.0136618
35500   0.99436   0.0136233
35600   0.995017   0.0136008
35700   0.996218   0.0136157
35800   0.996018   0.0135791
35900   0.99625   0.0135433
36000   0.9962   0.0135058
36100   0.995849   0.0134729
36200   0.996183   0.0134398
36300   0.995904   0.0134057
36400   0.996761   0.0133963
36500   0.998362   0.0134549
36600   1.00018   0.0135405
36700   1.00094   0.0135251
36800   1.0016   0.0135041
36900   1.00155   0.0134676
37000   1.00154   0.0134312
37100   1.00228   0.0134153
37200   1.00325   0.0134142
37300   1.0041   0.0134054
37400   1.00394   0.0133705
37500   1.00368   0.0133373
37600   1.00285   0.013328
37700   1.00239   0.0133006
37800   1.00266   0.0132682
37900   1.00259   0.0132334
38000   1.0022   0.0132042
38100   1.00259   0.0131754
38200   1.00257   0.013141
38300   1.00283   0.0131091
38400   1.00227   0.0130866
38500   1.00265   0.013058
38600   1.00313   0.013033
38700   1.00314   0.0129993
38800   1.00383   0.0129842
38900   1.00402   0.0129522
39000   1.00436   0.0129234
39100   1.00485   0.0128997
39200   1.00539   0.0128782
39300   1.00474   0.012862
39400   1.00457   0.0128305
39500   1.00536   0.0128224
39600   1.00592   0.0128024
39700   1.00631   0.0127761
39800   1.00628   0.012744
39900   1.00647   0.0127135
40000   1.0061   0.0126869
40100   1.00691   0.0126812
40200   1.00741   0.0126592
40300   1.00742   0.0126278
40400   1.00772   0.0126002
40500   1.00913   0.0126475
40600   1.01053   0.0126931
40700   1.01189   0.0127351
40800   1.01282   0.0127375
40900   1.01277   0.0127064
41000   1.0136   0.0127026
41100   1.01446   0.0127007
41200   1.01433   0.0126705
41300   1.01251   0.0127707
41400   1.0114   0.0127874
41500   1.01126   0.0127574
41600   1.0101   0.012779
41700   1.00979   0.0127523
41800   1.01014   0.0127268
41900   1.01075   0.012711
42000   1.01052   0.0126828
42100   1.01037   0.0126536
42200   1.01073   0.0126286
42300   1.01196   0.0126589
42400   1.01213   0.0126302
42500   1.0121   0.0126005
42600   1.01206   0.012571
42700   1.01256   0.0125516
42800   1.01311   0.0125344
42900   1.01346   0.0125099
43000   1.01292   0.0124924
43100   1.01282   0.0124638
43200   1.01318   0.0124402
43300   1.01318   0.0124114
43400   1.01271   0.0123916
43500   1.01269   0.0123631
43600   1.0126   0.0123351
43700   1.01217   0.0123144
43800   1.01269   0.0122973
43900   1.01346   0.0122934
44000   1.01349   0.0122655
44100   1.01308   0.0122445
44200   1.01246   0.0122326
44300   1.01195   0.0122156
44400   1.01172   0.0121902
44500   1.01106   0.0121809
44600   1.01086   0.0121551
44700   1.01051   0.012133
44800   1.01102   0.0121166
44900   1.01085   0.0120908
45000   1.01057   0.0120672
45100   1.01034   0.0120426
45200   1.01014   0.0120176
45300   1.01006   0.0119913
45400   1.01049   0.0119726
45500   1.01078   0.0119497
45600   1.01081   0.0119236
45700   1.01082   0.0118975
45800   1.01013   0.0118914
45900   1.00974   0.011872
46000   1.01002   0.0118495
46100   1.01004   0.0118238
46200   1.01101   0.0118375
46300   1.01219   0.0118711
46400   1.01308   0.0118784
46500   1.01419   0.0119052
46600   1.01445   0.0118824
46700   1.01419   0.0118598
46800   1.01451   0.0118388
46900   1.01518   0.0118322
47000   1.01526   0.0118074
47100   1.01446   0.0118097
47200   1.01443   0.0117847
47300   1.01481   0.0117659
47400   1.01466   0.011742
47500   1.01489   0.0117194
47600   1.01476   0.0116955
47700   1.01537   0.0116869
47800   1.01613   0.0116869
47900   1.01661   0.0116724
48000   1.01683   0.0116501
48100   1.01745   0.0116423
48200   1.01773   0.0116216
48300   1.01824   0.0116087
48400   1.0188   0.0115982
48500   1.01924   0.0115828
48600   1.01963   0.0115655
48700   1.02   0.0115475
48800   1.02026   0.0115268
48900   1.0204   0.0115041
49000   1.02008   0.0114851
49100   1.01992   0.0114628
49200   1.02031   0.0114459
49300   1.02108   0.0114487
49400   1.0215   0.0114331
49500   1.0213   0.0114118
49600   1.02109   0.0113906
49700   1.02139   0.0113717
49800   1.0223   0.0113846
49900   1.02278   0.0113723
50000   1.02272   0.0113497
