100   1.19631   0
200   1.26542   0.0488647
300   1.28993   0.0382332
400   1.28926   0.0286807
500   1.29554   0.0236207
600   1.3027   0.0207408
700   1.30189   0.0177934
800   1.31028   0.0174332
900   1.31324   0.0157464
1000   1.30625   0.0156481
1100   1.31392   0.0159968
1200   1.32049   0.0159553
1300   1.31682   0.0151443
1400   1.31405   0.0143137
1500   1.30611   0.0154045
1600   1.30406   0.0145776
1700   1.30829   0.0143207
1800   1.31326   0.0143626
1900   1.31222   0.0136443
2000   1.31455   0.0131596
2100   1.31076   0.0130671
2200   1.30446   0.0139085
2300   1.30518   0.013322
2400   1.3037   0.0128486
2500   1.30629   0.0125934
2600   1.3096   0.012536
2700   1.31478   0.013099
2800   1.31408   0.0126499
2900   1.31599   0.0123577
3000   1.31723   0.0120074
3100   1.31688   0.011625
3200   1.3197   0.0115981
3300   1.32005   0.0112518
3400   1.32019   0.0109218
3500   1.32199   0.0107571
3600   1.3229   0.0104965
3700   1.32222   0.0102347
3800   1.32394   0.0101079
3900   1.32486   0.0098908
4000   1.3247   0.00964482
4100   1.32363   0.00946873
4200   1.32239   0.00932454
4300   1.32241   0.00910772
4400   1.32312   0.00892791
4500   1.3225   0.00875088
4600   1.3202   0.00885825
4700   1.31963   0.00868781
4800   1.31852   0.00857789
4900   1.31729   0.00849062
5000   1.31827   0.00837713
5100   1.31968   0.00833061
5200   1.31839   0.00826829
5300   1.31818   0.00811508
5400   1.31652   0.00813242
5500   1.31716   0.00800929
5600   1.31737   0.00786922
5700   1.31665   0.00776425
5800   1.31559   0.00770236
5900   1.31602   0.00758397
6000   1.31554   0.00747297
6100   1.31619   0.0073787
6200   1.31491   0.00737015
6300   1.31373   0.00734699
6400   1.31478   0.0073068
6500   1.31569   0.00725055
6600   1.31536   0.00714807
6700   1.31551   0.00704299
6800   1.31504   0.00695502
6900   1.31441   0.00688333
7000   1.31475   0.00679382
7100   1.31505   0.00670471
7200   1.31441   0.00664248
7300   1.31482   0.00656443
7400   1.31408   0.00651749
7500   1.31391   0.00643295
7600   1.31283   0.00643696
7700   1.31231   0.0063744
7800   1.31298   0.00632783
7900   1.31319   0.00625116
8000   1.31388   0.00621067
8100   1.31423   0.00614405
8200   1.31489   0.00610463
8300   1.31434   0.00605642
8400   1.3144   0.00598468
8500   1.31508   0.00595253
8600   1.31571   0.00591655
8700   1.31614   0.0058639
8800   1.31656   0.00581209
8900   1.3162   0.00575779
9000   1.31726   0.00579109
9100   1.31646   0.00578221
9200   1.31638   0.00571991
9300   1.31642   0.00565857
9400   1.31562   0.00565545
9500   1.31496   0.00563461
9600   1.31454   0.00559157
9700   1.31429   0.0055393
9800   1.31413   0.0054852
9900   1.31348   0.0054678
10000   1.31298   0.00543629
10100   1.31259   0.0053958
10200   1.31233   0.00534947
10300   1.3119   0.00531464
10400   1.3116   0.00527221
10500   1.31161   0.00522201
10600   1.31028   0.00533793
10700   1.31002   0.00529469
10800   1.31055   0.0052727
10900   1.31091   0.00523635
11000   1.31141   0.00521308
11100   1.3126   0.00529983
11200   1.31245   0.00525461
11300   1.31196   0.00523064
11400   1.31128   0.0052297
11500   1.31093   0.00519549
11600   1.31054   0.00516601
11700   1.31028   0.00512811
11800   1.31057   0.00509267
11900   1.31168   0.00516923
12000   1.31312   0.00532405
12100   1.3144   0.0054315
12200   1.31459   0.00539034
12300   1.31519   0.00537915
12400   1.3152   0.00533579
12500   1.31527   0.00529353
12600   1.31527   0.00525152
12700   1.31497   0.005219
12800   1.31567   0.00522493
12900   1.31674   0.00529426
13000   1.31753   0.00531113
13100   1.31817   0.00530932
13200   1.31823   0.00526948
13300   1.31776   0.00525083
13400   1.31752   0.00521732
13500   1.31733   0.00518201
13600   1.31736   0.00514398
13700   1.31702   0.00511769
13800   1.31692   0.00508164
13900   1.31714   0.00505007
14000   1.31796   0.00508018
14100   1.31863   0.0050876
14200   1.31858   0.00505199
14300   1.31865   0.00501722
14400   1.31835   0.00499138
14500   1.31869   0.00496813
14600   1.31888   0.00493767
14700   1.31872   0.00490646
14800   1.31834   0.00488788
14900   1.31778   0.00488775
15000   1.31769   0.00485591
15100   1.31793   0.00482957
15200   1.31813   0.00480191
15300   1.3181   0.0047706
15400   1.31818   0.00474028
15500   1.31853   0.00472237
15600   1.31884   0.00470247
15700   1.31902   0.00467563
15800   1.31918   0.00464895
15900   1.3195   0.00463068
16000   1.31968   0.00460541
16100   1.31981   0.00457839
16200   1.31946   0.00456312
16300   1.3187   0.00459855
16400   1.31871   0.00457054
16500   1.31832   0.00455955
16600   1.31851   0.00453585
16700   1.31874   0.00451452
16800   1.31859   0.00449006
16900   1.31905   0.00448693
17000   1.31913   0.00446122
17100   1.31901   0.0044366
17200   1.31857   0.00443248
17300   1.31852   0.00440724
17400   1.31839   0.00438384
17500   1.31817   0.0043641
17600   1.31776   0.00435846
17700   1.31732   0.00435622
17800   1.31702   0.00434192
17900   1.31714   0.00431919
18000   1.31776   0.00434078
18100   1.31864   0.00440517
18200   1.31887   0.00438681
18300   1.31897   0.004364
18400   1.31932   0.00435414
18500   1.31957   0.00433767
18600   1.31975   0.00431802
18700   1.31995   0.0042999
18800   1.3203   0.00429102
18900   1.32036   0.00426874
19000   1.32012   0.0042534
19100   1.32015   0.00423128
19200   1.32051   0.0042244
19300   1.32071   0.00420738
19400   1.32088   0.00418897
19500   1.32117   0.0041779
19600   1.3212   0.0041567
19700   1.32137   0.00413892
19800   1.32136   0.00411803
19900   1.32138   0.00409738
20000   1.32132   0.00407729
20100   1.32177   0.00408131
20200   1.32198   0.00406641
20300   1.3226   0.00409318
20400   1.32336   0.00414349
20500   1.32368   0.00413573
20600   1.32351   0.00411927
20700   1.32286   0.00414909
20800   1.32282   0.00412935
20900   1.32299   0.0041129
21000   1.32301   0.00409338
21100   1.32306   0.00407427
21200   1.32304   0.00405508
21300   1.32272   0.00404932
21400   1.32306   0.00404496
21500   1.32332   0.00403451
21600   1.32362   0.00402691
21700   1.32383   0.00401415
21800   1.3236   0.00400251
21900   1.32372   0.00398597
22000   1.32356   0.00397102
22100   1.32373   0.0039567
22200   1.32372   0.00393889
22300   1.32371   0.00392123
22400   1.32378   0.00390425
22500   1.32375   0.00388697
22600   1.32407   0.00388292
22700   1.32399   0.00386678
22800   1.32427   0.00386044
22900   1.32406   0.00384942
23000   1.32391   0.00383545
23100   1.32386   0.00381919
23200   1.32374   0.00380462
23300   1.32386   0.00379004
23400   1.32377   0.0037749
23500   1.324   0.003766
23600   1.32447   0.00377912
23700   1.32499   0.00379868
23800   1.32495   0.00378288
23900   1.32505   0.00376815
24000   1.32517   0.0037546
24100   1.32514   0.00373917
24200   1.3249   0.0037316
24300   1.32506   0.00371976
24400   1.3255   0.00373109
24500   1.32549   0.00371591
24600   1.32535   0.00370316
24700   1.3254   0.00368852
24800   1.3257   0.00368582
24900   1.32578   0.00367188
25000   1.32583   0.00365743
25100   1.32596   0.00364546
25200   1.32615   0.00363582
25300   1.32586   0.00363305
25400   1.32588   0.00361881
25500   1.32612   0.00361254
25600   1.32592   0.00360385
25700   1.32564   0.00360096
25800   1.32537   0.00359731
25900   1.32525   0.0035853
26000   1.32522   0.00357164
26100   1.32533   0.00355958
26200   1.3253   0.00354607
26300   1.32504   0.0035424
26400   1.32492   0.00353103
26500   1.3248   0.00351978
26600   1.32475   0.00350685
26700   1.32442   0.00350902
26800   1.32439   0.00349607
26900   1.32438   0.00348312
27000   1.32438   0.00347022
27100   1.32453   0.00346083
27200   1.32434   0.00345341
27300   1.32405   0.00345329
27400   1.32399   0.00344116
27500   1.32399   0.00342864
27600   1.32408   0.00341735
27700   1.32427   0.00341044
27800   1.32424   0.00339832
27900   1.32421   0.00338622
28000   1.32438   0.00337807
28100   1.32425   0.00336837
28200   1.32434   0.00335748
28300   1.32457   0.00335389
28400   1.3247   0.0033446
28500   1.32487   0.00333722
28600   1.32484   0.00332567
28700   1.32496   0.00331598
28800   1.32503   0.00330535
28900   1.32506   0.00329404
29000   1.32495   0.00328447
29100   1.32478   0.0032777
29200   1.32492   0.00326927
29300   1.3251   0.00326338
29400   1.32528   0.00325689
29500   1.32548   0.00325209
29600   1.32573   0.00325054
29700   1.32548   0.00324913
29800   1.32561   0.00324104
29900   1.32566   0.00323056
30000   1.32588   0.00322703
30100   1.32614   0.0032268
30200   1.32637   0.00322432
30300   1.32635   0.00321375
30400   1.32629   0.00320361
30500   1.32604   0.00320326
30600   1.32583   0.0031996
30700   1.3255   0.00320618
30800   1.32563   0.00319849
30900   1.3255   0.00319082
31000   1.32554   0.00318077
31100   1.32547   0.00317135
31200   1.32509   0.00318403
31300   1.32525   0.00317821
31400   1.3254   0.00317172
31500   1.32544   0.00316184
31600   1.32556   0.0031541
31700   1.32548   0.00314515
31800   1.32547   0.00313527
31900   1.32565   0.00313074
32000   1.32548   0.00312596
32100   1.32539   0.0031175
32200   1.32544   0.00310821
32300   1.32545   0.00309862
32400   1.32567   0.00309696
32500   1.32559   0.00308839
32600   1.32556   0.00307906
32700   1.32579   0.0030779
32800   1.32577   0.00306861
32900   1.32571   0.00305985
33000   1.32552   0.00305633
33100   1.32546   0.00304775
33200   1.32518   0.0030511
33300   1.325   0.00304695
33400   1.32488   0.00304029
33500   1.32476   0.00303366
33600   1.32451   0.00303504
33700   1.32468   0.00303114
33800   1.32448   0.00302908
33900   1.32447   0.00302017
34000   1.32453   0.00301198
34100   1.32437   0.00300748
34200   1.32433   0.00299898
34300   1.32431   0.00299031
34400   1.3244   0.00298308
34500   1.32439   0.00297444
34600   1.32425   0.00296914
34700   1.32439   0.00296395
34800   1.32445   0.00295603
34900   1.3246   0.00295122
35000   1.32478   0.00294824
35100   1.3247   0.00294098
35200   1.32453   0.00293744
35300   1.32461   0.00293013
35400   1.32472   0.00292411
35500   1.32467   0.00291625
35600   1.32463   0.00290834
35700   1.32448   0.00290447
35800   1.32463   0.00290018
35900   1.32459   0.00289229
36000   1.3246   0.00288427
36100   1.32468   0.00287723
36200   1.32458   0.00287086
36300   1.3247   0.00286537
36400   1.32458   0.00286009
36500   1.32434   0.00286222
36600   1.32402   0.00287245
36700   1.32389   0.00286733
36800   1.3237   0.00286618
36900   1.32366   0.00285871
37000   1.32364   0.00285102
37100   1.32352   0.00284592
37200   1.32338   0.00284195
37300   1.32325   0.00283698
37400   1.3234   0.00283294
37500   1.32351   0.00282774
37600   1.32376   0.00283146
37700   1.32387   0.00282595
37800   1.32377   0.00282033
37900   1.3238   0.00281312
38000   1.32398   0.00281131
38100   1.32397   0.00280395
38200   1.32405   0.00279789
38300   1.32403   0.00279067
38400   1.32422   0.00278962
38500   1.32416   0.00278305
38600   1.32409   0.00277672
38700   1.32412   0.00276972
38800   1.32393   0.00276937
38900   1.32386   0.00276298
39000   1.32379   0.00275692
39100   1.32373   0.00275052
39200   1.32366   0.00274427
39300   1.32387   0.00274527
39400   1.32395   0.0027395
39500   1.32377   0.00273843
39600   1.3237   0.0027326
39700   1.32369   0.00272574
39800   1.32376   0.00272003
39900   1.32371   0.00271373
40000   1.32379   0.00270804
40100   1.32358   0.00270921
40200   1.32349   0.00270406
40300   1.32349   0.00269735
40400   1.32343   0.00269139
40500   1.32313   0.00270089
40600   1.32287   0.00270674
40700   1.3226   0.00271362
40800   1.32241   0.00271386
40900   1.32246   0.00270776
41000   1.32231   0.00270552
41100   1.32215   0.0027032
41200   1.32218   0.00269676
41300   1.32259   0.00272119
41400   1.3228   0.00272274
41500   1.32278   0.00271627
41600   1.32305   0.00272334
41700   1.32314   0.00271811
41800   1.32308   0.00271217
41900   1.32299   0.00270719
42000   1.32315   0.00270528
42100   1.32331   0.00270362
42200   1.32339   0.00269842
42300   1.32322   0.00269725
42400   1.32327   0.00269136
42500   1.32333   0.00268567
42600   1.32338   0.00267989
42700   1.32329   0.00267516
42800   1.32316   0.00267201
42900   1.32308   0.00266694
43000   1.32326   0.00266658
43100   1.32336   0.00266232
43200   1.32338   0.00265623
43300   1.32351   0.00265299
43400   1.32377   0.00265955
43500   1.32391   0.00265731
43600   1.32402   0.00265368
43700   1.32419   0.00265301
43800   1.32411   0.00264837
43900   1.32393   0.00264799
44000   1.32387   0.00264266
44100   1.32387   0.00263667
44200   1.32391   0.00263098
44300   1.32395   0.00262536
44400   1.3239   0.00261992
44500   1.32396   0.00261487
44600   1.32395   0.00260906
44700   1.32405   0.00260514
44800   1.32391   0.00260294
44900   1.32395   0.00259746
45000   1.32401   0.00259244
45100   1.32403   0.00258674
45200   1.32402   0.00258102
45300   1.32403   0.00257534
45400   1.32395   0.00257087
45500   1.3239   0.00256577
45600   1.32391   0.00256015
45700   1.32392   0.00255457
45800   1.32412   0.00255708
45900   1.32427   0.00255598
46000   1.32422   0.00255085
46100   1.32422   0.00254533
46200   1.32398   0.00255092
46300   1.32374   0.00255722
46400   1.3236   0.00255552
46500   1.32336   0.00256062
46600   1.3233   0.00255587
46700   1.32338   0.0025515
46800   1.32334   0.00254637
46900   1.32323   0.0025433
47000   1.32326   0.00253817
47100   1.3235   0.00254374
47200   1.32351   0.00253837
47300   1.32338   0.00253616
47400   1.32337   0.00253083
47500   1.32324   0.00252894
47600   1.32324   0.00252363
47700   1.32311   0.00252168
47800   1.32299   0.00251964
47900   1.32294   0.00251473
48000   1.323   0.00251002
48100   1.32294   0.00250546
48200   1.32294   0.00250028
48300   1.32286   0.00249649
48400   1.32278   0.00249265
48500   1.32273   0.00248804
48600   1.32268   0.00248339
48700   1.32267   0.0024783
48800   1.32273   0.00247381
48900   1.32277   0.00246916
49000   1.32289   0.00246699
49100   1.32295   0.00246274
49200   1.32289   0.00245846
49300   1.32272   0.00245932
49400   1.32266   0.00245516
49500   1.32277   0.00245274
49600   1.32289   0.00245055
49700   1.32287   0.00244567
49800   1.32268   0.0024482
49900   1.32259   0.00244507
50000   1.32263   0.00244055
