1.24873
1.21562
1.18727
1.16736
1.15842
1.16101
1.17358
1.19326
1.21674
1.24111
1.2642
1.28475
1.30253
1.31804
1.33223
1.34579
1.35888
1.37091
1.38075
1.38713
1.38912
1.38637
1.37909
1.36785
1.35336
1.33647
1.31833
1.30056
1.28504
1.2733
1.26609
1.26326
1.26418
1.2683
1.2753
1.28485
1.29623
1.30814
1.31897
1.32738
1.33268
1.33478
1.3339
1.33041
1.32476
1.31767
1.31053
1.30553
1.30515
1.31088
1.32228
1.33684
1.35077
1.36032
1.36285
1.35753
1.34559
1.33002
1.31488
1.30388
1.29883
1.29883
1.30098
1.3023
1.3011
1.29752
1.29316
1.29035
1.29112
1.29646
1.30607
1.31902
1.33434
1.35117
1.36852
1.38491
1.39854
1.40771
1.41113
1.40827
1.39945
1.38586
1.36941
1.35232
1.33652
1.32323
1.31274
1.30441
1.29695
1.28877
1.27849
1.26554
1.25075
1.23635
1.22529
1.22007
1.22182
1.23012
1.24362
1.26097
1.28135
1.30444
1.32983
1.35664
1.38365
1.40966
1.43366
1.4546
1.47113
1.48162
1.48459
1.47915
1.46526
1.44388
1.41666
1.38577
1.35378
1.32344
1.29735
1.27752
1.26486
1.25911
1.25904
1.26288
1.26876
1.27504
1.28048
1.28429
1.28631
1.28694
1.28695
1.28705
1.28753
1.28803
1.28765
1.28529
1.28006
1.27156
1.26
1.24622
1.23139
1.21687
1.20388
1.19337
1.18588
1.18156
1.18024
1.18151
1.18488
1.19007
1.19727
1.20714
1.22044
1.23756
1.25805
1.28066
1.3037
1.32536
1.34405
1.35872
1.36897
1.37504
1.37766
1.37791
1.37687
1.37553
1.37472
1.37512
1.37712
1.3808
1.38592
1.39195
1.39813
1.40361
1.40749
1.40894
1.40726
1.40197
1.39283
1.37987
1.36345
1.34422
1.32326
1.30211
1.28279
1.26748
1.25818
1.25626
1.2621
1.27502
1.29336
1.31478
1.33676
1.35686
1.37315
1.38426
1.38943
1.38849
1.38169
1.3696
1.35288
1.33201
1.30732
1.27927
1.24899
1.21824
1.18901
1.16263
1.13956
1.11992
1.10462
1.096
1.09717
1.11025
1.13476
1.16753
1.20395
1.23961
1.27124
1.29688
1.31579
1.32816
1.33482
1.33694
1.33558
1.33129
1.32407
1.31377
1.30091
1.28714
1.27499
1.26666
1.26286
1.26255
1.26397
1.26574
1.26765
1.2706
1.27616
1.28597
1.30086
1.32022
1.342
1.36321
1.38095
1.39324
1.39941
1.39992
1.39599
1.38922
1.38142
1.3744
1.36982
1.36895
1.37253
1.38074
1.39321
1.40909
1.42713
1.44571
1.46291
1.47681
1.48565
1.48794
1.48274
1.46968
1.44931
1.42316
1.3936
1.36333
1.33496
1.31058
1.29166
1.279
1.27271
1.27245
1.27781
1.28828
1.30309
1.32096
1.34003
1.35824
1.37357
1.38427
1.38918
1.38803
1.38162
1.37163
1.36016
1.34926
1.34071
1.33602
1.33618
1.34111
1.3493
1.35831
1.36558
1.36937
1.36905
1.36482
1.35697
1.34545
1.33026
1.31238
1.29446
1.28025
1.27324
1.27553
1.28771
1.30893
1.33665
1.36692
1.3954
1.41851
1.43405
1.44112
1.43968
1.4303
1.41423
1.39352
1.37086
1.34919
1.33121
1.31894
1.31331
1.31383
1.31882
1.32585
1.33249
1.33677
1.33751
1.33457
1.32886
1.32215
1.31658
1.31395
1.31514
1.31984
1.32682
1.33458
1.34198
1.34861
1.35488
1.36179
1.37064
1.38225
1.39645
1.41187
1.4263
1.4373
1.44275
1.44108
1.43131
1.41315
1.38694
1.35411
1.31736
1.28088
1.24984
1.22903
1.22113
1.22593
1.24078
1.26198
1.28593
1.30991
1.3322
1.35178
1.36804
1.38043
1.38852
1.39224
1.39222
1.38976
1.38656
1.38402
1.38295
1.38351
1.38552
1.38845
1.3913
1.39269
1.39137
1.38658
1.37801
1.36571
1.35009
1.33217
1.31381
1.29763
1.28631
1.28189
1.28521
1.29558
1.31081
1.32752
1.34212
1.35161
1.35422
1.34961
1.3386
1.32286
1.30454
1.28611
1.27002
1.25848
1.25281
1.253
1.25761
1.26433
1.27078
1.27518
1.27672
1.27561
1.27278
1.26952
1.2671
1.26646
1.26804
1.27195
1.27812
1.28654
1.29712
1.30933
1.32202
1.3338
1.34345
1.35043
1.35503
1.35818
1.36079
1.36308
1.36447
1.36405
1.36126
1.35631
1.35005
1.34358
1.33769
1.33266
1.32828
1.32406
1.31939
1.31364
1.30628
1.29704
1.28587
1.27313
1.25947
1.24586
1.23337
1.22293
1.21504
1.20968
1.20659
1.20565
1.2072
1.21199
1.22061
1.23299
1.2482
1.26478
1.28112
1.29561
1.30691
1.31387
1.31575
1.31237
1.30437
1.29318
1.28091
1.26985
1.26194
1.25826
1.25867
1.26192
1.26601
1.26892
1.26913
1.26614
1.26054
1.2538
1.24782
1.24429
1.24423
1.24785
1.25473
1.26422
1.27578
1.28904
1.30365
1.31904
1.33452
1.34947
1.36356
1.37671
1.38892
1.40003
1.40964
1.41715
1.42195
1.42354
1.42159
1.41607
1.40722
1.39541
1.38106
1.36438
1.34552
1.32477
1.30302
1.28175
1.26263
1.24704
1.23589
1.22978
1.22923
1.2346
1.24563
1.26112
1.27896
1.29668
1.31188
1.32279
1.32831
1.32794
1.32168
1.31011
1.29455
1.27706
1.25992
1.2448
1.2323
1.22245
1.21549
1.21202
1.21279
1.21813
1.22772
1.24085
1.25679
1.27524
1.29632
1.32012
1.34597
1.37193
1.395
1.41205
1.42076
1.42015
1.41066
1.39392
1.37245
1.34911
1.32666
1.30733
1.29259
1.2831
1.27875
1.27872
1.28166
1.286
1.29
1.29204
1.29083
1.28576
1.27699
1.2655
1.25276
1.2404
1.22999
1.22308
1.22115
1.22534
1.23585
1.25128
1.2689
1.28578
1.2999
1.31064
1.31856
1.32482
1.3306
1.3366
1.34283
1.34866
1.35306
1.35495
1.35342
1.34794
1.33843
1.32527
1.3094
1.29234
1.27626
1.2637
1.25709
1.25807
1.26695
1.28263
1.30287
1.32477
1.34546
1.36251
1.37424
1.37987
1.37939
1.37332
1.36238
1.34725
1.32862
1.30731
1.28437
1.26109
1.23869
1.21809
1.19993
1.18501
1.1745
1.16969
1.1712
1.17873
1.19123
1.20742
1.22616
1.24647
1.2673
1.28762
1.30648
1.3232
1.3376
1.34999
1.36099
1.37128
1.3811
1.39023
1.39808
1.40397
1.40746
1.40843
1.40709
1.40382
1.39892
1.39248
1.38451
1.37489
1.36362
1.35098
1.33749
1.32397
1.31138
1.30068
1.29264
1.28768
1.28576
1.28638
1.28879
1.29214
1.29581
1.29963
1.30382
1.3088
1.31483
1.32178
1.32904
1.33554
1.33984
1.34041
1.33579
1.32523
1.30925
1.29022
1.27229
1.26008
1.25678
1.26275
1.27558
1.2911
1.30482
1.31322
1.31452
1.30887
1.29774
1.28341
1.26839
1.25521
1.24599
1.24208
1.24386
1.25089
1.26207
1.27605
1.29178
1.30893
1.32772
1.34811
1.36898
1.38822
1.40344
1.41279
1.41528
1.41067
1.39922
1.38165
1.35906
1.33284
1.30469
1.27659
1.25069
1.22917
1.21409
1.20711
1.20931
1.22082
1.24061
1.26639
1.29492
1.32267
1.34648
1.36422
1.375
1.37906
1.37739
1.37122
1.36158
1.34914
1.33433
1.31762
1.29975
1.28194
1.26585
1.25336
1.24598
1.24417
1.24713
1.25314
1.26051
1.26821
1.27618
1.28489
1.29459
1.30469
1.31375
1.31987
1.32127
1.3169
1.30685
1.29257
1.27664
1.26193
1.25056
1.24316
1.23897
1.23651
1.23426
1.23124
1.22733
1.22319
1.22006
1.21927
1.22176
1.22777
1.23688
1.24828
1.26121
1.27514
1.28995
1.30567
1.32209
1.33856
1.35406
1.36746
1.37774
1.38402
1.38559
1.38195
1.37292
1.35895
1.34128
1.32205
1.30415
1.29086
1.28523
1.28922
1.3029
1.324
1.34823
1.37045
1.38626
1.3932
1.39133
1.38308
1.37229
1.36293
1.35773
1.35737
1.36053
1.3646
1.36676
1.36498
1.35871
1.34918
1.33899
1.33107
1.32745
1.32871
1.33421
1.34262
1.35233
1.36186
1.37024
1.37705
1.38213
1.38522
1.38571
1.38266
1.375
1.362
1.34367
1.32109
1.29663
1.2737
1.25596
1.24616
1.24517
1.25177
1.26304
1.27548
1.28602
1.29281
1.29566
1.29609
1.29674
1.30023
1.30771
1.31833
1.3301
1.34133
1.35148
1.36099
1.37028
1.3788
1.38517
1.3879
1.38616
1.38016
1.3711
1.36106
1.3524
1.34711
1.34611
1.34911
1.35499
1.36238
1.37006
1.37694
1.38212
1.38486
1.38464
1.38138
1.37543
1.36761
1.35914
1.35135
1.34539
1.34198
1.3414
1.34356
1.34804
1.35422
1.36134
1.36848
1.37463
1.37854
1.37874
1.37353
1.36125
1.34077
1.31243
1.27891
1.24565
1.22009
1.20919
1.21616
1.23891
1.27179
1.30884
1.34584
1.38025
1.41032
1.43441
1.45092
1.45867
1.45716
1.44675
1.42855
1.40429
1.37601
1.34587
1.3159
1.28795
1.26368
1.24444
1.23126
1.2246
1.22418
1.22889
1.23707
1.24695
1.2571
1.26667
1.27555
1.28422
1.29337
1.30351
1.31452
1.32566
1.33575
1.34362
1.34841
1.34986
1.34824
1.34418
1.33828
1.33091
1.32209
1.31163
1.29948
1.28608
1.27267
1.26096
1.25242
1.24738
1.24486
1.24324
1.24101
1.23734
1.23222
1.22634
1.22103
1.21798
1.21876
1.22421
1.23393
1.2464
1.25944
1.27107
1.28003
1.28593
1.28895
1.28948
1.28799
1.28492
1.28088
1.27646
1.27221
1.26839
1.26495
1.26179
1.25901
1.25713
1.25723
1.26062
1.26823
1.27979
1.29371
1.3077
1.31978
1.32879
1.33439
1.33666
1.33565
1.33124
1.32333
1.31206
1.29805
1.28242
1.26682
1.25311
1.24301
1.23754
1.23677
1.23972
1.2448
1.25033
1.25503
1.25816
1.25964
1.25978
1.25914
1.25835
1.25792
1.25825
1.2595
1.26156
1.26405
1.26644
1.26811
1.26868
1.26806
1.26653
1.26472
1.26351
1.26393
1.26675
1.27205
1.27898
1.28582
1.29061
1.29197
1.28971
1.2849
1.27946
1.27549
1.27461
1.27744
1.28332
1.29065
1.29735
1.30143
1.30153
1.29726
1.28916
1.27861
1.26745
1.25756
1.25039
1.24659
1.24596
1.24775
1.25094
1.25475
1.25891
1.26377
1.27006
1.27841
1.28891
1.30086
1.31295
1.32357
1.33141
1.33564
1.33611
1.33314
1.3273
1.31902
1.30842
1.29522
1.27908
1.25989
1.23815
1.21496
1.192
1.17122
1.15457
1.14364
1.13935
1.14195
1.15105
1.16582
1.18524
1.20813
1.23315
1.25872
1.28321
1.30497
1.32265
1.33522
1.34225
1.3442
1.34288
1.34145
1.34331
1.35029
1.36156
1.37431
1.38545
1.39269
1.39491
1.39188
1.38415
1.37287
1.35988
1.34746
1.33791
1.33287
1.33266
1.33628
1.34194
1.34786
1.35291
1.35668
1.35934
1.36131
1.36307
1.36513
1.36802
1.37235
1.37872
1.38755
1.39898
1.41254
1.4272
1.44147
1.45376
1.46257
1.46683
1.46574
1.45872
1.44538
1.42561
1.39984
1.36936
1.33623
1.30276
1.27105
1.24277
1.21923
1.20155
1.19072
1.18752
1.19238
1.20502
1.22421
1.24762
1.2721
1.2942
1.31083
1.31985
1.32031
1.31248
1.29766
1.27793
1.25581
1.23383
1.21397
1.19755
1.18569
1.17982
1.18158
1.1918
1.20977
1.23306
1.25822
1.28166
1.30032
1.31206
1.31591
1.31222
1.30265
1.28989
1.27694
1.26633
1.25945
1.25637
1.25612
1.2574
1.25914
1.26107
1.26368
1.26779
1.27372
1.28073
1.28711
1.29095
1.29098
1.28719
1.28102
1.27527
1.27321
1.27728
1.28806
1.30422
1.32318
1.34221
1.35921
1.37312
1.38384
1.39196
1.3983
1.40382
1.40947
1.41613
1.42447
1.43476
1.44657
1.45879
1.46988
1.47838
1.4832
1.48414
1.48188
1.47792
1.47419
1.47262
1.47467
1.4808
1.4903
1.50142
1.51177
1.51894
1.52104
1.51704
1.50686
1.49118
1.47123
1.44852
1.4246
1.40086
1.37852
1.35867
1.34214
1.32962
1.32168
1.31876
1.32097
1.32793
1.33872
1.35205
1.36658
1.38103
1.39417
1.4046
1.41086
1.41154
1.40573
1.39358
1.37666
1.35784
1.34055
1.32742
1.31941
1.31579
1.31504
1.31559
1.31636
1.31671
1.31636
1.31526
1.31358
1.31165
1.31004
1.3094
1.31042
1.31363
1.31929
1.32718
1.33646
1.34561
1.35271
1.35593
1.35419
1.34745
1.33677
1.32381
1.31028
1.29746
1.28596
1.27587
1.26704
1.25951
1.25367
1.25035
1.2506
1.25537
1.26512
1.2795
1.29743
1.31723
1.33706
1.35543
1.3714
1.38472
1.39557
1.40448
1.41211
1.4192
1.42637
1.43402
1.44208
1.45006
1.45709
1.46226
1.46484
1.4645
1.46141
1.4562
1.44979
1.44309
1.43674
1.431
1.42589
1.42134
1.41748
1.41465
1.41324
1.41336
1.41464
1.41629
1.41748
1.41763
1.41658
1.41445
1.41149
1.40773
1.40306
1.39739
1.39068
1.38311
1.37499
1.36655
1.35787
1.34896
1.33983
1.33058
1.32143
1.31262
1.30422
1.29607
1.28778
1.27886
1.26909
1.25884
1.24916
1.24175
1.23844
1.24047
1.24789
1.25939
1.27266
1.28508
1.2943
1.29884
1.29833
1.29361
1.28651
1.27931
1.2738
1.27073
1.26976
1.27022
1.2718
1.27472
1.27931
1.28569
1.29343
1.30174
1.30961
1.3161
1.32068
1.32345
1.325
1.32598
1.32657
1.32642
1.32509
1.32241
1.31836
1.31277
1.30534
1.29601
1.28541
1.2749
1.26611
1.26037
1.25825
1.25948
1.26323
1.26855
1.27471
1.28131
1.28812
1.29489
1.30119
1.30643
1.31012
1.31201
1.3123
1.31156
1.3107
1.31078
1.31295
1.31811
1.32668
1.33825
1.3516
1.36499
1.37698
1.38692
1.39508
1.40243
1.41006
1.41866
1.42811
1.43733
1.44476
1.44885
1.44869
1.4443
1.4366
1.42725
1.41828
1.41151
1.40807
1.40796
1.41005
1.41235
1.41266
1.40924
1.40114
1.38821
1.37099
1.35056
1.32844
1.30674
1.28792
1.27439
1.26783
1.26863
1.27584
1.28755
1.30147
1.31541
1.32772
1.33737
1.34394
1.34735
1.34769
1.34503
1.33924
1.33013
1.31767
1.30233
1.2853
1.26845
1.25419
1.24484
1.2423
1.24761
1.26065
1.28003
1.30348
1.32841
1.3525
1.37391
1.39132
1.40389
1.41119
1.41319
1.41013
1.40258
1.39128
1.37722
1.36173
1.34631
1.33246
1.32135
1.31352
1.30889
1.3067
1.30585
1.3051
1.30346
1.30047
1.29634
1.29202
1.28881
1.2879
1.28975
1.29379
1.29846
1.3017
1.30149
1.29639
1.28578
1.26992
1.24994
1.22785
1.20649
1.18925
1.17927
1.1784
1.18653
1.20173
1.2211
1.24178
1.26141
1.27829
1.29134
1.30002
1.30434
1.30479
1.30236
1.29844
1.2948
1.2934
1.29608
1.30402
1.31719
1.33411
1.35218
1.36818
1.37904
1.3825
1.37774
1.36575
1.34931
1.33223
1.31836
1.3106
1.31033
1.31739
1.33003
1.34529
1.35964
1.36984
1.3737
1.37032
1.36027
1.34557
1.32953
1.31605
1.3082
1.30674
1.30989
1.31445
1.31746
1.31728
1.31389
1.30849
1.30289
1.29887
1.29795
1.30124
1.30936
1.32227
1.33918
1.35851
1.37806
1.39537
1.40803
1.41407
1.41231
1.40272
1.38669
1.36702
1.3475
1.3322
1.3242
1.32455
1.33199
1.34361
1.356
1.36637
1.37327
1.37686
1.37855
1.38007
1.38236
1.38496
1.38641
1.3852
1.38034
1.37149
1.35898
1.34381
1.32752
1.31208
1.29952
1.29156
1.28937
1.29334
1.30318
1.31787
1.33565
1.35433
1.37178
1.38629
1.39669
1.40241
1.40329
1.39968
1.3924
1.38269
1.37214
1.36225
1.35407
1.34803
1.34396
1.34138
1.33984
1.33912
1.33929
1.3405
1.34296
1.34677
1.35181
1.35766
1.3636
1.36856
1.37124
1.37035
1.3651
1.35574
1.34371
1.33122
1.32056
1.31335
1.31007
1.31019
1.31223
1.31412
1.31352
1.30812
1.29617
1.27686
1.25078
1.22003
1.18806
1.15914
1.13755
1.12674
1.12834
1.14163
1.16393
1.19178
1.22202
1.25218
1.28048
1.30543
1.32574
1.34037
1.34859
1.35013
1.34516
1.33438
1.31911
1.30123
1.28314
1.26728
1.25554
1.24874
1.24642
1.24728
1.24984
1.25292
1.25585
1.2585
1.26129
1.26526
1.27188
1.28259
1.29817
1.31816
1.34088
1.36385
1.38456
1.40105
1.41214
1.41739
1.41688
1.41101
1.40041
1.38602
1.36906
1.3509
1.33273
1.31549
1.29998
1.28704
1.27757
1.27219
1.27091
1.27323
1.27852
1.2864
1.29701
1.31065
1.32725
1.34587
1.36478
1.38206
1.39611
1.40597
1.41133
1.41231
1.40935
1.40303
1.39406
1.38328
1.37162
1.35999
1.3491
1.33937
1.33092
1.32376
1.31789
1.31333
1.30987
1.30719
1.30506
1.30351
1.3027
1.30263
1.30287
1.30263
1.30107
1.29765
1.29215
1.28462
1.27521
1.26424
1.25231
1.24051
1.23051
1.22432
1.22361
1.2291
1.24017
1.25504
1.27139
1.28707
1.30053
1.31095
1.318
1.32173
1.3225
1.32101
1.31802
1.31405
1.30913
1.30313
1.29626
1.2895
1.28468
1.28362
1.28704
1.29398
1.30208
1.30862
1.31154
1.30997
1.30417
1.29518
1.28445
1.27352
1.26392
1.25693
1.25333
1.25304
1.25504
1.25767
1.25929
1.2588
1.25591
1.25089
1.24413
1.23593
1.22663
1.21703
1.2087
1.20386
1.20458
1.21191
1.22517
1.24198
1.25902
1.27307
1.28187
1.28452
1.28157
1.27481
1.26682
1.26009
1.25625
1.25561
1.25737
1.26031
1.26348
1.26662
1.27044
1.27642
1.28626
1.3011
1.32085
1.34389
1.36746
1.38861
1.40511
1.41595
1.42132
1.4224
1.42101
1.4192
1.419
1.42186
1.42842
1.43827
1.45012
1.46227
1.47314
1.48169
1.48744
1.49031
1.49032
1.48744
1.48158
1.47263
1.46064
1.44598
1.42929
1.41145
1.39338
1.37587
1.35957
1.34499
1.33266
1.323
1.31638
1.31299
1.31287
1.3158
1.32133
1.32864
1.33665
1.34414
1.34997
1.35357
1.3551
1.35551
1.3562
1.35857
1.36343
1.37083
1.37997
1.38952
1.39792
1.40372
1.40592
1.40403
1.39818
1.38924
1.37865
1.36808
1.35908
1.3528
1.34971
1.34959
1.35173
1.35517
1.35891
1.3621
1.36399
1.36395
1.36156
1.3568
1.35014
1.3427
1.33604
1.33171
1.33071
1.33321
1.33851
1.34554
1.35332
1.36122
1.36905
1.37686
1.38456
1.39183
1.39804
1.40235
1.40394
1.40223
1.39711
1.38904
1.37904
1.36858
1.3593
1.35254
1.34899
1.34837
1.34936
1.34998
1.34804
1.3419
1.33095
1.31601
1.29934
1.28403
1.27288
1.26722
1.26651
1.26891
1.27234
1.27532
1.27718
1.27794
1.27807
1.27826
1.27949
1.28285
1.28947
1.30001
1.31425
1.33091
1.34799
1.36346
1.37592
1.38475
1.39024
1.39338
1.39551
1.39749
1.39905
1.3989
1.39535
1.38727
1.37448
1.35823
1.34101
1.32642
1.31828
1.31961
1.33134
1.3515
1.37569
1.39836
1.41432
1.41994
1.41398
1.398
1.37625
1.35447
1.33761
1.32792
1.32485
1.32659
1.33141
1.33823
1.34639
1.35538
1.36462
1.37348
1.38136
1.38778
1.39242
1.39502
1.39536
1.39321
1.38832
1.38051
1.36966
1.35583
1.33933
1.32081
1.3015
1.28345
1.26972
1.26391
1.26886
1.28502
1.30982
1.3385
1.36585
1.38751
1.4006
1.40379
1.39718
1.38225
1.36176
1.3395
1.31943
1.30455
1.29638
1.29512
1.30031
1.31091
1.32516
1.34047
1.35385
1.36247
1.36424
1.3583
1.34518
1.32694
1.30684
1.28866
1.27568
1.26964
1.27016
1.27534
1.28286
1.29115
1.29984
1.30938
1.32051
1.33381
1.34935
1.36658
1.38431
1.40093
1.41471
1.42426
1.42873
1.42801
1.42262
1.41358
1.40221
1.38993
1.37797
1.36737
1.35889
1.35304
1.35027
1.35101
1.35547
1.36348
1.37425
1.38663
1.39941
1.41178
1.42342
1.4345
1.4453
1.45587
1.46579
1.47434
1.48075
1.48464
1.4862
1.48621
1.48569
1.48521
1.48454
1.48276
1.47898
1.4728
1.46439
1.45414
1.44248
1.42963
1.41587
1.40172
1.38803
1.37594
1.36656
1.36043
1.35711
1.35503
1.35213
1.34647
1.33676
1.32262
1.30454
1.28375
1.26199
1.24114
1.22287
1.20829
1.1979
1.19143
1.1879
1.18604
1.18476
1.18385
1.18422
1.18748
1.19508
1.20757
1.22447
1.24461
1.26664
1.28941
1.31184
1.33278
1.35098
1.36535
1.37526
1.38079
1.38267
1.38176
1.37862
1.37328
1.36568
1.35618
1.34582
1.3362
1.32888
1.32475
1.32372
1.32493
1.3271
1.32911
1.33022
1.33025
1.32947
1.32836
1.32748
1.32728
1.32798
1.32944
1.33116
1.33253
1.33321
1.33336
1.33353
1.33451
1.33677
1.3402
1.34398
1.34665
1.34662
1.34267
1.3345
1.32287
1.30934
1.29563
1.28308
1.27219
1.26277
1.25438
1.24686
1.2407
1.23709
1.23739
1.24266
1.25323
1.26851
1.28727
1.30801
1.32956
1.3514
1.37351
1.39562
1.41666
1.43473
1.44764
1.45366
1.452
1.44305
1.42828
1.40989
1.39036
1.3721
1.35729
1.34756
1.34375
1.34565
1.35207
1.36125
1.37136
1.38089
1.38876
1.39435
1.3975
1.39845
1.39769
1.39583
1.39345
1.39097
1.38859
1.3863
1.38396
1.38105
1.37672
1.36978
1.35907
1.34397
1.32488
1.30336
1.28197
1.26373
1.25126
1.24613
1.24863
1.25807
1.27302
1.29168
1.31193
1.33156
1.34845
1.36092
1.36793
1.36915
1.36499
1.35644
1.34484
1.3316
1.31794
1.30477
1.29284
1.28295
1.27598
1.27284
1.2741
1.27971
1.28902
1.30096
1.31428
1.32769
1.34005
1.35053
1.35884
1.36526
1.37037
1.37443
1.37687
1.37634
1.37138
1.36136
1.34706
1.3307
1.31544
1.30437
1.29942
1.30079
1.30713
1.31635
1.32621
1.33471
1.34014
1.34138
1.33811
1.33103
1.32176
1.31237
1.3049
1.30087
1.30102
1.30534
1.3133
1.32403
1.33604
1.34714
1.35505
1.3581
1.35571
1.34842
1.33758
1.3251
1.31306
1.30344
1.29796
1.29781
1.30338
1.31398
1.32802
1.34336
1.35803
1.37076
1.38144
1.39092
1.40015
1.4089
1.41527
1.41645
1.41001
1.39492
1.37182
1.34314
1.31291
1.28637
1.2688
1.26367
1.27117
1.28854
1.31172
1.33684
1.36086
1.38154
1.39718
1.40671
1.40988
1.40734
1.40045
1.39076
1.37944
1.36697
1.35334
1.33843
1.32238
1.30575
1.28946
1.2745
1.26158
1.25097
1.24266
1.23674
1.2338
1.2349
1.24089
1.25169
1.26624
1.28287
1.29986
1.31571
1.32912
1.33899
1.34457
1.34564
1.34263
1.33651
1.32843
1.31931
1.30961
1.29948
1.28917
1.27928
1.27074
1.26454
1.26167
1.26286
1.26847
1.27836
1.29189
1.30795
1.32515
1.34198
1.35694
1.36871
1.37621
1.37877
1.3762
1.36881
1.35739
1.34313
1.32742
1.31177
1.29763
1.2863
1.2788
1.27583
1.27765
1.28415
1.2948
1.30865
1.3245
1.34101
1.35682
1.37068
1.38149
1.38846
1.39115
1.38961
1.38456
1.37745
1.37036
1.36559
1.36492
1.36925
1.37844
1.39161
1.40759
1.42514
1.44318
1.46079
1.47708
1.49121
1.50228
1.50928
1.51116
1.50699
1.49611
1.47844
1.4546
1.42597
1.39465
1.36331
1.33485
1.31198
1.29658
1.28927
1.28933
1.29533
1.3059
1.32004
1.33652
1.35321
1.36744
1.37684
1.38014
1.37728
1.36905
1.35685
1.34256
1.32841
1.31684
1.31002
1.30939
1.31509
1.32582
1.33921
1.35249
1.36331
1.37035
1.37357
1.37382
1.37235
1.37013
1.36727
1.36307
1.35639
1.34623
1.33233
1.31537
1.2969
1.27896
1.2635
1.25191
1.24475
1.24182
1.24251
1.24617
1.2524
1.26115
1.27242
1.28588
1.30072
1.31574
1.32977
1.34198
1.35203
1.35999
1.36613
1.37087
1.37473
1.37825
1.38207
1.38686
1.39327
1.40174
1.41241
1.42483
1.43793
1.44996
1.45863
1.46141
1.45602
1.44121
1.41773
1.38892
1.35978
1.33455
1.31457
1.2988
1.2859
1.27557
1.26827
1.26427
1.26331
1.26483
1.26859
1.27471
1.28348
1.29454
1.30664
1.31773
1.32576
1.32947
1.32886
1.32524
1.32086
1.31831
1.31979
1.32644
1.33795
1.35267
1.36817
1.38215
1.39316
1.40087
1.40573
1.40828
1.40876
1.40709
1.40322
1.39743
1.3904
1.38284
1.37528
1.3678
1.36026
1.35259
1.34501
1.33805
1.33242
1.3287
1.32711
1.32744
1.32919
1.33166
1.33421
1.33635
1.33787
1.33877
1.33918
1.33919
1.33882
1.33806
1.33712
1.33666
1.33786
1.34199
1.34968
1.36032
1.37214
1.38293
1.39088
1.39515
1.39593
1.39405
1.39041
1.38572
1.38029
1.37412
1.36698
1.35868
1.34893
1.33736
1.32343
1.30661
1.28675
1.26478
1.24308
1.22522
1.21454
1.2126
1.21865
1.2305
1.24601
1.26384
1.28323
1.30367
1.32444
1.34469
1.36362
1.38068
1.39558
1.408
1.41736
1.42276
1.42331
1.41845
1.40828
1.39361
1.37572
1.35612
1.33627
1.31764
1.30153
1.28888
1.28005
1.27467
1.27191
1.27068
1.26992
1.26866
1.26608
1.26174
1.25592
1.24973
1.24484
1.24274
1.24409
1.24837
1.25419
1.25997
1.26437
1.26657
1.26611
1.26281
1.25677
1.24883
1.24108
1.23688
1.23958
1.25024
1.26655
1.28412
1.29877
1.30811
1.31168
1.31034
1.30554
1.29863
1.29072
1.28271
1.27556
1.27044
1.26873
1.2716
1.27953
1.29201
1.30754
1.32408
1.3397
1.35319
1.36411
1.37254
1.37838
1.38115
1.38019
1.37517
1.36643
1.35491
1.34198
1.32909
1.31756
1.30838
1.30229
1.29975
1.30093
1.30554
1.31286
1.32176
1.33073
1.33783
1.34079
1.33745
1.32645
1.30804
1.28442
1.25951
1.23788
1.2235
1.2184
1.22212
1.23233
1.24618
1.26131
1.2761
1.28928
1.29965
1.30626
1.30859
1.30682
1.30179
1.29483
1.28739
1.28071
1.27566
1.27293
1.27313
1.27696
1.28476
1.29609
1.30957
1.32326
1.33529
1.34416
1.34884
1.3486
1.3431
1.33245
1.31736
1.29931
1.2804
1.26295
1.24891
1.23927
1.23381
1.2315
1.231
1.23138
1.23242
1.23456
1.23855
1.24505
1.25434
1.2663
1.28037
1.29556
1.31049
1.32358
1.33334
1.3388
1.33981
1.33707
1.33205
1.32645
1.32171
1.31865
1.31739
1.31753
1.31839
1.31931
1.31979
1.31955
1.31855
1.31702
1.31538
1.31423
1.31422
1.31595
1.31983
1.32596
1.33393
1.34295
1.35214
1.36074
1.36827
1.37436
1.37854
1.38009
1.37798
1.37146
1.36108
1.34935
1.33923
1.33141
1.32362
1.31289
1.29796
1.27986
1.26107
1.24429
1.23136
1.22291
1.21862
1.2177
1.21955
1.22376
1.22997
1.23767
1.24614
1.25468
1.26281
1.27027
1.27703
1.28316
1.28885
1.29439
1.30006
1.30603
1.31223
1.3183
1.32369
1.32777
1.32997
1.33001
1.32805
1.32485
1.32158
1.31942
1.31901
1.32028
1.32256
1.32506
1.32717
1.32869
1.32984
1.33131
1.33399
1.33869
1.34572
1.35459
1.36429
1.37368
1.382
1.38879
1.3937
1.39624
1.39579
1.39192
1.38458
1.37435
1.36225
1.34951
1.33732
1.32653
1.3177
1.31125
1.30763
1.30712
1.3094
1.31335
1.31749
1.32064
1.32236
1.32287
1.32253
1.32142
1.3193
1.31604
1.31228
1.30972
1.31055
1.31632
1.32698
1.34095
1.35595
1.36984
1.38097
1.3881
1.39028
1.38687
1.37776
1.36353
1.34556
1.32584
1.30681
1.29101
1.28038
1.27556
1.2755
1.27807
1.28153
1.28565
1.29154
1.30014
1.31112
1.32306
1.33454
1.34486
1.35422
1.36333
1.37285
1.38296
1.39317
1.40242
1.40931
1.41256
1.41136
1.4057
1.39641
1.38498
1.3731
1.36216
1.35296
1.34599
1.34162
1.34035
1.34261
1.34849
1.35751
1.36861
1.38026
1.3908
1.39877
1.40317
1.40353
1.39991
1.39277
1.38289
1.37143
1.35977
1.34902
1.33967
1.33129
1.32302
1.31429
1.30555
1.29839
1.29512
1.2978
1.30731
1.32279
1.34187
1.36133
1.37801
1.38926
1.39342
1.38999
1.37966
1.36416
1.3457
1.32658
1.30899
1.29518
1.28748
1.28799
1.29763
1.31537
1.33814
1.36175
1.38213
1.39627
1.40257
1.40077
1.39182
1.37761
1.36066
1.3435
1.32832
1.31643
1.3083
1.30368
1.30188
1.30188
1.30238
1.30221
1.30071
1.29794
1.29457
1.29138
1.28885
1.28706
1.2858
1.28462
1.28305
1.28066
1.27736
1.27344
1.26962
1.26687
1.26625
1.26884
1.27553
1.28675
1.30232
1.3213
1.34196
1.36189
1.37843
1.38945
1.39387
1.39203
1.38548
1.37661
1.368
1.36182
1.35942
1.36126
1.36704
1.37586
1.38638
1.3969
1.40558
1.4107
1.41096
1.40585
1.39583
1.3825
1.36852
1.35734
1.35213
1.35417
1.362
1.37221
1.3815
1.38794
1.39107
1.39132
1.38941
1.38623
1.3827
1.3798
1.37847
1.37948
1.38315
1.38932
1.3972
1.40542
1.41221
1.4157
1.41426
1.40674
1.3926
1.37198
1.34579
1.31561
1.28372
1.25297
1.22676
1.20862
1.20151
1.20694
1.22432
1.25099
1.28294
1.31576
1.34556
1.36963
1.38658
1.39617
1.39892
1.39588
1.3884
1.37789
1.36578
1.3534
1.34201
1.33274
1.32666
1.32461
1.32698
1.33335
1.34239
1.35211
1.3607
1.36737
1.37282
1.37871
1.38631
1.39526
1.4039
1.41054
1.41444
1.4157
1.41496
1.41284
1.4098
1.40624
1.4026
1.39948
1.39753
1.39732
1.39912
1.40275
1.40759
1.41264
1.41649
1.41765
1.41482
1.40725
1.39502
1.37916
1.36155
1.34449
1.33005
1.31957
1.31331
1.31076
1.31105
1.31342
1.31735
1.32243
1.32811
1.33353
1.33767
1.33944
1.33797
1.33278
1.32394
1.31202
1.2982
1.28423
1.27215
1.26361
1.25901
1.25709
1.25552
1.25222
1.24667
1.24032
1.23608
1.23684
1.24401
1.25674
1.27214
1.28641
1.29601
1.29853
1.29294
1.27956
1.25975
1.23586
1.21099
1.18885
1.17309
1.16642
1.16981
1.18228
1.20138
1.22422
1.24826
1.27171
1.29357
1.3134
1.33105
1.34645
1.35938
1.36952
1.37656
1.38033
1.3809
1.37848
1.37322
1.3652
1.35425
1.34008
1.32251
1.30202
1.28028
1.26041
1.24638
1.24128
1.24581
1.25816
1.27538
1.29464
1.3137
1.33093
1.34522
1.35595
1.363
1.36661
1.36725
1.36534
1.36127
1.35529
1.34743
1.33743
1.32477
1.30869
1.28855
1.26421
1.23665
1.20829
1.18279
1.16408
1.15507
1.15695
1.16927
1.19026
1.21728
1.24723
1.27716
1.30476
1.32854
1.34789
1.36293
1.37428
1.38278
1.38915
1.3938
1.39678
1.39804
1.39776
1.39644
1.39478
1.39321
1.39151
1.38858
1.38281
1.37261
1.35719
1.33722
1.31534
1.29607
1.28462
1.28472
1.29677
1.31755
1.34196
1.36505
1.38322
1.39449
1.39826
1.39496
1.38605
1.37388
1.3615
1.35193
1.34714
1.34747
1.35161
1.35711
1.36122
1.36158
1.35681
1.3466
1.33151
1.31273
1.29202
1.27161
1.25391
1.24131
1.23576
1.23847
1.2497
1.26847
1.29257
1.3189
1.34404
1.36487
1.37926
1.3864
1.38707
1.38346
1.37862
1.37548
1.37592
1.38008
1.3864
1.39224
1.39456
1.39072
1.3789
1.35862
1.33118
1.29998
1.27017
1.24701
1.23354
1.22952
1.23243
1.23935
1.24809
1.25735
1.26642
1.27506
1.28342
1.29185
1.30066
1.30988
1.31919
1.32799
1.33565
1.34167
1.34576
1.34789
1.34815
1.34676
1.34405
1.34044
1.33643
1.33253
1.3291
1.32629
1.32406
1.32232
1.32129
1.32155
1.32375
1.32827
1.33494
1.34337
1.35315
1.36395
1.37537
1.3867
1.39692
1.40505
1.41043
1.41277
1.41201
1.40807
1.40059
1.38903
1.37289
1.35219
1.32787
1.30196
1.27753
1.25779
1.24509
1.24006
1.24179
1.2487
1.25943
1.27303
1.28879
1.30596
1.32367
1.34103
1.35744
1.37265
1.38676
1.3998
1.41135
1.42039
1.42529
1.4244
1.4168
1.40282
1.38423
1.36379
1.34466
1.32962
1.32032
1.31681
1.31761
1.32029
1.32231
1.32182
1.31808
1.31132
1.30251
1.2931
1.28501
1.2805
1.28162
1.2894
1.30278
1.31852
1.33222
1.33991
1.33935
1.33041
1.31474
1.29511
1.27472
1.25655
1.24269
1.23391
1.2297
1.22902
1.23123
1.23659
1.24591
1.25969
1.27754
1.29816
1.3195
1.33895
1.35344
1.35997
1.35632
1.34189
1.3178
1.28686
1.25295
1.22038
1.1934
1.17588
1.17077
1.17881
1.19734
1.22097
1.2439
1.26195
1.27331
1.27836
1.27894
1.27761
1.27669
1.27749
1.27993
1.28292
1.28521
1.28624
1.28627
1.2859
1.28548
1.28477
1.28336
1.28119
1.27885
1.27749
1.27833
1.28188
1.28745
1.29316
1.29657
1.29561
1.28931
1.27797
1.26297
1.24648
1.23107
1.21936
1.2134
1.21424
1.22171
1.23478
1.25221
1.27296
1.29622
1.32114
1.34659
1.37094
1.39216
1.40811
1.4169
1.41719
1.4084
1.39098
1.36651
1.33762
1.30764
1.27981
1.2566
1.23919
1.2277
1.22181
1.22138
1.22642
1.23674
1.2515
1.26903
1.28727
1.30451
1.31983
1.33317
1.345
1.35572
1.36532
1.37334
1.37894
1.38118
1.37924
1.37277
1.36204
1.34812
1.33258
1.31707
1.30271
1.29004
1.27951
1.27168
1.26689
1.26491
1.26491
1.26584
1.267
1.26839
1.27058
1.27441
1.2805
1.28879
1.29859
1.30868
1.31758
1.32389
1.32654
1.32508
1.31983
1.31189
1.30298
1.29514
1.29048
1.29078
1.29694
1.30856
1.32383
1.34008
1.35468
1.36581
1.37268
1.37532
1.37421
1.37003
1.36348
1.35542
1.34698
1.33955
1.33447
1.33254
1.33362
1.33655
1.33952
1.34071
1.33867
1.33257
1.32212
1.30765
1.29017
1.27148
1.25412
1.24093
1.23449
1.23631
1.24633
1.2631
1.2846
1.30882
1.33375
1.3572
1.37685
1.39078
1.39797
1.3984
1.39285
1.3826
1.36926
1.35467
1.3408
1.32948
1.32189
1.31835
1.31861
1.3225
1.33014
1.34149
1.35545
1.36976
1.38178
1.38941
1.39172
1.38913
1.38298
1.37526
1.36807
1.36329
1.36232
1.36592
1.37407
1.38566
1.39857
1.41004
1.41742
1.41886
1.41363
1.40206
1.38524
1.36475
1.34256
1.32094
1.30244
1.28954
1.28378
1.28498
1.29097
1.29846
1.30429
1.30625
1.30343
1.29614
1.28574
1.27424
1.26383
1.25625
1.25245
1.25249
1.25587
1.26199
1.27042
1.28099
1.29372
1.30848
1.32457
1.34072
1.3553
1.36706
1.37557
1.38117
1.38459
1.38652
1.38727
1.38692
1.38546
1.38276
1.3784
1.37173
1.36209
1.3492
1.33347
1.31603
1.29876
1.2843
1.27571
1.27555
1.28435
1.29989
1.3182
1.33551
1.34929
1.35823
1.36184
1.35998
1.35276
1.34062
1.32451
1.30594
1.28692
1.26961
1.25584
1.24662
1.24192
1.24095
1.24267
1.24633
1.25183
1.25973
1.27114
1.28718
1.3082
1.33303
1.35881
1.38184
1.39868
1.40714
1.40662
1.39798
1.3832
1.36515
1.34711
1.33211
1.32196
1.3167
1.31485
1.31449
1.31424
1.31356
1.31231
1.31029
1.30719
1.30303
1.29862
1.29583
1.29695
1.3037
1.31611
1.33225
1.34874
1.36163
1.3675
1.36474
1.35484
1.3427
1.33464
1.33435
1.34089
1.35066
1.36008
1.36642
1.3674
1.36108
1.34652
1.32472
1.29914
1.27507
1.25808
1.25206
1.25798
1.27383
1.2957
1.31933
1.34135
1.35967
1.37333
1.38207
1.38591
1.38496
1.37942
1.36969
1.35649
1.34092
1.32439
1.30828
1.29386
1.28198
1.27301
1.26691
1.26346
1.26236
1.26319
1.26528
1.2677
1.26922
1.26849
1.26425
1.25561
1.2424
1.22565
1.20767
1.1917
1.18083
1.17668
1.17882
1.18532
1.19382
1.20247
1.21036
1.21751
1.22468
1.23284
1.2426
1.25374
1.26524
1.27572
1.28401
1.28938
1.29154
1.29046
1.28609
1.2785
1.26808
1.25602
1.24436
1.23552
1.23142
1.23277
1.23922
1.24974
1.26298
1.27733
1.29099
1.30227
1.31005
1.31403
1.31469
1.31304
1.31017
1.30708
1.3046
1.30354
1.30445
1.30739
1.31171
1.31615
1.31936
1.32062
1.32032
1.31977
1.3203
1.32223
1.32451
1.32522
1.32238
1.31469
1.30205
1.2858
1.26842
1.25288
1.2417
1.23624
1.23644
1.24118
1.24898
1.25838
1.26815
1.27705
1.28366
1.28657
1.28483
1.27861
1.26954
1.26019
1.25324
1.25063
1.25306
1.26012
1.27082
1.28406
1.29888
1.31448
1.33022
1.34567
1.36044
1.37399
1.38538
1.39336
1.39655
1.39399
1.38546
1.372
1.35628
1.34252
1.33512
1.33628
1.34467
1.35663
1.3689
1.38007
1.39034
1.4006
1.41145
1.42274
1.43324
1.44094
1.44364
1.43985
1.42945
1.4142
1.39771
1.3845
1.37785
1.37794
1.38178
1.38526
1.38526
1.38057
1.37162
1.3597
1.34622
1.33224
1.31838
1.30503
1.29269
1.28206
1.27408
1.26985
1.27016
1.27511
1.2837
1.29411
1.30429
1.31278
1.31908
1.32363
1.32748
1.33168
1.33687
1.34325
1.35082
1.35957
1.36931
1.37943
1.38888
1.39635
1.40075
1.40163
1.3993
1.39479
1.38934
1.3838
1.37817
1.37166
1.36314
1.35171
1.33736
1.32111
1.30503
1.29185
1.28425
1.28402
1.29138
1.30478
1.32149
1.33855
1.35361
1.36542
1.37365
1.37837
1.37961
1.37716
1.37074
1.36029
1.34637
1.33022
1.31373
1.29929
1.28948
1.2867
1.29264
1.30758
1.32997
1.35656
1.38321
1.40592
1.42152
1.42814
1.42531
1.41388
1.39584
1.37402
1.35173
1.33212
1.31735
1.30798
1.30284
1.29977
1.29673
1.29274
1.28825
1.28479
1.28385
1.28567
1.28916
1.29263
1.29502
1.29621
1.29686
1.29795
1.30047
1.30518
1.31242
1.322
1.33305
1.34406
1.35298
1.35769
1.35651
1.34873
1.33491
1.31677
1.29665
1.27683
1.25907
1.24477
1.23524
1.23152
1.2337
1.24037
1.24888
1.25651
1.26153
1.26378
1.26453
1.26593
1.2705
1.28016
1.29538
1.31437
1.33342
1.34834
1.35616
1.3557
1.34747
1.33302
1.31467
1.29512
1.27713
1.26305
1.25429
1.25121
1.25334
1.2598
1.26954
1.28133
1.29374
1.30522
1.3144
1.32027
1.32234
1.32062
1.31562
1.30837
1.30023
1.29282
1.28762
1.28572
1.28751
1.29262
1.30014
1.30914
1.31913
1.33038
1.3437
1.35989
1.37907
1.40023
1.42146
1.44044
1.45509
1.46389
1.46591
1.46072
1.44847
1.4297
1.40536
1.37669
1.34535
1.31334
1.28311
1.25732
1.23843
1.22793
1.22588
1.23075
1.23978
1.25006
1.25931
1.26657
1.27212
1.27696
1.28207
1.28783
1.2939
1.29933
1.30292
1.3036
1.30096
1.29551
1.28859
1.28203
1.27745
1.27598
1.27813
1.28405
1.29373
1.30687
1.32254
1.339
1.35415
1.36608
1.37368
1.37666
1.37542
1.37081
1.36403
1.35644
1.34931
1.34365
1.33984
1.3377
1.33658
1.33551
1.33329
1.32866
1.32054
1.30863
1.29394
1.27954
1.27043
1.27136
1.2837
1.30423
1.32749
1.3489
1.3658
1.37699
1.38185
1.37998
1.37112
1.3554
1.33354
1.30725
1.27931
1.25329
1.23263
1.2194
1.21378
1.21449
1.21982
1.22823
1.23851
1.24972
1.2611
1.27204
1.28203
1.2906
1.2973
1.30174
1.30372
1.30329
1.30112
1.29852
1.29738
1.29953
1.30593
1.31611
1.32817
1.33951
1.34776
1.35138
1.34987
1.34372
1.33406
1.32238
1.31017
1.29863
1.2886
1.28044
1.27398
1.26848
1.26274
1.25553
1.24596
1.23381
1.21962
1.20447
1.18989
1.17769
1.16989
1.16821
1.17343
1.18477
1.19996
1.21582
1.22924
1.23779
1.23999
1.23547
1.22501
1.21079
1.19627
1.1853
1.18082
1.18362
1.19237
1.20448
1.21728
1.22886
1.23826
1.24517
1.24945
1.25099
1.2498
1.24619
1.24092
1.23525
1.2311
1.23081
1.23642
1.24864
1.26639
1.28731
1.30879
1.32869
1.34552
1.35825
1.36623
1.3692
1.36738
1.36137
1.35201
1.33998
1.32549
1.30837
1.28849
1.2664
1.24366
1.22279
1.20656
1.19712
1.19525
1.20041
1.21134
1.22659
1.24456
1.26313
1.27972
1.29169
1.29719
1.29576
1.28854
1.27832
1.2691
1.26536
1.27104
1.2883
1.31661
1.35285
1.39242
1.43061
1.46357
1.48876
1.50503
1.51251
1.5125
1.50704
1.49835
1.48822
1.47769
1.46721
1.45704
1.44745
1.43878
1.43123
1.42465
1.41835
1.41127
1.40223
1.39035
1.3753
1.35755
1.33848
1.32023
1.30529
1.29561
1.29219
1.29489
1.30277
1.31461
1.32934
1.34625
1.36496
1.385
1.40559
1.42547
1.44323
1.45756
1.4675
1.47242
1.47203
1.46635
1.45564
1.44029
1.42081
1.39785
1.3723
1.34541
1.31889
1.29471
1.27491
1.26127
1.25492
1.25604
1.26385
1.2767
1.29247
1.30887
1.32387
1.33579
1.34324
1.34508
1.34049
1.32946
1.31304
1.29352
1.27423
1.25886
1.25066
1.25158
1.26185
1.28003
1.30358
1.32962
1.35548
1.379
1.39867
1.41359
1.42352
1.42863
1.42949
1.42691
1.42174
1.41474
1.40662
1.39816
1.39012
1.38322
1.37789
1.37417
1.37161
1.3695
1.36726
1.36482
1.36259
1.36108
1.36036
1.35986
1.3584
1.35474
1.34781
1.33707
1.32257
1.30504
1.28576
1.26625
1.2479
1.2319
1.21945
1.21225
1.21228
1.22112
1.23886
1.26382
1.29291
1.32259
1.34978
1.37244
1.38967
1.40122
1.40711
1.40738
1.40222
1.39217
1.37843
1.36271
1.34708
1.3335
1.32336
1.31702
1.31396
1.31333
1.31441
1.31713
1.32194
1.32941
1.3396
1.35157
1.36332
1.37226
1.37607
1.37332
1.36375
1.34817
1.32809
1.30558
1.28308
1.26309
1.2477
1.23808
1.23403
1.23423
1.23697
1.24081
1.24505
1.24984
1.25592
1.2642
1.2753
1.28909
1.30445
1.31922
1.33068
1.33611
1.33339
1.32167
1.30199
1.27787
1.25529
1.24118
1.24082
1.2556
1.28294
1.31785
1.35456
1.3879
1.41449
1.43322
1.44483
1.45087
1.45275
1.45111
1.44586
1.43645
1.42238
1.40367
1.38109
1.35631
1.33175
1.31029
1.29467
1.28678
1.28699
1.29402
1.30531
1.31804
1.33013
1.34079
1.35022
1.35871
1.36592
1.37077
1.37206
1.36951
1.36434
1.35938
1.35813
1.36304
1.37416
1.38908
1.40433
1.41687
1.42521
1.42963
1.43177
1.43383
1.43725
1.44181
1.4455
1.44568
1.44059
1.43032
1.41681
1.40297
1.39136
1.38334
1.37895
1.37728
1.37721
1.37775
1.37827
1.37836
1.37783
1.37652
1.3744
1.37179
1.36931
1.36789
1.36839
1.37135
1.37685
1.38446
1.39336
1.40235
1.41003
1.415
1.41613
1.41273
1.40464
1.3922
1.37611
1.35743
1.33751
1.31791
1.30033
1.28625
1.27653
1.27117
1.26914
1.26877
1.26822
1.26601
1.26152
1.25522
1.2485
1.24309
1.24028
1.24039
1.24277
1.24627
1.24984
1.25289
1.25551
1.25843
1.26287
1.27024
1.28153
1.29666
1.31417
1.3316
1.34631
1.35632
1.36067
1.35933
1.35287
1.34226
1.32877
1.3141
1.30029
1.28951
1.28345
1.28288
1.28748
1.29623
1.30809
1.32219
1.3376
1.35288
1.36615
1.37564
1.38027
1.37981
1.37477
1.36619
1.35555
1.34467
1.33542
1.32936
1.32706
1.32777
1.32949
1.32975
1.32656
1.31928
1.30891
1.29775
1.28858
1.28376
1.28452
1.29087
1.30186
1.31596
1.33122
1.3454
1.35635
1.36261
1.36402
1.36176
1.35788
1.35416
1.3513
1.34865
1.34487
1.33871
1.32975
1.31871
1.30733
1.29816
1.29402
1.29721
1.30851
1.32663
1.34852
1.37033
1.38843
1.39995
1.40302
1.39687
1.38188
1.35965
1.3329
1.30514
1.28009
1.2608
1.24896
1.2446
1.24642
1.25239
1.26047
1.26907
1.27732
1.28505
1.29268
1.30096
1.31061
1.32202
1.33506
1.349
1.36267
1.37473
1.38398
1.3896
1.39119
1.38879
1.38272
1.37354
1.36194
1.34876
1.33506
1.32212
1.3113
1.30386
1.30073
1.30223
1.30796
1.3169
1.32767
1.33876
1.34864
1.35577
1.35877
1.35674
1.34964
1.33849
1.32524
1.31245
1.30281
1.29879
1.30192
1.31224
1.32777
1.3449
1.35936
1.36753
1.3675
1.35929
1.34468
1.32647
1.30775
1.29127
1.27915
1.27261
1.27176
1.27555
1.28215
1.28949
1.29583
1.2998
1.30038
1.29698
1.28986
1.28052
1.2718
1.26706
1.26869
1.27687
1.28964
1.30407
1.31751
1.32823
1.33548
1.33918
1.33976
1.33813
1.33563
1.33346
1.332
1.3304
1.32727
1.32164
1.31374
1.30489
1.29719
1.29285
1.29361
1.30008
1.31163
1.32665
1.34306
1.359
1.37321
1.38512
1.39473
1.40245
1.40882
1.41429
1.41909
1.42317
1.42623
1.42791
1.42798
1.42649
1.42374
1.42016
1.41603
1.41133
1.40566
1.39825
1.38822
1.37489
1.35822
1.33903
1.319
1.30052
1.28641
1.27915
1.2799
1.28767
1.29982
1.31331
1.32579
1.33582
1.34261
1.34574
1.34512
1.34087
1.33343
1.32357
1.3124
1.30127
1.29125
1.28261
1.27443
1.26505
1.25301
1.23789
1.22066
1.20317
1.18735
1.17451
1.16542
1.16091
1.16184
1.16816
1.17862
1.19141
1.20499
1.21831
1.23062
1.24134
1.25012
1.2569
1.26186
1.26532
1.26756
1.26866
1.26833
1.26606
1.26133
1.2539
1.2439
1.23184
1.21869
1.2061
1.19625
1.19139
1.19304
1.20122
1.21433
1.22973
1.24473
1.25741
1.26702
1.27397
1.27933
1.28421
1.28942
1.29536
1.30216
1.30981
1.3182
1.32716
1.33638
1.34545
1.35382
1.36089
1.36604
1.36884
1.36904
1.36667
1.3619
1.35507
1.34666
1.33733
1.32779
1.31864
1.31006
1.30159
1.29238
1.28181
1.26992
1.25782
1.24755
1.2413
1.24067
1.24606
1.25668
1.27081
1.28614
1.3002
1.31114
1.31825
1.32209
1.32411
1.32592
1.32868
1.33294
1.33873
1.34582
1.35404
1.36347
1.37426
1.38657
1.40044
1.41549
1.43076
1.44465
1.45519
1.46063
1.45983
1.45242
1.43885
1.42031
1.39847
1.37513
1.352
1.33027
1.31065
1.29343
1.27859
1.26603
1.25566
1.24757
1.24215
1.23997
1.24163
1.24738
1.25694
1.2694
1.28342
1.29755
1.31051
1.32127
1.32912
1.33361
1.3345
1.3318
1.32585
1.31725
1.30682
1.29547
1.28403
1.27323
1.26367
1.25587
1.25039
1.24777
1.24841
1.25251
1.26008
1.27091
1.28449
1.29977
1.31509
1.32839
1.33787
1.34242
1.34183
1.33659
1.32764
1.31621
1.30357
1.29097
1.27959
1.27042
1.26384
1.25942
1.25618
1.2531
1.24965
1.24608
1.24328
1.24236
1.24408
1.24843
1.25458
1.26125
1.26724
1.27186
1.275
1.27706
1.27869
1.28059
1.28328
1.28703
1.29183
1.29745
1.30358
1.31005
1.31695
1.32458
1.33317
1.34254
1.35194
1.36005
1.36534
1.36642
1.36247
1.35352
1.34044
1.32486
1.30884
1.2946
1.28402
1.27831
1.27773
1.28165
1.28881
1.29784
1.30745
1.31675
1.3252
1.3325
1.33828
1.34197
1.34281
1.3402
1.33405
1.32494
1.31407
1.30284
1.2926
1.28436
1.27863
1.27546
1.27461
1.27587
1.27904
1.2837
1.28877
1.2927
1.29402
1.29216
1.28772
1.28225
1.27761
1.27524
1.27581
1.279
1.28376
1.28876
1.29301
1.29618
1.29856
1.30064
1.30258
1.30399
1.30395
1.30161
1.29673
1.29005
1.28316
1.27802
1.27617
1.27815
1.28352
1.29125
1.30021
1.3095
1.31841
1.32629
1.33249
1.33631
1.33721
1.33499
1.33001
1.32305
1.3152
1.30779
1.30215
1.29949
1.30069
1.30605
1.3152
1.32715
1.34042
1.35327
1.364
1.37116
1.37387
1.37205
1.36642
1.35833
1.34948
1.34149
1.33574
1.33311
1.33395
1.33799
1.34443
1.35217
1.36003
1.36705
1.37268
1.37683
1.37975
1.38185
1.38358
1.38522
1.38688
1.38839
1.38926
1.3888
1.38618
1.38072
1.37225
1.36126
1.3489
1.33668
1.32607
1.31827
1.31387
1.31278
1.31406
1.31607
1.31675
1.31409
1.30653
1.29345
1.27542
1.25431
1.23317
1.2156
1.20484
1.20265
1.20873
1.22115
1.23723
1.25437
1.27045
1.28382
1.29331
1.29833
1.29897
1.29603
1.29095
1.28553
1.28168
1.28095
1.28438
1.29242
1.30502
1.32153
1.34061
1.36022
1.37783
1.39115
1.39877
1.4008
1.39895
1.3959
1.39409
1.3944
1.39581
1.3963
1.39417
1.38893
1.38129
1.37276
1.36502
1.35928
1.35582
1.35393
1.35223
1.34912
1.34317
1.33346
1.31979
1.30274
1.2836
1.26433
1.24726
1.23452
1.22716
1.22452
1.22449
1.22479
1.22442
1.22414
1.22571
1.23034
1.23779
1.24671
1.25563
1.26363
1.27049
1.27642
1.28173
1.2865
1.29061
1.29381
1.29612
1.29813
1.30098
1.30621
1.31524
1.32877
1.34622
1.36546
1.38319
1.39575
1.40011
