-5.14587
-5.11351
-5.08554
-5.06665
-5.05887
-5.06316
-5.07689
-5.09785
-5.12155
-5.14572
-5.1695
-5.18947
-5.20683
-5.22263
-5.23566
-5.24949
-5.26191
-5.27453
-5.28287
-5.28718
-5.2881
-5.28579
-5.27793
-5.26633
-5.25171
-5.23433
-5.2163
-5.19822
-5.18332
-5.17291
-5.16631
-5.1645
-5.16637
-5.17139
-5.17805
-5.18768
-5.19948
-5.21091
-5.22124
-5.23058
-5.23631
-5.23793
-5.23708
-5.23427
-5.22768
-5.2205
-5.21331
-5.20882
-5.20931
-5.21506
-5.22782
-5.24326
-5.25707
-5.26601
-5.26746
-5.26184
-5.24922
-5.23381
-5.21802
-5.20742
-5.20342
-5.20348
-5.20612
-5.20648
-5.20426
-5.2002
-5.1971
-5.19501
-5.19577
-5.2005
-5.2105
-5.22403
-5.2406
-5.25784
-5.27501
-5.2909
-5.30416
-5.3122
-5.31456
-5.31061
-5.3014
-5.28728
-5.27142
-5.25407
-5.23879
-5.22593
-5.21495
-5.20647
-5.19886
-5.19143
-5.18119
-5.1689
-5.15387
-5.14028
-5.13091
-5.1253
-5.12745
-5.13664
-5.15043
-5.16886
-5.18938
-5.21272
-5.238
-5.26594
-5.29306
-5.31906
-5.34235
-5.36262
-5.37816
-5.38826
-5.39088
-5.38457
-5.37003
-5.34813
-5.32104
-5.29067
-5.25842
-5.22824
-5.2018
-5.18251
-5.17012
-5.16456
-5.16451
-5.16923
-5.17568
-5.18253
-5.18738
-5.19025
-5.19196
-5.19128
-5.19081
-5.19034
-5.19161
-5.19207
-5.19184
-5.18983
-5.18399
-5.17531
-5.16379
-5.14938
-5.13377
-5.11965
-5.10688
-5.09664
-5.08978
-5.08608
-5.08518
-5.08713
-5.09039
-5.09532
-5.10305
-5.11383
-5.12842
-5.14531
-5.16622
-5.18986
-5.21179
-5.23306
-5.25154
-5.26593
-5.27664
-5.28293
-5.28572
-5.28549
-5.28317
-5.28109
-5.28083
-5.28167
-5.28339
-5.28632
-5.29157
-5.2981
-5.30456
-5.30931
-5.31313
-5.31521
-5.31183
-5.30525
-5.29602
-5.28315
-5.26702
-5.24801
-5.22695
-5.20529
-5.18763
-5.17298
-5.16407
-5.16248
-5.16906
-5.18307
-5.20153
-5.22298
-5.24427
-5.26422
-5.2808
-5.29149
-5.29604
-5.2948
-5.28669
-5.27532
-5.25801
-5.23615
-5.2123
-5.18366
-5.15218
-5.12211
-5.09296
-5.06751
-5.04372
-5.0243
-5.00923
-5.001
-5.0036
-5.01743
-5.04326
-5.07661
-5.11375
-5.14913
-5.18098
-5.20461
-5.22254
-5.23353
-5.24074
-5.24202
-5.24035
-5.23609
-5.2278
-5.21675
-5.20401
-5.19058
-5.17873
-5.17101
-5.16747
-5.16802
-5.16907
-5.17039
-5.1728
-5.17548
-5.182
-5.19246
-5.20678
-5.22665
-5.24806
-5.2695
-5.28677
-5.29846
-5.30508
-5.30493
-5.3017
-5.29489
-5.28678
-5.27994
-5.27507
-5.27462
-5.27897
-5.28945
-5.30095
-5.31756
-5.33558
-5.35441
-5.37031
-5.38439
-5.39188
-5.39331
-5.38732
-5.37455
-5.35442
-5.32751
-5.2976
-5.26846
-5.2401
-5.21697
-5.19699
-5.18558
-5.18006
-5.17963
-5.18597
-5.19632
-5.21105
-5.22974
-5.24806
-5.26487
-5.2792
-5.28876
-5.2926
-5.29057
-5.28462
-5.27438
-5.26319
-5.25184
-5.24346
-5.23953
-5.24049
-5.24613
-5.25514
-5.26408
-5.27076
-5.27521
-5.27463
-5.27019
-5.26137
-5.24842
-5.23394
-5.21516
-5.19712
-5.18335
-5.1778
-5.18183
-5.19423
-5.21593
-5.24411
-5.27424
-5.30203
-5.32446
-5.33857
-5.34492
-5.34311
-5.3342
-5.31756
-5.29653
-5.27398
-5.25151
-5.23357
-5.22164
-5.21652
-5.21774
-5.22379
-5.2306
-5.23678
-5.24179
-5.24215
-5.23858
-5.23252
-5.22538
-5.21958
-5.21731
-5.22024
-5.22539
-5.23327
-5.24089
-5.24912
-5.25614
-5.26211
-5.2675
-5.27765
-5.29015
-5.30546
-5.32045
-5.33615
-5.34472
-5.35013
-5.34738
-5.33662
-5.31732
-5.29022
-5.25579
-5.2178
-5.18132
-5.15231
-5.13226
-5.12584
-5.13194
-5.14746
-5.16878
-5.19374
-5.21792
-5.24013
-5.2588
-5.27514
-5.28833
-5.29522
-5.29777
-5.2988
-5.29619
-5.29269
-5.28983
-5.28998
-5.28994
-5.29268
-5.29535
-5.29751
-5.29898
-5.29674
-5.29143
-5.28263
-5.26922
-5.2524
-5.23464
-5.21668
-5.20026
-5.19
-5.18649
-5.19043
-5.20126
-5.2165
-5.23361
-5.24736
-5.25592
-5.25811
-5.2519
-5.24033
-5.22407
-5.20608
-5.18671
-5.17038
-5.15954
-5.15418
-5.15505
-5.15953
-5.16678
-5.17475
-5.17919
-5.17999
-5.17835
-5.17526
-5.17188
-5.16885
-5.16766
-5.16933
-5.17377
-5.18076
-5.18896
-5.19928
-5.21084
-5.22275
-5.23587
-5.24543
-5.25244
-5.25684
-5.25991
-5.26219
-5.26503
-5.26537
-5.26503
-5.26139
-5.25612
-5.24934
-5.24304
-5.23694
-5.23169
-5.22779
-5.22357
-5.21912
-5.21368
-5.20584
-5.19746
-5.18596
-5.17445
-5.1603
-5.14675
-5.13277
-5.12257
-5.11433
-5.10861
-5.10498
-5.10411
-5.10671
-5.11171
-5.12072
-5.13343
-5.149
-5.16519
-5.18156
-5.19564
-5.2067
-5.21363
-5.21468
-5.20959
-5.20119
-5.18934
-5.17754
-5.16672
-5.15935
-5.1561
-5.15733
-5.16106
-5.16603
-5.16902
-5.16906
-5.16638
-5.15998
-5.15368
-5.14712
-5.14481
-5.14452
-5.14955
-5.15717
-5.16689
-5.17803
-5.19265
-5.20782
-5.22401
-5.23901
-5.25389
-5.26743
-5.28048
-5.29259
-5.30373
-5.31255
-5.32027
-5.32462
-5.32586
-5.3228
-5.31739
-5.30746
-5.29614
-5.2808
-5.26465
-5.24558
-5.22513
-5.20215
-5.18117
-5.1625
-5.14792
-5.13876
-5.13318
-5.13397
-5.13963
-5.15118
-5.16655
-5.18375
-5.20176
-5.21691
-5.22778
-5.23272
-5.23115
-5.22432
-5.21273
-5.19718
-5.17916
-5.16216
-5.14639
-5.13415
-5.12594
-5.11869
-5.11501
-5.11638
-5.12247
-5.13185
-5.14528
-5.16149
-5.17974
-5.20078
-5.22468
-5.25021
-5.27527
-5.29878
-5.31478
-5.32318
-5.3224
-5.31239
-5.29596
-5.27447
-5.25126
-5.22918
-5.20964
-5.19572
-5.18631
-5.18228
-5.18262
-5.18669
-5.19091
-5.1954
-5.19701
-5.19543
-5.19042
-5.18042
-5.16903
-5.15671
-5.14507
-5.13495
-5.12726
-5.12559
-5.13013
-5.14047
-5.15565
-5.17333
-5.18939
-5.20318
-5.2136
-5.2219
-5.22791
-5.23339
-5.23957
-5.24626
-5.25245
-5.25664
-5.25657
-5.25451
-5.24712
-5.23767
-5.22373
-5.20766
-5.19044
-5.17504
-5.16252
-5.15692
-5.1593
-5.16939
-5.18565
-5.20603
-5.22718
-5.24821
-5.2654
-5.27548
-5.27989
-5.27851
-5.27192
-5.26114
-5.24608
-5.22775
-5.20743
-5.18364
-5.1613
-5.1389
-5.11805
-5.09987
-5.08488
-5.07489
-5.07175
-5.07375
-5.08123
-5.09536
-5.1114
-5.1302
-5.1506
-5.17158
-5.19301
-5.21182
-5.22891
-5.24355
-5.25485
-5.26576
-5.27539
-5.28501
-5.29405
-5.30128
-5.30739
-5.31153
-5.31196
-5.31147
-5.30772
-5.30251
-5.29638
-5.28733
-5.27755
-5.26613
-5.25398
-5.23908
-5.22501
-5.21271
-5.2024
-5.1945
-5.18955
-5.18701
-5.18876
-5.19085
-5.19304
-5.19672
-5.20102
-5.20542
-5.21035
-5.21618
-5.2229
-5.23074
-5.23784
-5.24124
-5.2421
-5.23691
-5.22621
-5.20887
-5.1902
-5.17309
-5.16031
-5.15752
-5.16523
-5.17959
-5.19483
-5.2074
-5.21634
-5.21737
-5.21154
-5.20043
-5.18591
-5.16976
-5.15734
-5.14936
-5.14647
-5.14986
-5.15737
-5.16858
-5.18323
-5.19881
-5.21595
-5.23446
-5.25467
-5.27519
-5.29307
-5.30702
-5.31662
-5.31795
-5.31415
-5.30159
-5.28301
-5.26074
-5.2344
-5.20691
-5.17817
-5.15277
-5.13181
-5.11942
-5.11287
-5.11632
-5.12933
-5.14924
-5.1759
-5.20422
-5.2317
-5.25438
-5.27114
-5.28092
-5.2839
-5.28173
-5.27517
-5.26553
-5.25313
-5.23871
-5.22229
-5.20347
-5.18499
-5.16947
-5.15774
-5.15077
-5.14904
-5.15239
-5.15846
-5.16589
-5.17527
-5.18359
-5.1924
-5.20263
-5.21331
-5.22307
-5.22985
-5.2301
-5.22439
-5.21307
-5.19849
-5.18301
-5.17023
-5.15925
-5.15207
-5.14783
-5.14469
-5.14255
-5.13898
-5.13364
-5.12984
-5.12764
-5.12655
-5.13015
-5.13589
-5.14436
-5.15459
-5.16779
-5.18271
-5.19822
-5.21387
-5.22988
-5.24645
-5.26104
-5.27371
-5.28378
-5.28977
-5.29099
-5.28681
-5.27771
-5.26194
-5.24401
-5.22507
-5.20718
-5.19497
-5.19009
-5.19448
-5.20813
-5.22977
-5.25418
-5.27564
-5.29094
-5.2971
-5.29445
-5.28576
-5.27479
-5.2653
-5.26165
-5.26173
-5.2639
-5.2682
-5.27095
-5.26947
-5.26188
-5.25275
-5.24297
-5.23556
-5.23318
-5.23491
-5.24092
-5.24832
-5.25793
-5.26783
-5.27501
-5.2818
-5.28715
-5.29107
-5.29081
-5.28673
-5.27932
-5.26578
-5.2471
-5.22451
-5.20003
-5.17701
-5.16011
-5.15164
-5.15165
-5.15781
-5.1689
-5.18173
-5.19105
-5.19742
-5.20009
-5.20011
-5.2014
-5.20466
-5.21222
-5.22244
-5.23422
-5.24595
-5.2554
-5.26549
-5.27535
-5.28327
-5.28918
-5.29119
-5.289
-5.28292
-5.27381
-5.26395
-5.25616
-5.25036
-5.24995
-5.2542
-5.25999
-5.26852
-5.27587
-5.28277
-5.28759
-5.28959
-5.28831
-5.28567
-5.27963
-5.27184
-5.26368
-5.25588
-5.25029
-5.24686
-5.24762
-5.24973
-5.25381
-5.25997
-5.26683
-5.27392
-5.27946
-5.28322
-5.28386
-5.27802
-5.26435
-5.24409
-5.21522
-5.18098
-5.14843
-5.12315
-5.11474
-5.12331
-5.14706
-5.18152
-5.21963
-5.25601
-5.29021
-5.31946
-5.34119
-5.35718
-5.36311
-5.36038
-5.34882
-5.33098
-5.30592
-5.27736
-5.2476
-5.21715
-5.18859
-5.16461
-5.14654
-5.13461
-5.12906
-5.12967
-5.13495
-5.14307
-5.15395
-5.16436
-5.1728
-5.18224
-5.19108
-5.20092
-5.2104
-5.22131
-5.23332
-5.24263
-5.24947
-5.25393
-5.25641
-5.25421
-5.25009
-5.24389
-5.23607
-5.22664
-5.21677
-5.20536
-5.19205
-5.17842
-5.16637
-5.15804
-5.15301
-5.15097
-5.15085
-5.14775
-5.14362
-5.13853
-5.1331
-5.12778
-5.12474
-5.12627
-5.13189
-5.14061
-5.15324
-5.16531
-5.17656
-5.18568
-5.19052
-5.19357
-5.19373
-5.19206
-5.19008
-5.18551
-5.18154
-5.17703
-5.17415
-5.17105
-5.16883
-5.16701
-5.16603
-5.1664
-5.17049
-5.17762
-5.1889
-5.20218
-5.21515
-5.22651
-5.23397
-5.23908
-5.24133
-5.23923
-5.23417
-5.22561
-5.21358
-5.19979
-5.18394
-5.16829
-5.15472
-5.14414
-5.13961
-5.13851
-5.14221
-5.14741
-5.15185
-5.15656
-5.15983
-5.16145
-5.16164
-5.16005
-5.15942
-5.15921
-5.16008
-5.16188
-5.16521
-5.16787
-5.16975
-5.17163
-5.17238
-5.17044
-5.1693
-5.16781
-5.16567
-5.16554
-5.16877
-5.17444
-5.1813
-5.18726
-5.19221
-5.1935
-5.19061
-5.18625
-5.17995
-5.17593
-5.17572
-5.17875
-5.18516
-5.19314
-5.19966
-5.20323
-5.20305
-5.19896
-5.19099
-5.18105
-5.16979
-5.16102
-5.15477
-5.1507
-5.14976
-5.15188
-5.15471
-5.15962
-5.16306
-5.16894
-5.17466
-5.18293
-5.19331
-5.20565
-5.21736
-5.22776
-5.23632
-5.24032
-5.24118
-5.23775
-5.23165
-5.2239
-5.21381
-5.20048
-5.18312
-5.16304
-5.14018
-5.11679
-5.09455
-5.07471
-5.05887
-5.04933
-5.04527
-5.04765
-5.0575
-5.07264
-5.09322
-5.11593
-5.14093
-5.16632
-5.18985
-5.21081
-5.22801
-5.23929
-5.24683
-5.24894
-5.24806
-5.24681
-5.24974
-5.25602
-5.26743
-5.28077
-5.29115
-5.29792
-5.29931
-5.29532
-5.28701
-5.27638
-5.26304
-5.2514
-5.2415
-5.23724
-5.23643
-5.23974
-5.2461
-5.25182
-5.25781
-5.2616
-5.26508
-5.2673
-5.26983
-5.2727
-5.2748
-5.28022
-5.28666
-5.29561
-5.30743
-5.32101
-5.3354
-5.35
-5.362
-5.37025
-5.3737
-5.37189
-5.36486
-5.34846
-5.3276
-5.30174
-5.27135
-5.23702
-5.20424
-5.17387
-5.14509
-5.12164
-5.1049
-5.09465
-5.09134
-5.09641
-5.11008
-5.13026
-5.15333
-5.17834
-5.19926
-5.21582
-5.22385
-5.2245
-5.2153
-5.20034
-5.18116
-5.15954
-5.13709
-5.11767
-5.1009
-5.08867
-5.08304
-5.08622
-5.09699
-5.11502
-5.13821
-5.16305
-5.18553
-5.20388
-5.2144
-5.21776
-5.21308
-5.20307
-5.1903
-5.17627
-5.166
-5.15997
-5.15707
-5.15674
-5.15855
-5.16062
-5.16349
-5.16621
-5.17141
-5.17826
-5.18605
-5.19225
-5.19681
-5.19674
-5.19262
-5.1865
-5.18067
-5.17899
-5.18449
-5.19529
-5.21186
-5.2308
-5.2497
-5.26658
-5.27986
-5.29013
-5.29727
-5.30364
-5.30989
-5.3156
-5.32224
-5.33108
-5.34231
-5.35408
-5.36595
-5.37655
-5.38426
-5.38899
-5.39017
-5.38721
-5.38197
-5.37776
-5.3756
-5.3785
-5.38457
-5.39433
-5.40503
-5.41502
-5.42175
-5.42357
-5.41956
-5.40924
-5.39276
-5.37322
-5.35002
-5.3253
-5.3021
-5.27982
-5.25935
-5.24289
-5.23157
-5.22381
-5.22095
-5.22426
-5.23241
-5.24276
-5.25703
-5.27146
-5.28629
-5.29891
-5.30945
-5.31461
-5.31467
-5.30865
-5.29714
-5.27972
-5.26075
-5.24364
-5.2301
-5.22152
-5.21736
-5.2165
-5.21756
-5.21786
-5.21845
-5.21833
-5.21762
-5.21695
-5.21472
-5.21272
-5.21131
-5.21284
-5.21674
-5.22279
-5.23041
-5.23991
-5.2488
-5.25468
-5.25774
-5.25487
-5.24768
-5.23654
-5.22435
-5.20904
-5.19617
-5.18467
-5.17456
-5.16571
-5.15816
-5.15328
-5.15073
-5.152
-5.15756
-5.1678
-5.1829
-5.20261
-5.2222
-5.24118
-5.25919
-5.27535
-5.28976
-5.30009
-5.3093
-5.31715
-5.32482
-5.33233
-5.33897
-5.346
-5.35392
-5.36066
-5.36635
-5.36819
-5.36862
-5.36378
-5.3587
-5.35237
-5.34613
-5.34075
-5.33493
-5.33077
-5.32598
-5.32251
-5.31981
-5.3175
-5.31701
-5.31805
-5.32045
-5.32232
-5.32325
-5.32132
-5.31926
-5.31667
-5.31283
-5.30852
-5.30304
-5.29654
-5.28769
-5.27968
-5.27166
-5.26266
-5.25313
-5.24488
-5.23578
-5.22725
-5.21894
-5.21042
-5.2032
-5.19456
-5.18525
-5.1745
-5.16364
-5.15426
-5.14778
-5.14436
-5.1468
-5.15486
-5.16544
-5.17815
-5.19064
-5.19884
-5.20302
-5.20203
-5.19728
-5.18962
-5.18207
-5.17739
-5.1738
-5.17255
-5.17343
-5.17422
-5.17669
-5.18192
-5.18922
-5.19765
-5.20567
-5.21359
-5.22021
-5.22459
-5.2269
-5.22747
-5.22946
-5.2297
-5.2296
-5.22845
-5.22608
-5.22249
-5.21658
-5.2085
-5.19915
-5.18895
-5.17884
-5.17075
-5.16551
-5.16541
-5.16679
-5.17044
-5.17602
-5.18102
-5.18765
-5.19478
-5.20138
-5.20789
-5.21285
-5.21622
-5.21687
-5.21763
-5.21668
-5.21571
-5.21641
-5.21763
-5.22403
-5.23354
-5.24491
-5.25894
-5.27255
-5.28465
-5.29423
-5.30136
-5.30898
-5.31609
-5.32465
-5.33398
-5.34264
-5.34935
-5.3529
-5.35109
-5.34555
-5.3379
-5.3291
-5.32088
-5.31441
-5.31057
-5.31105
-5.31417
-5.3156
-5.31667
-5.31387
-5.30574
-5.29309
-5.27595
-5.25527
-5.23249
-5.21126
-5.19302
-5.18028
-5.17401
-5.17476
-5.18176
-5.19395
-5.20781
-5.22195
-5.23464
-5.2443
-5.25024
-5.25364
-5.25383
-5.25072
-5.24551
-5.23652
-5.22404
-5.20816
-5.1912
-5.17465
-5.16048
-5.15173
-5.1495
-5.15531
-5.16936
-5.18896
-5.21343
-5.23899
-5.26303
-5.28409
-5.3012
-5.31235
-5.31987
-5.32104
-5.31781
-5.31
-5.29776
-5.28365
-5.269
-5.25518
-5.24096
-5.23077
-5.22418
-5.21954
-5.21678
-5.21554
-5.21459
-5.21222
-5.20849
-5.20308
-5.19881
-5.19533
-5.19363
-5.19605
-5.19887
-5.20304
-5.20738
-5.20659
-5.20125
-5.18995
-5.17315
-5.15225
-5.12979
-5.10959
-5.0925
-5.08337
-5.08314
-5.09148
-5.10693
-5.12611
-5.14633
-5.16605
-5.18304
-5.19567
-5.20405
-5.20855
-5.20897
-5.20557
-5.20204
-5.19823
-5.19686
-5.19958
-5.20898
-5.22185
-5.23872
-5.25688
-5.27265
-5.28225
-5.28551
-5.27858
-5.26555
-5.24901
-5.23193
-5.21886
-5.21091
-5.21126
-5.21777
-5.23082
-5.24495
-5.25902
-5.26942
-5.27332
-5.26923
-5.25815
-5.24329
-5.22778
-5.21551
-5.20846
-5.20743
-5.21178
-5.21646
-5.21995
-5.22048
-5.21667
-5.21117
-5.20564
-5.20127
-5.19967
-5.20327
-5.21173
-5.22448
-5.24217
-5.26239
-5.28183
-5.29923
-5.31147
-5.31661
-5.31435
-5.30403
-5.28763
-5.26809
-5.24806
-5.23277
-5.22575
-5.22766
-5.23658
-5.24918
-5.26163
-5.27154
-5.27838
-5.2817
-5.2842
-5.28684
-5.28951
-5.29161
-5.29301
-5.29102
-5.28547
-5.27607
-5.26233
-5.24742
-5.23113
-5.21573
-5.20386
-5.19538
-5.1941
-5.19823
-5.20968
-5.22461
-5.24243
-5.26108
-5.27785
-5.29154
-5.30165
-5.30688
-5.30759
-5.30342
-5.29628
-5.28627
-5.27557
-5.2649
-5.25708
-5.2508
-5.24645
-5.24353
-5.24238
-5.24205
-5.24352
-5.245
-5.2482
-5.25199
-5.25698
-5.26394
-5.26954
-5.27297
-5.27459
-5.27299
-5.26699
-5.25773
-5.24691
-5.23405
-5.22338
-5.21746
-5.21456
-5.21495
-5.21753
-5.21899
-5.21831
-5.21157
-5.19904
-5.17826
-5.15219
-5.12039
-5.08897
-5.06029
-5.04026
-5.0305
-5.03469
-5.04888
-5.07235
-5.09937
-5.12969
-5.15929
-5.18611
-5.2102
-5.22998
-5.2446
-5.25216
-5.25303
-5.24804
-5.23584
-5.22096
-5.20219
-5.18392
-5.16855
-5.1582
-5.15203
-5.15055
-5.15059
-5.15386
-5.15754
-5.15999
-5.16142
-5.16533
-5.16933
-5.17615
-5.18643
-5.20385
-5.22436
-5.24768
-5.27129
-5.29271
-5.30794
-5.31801
-5.32312
-5.3222
-5.31598
-5.30526
-5.2907
-5.27371
-5.25685
-5.23859
-5.22315
-5.20709
-5.19446
-5.18554
-5.18042
-5.17893
-5.18142
-5.18698
-5.19467
-5.20527
-5.21922
-5.23623
-5.25451
-5.27274
-5.29066
-5.30402
-5.3145
-5.31926
-5.32088
-5.31604
-5.30958
-5.30023
-5.28947
-5.27777
-5.26665
-5.25631
-5.24656
-5.23899
-5.23211
-5.22788
-5.22329
-5.21917
-5.2155
-5.21357
-5.21133
-5.21075
-5.21074
-5.20977
-5.20928
-5.2074
-5.20287
-5.19701
-5.18868
-5.17759
-5.16648
-5.15587
-5.14371
-5.1343
-5.13041
-5.13091
-5.13595
-5.14645
-5.16232
-5.17991
-5.19527
-5.208
-5.21718
-5.22344
-5.22715
-5.22767
-5.22569
-5.22183
-5.21777
-5.21275
-5.208
-5.20123
-5.19427
-5.189
-5.18868
-5.19344
-5.19941
-5.20687
-5.21282
-5.21607
-5.21389
-5.20801
-5.19848
-5.1869
-5.17544
-5.16604
-5.15846
-5.15567
-5.15642
-5.15932
-5.16056
-5.16124
-5.16022
-5.15634
-5.15113
-5.14421
-5.13589
-5.12666
-5.1177
-5.10857
-5.10389
-5.10555
-5.1143
-5.12713
-5.14397
-5.16191
-5.174
-5.18206
-5.18501
-5.18157
-5.17472
-5.1669
-5.16056
-5.15795
-5.1576
-5.15772
-5.16057
-5.16419
-5.16749
-5.1716
-5.17714
-5.18744
-5.20326
-5.22343
-5.24681
-5.27042
-5.29179
-5.30791
-5.31772
-5.32259
-5.32409
-5.32392
-5.32249
-5.32299
-5.32636
-5.33344
-5.34371
-5.35597
-5.36835
-5.37934
-5.38716
-5.39262
-5.39445
-5.39402
-5.39161
-5.38545
-5.37588
-5.36346
-5.34856
-5.33246
-5.31426
-5.29606
-5.27939
-5.26324
-5.24902
-5.23709
-5.22817
-5.22156
-5.21805
-5.2187
-5.22283
-5.22751
-5.23419
-5.24237
-5.24958
-5.25505
-5.25842
-5.25919
-5.26016
-5.2602
-5.26294
-5.26913
-5.27614
-5.28525
-5.2949
-5.30219
-5.30828
-5.31039
-5.30807
-5.30217
-5.29284
-5.28188
-5.2714
-5.26217
-5.25696
-5.25358
-5.25463
-5.2571
-5.26076
-5.2654
-5.26863
-5.27006
-5.26965
-5.26702
-5.26218
-5.25599
-5.24809
-5.24131
-5.23622
-5.23467
-5.23794
-5.24467
-5.25046
-5.25857
-5.26723
-5.27385
-5.2824
-5.29008
-5.29622
-5.30304
-5.30666
-5.30778
-5.30633
-5.30059
-5.29287
-5.2823
-5.27204
-5.26295
-5.25635
-5.25342
-5.25333
-5.25393
-5.25349
-5.25195
-5.24413
-5.23241
-5.21839
-5.20216
-5.18745
-5.17712
-5.17141
-5.17156
-5.17339
-5.17563
-5.17866
-5.17995
-5.18016
-5.17996
-5.18097
-5.18251
-5.18615
-5.19359
-5.20468
-5.2203
-5.23725
-5.25441
-5.26933
-5.28128
-5.28975
-5.29586
-5.29944
-5.30153
-5.3041
-5.30452
-5.30439
-5.29983
-5.29202
-5.27835
-5.26217
-5.2455
-5.23122
-5.22377
-5.22539
-5.23794
-5.2601
-5.28485
-5.30692
-5.32182
-5.32675
-5.31831
-5.30197
-5.2801
-5.25833
-5.24228
-5.2327
-5.23097
-5.23384
-5.23829
-5.24542
-5.25369
-5.26409
-5.27347
-5.28135
-5.28805
-5.29355
-5.29875
-5.30144
-5.30154
-5.29973
-5.29411
-5.28569
-5.27409
-5.26057
-5.24368
-5.22592
-5.20738
-5.1893
-5.1753
-5.17107
-5.17687
-5.19285
-5.21722
-5.24645
-5.2737
-5.29537
-5.30675
-5.30833
-5.2999
-5.28456
-5.26477
-5.24256
-5.22259
-5.2091
-5.20207
-5.20134
-5.20637
-5.21668
-5.23206
-5.24672
-5.26005
-5.26866
-5.26968
-5.26312
-5.24937
-5.23018
-5.20934
-5.19185
-5.17952
-5.17464
-5.17467
-5.18049
-5.18844
-5.19753
-5.20581
-5.21548
-5.22681
-5.24064
-5.25578
-5.27372
-5.29294
-5.30844
-5.3217
-5.33107
-5.33562
-5.3344
-5.32905
-5.31926
-5.30668
-5.29422
-5.28205
-5.27043
-5.26204
-5.25587
-5.25464
-5.2562
-5.26164
-5.26997
-5.28172
-5.29493
-5.30891
-5.32001
-5.33203
-5.34262
-5.35401
-5.36424
-5.37376
-5.38212
-5.38829
-5.39298
-5.39495
-5.39487
-5.39373
-5.3928
-5.39116
-5.38967
-5.38551
-5.37939
-5.37092
-5.36022
-5.34888
-5.33547
-5.32164
-5.30675
-5.29285
-5.28084
-5.27177
-5.26476
-5.26104
-5.25792
-5.25468
-5.24835
-5.23851
-5.22439
-5.20627
-5.18515
-5.16294
-5.14259
-5.12449
-5.11062
-5.09929
-5.09286
-5.08896
-5.08704
-5.08565
-5.08526
-5.08554
-5.08932
-5.0974
-5.11038
-5.12796
-5.14789
-5.1708
-5.19374
-5.21683
-5.2365
-5.25466
-5.2689
-5.27851
-5.28469
-5.28717
-5.28541
-5.28129
-5.27588
-5.26852
-5.25887
-5.2473
-5.23845
-5.23203
-5.22823
-5.22748
-5.22899
-5.2321
-5.23434
-5.23504
-5.23498
-5.23474
-5.23303
-5.23235
-5.23253
-5.23332
-5.23453
-5.23594
-5.23649
-5.23681
-5.23829
-5.23835
-5.23915
-5.24139
-5.24491
-5.24864
-5.25203
-5.2524
-5.24787
-5.23825
-5.22529
-5.21076
-5.19727
-5.18533
-5.1743
-5.16531
-5.15686
-5.14913
-5.14332
-5.13943
-5.14004
-5.14615
-5.15767
-5.17368
-5.19255
-5.21447
-5.23545
-5.25687
-5.27945
-5.30122
-5.32266
-5.33971
-5.35155
-5.35652
-5.35409
-5.34432
-5.32878
-5.31062
-5.2908
-5.27386
-5.25994
-5.25138
-5.24832
-5.25029
-5.25798
-5.26824
-5.2776
-5.28625
-5.293
-5.29941
-5.30247
-5.30353
-5.30202
-5.29979
-5.29693
-5.29476
-5.29238
-5.2901
-5.28773
-5.28412
-5.27974
-5.27262
-5.26209
-5.24625
-5.22471
-5.20398
-5.18232
-5.16334
-5.15035
-5.14628
-5.15028
-5.15989
-5.17561
-5.19437
-5.2139
-5.23381
-5.25077
-5.26198
-5.26887
-5.27042
-5.26501
-5.25746
-5.24593
-5.23351
-5.22107
-5.20768
-5.19577
-5.18567
-5.17859
-5.17558
-5.17683
-5.18376
-5.19429
-5.20627
-5.21906
-5.23211
-5.24461
-5.25593
-5.26419
-5.27105
-5.27636
-5.27864
-5.27995
-5.27873
-5.27403
-5.26292
-5.24844
-5.23189
-5.21722
-5.20655
-5.20089
-5.20299
-5.21017
-5.21835
-5.22726
-5.23703
-5.24284
-5.24302
-5.23856
-5.23179
-5.22195
-5.21312
-5.20699
-5.20381
-5.20439
-5.2085
-5.21663
-5.22772
-5.2405
-5.25063
-5.25841
-5.26063
-5.2571
-5.24998
-5.23858
-5.22741
-5.21553
-5.2061
-5.20096
-5.20017
-5.20599
-5.21732
-5.23084
-5.24635
-5.26162
-5.27443
-5.28524
-5.29376
-5.30418
-5.31326
-5.31849
-5.3187
-5.31247
-5.29531
-5.27227
-5.24247
-5.2119
-5.18634
-5.17126
-5.1676
-5.17579
-5.19409
-5.21898
-5.24336
-5.26654
-5.28723
-5.30245
-5.31104
-5.31344
-5.31039
-5.30376
-5.29417
-5.28302
-5.27015
-5.25685
-5.23984
-5.2231
-5.20721
-5.19116
-5.17683
-5.16444
-5.15391
-5.14643
-5.14002
-5.13728
-5.1399
-5.14593
-5.15809
-5.17293
-5.19042
-5.20706
-5.22272
-5.23582
-5.24453
-5.24996
-5.24969
-5.24647
-5.23874
-5.23067
-5.22163
-5.21174
-5.20187
-5.19157
-5.18147
-5.17296
-5.16842
-5.16683
-5.16785
-5.1736
-5.18389
-5.19682
-5.21337
-5.2303
-5.24625
-5.26095
-5.27339
-5.28027
-5.28202
-5.2797
-5.27171
-5.2604
-5.24623
-5.23031
-5.21384
-5.19978
-5.18939
-5.18383
-5.18133
-5.18317
-5.19027
-5.20129
-5.21601
-5.23168
-5.24863
-5.26567
-5.28002
-5.29184
-5.2981
-5.30065
-5.29765
-5.29262
-5.28647
-5.27997
-5.27447
-5.27338
-5.27837
-5.28664
-5.3003
-5.31725
-5.33489
-5.35232
-5.36969
-5.38686
-5.40043
-5.40977
-5.41571
-5.41688
-5.41236
-5.39988
-5.3799
-5.3552
-5.32544
-5.29505
-5.26356
-5.23509
-5.21244
-5.19846
-5.19223
-5.19281
-5.19993
-5.2112
-5.22594
-5.2427
-5.25897
-5.27326
-5.28254
-5.28522
-5.28222
-5.27262
-5.26012
-5.24573
-5.23173
-5.221
-5.21475
-5.21553
-5.22272
-5.23474
-5.2487
-5.26183
-5.27215
-5.27849
-5.28075
-5.28078
-5.27815
-5.27693
-5.27232
-5.26747
-5.26093
-5.2513
-5.2372
-5.2203
-5.20225
-5.18387
-5.16935
-5.15835
-5.15238
-5.15015
-5.15131
-5.156
-5.16187
-5.17028
-5.18148
-5.19452
-5.20883
-5.2232
-5.23572
-5.24756
-5.25785
-5.26486
-5.27083
-5.27486
-5.27866
-5.28263
-5.28546
-5.29039
-5.29608
-5.30387
-5.31549
-5.3294
-5.34279
-5.35444
-5.36219
-5.36485
-5.35885
-5.34265
-5.3189
-5.28996
-5.26061
-5.23468
-5.2152
-5.19946
-5.1859
-5.17736
-5.17069
-5.16596
-5.16526
-5.16717
-5.1707
-5.17738
-5.18641
-5.1987
-5.2117
-5.22349
-5.22991
-5.23241
-5.23127
-5.22746
-5.22239
-5.21925
-5.22106
-5.22869
-5.24077
-5.25583
-5.27082
-5.28576
-5.29629
-5.30369
-5.30784
-5.30973
-5.31
-5.30886
-5.30538
-5.29853
-5.29171
-5.28429
-5.2775
-5.27032
-5.26352
-5.25645
-5.24935
-5.24265
-5.23854
-5.23458
-5.2332
-5.23445
-5.23661
-5.23866
-5.24179
-5.24328
-5.24413
-5.24512
-5.24564
-5.24728
-5.24551
-5.24486
-5.24302
-5.24221
-5.2438
-5.24767
-5.25435
-5.26611
-5.27763
-5.28896
-5.29671
-5.30076
-5.29972
-5.29778
-5.29475
-5.29028
-5.2854
-5.27884
-5.2722
-5.26406
-5.25416
-5.24283
-5.22833
-5.21165
-5.19182
-5.16959
-5.14871
-5.13067
-5.12008
-5.11886
-5.12484
-5.13729
-5.15249
-5.17049
-5.19032
-5.21097
-5.23174
-5.25159
-5.26989
-5.28614
-5.29945
-5.31175
-5.32015
-5.32526
-5.32438
-5.31867
-5.3083
-5.29355
-5.27512
-5.25557
-5.23699
-5.21795
-5.20155
-5.19003
-5.18263
-5.17847
-5.1747
-5.17326
-5.1731
-5.1728
-5.1699
-5.16569
-5.16022
-5.15408
-5.15017
-5.1481
-5.14963
-5.15519
-5.16109
-5.16602
-5.17114
-5.17293
-5.17205
-5.16786
-5.16203
-5.15384
-5.14582
-5.14278
-5.14628
-5.15842
-5.17477
-5.19282
-5.20762
-5.21517
-5.21759
-5.21598
-5.2097
-5.2034
-5.19575
-5.18732
-5.17987
-5.17533
-5.17433
-5.1774
-5.18552
-5.19854
-5.21457
-5.23034
-5.24533
-5.25948
-5.27091
-5.27818
-5.28374
-5.28571
-5.2839
-5.27803
-5.26911
-5.25738
-5.24363
-5.23143
-5.22101
-5.21165
-5.20484
-5.20328
-5.20497
-5.2102
-5.21773
-5.22747
-5.23513
-5.24253
-5.24436
-5.24074
-5.22865
-5.20929
-5.18565
-5.1616
-5.14069
-5.12825
-5.12469
-5.12949
-5.13989
-5.1529
-5.16837
-5.18351
-5.19646
-5.20634
-5.21359
-5.21609
-5.21425
-5.20912
-5.20234
-5.19447
-5.18716
-5.18308
-5.18182
-5.1822
-5.18672
-5.19446
-5.20548
-5.21952
-5.23389
-5.2449
-5.25309
-5.25836
-5.25761
-5.25173
-5.23938
-5.22376
-5.20507
-5.18545
-5.16902
-5.15433
-5.14604
-5.14081
-5.13799
-5.13821
-5.13865
-5.13947
-5.14116
-5.14462
-5.15048
-5.16066
-5.1718
-5.18589
-5.20172
-5.21669
-5.22982
-5.23827
-5.24238
-5.24296
-5.23977
-5.23506
-5.22949
-5.22444
-5.22097
-5.22002
-5.22057
-5.22176
-5.22296
-5.22398
-5.22381
-5.22184
-5.22012
-5.21866
-5.21729
-5.21728
-5.21906
-5.22272
-5.2283
-5.23641
-5.24474
-5.2548
-5.26452
-5.27223
-5.2777
-5.28272
-5.28379
-5.28338
-5.27717
-5.26758
-5.25483
-5.24511
-5.23774
-5.22963
-5.21894
-5.20301
-5.18502
-5.16737
-5.15015
-5.13736
-5.12845
-5.12347
-5.12241
-5.12436
-5.12939
-5.13638
-5.14298
-5.15149
-5.16031
-5.16838
-5.17546
-5.1814
-5.18762
-5.1945
-5.20004
-5.20633
-5.21204
-5.2184
-5.22427
-5.22941
-5.23226
-5.2338
-5.23287
-5.2312
-5.22839
-5.22654
-5.22438
-5.22476
-5.22662
-5.22745
-5.23114
-5.23244
-5.23451
-5.23505
-5.23675
-5.2402
-5.24468
-5.25239
-5.26215
-5.27156
-5.28057
-5.28935
-5.29597
-5.30157
-5.30415
-5.30292
-5.2993
-5.29073
-5.27996
-5.26743
-5.25424
-5.24262
-5.23201
-5.22309
-5.21645
-5.21343
-5.21293
-5.21589
-5.22008
-5.22447
-5.22777
-5.22997
-5.22917
-5.2277
-5.2268
-5.22457
-5.22075
-5.21718
-5.21546
-5.21628
-5.22302
-5.2338
-5.24783
-5.2616
-5.27604
-5.28561
-5.29214
-5.29363
-5.28995
-5.28013
-5.26469
-5.24661
-5.22684
-5.20847
-5.19447
-5.18413
-5.18046
-5.18046
-5.185
-5.18895
-5.19259
-5.19841
-5.20745
-5.21905
-5.2313
-5.24299
-5.25273
-5.26158
-5.2701
-5.27998
-5.29013
-5.30106
-5.30984
-5.31611
-5.31879
-5.31744
-5.31182
-5.30133
-5.28963
-5.2787
-5.2685
-5.25981
-5.25293
-5.249
-5.24852
-5.2519
-5.25752
-5.26711
-5.27864
-5.29087
-5.30242
-5.31006
-5.31362
-5.31372
-5.31048
-5.30423
-5.29459
-5.28199
-5.26977
-5.25855
-5.24963
-5.24236
-5.23376
-5.22409
-5.21541
-5.20838
-5.20532
-5.20836
-5.21869
-5.23482
-5.25408
-5.2734
-5.28949
-5.30054
-5.3038
-5.29963
-5.28794
-5.27188
-5.25205
-5.23359
-5.21687
-5.20281
-5.196
-5.1971
-5.20839
-5.2265
-5.2485
-5.27271
-5.29228
-5.30599
-5.31177
-5.31041
-5.30038
-5.28593
-5.26853
-5.25193
-5.23674
-5.22507
-5.21746
-5.21241
-5.21114
-5.21215
-5.21294
-5.2125
-5.21131
-5.20845
-5.20522
-5.20147
-5.19857
-5.19684
-5.19606
-5.19608
-5.19489
-5.19105
-5.18736
-5.18281
-5.17815
-5.17571
-5.17415
-5.17772
-5.1847
-5.19744
-5.21311
-5.23129
-5.25138
-5.27049
-5.28626
-5.29755
-5.30192
-5.29951
-5.29307
-5.28396
-5.27596
-5.26935
-5.26752
-5.26978
-5.27758
-5.28663
-5.2986
-5.30872
-5.3162
-5.32104
-5.32077
-5.31649
-5.30529
-5.29116
-5.27714
-5.26643
-5.26238
-5.26481
-5.27214
-5.28179
-5.29116
-5.29726
-5.30008
-5.29978
-5.29695
-5.29202
-5.28851
-5.28512
-5.28355
-5.2839
-5.28678
-5.29393
-5.30207
-5.31008
-5.31738
-5.32029
-5.31889
-5.31133
-5.29667
-5.2762
-5.25043
-5.21982
-5.18805
-5.15729
-5.13309
-5.11624
-5.11005
-5.11628
-5.13488
-5.16167
-5.19377
-5.22644
-5.25607
-5.27993
-5.29689
-5.30606
-5.30833
-5.30554
-5.29723
-5.28635
-5.27461
-5.26333
-5.25255
-5.24446
-5.23739
-5.23518
-5.23828
-5.24469
-5.25359
-5.26282
-5.27123
-5.27697
-5.28267
-5.28946
-5.29693
-5.30549
-5.31369
-5.32008
-5.32369
-5.32548
-5.32442
-5.32219
-5.31863
-5.31579
-5.31218
-5.3096
-5.30659
-5.30703
-5.30857
-5.31281
-5.31803
-5.32227
-5.32531
-5.32628
-5.32195
-5.31449
-5.30214
-5.28555
-5.26744
-5.25025
-5.23616
-5.22566
-5.21966
-5.21773
-5.21796
-5.22005
-5.22487
-5.2308
-5.23679
-5.24153
-5.24624
-5.24696
-5.24589
-5.23972
-5.22917
-5.21655
-5.20217
-5.1892
-5.17711
-5.16988
-5.16519
-5.16356
-5.16144
-5.15731
-5.15188
-5.1456
-5.14158
-5.14341
-5.15137
-5.16422
-5.18089
-5.19544
-5.20503
-5.2063
-5.20051
-5.1861
-5.16501
-5.13966
-5.11368
-5.09142
-5.07768
-5.072
-5.07637
-5.08933
-5.10818
-5.13109
-5.15575
-5.17802
-5.20029
-5.21976
-5.23794
-5.25371
-5.26683
-5.27742
-5.28353
-5.28698
-5.28633
-5.28438
-5.27885
-5.27009
-5.25868
-5.24386
-5.22672
-5.20662
-5.18475
-5.16467
-5.15097
-5.147
-5.15258
-5.16631
-5.18431
-5.20273
-5.22182
-5.2382
-5.2514
-5.26131
-5.26875
-5.2731
-5.27361
-5.27192
-5.26857
-5.26285
-5.25389
-5.24335
-5.22947
-5.21317
-5.1929
-5.16908
-5.14176
-5.11259
-5.08715
-5.06915
-5.06
-5.06312
-5.07625
-5.09692
-5.12392
-5.1549
-5.185
-5.21302
-5.23531
-5.25391
-5.26886
-5.27973
-5.28859
-5.29478
-5.29911
-5.30268
-5.30332
-5.30245
-5.30122
-5.2997
-5.298
-5.29669
-5.2925
-5.2868
-5.27579
-5.25986
-5.23985
-5.21755
-5.19822
-5.18825
-5.19035
-5.20362
-5.22485
-5.24995
-5.27223
-5.28962
-5.30046
-5.30288
-5.29939
-5.29003
-5.27754
-5.26562
-5.25722
-5.25401
-5.25586
-5.26026
-5.2662
-5.27048
-5.27037
-5.26581
-5.25433
-5.2391
-5.21944
-5.19835
-5.1793
-5.16171
-5.14928
-5.14436
-5.14809
-5.16043
-5.18015
-5.20388
-5.22934
-5.25373
-5.27444
-5.28706
-5.29349
-5.29361
-5.29034
-5.28373
-5.27999
-5.28113
-5.28529
-5.29125
-5.29671
-5.29838
-5.29335
-5.28008
-5.25884
-5.23114
-5.20027
-5.17106
-5.14878
-5.13693
-5.13343
-5.13672
-5.14406
-5.15245
-5.162
-5.17089
-5.17858
-5.18708
-5.19538
-5.20424
-5.21274
-5.22232
-5.23149
-5.23931
-5.2456
-5.2495
-5.25128
-5.25151
-5.24982
-5.2473
-5.24333
-5.23946
-5.23559
-5.23312
-5.23069
-5.22865
-5.22727
-5.22634
-5.22753
-5.22965
-5.23394
-5.24096
-5.2503
-5.25928
-5.2688
-5.28011
-5.29062
-5.30082
-5.30855
-5.3153
-5.31672
-5.3161
-5.31213
-5.30382
-5.29302
-5.27567
-5.25575
-5.23101
-5.2054
-5.18265
-5.16339
-5.15176
-5.14761
-5.14933
-5.15517
-5.16547
-5.17856
-5.19434
-5.21206
-5.22886
-5.24616
-5.26275
-5.27815
-5.29276
-5.30507
-5.31643
-5.32544
-5.33043
-5.32814
-5.32031
-5.30548
-5.28656
-5.26625
-5.24803
-5.23306
-5.22361
-5.22077
-5.22158
-5.22385
-5.22538
-5.22398
-5.22112
-5.2138
-5.20455
-5.19503
-5.18885
-5.18512
-5.18719
-5.19502
-5.20881
-5.22561
-5.23842
-5.24534
-5.24316
-5.23345
-5.2174
-5.19769
-5.17755
-5.15974
-5.14623
-5.1387
-5.13519
-5.13512
-5.13792
-5.14424
-5.15339
-5.16731
-5.1855
-5.206
-5.22653
-5.24622
-5.2602
-5.26564
-5.26213
-5.24604
-5.22006
-5.18818
-5.15359
-5.12185
-5.0958
-5.0791
-5.07487
-5.08521
-5.10421
-5.12833
-5.15108
-5.1688
-5.17979
-5.18534
-5.18486
-5.18287
-5.18223
-5.18261
-5.18472
-5.18754
-5.18805
-5.18941
-5.18877
-5.18809
-5.1875
-5.18704
-5.1854
-5.18363
-5.18088
-5.18089
-5.1826
-5.18776
-5.1927
-5.19844
-5.20104
-5.19941
-5.19288
-5.18019
-5.16403
-5.14707
-5.13192
-5.1213
-5.116
-5.11768
-5.12637
-5.13978
-5.15653
-5.17756
-5.20238
-5.22697
-5.25284
-5.27728
-5.29837
-5.31384
-5.32213
-5.32182
-5.31198
-5.29422
-5.26857
-5.23835
-5.20904
-5.18219
-5.15938
-5.14181
-5.1312
-5.1257
-5.12612
-5.13216
-5.14374
-5.15855
-5.17549
-5.19295
-5.21017
-5.22558
-5.2383
-5.24955
-5.26062
-5.26979
-5.27791
-5.28367
-5.28552
-5.28345
-5.27758
-5.26647
-5.25321
-5.23776
-5.22233
-5.20872
-5.19578
-5.18671
-5.17978
-5.1759
-5.17477
-5.1746
-5.17497
-5.17554
-5.17637
-5.17884
-5.18257
-5.18844
-5.19648
-5.20652
-5.2164
-5.22435
-5.23034
-5.23153
-5.22921
-5.22362
-5.2152
-5.20675
-5.19945
-5.19445
-5.19546
-5.2013
-5.21355
-5.22964
-5.24599
-5.26137
-5.27164
-5.27717
-5.27956
-5.27826
-5.27305
-5.26586
-5.25739
-5.24899
-5.24129
-5.23635
-5.23459
-5.23502
-5.23849
-5.24182
-5.24289
-5.24018
-5.23394
-5.22261
-5.20854
-5.18933
-5.17171
-5.15524
-5.14202
-5.13696
-5.14069
-5.15192
-5.16956
-5.19248
-5.21716
-5.24205
-5.26674
-5.28665
-5.29993
-5.30567
-5.30561
-5.29967
-5.28888
-5.27578
-5.26209
-5.24839
-5.23756
-5.23007
-5.22571
-5.22604
-5.22969
-5.23696
-5.2491
-5.26306
-5.27681
-5.2865
-5.29407
-5.29616
-5.29268
-5.28612
-5.27806
-5.27058
-5.26628
-5.26529
-5.26997
-5.27792
-5.28931
-5.3022
-5.31307
-5.31887
-5.32041
-5.31558
-5.30343
-5.28616
-5.2651
-5.24149
-5.22052
-5.20369
-5.19099
-5.18508
-5.18702
-5.19408
-5.20199
-5.20751
-5.20886
-5.20556
-5.1991
-5.18788
-5.17745
-5.1668
-5.15988
-5.15602
-5.15718
-5.1607
-5.16632
-5.17542
-5.18635
-5.19945
-5.21513
-5.2298
-5.2454
-5.26111
-5.27301
-5.28195
-5.28759
-5.29084
-5.294
-5.29615
-5.29509
-5.29382
-5.29068
-5.28748
-5.28023
-5.27057
-5.25677
-5.2399
-5.22297
-5.20601
-5.19185
-5.1837
-5.18445
-5.19332
-5.20872
-5.22679
-5.24323
-5.25687
-5.2656
-5.26865
-5.26655
-5.25866
-5.24532
-5.22859
-5.20957
-5.19123
-5.1745
-5.15965
-5.15089
-5.14601
-5.14566
-5.1482
-5.15129
-5.15728
-5.16594
-5.17791
-5.194
-5.21564
-5.24026
-5.26594
-5.28819
-5.30366
-5.31153
-5.31044
-5.30108
-5.28583
-5.26717
-5.24961
-5.23595
-5.22617
-5.22148
-5.21941
-5.21881
-5.21838
-5.21689
-5.21497
-5.21361
-5.20828
-5.20344
-5.19894
-5.19689
-5.19912
-5.20752
-5.21951
-5.23602
-5.25233
-5.26465
-5.27029
-5.267
-5.25675
-5.24429
-5.23691
-5.23666
-5.24401
-5.25464
-5.26296
-5.26871
-5.2692
-5.26147
-5.24625
-5.22403
-5.19758
-5.17367
-5.15764
-5.15283
-5.15973
-5.17759
-5.19967
-5.22327
-5.24454
-5.26287
-5.27696
-5.28565
-5.28749
-5.28607
-5.281
-5.27118
-5.25769
-5.24181
-5.2251
-5.20881
-5.19522
-5.18362
-5.17509
-5.16942
-5.16638
-5.16549
-5.16708
-5.17046
-5.17255
-5.17391
-5.17289
-5.16914
-5.15973
-5.1458
-5.12819
-5.10936
-5.09332
-5.08307
-5.0793
-5.08168
-5.08849
-5.09753
-5.10628
-5.11362
-5.12134
-5.12887
-5.13656
-5.14619
-5.15651
-5.16736
-5.17692
-5.18494
-5.19045
-5.19244
-5.19073
-5.18694
-5.17858
-5.16748
-5.15566
-5.14477
-5.13588
-5.13232
-5.13451
-5.14218
-5.15258
-5.16585
-5.18007
-5.19447
-5.20604
-5.2136
-5.2169
-5.21743
-5.21531
-5.21238
-5.20856
-5.20634
-5.205
-5.20521
-5.20818
-5.21258
-5.2168
-5.21999
-5.2209
-5.22005
-5.21971
-5.22009
-5.22151
-5.22358
-5.22372
-5.22089
-5.21299
-5.20021
-5.18402
-5.16684
-5.15224
-5.14205
-5.13672
-5.13804
-5.14286
-5.15164
-5.16128
-5.17238
-5.18172
-5.18788
-5.18975
-5.18691
-5.18047
-5.17215
-5.16171
-5.15528
-5.15317
-5.15625
-5.16417
-5.17517
-5.18846
-5.204
-5.21964
-5.23491
-5.25046
-5.26454
-5.27717
-5.28752
-5.29568
-5.29819
-5.29517
-5.28653
-5.27193
-5.2559
-5.24335
-5.23721
-5.23997
-5.2498
-5.26176
-5.27335
-5.28501
-5.29524
-5.30614
-5.31631
-5.32744
-5.3373
-5.3452
-5.34761
-5.34298
-5.33199
-5.31732
-5.30051
-5.28814
-5.28177
-5.28256
-5.28685
-5.28903
-5.28889
-5.28374
-5.27442
-5.26138
-5.24706
-5.23276
-5.22014
-5.20626
-5.19361
-5.18334
-5.17433
-5.17083
-5.17147
-5.177
-5.18662
-5.19633
-5.20655
-5.21528
-5.22062
-5.22519
-5.22843
-5.23346
-5.23998
-5.24663
-5.25386
-5.26243
-5.27254
-5.28341
-5.29257
-5.29992
-5.30458
-5.30617
-5.30372
-5.29905
-5.29372
-5.28789
-5.28131
-5.2742
-5.26511
-5.25262
-5.23801
-5.22167
-5.20576
-5.19272
-5.18519
-5.18513
-5.1932
-5.20782
-5.22424
-5.24104
-5.2546
-5.2656
-5.27333
-5.27785
-5.27904
-5.27681
-5.26952
-5.25915
-5.24494
-5.2279
-5.2109
-5.19665
-5.18804
-5.18653
-5.19309
-5.20842
-5.23155
-5.25849
-5.28507
-5.3081
-5.32226
-5.32733
-5.32328
-5.31124
-5.29252
-5.2711
-5.24925
-5.23035
-5.21704
-5.20741
-5.20228
-5.19885
-5.19634
-5.193
-5.18778
-5.18482
-5.18477
-5.18653
-5.19009
-5.19485
-5.19786
-5.19971
-5.20035
-5.2017
-5.20471
-5.21057
-5.21791
-5.22769
-5.23792
-5.24866
-5.25755
-5.26114
-5.25841
-5.24997
-5.23563
-5.21611
-5.19639
-5.1767
-5.15967
-5.1464
-5.13651
-5.13355
-5.13612
-5.1428
-5.15134
-5.15861
-5.16334
-5.16611
-5.16666
-5.16782
-5.17312
-5.18381
-5.19893
-5.21932
-5.23829
-5.25245
-5.26007
-5.26015
-5.25121
-5.23611
-5.21645
-5.19573
-5.17773
-5.16459
-5.15655
-5.15493
-5.15663
-5.16346
-5.17271
-5.18464
-5.19703
-5.20697
-5.21646
-5.22167
-5.2241
-5.22247
-5.21735
-5.21085
-5.20256
-5.19575
-5.1916
-5.19022
-5.19282
-5.19852
-5.20608
-5.21594
-5.22604
-5.23699
-5.24981
-5.26586
-5.28545
-5.30687
-5.32843
-5.34828
-5.36361
-5.37102
-5.37111
-5.36414
-5.35045
-5.33078
-5.3067
-5.27768
-5.24512
-5.21272
-5.18265
-5.157
-5.13875
-5.13032
-5.12922
-5.13373
-5.14317
-5.15478
-5.16265
-5.16986
-5.17649
-5.18072
-5.18559
-5.19171
-5.19822
-5.20398
-5.20732
-5.20692
-5.20456
-5.19874
-5.19117
-5.18489
-5.18103
-5.18006
-5.18304
-5.19039
-5.20029
-5.21284
-5.22731
-5.24299
-5.2591
-5.27139
-5.27913
-5.28197
-5.27944
-5.27425
-5.26687
-5.26063
-5.25391
-5.24918
-5.24526
-5.2425
-5.24143
-5.2406
-5.23821
-5.23311
-5.22446
-5.21204
-5.19781
-5.18294
-5.17494
-5.17703
-5.18935
-5.2101
-5.2329
-5.25229
-5.2682
-5.27833
-5.28359
-5.28012
-5.27148
-5.25313
-5.23103
-5.20518
-5.17697
-5.15059
-5.12955
-5.1165
-5.11173
-5.11269
-5.11899
-5.12703
-5.13729
-5.14855
-5.16007
-5.17169
-5.18231
-5.18981
-5.19645
-5.20065
-5.20358
-5.20324
-5.20171
-5.19962
-5.19934
-5.20159
-5.20902
-5.21828
-5.23084
-5.24167
-5.24997
-5.25459
-5.25288
-5.24693
-5.23699
-5.22519
-5.2136
-5.20204
-5.19218
-5.183
-5.17683
-5.17061
-5.16554
-5.15767
-5.14813
-5.13469
-5.12034
-5.10533
-5.09059
-5.07874
-5.07103
-5.07033
-5.07653
-5.08839
-5.10349
-5.11864
-5.13152
-5.14008
-5.14116
-5.13583
-5.12563
-5.1103
-5.09808
-5.08735
-5.08375
-5.08739
-5.0972
-5.1098
-5.1218
-5.13319
-5.14265
-5.14854
-5.1518
-5.15443
-5.15222
-5.14885
-5.14378
-5.13786
-5.13398
-5.13527
-5.14093
-5.15302
-5.17166
-5.19245
-5.21416
-5.23442
-5.25073
-5.26285
-5.27064
-5.27417
-5.27174
-5.26582
-5.25692
-5.2445
-5.2293
-5.2116
-5.19145
-5.16861
-5.14609
-5.1251
-5.11022
-5.10198
-5.09966
-5.10591
-5.11794
-5.13429
-5.15197
-5.17108
-5.18626
-5.19719
-5.2023
-5.19945
-5.19178
-5.18177
-5.17259
-5.17069
-5.17868
-5.19757
-5.227
-5.2638
-5.30283
-5.3402
-5.37308
-5.39681
-5.41232
-5.41942
-5.41922
-5.41395
-5.40549
-5.39514
-5.38369
-5.37354
-5.36341
-5.35299
-5.34427
-5.33639
-5.32987
-5.32446
-5.31663
-5.30749
-5.29529
-5.28069
-5.26228
-5.24303
-5.22425
-5.21111
-5.20084
-5.19774
-5.20207
-5.2101
-5.22228
-5.23679
-5.25359
-5.27216
-5.2926
-5.31348
-5.33277
-5.35039
-5.36446
-5.37393
-5.37802
-5.37664
-5.37211
-5.36107
-5.34573
-5.32678
-5.30321
-5.27595
-5.24992
-5.22294
-5.19925
-5.18045
-5.16811
-5.16145
-5.16239
-5.172
-5.18494
-5.20072
-5.21753
-5.23214
-5.24352
-5.25046
-5.25183
-5.24689
-5.23631
-5.219
-5.19828
-5.18027
-5.16579
-5.15799
-5.16092
-5.17147
-5.19031
-5.21379
-5.24038
-5.26639
-5.28853
-5.30745
-5.32233
-5.33251
-5.33657
-5.33644
-5.33295
-5.32696
-5.31997
-5.31133
-5.30197
-5.29477
-5.28816
-5.283
-5.27942
-5.27694
-5.27665
-5.27303
-5.27074
-5.26825
-5.26668
-5.26512
-5.26367
-5.26175
-5.25765
-5.25021
-5.23787
-5.22453
-5.20676
-5.18814
-5.16823
-5.15052
-5.13481
-5.12251
-5.11669
-5.1177
-5.12715
-5.14648
-5.17276
-5.20071
-5.23087
-5.25738
-5.28119
-5.29724
-5.30853
-5.31461
-5.31493
-5.30924
-5.29846
-5.28459
-5.26893
-5.25221
-5.23817
-5.22842
-5.22258
-5.21936
-5.21801
-5.2185
-5.22215
-5.22706
-5.23405
-5.24509
-5.25609
-5.26843
-5.27756
-5.28135
-5.27852
-5.26906
-5.25295
-5.23222
-5.2102
-5.18814
-5.16807
-5.15293
-5.14329
-5.13989
-5.14043
-5.14243
-5.14496
-5.14984
-5.15442
-5.16098
-5.16952
-5.18091
-5.19554
-5.21064
-5.22491
-5.23724
-5.24224
-5.23924
-5.22619
-5.20555
-5.18129
-5.15878
-5.14541
-5.14718
-5.16323
-5.19159
-5.22649
-5.26262
-5.29631
-5.32213
-5.34024
-5.35182
-5.35754
-5.35951
-5.35813
-5.35218
-5.34323
-5.33005
-5.30923
-5.28664
-5.26132
-5.23573
-5.21428
-5.19982
-5.1926
-5.19372
-5.20162
-5.21409
-5.22728
-5.23863
-5.249
-5.25832
-5.26687
-5.27406
-5.27814
-5.2798
-5.2775
-5.27265
-5.26731
-5.26644
-5.27186
-5.28411
-5.29953
-5.31387
-5.32588
-5.33409
-5.33818
-5.33962
-5.34161
-5.34505
-5.35069
-5.35279
-5.35264
-5.34624
-5.33508
-5.32231
-5.3101
-5.2982
-5.29102
-5.28604
-5.28474
-5.28401
-5.28473
-5.28446
-5.2851
-5.28556
-5.28431
-5.28243
-5.27919
-5.27662
-5.27596
-5.27684
-5.28036
-5.2858
-5.29419
-5.3033
-5.31223
-5.31879
-5.32237
-5.32262
-5.31799
-5.3105
-5.29781
-5.28246
-5.26284
-5.24318
-5.22386
-5.20656
-5.19274
-5.18393
-5.17926
-5.17733
-5.17613
-5.17516
-5.17183
-5.16606
-5.15889
-5.15237
-5.14733
-5.14542
-5.1461
-5.14789
-5.15129
-5.15392
-5.15767
-5.15982
-5.16282
-5.1672
-5.17462
-5.18572
-5.20103
-5.21865
-5.23622
-5.25069
-5.26062
-5.26408
-5.26219
-5.25482
-5.24385
-5.23016
-5.21563
-5.20188
-5.19226
-5.18643
-5.18626
-5.19042
-5.19937
-5.2121
-5.22638
-5.24261
-5.25808
-5.27059
-5.27932
-5.28359
-5.28204
-5.27719
-5.26818
-5.25592
-5.24512
-5.23704
-5.2321
-5.23091
-5.23289
-5.23534
-5.23608
-5.23157
-5.22407
-5.21395
-5.20362
-5.19524
-5.1914
-5.19289
-5.19946
-5.21144
-5.22635
-5.24131
-5.2548
-5.26578
-5.27049
-5.27145
-5.26879
-5.2647
-5.26106
-5.25917
-5.25663
-5.251
-5.24395
-5.23413
-5.2216
-5.21016
-5.20152
-5.19803
-5.20293
-5.21486
-5.23443
-5.25679
-5.27868
-5.29654
-5.30804
-5.31021
-5.30298
-5.28627
-5.2642
-5.23718
-5.20937
-5.18478
-5.16648
-5.15511
-5.15099
-5.15363
-5.16081
-5.16824
-5.1773
-5.18504
-5.19243
-5.2025
-5.21088
-5.2201
-5.23199
-5.24547
-5.26004
-5.27301
-5.28453
-5.29405
-5.29913
-5.30016
-5.29768
-5.29127
-5.28212
-5.27092
-5.25749
-5.24366
-5.23071
-5.21912
-5.21253
-5.20941
-5.21135
-5.21761
-5.22635
-5.23797
-5.24872
-5.25733
-5.26335
-5.26558
-5.26302
-5.25606
-5.2443
-5.23067
-5.21716
-5.20753
-5.20447
-5.20881
-5.21977
-5.2358
-5.25195
-5.26562
-5.27227
-5.27229
-5.26409
-5.24868
-5.23059
-5.21243
-5.19645
-5.18545
-5.17829
-5.17812
-5.18228
-5.18889
-5.19666
-5.20251
-5.20725
-5.20714
-5.20395
-5.19636
-5.18694
-5.17922
-5.17474
-5.17644
-5.18596
-5.19918
-5.21332
-5.2264
-5.23709
-5.24414
-5.2487
-5.24886
-5.24754
-5.24471
-5.24232
-5.2412
-5.23922
-5.23586
-5.22968
-5.22206
-5.21367
-5.20666
-5.20201
-5.20318
-5.2093
-5.22189
-5.23699
-5.25252
-5.26864
-5.28248
-5.29416
-5.30295
-5.31051
-5.31587
-5.32066
-5.32463
-5.32848
-5.33142
-5.33128
-5.33149
-5.32925
-5.32565
-5.32246
-5.31812
-5.31365
-5.30754
-5.30037
-5.29079
-5.27711
-5.25999
-5.24017
-5.22048
-5.20246
-5.18908
-5.18215
-5.18428
-5.19309
-5.20505
-5.21823
-5.23037
-5.2395
-5.24578
-5.25005
-5.24799
-5.2434
-5.23507
-5.22517
-5.21364
-5.20183
-5.19196
-5.18357
-5.1746
-5.16561
-5.15235
-5.13742
-5.11976
-5.10251
-5.08589
-5.07384
-5.06487
-5.06057
-5.06175
-5.06826
-5.07964
-5.09196
-5.10586
-5.11956
-5.13204
-5.14227
-5.1504
-5.15744
-5.16148
-5.16556
-5.16739
-5.16897
-5.16847
-5.16583
-5.16098
-5.15539
-5.14516
-5.13279
-5.11931
-5.10779
-5.09789
-5.09318
-5.09657
-5.10488
-5.11729
-5.13262
-5.14624
-5.15833
-5.16854
-5.17589
-5.1813
-5.18573
-5.1904
-5.19702
-5.20346
-5.21195
-5.2204
-5.22804
-5.23757
-5.24705
-5.25456
-5.26131
-5.2661
-5.26849
-5.26783
-5.26566
-5.26157
-5.25501
-5.24602
-5.2377
-5.22757
-5.21773
-5.20919
-5.20053
-5.19061
-5.18109
-5.16911
-5.15664
-5.14667
-5.14199
-5.14241
-5.14914
-5.16035
-5.17533
-5.19093
-5.2046
-5.21516
-5.22205
-5.22549
-5.22681
-5.22928
-5.23278
-5.23856
-5.24388
-5.25018
-5.25822
-5.26762
-5.27871
-5.29239
-5.30534
-5.32092
-5.33689
-5.35099
-5.36185
-5.36626
-5.36479
-5.35764
-5.34396
-5.32501
-5.30309
-5.27925
-5.25605
-5.23451
-5.21513
-5.19936
-5.18445
-5.17226
-5.1615
-5.15351
-5.14778
-5.14627
-5.14803
-5.15449
-5.16408
-5.17737
-5.19162
-5.20644
-5.21953
-5.23032
-5.2377
-5.24229
-5.24251
-5.23871
-5.23096
-5.22153
-5.21187
-5.20063
-5.18877
-5.17747
-5.16745
-5.16016
-5.15388
-5.15097
-5.1524
-5.15655
-5.16461
-5.17484
-5.18911
-5.20493
-5.22014
-5.23374
-5.24276
-5.24619
-5.24525
-5.23989
-5.23094
-5.21842
-5.20558
-5.19305
-5.18185
-5.17399
-5.1669
-5.16235
-5.15947
-5.15637
-5.15288
-5.14903
-5.14577
-5.14509
-5.14663
-5.15121
-5.15914
-5.16518
-5.17076
-5.17598
-5.17854
-5.18007
-5.18079
-5.1823
-5.18417
-5.18819
-5.19324
-5.19847
-5.20494
-5.21129
-5.2187
-5.22733
-5.23632
-5.24528
-5.25582
-5.26403
-5.26805
-5.26865
-5.26313
-5.25371
-5.23954
-5.22276
-5.20667
-5.19347
-5.18288
-5.17799
-5.17836
-5.18236
-5.18962
-5.19937
-5.20913
-5.21957
-5.22853
-5.23645
-5.24174
-5.24473
-5.24419
-5.24228
-5.23519
-5.2266
-5.21562
-5.20444
-5.19467
-5.18666
-5.18164
-5.17856
-5.17793
-5.1794
-5.1829
-5.18735
-5.19224
-5.19641
-5.19713
-5.19436
-5.18973
-5.18426
-5.17918
-5.17694
-5.1778
-5.18151
-5.18681
-5.19344
-5.19742
-5.20064
-5.20282
-5.20564
-5.20741
-5.20841
-5.20803
-5.20513
-5.20048
-5.19414
-5.18659
-5.18263
-5.18191
-5.1835
-5.18931
-5.19615
-5.20473
-5.21356
-5.22224
-5.23074
-5.23643
-5.24059
-5.24118
-5.23775
-5.23207
-5.22436
-5.2168
-5.20951
-5.20397
-5.20091
-5.20206
-5.20767
-5.21641
-5.22886
-5.24157
-5.25368
-5.26396
-5.27025
-5.27295
-5.27146
-5.26627
-5.25727
-5.24798
-5.24001
-5.23514
-5.23255
-5.23177
-5.23579
-5.24271
-5.25127
-5.25969
-5.26705
-5.27283
-5.27759
-5.28041
-5.28291
-5.28341
-5.28566
-5.28656
-5.28758
-5.2885
-5.28877
-5.28665
-5.28195
-5.27379
-5.262
-5.24973
-5.23821
-5.22753
-5.22036
-5.21661
-5.21582
-5.2174
-5.21968
-5.22042
-5.21702
-5.20937
-5.195
-5.1764
-5.15589
-5.13569
-5.11807
-5.10827
-5.1074
-5.11332
-5.12608
-5.14177
-5.1586
-5.17508
-5.18825
-5.19762
-5.20339
-5.20438
-5.20116
-5.19595
-5.19031
-5.1864
-5.18666
-5.19008
-5.19904
-5.21222
-5.22846
-5.24724
-5.26647
-5.2842
-5.29654
-5.30341
-5.30405
-5.3012
-5.29847
-5.29702
-5.29661
-5.29712
-5.29892
-5.29678
-5.29216
-5.28435
-5.27672
-5.26838
-5.26289
-5.25963
-5.25737
-5.25485
-5.25257
-5.24567
-5.23602
-5.22182
-5.20509
-5.18615
-5.16714
-5.15026
-5.13713
-5.13091
-5.12969
-5.12874
-5.12914
-5.12811
-5.12809
-5.12856
-5.13442
-5.14224
-5.15167
-5.16068
-5.16827
-5.17532
-5.18118
-5.18582
-5.1907
-5.19472
-5.19752
-5.19992
-5.20225
-5.20482
-5.20916
-5.21802
-5.23049
-5.24839
-5.26718
-5.28426
-5.29597
-5.30045
