1.35814
1.47033
1.56719
1.635
1.66629
1.65859
1.61841
1.55381
1.47716
1.3969
1.31814
1.24853
1.18687
1.131
1.08182
1.03298
0.98815
0.946019
0.915716
0.898906
0.896074
0.907486
0.93641
0.978934
1.0325
1.09489
1.16037
1.22494
1.28017
1.32127
1.34799
1.35866
1.35567
1.34055
1.31626
1.28148
1.23899
1.19524
1.15402
1.1174
1.09075
1.07521
1.06792
1.06752
1.07613
1.08729
1.09769
1.09975
1.08661
1.05638
1.00785
0.9526
0.903637
0.871938
0.865475
0.884328
0.925844
0.977987
1.03021
1.06773
1.0854
1.08838
1.08282
1.08033
1.08328
1.08993
1.09335
1.09008
1.0745
1.04378
0.996712
0.937958
0.870392
0.799919
0.73023
0.666375
0.613942
0.580213
0.568124
0.579491
0.611954
0.66268
0.723212
0.789218
0.851496
0.907022
0.955666
0.996739
1.03418
1.07087
1.11298
1.15936
1.20912
1.2518
1.27843
1.28615
1.26722
1.22375
1.16211
1.08481
0.997926
0.90184
0.799797
0.693052
0.589986
0.493695
0.409104
0.339049
0.288828
0.262299
0.264869
0.299712
0.364997
0.456958
0.568462
0.691811
0.819587
0.940104
1.04577
1.12745
1.18375
1.21508
1.22546
1.21898
1.20366
1.18457
1.16805
1.15575
1.14717
1.14414
1.14194
1.14037
1.13677
1.13607
1.13962
1.1508
1.17405
1.20799
1.2518
1.30377
1.35885
1.41018
1.45568
1.49165
1.51571
1.52782
1.5288
1.51927
1.50245
1.47829
1.4448
1.40085
1.34443
1.27795
1.19982
1.11439
1.03171
0.953098
0.884483
0.829601
0.788376
0.761532
0.746274
0.7401
0.739675
0.739621
0.73604
0.729065
0.71857
0.704043
0.684384
0.662335
0.641571
0.626346
0.617104
0.616703
0.632289
0.661112
0.702617
0.75812
0.826128
0.904424
0.989323
1.07535
1.15143
1.21525
1.2591
1.27833
1.27107
1.23989
1.19246
1.13508
1.07715
1.02464
0.984207
0.962235
0.960504
0.978962
1.01894
1.07375
1.14648
1.23384
1.33059
1.43955
1.55498
1.66646
1.771
1.86142
1.93954
2
2.04078
2.05428
2.03014
1.96583
1.86233
1.7328
1.5911
1.45354
1.3287
1.22768
1.14813
1.09215
1.05363
1.03434
1.02793
1.0328
1.05077
1.07926
1.11496
1.15297
1.18554
1.20525
1.21109
1.20464
1.19408
1.18149
1.16577
1.14686
1.1169
1.07381
1.0171
0.945608
0.869314
0.795398
0.734986
0.693122
0.669731
0.666438
0.675
0.693089
0.713661
0.729219
0.735612
0.726743
0.70087
0.655889
0.60107
0.531957
0.457401
0.382027
0.315822
0.261048
0.228877
0.221253
0.242082
0.290672
0.366562
0.465704
0.577595
0.691053
0.801131
0.896555
0.977508
1.03344
1.06777
1.08182
1.07338
1.0477
1.00566
0.950454
0.892191
0.836312
0.787807
0.753266
0.736077
0.736839
0.751061
0.776633
0.805058
0.832031
0.850016
0.854714
0.844567
0.820911
0.788837
0.758069
0.736216
0.725987
0.732758
0.754349
0.790848
0.841323
0.900537
0.970043
1.03655
1.08802
1.11255
1.10467
1.0656
0.99572
0.904285
0.805346
0.713185
0.638717
0.59063
0.569911
0.577563
0.610844
0.668285
0.740688
0.818612
0.8944
0.956285
0.998546
1.01856
1.01796
1.00201
0.981208
0.961789
0.947857
0.946845
0.957783
0.976836
0.998905
1.01675
1.02407
1.01685
1.00018
0.974826
0.947549
0.918435
0.890917
0.86418
0.836164
0.796967
0.749937
0.695483
0.641555
0.59059
0.55939
0.545238
0.558631
0.600586
0.67189
0.769689
0.889703
1.02017
1.14506
1.24586
1.31249
1.33341
1.31101
1.25464
1.17626
1.08545
0.994259
0.908149
0.832056
0.765791
0.711991
0.676487
0.656209
0.645571
0.645735
0.649657
0.652659
0.649735
0.645676
0.636088
0.626484
0.619331
0.617049
0.626333
0.647225
0.680608
0.727837
0.785849
0.848484
0.911021
0.966353
1.00293
1.01691
1.00632
0.973663
0.926959
0.87589
0.834746
0.811251
0.810002
0.834678
0.878911
0.938695
1.00548
1.07438
1.13402
1.17693
1.20111
1.20558
1.19684
1.1798
1.16134
1.15093
1.14984
1.15582
1.16578
1.1758
1.18292
1.18335
1.17474
1.15706
1.1307
1.09802
1.05804
1.01343
0.967652
0.921833
0.885648
0.858504
0.840334
0.828096
0.819966
0.813808
0.815491
0.823386
0.842246
0.868959
0.901896
0.936248
0.971261
1.00539
1.03794
1.07219
1.10864
1.1492
1.19652
1.24772
1.30644
1.36676
1.43138
1.49329
1.55223
1.59992
1.63844
1.66678
1.68592
1.69488
1.69209
1.67842
1.65097
1.61103
1.56197
1.51021
1.45948
1.41659
1.38519
1.36899
1.37189
1.3943
1.43036
1.47761
1.52681
1.57263
1.60787
1.62966
1.63747
1.63612
1.63035
1.628
1.63244
1.64366
1.6619
1.67856
1.69122
1.69007
1.67713
1.64691
1.60447
1.55176
1.49098
1.41996
1.34458
1.26559
1.18821
1.11227
1.04083
0.973269
0.910994
0.854917
0.808305
0.770466
0.746217
0.736021
0.742227
0.761621
0.796986
0.842293
0.900571
0.965595
1.03967
1.11876
1.20233
1.27998
1.34797
1.40073
1.43428
1.45026
1.44339
1.41601
1.36778
1.30495
1.23508
1.16475
1.10444
1.05993
1.03613
1.03507
1.05476
1.09324
1.14666
1.2088
1.26997
1.32661
1.37315
1.40766
1.43367
1.44527
1.43865
1.41379
1.37358
1.3182
1.25126
1.17515
1.08959
0.995735
0.898098
0.804336
0.721696
0.664952
0.637964
0.644642
0.684003
0.748422
0.831064
0.921233
1.00916
1.08824
1.15056
1.19632
1.22412
1.23681
1.23757
1.23485
1.2314
1.23489
1.24775
1.27114
1.30685
1.34727
1.38898
1.42648
1.45567
1.47252
1.4691
1.44379
1.39777
1.33552
1.26555
1.19927
1.14113
1.09422
1.05615
1.02586
0.999229
0.973628
0.949756
0.930444
0.919836
0.923314
0.938552
0.971513
1.01669
1.07671
1.14553
1.21828
1.28608
1.34273
1.37776
1.38696
1.37053
1.33298
1.28144
1.22605
1.17304
1.13253
1.11264
1.11267
1.13301
1.17212
1.22724
1.29712
1.37862
1.46769
1.56426
1.65771
1.7478
1.82974
1.89992
1.9556
1.99172
2.00343
1.9927
1.95989
1.9052
1.83863
1.7612
1.6771
1.59031
1.50333
1.42307
1.34954
1.28459
1.22944
1.17873
1.13317
1.09055
1.05225
1.02118
0.997168
0.982133
0.978806
0.982224
0.995417
1.01489
1.03931
1.07161
1.10802
1.14941
1.19339
1.24177
1.28708
1.32586
1.35594
1.37524
1.38223
1.37794
1.36031
1.33715
1.31038
1.27901
1.24509
1.20948
1.17138
1.13035
1.08724
1.04319
1.00341
0.975254
0.959573
0.964202
0.989193
1.03494
1.08874
1.1393
1.17515
1.18277
1.16121
1.12049
1.07614
1.04053
1.02029
1.02448
1.05079
1.09385
1.14659
1.20149
1.24552
1.27384
1.28307
1.27063
1.24086
1.19635
1.13997
1.07783
1.01009
0.937675
0.861266
0.785798
0.71997
0.669893
0.63923
0.635889
0.655226
0.702306
0.77119
0.855808
0.95374
1.05669
1.16084
1.25464
1.33217
1.3832
1.40929
1.4023
1.36315
1.29838
1.21254
1.1195
1.02927
0.953502
0.897718
0.865352
0.856041
0.865857
0.891854
0.930421
0.979834
1.0379
1.10338
1.1752
1.24655
1.31019
1.36164
1.397
1.41475
1.4164
1.40808
1.39438
1.3758
1.35742
1.33654
1.31198
1.28688
1.26615
1.25626
1.26546
1.29417
1.34108
1.39957
1.46143
1.51618
1.56186
1.59414
1.61525
1.63004
1.64056
1.65166
1.66363
1.66977
1.66789
1.65676
1.62952
1.59022
1.53906
1.47932
1.41094
1.33732
1.26125
1.18426
1.10716
1.03134
0.963034
0.904352
0.85839
0.8291
0.818752
0.828918
0.858525
0.908867
0.969837
1.03525
1.09643
1.14023
1.15911
1.14715
1.10479
1.03824
0.962823
0.895749
0.848781
0.830083
0.838606
0.865959
0.900138
0.92925
0.942511
0.942611
0.934547
0.922451
0.916571
0.924259
0.949202
0.982042
1.01722
1.0454
1.05913
1.05869
1.04434
1.02242
0.993941
0.964076
0.939192
0.916446
0.898115
0.884951
0.882613
0.89208
0.914061
0.953721
1.00881
1.07492
1.14442
1.20635
1.24766
1.26098
1.24564
1.20819
1.15573
1.09936
1.05256
1.01756
0.995972
0.983879
0.971134
0.952898
0.923876
0.887713
0.848657
0.811341
0.779889
0.749261
0.720769
0.698374
0.684451
0.684133
0.698754
0.727023
0.765112
0.805711
0.840244
0.865548
0.874749
0.86941
0.856256
0.83561
0.815976
0.798188
0.786616
0.78382
0.791387
0.806412
0.831459
0.862442
0.895133
0.926231
0.951034
0.968604
0.975371
0.976217
0.970903
0.960346
0.948106
0.936471
0.930066
0.931207
0.944296
0.977023
1.03347
1.11223
1.21454
1.3296
1.43658
1.51484
1.53911
1.50546
1.42088
1.30153
1.16811
1.03654
0.912745
0.805298
0.722011
0.663362
0.638561
0.646303
0.686228
0.752162
0.842396
0.947091
1.05839
1.17136
1.27803
1.37067
1.44426
1.49631
1.52542
1.53232
1.52112
1.49743
1.46433
1.42944
1.39689
1.36263
1.32911
1.29333
1.25741
1.21926
1.18103
1.15081
1.1302
1.12031
1.12085
1.13555
1.15898
1.19025
1.22774
1.27102
1.31794
1.36957
1.42501
1.4792
1.5261
1.56003
1.58113
1.59134
1.59474
1.60132
1.60911
1.61807
1.62616
1.63085
1.6264
1.60723
1.57345
1.52778
1.47182
1.4162
1.36448
1.32076
1.28917
1.26554
1.25097
1.24303
1.23834
1.23942
1.24008
1.24126
1.23909
1.2365
1.23182
1.2257
1.21671
1.20266
1.17818
1.14362
1.09823
1.04825
1.00093
0.961403
0.935002
0.919806
0.916539
0.92736
0.949918
0.984764
1.03106
1.08459
1.14354
1.20139
1.25205
1.29154
1.31362
1.32274
1.31843
1.3085
1.29914
1.29071
1.2869
1.28807
1.29321
1.30181
1.30841
1.31284
1.3133
1.30979
1.30149
1.29257
1.28409
1.27574
1.27003
1.26968
1.26883
1.2685
1.26797
1.26174
1.24691
1.22523
1.20042
1.17859
1.16282
1.1591
1.16822
1.184
1.2042
1.21894
1.22357
1.21843
1.20455
1.18753
1.17543
1.17358
1.18506
1.21041
1.24821
1.29274
1.33954
1.37907
1.40865
1.42741
1.43379
1.42883
1.41766
1.3992
1.37947
1.35194
1.32002
1.27908
1.23046
1.17628
1.12341
1.07596
1.03742
1.01384
1.00363
1.00841
1.02487
1.05075
1.08688
1.13468
1.19527
1.26585
1.34483
1.42599
1.50319
1.57073
1.62251
1.65214
1.6593
1.64223
1.60007
1.53799
1.45795
1.36786
1.27049
1.17209
1.07961
0.997232
0.929304
0.880869
0.848889
0.834825
0.831456
0.829482
0.816699
0.792211
0.754848
0.714047
0.682201
0.663734
0.663224
0.680853
0.713858
0.756758
0.806847
0.853116
0.891726
0.913819
0.922363
0.917723
0.904152
0.890009
0.875439
0.864857
0.85495
0.846431
0.83595
0.822484
0.806887
0.781751
0.750045
0.709227
0.65931
0.603701
0.546496
0.491903
0.447778
0.418903
0.409275
0.421187
0.455455
0.518951
0.603219
0.707235
0.826872
0.956614
1.08275
1.19933
1.30383
1.38731
1.44519
1.47618
1.47868
1.45068
1.39356
1.31422
1.22369
1.12991
1.04904
0.987174
0.954756
0.951549
0.980929
1.03386
1.10394
1.18346
1.265
1.33827
1.40073
1.4466
1.46968
1.46389
1.43025
1.37099
1.29383
1.21023
1.13263
1.06902
1.02888
1.01278
1.02158
1.04831
1.08466
1.12362
1.15335
1.17095
1.17803
1.17678
1.16961
1.16084
1.14984
1.13739
1.11831
1.09385
1.06669
1.04352
1.02718
1.02398
1.03267
1.04733
1.05993
1.05958
1.03819
0.998344
0.94173
0.87783
0.814729
0.758786
0.714092
0.679805
0.655195
0.634993
0.616496
0.598704
0.577749
0.550537
0.516478
0.479326
0.441594
0.407902
0.383111
0.368783
0.365981
0.374368
0.388536
0.400178
0.404819
0.395804
0.375964
0.346137
0.314019
0.286412
0.271393
0.274693
0.299393
0.346277
0.413779
0.494658
0.586983
0.684307
0.778845
0.868857
0.950511
1.0183
1.0688
1.10326
1.11874
1.11307
1.08916
1.05294
1.00402
0.950942
0.895906
0.845755
0.803134
0.77619
0.766906
0.778181
0.80862
0.856171
0.909309
0.957522
0.994312
1.01629
1.02547
1.02591
1.02205
1.01984
1.01858
1.02032
1.0249
1.03095
1.0403
1.04914
1.05574
1.05534
1.04809
1.03422
1.01532
0.992638
0.97278
0.962637
0.964537
0.984743
1.02022
1.06825
1.12112
1.17909
1.23087
1.27684
1.31637
1.34946
1.37566
1.39194
1.39751
1.38846
1.36287
1.31991
1.26022
1.1864
1.10902
1.03202
0.958703
0.892165
0.832972
0.784758
0.742267
0.705034
0.670227
0.636982
0.606
0.575492
0.545502
0.52063
0.501956
0.494871
0.49573
0.510135
0.528758
0.551597
0.574926
0.596427
0.617616
0.635013
0.652238
0.665889
0.676303
0.683562
0.685367
0.682839
0.67753
0.673774
0.673114
0.678979
0.686957
0.697536
0.711894
0.728944
0.749972
0.774645
0.804672
0.834484
0.864956
0.89738
0.930888
0.962421
0.995114
1.02627
1.0561
1.08512
1.11121
1.13918
1.16834
1.19997
1.23113
1.2575
1.27426
1.2787
1.26496
1.23398
1.19325
1.14744
1.10464
1.07514
1.0609
1.06432
1.08183
1.1092
1.13816
1.16151
1.18084
1.19424
1.20246
1.209
1.21032
1.20386
1.19049
1.17217
1.15252
1.13245
1.1153
1.10344
1.09668
1.09396
1.08979
1.08952
1.09177
1.09853
1.11047
1.12778
1.15237
1.18414
1.22109
1.26093
1.29946
1.33059
1.35066
1.35497
1.34969
1.33485
1.31262
1.28841
1.25974
1.22917
1.19912
1.16982
1.1446
1.12429
1.11094
1.09969
1.09239
1.0849
1.07281
1.05631
1.02674
0.986941
0.939721
0.885798
0.832561
0.783738
0.741715
0.70583
0.669916
0.634081
0.59445
0.552749
0.513181
0.480436
0.45883
0.453231
0.460965
0.477927
0.50003
0.521563
0.538082
0.546837
0.54547
0.538793
0.536825
0.540776
0.558756
0.594349
0.646113
0.712765
0.79059
0.874275
0.954219
1.02389
1.0754
1.1047
1.11047
1.09563
1.06504
1.02813
0.99066
0.958281
0.935331
0.92383
0.922133
0.931184
0.951005
0.979594
1.01947
1.06953
1.12808
1.18876
1.24548
1.29091
1.31618
1.31662
1.28843
1.23205
1.15454
1.0612
0.962784
0.867832
0.782371
0.710729
0.658026
0.621609
0.606092
0.607934
0.626415
0.65975
0.701799
0.747916
0.793125
0.836779
0.869837
0.892004
0.906121
0.913366
0.916056
0.917973
0.923318
0.932635
0.945997
0.957496
0.965802
0.967855
0.959649
0.948407
0.935334
0.925677
0.931009
0.952481
0.993074
1.05113
1.122
1.19769
1.26686
1.3224
1.35146
1.3498
1.31843
1.26306
1.19398
1.12046
1.04916
0.986811
0.938139
0.904021
0.883978
0.87747
0.882395
0.890546
0.899357
0.901487
0.891774
0.864866
0.826654
0.779244
0.731463
0.694305
0.678399
0.687012
0.726725
0.788571
0.863279
0.939496
1.00352
1.04887
1.06819
1.0653
1.04252
1.01343
0.985422
0.969261
0.972832
0.999681
1.04695
1.10589
1.16599
1.21489
1.24489
1.25368
1.24493
1.23132
1.21945
1.21439
1.21831
1.22529
1.23017
1.22852
1.21564
1.18624
1.14033
1.07938
1.00421
0.921784
0.841369
0.76937
0.714856
0.684081
0.679173
0.70071
0.742746
0.795646
0.848732
0.887186
0.900682
0.886718
0.850457
0.801738
0.751898
0.70901
0.676243
0.65432
0.637169
0.621192
0.605723
0.592712
0.584481
0.587401
0.603045
0.63204
0.674239
0.722628
0.774646
0.823186
0.860574
0.884152
0.88606
0.868583
0.829458
0.776873
0.715046
0.65114
0.593291
0.546568
0.513963
0.498789
0.500822
0.520096
0.55204
0.594171
0.640186
0.68622
0.725725
0.75964
0.787047
0.808825
0.824576
0.835749
0.840518
0.841407
0.835506
0.82473
0.808734
0.78741
0.767744
0.753187
0.745613
0.749418
0.767579
0.797793
0.835076
0.876718
0.912523
0.93605
0.949362
0.953075
0.951322
0.952737
0.962693
0.990957
1.03961
1.11339
1.20602
1.31426
1.42229
1.51925
1.58877
1.62302
1.61392
1.56925
1.49457
1.40467
1.30536
1.20754
1.11816
1.04018
0.978671
0.936962
0.919253
0.925266
0.953008
1.00295
1.06514
1.13774
1.20937
1.27184
1.31849
1.3491
1.36327
1.36764
1.36142
1.35055
1.33851
1.32499
1.3036
1.27652
1.23733
1.18329
1.10818
1.02013
0.923187
0.826024
0.737291
0.667206
0.616708
0.586745
0.579338
0.592879
0.624935
0.672643
0.731328
0.79418
0.861038
0.922814
0.982759
1.03217
1.06849
1.09011
1.09697
1.08907
1.06888
1.03862
0.997375
0.944708
0.882137
0.814778
0.747943
0.685407
0.636654
0.60067
0.582615
0.578162
0.591817
0.614722
0.647456
0.68602
0.727843
0.768881
0.807521
0.843419
0.87374
0.900846
0.921595
0.940976
0.958012
0.97329
0.985126
0.996787
1.00492
1.01134
1.01914
1.02712
1.03934
1.0585
1.08269
1.11356
1.15123
1.19069
1.23001
1.27053
1.30275
1.3194
1.32
1.30372
1.27057
1.22374
1.17286
1.12761
1.09115
1.06636
1.05277
1.04963
1.05722
1.07317
1.09516
1.11943
1.14667
1.17449
1.20548
1.23439
1.2551
1.25969
1.24717
1.22565
1.19865
1.17538
1.16116
1.16196
1.17497
1.19872
1.22857
1.2587
1.28365
1.30187
1.3076
1.30312
1.2924
1.28406
1.27887
1.28023
1.29041
1.3067
1.32913
1.35675
1.38801
1.41948
1.44919
1.4664
1.46517
1.44313
1.40647
1.35914
1.31076
1.27704
1.25826
1.25713
1.2745
1.30254
1.3333
1.35903
1.37376
1.37937
1.37974
1.37286
1.36312
1.3523
1.33739
1.31511
1.27771
1.22261
1.15227
1.07139
0.989165
0.914094
0.854421
0.813397
0.788553
0.775589
0.769002
0.764916
0.755294
0.736479
0.70639
0.666671
0.621371
0.576128
0.535805
0.504881
0.482992
0.472502
0.471316
0.479109
0.498837
0.529937
0.571211
0.621218
0.676605
0.737222
0.798078
0.855286
0.909287
0.956815
0.996462
1.02633
1.04707
1.05723
1.05528
1.04284
1.02556
1.00257
0.976478
0.953078
0.935066
0.923598
0.918839
0.914534
0.910179
0.897952
0.875643
0.847822
0.814148
0.779618
0.751677
0.730988
0.723769
0.731488
0.752397
0.784641
0.822904
0.860863
0.894538
0.917574
0.93255
0.935598
0.93261
0.925506
0.916259
0.910148
0.909107
0.914168
0.926491
0.945934
0.970067
0.997395
1.02085
1.03701
1.04135
1.03159
1.01083
0.98761
0.958206
0.926489
0.897115
0.86414
0.832546
0.804338
0.777369
0.759404
0.750747
0.752451
0.767421
0.791205
0.823549
0.857111
0.888096
0.912513
0.9277
0.935779
0.942381
0.9534
0.972024
1.0087
1.05994
1.12131
1.18858
1.2508
1.29909
1.33104
1.34538
1.35132
1.35378
1.35417
1.35746
1.36249
1.36743
1.36839
1.36483
1.35238
1.32675
1.28741
1.23371
1.17317
1.11102
1.05453
1.00739
0.9716
0.945257
0.927348
0.914571
0.902811
0.8968
0.895746
0.907889
0.932383
0.972656
1.0207
1.06867
1.1061
1.12015
1.10331
1.05239
0.973647
0.886026
0.807106
0.752247
0.731381
0.751465
0.800759
0.868375
0.936301
0.987917
1.01835
1.02558
1.01675
0.998693
0.971182
0.937863
0.898332
0.858967
0.822026
0.788459
0.759552
0.734952
0.719067
0.712754
0.715557
0.730944
0.757466
0.795625
0.842834
0.900312
0.962184
1.02547
1.08408
1.127
1.13963
1.11797
1.06214
0.980036
0.88532
0.797576
0.729768
0.694188
0.692291
0.724128
0.782042
0.857233
0.940019
1.01643
1.07473
1.1123
1.1287
1.12535
1.10466
1.06995
1.03465
1.00441
0.988822
0.995286
1.02462
1.07469
1.13895
1.20581
1.2613
1.29763
1.30884
1.29974
1.27202
1.23503
1.19288
1.14966
1.10176
1.0483
0.987888
0.92307
0.853032
0.782636
0.722754
0.673913
0.640927
0.626299
0.631299
0.651907
0.686303
0.729066
0.772623
0.813985
0.850552
0.876434
0.892119
0.892509
0.880572
0.854548
0.816814
0.768111
0.713675
0.656713
0.604504
0.551556
0.501658
0.45113
0.403418
0.358701
0.319018
0.287286
0.263078
0.248221
0.240675
0.237674
0.236679
0.23975
0.246794
0.263443
0.288794
0.322896
0.364606
0.410444
0.461857
0.51534
0.570768
0.623223
0.669471
0.706311
0.734781
0.754188
0.771534
0.791421
0.821626
0.864784
0.922541
0.993441
1.07365
1.15709
1.23588
1.30665
1.36436
1.41096
1.4431
1.46593
1.48218
1.49547
1.50495
1.50952
1.50216
1.47953
1.43995
1.38477
1.31956
1.24555
1.16962
1.09366
1.02557
0.964529
0.916321
0.883197
0.863242
0.856065
0.861407
0.875584
0.896614
0.925174
0.96068
1.00034
1.0339
1.05923
1.07457
1.07929
1.07598
1.06761
1.05987
1.05494
1.052
1.04989
1.0501
1.04797
1.04321
1.03603
1.02704
1.01739
1.00956
1.00296
0.995025
0.988973
0.980453
0.967883
0.952148
0.936686
0.925015
0.924106
0.938933
0.970317
1.01425
1.06552
1.11717
1.16612
1.21201
1.25248
1.28959
1.32214
1.34646
1.36001
1.35616
1.33159
1.28611
1.22237
1.14527
1.05735
0.967378
0.874733
0.779349
0.685989
0.596635
0.521517
0.465771
0.434971
0.431178
0.4535
0.496804
0.552187
0.613642
0.669546
0.715678
0.745305
0.756716
0.750984
0.728906
0.698365
0.667903
0.639858
0.618059
0.601178
0.594365
0.595192
0.603709
0.61595
0.630768
0.64535
0.660685
0.67619
0.692507
0.712343
0.736511
0.770044
0.8157
0.877181
0.954174
1.03347
1.11351
1.18374
1.23479
1.25951
1.25875
1.23757
1.19755
1.14673
1.09248
1.03928
0.995971
0.969861
0.960331
0.969354
0.998637
1.0386
1.0896
1.14406
1.19813
1.25122
1.2977
1.33536
1.3606
1.37031
1.36345
1.33811
1.29887
1.25109
1.19813
1.14319
1.08974
1.04045
0.999181
0.963315
0.932894
0.910519
0.894257
0.88874
0.897331
0.925054
0.96512
1.01139
1.05226
1.07948
1.08855
1.0749
1.04492
1.00858
0.97004
0.932571
0.906754
0.897177
0.90279
0.918781
0.943816
0.968118
0.985781
0.994007
0.990347
0.975177
0.948538
0.913793
0.875623
0.844456
0.823314
0.819749
0.834692
0.863619
0.905124
0.94871
0.992261
1.02727
1.04791
1.0522
1.03612
1.00266
0.959821
0.911332
0.863888
0.822999
0.788335
0.759529
0.729222
0.703663
0.690052
0.694451
0.722289
0.78161
0.862362
0.96124
1.06153
1.14538
1.196
1.20718
1.17856
1.11769
1.03688
0.953949
0.875407
0.807563
0.758344
0.731507
0.726786
0.741849
0.77138
0.811725
0.858489
0.910675
0.965608
1.02807
1.09097
1.15203
1.21122
1.26401
1.30904
1.34612
1.37349
1.39424
1.4035
1.39736
1.37811
1.34194
1.29621
1.24356
1.19226
1.14491
1.10621
1.08079
1.06801
1.07197
1.08754
1.11571
1.14802
1.18397
1.22247
1.26145
1.30076
1.33788
1.36869
1.38737
1.39376
1.38711
1.36357
1.32398
1.27291
1.2112
1.14689
1.08528
1.02982
0.984768
0.95745
0.948429
0.956285
0.982856
1.02277
1.07297
1.12887
1.18557
1.23539
1.27363
1.29627
1.30457
1.2957
1.26829
1.22542
1.16917
1.10619
1.03856
0.970839
0.909964
0.857894
0.821105
0.797497
0.789916
0.79155
0.798486
0.806121
0.808737
0.798205
0.770637
0.730832
0.676853
0.61402
0.548498
0.483652
0.421033
0.362464
0.315001
0.281319
0.261819
0.260297
0.279521
0.323704
0.391764
0.477612
0.578882
0.684457
0.790287
0.884814
0.959126
1.00572
1.02516
1.02022
0.993721
0.951982
0.898442
0.838385
0.779974
0.730293
0.697968
0.687501
0.697428
0.727737
0.769843
0.818663
0.866544
0.904778
0.927856
0.929626
0.911123
0.877216
0.83655
0.797962
0.768259
0.7514
0.747869
0.753661
0.767856
0.782848
0.806186
0.8338
0.869315
0.915711
0.974753
1.04181
1.11111
1.17765
1.23135
1.27045
1.29158
1.29714
1.28874
1.26739
1.23761
1.19779
1.14798
1.09073
1.02869
0.965969
0.907743
0.853654
0.805902
0.767371
0.734123
0.70704
0.682574
0.659097
0.637658
0.612048
0.583574
0.549734
0.508104
0.462476
0.41975
0.385286
0.366639
0.369796
0.403653
0.4717
0.567206
0.680039
0.794124
0.89646
0.97968
1.04877
1.10729
1.1506
1.18286
1.20352
1.20966
1.20434
1.18966
1.16337
1.12719
1.08107
1.03187
0.986294
0.954279
0.935426
0.929058
0.931375
0.936516
0.935446
0.920197
0.888031
0.842009
0.787397
0.732996
0.682404
0.644839
0.618882
0.604212
0.59849
0.600292
0.609211
0.626466
0.652895
0.681817
0.712949
0.743436
0.774495
0.804821
0.835232
0.864677
0.891372
0.910537
0.925158
0.931008
0.928317
0.92073
0.91099
0.898381
0.888126
0.879131
0.870294
0.862559
0.853352
0.849943
0.845086
0.842057
0.836173
0.823558
0.802842
0.772737
0.73101
0.689214
0.65086
0.624199
0.61076
0.612594
0.621953
0.637713
0.65938
0.684684
0.715405
0.748967
0.78768
0.83206
0.881771
0.939995
1.00545
1.07916
1.15774
1.23098
1.29089
1.32531
1.3292
1.30742
1.2644
1.20941
1.14479
1.07381
0.999543
0.924819
0.853065
0.786892
0.728293
0.679514
0.638334
0.610532
0.596603
0.602152
0.625875
0.666844
0.72289
0.790361
0.86238
0.932785
1.00118
1.06029
1.10493
1.13575
1.15471
1.16775
1.1736
1.17579
1.17834
1.1866
1.19927
1.21583
1.23365
1.24567
1.25037
1.24415
1.22708
1.20698
1.18818
1.17072
1.16141
1.15989
1.16739
1.1809
1.20009
1.21755
1.22075
1.20295
1.16015
1.10342
1.04338
0.993879
0.964646
0.952913
0.955571
0.97147
0.990932
1.01413
1.03835
1.05889
1.07039
1.06953
1.05368
1.02075
0.972153
0.913531
0.853568
0.796348
0.744292
0.70154
0.670991
0.649495
0.641135
0.647238
0.668472
0.702321
0.746352
0.796536
0.844211
0.886312
0.92175
0.946586
0.955546
0.95169
0.935384
0.910346
0.879326
0.852337
0.830326
0.825779
0.841957
0.8854
0.953173
1.03637
1.12233
1.19809
1.24913
1.27177
1.26756
1.24418
1.21042
1.16994
1.12981
1.09513
1.06921
1.05289
1.05024
1.06024
1.07978
1.10416
1.13032
1.15377
1.16892
1.17542
1.17427
1.16081
1.13645
1.10236
1.06152
1.02156
0.991494
0.972991
0.967956
0.982401
1.01523
1.06797
1.13371
1.20914
1.28693
1.35632
1.41624
1.45747
1.48538
1.50237
1.50919
1.51162
1.50972
1.5022
1.48681
1.46198
1.42467
1.38092
1.32901
1.27289
1.2193
1.17249
1.1393
1.12059
1.11501
1.12147
1.13384
1.1482
1.15989
1.16579
1.16403
1.15673
1.14613
1.1342
1.12195
1.11142
1.10364
1.09497
1.08469
1.07212
1.05436
1.02994
0.998375
0.959948
0.914845
0.868548
0.82057
0.775966
0.73884
0.710749
0.690101
0.683939
0.689888
0.715473
0.755101
0.80405
0.848008
0.887055
0.928907
0.979781
1.04466
1.11605
1.18589
1.24976
1.29835
1.33145
1.3494
1.35326
1.34549
1.32687
1.30006
1.26998
1.23429
1.1968
1.16012
1.12511
1.0922
1.05902
1.02475
0.992201
0.957648
0.923074
0.886742
0.851161
0.817809
0.790377
0.768394
0.754366
0.745439
0.741343
0.737174
0.733462
0.724877
0.713328
0.703735
0.690967
0.684026
0.677914
0.675625
0.671669
0.663542
0.65117
0.630737
0.604892
0.579077
0.555067
0.533924
0.519651
0.511251
0.512918
0.526852
0.551445
0.59055
0.638691
0.69325
0.750233
0.804026
0.853871
0.89754
0.933228
0.958014
0.973357
0.978366
0.978264
0.976752
0.977299
0.980365
0.988511
0.9975
1.00519
1.01493
1.02711
1.03773
1.04173
1.03514
1.01102
0.973199
0.925873
0.878477
0.833138
0.801526
0.782908
0.782064
0.800149
0.838618
0.895315
0.96296
1.03642
1.10658
1.16462
1.20859
1.23265
1.24299
1.24083
1.23618
1.22837
1.21162
1.18308
1.14442
1.10076
1.05611
1.01365
0.971615
0.928417
0.880929
0.831242
0.779933
0.7339
0.69623
0.670979
0.660285
0.664695
0.683977
0.710142
0.737571
0.764261
0.787569
0.806039
0.816971
0.818673
0.809745
0.792602
0.765205
0.73242
0.698488
0.667971
0.648055
0.640354
0.644326
0.659516
0.68443
0.718169
0.758055
0.796669
0.831283
0.859215
0.88206
0.905632
0.929895
0.950469
0.963693
0.962492
0.940792
0.896158
0.833112
0.760366
0.688436
0.628114
0.586746
0.57156
0.58275
0.619141
0.672683
0.738413
0.803861
0.864134
0.913476
0.940363
0.94053
0.909368
0.854579
0.786319
0.714329
0.656281
0.619145
0.609016
0.625174
0.668504
0.729039
0.800186
0.871464
0.938056
0.993927
1.03691
1.06923
1.08962
1.10192
1.11192
1.12292
1.13511
1.14984
1.16421
1.17749
1.18698
1.19223
1.19419
1.19386
1.19529
1.20139
1.2078
1.21553
1.22219
1.22247
1.21676
1.19662
1.16352
1.11328
1.05104
0.979432
0.902618
0.829397
0.767817
0.723129
0.700759
0.699758
0.713133
0.734812
0.754691
0.76887
0.769754
0.757678
0.730826
0.697525
0.65745
0.621017
0.59257
0.574956
0.574016
0.588651
0.622414
0.666136
0.710422
0.744823
0.75949
0.753271
0.731249
0.702546
0.676104
0.659456
0.653413
0.657249
0.668932
0.68643
0.702593
0.71782
0.727868
0.731401
0.726981
0.712275
0.693934
0.676066
0.662477
0.661965
0.676959
0.712142
0.769617
0.846712
0.940734
1.04784
1.15796
1.26247
1.34676
1.40388
1.42414
1.40292
1.34188
1.25246
1.14612
1.03776
0.939642
0.860716
0.805254
0.775293
0.768544
0.780226
0.808639
0.846347
0.887795
0.928159
0.964885
0.992212
1.01088
1.01336
0.998466
0.970277
0.932397
0.891381
0.851853
0.817973
0.784642
0.748151
0.708087
0.665033
0.624018
0.589985
0.565726
0.54965
0.542635
0.541106
0.544512
0.548807
0.555463
0.560486
0.565067
0.562162
0.5552
0.542044
0.526664
0.514125
0.507187
0.509795
0.529169
0.562874
0.61336
0.677586
0.747941
0.816652
0.876744
0.92518
0.959701
0.981395
0.994223
0.999473
0.996427
0.988363
0.977949
0.968784
0.960765
0.96201
0.970481
0.992185
1.0259
1.06693
1.11277
1.15559
1.19313
1.21682
1.23008
1.23405
1.23777
1.24634
1.25897
1.27251
1.27798
1.26609
1.23527
1.18981
1.13652
1.0911
1.0636
1.06291
1.08818
1.14077
1.21449
1.30077
1.38774
1.46178
1.50895
1.52559
1.50715
1.45777
1.38585
1.29929
1.20644
1.11743
1.03091
0.952885
0.881858
0.820333
0.769347
0.729377
0.704021
0.690496
0.690845
0.700208
0.721771
0.754797
0.798357
0.853645
0.918446
0.992137
1.06929
1.13871
1.18689
1.20407
1.19001
1.15003
1.09513
1.03622
0.976922
0.925796
0.885881
0.858775
0.843692
0.841434
0.852608
0.873869
0.903688
0.942591
0.991664
1.04821
1.11534
1.192
1.28061
1.37939
1.4853
1.59058
1.67963
1.73991
1.7646
1.74658
1.69052
1.60382
1.49351
1.36923
1.2444
1.1257
1.02236
0.933125
0.858573
0.799011
0.750272
0.71249
0.683766
0.662023
0.650343
0.645757
0.645271
0.647458
0.651437
0.656638
0.669838
0.691107
0.728459
0.78182
0.847964
0.919228
0.979956
1.01229
1.007
0.965866
0.899402
0.822165
0.752469
0.699273
0.66846
0.664024
0.681085
0.71702
0.763354
0.809168
0.845034
0.865312
0.869832
0.86471
0.855314
0.851
0.859609
0.883265
0.926342
0.982754
1.05142
1.12437
1.1922
1.2516
1.29262
1.30825
1.29472
1.25192
1.18382
1.09975
1.00872
0.921095
0.846226
0.794831
0.765236
0.756525
0.760779
0.773449
0.780521
0.776391
0.764218
0.748654
0.737586
0.740874
0.766959
0.820503
0.900929
1.00275
1.1143
1.21923
1.30081
1.34882
1.36671
1.36043
1.33843
1.30885
1.27381
1.23775
1.2023
1.16459
1.12626
1.08623
1.04646
1.00561
0.967316
0.934296
0.907747
0.889527
0.879319
0.876005
0.879697
0.887922
0.900685
0.914349
0.927933
0.938263
0.947015
0.953364
0.956665
0.956614
0.949622
0.936688
0.915591
0.885925
0.849275
0.810895
0.770313
0.726716
0.685721
0.648311
0.619608
0.598423
0.592228
0.596026
0.612135
0.642594
0.68502
0.746163
0.818894
0.904586
0.992877
1.07255
1.13728
1.17681
1.19034
1.18172
1.15597
1.11478
1.06255
1.00109
0.933442
0.866201
0.799046
0.735405
0.677041
0.623925
0.579093
0.541623
0.515853
0.507014
0.522528
0.560358
0.621411
0.697362
0.778695
0.854281
0.91745
0.961732
0.985098
0.994469
0.99705
1.00021
1.01029
1.02618
1.05248
1.0838
1.11529
1.13828
1.15093
1.14508
1.12004
1.07784
1.02876
0.990878
0.973145
0.983883
1.02044
1.07794
1.14727
1.2178
1.27999
1.32701
1.35465
1.36649
1.36473
1.35102
1.32411
1.28451
1.22921
1.16049
1.08447
1.00889
0.940076
0.891105
0.871261
0.884253
0.936251
1.02035
1.12497
1.23809
1.34337
1.42907
1.48311
1.49631
1.46511
1.40382
1.32674
1.25312
1.19517
1.15844
1.14045
1.13948
1.14457
1.14773
1.14751
1.14277
1.13639
1.13456
1.13275
1.13488
1.13688
1.13814
1.1389
1.14176
1.14498
1.14903
1.14639
1.13748
1.11936
1.09961
1.07994
1.07054
1.07621
1.09937
1.14125
1.19495
1.25234
1.30463
1.34295
1.36243
1.35857
1.33136
1.28583
1.22611
1.15258
1.06786
0.980418
0.89052
0.805921
0.733516
0.680785
0.653444
0.655898
0.690185
0.752455
0.839467
0.940993
1.04238
1.13543
1.2133
1.27181
1.30756
1.32348
1.31842
1.29297
1.24799
1.18903
1.12097
1.04987
0.979891
0.915276
0.857935
0.8058
0.75679
0.714119
0.677559
0.650709
0.637616
0.639512
0.656612
0.690534
0.734484
0.785869
0.838505
0.8875
0.933274
0.969506
0.99767
1.0155
1.0237
1.02632
1.02553
1.02299
1.01889
1.01055
0.997809
0.978985
0.954587
0.926388
0.899948
0.880366
0.869696
0.873768
0.890762
0.919164
0.955867
0.99303
1.02502
1.04628
1.04804
1.03084
0.993058
0.941817
0.887249
0.835555
0.796423
0.770863
0.756654
0.754181
0.762929
0.778698
0.798889
0.819566
0.837619
0.847925
0.848916
0.842779
0.830159
0.818992
0.815497
0.824258
0.846014
0.883451
0.931949
0.993233
1.0532
1.10822
1.15028
1.1676
1.15705
1.12095
1.0634
0.989499
0.908334
0.82605
0.747308
0.683353
0.640221
0.620924
0.622618
0.644019
0.681166
0.727042
0.775517
0.822074
0.859013
0.883426
0.894913
0.891197
0.874709
0.845074
0.801175
0.750328
0.699794
0.660078
0.631384
0.620363
0.626484
0.643469
0.665637
0.686313
0.698495
0.69996
0.686077
0.661246
0.627438
0.591492
0.563589
0.552712
0.560252
0.590377
0.643635
0.714176
0.796583
0.88487
0.966183
1.03329
1.08194
1.1056
1.10316
1.08268
1.05629
1.03442
1.02366
1.02664
1.04088
1.06718
1.09383
1.11925
1.13453
1.13926
1.13
1.11132
1.08428
1.04708
1.00251
0.950176
0.890018
0.829289
0.767255
0.707922
0.659554
0.621662
0.59452
0.57587
0.561438
0.552482
0.552575
0.557125
0.569221
0.586759
0.617126
0.658544
0.713871
0.780407
0.851089
0.922487
0.985644
1.03058
1.04907
1.04203
1.01564
0.981977
0.953397
0.935545
0.933778
0.950108
0.983773
1.03521
1.10265
1.18069
1.26449
1.34554
1.41842
1.47946
1.52005
1.54343
1.54946
1.5421
1.52614
1.49806
1.45774
1.4031
1.3322
1.24349
1.14413
1.04257
0.952369
0.884424
0.843551
0.832915
0.850082
0.887961
0.937947
0.9876
1.02778
1.0557
1.06927
1.07432
1.0751
1.07535
1.07765
1.0811
1.08428
1.09459
1.10453
1.11265
1.11271
1.09856
1.06528
1.01771
0.957985
0.899197
0.853525
0.83018
0.834636
0.860918
0.894013
0.913686
0.91228
0.890922
0.861675
0.838585
0.826123
0.832006
0.8635
0.920093
0.998408
1.08779
1.16877
1.22428
1.24338
1.22424
1.17149
1.10207
1.02699
0.957929
0.899587
0.856187
0.83058
0.825565
0.835525
0.860886
0.902661
0.957788
1.02222
1.09105
1.15969
1.22216
1.27789
1.32417
1.36096
1.38864
1.40823
1.4199
1.42585
1.4327
1.44164
1.45753
1.48283
1.52333
1.5769
1.64
1.70457
1.75888
1.79338
1.80466
1.79399
1.76707
1.73086
1.69219
1.65439
1.61485
1.57379
1.52972
1.47959
1.42632
1.37228
1.3228
1.28031
1.24757
1.22667
1.21802
1.21889
1.23284
1.25584
1.28245
1.30664
1.323
1.32352
1.30648
1.27299
1.229
1.17651
1.12134
1.06767
1.02301
0.991081
0.972777
0.96506
0.966273
0.97185
0.980482
0.986889
0.991099
0.991312
0.985752
0.977742
0.971762
0.971039
0.978336
0.992002
1.00639
1.01936
1.03004
1.0406
1.05778
1.08578
1.1293
1.1874
1.25502
1.32398
1.38376
1.42755
1.45267
1.45653
1.44601
1.42298
1.39497
1.36347
1.33606
1.31753
1.31188
1.32096
1.34224
1.37014
1.40077
1.42011
1.42471
1.41213
1.38348
1.34308
1.29394
1.23786
1.1798
1.12182
1.06397
1.01006
0.961315
0.920772
0.89032
0.877334
0.882668
0.906118
0.945814
0.989793
1.02357
1.03632
1.02164
0.98512
0.940086
0.895223
0.851874
0.812202
0.771815
0.732289
0.691522
0.655079
0.627087
0.616195
0.626701
0.657137
0.699947
0.74695
0.781095
0.7957
0.789441
0.772975
0.761351
0.759412
0.773253
0.800997
0.840169
0.884898
0.931535
0.976411
1.02331
1.06724
1.10488
1.13626
1.15281
1.15545
1.14304
1.11846
1.09092
1.06275
1.03927
1.02427
1.01288
1.00458
0.992884
0.977432
0.960094
0.940145
0.916502
0.889303
0.860977
0.837228
0.82019
0.812829
0.816324
0.831539
0.853919
0.879151
0.905787
0.934227
0.965205
1.00241
1.04881
1.1018
1.15847
1.21167
1.25295
1.27399
1.26925
1.23797
1.18559
1.12444
1.0619
1.00776
0.963489
0.931339
0.91158
0.904731
0.911251
0.933833
0.96873
1.01546
1.06958
1.12268
1.16603
1.19058
1.1902
1.16112
1.10255
1.01951
0.924332
0.830882
0.751207
0.699213
0.678462
0.689774
0.7298
0.792903
0.86776
0.945071
1.01416
1.0672
1.10622
1.13146
1.15032
1.16677
1.1848
1.20536
1.2198
1.22539
1.22383
1.21682
1.20742
1.20149
1.19778
1.19498
1.18827
1.17449
1.15071
1.11888
1.07837
1.03444
0.99025
0.953455
0.933401
0.934543
0.956985
0.999966
1.05927
1.12299
1.18677
1.24313
1.28761
1.31842
1.3283
1.31958
1.29695
1.26808
1.24203
1.22324
1.21095
1.20374
1.1939
1.17238
1.13482
1.08285
1.0186
0.958751
0.915004
0.894574
0.900688
0.93484
0.989765
1.05896
1.13222
1.19879
1.2514
1.28721
1.30339
1.30541
1.29169
1.26834
1.23715
1.20426
1.17693
1.15429
1.14398
1.14419
1.15659
1.17888
1.20555
1.23453
1.25772
1.27062
1.27132
1.25735
1.23089
1.19543
1.1519
1.10456
1.05242
0.993207
0.924258
0.845827
0.763048
0.682363
0.610855
0.55668
0.528061
0.525652
0.549576
0.598798
0.670666
0.760401
0.86582
0.981099
1.09607
1.2026
1.29275
1.35792
1.39216
1.39994
1.38695
1.35892
1.32508
1.29854
1.2761
1.25749
1.24448
1.23105
1.21585
1.20087
1.18928
1.18543
1.19265
1.20822
1.23329
1.26252
1.288
1.30511
1.31126
1.30385
1.28191
1.24855
1.20442
1.15255
1.09709
1.04269
0.999025
0.969031
0.953762
0.953394
0.962322
0.978004
0.993074
1.00805
1.01759
1.02297
1.02389
1.02048
1.01655
1.01682
1.02495
1.04362
1.07325
1.10858
1.1427
1.15646
1.13867
1.08851
1.01442
0.93485
0.865475
0.810707
0.776651
0.763233
0.777499
0.814132
0.879813
0.963212
1.06085
1.16533
1.26372
1.34467
1.40036
1.42957
1.43772
1.42759
1.40709
1.37741
1.34225
1.30438
1.26541
1.22833
1.19757
1.17047
1.15026
1.13549
1.12912
1.12674
1.12525
1.1182
1.10207
1.07171
1.03376
0.98921
0.95027
0.922024
0.908737
0.915468
0.938255
0.974896
1.0197
1.06697
1.11501
1.15969
1.20196
1.23817
1.2741
1.30931
1.35158
1.39993
1.45766
1.51863
1.58026
1.63826
1.68528
1.71616
1.72392
1.70818
1.67281
1.6258
1.57756
1.53686
1.51086
1.50686
1.5235
1.55667
1.60291
1.6435
1.67506
1.68447
1.67061
1.63734
1.59394
1.54976
1.50773
1.4715
1.44436
1.42521
1.41108
1.40852
1.41095
1.41786
1.42569
1.42682
1.41292
1.38267
1.3324
1.26408
1.18857
1.11201
1.04171
0.984299
0.942048
0.916481
0.908047
0.919255
0.945212
0.983735
1.03455
1.09575
1.16657
1.24614
1.333
1.41891
1.49729
1.55604
1.59079
1.60137
1.58428
1.546
1.49144
1.42856
1.36119
1.30242
1.25697
1.23006
1.22539
1.23547
1.25138
1.26134
1.24791
1.20114
1.11685
0.997283
0.853191
0.700638
0.55389
0.424046
0.323108
0.251898
0.210824
0.196361
0.201866
0.220917
0.24862
0.281783
0.315443
0.350816
0.387615
0.42196
0.454847
0.485713
0.516023
0.552933
0.596207
0.649594
0.711929
0.783926
0.857882
0.927653
0.980751
1.01826
1.03167
1.02089
0.993439
0.950803
0.897989
0.836763
0.769373
0.697148
0.624454
0.557085
0.497795
0.45189
0.422831
0.412911
0.422768
0.448639
0.495313
0.558354
0.635475
0.726686
0.828408
0.93006
1.03182
1.12319
1.19796
1.25061
1.28063
1.28484
1.26311
1.22691
1.1809
1.13199
1.08901
1.05675
1.03978
1.04188
1.06529
1.10847
1.17075
1.24243
1.30793
1.35968
1.38734
1.38135
1.34648
1.28412
1.20438
1.11465
1.02557
0.946434
0.879197
0.827096
0.792057
0.776275
0.775823
0.788154
0.810487
0.838961
0.873151
0.910113
0.943759
0.975317
1.00259
1.02528
1.04475
1.06014
1.08087
1.09944
1.11756
1.13279
1.14656
1.15971
1.17485
1.19652
1.22798
1.27231
1.32287
1.3836
1.44638
1.50918
1.56383
1.60836
1.63823
1.6458
1.62773
1.57988
1.50084
1.39889
1.28798
1.17334
1.06956
0.978693
0.910687
0.86154
0.832142
0.823282
0.834786
0.863866
0.905047
0.953035
1.00306
1.04583
1.07659
1.09516
1.10421
1.10608
1.10167
1.08896
1.07054
1.04466
1.00875
0.971357
0.933848
0.907637
0.899652
0.913935
0.950562
1.00797
1.07999
1.15752
1.23421
1.3025
1.35416
1.38638
1.3982
1.39516
1.38383
1.36792
1.34581
1.32187
1.29189
1.25512
1.20997
1.15685
1.1027
1.05346
1.01534
1.0011
1.01455
1.05933
1.12853
1.20891
1.28152
1.32343
1.31728
1.26299
1.16832
1.05081
0.928567
0.815998
0.727496
0.665096
0.626472
0.608801
0.607057
0.619698
0.648644
0.691734
0.750944
0.830821
0.919905
1.01628
1.11146
1.19344
1.25326
1.28767
1.2945
1.27848
1.24711
1.21085
1.17696
1.14547
1.11658
1.08992
1.06731
1.05316
1.04785
1.05379
1.0664
1.0779
1.07539
1.05299
1.01053
0.957894
0.907309
0.865304
0.836477
0.820977
0.814134
0.807842
0.798848
0.786529
0.78296
0.789527
0.814551
0.854789
0.901828
0.947585
0.988411
1.01507
1.03133
1.03593
1.03539
1.0298
1.02415
1.01627
1.00856
1.00387
1.00062
0.999505
0.996296
0.98774
0.97326
0.950521
0.920959
0.884015
0.845085
0.808016
0.77892
0.761312
0.757698
0.771615
0.799967
0.845698
0.90317
0.972776
1.04505
1.11631
1.18073
1.23338
1.27024
1.29273
1.30458
1.31148
1.31692
1.32713
1.3429
1.36166
1.37794
1.38786
1.38698
1.3758
1.35771
1.33355
1.30864
1.28081
1.25433
1.22439
1.18861
1.14268
1.08488
1.01529
0.939875
0.86668
0.804841
0.759774
0.736015
0.7318
0.746227
0.774408
0.812429
0.85413
0.893281
0.920991
0.935125
0.931663
0.913325
0.881034
0.838347
0.790562
0.73909
0.690915
0.652598
0.628028
0.619737
0.629915
0.653348
0.689287
0.733451
0.775103
0.809037
0.83218
0.842742
0.842954
0.840126
0.841322
0.854865
0.87786
0.908004
0.937999
0.960303
0.967582
0.957079
0.929583
0.886379
0.834259
0.781368
0.733956
0.697231
0.679393
0.676554
0.686596
0.702965
0.720132
0.735134
0.752784
0.778832
0.812014
0.854519
0.904577
0.952893
0.992461
1.01494
1.0117
0.984054
0.933352
0.872254
0.812021
0.764178
0.737099
0.738547
0.769758
0.829994
0.909728
1.00358
1.09899
1.18355
1.24749
1.28719
1.30209
1.29508
1.27286
1.24553
1.21351
1.18301
1.15297
1.11816
1.08468
1.04767
1.00383
0.955467
0.904759
0.858043
0.817181
0.784896
0.766283
0.761183
0.76857
0.788346
0.817563
0.853729
0.895476
0.937915
0.976767
1.009
1.02681
1.03135
1.01978
0.994247
0.959606
0.917725
0.877375
0.843295
0.81884
0.808105
0.813785
0.834947
0.87018
0.91145
0.95143
0.979868
0.988984
0.97566
0.941981
0.89429
0.846654
0.81004
0.797144
0.81005
0.850698
0.914145
0.988172
1.06314
1.13044
1.18175
1.21665
1.22984
1.22719
1.21465
1.19751
1.18361
1.17403
1.17635
1.18854
1.21198
1.23986
1.26199
1.27103
1.25918
1.22417
1.17587
1.12345
1.07434
1.03361
1.0049
0.986776
0.981852
0.98412
0.991632
0.99953
1.00591
1.0152
1.02978
1.05262
1.08049
1.10967
1.1332
1.14593
1.13984
1.11554
1.07188
1.01802
0.960726
0.902903
0.851386
0.807183
0.771674
0.741909
0.718836
0.699305
0.683469
0.670412
0.661857
0.661795
0.665075
0.675988
0.692295
0.710527
0.732651
0.756945
0.786185
0.8203
0.862354
0.915392
0.977688
1.04606
1.11278
1.17128
1.21241
1.22975
1.21806
1.18335
1.13576
1.08347
1.03423
0.99402
0.964398
0.945145
0.943692
0.953947
0.977156
1.00863
1.04668
1.08717
1.12502
1.16079
1.19918
1.24148
1.29613
1.35894
1.42955
1.49975
1.56592
1.61933
1.66064
1.6857
1.69196
1.67989
1.65225
1.61806
1.57874
1.53894
1.50176
1.46991
1.44383
1.42221
1.40801
1.39615
1.39013
1.38691
1.39001
1.40038
1.41869
1.44263
1.47773
1.51859
1.56123
1.59754
1.6242
1.63188
1.61386
1.57559
1.52132
1.45735
1.39554
1.33898
1.28966
1.24905
1.21453
1.18334
1.15264
1.1193
1.0867
1.05138
1.01687
0.984721
0.951043
0.919537
0.89406
0.873614
0.860971
0.857474
0.864449
0.879351
0.9024
0.933791
0.972516
1.01247
1.05629
1.09961
1.14047
1.18155
1.22551
1.27009
1.31907
1.36699
1.40571
1.4274
1.4302
1.41196
1.37718
1.33008
1.27959
1.23369
1.1971
1.17164
1.15591
1.14546
1.13253
1.1153
1.09076
1.063
1.02989
0.990416
0.94531
0.894245
0.836132
0.777038
0.713069
0.650178
0.595188
0.553709
0.533779
0.536189
0.560945
0.608235
0.673751
0.750695
0.833953
0.916342
0.993823
1.06398
1.12358
1.17657
1.21984
1.25525
1.28032
1.29516
1.29584
1.28322
1.25502
1.21466
1.16313
1.10724
1.05028
0.998365
0.954286
0.921274
0.899278
0.891299
0.896741
0.914932
0.941113
0.97153
1.00676
1.04372
1.07924
1.11097
1.13553
1.15465
1.16365
1.16032
1.14697
1.12187
1.0884
1.04485
0.997298
0.952255
0.914697
0.892249
0.888234
0.90107
0.930064
0.972237
1.02547
1.08231
1.13941
1.19285
1.23763
1.27698
1.30836
1.33424
1.35876
1.38256
1.40493
1.42295
1.43189
1.43148
1.42077
1.40079
1.38199
1.36413
1.34825
1.33838
1.33147
1.32632
1.31952
1.31104
1.29776
1.28146
1.26382
1.2435
1.22276
1.19951
1.1731
1.14482
1.11593
1.0855
1.06212
1.05134
1.05408
1.07569
1.11219
1.16299
1.2215
1.27864
1.32694
1.36357
1.38157
1.38124
1.36621
1.33907
1.30354
1.26577
1.22652
1.19048
1.15794
1.13244
1.11471
1.10801
1.10978
1.12606
1.14984
1.18056
1.21244
1.24079
1.26354
1.278
1.2858
1.28652
1.28123
1.27057
1.25728
1.24403
1.23497
1.23634
1.24854
1.26754
1.28904
1.30806
1.31831
1.31834
1.30904
1.29399
1.27556
1.26156
1.24959
1.23985
1.22932
1.22083
1.21491
1.21396
1.22093
1.23468
1.25367
1.27446
1.28637
1.28772
1.27925
1.25872
1.2329
1.20262
1.17204
1.14334
1.11804
1.10177
1.09381
1.09826
1.11589
1.14305
1.17766
1.21383
1.24863
1.27695
1.29515
1.29874
1.28666
1.26163
1.22438
1.18297
1.1417
1.10553
1.08031
1.06679
1.06606
1.07616
1.09511
1.11473
1.12987
1.13566
1.1322
1.11997
1.09489
1.06137
1.02335
0.985551
0.950981
0.921345
0.89601
0.876229
0.85894
0.846431
0.832558
0.822439
0.814312
0.809407
0.809842
0.819579
0.839651
0.871301
0.913588
0.959343
1.00403
1.04495
1.07602
1.09646
1.10738
1.11131
1.11354
1.12074
1.14001
1.17351
1.22568
1.29105
1.36243
1.43117
1.48797
1.51978
1.52265
1.50093
1.45801
1.40468
1.34829
1.29492
1.25215
1.22268
1.20686
1.20603
1.21745
1.23479
1.25232
1.26341
1.26164
1.24704
1.21529
1.16894
1.11132
1.04597
0.979996
0.920645
0.877721
0.853233
0.847936
0.854547
0.86304
0.868053
0.868861
0.867234
0.865435
0.874054
0.891409
0.917473
0.944644
0.97202
0.992416
1.00662
1.01782
1.0302
1.04532
1.0729
1.11104
1.16254
1.22295
1.28932
1.35485
1.41231
1.45597
1.47938
1.48673
1.48867
1.48653
1.48596
1.48189
1.47293
1.4501
1.41961
1.38421
1.34943
1.31833
1.28998
1.26531
1.24407
1.22391
1.20666
1.19299
1.1811
1.16909
1.15431
1.1317
1.09471
1.04405
0.978228
0.908337
0.844163
0.79744
0.775861
