0.832488
0.810413
0.791514
0.778242
0.772281
0.774004
0.782388
0.795504
0.81116
0.827409
0.842799
0.856503
0.868353
0.878696
0.888152
0.897193
0.905922
0.913938
0.920498
0.924753
0.926082
0.92425
0.919396
0.911901
0.902242
0.89098
0.878889
0.867043
0.856695
0.848864
0.844058
0.842172
0.842788
0.845535
0.850198
0.856565
0.864151
0.872093
0.879313
0.884922
0.888455
0.88985
0.889264
0.886943
0.883176
0.878445
0.873686
0.870355
0.8701
0.873918
0.88152
0.891226
0.900516
0.906883
0.908569
0.905021
0.897057
0.886683
0.876589
0.869252
0.86589
0.865883
0.867321
0.868197
0.8674
0.865013
0.862109
0.860231
0.860748
0.864304
0.870716
0.879346
0.889559
0.900783
0.91235
0.923271
0.93236
0.938472
0.940757
0.938845
0.932965
0.92391
0.912941
0.901545
0.891015
0.882154
0.875162
0.86961
0.864636
0.85918
0.852325
0.843694
0.833831
0.824235
0.816861
0.813378
0.814545
0.820081
0.829082
0.840644
0.854234
0.869626
0.886553
0.904424
0.922433
0.939777
0.955776
0.969733
0.980753
0.987745
0.989727
0.9861
0.976841
0.962586
0.944437
0.923845
0.90252
0.882292
0.8649
0.851678
0.843243
0.839409
0.839363
0.841919
0.845839
0.850029
0.853653
0.856194
0.857541
0.857961
0.857965
0.858032
0.858352
0.858687
0.858431
0.856859
0.853376
0.847707
0.840003
0.830811
0.82093
0.811247
0.802589
0.795578
0.790587
0.787709
0.786828
0.787671
0.789919
0.793382
0.798183
0.804758
0.813629
0.825042
0.838697
0.853773
0.869133
0.883572
0.896034
0.905817
0.912646
0.916691
0.918443
0.918606
0.917913
0.917018
0.916479
0.916746
0.918079
0.920531
0.923947
0.927967
0.932088
0.93574
0.938327
0.939293
0.938175
0.934646
0.928552
0.919916
0.908968
0.896148
0.882172
0.868077
0.855195
0.844985
0.838788
0.837509
0.841397
0.850012
0.862237
0.876522
0.891171
0.904576
0.915433
0.922838
0.926284
0.925657
0.921124
0.913066
0.901919
0.888007
0.871545
0.852848
0.832657
0.812162
0.792671
0.775084
0.759709
0.746615
0.73641
0.730665
0.731448
0.740164
0.756507
0.778352
0.802633
0.826406
0.84749
0.864587
0.877195
0.885437
0.889878
0.891294
0.890384
0.88753
0.882712
0.875849
0.867272
0.858094
0.849992
0.844443
0.841904
0.841702
0.842646
0.843829
0.845101
0.847065
0.850775
0.857317
0.86724
0.880145
0.894664
0.908807
0.920633
0.928829
0.932943
0.933282
0.930658
0.926146
0.920946
0.916269
0.913213
0.912631
0.915018
0.920496
0.92881
0.939392
0.95142
0.963804
0.975271
0.984543
0.990433
0.991962
0.988491
0.979788
0.966206
0.948775
0.929065
0.908884
0.88997
0.873719
0.861109
0.852667
0.848472
0.848302
0.851871
0.858851
0.868728
0.880642
0.893356
0.905496
0.915713
0.922848
0.926122
0.925354
0.921078
0.914419
0.906776
0.899509
0.893808
0.890682
0.89079
0.894071
0.899535
0.905538
0.910385
0.912912
0.912701
0.909883
0.904648
0.89697
0.886839
0.87492
0.862971
0.853503
0.848827
0.850355
0.858476
0.872618
0.891098
0.911282
0.930267
0.945676
0.956033
0.960744
0.959787
0.953533
0.942819
0.929014
0.913907
0.899459
0.887471
0.879293
0.875537
0.875889
0.879211
0.883901
0.888329
0.891179
0.891671
0.889716
0.885904
0.881433
0.877721
0.875968
0.876759
0.879892
0.884546
0.889723
0.894655
0.899076
0.903252
0.90786
0.91376
0.921498
0.930964
0.941249
0.95087
0.9582
0.961836
0.960721
0.95421
0.942098
0.924628
0.90274
0.878243
0.853921
0.833228
0.81935
0.814088
0.817285
0.82719
0.841321
0.857284
0.873271
0.888134
0.90119
0.912025
0.920285
0.92568
0.928159
0.928146
0.92651
0.92437
0.922683
0.921969
0.92234
0.92368
0.925635
0.92753
0.928458
0.927581
0.924386
0.91867
0.910475
0.900062
0.88811
0.875875
0.865087
0.85754
0.854592
0.856806
0.863722
0.873872
0.885014
0.894747
0.901074
0.902815
0.899742
0.892403
0.881907
0.869695
0.857403
0.846682
0.838989
0.835209
0.835332
0.838407
0.842886
0.847187
0.850119
0.851149
0.850408
0.848518
0.846345
0.844735
0.844303
0.845363
0.847968
0.85208
0.857697
0.86475
0.872884
0.88135
0.889199
0.895637
0.900287
0.903353
0.905454
0.907195
0.908722
0.909649
0.909366
0.907504
0.904204
0.900036
0.895719
0.891796
0.888442
0.885517
0.882708
0.879597
0.87576
0.870854
0.864692
0.857248
0.84875
0.839649
0.830572
0.822246
0.815289
0.810027
0.806453
0.804396
0.803767
0.804803
0.807995
0.813741
0.821991
0.832131
0.843189
0.854078
0.863743
0.871273
0.87591
0.877164
0.874915
0.869578
0.862121
0.853943
0.84657
0.841296
0.838837
0.839114
0.841281
0.844009
0.845944
0.846084
0.844092
0.840358
0.835866
0.831879
0.829524
0.829485
0.831897
0.836484
0.842811
0.85052
0.859361
0.869099
0.879359
0.88968
0.89965
0.909042
0.91781
0.925946
0.933356
0.939758
0.944768
0.947965
0.949024
0.947728
0.94405
0.938145
0.930274
0.920707
0.909589
0.897013
0.88318
0.868683
0.854503
0.841754
0.831363
0.823926
0.819852
0.819486
0.823069
0.830423
0.840744
0.852643
0.864452
0.874586
0.881863
0.885543
0.885294
0.881121
0.873405
0.863036
0.851372
0.839945
0.829864
0.82153
0.814969
0.810324
0.808014
0.808528
0.812087
0.81848
0.827231
0.837862
0.850163
0.864212
0.880077
0.897314
0.914618
0.929998
0.941366
0.94717
0.946766
0.940439
0.929282
0.914964
0.89941
0.884443
0.87155
0.861729
0.855402
0.852499
0.852477
0.854443
0.857332
0.860002
0.86136
0.860556
0.857171
0.851328
0.843668
0.835174
0.82693
0.819994
0.815387
0.814097
0.816893
0.823901
0.834183
0.845934
0.857185
0.866601
0.87376
0.879037
0.883211
0.887066
0.891066
0.895219
0.899106
0.902039
0.903298
0.902278
0.89863
0.892289
0.883516
0.872931
0.861559
0.850839
0.842464
0.838062
0.838713
0.844635
0.85509
0.868578
0.883177
0.896973
0.908339
0.91616
0.919913
0.919591
0.915546
0.908251
0.898167
0.885747
0.87154
0.856248
0.840727
0.825795
0.812057
0.799951
0.790004
0.783002
0.77979
0.780802
0.785823
0.794154
0.804945
0.817442
0.830981
0.844868
0.858416
0.870984
0.882131
0.891736
0.89999
0.90733
0.914185
0.920732
0.926822
0.932056
0.93598
0.938303
0.938952
0.938063
0.935883
0.932611
0.928323
0.923004
0.916591
0.909083
0.900656
0.891658
0.88265
0.874253
0.867118
0.861758
0.858451
0.857171
0.85759
0.859196
0.861424
0.863872
0.866418
0.869214
0.872535
0.876555
0.881187
0.886026
0.890357
0.893227
0.893604
0.890529
0.883485
0.872831
0.86015
0.84819
0.840051
0.837855
0.841833
0.850385
0.860736
0.869883
0.875479
0.876348
0.87258
0.865162
0.855606
0.845593
0.836808
0.83066
0.828052
0.829241
0.833926
0.841379
0.850702
0.861189
0.872618
0.885145
0.898739
0.912657
0.925481
0.935627
0.941863
0.943523
0.940448
0.932815
0.921103
0.906043
0.88856
0.869795
0.851057
0.833793
0.81945
0.809391
0.804738
0.806206
0.813878
0.82707
0.844258
0.863281
0.881777
0.897654
0.90948
0.916669
0.919374
0.91826
0.914147
0.907722
0.899428
0.889553
0.878411
0.866501
0.854626
0.843898
0.835574
0.830652
0.829448
0.831418
0.835428
0.840339
0.845475
0.850789
0.856593
0.863058
0.869793
0.875832
0.879911
0.880847
0.877934
0.871233
0.861715
0.85109
0.841288
0.833709
0.828773
0.825982
0.82434
0.822839
0.820828
0.818218
0.815459
0.81337
0.812849
0.814508
0.818513
0.824584
0.832189
0.840809
0.850092
0.859968
0.870445
0.881391
0.892371
0.902704
0.911638
0.918493
0.922681
0.923724
0.921298
0.915282
0.905968
0.894189
0.881368
0.869436
0.860574
0.856821
0.85948
0.868597
0.882664
0.898817
0.913634
0.924175
0.928801
0.927556
0.922053
0.91486
0.908623
0.905154
0.904913
0.90702
0.909731
0.911173
0.909987
0.905807
0.899451
0.892662
0.887382
0.884969
0.885805
0.889472
0.89508
0.901554
0.907908
0.913494
0.918035
0.921418
0.923479
0.923809
0.921771
0.916665
0.908001
0.89578
0.880727
0.864419
0.849133
0.837307
0.830776
0.830116
0.834513
0.842026
0.850317
0.857348
0.861873
0.863773
0.864061
0.864496
0.866822
0.871809
0.878887
0.886734
0.894217
0.900985
0.907328
0.913522
0.9192
0.923445
0.925266
0.924108
0.920105
0.914069
0.907371
0.901599
0.898071
0.897407
0.899406
0.903324
0.908252
0.913371
0.91796
0.921415
0.923237
0.923092
0.920922
0.916951
0.911742
0.906092
0.900903
0.896927
0.894651
0.894267
0.895704
0.898693
0.902816
0.907559
0.91232
0.91642
0.919028
0.91916
0.915689
0.9075
0.893844
0.874955
0.852604
0.830431
0.813392
0.806126
0.810774
0.82594
0.847858
0.872563
0.89723
0.920168
0.940212
0.95627
0.967282
0.972448
0.971443
0.9645
0.952366
0.936195
0.917341
0.897247
0.877268
0.858636
0.84245
0.829626
0.820839
0.816403
0.816122
0.819261
0.82471
0.831302
0.838065
0.844445
0.850368
0.856146
0.862248
0.869006
0.876345
0.883773
0.890502
0.895748
0.898942
0.899909
0.89883
0.896121
0.892189
0.887276
0.881394
0.874422
0.866318
0.857388
0.848445
0.840639
0.834946
0.831584
0.829909
0.828825
0.82734
0.824896
0.821477
0.817563
0.814022
0.811984
0.812504
0.816137
0.822623
0.830933
0.839625
0.847377
0.853354
0.857289
0.859297
0.859655
0.858657
0.856616
0.853918
0.850973
0.848142
0.845591
0.843297
0.841193
0.839339
0.838087
0.838151
0.840416
0.845487
0.853195
0.862471
0.871799
0.879852
0.885859
0.889594
0.891108
0.890434
0.887493
0.882218
0.874709
0.865366
0.854949
0.844545
0.83541
0.82867
0.825029
0.824512
0.826478
0.829866
0.833556
0.836684
0.838776
0.839758
0.839852
0.839428
0.838897
0.838612
0.838835
0.839667
0.841039
0.842702
0.844291
0.845406
0.845785
0.845371
0.844353
0.843144
0.842343
0.842619
0.844499
0.848035
0.852655
0.857211
0.860406
0.861315
0.859806
0.856603
0.852971
0.850324
0.849743
0.851626
0.855546
0.860436
0.864902
0.867619
0.86769
0.864839
0.859438
0.852407
0.844968
0.838375
0.833593
0.831058
0.83064
0.831831
0.83396
0.836501
0.839273
0.842511
0.846708
0.852274
0.859271
0.867242
0.875297
0.882383
0.887606
0.890427
0.89074
0.888759
0.884864
0.879348
0.872281
0.86348
0.852718
0.839927
0.82543
0.809972
0.794663
0.780811
0.769714
0.762425
0.759565
0.7613
0.767365
0.777213
0.790161
0.805421
0.822098
0.839149
0.855471
0.869983
0.881765
0.890148
0.894837
0.896133
0.895254
0.894297
0.895538
0.900192
0.907704
0.916208
0.923632
0.928462
0.929939
0.927923
0.922763
0.915247
0.906589
0.898306
0.891943
0.888577
0.888441
0.890856
0.894626
0.898571
0.901939
0.904452
0.906225
0.907538
0.908711
0.910086
0.912013
0.9149
0.919145
0.925035
0.932656
0.941694
0.951465
0.960983
0.969171
0.97505
0.977887
0.977159
0.972479
0.963587
0.950408
0.933229
0.912907
0.89082
0.868508
0.847369
0.828513
0.812817
0.801032
0.793811
0.791679
0.794922
0.80335
0.816139
0.831746
0.848068
0.862801
0.87389
0.879898
0.880203
0.874985
0.865109
0.851952
0.837207
0.82255
0.809311
0.798364
0.79046
0.78655
0.787717
0.794536
0.806516
0.822043
0.838814
0.85444
0.866877
0.874705
0.877273
0.87481
0.868434
0.859927
0.851292
0.844219
0.839632
0.837578
0.837414
0.838264
0.839427
0.840716
0.842453
0.845191
0.84915
0.85382
0.858072
0.860631
0.860656
0.858127
0.854015
0.85018
0.848809
0.85152
0.858708
0.869478
0.882121
0.894806
0.906142
0.915415
0.922562
0.92797
0.932201
0.935883
0.939648
0.944084
0.949648
0.956507
0.964382
0.972525
0.979923
0.985584
0.988801
0.989429
0.987921
0.985281
0.982791
0.98175
0.983112
0.987198
0.993534
1.00095
1.00785
1.01263
1.01402
1.01136
1.00457
0.994119
0.980818
0.965678
0.94973
0.933907
0.919015
0.905778
0.894758
0.886415
0.881123
0.879172
0.880644
0.885286
0.892479
0.901369
0.911055
0.92069
0.929443
0.936403
0.940573
0.941025
0.937152
0.929055
0.91777
0.905225
0.893702
0.884949
0.879605
0.877196
0.876691
0.877057
0.87757
0.877804
0.877575
0.876841
0.875719
0.874436
0.873358
0.872935
0.873615
0.875755
0.879525
0.884785
0.890971
0.897073
0.901808
0.903956
0.902793
0.8983
0.89118
0.88254
0.873523
0.864971
0.857306
0.85058
0.844697
0.839672
0.835778
0.833566
0.833733
0.836914
0.84341
0.853
0.864955
0.878155
0.891374
0.903618
0.91427
0.923143
0.930379
0.93632
0.94141
0.946131
0.950912
0.956011
0.961387
0.966705
0.971394
0.974837
0.976557
0.976336
0.974276
0.9708
0.966524
0.962057
0.957827
0.954003
0.95059
0.947557
0.944986
0.943099
0.942161
0.942243
0.94309
0.944194
0.944989
0.945087
0.944384
0.942969
0.940995
0.938487
0.935376
0.931593
0.92712
0.922076
0.916661
0.911032
0.905246
0.899309
0.893221
0.887053
0.88095
0.875077
0.869477
0.864049
0.858523
0.852572
0.846057
0.839225
0.832775
0.827834
0.825629
0.826983
0.831925
0.839593
0.848442
0.85672
0.862867
0.865893
0.86555
0.862406
0.857677
0.852874
0.8492
0.847153
0.846504
0.846813
0.847868
0.84981
0.852875
0.857127
0.862284
0.867824
0.873071
0.8774
0.880454
0.882298
0.883335
0.883985
0.88438
0.884281
0.883396
0.881607
0.878906
0.875183
0.870226
0.864004
0.856943
0.849935
0.844075
0.840248
0.838831
0.839653
0.842153
0.8457
0.849805
0.854205
0.85875
0.863263
0.867459
0.870955
0.873415
0.874673
0.874864
0.874372
0.873798
0.873854
0.875303
0.878743
0.884453
0.89217
0.901064
0.909993
0.917986
0.924611
0.930056
0.934951
0.940038
0.945777
0.95207
0.958218
0.963171
0.965902
0.965795
0.962864
0.957731
0.951497
0.945517
0.941009
0.938713
0.938643
0.940033
0.941564
0.941775
0.939494
0.934095
0.925472
0.913993
0.900371
0.885628
0.87116
0.858616
0.849594
0.845222
0.845754
0.850559
0.858369
0.867644
0.876939
0.885145
0.891583
0.895958
0.898231
0.898458
0.896686
0.892824
0.886755
0.878448
0.868221
0.856864
0.845635
0.836123
0.829892
0.828199
0.831742
0.840431
0.853354
0.868987
0.885609
0.90167
0.91594
0.927546
0.935925
0.940794
0.942124
0.940088
0.935057
0.927517
0.918148
0.907819
0.897538
0.888308
0.880899
0.875682
0.872593
0.871136
0.870568
0.870069
0.868974
0.866981
0.864229
0.861345
0.859206
0.858601
0.859836
0.862526
0.865639
0.867798
0.867658
0.864259
0.85719
0.846613
0.833292
0.818565
0.804328
0.792835
0.786181
0.785601
0.79102
0.80115
0.81407
0.827854
0.840938
0.852195
0.860893
0.86668
0.869557
0.869857
0.868243
0.865625
0.863198
0.862267
0.864056
0.86935
0.878127
0.889406
0.901454
0.912122
0.919361
0.921667
0.91849
0.910502
0.89954
0.888151
0.878905
0.873732
0.873556
0.87826
0.886688
0.896861
0.906426
0.913229
0.915798
0.913546
0.906849
0.897047
0.886351
0.877367
0.872133
0.871162
0.87326
0.876303
0.878305
0.878185
0.875924
0.872328
0.86859
0.865915
0.865302
0.867496
0.872907
0.881511
0.892784
0.905673
0.918709
0.930244
0.93869
0.942717
0.941542
0.935149
0.924462
0.911346
0.898334
0.888133
0.882799
0.883032
0.887994
0.895741
0.904002
0.910914
0.915512
0.917905
0.91903
0.920045
0.921575
0.923304
0.924271
0.923468
0.920229
0.914325
0.905989
0.895873
0.885014
0.874719
0.866344
0.861041
0.859578
0.862226
0.868789
0.878577
0.890431
0.902886
0.914518
0.924191
0.931128
0.934938
0.935529
0.933122
0.928266
0.921796
0.914761
0.908164
0.902712
0.898689
0.895975
0.894251
0.893225
0.892747
0.892859
0.893668
0.895306
0.897848
0.901204
0.905103
0.909067
0.912375
0.914161
0.913567
0.910067
0.903827
0.895808
0.887481
0.880375
0.875563
0.87338
0.873458
0.874818
0.876082
0.875681
0.872082
0.864111
0.851242
0.833857
0.813356
0.792039
0.772757
0.758368
0.751162
0.752225
0.76109
0.775954
0.794523
0.814679
0.834789
0.853656
0.870289
0.88383
0.893579
0.899061
0.900084
0.89677
0.88959
0.879405
0.867485
0.855426
0.844854
0.837028
0.832493
0.830948
0.831523
0.83323
0.835278
0.837232
0.839
0.840862
0.843505
0.847917
0.855061
0.865446
0.878773
0.893919
0.909233
0.92304
0.934032
0.941427
0.944925
0.944587
0.940672
0.93361
0.924014
0.912707
0.900597
0.888488
0.876996
0.86665
0.858025
0.851714
0.848125
0.847272
0.848818
0.852345
0.857603
0.864674
0.873767
0.884834
0.897245
0.909856
0.921372
0.930738
0.937315
0.940889
0.941541
0.939563
0.935355
0.929374
0.922184
0.914411
0.90666
0.899403
0.892916
0.887283
0.882504
0.878594
0.87555
0.873245
0.871463
0.870042
0.869007
0.868464
0.868419
0.868581
0.868419
0.867379
0.865098
0.861432
0.856413
0.850143
0.842826
0.834872
0.827007
0.820342
0.816211
0.815738
0.8194
0.826783
0.836694
0.847595
0.858049
0.867023
0.873966
0.878667
0.881151
0.881667
0.880675
0.878678
0.876032
0.872756
0.868755
0.864171
0.859668
0.856456
0.855746
0.858029
0.862655
0.868055
0.872415
0.874363
0.873315
0.869445
0.863453
0.856301
0.849016
0.842614
0.837955
0.835556
0.835362
0.836691
0.838449
0.839523
0.839198
0.837271
0.833924
0.829419
0.823956
0.817756
0.81135
0.805803
0.802573
0.803054
0.807943
0.816783
0.827988
0.839345
0.848711
0.854581
0.856349
0.854381
0.849876
0.844545
0.840061
0.837502
0.837075
0.838245
0.84021
0.842322
0.844413
0.846959
0.850944
0.857504
0.867399
0.880564
0.895926
0.911639
0.925738
0.93674
0.943966
0.947545
0.948269
0.947337
0.946134
0.945997
0.947906
0.95228
0.958848
0.966747
0.974845
0.982094
0.987792
0.991623
0.993537
0.993543
0.991628
0.987722
0.981753
0.973763
0.963988
0.952858
0.940967
0.928921
0.917245
0.906377
0.896663
0.888439
0.882003
0.877587
0.875329
0.875247
0.877203
0.880884
0.885757
0.891103
0.896091
0.89998
0.902381
0.903403
0.903673
0.904131
0.905711
0.908956
0.913884
0.919983
0.926348
0.931945
0.935812
0.937281
0.936017
0.932119
0.926161
0.919102
0.912054
0.906055
0.901865
0.899808
0.899728
0.901157
0.903445
0.905942
0.908064
0.90933
0.909303
0.90771
0.904533
0.900093
0.895131
0.890695
0.887808
0.887143
0.888804
0.892338
0.897024
0.902211
0.907479
0.912702
0.917903
0.923038
0.927886
0.932029
0.934903
0.935959
0.934819
0.931408
0.926025
0.919358
0.91239
0.906202
0.901696
0.899329
0.898911
0.899573
0.899983
0.898695
0.8946
0.887302
0.877342
0.866227
0.856021
0.848585
0.844812
0.844342
0.845937
0.848225
0.850212
0.851453
0.851957
0.852044
0.852176
0.85299
0.855231
0.859644
0.866671
0.876169
0.887273
0.898659
0.908976
0.917278
0.923168
0.926827
0.928918
0.930339
0.931658
0.932703
0.932597
0.930237
0.924845
0.916322
0.905484
0.89401
0.884277
0.878853
0.879743
0.887558
0.901001
0.917128
0.932239
0.942877
0.946627
0.942655
0.932
0.9175
0.902983
0.891739
0.885277
0.883236
0.884393
0.887606
0.892155
0.897596
0.903585
0.909745
0.915652
0.920905
0.925187
0.928281
0.930013
0.93024
0.928808
0.92555
0.920338
0.913109
0.903888
0.892885
0.88054
0.867663
0.85563
0.846479
0.842608
0.845907
0.856683
0.873213
0.892334
0.910564
0.925005
0.933733
0.935858
0.931456
0.921502
0.907841
0.893002
0.879618
0.869703
0.864252
0.863415
0.866875
0.873942
0.883437
0.893648
0.902569
0.908311
0.909494
0.90553
0.896789
0.884629
0.871223
0.859104
0.850451
0.846424
0.846775
0.850225
0.85524
0.86077
0.86656
0.872917
0.880343
0.889207
0.899569
0.911051
0.922873
0.933953
0.943142
0.949508
0.952486
0.952007
0.948413
0.94239
0.93481
0.926617
0.918644
0.911582
0.905928
0.902028
0.900181
0.90067
0.90365
0.908988
0.916169
0.924417
0.93294
0.941184
0.948947
0.956333
0.963536
0.970581
0.977196
0.982891
0.987168
0.98976
0.990801
0.990809
0.990462
0.990141
0.98969
0.988508
0.985989
0.981868
0.976257
0.969428
0.96165
0.953084
0.943911
0.934482
0.925352
0.917294
0.91104
0.906957
0.904738
0.903356
0.901423
0.897647
0.891177
0.88175
0.869693
0.855832
0.841325
0.82743
0.815246
0.805527
0.798601
0.794286
0.791935
0.790692
0.789842
0.789234
0.789482
0.791652
0.796719
0.805048
0.816314
0.829739
0.844425
0.859604
0.874561
0.888522
0.900655
0.910232
0.916838
0.920525
0.921783
0.921176
0.919078
0.915517
0.910453
0.904119
0.89721
0.890799
0.885922
0.883164
0.882482
0.883287
0.884736
0.886072
0.886812
0.886834
0.886311
0.885572
0.884988
0.884851
0.885317
0.886292
0.887437
0.888351
0.888806
0.888905
0.88902
0.889673
0.891181
0.893468
0.895984
0.897767
0.897743
0.895112
0.889666
0.881913
0.87289
0.863756
0.855386
0.848123
0.841848
0.836257
0.831238
0.827134
0.824724
0.824926
0.828443
0.835484
0.845675
0.858182
0.872009
0.886371
0.900934
0.915673
0.930414
0.944439
0.956484
0.965095
0.96911
0.968001
0.962031
0.952188
0.939928
0.926908
0.914736
0.904858
0.89837
0.895831
0.8971
0.901382
0.907499
0.91424
0.920594
0.92584
0.92957
0.93167
0.932301
0.931794
0.930555
0.928968
0.927316
0.925724
0.924202
0.922638
0.920701
0.917814
0.913186
0.906044
0.895982
0.883254
0.868904
0.854649
0.842488
0.834176
0.830751
0.832422
0.838712
0.848683
0.861123
0.874619
0.887708
0.898967
0.907282
0.911955
0.912767
0.909992
0.904293
0.89656
0.887735
0.878629
0.869847
0.861895
0.855299
0.850651
0.84856
0.849401
0.853141
0.859346
0.867306
0.876189
0.885125
0.893365
0.900351
0.905891
0.910171
0.913581
0.91629
0.917917
0.917558
0.914254
0.907576
0.898042
0.887133
0.876958
0.869583
0.866283
0.867194
0.87142
0.877566
0.884143
0.889807
0.893429
0.894256
0.892072
0.887357
0.881172
0.874916
0.869933
0.867244
0.867346
0.870227
0.875535
0.882689
0.890692
0.898094
0.903367
0.905402
0.903808
0.898945
0.89172
0.883399
0.875372
0.868961
0.865309
0.865209
0.868919
0.875988
0.885349
0.895576
0.905353
0.913842
0.92096
0.92728
0.933431
0.939264
0.943514
0.944298
0.940008
0.929944
0.914549
0.895428
0.875271
0.85758
0.845867
0.842446
0.847445
0.859029
0.87448
0.891224
0.907243
0.921026
0.931451
0.937807
0.939921
0.938226
0.933634
0.927175
0.919624
0.911315
0.90223
0.892286
0.881589
0.870499
0.85964
0.849668
0.841051
0.833978
0.82844
0.824493
0.822533
0.823264
0.827257
0.834461
0.844162
0.855244
0.866571
0.87714
0.886078
0.892659
0.896379
0.897091
0.895089
0.891007
0.885619
0.87954
0.873073
0.866321
0.859444
0.852855
0.847158
0.843029
0.841114
0.841907
0.845647
0.85224
0.861259
0.871967
0.883434
0.894653
0.904627
0.912472
0.917475
0.919181
0.917468
0.912541
0.904929
0.895417
0.884949
0.874513
0.865089
0.857535
0.852534
0.850552
0.851765
0.856098
0.8632
0.872434
0.883001
0.894005
0.904547
0.913785
0.920995
0.925643
0.927431
0.926404
0.923037
0.9183
0.913576
0.91039
0.909947
0.912835
0.918957
0.927742
0.938395
0.950091
0.962118
0.973857
0.984717
0.994143
1.00152
1.00619
1.00744
1.00466
0.997404
0.985626
0.969733
0.950647
0.929769
0.908875
0.889899
0.874652
0.864389
0.859511
0.859553
0.863553
0.8706
0.880026
0.89101
0.90214
0.911624
0.917891
0.920094
0.918187
0.9127
0.90457
0.895039
0.885607
0.877893
0.873346
0.872927
0.876726
0.883883
0.892808
0.901661
0.908871
0.913568
0.91571
0.915878
0.914903
0.913421
0.911516
0.908716
0.904257
0.897487
0.888219
0.87691
0.864602
0.85264
0.842335
0.834608
0.829833
0.82788
0.82834
0.83078
0.834936
0.840769
0.848281
0.857252
0.867145
0.877162
0.886514
0.894651
0.901355
0.906658
0.91075
0.913914
0.916487
0.918833
0.921379
0.924575
0.928848
0.934496
0.941606
0.949886
0.958623
0.96664
0.972419
0.974271
0.970681
0.960808
0.945157
0.925947
0.906519
0.8897
0.876382
0.865869
0.857266
0.850381
0.845511
0.84285
0.842204
0.843222
0.845725
0.849809
0.855655
0.863029
0.871091
0.878488
0.88384
0.886314
0.88591
0.883494
0.88057
0.87887
0.879858
0.884291
0.891968
0.901777
0.912111
0.921431
0.928773
0.933916
0.937152
0.938852
0.939174
0.93806
0.935478
0.931621
0.926931
0.921896
0.916856
0.911869
0.906839
0.90173
0.896673
0.892034
0.88828
0.885801
0.884739
0.884959
0.886124
0.887772
0.88947
0.890903
0.891917
0.892512
0.892785
0.892796
0.89255
0.892042
0.891412
0.891103
0.891906
0.894658
0.899784
0.90688
0.914762
0.921956
0.927253
0.930101
0.930623
0.929368
0.926938
0.923811
0.920196
0.91608
0.911323
0.905784
0.89929
0.891575
0.882287
0.871074
0.857836
0.843187
0.828722
0.81681
0.809692
0.808402
0.812433
0.820331
0.830676
0.84256
0.855487
0.869111
0.88296
0.896463
0.909079
0.920451
0.930384
0.938668
0.944904
0.948507
0.948875
0.945635
0.938855
0.929073
0.91715
0.904077
0.890844
0.878426
0.867686
0.859252
0.853365
0.849783
0.847941
0.84712
0.846615
0.845774
0.844055
0.841161
0.837283
0.833153
0.829891
0.828495
0.829393
0.832244
0.836127
0.839978
0.842914
0.844377
0.844073
0.841873
0.837849
0.832553
0.827385
0.824586
0.826387
0.833493
0.844368
0.85608
0.865846
0.872075
0.874455
0.873562
0.870357
0.865751
0.860479
0.855139
0.850373
0.846962
0.845818
0.847732
0.853022
0.861339
0.871693
0.88272
0.893132
0.902124
0.90941
0.915029
0.918919
0.920764
0.920124
0.916779
0.910955
0.903273
0.894651
0.886061
0.878375
0.872255
0.86819
0.866503
0.867286
0.870361
0.875242
0.881173
0.887151
0.891883
0.893861
0.891633
0.884301
0.872025
0.856283
0.83967
0.825253
0.815669
0.812265
0.814745
0.821554
0.830784
0.840875
0.850736
0.859519
0.866435
0.870837
0.872393
0.871212
0.867861
0.863218
0.858259
0.853803
0.850442
0.848617
0.848756
0.851306
0.856509
0.864063
0.873048
0.882176
0.890194
0.896105
0.899224
0.899069
0.895402
0.888297
0.878237
0.866206
0.853599
0.841965
0.832604
0.826177
0.822542
0.821002
0.820668
0.820917
0.821612
0.823043
0.825703
0.830034
0.836227
0.844199
0.853581
0.863708
0.873659
0.882388
0.888894
0.892536
0.893208
0.891383
0.888033
0.884297
0.881139
0.879102
0.878262
0.878354
0.878926
0.879537
0.87986
0.879697
0.879033
0.878011
0.876919
0.876153
0.876146
0.877299
0.879889
0.883974
0.889287
0.895302
0.901424
0.90716
0.912179
0.916239
0.919029
0.920057
0.918654
0.914303
0.907388
0.899568
0.892821
0.88761
0.882416
0.875259
0.865305
0.853238
0.840714
0.829523
0.820904
0.815274
0.812411
0.811803
0.813036
0.815841
0.819982
0.825113
0.830763
0.836455
0.841874
0.846847
0.851353
0.855438
0.859236
0.862929
0.866704
0.87069
0.874823
0.878866
0.882462
0.885177
0.886645
0.886671
0.88537
0.883235
0.881055
0.879613
0.87934
0.880185
0.881709
0.883373
0.884781
0.885791
0.886561
0.887538
0.889327
0.892461
0.897149
0.903063
0.909525
0.915787
0.921331
0.925858
0.92913
0.930824
0.930529
0.927946
0.923055
0.916233
0.908165
0.899672
0.891548
0.884356
0.878469
0.874167
0.871754
0.871414
0.872932
0.875568
0.878329
0.880424
0.881573
0.881915
0.881686
0.880947
0.879533
0.877357
0.874853
0.873144
0.873697
0.877544
0.884651
0.893965
0.903966
0.913225
0.920645
0.925401
0.926853
0.92458
0.918504
0.909017
0.897043
0.883893
0.871209
0.860671
0.853587
0.850375
0.850332
0.85205
0.854352
0.857101
0.861024
0.866759
0.874081
0.882042
0.889695
0.896576
0.902813
0.908885
0.915231
0.921971
0.928783
0.934946
0.939539
0.941705
0.940908
0.937134
0.93094
0.923322
0.915403
0.908107
0.901972
0.897324
0.894415
0.893568
0.895072
0.89899
0.905007
0.912406
0.920177
0.927203
0.932513
0.935446
0.935687
0.933274
0.928513
0.921925
0.914289
0.90651
0.899346
0.893112
0.887527
0.882013
0.876197
0.87037
0.865592
0.863413
0.8652
0.871538
0.881863
0.894578
0.907553
0.918671
0.926171
0.928945
0.926658
0.919774
0.909437
0.897136
0.884389
0.872661
0.863451
0.858323
0.85866
0.865086
0.876912
0.892096
0.907834
0.921419
0.930846
0.935046
0.933849
0.92788
0.918409
0.907103
0.895664
0.885547
0.877621
0.872199
0.869121
0.867923
0.867917
0.868254
0.86814
0.867137
0.865296
0.863048
0.860918
0.859235
0.858043
0.857201
0.856417
0.855366
0.853775
0.851572
0.848957
0.846414
0.844579
0.844165
0.845893
0.850352
0.857835
0.868217
0.880868
0.894639
0.907925
0.918956
0.926299
0.929248
0.92802
0.923652
0.917741
0.912003
0.907878
0.90628
0.907506
0.91136
0.91724
0.924254
0.931269
0.937051
0.940464
0.94064
0.93723
0.930551
0.921666
0.912346
0.904893
0.901418
0.902781
0.907997
0.914807
0.921
0.925291
0.92738
0.927545
0.926275
0.924151
0.921801
0.919867
0.918983
0.91965
0.922098
0.926213
0.931467
0.936948
0.941474
0.943802
0.942841
0.937828
0.928398
0.914655
0.897191
0.877075
0.855814
0.835316
0.817843
0.80575
0.80101
0.804629
0.81621
0.83399
0.855296
0.877173
0.897038
0.913087
0.924389
0.930779
0.932611
0.930588
0.925597
0.918593
0.910519
0.902269
0.894671
0.888495
0.884439
0.883076
0.884653
0.888898
0.894924
0.901407
0.907136
0.911582
0.915212
0.919141
0.924207
0.930172
0.935933
0.940362
0.942957
0.943803
0.943305
0.941894
0.939869
0.937493
0.935066
0.932988
0.931689
0.931549
0.932744
0.935167
0.938395
0.941757
0.944325
0.9451
0.943215
0.938165
0.930013
0.919438
0.9077
0.896324
0.8867
0.879712
0.875543
0.873842
0.874034
0.875613
0.878235
0.881622
0.885404
0.889019
0.891779
0.892961
0.89198
0.888521
0.882626
0.874681
0.865469
0.856151
0.848097
0.842407
0.839343
0.838059
0.837011
0.834816
0.831112
0.826882
0.824051
0.824558
0.829341
0.837826
0.848091
0.857604
0.864005
0.865684
0.861963
0.853039
0.839833
0.823904
0.807328
0.792568
0.782062
0.777614
0.779877
0.788185
0.800921
0.816149
0.832175
0.847809
0.862381
0.875602
0.887367
0.897632
0.906256
0.913014
0.917703
0.920221
0.9206
0.918984
0.915483
0.910133
0.902836
0.893384
0.881671
0.868014
0.853521
0.840273
0.830917
0.827519
0.83054
0.838772
0.850254
0.863092
0.875797
0.887284
0.896811
0.903969
0.908665
0.911077
0.911498
0.910225
0.907516
0.903529
0.898288
0.89162
0.883178
0.872462
0.859032
0.842806
0.824435
0.805527
0.788525
0.776052
0.77005
0.771301
0.77951
0.793506
0.811519
0.831484
0.851442
0.869839
0.885692
0.898591
0.908623
0.916189
0.921851
0.926101
0.9292
0.931187
0.932029
0.931841
0.930961
0.929852
0.928807
0.927671
0.925722
0.921874
0.915073
0.904795
0.891483
0.876896
0.864044
0.856412
0.856482
0.864512
0.878364
0.894641
0.910034
0.922145
0.929662
0.932171
0.929974
0.924034
0.915921
0.907666
0.901288
0.898093
0.898314
0.901073
0.904742
0.907478
0.907717
0.904538
0.897736
0.887671
0.875155
0.86135
0.847737
0.835943
0.827542
0.82384
0.82565
0.833133
0.845644
0.861712
0.879268
0.896028
0.909914
0.919507
0.924268
0.924711
0.922304
0.919079
0.916989
0.917282
0.920051
0.924269
0.928158
0.929708
0.927146
0.919264
0.905748
0.887454
0.866653
0.846783
0.831338
0.82236
0.81968
0.821619
0.826234
0.832063
0.838231
0.84428
0.850041
0.855614
0.861231
0.867106
0.873255
0.879457
0.885326
0.890434
0.894445
0.897176
0.898592
0.898765
0.897838
0.89603
0.893627
0.890956
0.888351
0.886064
0.884197
0.882706
0.881543
0.880859
0.881035
0.882501
0.885512
0.88996
0.895583
0.902097
0.909297
0.916915
0.924464
0.931278
0.936701
0.940287
0.941848
0.94134
0.93871
0.933726
0.926019
0.915262
0.901463
0.885247
0.867975
0.851683
0.838529
0.830061
0.826705
0.827857
0.832469
0.839623
0.848687
0.859193
0.87064
0.882444
0.894022
0.904958
0.915102
0.924509
0.933198
0.940903
0.946927
0.950193
0.949602
0.944531
0.935216
0.922818
0.90919
0.89644
0.886413
0.880213
0.877873
0.878409
0.880194
0.881543
0.881214
0.878721
0.874217
0.868342
0.86207
0.856675
0.853666
0.854416
0.859601
0.868522
0.879013
0.888148
0.893272
0.892899
0.88694
0.876492
0.863405
0.849811
0.837698
0.828461
0.822609
0.819803
0.81935
0.82082
0.824395
0.83061
0.839794
0.851692
0.86544
0.879669
0.892631
0.902292
0.906643
0.904216
0.894591
0.878536
0.857906
0.835297
0.813587
0.795599
0.783917
0.780511
0.785874
0.798227
0.813978
0.829269
0.841299
0.848876
0.852242
0.85263
0.851741
0.851124
0.851657
0.85329
0.855278
0.856808
0.857495
0.857512
0.857269
0.856984
0.856512
0.855574
0.854128
0.852569
0.851661
0.85222
0.854585
0.858302
0.862109
0.864378
0.863737
0.859538
0.851979
0.841982
0.830988
0.820716
0.812905
0.808934
0.809493
0.814476
0.823187
0.834808
0.848641
0.864143
0.880761
0.897729
0.913962
0.928108
0.938742
0.944603
0.944792
0.938932
0.927321
0.91101
0.891748
0.871759
0.853206
0.837734
0.826128
0.818466
0.814538
0.81425
0.81761
0.824495
0.834333
0.846017
0.858182
0.869675
0.879884
0.888779
0.896665
0.903812
0.910216
0.915561
0.919295
0.920784
0.919496
0.91518
0.908026
0.898744
0.888387
0.878049
0.868473
0.860024
0.853007
0.847787
0.844594
0.843275
0.843271
0.843891
0.844669
0.845591
0.847053
0.849608
0.853664
0.859195
0.865728
0.872451
0.878386
0.882592
0.88436
0.88339
0.879884
0.87459
0.868652
0.863429
0.860323
0.860518
0.864625
0.872373
0.882552
0.893385
0.903121
0.910541
0.915122
0.916882
0.916143
0.913354
0.908987
0.903612
0.897984
0.893032
0.889644
0.888361
0.889081
0.89103
0.893013
0.893805
0.892449
0.888378
0.881412
0.871768
0.860111
0.847656
0.836078
0.827289
0.822993
0.824206
0.830887
0.842066
0.856399
0.872546
0.889168
0.904801
0.917902
0.927187
0.931979
0.932269
0.928567
0.921732
0.912838
0.903114
0.893868
0.886318
0.881259
0.878898
0.879077
0.881665
0.886763
0.894328
0.903632
0.913176
0.92119
0.926271
0.927814
0.926084
0.921984
0.916837
0.912046
0.908861
0.908211
0.910615
0.916044
0.923774
0.932382
0.940025
0.944949
0.945907
0.942423
0.93471
0.923495
0.909836
0.895038
0.880624
0.868295
0.85969
0.855856
0.85665
0.860644
0.865641
0.869524
0.870831
0.868951
0.864096
0.857161
0.849493
0.842551
0.837502
0.834969
0.834994
0.837244
0.841328
0.846948
0.853994
0.862482
0.872317
0.883049
0.893814
0.903531
0.911376
0.91705
0.920777
0.923062
0.924346
0.924846
0.924611
0.923638
0.921841
0.918936
0.914486
0.908057
0.89947
0.888981
0.877351
0.865842
0.856203
0.850473
0.850365
0.856233
0.866592
0.878802
0.890339
0.899524
0.90549
0.907892
0.90665
0.901837
0.893748
0.883009
0.870629
0.857949
0.846407
0.837229
0.831079
0.827946
0.827303
0.828448
0.83089
0.834553
0.839821
0.847424
0.858118
0.872136
0.888685
0.905875
0.921226
0.932451
0.938094
0.937749
0.931989
0.922136
0.910099
0.898073
0.888071
0.881308
0.877801
0.876565
0.876324
0.876162
0.875708
0.874876
0.873527
0.87146
0.868686
0.865748
0.863886
0.864633
0.869132
0.877404
0.888167
0.899162
0.907752
0.911664
0.909826
0.903228
0.895136
0.889757
0.889565
0.893927
0.90044
0.906719
0.910945
0.911601
0.907387
0.897681
0.88315
0.866092
0.850045
0.838718
0.834706
0.838655
0.849223
0.863803
0.879556
0.894234
0.906447
0.915556
0.921382
0.923937
0.923306
0.919611
0.913123
0.904323
0.893949
0.882924
0.872188
0.862575
0.854655
0.84867
0.844604
0.842307
0.841575
0.842124
0.843517
0.845133
0.846147
0.845662
0.842833
0.837071
0.828265
0.817097
0.805116
0.794468
0.787217
0.784453
0.785881
0.790212
0.795882
0.801646
0.806904
0.811676
0.816456
0.821893
0.828399
0.835827
0.84349
0.850481
0.856006
0.859584
0.861027
0.860307
0.857396
0.852331
0.845389
0.837349
0.829572
0.82368
0.820947
0.82185
0.826146
0.833158
0.841985
0.851553
0.860661
0.86818
0.873366
0.876019
0.876458
0.875357
0.873447
0.871387
0.869736
0.869026
0.869632
0.871592
0.874473
0.877432
0.879576
0.880415
0.88021
0.879847
0.880202
0.881484
0.883004
0.88348
0.881587
0.876458
0.868032
0.857199
0.845614
0.835251
0.827801
0.82416
0.824292
0.827457
0.832654
0.838923
0.845436
0.851367
0.855775
0.857716
0.85655
0.852409
0.846362
0.840124
0.835492
0.833755
0.835376
0.840081
0.84721
0.85604
0.865923
0.87632
0.886812
0.897111
0.906961
0.915996
0.923589
0.928905
0.931037
0.929327
0.923637
0.914663
0.904184
0.895013
0.89008
0.890856
0.896444
0.904418
0.912601
0.920044
0.926893
0.93373
0.94097
0.948495
0.955492
0.960623
0.962429
0.959902
0.952969
0.942799
0.931809
0.922998
0.918568
0.918628
0.921189
0.923505
0.923507
0.920382
0.914413
0.906469
0.897483
0.88816
0.878917
0.870018
0.861796
0.854705
0.849388
0.846566
0.846775
0.850074
0.855802
0.862738
0.869527
0.875189
0.879387
0.882421
0.884985
0.887785
0.891245
0.895501
0.900545
0.906381
0.912873
0.919622
0.925921
0.930897
0.93383
0.934419
0.932867
0.929857
0.926225
0.922533
0.918779
0.914443
0.908758
0.901142
0.891571
0.880739
0.870021
0.861234
0.856167
0.856014
0.860922
0.869856
0.880996
0.892366
0.902406
0.910279
0.915766
0.918914
0.919742
0.918109
0.913825
0.906861
0.897581
0.886814
0.875823
0.866195
0.859651
0.857798
0.861763
0.871723
0.886648
0.904371
0.922137
0.937277
0.947677
0.952091
0.950205
0.942589
0.93056
0.916012
0.901152
0.888077
0.878236
0.871988
0.868562
0.866517
0.864489
0.861826
0.858831
0.856529
0.855897
0.857113
0.859437
0.861755
0.863346
0.86414
0.86457
0.8653
0.866981
0.870118
0.874944
0.881331
0.888702
0.896038
0.901984
0.905128
0.904343
0.899154
0.889942
0.877844
0.864434
0.85122
0.839378
0.829845
0.823493
0.821013
0.822469
0.82691
0.832589
0.837671
0.841021
0.842522
0.843018
0.843954
0.846998
0.853442
0.863589
0.876246
0.888946
0.898891
0.904104
0.903798
0.898312
0.888681
0.876444
0.863415
0.851423
0.842034
0.836196
0.834143
0.83556
0.839863
0.846357
0.854221
0.862496
0.870148
0.876266
0.880181
0.881561
0.880411
0.87708
0.872245
0.866822
0.861877
0.858416
0.857147
0.858343
0.861747
0.866761
0.872758
0.879423
0.886921
0.895797
0.906594
0.919377
0.933487
0.947638
0.960294
0.970062
0.97593
0.977271
0.973813
0.965645
0.953137
0.936906
0.917795
0.896902
0.875563
0.855407
0.838216
0.825619
0.818617
0.817254
0.8205
0.826523
0.83337
0.839542
0.844379
0.848077
0.851305
0.854715
0.858554
0.862598
0.866222
0.868616
0.869066
0.867308
0.863672
0.859063
0.854684
0.85163
0.850652
0.852086
0.85603
0.862486
0.871249
0.881693
0.89267
0.902765
0.910721
0.915788
0.917776
0.916949
0.913876
0.909356
0.904292
0.899543
0.895766
0.893229
0.891803
0.891052
0.890338
0.888862
0.88577
0.880362
0.872419
0.862623
0.853027
0.84695
0.847573
0.855802
0.869484
0.884995
0.899264
0.910532
0.917991
0.92123
0.919985
0.914083
0.903598
0.889027
0.871498
0.852875
0.835528
0.821755
0.812934
0.809186
0.809663
0.813212
0.818819
0.825675
0.833149
0.840735
0.848029
0.854687
0.860402
0.864866
0.867826
0.869143
0.868862
0.86741
0.865679
0.864923
0.866353
0.870619
0.877405
0.885444
0.893007
0.898508
0.900921
0.899916
0.895816
0.889373
0.881585
0.873447
0.865756
0.859067
0.853626
0.849319
0.845651
0.84183
0.837022
0.830638
0.822541
0.813077
0.802979
0.793257
0.785124
0.779924
0.778806
0.782285
0.78985
0.799973
0.810547
0.819495
0.825191
0.82666
0.823645
0.81667
0.807194
0.79751
0.790201
0.787212
0.78908
0.79491
0.802983
0.811522
0.819242
0.825507
0.830111
0.832967
0.833994
0.833201
0.830795
0.827279
0.823503
0.820731
0.820543
0.824281
0.832426
0.84426
0.858206
0.872528
0.885795
0.897014
0.905498
0.910819
0.912803
0.911584
0.90758
0.901342
0.893322
0.883662
0.872245
0.858991
0.844264
0.829109
0.815194
0.804374
0.798079
0.796836
0.800276
0.807561
0.817727
0.829704
0.842089
0.853145
0.861123
0.864795
0.863837
0.859026
0.852214
0.846064
0.84357
0.847363
0.858868
0.877741
0.9019
0.928283
0.953738
0.975711
0.992509
1.00335
1.00834
1.00833
1.00469
0.998897
0.992147
0.985125
0.97814
0.971357
0.964969
0.959184
0.954155
0.949765
0.94557
0.940846
0.934822
0.926899
0.916864
0.905033
0.892318
0.880156
0.870191
0.863743
0.861461
0.863258
0.868512
0.876409
0.886224
0.897498
0.909972
0.923336
0.937059
0.950314
0.962152
0.971705
0.978333
0.981611
0.981351
0.977568
0.97043
0.960196
0.947209
0.931899
0.914864
0.896942
0.879262
0.86314
0.849939
0.840847
0.83661
0.83736
0.842566
0.851136
0.861645
0.87258
0.88258
0.890527
0.895497
0.89672
0.893663
0.886307
0.875357
0.862347
0.849486
0.83924
0.833774
0.834388
0.841236
0.853351
0.869054
0.886415
0.903654
0.919331
0.932444
0.942396
0.949013
0.952421
0.952996
0.951274
0.947825
0.943159
0.937749
0.932106
0.926749
0.922144
0.918591
0.916112
0.914404
0.912999
0.91151
0.909881
0.908393
0.907384
0.90691
0.906573
0.905602
0.903158
0.898542
0.891381
0.881712
0.870027
0.857173
0.844165
0.831933
0.821263
0.81297
0.808164
0.808187
0.814078
0.825909
0.842545
0.861942
0.881728
0.899853
0.914962
0.926445
0.934147
0.938077
0.938255
0.93481
0.928116
0.918954
0.908474
0.898051
0.889003
0.882242
0.878011
0.875975
0.875551
0.876274
0.878084
0.881294
0.886274
0.893069
0.901049
0.908877
0.914843
0.917377
0.915544
0.909168
0.898781
0.885392
0.870385
0.855388
0.842059
0.831802
0.825389
0.822685
0.822823
0.824649
0.827204
0.83003
0.833227
0.837281
0.842799
0.850198
0.859396
0.869634
0.879478
0.887118
0.890738
0.888928
0.881114
0.867991
0.851916
0.836857
0.827451
0.827216
0.837064
0.855293
0.87857
0.903041
0.925266
0.942995
0.955482
0.96322
0.967247
0.968499
0.96741
0.963905
0.957632
0.948254
0.935777
0.920723
0.904205
0.887836
0.873529
0.863116
0.857853
0.85799
0.862679
0.87021
0.878695
0.886752
0.893861
0.900145
0.905808
0.910614
0.913844
0.914708
0.913008
0.909558
0.906254
0.905418
0.908693
0.916106
0.926054
0.936218
0.944581
0.950142
0.953084
0.954516
0.955883
0.958169
0.961209
0.963668
0.963786
0.96039
0.953547
0.944542
0.935314
0.927572
0.922227
0.919297
0.918189
0.918137
0.918502
0.918846
0.918908
0.918555
0.917678
0.91627
0.914526
0.912876
0.911929
0.912261
0.914234
0.9179
0.922974
0.928905
0.934899
0.940021
0.943336
0.94409
0.941822
0.936429
0.928136
0.917406
0.904954
0.891673
0.878609
0.866887
0.857498
0.851022
0.847446
0.846092
0.845849
0.845482
0.844006
0.841011
0.836815
0.832332
0.828727
0.826855
0.826929
0.828515
0.830848
0.833227
0.835263
0.83701
0.83895
0.841913
0.846827
0.85435
0.86444
0.876114
0.88773
0.897539
0.904213
0.907114
0.906218
0.901912
0.894837
0.885846
0.876067
0.866863
0.85967
0.855634
0.855254
0.858317
0.864154
0.872058
0.88146
0.891735
0.901922
0.910766
0.917091
0.920179
0.919874
0.916512
0.910792
0.903698
0.896444
0.890281
0.886237
0.884704
0.885179
0.886329
0.886499
0.884372
0.879521
0.872609
0.865168
0.859053
0.855841
0.85635
0.860582
0.867908
0.877308
0.887479
0.896933
0.90423
0.908406
0.909344
0.907841
0.905256
0.902774
0.900866
0.899101
0.896581
0.89247
0.886501
0.879138
0.871552
0.865437
0.862677
0.864806
0.872342
0.884422
0.899014
0.913554
0.92562
0.933297
0.935348
0.931248
0.921256
0.906434
0.888599
0.870095
0.853394
0.840533
0.832637
0.829731
0.830945
0.834927
0.840311
0.846049
0.851549
0.856702
0.861789
0.867305
0.873738
0.881348
0.890041
0.899335
0.908449
0.916487
0.922653
0.926398
0.927461
0.925858
0.921815
0.915696
0.907959
0.899174
0.890043
0.881412
0.874199
0.869243
0.867156
0.868152
0.871973
0.877932
0.88511
0.892508
0.899092
0.903848
0.905846
0.904494
0.899758
0.892329
0.883497
0.874963
0.868543
0.865859
0.867948
0.874826
0.88518
0.8966
0.906238
0.911687
0.911665
0.906191
0.896451
0.884316
0.871834
0.860847
0.852767
0.848405
0.847838
0.850369
0.854764
0.859658
0.863884
0.866533
0.866917
0.864656
0.859909
0.853681
0.847867
0.844707
0.84579
0.851246
0.859757
0.869378
0.878338
0.885485
0.890319
0.892784
0.893172
0.892088
0.890418
0.888971
0.887997
0.886936
0.884847
0.881096
0.87583
0.869929
0.864791
0.861903
0.862406
0.866719
0.874423
0.884435
0.895371
0.906002
0.915473
0.923413
0.929821
0.934968
0.939216
0.942862
0.946058
0.948778
0.950819
0.951942
0.951985
0.950991
0.949162
0.946774
0.94402
0.940884
0.937104
0.932169
0.92548
0.916591
0.905482
0.892689
0.879335
0.867016
0.857604
0.852765
0.853264
0.858448
0.866546
0.875542
0.883862
0.89055
0.895071
0.897162
0.896747
0.893913
0.888954
0.882379
0.874932
0.86751
0.860836
0.855073
0.849621
0.843368
0.835338
0.825263
0.813776
0.802114
0.791569
0.783008
0.776948
0.773943
0.774557
0.778775
0.78575
0.794272
0.803325
0.812206
0.820416
0.827557
0.833414
0.837934
0.841242
0.843547
0.845041
0.845773
0.845554
0.844043
0.840885
0.83593
0.829266
0.821225
0.812462
0.804068
0.797502
0.794262
0.795362
0.800814
0.809555
0.819821
0.829819
0.838272
0.844679
0.849315
0.852887
0.856143
0.859613
0.863572
0.868106
0.873208
0.878802
0.88477
0.890919
0.896968
0.902549
0.907257
0.910696
0.912559
0.912695
0.911112
0.907931
0.903379
0.897773
0.891551
0.885191
0.879093
0.873375
0.867725
0.861589
0.85454
0.846611
0.838546
0.831697
0.827533
0.827111
0.830707
0.837783
0.84721
0.857426
0.8668
0.874091
0.878831
0.881394
0.882739
0.883944
0.885787
0.888629
0.892486
0.897212
0.902693
0.908979
0.916174
0.924382
0.933625
0.943657
0.953838
0.963097
0.970129
0.973756
0.973219
0.968279
0.959235
0.946875
0.932312
0.916756
0.901331
0.886844
0.87377
0.862287
0.852396
0.844021
0.837104
0.831711
0.828097
0.826649
0.827751
0.831588
0.837961
0.846264
0.855612
0.865035
0.873674
0.880848
0.886081
0.889073
0.889663
0.887866
0.8839
0.878167
0.871216
0.863646
0.856021
0.848822
0.842445
0.837248
0.833594
0.831846
0.832273
0.835007
0.840054
0.847271
0.856329
0.866516
0.876726
0.885595
0.891913
0.894946
0.894556
0.891057
0.885095
0.877474
0.86905
0.860648
0.853061
0.846945
0.842557
0.839611
0.837455
0.835403
0.8331
0.830718
0.828855
0.828242
0.829384
0.832283
0.836384
0.84083
0.844827
0.847907
0.85
0.851372
0.852461
0.853729
0.855517
0.858019
0.86122
0.86497
0.869053
0.873367
0.877967
0.883055
0.888783
0.895029
0.901291
0.906701
0.910227
0.910947
0.908317
0.902344
0.893625
0.883241
0.872562
0.863066
0.856013
0.852207
0.851823
0.85443
0.859208
0.865227
0.871636
0.877831
0.883469
0.888333
0.892184
0.894645
0.895208
0.893467
0.889364
0.883295
0.876044
0.86856
0.861734
0.856242
0.852421
0.850305
0.849739
0.850578
0.852694
0.855797
0.859182
0.861797
0.862683
0.861442
0.858481
0.854836
0.851738
0.850158
0.850539
0.852667
0.855841
0.859176
0.862007
0.864117
0.865705
0.867091
0.868389
0.869324
0.869298
0.86774
0.864488
0.860032
0.855442
0.852015
0.850782
0.852102
0.85568
0.860832
0.866804
0.872998
0.878937
0.88419
0.888324
0.890875
0.891473
0.889992
0.886672
0.88203
0.876797
0.871857
0.868101
0.866329
0.867125
0.870697
0.876803
0.884766
0.893611
0.90218
0.909332
0.914107
0.915915
0.914701
0.910945
0.905555
0.899651
0.894328
0.89049
0.888741
0.889302
0.891992
0.896285
0.901447
0.906686
0.911368
0.915122
0.917887
0.919831
0.921235
0.922384
0.923481
0.92459
0.925591
0.926174
0.925868
0.924123
0.920482
0.91483
0.907507
0.899268
0.891117
0.884045
0.878844
0.875914
0.875188
0.876042
0.87738
0.877836
0.876058
0.871018
0.862303
0.850281
0.836209
0.822113
0.810403
0.80323
0.801764
0.805821
0.8141
0.824818
0.836247
0.846964
0.855878
0.862204
0.865552
0.865978
0.864022
0.860633
0.857022
0.854453
0.853968
0.856254
0.861616
0.870011
0.88102
0.893741
0.906812
0.918556
0.927433
0.932513
0.933869
0.932636
0.9306
0.929393
0.929599
0.930542
0.930867
0.929449
0.925955
0.920861
0.915171
0.91001
0.906189
0.903882
0.902618
0.901488
0.899415
0.895446
0.888974
0.879862
0.868492
0.855734
0.842887
0.831508
0.823011
0.818106
0.816344
0.816327
0.816527
0.816279
0.816096
0.81714
0.820226
0.825192
0.831141
0.837088
0.842422
0.846995
0.850947
0.854484
0.857669
0.860405
0.862538
0.864082
0.865421
0.867322
0.870806
0.87683
0.88585
0.897482
0.910307
0.922127
0.930501
0.933406
