0 29.1462
1 30.3409
2 31.312
3 30.3671
4 26.4576
5 25.3773
6 35.4497
7 34.6801
8 32.5025
9 28.5154
10 28.6969
11 30.0281
12 34.4616
13 33.3962
14 25.9328
15 27.142
16 26.3221
17 31.6043
18 31.9159
19 31.7996
20 26.6062
21 31.5229
22 36.1561
23 28.3301
24 25.8806
25 35.1514
26 32.7237
27 28.9518
28 32.1424
29 28.0766
30 29.3852
31 26.1284
32 36.3932
33 28.3811
34 34.5621
35 38.5419
36 26.015
37 29.8167
38 31.8781
39 37.3073
40 29.9114
41 34.0316
42 33.0545
43 33.7382
44 32.8232
45 39.8423
46 40.9769
47 31.957
48 33.6435
49 36.5398
50 33.536
51 30.71
52 29.3031
53 33.2235
54 30.9284
55 31.8278
56 35.461
57 34.313
58 30.5626
59 32.1056
60 29.9176
61 31.6959
62 36.924
63 26.6001
64 30.4289
65 33.8107
66 35.0557
67 30.0908
68 31.4188
69 35.0108
70 30.6406
71 26.5598
72 30.3677
73 36.0322
74 30.6889
75 31.6602
76 32.0425
77 32.9586
78 29.685
79 32.6549
80 30.1958
81 28.4432
82 34.1368
83 30.1854
84 23.7682
85 27.9755
86 31.3689
87 28.1586
88 30.3613
89 36.751
90 32.1721
91 32.2565
92 30.4726
93 31.259
94 26.9599
95 33.1554
96 33.1358
97 31.3595
98 33.1459
99 30.6217
100 35.8118
101 29.7995
102 28.7179
103 32.609
104 30.9957
105 29.4822
106 28.1609
107 31.6041
108 24.5953
109 28.616
110 28.1063
111 30.5045
112 31.5614
113 31.4007
114 31.2524
115 31.9954
116 28.4116
117 28.8323
118 37.8814
119 35.5628
120 34.6024
121 27.412
122 27.6522
123 37.0231
124 27.0789
125 24.4805
126 27.6825
127 31.5676
128 33.3811
129 32.1287
130 31.7868
131 30.2527
132 26.1396
133 36.7329
134 26.633
135 30.8085
136 33.5207
137 35.1134
138 29.0963
139 35.7551
140 37.6311
141 30.8281
142 34.7942
143 32.686
144 29.3932
145 30.6076
146 36.1631
147 30.8006
148 28.2989
149 28.0718
150 33.2059
151 31.1306
152 27.0318
153 32.0064
154 26.6323
155 28.3515
156 26.3575
157 29.2972
158 33.6451
159 27.8945
160 31.2971
161 27.12
162 31.879
163 25.5787
164 26
165 27.0949
166 29.5784
167 30.9658
168 29.177
169 26.9932
170 27.3742
171 25.8448
172 30.2327
173 23.039
174 25.1936
175 31.1069
176 25.8478
177 30.9455
178 30.8063
179 26.8241
180 28.2747
181 27.2363
182 29.4109
183 25.4965
184 32.4949
185 30.1337
186 30.9842
187 27.6817
188 30.9365
189 35.7644
190 32.4935
191 30.8536
192 27.1658
193 25.7138
194 30.9175
195 31.5371
196 28.8666
197 26.635
198 29.6956
199 25.4516
200 31.7138
201 29.4575
202 24.3556
203 28.3635
204 27.9639
205 27.3539
206 27.4009
207 26.2192
208 33.7438
209 31.4898
210 28.9619
211 30.9383
212 30.9645
213 30.7305
214 23.7785
215 26.5359
216 31.5228
217 29.77
218 27.3331
219 35.1853
220 32.1473
221 28.875
222 28.9441
223 27.2407
224 32.9997
225 33.3839
226 32.6631
227 33.3924
228 27.4309
229 23.3956
230 27.1205
231 23.4572
232 33.0122
233 21.5403
234 25.8151
235 23.3966
236 28.5827
237 26.016
238 28.5054
239 31.323
240 28.3373
241 29.1805
242 27.2151
243 31.3339
244 27.7909
245 27.0097
246 23.5782
247 27.2341
248 27.5929
249 26.7668
250 29.6394
251 24.6152
252 24.2306
253 22.5178
254 30.8679
255 27.6136
256 24.5632
257 30.0008
258 24.3892
259 27.2015
260 29.5026
261 35.3697
262 29.1775
263 23.9256
264 27.9127
265 28.5967
266 29.7604
267 24.2276
268 23.079
269 30.9405
270 23.3937
271 26.4949
272 22.4233
273 22.7623
274 24.0119
275 31.0831
276 30.0666
277 31.9362
278 30.0862
279 23.759
280 23.1758
281 28.1974
282 26.4673
283 28.3076
284 28.1185
285 20.8699
286 25.8128
287 23.4708
288 35.1742
289 29.46
290 25.989
291 29.4895
292 28.713
293 19.0117
294 22.6741
295 21.1092
296 31.1506
297 25.1409
298 25.6956
299 28.2947
300 27.7419
301 33.7419
302 28.4136
303 34.5391
304 25.6081
305 30.3014
306 28.8117
307 27.253
308 32.8602
309 27.9547
310 23.4191
311 27.5116
312 22.0181
313 26.343
314 28.1931
315 23.6128
316 26.6411
317 27.4838
318 23.365
319 26.8606
320 30.3361
321 28.2127
322 24.7236
323 28.9831
324 26.3156
325 26.1012
326 22.6341
327 30.0795
328 26.9323
329 26.2072
330 29.6675
331 25.9002
332 27.4678
333 29.0166
334 30.7797
335 27.0284
336 26.7986
337 33.2289
338 29.9975
339 23.0311
340 29.7547
341 22.6979
342 29.2965
343 24.3347
344 28.9639
345 30.1332
346 23.2325
347 25.903
348 25.7126
349 25.1155
350 26.1653
351 30.2082
352 29.1435
353 29.8074
354 30.0754
355 28.922
356 30.9293
357 32.9618
358 29.7127
359 27.1849
360 28.0214
361 26.2146
362 23.5156
363 25.0936
364 28.841
365 25.5093
366 34.4473
367 24.581
368 28.5687
369 26.6938
370 26.0059
371 29.0476
372 30.5859
373 25.2946
374 27.8
375 27.9082
376 31.4101
377 29.3124
378 28.3596
379 23.7941
380 27.9326
381 26.5355
382 21.1802
383 25.145
384 27.8451
385 23.7753
386 27.0717
387 22.0516
388 21.9113
389 24.4081
390 25.6357
391 23.3608
392 18.7751
393 25.1938
394 23.159
395 30.5809
396 27.7254
397 26.7344
398 29.8271
399 24.8761
400 30.5514
401 25.8506
402 28.1171
403 23.6717
404 23.9418
405 28.2893
406 20.0048
407 16.105
408 25.4705
409 25.5086
410 23.7307
411 26.8038
412 21.7841
413 22.9023
414 22.2568
415 20.5953
416 21.6963
417 23.4749
418 24.4983
419 24.1792
420 21.6513
421 23.5242
422 24.7407
423 28.5534
424 22.7029
425 27.4827
426 32.1676
427 21.752
428 22.4661
429 26.1322
430 25.1491
431 28.5819
432 23.7
433 28.2382
434 26.582
435 30.0569
436 23.8306
437 27.4604
438 24.1898
439 24.6134
440 24.4425
441 27.2462
442 20.6823
443 25.2979
444 27.1257
445 23.3616
446 28.3641
447 25.6859
448 22.9133
449 21.0947
450 20.3659
451 20.9902
452 23.77
453 26.9278
454 30.4701
455 28.6587
456 25.8185
457 22.6756
458 25.2686
459 24.889
460 26.648
461 22.2923
462 29.0885
463 22.5874
464 27.1295
465 26.7632
466 26.2698
467 26.452
468 27.0553
469 26.2748
470 23.6766
471 25.3369
472 25.4571
473 20.0312
474 20.7541
475 22.2995
476 25.578
477 21.8785
478 23.9533
479 23.42
480 21.0002
481 22.8403
482 23.7808
483 23.6924
484 22.9514
485 26.7879
486 26.3519
487 29.5254
488 28.2216
489 27.4472
490 28.0111
491 24.0639
492 25.1642
493 27.4493
494 29.7794
495 23.4416
496 26.3262
497 26.5236
498 27.8319
499 28.694
500 23.9474
501 22.863
502 28.4628
503 24.8663
504 21.3815
505 26.6124
506 28.0048
507 22.5974
508 23.2007
509 21.6705
510 25.4762
511 27.1373
512 20.7096
513 21.8491
514 20.348
515 23.8303
516 20.2699
517 21.7265
518 27.2396
519 30.6729
520 25.2145
521 26.2955
522 22.8597
523 23.2979
524 25.7126
525 26.2931
526 27.5011
527 27.2014
528 24.7941
529 21.9294
530 25.4551
531 21.249
532 20.6398
533 21.4812
534 23.5982
535 23.8505
536 25.1465
537 20.0984
538 20.4108
539 27.4146
540 27.0349
541 24.832
542 22.4577
543 25.1687
544 18.2363
545 20.041
546 18.104
547 18.4992
548 20.5779
549 24.9039
550 21.4591
551 16.5068
552 15.3296
553 14.9837
554 18.4155
555 17.3173
556 16.4892
557 14.4598
558 17.6518
559 24.6197
560 21.5143
561 20.8149
562 20.9986
563 21.5351
564 21.6428
565 20.4673
566 20.5059
567 20.3418
568 20.237
569 23.382
570 21.6672
571 25.2974
572 22.5687
573 20.3161
574 20.9712
575 22.4302
576 27.9741
577 21.962
578 18.9641
579 20.2236
580 22.0899
581 18.6616
582 22.0073
583 19.95
584 18.2669
585 19.8264
586 23.5102
587 23.7543
588 20.3552
589 15.0974
590 15.1854
591 17.4411
592 20.623
593 25.69
594 27.1746
595 21.9117
596 22.0812
597 17.7437
598 23.5873
599 25.1385
600 22.5472
601 24.2498
602 19.3109
603 22.9585
604 23.8188
605 23.8048
606 22.9364
607 21.8827
608 22.5309
609 24.8597
610 22.5615
611 22.7717
612 25.2894
613 22.9924
614 22.5467
615 19.0816
616 18.6831
617 24.3473
618 19.6678
619 20.7177
620 21.6322
621 17.3064
622 17.9248
623 19.895
624 19.4721
625 20.6536
626 20.4908
627 21.7763
628 19.9259
629 20.8498
630 23.0149
631 17.7999
632 21.0521
633 24.2814
634 22.9172
635 20.9983
636 21.6204
637 20.0857
638 17.2013
639 18.763
640 21.8665
641 18.2448
642 17.1474
643 16.0637
644 21.5476
645 20.8031
646 20.7221
647 21.9431
648 20.5018
649 19.5436
650 19.6401
651 18.3828
652 18.6266
653 19.3563
654 19.213
655 19.9962
656 19.2442
657 21.3987
658 21.7308
659 21.9098
660 20.2225
661 21.2992
662 21.1354
663 20.2026
664 17.6022
665 16.9891
666 18.0385
667 17.3204
668 17.7851
669 18.1504
670 17.5901
671 19.0388
672 21.0428
673 20.1726
674 20.14
675 17.7958
676 18.144
677 15.6727
678 18.309
679 19.8235
680 18.4213
681 19.2276
682 18.1421
683 18.2415
684 18.8176
685 17.8485
686 17.0881
687 16.4261
688 15.5727
689 14.4965
690 18.0347
691 18.67
692 19.15
693 20.6766
694 17.2686
695 18.9389
696 19.8409
697 23.5571
698 20.1974
699 19.1854
700 16.73
701 17.4474
702 16.9857
703 15.9021
704 15.1731
705 16.6827
706 18.1979
707 16.9694
708 18.0345
709 17.2153
710 16.8774
711 18.7773
712 17.7212
713 15.8348
714 19.7645
715 15.6366
716 16.2956
717 16.6555
718 16.5446
719 15.7949
720 17.1357
721 18.9826
722 16.9699
723 18.1306
724 19.5955
725 18.0091
726 16.6906
727 18.597
728 15.1418
729 17.1654
730 17.527
731 16.8932
732 17.8415
733 15.2028
734 14.5799
735 14.0247
736 13.7868
737 13.0173
738 13.0731
739 13.82
740 12.8494
741 14.0868
742 13.1464
743 12.5263
744 12.1638
745 12.3023
746 11.8964
747 14.5431
748 16.0216
749 16.5651
750 16.1023
751 13.4653
752 12.334
753 12.2955
754 13.6065
755 15.2965
756 12.2957
757 12.8424
758 14.5335
759 14.7922
760 13.888
761 13.8854
762 13.9924
763 12.8312
764 12.7384
765 12.1872
766 11.6012
767 13.5758
768 14.1216
769 13.7741
770 14.8259
771 18.6467
772 19.4585
773 17.9533
774 17.2341
775 18.5729
776 18.3106
777 16.7927
778 14.7217
779 13.5905
780 16.0111
781 16.3003
782 15.6699
783 14.8513
784 14.9224
785 14.0215
786 14.0914
787 14.1697
788 13.6117
789 12.9786
790 12.3903
791 13.8069
792 13.5441
793 14.7641
794 13.2588
795 13.7622
796 13.543
797 15.8566
798 15.5332
799 15.9611
800 15.3879
801 17.5817
802 15.2455
803 14.3753
804 14.4711
805 14.8387
806 15.2427
807 14.3856
808 14.4762
809 14.132
810 12.7837
811 12.7031
812 13.3326
813 13.879
814 16.1696
815 16.3533
816 17.1286
817 15.1763
818 14.5711
819 14.912
820 13.7403
821 14.1216
822 14.6766
823 14.3866
824 13.2694
825 12.3462
826 12.0597
827 9.9804
828 9.84971
829 10.8487
830 10.59
831 10.6931
832 10.4582
833 10.0711
834 9.32839
835 9.4029
836 8.57773
837 8.00812
838 7.58318
839 9.04134
840 8.43715
841 8.49538
842 8.50098
843 8.484
844 8.42511
845 8.39892
846 7.76305
847 7.7612
848 7.84189
849 8.09086
850 9.7302
851 9.41498
852 9.41535
853 9.24679
854 9.23972
855 9.23775
856 8.66526
857 8.28716
858 8.77168
859 8.7941
860 8.25638
861 7.9138
862 7.55859
863 7.83222
864 6.93253
865 7.42062
866 7.42062
867 8.46279
868 8.68941
869 7.97224
870 7.97224
871 8.02875
872 8.29621
873 8.04761
874 8.04761
875 8.22858
876 8.2916
877 7.98008
878 7.66181
879 7.73817
880 7.71828
881 7.25434
882 7.25434
883 6.6131
884 6.87781
885 6.72641
886 6.75766
887 6.77513
888 6.74629
889 6.48157
890 6.25818
891 6.50289
892 6.85118
893 6.50363
894 6.52834
895 6.53591
896 6.53591
897 6.60013
898 7.38857
899 7.38857
900 7.38874
901 7.29908
902 7.29908
903 7.63614
904 7.61893
905 7.05059
906 6.80313
907 6.76164
908 6.76164
909 6.89453
910 6.95927
911 6.89453
912 6.91199
913 6.91199
914 6.91187
915 6.99335
916 6.99335
917 6.99348
918 6.91764
919 6.60304
920 6.60304
921 6.60304
922 6.60331
923 6.47072
924 6.64768
925 6.63021
926 6.45935
927 6.45935
928 6.50579
929 6.51064
930 6.33979
931 6.2923
932 6.2923
933 6.50686
934 6.3299
935 6.30093
936 6.30093
937 6.28804
938 6.28804
939 6.28804
940 6.42063
941 6.42063
942 6.66776
943 6.51047
944 6.58683
945 6.32754
946 6.32754
947 6.51402
948 6.51434
949 6.50145
950 6.74959
951 6.67323
952 6.69794
953 6.46726
954 6.46726
955 6.46726
956 6.4498
957 6.52583
958 6.52596
959 6.52596
960 6.52583
961 6.52583
962 6.46236
963 6.48257
964 6.48257
965 6.3299
966 6.31701
967 6.31701
968 6.31701
969 6.31701
970 6.31701
971 6.34737
972 6.34737
973 6.34737
974 6.30093
975 6.27623
976 6.27623
977 6.27623
978 6.25876
979 6.24587
980 6.24587
981 6.24587
982 6.24587
983 6.23829
984 6.25818
985 6.25818
986 6.25818
987 6.25818
988 6.25818
989 6.25818
990 6.25818
991 6.27565
992 6.26575
993 6.26575
994 6.26575
995 6.26575
996 6.26575
997 6.26575
998 6.26575
999 6.26575
1000 6.26575
