0 25.2206
1 29.0608
2 25.8536
3 32.8273
4 33.4599
5 30.5262
6 35.3122
7 33.6128
8 28.1469
9 37.4
10 35.6318
11 35.9438
12 25.8538
13 29.6387
14 30.6342
15 30.7207
16 29.6262
17 28.7296
18 32.2654
19 31.8185
20 34.1437
21 29.9082
22 26.3137
23 29.7914
24 41.8838
25 29.1341
26 27.2211
27 32.0907
28 29.5122
29 33.9219
30 31.4999
31 28.4186
32 27.5644
33 34.9048
34 31.0624
35 32.1208
36 31.9886
37 33.367
38 27.9261
39 30.0441
40 33.1736
41 29.1695
42 34.3046
43 34.259
44 21.5704
45 26.5654
46 36.1692
47 28.2927
48 32.2828
49 27.7813
50 30.8942
51 33.7892
52 28.1769
53 30.5877
54 29.7157
55 32.1134
56 28.8659
57 32.2041
58 31.1252
59 32.1383
60 31.0802
61 29.1591
62 32.5099
63 30.1567
64 30.9358
65 35.0148
66 33.2305
67 30.6606
68 29.4466
69 31.1389
70 35.5696
71 29.2841
72 26.2919
73 25.2486
74 30.986
75 32.2517
76 28.0888
77 32.0303
78 25.8055
79 28.8005
80 34.0285
81 32.8795
82 27.222
83 33.9919
84 25.0797
85 33.3807
86 26.4707
87 24.6189
88 36.1004
89 37.5524
90 30.119
91 29.0259
92 29.2703
93 23.6822
94 27.8739
95 34.942
96 30.3121
97 30.4184
98 26.8582
99 23.558
100 25.4011
101 31.3837
102 30.1455
103 23.8579
104 22.7926
105 30.179
106 29.7914
107 29.397
108 31.2896
109 28.1328
110 27.546
111 23.2029
112 26.0035
113 30.3657
114 32.0904
115 27.8869
116 31.6786
117 34.6762
118 30.0207
119 34.5914
120 31.2522
121 30.4642
122 33.9901
123 23.8958
124 27.2696
125 37.0656
126 26.7927
127 33.4086
128 23.4968
129 30.79
130 28.6349
131 24.4878
132 26.7363
133 28.0785
134 29.9663
135 33.9741
136 37.1804
137 31.9724
138 36.6242
139 32.2606
140 30.3842
141 30.637
142 27.925
143 29.5975
144 31.2608
145 33.0036
146 29.92
147 33.7978
148 25.3552
149 25.8224
150 28.1777
151 31.44
152 25.4589
153 29.8896
154 27.7955
155 27.0437
156 29.403
157 30.69
158 27.3855
159 28.0268
160 29.3753
161 30.7917
162 29.0964
163 38.1058
164 38.8014
165 33.9299
166 28.4445
167 27.9754
168 31.0069
169 27.2625
170 23.1778
171 30.3317
172 28.6612
173 29.6372
174 28.9453
175 28.6734
176 28.1165
177 26.9762
178 26.8309
179 31.7054
180 29.4173
181 27.81
182 27.1743
183 27.1858
184 30.0038
185 33.8854
186 33.236
187 24.7313
188 22.0465
189 28.8753
190 37.6131
191 30.3386
192 31.6209
193 31.7725
194 26.6452
195 28.123
196 28.9019
197 35.2127
198 33.6796
199 25.2298
200 31.4466
201 30.3209
202 34.8833
203 27.8986
204 29.479
205 37.5997
206 30.646
207 27.4628
208 26.1308
209 31.0184
210 31.4822
211 35.928
212 33.301
213 26.6685
214 30.1671
215 31.5695
216 25.5507
217 32.1668
218 28.1106
219 26.1
220 28.1017
221 32.44
222 32.2978
223 24.7043
224 29.3727
225 31.1612
226 36.0664
227 34.3746
228 28.3729
229 24.3058
230 22.6331
231 30.3896
232 27.6427
233 26.4246
234 27.0865
235 32.0846
236 27.1126
237 33.3436
238 30.301
239 24.8492
240 26.1604
241 23.9429
242 28.836
243 25.8654
244 23.7384
245 26.747
246 24.7246
247 24.7136
248 34.4118
249 30.4023
250 26.8436
251 27.0488
252 30.6745
253 26.5755
254 29.0064
255 31.9069
256 27.5874
257 29.6211
258 31.7737
259 29.0335
260 27.2146
261 24.0245
262 27.9539
263 27.9322
264 25.7044
265 25.7839
266 35.6095
267 33.315
268 26.4222
269 26.2065
270 33.8852
271 35.611
272 28.4527
273 24.9705
274 28.2524
275 29.8351
276 32.3057
277 35.1225
278 25.6016
279 24.895
280 28.4809
281 32.2556
282 34.598
283 29.6597
284 26.4458
285 30.1779
286 27.9364
287 27.4651
288 31.8886
289 27.9589
290 29.698
291 27.9506
292 28.6595
293 25.7531
294 25.5859
295 25.7466
296 27.2367
297 27.728
298 28.0965
299 26.4044
300 23.9366
301 28.0623
302 29.8472
303 30.3059
304 24.8799
305 25.0181
306 26.2867
307 25.3334
308 30.7272
309 28.1584
310 27.9893
311 28.2906
312 20.882
313 31.0677
314 28.6493
315 24.6019
316 25.5609
317 27.6587
318 23.2553
319 29.9009
320 27.6511
321 33.7091
322 29.2466
323 33.5475
324 24.8502
325 30.2162
326 25.7463
327 21.6311
328 21.4676
329 30.893
330 28.7689
331 28.2243
332 29.8468
333 30.2074
334 21.0156
335 26.858
336 24.9129
337 30.2807
338 26.9675
339 30.156
340 28.425
341 22.6786
342 29.0294
343 23.9568
344 24.3265
345 23.7791
346 24.4263
347 27.3823
348 23.2185
349 30.1174
350 26.271
351 23.0729
352 26.1552
353 25.3214
354 27.3898
355 25.1741
356 29.3898
357 21.0409
358 22.0459
359 23.6142
360 24.8012
361 24.557
362 28.8389
363 27.3135
364 24.8087
365 26.7736
366 27.2515
367 25.2716
368 28.82
369 30.4961
370 28.7574
371 31.7203
372 30.2558
373 26.0422
374 25.9774
375 29.5731
376 23.8502
377 29.3949
378 21.8942
379 26.6858
380 32.3773
381 29.7742
382 27.1125
383 24.2449
384 20.7638
385 26.7977
386 30.8925
387 27.4565
388 30.9235
389 30.1474
390 24.3537
391 24.3085
392 22.4513
393 26.8388
394 23.6619
395 30.0066
396 25.9941
397 28.0735
398 28.2158
399 23.5554
400 25.2842
401 29.3567
402 28.5711
403 26.1582
404 26.1904
405 26.8301
406 24.356
407 28.4266
408 33.0788
409 21.1785
410 24.0188
411 23.7115
412 25.3645
413 19.6497
414 29.3187
415 28.0792
416 24.785
417 23.8345
418 24.4643
419 24.6883
420 23.7722
421 23.8123
422 28.1783
423 32.2876
424 29.1242
425 27.243
426 24.9568
427 24.6757
428 27.5364
429 26.3855
430 23.7485
431 23.3303
432 24.5019
433 27.503
434 25.9704
435 30.3702
436 25.9362
437 26.6222
438 26.0136
439 22.3186
440 28.7937
441 25.4144
442 30.8054
443 29.4039
444 27.9996
445 28.5052
446 20.8696
447 30.9996
448 30.3122
449 29.7948
450 25.9201
451 22.2507
452 26.9499
453 21.2678
454 22.2723
455 27.4443
456 27.3611
457 29.4061
458 22.8901
459 25.1995
460 27.5276
461 24.3412
462 29.4251
463 25.9343
464 22.8408
465 22.0169
466 26.7797
467 28.7556
468 26.315
469 24.8464
470 22.6974
471 22.706
472 26.0401
473 27.2623
474 29.1427
475 27.1533
476 20.3937
477 21.9266
478 23.3847
479 25.9311
480 22.8658
481 27.4381
482 20.6261
483 21.4718
484 25.0253
485 21.5019
486 21.9472
487 29.1439
488 23.8651
489 23.3252
490 21.1748
491 25.4908
492 24.1951
493 19.7499
494 16.0765
495 21.5617
496 20.2413
497 21.6007
498 20.1694
499 23.7926
500 23.0726
501 25.0987
502 26.5276
503 21.1231
504 22.0453
505 23.8876
506 24.6072
507 22.5819
508 24.4353
509 25.2191
510 27.6015
511 28.4
512 20.9247
513 18.4982
514 17.2229
515 15.6139
516 19.9219
517 23.9928
518 21.877
519 20.8361
520 25.1276
521 21.7755
522 24.6831
523 20.2394
524 22.2123
525 23.4234
526 19.7663
527 24.5374
528 29.741
529 28.175
530 31.0696
531 27.924
532 26.3101
533 23.3239
534 21.6277
535 19.8548
536 21.5432
537 22.9347
538 19.3535
539 20.5429
540 21.6695
541 21.6744
542 28.8606
543 27.537
544 23.8847
545 22.7125
546 26.6066
547 25.2647
548 20.9866
549 18.3688
550 25.6872
551 26.5492
552 22.2595
553 25.7397
554 28.877
555 23.6454
556 23.422
557 24.734
558 21.6744
559 20.5659
560 21.9732
561 19.4915
562 23.4531
563 17.9937
564 21.1641
565 17.4646
566 17.4091
567 19.8575
568 16.2429
569 19.4678
570 21.9573
571 26.8615
572 20.9758
573 20.2426
574 18.223
575 21.8055
576 28.3389
577 22.2637
578 23.9265
579 25.8054
580 18.1122
581 17.419
582 24.9185
583 26.429
584 23.3908
585 29.7041
586 25.3518
587 21.939
588 22.2743
589 25.4408
590 18.7087
591 17.9363
592 16.3847
593 20.4069
594 25.4108
595 23.3885
596 18.3073
597 16.1899
598 19.3118
599 19.8502
600 19.7838
601 19.4364
602 20.9183
603 19.5339
604 21.2394
605 18.0457
606 15.5348
607 14.0578
608 13.4786
609 13.8915
610 16.4223
611 16.6956
612 16.0411
613 15.5113
614 17.9449
615 24.2403
616 16.8098
617 17.2143
618 18.126
619 18.4058
620 18.8177
621 17.2725
622 18.0686
623 18.3234
624 23.2528
625 22.3411
626 23.5808
627 26.7376
628 22.1988
629 18.7923
630 18.2036
631 19.1508
632 18.6036
633 21.9178
634 22.6385
635 19.9954
636 19.6146
637 18.8495
638 17.6967
639 15.4327
640 12.8043
641 11.9757
642 11.982
643 12.7296
644 12.349
645 15.5173
646 20.055
647 22.4582
648 20.4459
649 21.3903
650 19.1798
651 16.2225
652 16.1618
653 16.1758
654 20.6792
655 19.652
656 20.5604
657 19.4374
658 19.8705
659 18.5931
660 17.0021
661 20.8153
662 21.026
663 17.5166
664 20.0153
665 18.102
666 15.9779
667 15.9338
668 14.5505
669 14.2406
670 15.2755
671 15.9581
672 15.5063
673 13.5045
674 10.7672
675 12.3025
676 14.2168
677 17.6096
678 21.8762
679 21.216
680 22.0343
681 20.8413
682 20.8651
683 18.8117
684 16.0024
685 17.6998
686 17.8421
687 16.3041
688 16.6984
689 17.5602
690 18.9123
691 17.7584
692 17.791
693 19.419
694 15.1765
695 15.5489
696 16.3477
697 16.9679
698 18.2254
699 17.3896
700 17.003
701 17.6878
702 19.0792
703 19.5425
704 16.8259
705 15.015
706 16.2672
707 15.0666
708 16.4336
709 17.3762
710 12.9296
711 14.0312
712 14.9759
713 14.6206
714 16.3402
715 17.3904
716 17.9666
717 15.7386
718 20.2342
719 21.2574
720 19.6847
721 20.2322
722 18.6463
723 17.9171
724 21.087
725 19.832
726 22.0971
727 17.0766
728 14.4255
729 13.4944
730 13.7088
731 13.547
732 13.3484
733 12.4396
734 11.9951
735 12.9363
736 14.4422
737 13.7451
738 14.1082
739 15.5929
740 14.3947
741 14.4382
742 15.2008
743 14.6185
744 14.4633
745 15.4693
746 16.3196
747 15.8883
748 13.7401
749 13.6396
750 14.4306
751 14.0297
752 14.1571
753 13.2197
754 13.7812
755 11.648
756 11.8151
757 11.6056
758 11.6564
759 11.5781
760 12.0505
761 11.8228
762 11.9272
763 12.1727
764 12.2939
765 12.6339
766 12.3301
767 11.8455
768 11.0518
769 10.4896
770 11.1
771 11.2483
772 10.896
773 12.4931
774 12.7948
775 14.8252
776 13.0258
777 14.1813
778 12.9398
779 14.1291
780 12.4313
781 12.6075
782 12.6684
783 12.9086
784 12.8097
785 12.1085
786 12.815
787 12.8107
788 12.4157
789 12.4605
790 12.6327
791 14.2868
792 13.4162
793 14.4605
794 14.4902
795 13.5296
796 13.601
797 15.8392
798 15.7253
799 15.2788
800 15.9246
801 15.6722
802 15.6274
803 15.6181
804 14.7207
805 13.0569
806 14.0869
807 14.2756
808 13.8037
809 13.2892
810 13.0394
811 14.1413
812 14.4045
813 15.1863
814 15.1083
815 14.3123
816 14.0336
817 14.5762
818 13.9911
819 13.7886
820 12.0902
821 12.0128
822 11.9748
823 12.1522
824 12.3662
825 11.4267
826 10.9215
827 9.83853
828 10.4661
829 10.7729
830 11.2992
831 11.9595
832 13.0078
833 12.5072
834 12.5072
835 12.4299
836 8.93786
837 9.65968
838 9.64968
839 9.64016
840 9.26591
841 9.12304
842 9.87116
843 10.0962
844 8.86956
845 9.81244
846 9.50132
847 9.73651
848 9.63126
849 9.44293
850 8.92857
851 9.61344
852 9.38928
853 10.5452
854 9.62503
855 9.74683
856 10.9592
857 11.5829
858 10.6692
859 9.95494
860 9.50536
861 8.97321
862 7.04454
863 7.51636
864 6.40316
865 6.40316
866 6.72361
867 6.7643
868 6.92095
869 6.89392
870 6.6622
871 6.97323
872 6.45502
873 6.32223
874 6.36866
875 6.41083
876 6.69084
877 6.62644
878 7.67757
879 8.20876
880 8.20876
881 8.20876
882 8.24167
883 7.59975
884 7.76211
885 7.83684
886 6.90306
887 6.76263
888 7.04721
889 7.31193
890 7.74293
891 6.84171
892 6.85308
893 6.83402
894 7.14953
895 7.47909
896 7.74443
897 7.66364
898 7.64719
899 7.91189
900 7.91189
901 7.61771
902 7.70978
903 7.71831
904 6.71904
905 6.45408
906 6.37971
907 6.61142
908 6.86699
909 6.90054
910 6.97663
911 7.17612
912 7.1995
913 7.45495
914 7.43971
915 6.87482
916 6.87482
917 6.86724
918 6.96033
919 6.95885
920 6.39717
921 6.37971
922 6.37247
923 6.37247
924 6.37247
925 6.35259
926 6.79554
927 6.5495
928 6.49034
929 6.47924
930 6.47166
931 6.47166
932 6.60688
933 6.53052
934 6.51306
935 6.80451
936 6.75807
937 6.81959
938 6.83061
939 7.07885
940 7.07885
941 7.1652
942 7.1652
943 7.08933
944 7.08915
945 7.08933
946 6.78522
947 6.78522
948 6.78522
949 6.78522
950 6.77412
951 6.55482
952 6.5797
953 6.29046
954 6.29046
955 6.30335
956 6.35982
957 6.35982
958 6.35982
959 6.37971
960 6.37971
961 6.35982
962 6.35982
963 6.35982
964 6.35982
965 6.35982
966 6.35982
967 6.35982
968 6.31465
969 6.31465
970 6.23829
971 6.26575
972 6.26575
973 6.39854
974 6.26575
975 6.26575
976 6.26575
977 6.26575
978 6.26575
979 6.26575
980 6.26575
981 6.26575
982 6.26575
983 6.31219
984 6.30461
985 6.25818
986 6.29046
987 6.29046
988 6.25818
989 6.25818
990 6.27107
991 6.29577
992 6.28288
993 6.28288
994 6.28288
995 6.26299
996 6.26299
997 6.26299
998 6.26299
999 6.26299
1000 6.26299
