0 32.1557
1 34.0205
2 29.3305
3 22.8555
4 25.3318
5 30.3832
6 30.8982
7 28.0525
8 33.283
9 28.5974
10 29.251
11 29.3837
12 25.9378
13 28.6734
14 25.0164
15 29.1634
16 36.6187
17 30.4459
18 29.6197
19 37.3883
20 27.3299
21 30.2759
22 35.4732
23 31.388
24 32.1965
25 35.3689
26 30.0638
27 28.5691
28 31.9428
29 25.2484
30 28.3624
31 27.7918
32 28.7694
33 29.3451
34 32.2118
35 29.0822
36 30.0752
37 32.4522
38 25.5949
39 33.2648
40 29.9021
41 35.6925
42 28.4548
43 32.0228
44 28.9411
45 27.4701
46 32.1614
47 34.3886
48 34.3692
49 35.1084
50 31.0802
51 31.8438
52 31.4617
53 32.7076
54 30.8597
55 29.1317
56 29.148
57 25.1843
58 33.1516
59 30.9633
60 27.814
61 28.2686
62 29.8273
63 32.5465
64 34.5955
65 29.7244
66 31.6774
67 27.8157
68 29.5165
69 27.79
70 22.7955
71 25.4979
72 35.0394
73 30.4177
74 31.3871
75 32.049
76 27.4774
77 27.3657
78 33.1479
79 33.8386
80 28.6975
81 36.8273
82 31.3275
83 33.264
84 29.7131
85 32.2377
86 31.8645
87 26.7539
88 33.8855
89 35.5913
90 38.0729
91 28.9305
92 33.8267
93 29.8677
94 23.6863
95 28.604
96 32.3075
97 30.0029
98 28.5779
99 33.1106
100 33.5383
101 28.0111
102 31.3426
103 38.0862
104 35.0163
105 27.8353
106 29.7546
107 28.7454
108 30.0757
109 28.3594
110 29.4576
111 35.7654
112 30.4463
113 30.6223
114 32.3128
115 31.676
116 22.7612
117 32.3767
118 28.6133
119 26.8546
120 34.0162
121 27.8817
122 34.676
123 30.1304
124 35.7693
125 25.9681
126 34.226
127 35.681
128 22.6358
129 25.2289
130 32.5712
131 27.3039
132 29.4125
133 28.3479
134 30.9342
135 35.1903
136 28.1917
137 27.5122
138 31.7516
139 29.9226
140 33.1389
141 32.3944
142 33.043
143 30.2619
144 32.0027
145 35.8483
146 35.4519
147 35.9637
148 29.7386
149 30.6011
150 30.2957
151 31.2403
152 32.9675
153 32.1989
154 28.9524
155 26.1464
156 31.2346
157 24.9804
158 29.2847
159 28.3832
160 24.1012
161 27.9897
162 32.2865
163 28.9175
164 32.556
165 31.5262
166 32.9565
167 31.1658
168 27.0392
169 27.2599
170 32.2977
171 32.2286
172 29.6439
173 28.5802
174 35.1448
175 36.6159
176 27.5933
177 32.9585
178 24.7097
179 27.7866
180 25.4437
181 23.135
182 29.0716
183 23.3734
184 35.1221
185 28.3304
186 26.7709
187 24.6289
188 21.2803
189 25.8944
190 21.7104
191 31.5251
192 28.652
193 31.0036
194 35.3917
195 31.7599
196 33.0817
197 27.5575
198 30.1723
199 33.7834
200 30.9051
201 19.2604
202 24.1074
203 28.9812
204 26.5575
205 26.0719
206 26.906
207 27.9073
208 27.6808
209 34.5194
210 26.8367
211 32.2765
212 35.5509
213 35.9576
214 29.5365
215 29.899
216 26.74
217 26.5066
218 26.2146
219 25.1592
220 26.9795
221 31.2824
222 34.1009
223 30.6445
224 23.6341
225 35.6859
226 28.3421
227 28.3263
228 29.5103
229 36.9854
230 34.4809
231 30.2309
232 26.2172
233 27.8358
234 29.3222
235 25.1273
236 33.9075
237 28.1301
238 23.1421
239 33.0394
240 30.8471
241 31.2236
242 29.6633
243 29.609
244 27.6038
245 29.705
246 34.9123
247 26.3186
248 29.2939
249 26.0105
250 29.4616
251 25.8932
252 25.6441
253 31.0579
254 29.9548
255 26.6532
256 31.1568
257 29.1187
258 28.6586
259 26.7912
260 32.4219
261 34.0163
262 26.6056
263 28.5705
264 30.7867
265 27.4496
266 31.757
267 27.2857
268 25.6085
269 26.8384
270 28.933
271 26.0262
272 27.6364
273 33.8258
274 34.8558
275 25.6185
276 25.3258
277 27.6233
278 28.0514
279 27.113
280 27.9586
281 31.0342
282 28.3424
283 24.9109
284 31.0043
285 33.0638
286 28.6719
287 27.8898
288 27.638
289 28.1822
290 27.2663
291 30.6664
292 32.4942
293 31.4541
294 27.1042
295 29.3639
296 21.1719
297 26.4177
298 29.485
299 22.739
300 28.606
301 28.4478
302 27.2462
303 25.302
304 27.6074
305 34.7226
306 31.8987
307 31.0039
308 36.1097
309 25.616
310 31.3264
311 29.0517
312 26.0988
313 32.6944
314 32.8485
315 23.9893
316 28.184
317 30.0166
318 25.161
319 23.5417
320 25.2996
321 31.9888
322 28.7795
323 27.0111
324 26.1431
325 28.0274
326 28.0675
327 24.5044
328 26.5476
329 29.1964
330 26.4664
331 27.5363
332 30.9136
333 25.528
334 23.4629
335 20.5709
336 25.4622
337 21.9139
338 22.3656
339 29.6353
340 28.0123
341 26.0683
342 22.9637
343 24.2603
344 24.5379
345 30.5214
346 31.2905
347 26.4148
348 30.8335
349 25.2295
350 24.8419
351 24.963
352 28.5877
353 22.8688
354 23.0671
355 28.3858
356 32.5375
357 28.1335
358 26.047
359 27.0919
360 27.0659
361 28.8811
362 28.0491
363 27.1159
364 26.691
365 28.5243
366 28.5146
367 27.8106
368 22.463
369 28.3133
370 27.0331
371 27.1273
372 26.2835
373 23.4352
374 26.8123
375 19.8698
376 26.4361
377 33.7616
378 25.4495
379 32.8682
380 27.8966
381 30.6373
382 26.402
383 30.28
384 31.9175
385 29.2722
386 24.3493
387 24.8132
388 32.9817
389 21.9431
390 34.394
391 26.8937
392 31.1826
393 36.6324
394 28.5777
395 31.8126
396 29.6909
397 24.9449
398 32.2067
399 23.8588
400 24.5734
401 30.6939
402 24.2135
403 24.4857
404 27.1348
405 27.0214
406 26.9728
407 27.5103
408 23.4368
409 24.0377
410 30.1035
411 28.8684
412 25.2688
413 28.4088
414 29.5638
415 23.5046
416 27.0145
417 23.3452
418 21.7563
419 19.1679
420 20.3355
421 25.3631
422 20.6012
423 25.1872
424 26.0829
425 25.2945
426 29.3641
427 32.2681
428 27.9085
429 25.8112
430 28.69
431 23.2111
432 26.8992
433 27.6882
434 26.7424
435 23.1392
436 28.1722
437 33.1061
438 30.0611
439 22.5427
440 29.7451
441 26.8129
442 30.4569
443 21.0645
444 23.1678
445 19.2712
446 23.7853
447 25.517
448 23.2601
449 25.5374
450 21.4871
451 20.2084
452 16.8849
453 18.0103
454 24.9919
455 24.0176
456 19.4386
457 16.834
458 21.3706
459 20.1936
460 23.5396
461 24.7983
462 31.4195
463 25.1327
464 32.2493
465 31.6825
466 24.6086
467 24.1631
468 22.5246
469 22.7107
470 21.8346
471 20.1069
472 23.3009
473 22.2926
474 23.0911
475 21.9431
476 29.8247
477 25.7866
478 22.6589
479 25.2985
480 25.8997
481 24.8294
482 26.0216
483 22.4327
484 25.4472
485 29.5706
486 26.4683
487 25.7267
488 22.6729
489 20.6101
490 20.9345
491 18.1598
492 21.549
493 21.1994
494 26.2847
495 23.474
496 24.4043
497 28.8695
498 26.0119
499 25.6609
500 23.373
501 18.773
502 25.3426
503 28.8035
504 24.1656
505 22.9683
506 24.5894
507 25.7881
508 27.119
509 26.7945
510 19.8536
511 23.334
512 21.4133
513 21.2788
514 22.8658
515 27.1472
516 25.2395
517 22.4426
518 27.7573
519 30.8711
520 23.9139
521 23.3179
522 26.0709
523 27.0213
524 24.3779
525 22.9572
526 20.6687
527 23.7479
528 24.0005
529 24.6271
530 25.4094
531 26.1157
532 22.377
533 26.4262
534 21.3212
535 20.5762
536 24.3176
537 28.2191
538 27.0278
539 23.189
540 22.4158
541 23.2882
542 24.003
543 25.6507
544 29.4925
545 27.9027
546 20.0335
547 20.3865
548 20.3329
549 22.8812
550 22.2993
551 25.8747
552 22.2987
553 23.9734
554 22.3508
555 21.5267
556 17.0691
557 19.8349
558 25.1212
559 22.7894
560 22.7939
561 22.6592
562 22.0643
563 24.8988
564 23.8787
565 17.7044
566 19.1895
567 19.9862
568 20.1448
569 23.0663
570 21.5908
571 23.2832
572 22.9166
573 24.1435
574 19.9992
575 18.3324
576 21.94
577 22.8332
578 26.785
579 19.1284
580 16.4712
581 15.7605
582 20.6235
583 21.0768
584 22.0858
585 22.1183
586 23.7727
587 20.6544
588 22.0192
589 20.808
590 25.2713
591 21.1144
592 19.9061
593 20.0867
594 22.6106
595 19.5469
596 19.6502
597 17.9053
598 19.5906
599 19.886
600 19.9767
601 19.7251
602 22.9002
603 23.1849
604 18.2386
605 15.1314
606 15.5461
607 17.6439
608 21.359
609 23.1874
610 24.5026
611 18.0742
612 17.4301
613 20.0482
614 22.4647
615 25.5791
616 24.4068
617 19.6712
618 17.8507
619 18.7875
620 19.9102
621 18.8516
622 19.2959
623 19.8515
624 19.238
625 20.6923
626 22.3736
627 20.4235
628 18.254
629 18.02
630 22.0247
631 22.1195
632 22.4076
633 18.3668
634 18.9186
635 23.0482
636 21.6623
637 20.7335
638 21.7267
639 21.3873
640 22.3315
641 24.2431
642 22.8565
643 22.1893
644 20.2236
645 18.0918
646 16.4113
647 18.9091
648 23.6078
649 23.322
650 22.1226
651 20.7181
652 22.2978
653 24.3287
654 22.3345
655 18.8664
656 15.8123
657 17.1629
658 20.1455
659 19.3486
660 17.9729
661 16.5523
662 15.5669
663 18.6311
664 16.3598
665 13.4859
666 12.139
667 14.3708
668 16.0961
669 14.2481
670 15.9407
671 16.8782
672 17.8728
673 21.1631
674 19.9461
675 19.9158
676 20.4613
677 20.8659
678 18.015
679 20.1658
680 16.4259
681 16.3448
682 17.0389
683 17.6991
684 17.536
685 15.6932
686 18.314
687 17.434
688 18.1899
689 17.5647
690 20.6048
691 20.3386
692 22.1787
693 22.9024
694 21.6644
695 22.3178
696 21.042
697 16.6776
698 17.1289
699 20.0523
700 17.2372
701 16.5523
702 16.7907
703 18.1316
704 18.1165
705 18.9851
706 17.7111
707 14.761
708 16.8843
709 14.8854
710 15.8901
711 15.5725
712 17.3337
713 17.343
714 16.0064
715 14.45
716 14.9609
717 16.6359
718 18.0057
719 19.4195
720 17.071
721 17.2617
722 15.384
723 14.2841
724 15.0316
725 15.2505
726 17.466
727 15.3778
728 13.6117
729 14.6204
730 15.2648
731 13.9157
732 11.9399
733 12.692
734 12.4138
735 13.9107
736 13.4966
737 15.4747
738 16.4277
739 13.3616
740 12.7599
741 15.7544
742 16.7392
743 16.3998
744 19.0688
745 19.1546
746 15.039
747 16.664
748 17.703
749 21.5055
750 20.6425
751 17.6357
752 17.2235
753 15.0452
754 17.8354
755 16.2813
756 13.7806
757 13.2234
758 14.6057
759 14.5349
760 15.5621
761 16.1084
762 15.5317
763 12.8623
764 10.7469
765 10.7928
766 9.936
767 9.57782
768 11.0646
769 13.0917
770 14.3807
771 14.238
772 13.9668
773 13.4137
774 13.8709
775 14.6155
776 14.3914
777 13.7376
778 12.625
779 12.5697
780 12.1521
781 11.4899
782 11.8057
783 11.5025
784 12.4918
785 13.0464
786 17.7621
787 16.5854
788 17.5382
789 17.2335
790 16.888
791 15.7407
792 16.3151
793 16.6317
794 14.7175
795 13.6224
796 13.7448
797 13.9954
798 14.7246
799 13.3321
800 14.3498
801 14.0705
802 13.6624
803 13.2311
804 12.5735
805 11.8991
806 11.2783
807 12.1482
808 11.9137
809 10.6875
810 11.0864
811 10.6423
812 10.8444
813 11.3032
814 11.6263
815 11.6247
816 11.2267
817 11.2108
818 11.4389
819 11.1142
820 10.6195
821 11.4563
822 10.7933
823 10.2288
824 10.6062
825 10.5897
826 9.53782
827 8.65769
828 7.7674
829 7.35841
830 8.30489
831 8.30474
832 7.64644
833 7.38641
834 7.54401
835 7.63393
836 7.64291
837 7.65107
838 7.29207
839 8.32251
840 8.32232
841 9.33554
842 10.1808
843 9.85969
844 10.0009
845 9.81499
846 9.41306
847 10.4491
848 9.27535
849 9.47788
850 9.45824
851 9.76212
852 8.75968
853 8.60295
854 8.50319
855 8.14514
856 8.16256
857 9.61877
858 9.4863
859 9.4935
860 9.37081
861 9.49159
862 8.93775
863 9.13062
864 9.59842
865 9.02932
866 9.02932
867 9.28719
868 9.33362
869 9.05034
870 9.4525
871 9.52741
872 9.83034
873 10.6192
874 8.85365
875 8.75739
876 8.88147
877 8.4377
878 6.91879
879 6.68733
880 6.91637
881 6.89194
882 6.58655
883 6.86474
884 7.41796
885 7.31067
886 7.29162
887 7.36746
888 7.07653
889 7.10621
890 6.52309
891 6.5292
892 6.5292
893 6.76228
894 7.50314
895 7.51955
896 8.08475
897 7.8949
898 7.58709
899 7.81842
900 8.39481
901 8.39481
902 8.38449
903 7.78517
904 7.53847
905 7.26504
906 7.02451
907 6.63492
908 7.34174
909 7.09052
910 7.10791
911 7.20332
912 7.20347
913 7.07572
914 6.90244
915 7.22326
916 6.77695
917 6.76947
918 6.78325
919 6.59849
920 6.80367
921 6.81407
922 6.81092
923 6.81092
924 6.81077
925 6.81077
926 6.86981
927 6.86686
928 6.91329
929 6.87282
930 6.87282
931 6.87282
932 6.87282
933 6.8488
934 6.84865
935 6.84865
936 6.77229
937 6.79218
938 6.88713
939 6.88759
940 6.87013
941 6.91671
942 6.93418
943 6.9264
944 6.84957
945 6.85682
946 6.85682
947 6.86662
948 6.85374
949 6.86652
950 6.98989
951 6.96518
952 6.96518
953 6.97276
954 6.98671
955 6.80975
956 6.45982
957 6.44235
958 6.46224
959 6.46224
960 6.46224
961 6.4797
962 6.48695
963 6.48695
964 6.48695
965 6.43352
966 6.43352
967 6.43339
968 6.27589
969 6.29577
970 6.29577
971 6.34221
972 6.34221
973 6.32932
974 6.32932
975 6.32932
976 6.32932
977 6.32932
978 6.32932
979 6.30461
980 6.30461
981 6.30461
982 6.30461
983 6.30461
984 6.31751
985 6.31509
986 6.25118
987 6.26865
988 6.27589
989 6.27589
990 6.28346
991 6.25876
992 6.25876
993 6.25118
994 6.25118
995 6.25118
996 6.25118
997 6.25118
998 6.25118
999 6.25118
1000 6.25118
