0 31.3223
1 30.8665
2 33.315
3 32.8924
4 31.0806
5 28.9221
6 34.9148
7 35.3097
8 30.8617
9 33.0527
10 25.9236
11 30.5234
12 36.5656
13 33.457
14 31.5713
15 24.8606
16 23.9549
17 31.8727
18 30.3762
19 34.7467
20 34.1286
21 31.6243
22 29.4061
23 30.5495
24 31.089
25 28.2915
26 35.4938
27 34.0637
28 34.2848
29 32.8169
30 28.5681
31 32.0442
32 34.9469
33 29.9912
34 31.4347
35 33.2803
36 27.9164
37 27.912
38 29.2193
39 28.8408
40 35.1592
41 31.8245
42 26.2751
43 31.6676
44 31.9445
45 31.8268
46 31.1205
47 32.5601
48 32.8849
49 31.4869
50 27.8446
51 30.549
52 25.9372
53 32.0804
54 30.4352
55 28.9976
56 29.8986
57 31.0635
58 30.8461
59 30.1725
60 29.3342
61 23.6483
62 29.4823
63 33.6433
64 30.4168
65 31.7304
66 34.0406
67 34.4147
68 30.2415
69 25.4929
70 28.6276
71 26.3818
72 23.6371
73 29.0763
74 32.6806
75 31.4867
76 30.2692
77 30.557
78 29.4473
79 33.1361
80 29.618
81 25.9443
82 33.7681
83 31.1757
84 29.1708
85 31.5927
86 30.2253
87 33.8631
88 29.8696
89 34.5449
90 33.2369
91 33.4861
92 26.559
93 31.1122
94 32.6078
95 28.0542
96 30.9265
97 32.1324
98 32.4987
99 27.3303
100 29.9288
101 30.9911
102 29.3314
103 26.3631
104 25.8672
105 35.2252
106 31.0293
107 28.3988
108 37.5968
109 24.362
110 31.1076
111 37.8172
112 36.3696
113 27.2276
114 33.6059
115 27.0792
116 27.1275
117 27.6863
118 25.5556
119 28.9703
120 26.2335
121 27.1704
122 26.4688
123 28.8312
124 34.1782
125 38.5847
126 30.1243
127 29.369
128 34.7361
129 28.2682
130 27.731
131 33.5438
132 28.1484
133 24.3312
134 29.4126
135 30.4762
136 26.3366
137 28.6237
138 30.7103
139 34.461
140 37.3268
141 35.4739
142 28.6443
143 26.297
144 26.9045
145 29.1098
146 33.126
147 31.9966
148 32.4458
149 25.482
150 39.2549
151 26.3508
152 36.3584
153 35.6238
154 24.3083
155 35.7685
156 23.6447
157 25.5134
158 32.5214
159 24.4525
160 32.092
161 29.1562
162 24.1024
163 33.5942
164 24.5419
165 27.6029
166 32.9743
167 23.6764
168 31.3908
169 27.1848
170 30.3412
171 26.996
172 31.029
173 30.0926
174 33.1446
175 25.0542
176 24.8248
177 20.1138
178 30.0882
179 29.3132
180 28.6236
181 28.751
182 21.1253
183 28.9408
184 27.1829
185 35.3846
186 24.3456
187 29.547
188 32.2308
189 30.6392
190 23.6905
191 25.1145
192 26.6971
193 28.9686
194 25.3089
195 26.9312
196 28.2339
197 27.4
198 29.1497
199 28.501
200 26.624
201 31.5022
202 34.7481
203 26.8328
204 28.58
205 23.1023
206 28.1383
207 31.3303
208 30.0955
209 27.8526
210 30.5357
211 31.6711
212 27.4713
213 32.852
214 28.8236
215 34.3519
216 30.8341
217 24.8365
218 31.4609
219 33.1315
220 26.3427
221 27.8858
222 24.3495
223 24.8357
224 34.4417
225 31.1997
226 28.1949
227 28.3058
228 29.3498
229 27.712
230 32.9329
231 25.1383
232 30.7903
233 28.35
234 25.7364
235 34.4014
236 27.2759
237 29.347
238 33.0378
239 31.0377
240 33.4158
241 32.8959
242 28.6293
243 23.7412
244 33.3281
245 25.1496
246 29.549
247 24.1587
248 27.7942
249 31.0486
250 33.0622
251 26.2584
252 27.6724
253 26.4772
254 30.0384
255 31.792
256 27.3985
257 29.9568
258 31.5141
259 31.3575
260 32.2238
261 31.2012
262 26.35
263 29.2959
264 30.5682
265 31.5394
266 29.6338
267 31.3592
268 25.6749
269 31.4786
270 21.3866
271 30.6271
272 31.0505
273 27.0142
274 29.0134
275 22.7459
276 32.2023
277 30.4433
278 27.4864
279 31.84
280 23.3559
281 29.9127
282 24.2041
283 34.737
284 27.4681
285 27.4908
286 25.8367
287 31.9941
288 37.2176
289 22.7571
290 23.6157
291 27.5464
292 32.9369
293 31.1423
294 30.8863
295 21.9275
296 24.2014
297 20.3052
298 26.3348
299 28.0215
300 26.4885
301 32.9049
302 26.5135
303 32.6746
304 28.3263
305 29.4489
306 28.279
307 28.2494
308 28.5025
309 29.3341
310 24.5115
311 21.1742
312 31.7258
313 26.5735
314 25.7481
315 25.6027
316 23.9564
317 27.4395
318 31.1893
319 26.1714
320 23.4329
321 26.0786
322 27.8058
323 22.7019
324 27.8503
325 24.2897
326 25.9909
327 30.2008
328 24.0343
329 27.4124
330 34.0705
331 32.942
332 24.8615
333 28.1693
334 28.6947
335 30.0816
336 28.3331
337 27.769
338 27.7737
339 25.6669
340 29.3593
341 29.5689
342 30.1711
343 29.0784
344 33.7328
345 29.1827
346 24.2279
347 21.5084
348 26.4758
349 24.0218
350 27.6094
351 24.3694
352 23.2272
353 21.5912
354 24.7214
355 26.4118
356 27.8002
357 26.3366
358 22.878
359 29.8993
360 25.0493
361 24.3554
362 28.9225
363 20.6754
364 30.2486
365 20.7258
366 19.1576
367 23.3504
368 30.7007
369 27.4124
370 30.6692
371 25.9771
372 27.2145
373 23.1226
374 20.8348
375 26.0617
376 24.5613
377 25.5716
378 19.2835
379 23.6278
380 26.0481
381 22.2359
382 23.063
383 24.2558
384 27.9444
385 25.3268
386 29.0029
387 23.0763
388 24.0448
389 26.0533
390 21.0866
391 22.3394
392 21.4981
393 28.4225
394 26.4669
395 25.2305
396 22.3092
397 24.6478
398 29.6157
399 31.3192
400 34.0224
401 24.4961
402 23.1288
403 23.397
404 25.0889
405 24.145
406 21.504
407 28.9674
408 24.8029
409 23.9986
410 27.6047
411 23.2577
412 28.8543
413 27.81
414 28.6272
415 31.2631
416 31.7844
417 28.9079
418 26.8514
419 22.6941
420 30.0785
421 26.691
422 27.8582
423 21.1547
424 24.8056
425 20.722
426 22.87
427 26.6716
428 29.214
429 21.2433
430 23.5427
431 23.2242
432 23.9889
433 20.8062
434 24.4399
435 22.123
436 21.7446
437 22.2667
438 24.1608
439 23.2608
440 27.714
441 29.1981
442 25.809
443 23.2298
444 24.3273
445 27.1339
446 23.1529
447 23.6801
448 23.3786
449 27.2935
450 27.0702
451 23.2321
452 25.3129
453 24.7912
454 24.5703
455 28.8754
456 26.1832
457 22.3602
458 20.422
459 21.5969
460 27.1874
461 22.637
462 21.7968
463 24.3717
464 23.0434
465 24.3316
466 29.5721
467 28.2373
468 24.1699
469 26.6659
470 23.2518
471 26.7234
472 25.9687
473 24.0674
474 28.4373
475 26.6091
476 31.1517
477 27.707
478 26.1974
479 26.7494
480 28.3627
481 23.2104
482 28.5582
483 20.7486
484 17.3914
485 17.6587
486 23.2963
487 26.1227
488 25.9657
489 19.5737
490 20.2369
491 23.5168
492 22.2363
493 23.1268
494 21.2972
495 19.6852
496 24.8906
497 27.0205
498 23.0023
499 21.0563
500 25.4729
501 27.2293
502 26.0488
503 20.3395
504 19.8208
505 20.1178
506 19.0392
507 18.3545
508 19.9293
509 18.4481
510 24.7499
511 24.9522
512 23.7199
513 25.2279
514 24.8406
515 22.4274
516 22.66
517 22.037
518 23.2493
519 17.8635
520 21.1101
521 24.4398
522 20.7605
523 18.9732
524 26.3013
525 24.1177
526 23.1303
527 25.275
528 27.3939
529 26.6377
530 25.6837
531 24.2547
532 23.212
533 24.1541
534 21.6394
535 24.1335
536 23.5164
537 19.7467
538 27.0663
539 24.2303
540 25.7137
541 23.4113
542 25.5436
543 26.7062
544 25.4158
545 23.7018
546 25.9768
547 19.1967
548 16.8278
549 17.187
550 16.1897
551 18.3344
552 20.2438
553 19.1172
554 18.9583
555 16.3399
556 22.9143
557 24.5699
558 24.6118
559 22.5413
560 20.9714
561 21.5463
562 21.8174
563 23.1668
564 22.13
565 27.4347
566 28.2139
567 24.1865
568 22.9464
569 26.5128
570 22.3821
571 27.3663
572 20.2152
573 22.6716
574 22.4345
575 21.7689
576 21.7359
577 20.7897
578 22.1035
579 21.5255
580 16.3858
581 15.8462
582 21.5506
583 17.768
584 23.1118
585 19.77
586 24.4371
587 20.6632
588 21.9783
589 24.875
590 31.1225
591 23.1051
592 25.3708
593 28.4578
594 26.115
595 20.0042
596 17.4636
597 20.7767
598 21.6631
599 18.708
600 23.1556
601 22.5328
602 20.1421
603 21.9415
604 24.9989
605 22.1532
606 21.026
607 23.3361
608 23.0698
609 19.8586
610 17.2565
611 21.5122
612 17.5277
613 18.1388
614 18.201
615 22.1009
616 19.36
617 21.3459
618 21.9053
619 21.853
620 20.2335
621 23.1696
622 22.4363
623 22.8862
624 21.9582
625 22.7362
626 21.5832
627 24.8073
628 23.1718
629 23.0264
630 22.8335
631 24.1898
632 18.109
633 19.0683
634 19.2598
635 16.7215
636 19.3143
637 20.9826
638 19.086
639 18.7624
640 19.4124
641 18.7796
642 20.896
643 18.1433
644 20.24
645 20.4758
646 16.6682
647 17.7592
648 16.227
649 19.3987
650 24.5755
651 21.5587
652 20.0213
653 22.5959
654 24.2118
655 23.0727
656 22.1592
657 19.7956
658 19.3557
659 19.0912
660 19.8522
661 20.9904
662 18.1394
663 19.1248
664 19.511
665 18.3545
666 18.657
667 17.7166
668 19.3623
669 16.3697
670 16.9128
671 19.6393
672 18.4129
673 19.8362
674 21.1956
675 20.3211
676 21.6433
677 27.0516
678 17.9519
679 17.7347
680 19.4163
681 18.1186
682 15.29
683 16.5375
684 17.2493
685 18.2184
686 17.875
687 19.5976
688 18.6187
689 20.2324
690 20.7392
691 19.7073
692 19.9031
693 18.086
694 17.6347
695 16.73
696 17.7744
697 15.9243
698 17.4428
699 16.0689
700 18.0979
701 17.6436
702 22.3012
703 17.0556
704 19.0614
705 17.6973
706 20.8797
707 20.0591
708 18.1189
709 17.2121
710 16.1268
711 14.761
712 14.5086
713 16.0696
714 15.3387
715 16.0696
716 15.2127
717 14.8301
718 17.1776
719 15.4343
720 11.2671
721 11.1678
722 10.6553
723 10.4419
724 10.1847
725 9.98531
726 11.8981
727 12.1137
728 14.6029
729 14.4147
730 14.4752
731 14.9245
732 15.2748
733 18.5507
734 19.0244
735 19.7097
736 17.4624
737 15.9193
738 14.0581
739 13.5939
740 15.1102
741 16.0636
742 14.3112
743 14.6026
744 15.2287
745 15.08
746 14.5177
747 12.8052
748 12.482
749 14.1607
750 15.1642
751 13.7548
752 14.7617
753 14.561
754 14.4558
755 14.0549
756 13.912
757 13.5429
758 16.3555
759 15.8125
760 14.1294
761 13.864
762 14.6342
763 11.9431
764 12.9512
765 12.3713
766 13.224
767 13.7334
768 13.3021
769 13.3026
770 13.234
771 14.3223
772 14.878
773 14.5935
774 14.578
775 12.645
776 11.9093
777 12.4349
778 13.2258
779 13.2761
780 13.5645
781 12.7522
782 12.5308
783 12.8568
784 11.7173
785 9.96643
786 10.5019
787 10.9388
788 9.99187
789 8.85218
790 12.1269
791 12.1593
792 12.5305
793 11.2965
794 10.6308
795 10.1687
796 10.4746
797 11.5021
798 12.8286
799 14.1068
800 12.6565
801 12.279
802 11.983
803 12.1438
804 13.5475
805 11.2201
806 10.4003
807 10.981
808 11.3112
809 10.5509
810 10.5261
811 11.4098
812 9.38014
813 9.39354
814 9.90623
815 10.9578
816 11.6465
817 10.957
818 11.8491
819 11.9398
820 11.7107
821 11.2463
822 11.0065
823 11.4085
824 10.5365
825 10.7315
826 12.6325
827 12.4212
828 12.3833
829 12.3832
830 12.8793
831 9.53397
832 9.48595
833 9.49198
834 9.50238
835 9.06692
836 9.18841
837 9.7459
838 10.1706
839 10.1609
840 10.1631
841 10.667
842 10.103
843 10.9142
844 10.232
845 9.80161
846 10.0252
847 10.0066
848 8.92983
849 8.67853
850 9.66732
851 9.70403
852 10.0412
853 9.38619
854 9.68466
855 9.40021
856 9.07782
857 8.84169
858 8.03707
859 7.90428
860 8.91642
861 8.36405
862 8.20484
863 8.18947
864 7.4245
865 7.1627
866 7.80731
867 7.66328
868 7.30945
869 7.55711
870 9.04254
871 8.92202
872 8.92229
873 9.57161
874 9.52791
875 9.17279
876 8.96269
877 9.19189
878 9.19634
879 9.55505
880 8.59752
881 8.59752
882 9.06468
883 8.92621
884 8.67834
885 8.98373
886 9.00175
887 8.99122
888 8.95081
889 8.95081
890 8.45849
891 8.83089
892 8.28669
893 8.27339
894 7.72391
895 7.5739
896 7.5737
897 6.92295
898 6.76597
899 6.97262
900 6.91922
901 6.78677
902 6.78704
903 6.78677
904 6.87663
905 7.16019
906 7.32408
907 7.52913
908 7.21696
909 7.14108
910 7.42504
911 8.03095
912 8.00132
913 7.98226
914 7.60892
915 7.46503
916 7.38867
917 7.38711
918 7.38711
919 7.08825
920 7.13322
921 7.2039
922 7.04812
923 6.75322
924 6.75322
925 6.55721
926 6.25818
927 6.25818
928 6.28322
929 6.30977
930 6.2923
931 6.30977
932 6.2923
933 6.2923
934 6.24587
935 6.32508
936 6.32508
937 6.32508
938 6.32266
939 6.32266
940 6.32266
941 6.27623
942 6.29335
943 6.30093
944 6.32266
945 6.31509
946 6.31509
947 6.32266
948 6.34255
949 6.33497
950 6.33497
951 6.33497
952 6.31751
953 6.29762
954 6.29762
955 6.29762
956 6.29762
957 6.29762
958 6.3052
959 6.3052
960 6.25876
961 6.25876
962 6.25876
963 6.37866
964 6.40336
965 6.28288
966 6.29577
967 6.29577
968 6.30035
969 6.31324
970 6.31324
971 6.28854
972 6.28854
973 6.28854
974 6.27565
975 6.28322
976 6.28322
977 6.26334
978 6.26334
979 6.28322
980 6.28322
981 6.26334
982 6.24587
983 6.24587
984 6.23829
985 6.23829
986 6.23829
987 6.23829
988 6.23829
989 6.23829
990 6.23829
991 6.23829
992 6.25576
993 6.25576
994 6.25576
995 6.23829
996 6.23829
997 6.23829
998 6.23829
999 6.23829
1000 6.23829
