         0.5    -1.00357 0.000480013
        0.53   -0.994617 0.000583911
        0.56   -0.982727 0.000538017
        0.59   -0.969429 0.000626071
        0.62    -0.95472 0.000590659
        0.65   -0.938458 0.000589141
        0.68   -0.923422 0.000559245
        0.71    -0.90623 0.000558331
        0.74   -0.891055  0.00044893
        0.76   -0.880841 0.000456729
        0.79   -0.866785 0.000390228
        0.82    -0.85201 0.000326475
        0.85   -0.836492 0.000309985
        0.88   -0.822775 0.000292026
        0.91    -0.80844 0.000276433
        0.94   -0.794568 0.000292563
        0.97   -0.780392 0.000263017
           1   -0.767544 0.000267479
        1.03   -0.754286 0.000286669
        1.06   -0.741394 0.000234508
        1.09   -0.729126 0.000244423
        1.12   -0.716676 0.000256184
        1.15   -0.704521 0.000234335
        1.18   -0.693162 0.000194449
        1.21   -0.681589 0.000280839
        1.24    -0.67092 0.000195463
        1.26   -0.663104  0.00018965
        1.29   -0.652527 0.000219496
        1.32   -0.641963 0.000202232
        1.35   -0.631732 0.000188349
        1.38   -0.622207 0.000181844
        1.41   -0.612152 0.000161887
        1.44   -0.602693 0.000226084
        1.47   -0.593579    0.000186
         1.5   -0.584155 0.000183472
        1.53   -0.575889 0.000189501
        1.56   -0.567246 0.000176725
        1.59   -0.558475 0.000195572
        1.62    -0.55053 0.000202969
        1.65   -0.542589 0.000210998
        1.68   -0.534626 0.000186496
        1.71   -0.527295 0.000185328
        1.74   -0.519854 0.000160293
        1.76    -0.51506  0.00018734
        1.79   -0.508316 0.000180265
        1.82   -0.500689 0.000189245
        1.85   -0.494388 0.000188068
        1.88   -0.487735 0.000205942
        1.91   -0.481324 0.000181906
        1.94   -0.475255 0.000189466
        1.97   -0.468836  0.00017454
           2   -0.463105 0.000158974
