         0.5     0.25825  0.00636137
        0.53     0.34137  0.00594558
        0.56    0.419519  0.00433949
        0.59    0.470285  0.00351581
        0.62    0.504282  0.00297288
        0.65    0.522077  0.00260369
        0.68    0.520122  0.00268812
        0.71    0.517219  0.00266371
        0.74    0.512742   0.0026102
        0.76    0.507172  0.00234553
        0.79    0.500537  0.00211989
        0.82    0.492989  0.00175348
        0.85    0.484825  0.00164915
        0.88    0.473275  0.00143503
        0.91    0.464098  0.00147375
        0.94    0.455935  0.00123775
        0.97    0.446877  0.00129332
           1    0.441174  0.00108347
        1.03    0.431176  0.00107466
        1.06    0.420454 0.000986972
        1.09     0.41301  0.00102919
        1.12    0.402855 0.000818564
        1.15    0.394065 0.000785008
        1.18    0.385682 0.000775691
        1.21    0.376429 0.000717757
        1.24    0.367691  0.00073382
        1.26    0.361609 0.000773416
        1.29    0.352269 0.000686836
        1.32    0.345153 0.000599224
        1.35    0.335547  0.00058744
        1.38    0.327263 0.000559508
        1.41    0.319676 0.000626671
        1.44    0.311766 0.000546595
        1.47    0.303508  0.00053207
         1.5    0.295855 0.000518277
        1.53    0.289455 0.000471006
        1.56    0.282441 0.000517342
        1.59     0.27436 0.000492998
        1.62    0.268476 0.000404242
        1.65    0.261989 0.000458956
        1.68    0.254799 0.000400517
        1.71    0.248819 0.000374866
        1.74    0.243523 0.000364722
        1.76    0.238924 0.000380772
        1.79    0.232699 0.000415305
        1.82    0.227615 0.000324655
        1.85    0.222582 0.000294641
        1.88    0.217294 0.000377172
        1.91    0.211747 0.000312739
        1.94    0.207601 0.000292168
        1.97    0.201809 0.000276507
           2    0.197858 0.000315327
