         0.5     79.1004    0.492916
        0.53     68.3259    0.476659
        0.56     55.7778    0.453457
        0.59     47.3396    0.417304
        0.62     39.1868    0.308445
        0.65      33.107    0.292887
        0.68      27.496    0.205945
        0.71     23.4011    0.188172
        0.74      20.344    0.154219
        0.76     18.2688    0.128697
        0.79     16.0303    0.110599
        0.82     14.0305   0.0874723
        0.85     12.3413   0.0741755
        0.88     10.9525   0.0710265
        0.91     10.0039   0.0564705
        0.94     8.92556   0.0511828
        0.97     8.04924   0.0409432
           1     7.44303   0.0353428
        1.03     6.76297   0.0305809
        1.06     6.23528   0.0287613
        1.09     5.73203   0.0244949
        1.12     5.29079   0.0199837
        1.15     4.98117   0.0206127
        1.18     4.63036   0.0183285
        1.21     4.31479   0.0164839
        1.24     4.04022   0.0145411
        1.26     3.90264   0.0138675
        1.29     3.66723   0.0115732
        1.32      3.4368   0.0125704
        1.35     3.27179   0.0102989
        1.38      3.0769    0.010224
        1.41     2.92591  0.00974607
        1.44     2.78275  0.00898808
        1.47     2.65374  0.00786632
         1.5     2.53626   0.0078167
        1.53     2.40584   0.0064007
        1.56     2.30521  0.00567837
        1.59     2.20682  0.00609588
        1.62     2.11908  0.00611396
        1.65     2.03726  0.00524847
        1.68     1.95799  0.00524404
        1.71     1.87897  0.00468166
        1.74     1.81384  0.00429031
        1.76     1.76962  0.00410731
        1.79     1.71214  0.00424601
        1.82     1.64434  0.00466575
        1.85     1.59192  0.00405375
        1.88     1.54017  0.00373536
        1.91     1.50208  0.00340601
        1.94      1.4413  0.00321908
        1.97     1.40342  0.00316469
           2      1.3579  0.00281035
