100   7.88387   0
200   8.11171   0.161112
300   8.16031   0.114505
400   8.18879   0.0893485
500   8.17461   0.0725953
600   8.16814   0.0607838
700   8.1122   0.0734619
800   8.14671   0.0719317
900   8.12043   0.0685739
1000   8.15256   0.068835
1100   8.1283   0.0667141
1200   8.12884   0.0611567
1300   8.16225   0.0649358
1400   8.14623   0.0622423
1500   8.13531   0.0590422
1600   8.1394   0.0554938
1700   8.14113   0.0522563
1800   8.14088   0.0493538
1900   8.14502   0.0469296
2000   8.14569   0.0445879
2100   8.15083   0.0427598
2200   8.14966   0.0408321
2300   8.13457   0.0417524
2400   8.15372   0.0441855
2500   8.1496   0.0426097
2600   8.14564   0.0411548
2700   8.14799   0.0396975
2800   8.15472   0.0388473
2900   8.15   0.0377941
3000   8.14814   0.0365798
3100   8.1496   0.0354289
3200   8.14397   0.0347661
3300   8.14346   0.0337163
3400   8.15842   0.0358893
3500   8.15439   0.0350891
3600   8.14402   0.0356131
3700   8.13768   0.0352108
3800   8.14949   0.0362119
3900   8.14356   0.0357665
4000   8.14262   0.0348847
4100   8.14054   0.0340958
4200   8.14635   0.0337758
4300   8.14317   0.0331399
4400   8.14423   0.0324038
4500   8.14521   0.0316984
4600   8.14905   0.0312404
4700   8.14721   0.0306296
4800   8.14642   0.0300016
4900   8.14709   0.0293968
5000   8.14999   0.0289511
5100   8.15016   0.0283839
5200   8.14955   0.0278446
5300   8.14735   0.0274058
5400   8.14502   0.0269977
5500   8.14642   0.0265431
5600   8.14101   0.0266144
5700   8.14214   0.0261716
5800   8.14719   0.0262036
5900   8.14659   0.0257664
6000   8.14655   0.025337
6100   8.14535   0.0249504
6200   8.14533   0.0245479
6300   8.13995   0.0247408
6400   8.13999   0.0243542
6500   8.14082   0.0239935
6600   8.14493   0.0239801
6700   8.14589   0.0236412
6800   8.14266   0.0235135
6900   8.1381   0.0236096
7000   8.14095   0.0234433
7100   8.1417   0.0231251
7200   8.14297   0.0228389
7300   8.14223   0.022538
7400   8.14165   0.022241
7500   8.13919   0.0220802
7600   8.14169   0.0219313
7700   8.14174   0.0216465
7800   8.1398   0.0214559
7900   8.13723   0.0213369
8000   8.13776   0.0210767
8100   8.13643   0.0208586
8200   8.1397   0.02086
8300   8.13987   0.0206094
8400   8.13756   0.0204934
8500   8.13624   0.0202942
8600   8.13507   0.0200924
8700   8.13672   0.0199293
8800   8.14023   0.0200095
8900   8.14087   0.019795
9000   8.13639   0.0200763
9100   8.13707   0.0198672
9200   8.13589   0.019686
9300   8.13426   0.019542
9400   8.13934   0.0199826
9500   8.1391   0.0197737
9600   8.1359   0.0198249
9700   8.13704   0.0196536
9800   8.13466   0.019597
9900   8.13479   0.0193995
10000   8.13752   0.0193965
