100   -5.94751   0
200   -5.95112   0.00255312
300   -5.95108   0.00170246
400   -5.95123   0.00128372
500   -5.95151   0.00105676
600   -5.95195   0.000969009
700   -5.95207   0.000837392
800   -5.9522   0.000742558
900   -5.95213   0.00066344
1000   -5.95205   0.000601868
1100   -5.95207   0.000547503
1200   -5.95185   0.0005441
1300   -5.95166   0.00053369
1400   -5.95149   0.000521246
1500   -5.95126   0.000536395
1600   -5.95104   0.000546875
1700   -5.95088   0.000536411
1800   -5.95074   0.000525718
1900   -5.95068   0.000500895
2000   -5.95067   0.00047606
2100   -5.95053   0.000471942
2200   -5.95042   0.000463556
2300   -5.95048   0.000447583
2400   -5.95051   0.00042968
2500   -5.95059   0.000420851
2600   -5.95056   0.000406027
2700   -5.95061   0.00039354
2800   -5.95067   0.000385308
2900   -5.95071   0.00037331
3000   -5.95076   0.000364793
3100   -5.9507   0.000358048
3200   -5.95085   0.000377636
3300   -5.95087   0.000366575
3400   -5.95087   0.000355794
3500   -5.95094   0.0003541
3600   -5.95108   0.000367797
3700   -5.95106   0.000358121
3800   -5.95111   0.000352054
3900   -5.95118   0.000349847
4000   -5.95118   0.000341151
4100   -5.95125   0.000340135
4200   -5.95122   0.000332752
4300   -5.95126   0.000327001
4400   -5.95121   0.000323122
4500   -5.95118   0.000317641
4600   -5.95115   0.000312001
4700   -5.95109   0.000311333
4800   -5.95105   0.000306888
4900   -5.95106   0.000300697
5000   -5.951   0.000300147
5100   -5.95099   0.000294384
5200   -5.95101   0.000289086
5300   -5.95101   0.000283668
5400   -5.95104   0.000279485
5500   -5.95104   0.000274415
5600   -5.95103   0.000269755
5700   -5.951   0.000266401
5800   -5.95099   0.000261956
5900   -5.95098   0.000258105
6000   -5.95094   0.000255735
6100   -5.95092   0.000252897
6200   -5.95095   0.000251239
6300   -5.95093   0.000248131
6400   -5.95095   0.000244823
6500   -5.95096   0.000241295
6600   -5.95095   0.000237711
6700   -5.95095   0.000234166
6800   -5.95097   0.000231537
6900   -5.95095   0.00022973
7000   -5.95095   0.000226454
7100   -5.95089   0.000229739
7200   -5.95091   0.000227089
7300   -5.95092   0.000224371
7400   -5.95094   0.00022195
7500   -5.95091   0.000220152
7600   -5.95088   0.000219425
7700   -5.9509   0.000217067
7800   -5.95091   0.00021483
7900   -5.95096   0.000216718
8000   -5.95095   0.000214286
8100   -5.95093   0.000212009
8200   -5.95089   0.000213468
8300   -5.9509   0.000211262
8400   -5.95096   0.000216759
8500   -5.95102   0.000220924
8600   -5.95104   0.000219354
8700   -5.95102   0.00021762
8800   -5.95099   0.000216644
8900   -5.95102   0.000216026
9000   -5.95108   0.00022205
9100   -5.95112   0.000222915
9200   -5.95114   0.000220902
9300   -5.95116   0.000220104
9400   -5.95118   0.000218602
9500   -5.95119   0.000216602
9600   -5.9512   0.000214426
9700   -5.95123   0.00021428
9800   -5.95125   0.000213185
9900   -5.95124   0.000211165
10000   -5.95125   0.000209106
