100   0.996349   0
200   0.944698   0.0365229
300   0.936228   0.0253117
400   0.930117   0.0197076
500   0.933298   0.0160207
600   0.935479   0.0134982
700   0.94749   0.0160471
800   0.940552   0.0154684
900   0.94577   0.0146033
1000   0.939643   0.0143709
1100   0.944767   0.0139482
1200   0.944961   0.0127872
1300   0.938073   0.0135321
1400   0.941116   0.0129032
1500   0.943448   0.012252
1600   0.942523   0.0115211
1700   0.942152   0.0108494
1800   0.941924   0.010249
1900   0.941056   0.00974634
2000   0.940706   0.00926528
2100   0.939363   0.00892094
2200   0.939678   0.00852103
2300   0.942681   0.00866331
2400   0.939032   0.00903799
2500   0.939833   0.00871185
2600   0.940578   0.00840855
2700   0.940062   0.00811289
2800   0.938456   0.00798061
2900   0.939773   0.00781339
3000   0.940202   0.00756471
3100   0.939899   0.00732675
3200   0.94083   0.00715661
3300   0.940793   0.00693984
3400   0.937795   0.00735481
3500   0.938608   0.00718949
3600   0.940535   0.00724335
3700   0.94196   0.00718656
3800   0.93966   0.00735633
3900   0.940711   0.0072423
4000   0.940774   0.00706152
4100   0.941115   0.00689752
4200   0.939805   0.00685661
4300   0.940528   0.00673518
4400   0.940438   0.0065827
4500   0.940296   0.00643795
4600   0.939387   0.00636179
4700   0.939615   0.00623051
4800   0.939802   0.00610351
4900   0.93958   0.00598301
5000   0.938996   0.0058917
5100   0.938861   0.00577772
5200   0.938956   0.00566739
5300   0.939336   0.00557316
5400   0.939718   0.00548302
5500   0.939422   0.00539128
5600   0.94052   0.00540558
5700   0.940268   0.00531661
5800   0.939157   0.00533975
5900   0.939303   0.00525123
6000   0.939253   0.00516394
6100   0.939366   0.00508053
6200   0.939297   0.00499906
6300   0.940286   0.00501657
6400   0.9402   0.00493893
6500   0.939982   0.00486778
6600   0.939116   0.00487036
6700   0.9389   0.00480245
6800   0.939521   0.00477176
6900   0.940474   0.00479682
7000   0.939824   0.00477211
7100   0.939547   0.00471293
7200   0.939206   0.00465974
7300   0.93928   0.00459649
7400   0.939396   0.00453584
7500   0.939852   0.00449829
7600   0.939291   0.00447402
7700   0.939223   0.00441643
7800   0.939547   0.00437163
7900   0.93999   0.00433876
8000   0.939956   0.00428466
8100   0.94024   0.00424112
8200   0.93957   0.00424198
8300   0.939522   0.00419114
8400   0.939945   0.00416251
8500   0.940175   0.00411991
8600   0.940475   0.00408288
8700   0.940139   0.00404973
8800   0.939397   0.00407121
8900   0.939225   0.00402909
9000   0.940112   0.00408093
9100   0.93997   0.00403859
9200   0.940248   0.00400424
9300   0.940547   0.00397238
9400   0.939435   0.00408281
9500   0.939463   0.00403993
9600   0.940151   0.0040559
9700   0.939952   0.00401896
9800   0.940447   0.00400837
9900   0.940377   0.0039685
10000   0.939754   0.00397748
