0.0115332 0 0
0.0345996 0 0
0.0576661 0 0
0.0807325 0 0
0.103799 0 0
0.126865 0 0
0.149932 0 0
0.172998 0 0
0.196065 0 0
0.219131 0 0
0.242198 0 0
0.265264 0 0
0.28833 0 0
0.311397 0 0
0.334463 0 0
0.35753 0 0
0.380596 0 0
0.403663 0 0
0.426729 0 0
0.449795 0 0
0.472862 0 0
0.495928 0 0
0.518995 0 0
0.542061 0 0
0.565128 0 0
0.588194 0 0
0.61126 0 0
0.634327 0 0
0.657393 0 0
0.68046 0 0
0.703526 0 0
0.726593 0 0
0.749659 0 0
0.772725 0 0
0.795792 0 0
0.818858 0 0
0.841925 0 0
0.864991 0 0
0.888058 0 0
0.911124 6.99593e-05 6.96086e-05
0.93419 0.00738675 0.000896019
0.957257 0.070826 0.00276349
0.980323 0.334792 0.00527939
1.00339 0.943673 0.0103972
1.02646 1.79328 0.0118034
1.04952 2.45377 0.0133935
1.07259 2.69344 0.0147476
1.09566 2.42051 0.0150926
1.11872 1.96715 0.0147877
1.14179 1.38273 0.0104966
1.16485 0.879927 0.00755253
1.18792 0.511365 0.00583855
1.21099 0.264372 0.00494165
1.23405 0.121236 0.00343052
1.25712 0.0485651 0.00210813
1.28019 0.022308 0.00135479
1.30325 0.00984797 0.000966291
1.32632 0.0106805 0.000909408
1.34939 0.0160119 0.00106577
1.37245 0.0365219 0.00169704
1.39552 0.0741533 0.00219259
1.41859 0.134591 0.00336028
1.44165 0.21397 0.00330948
1.46472 0.314742 0.00344024
1.48778 0.415115 0.00432951
1.51085 0.503546 0.00578236
1.53392 0.528516 0.00542902
1.55698 0.495927 0.0044251
1.58005 0.421103 0.00377751
1.60312 0.322214 0.0034434
1.62618 0.2215 0.00292944
1.64925 0.138384 0.00239487
1.67232 0.0815427 0.00218508
1.69538 0.0610526 0.00197267
1.71845 0.0815601 0.00228249
1.74152 0.153408 0.00275409
1.76458 0.30325 0.00370754
1.78765 0.542997 0.00481548
1.81071 0.849485 0.00503212
1.83378 1.16465 0.00623628
1.85685 1.40687 0.00739457
1.87991 1.48728 0.00859227
1.90298 1.40218 0.00859674
1.92605 1.16755 0.00663398
1.94911 0.851399 0.00511083
1.97218 0.568516 0.00433046
1.99525 0.340376 0.00371992
2.01831 0.20227 0.00281093
2.04138 0.154088 0.00321942
2.06445 0.175568 0.00272961
2.08751 0.265851 0.00324093
2.11058 0.379547 0.00318154
2.13364 0.483252 0.00313565
2.15671 0.54732 0.0035276
2.17978 0.547398 0.00418737
2.20284 0.490291 0.00379841
2.22591 0.399969 0.00302588
2.24898 0.312081 0.00294812
2.27204 0.254574 0.00339041
2.29511 0.23962 0.00339559
