100   -6.94386   0
200   -6.89582   0.0339698
300   -6.88731   0.0236895
400   -6.88135   0.018501
500   -6.88481   0.0151207
600   -6.88743   0.0128263
700   -6.89956   0.015713
800   -6.89275   0.0151524
900   -6.8979   0.0143163
1000   -6.89169   0.0141663
1100   -6.89683   0.0137811
1200   -6.89681   0.0126327
1300   -6.88973   0.0134979
1400   -6.89261   0.0128365
1500   -6.89471   0.012151
1600   -6.89356   0.0114456
1700   -6.89303   0.0107845
1800   -6.89266   0.0101918
1900   -6.89174   0.00969708
2000   -6.89137   0.00921905
2100   -6.8899   0.00889768
2200   -6.8901   0.00849557
2300   -6.89316   0.00866134
2400   -6.88954   0.00902628
2500   -6.89043   0.00870858
2600   -6.89114   0.00840259
2700   -6.89067   0.0081045
2800   -6.88913   0.00795974
2900   -6.89048   0.00779872
3000   -6.89096   0.00755372
3100   -6.8906   0.00731881
3200   -6.89168   0.00716964
3300   -6.89166   0.0069524
3400   -6.88866   0.00736624
3500   -6.88955   0.00720951
3600   -6.89161   0.00729706
3700   -6.89302   0.00723515
3800   -6.89077   0.00738662
3900   -6.89189   0.00728163
4000   -6.89195   0.00709981
4100   -6.89236   0.0069386
4200   -6.89103   0.00690012
4300   -6.89179   0.00678132
4400   -6.89165   0.00662861
4500   -6.89147   0.00648362
4600   -6.89054   0.00641002
4700   -6.8907   0.0062758
4800   -6.89086   0.00614688
4900   -6.89064   0.00602522
5000   -6.89   0.00593869
5100   -6.88986   0.00582398
5200   -6.88996   0.00571301
5300   -6.89035   0.00561812
5400   -6.89076   0.00552876
5500   -6.89046   0.005436
5600   -6.89155   0.00544635
5700   -6.89127   0.00535795
5800   -6.89015   0.00538132
5900   -6.89028   0.00529163
6000   -6.8902   0.00520406
6100   -6.89028   0.00511947
6200   -6.89025   0.00503701
6300   -6.89122   0.0050492
6400   -6.89115   0.00497078
6500   -6.89094   0.00489864
6600   -6.89007   0.00490132
6700   -6.88985   0.00483286
6800   -6.89049   0.004804
6900   -6.89142   0.00482283
7000   -6.89077   0.00479773
7100   -6.89044   0.0047416
7200   -6.89011   0.00468684
7300   -6.8902   0.00462344
7400   -6.89033   0.00456286
7500   -6.89077   0.00452261
7600   -6.89017   0.00450176
7700   -6.89012   0.0044436
7800   -6.89046   0.00439953
7900   -6.89095   0.00437088
8000   -6.8909   0.00431648
8100   -6.89117   0.00427167
8200   -6.89046   0.00427843
8300   -6.89043   0.00422702
8400   -6.89091   0.00420404
8500   -6.89119   0.0041642
8600   -6.89151   0.00412811
8700   -6.89116   0.00409584
8800   -6.89039   0.00412068
8900   -6.89025   0.00407689
9000   -6.8912   0.00414047
9100   -6.89109   0.00409628
9200   -6.89138   0.00406212
9300   -6.89171   0.0040315
9400   -6.89062   0.00413407
9500   -6.89066   0.00409074
9600   -6.89135   0.00410646
9700   -6.89118   0.00406761
9800   -6.8917   0.00405883
9900   -6.89162   0.00401858
10000   -6.891   0.00402573
