100   0.664233   0
200   0.629798   0.0243486
300   0.624152   0.0168745
400   0.620078   0.0131384
500   0.622199   0.0106804
600   0.623653   0.0089988
700   0.63166   0.0106981
800   0.627035   0.0103123
900   0.630513   0.00973551
1000   0.626429   0.00958059
1100   0.629845   0.00929879
1200   0.629974   0.00852478
1300   0.625382   0.00902138
1400   0.627411   0.00860216
1500   0.628966   0.00816798
1600   0.628349   0.00768075
1700   0.628101   0.00723293
1800   0.627949   0.00683269
1900   0.62737   0.00649756
2000   0.627138   0.00617686
2100   0.626242   0.0059473
2200   0.626452   0.00568068
2300   0.628454   0.00577554
2400   0.626022   0.00602533
2500   0.626555   0.0058079
2600   0.627052   0.0056057
2700   0.626708   0.00540859
2800   0.625637   0.00532041
2900   0.626515   0.00520893
3000   0.626801   0.00504314
3100   0.626599   0.0048845
3200   0.62722   0.00477108
3300   0.627195   0.00462656
3400   0.625196   0.00490321
3500   0.625739   0.004793
3600   0.627023   0.0048289
3700   0.627974   0.00479104
3800   0.62644   0.00490422
3900   0.62714   0.0048282
4000   0.627182   0.00470768
4100   0.62741   0.00459835
4200   0.626536   0.00457107
4300   0.627018   0.00449012
4400   0.626959   0.00438847
4500   0.626864   0.00429197
4600   0.626258   0.0042412
4700   0.62641   0.00415367
4800   0.626535   0.00406901
4900   0.626386   0.00398867
5000   0.625998   0.0039278
5100   0.625908   0.00385182
5200   0.625971   0.00377826
5300   0.626224   0.00371544
5400   0.626478   0.00365534
5500   0.626281   0.00359419
5600   0.627013   0.00360372
5700   0.626845   0.00354441
5800   0.626105   0.00355984
5900   0.626202   0.00350082
6000   0.626169   0.00344263
6100   0.626244   0.00338702
6200   0.626198   0.00333271
6300   0.626857   0.00334438
6400   0.6268   0.00329262
6500   0.626654   0.00324518
6600   0.626077   0.00324691
6700   0.625933   0.00320163
6800   0.626347   0.00318117
6900   0.626982   0.00319788
7000   0.626549   0.0031814
7100   0.626365   0.00314195
7200   0.626138   0.0031065
7300   0.626186   0.00306432
7400   0.626264   0.00302389
7500   0.626568   0.00299886
7600   0.626194   0.00298268
7700   0.626149   0.00294429
7800   0.626364   0.00291442
7900   0.62666   0.00289251
8000   0.626638   0.00285644
8100   0.626826   0.00282742
8200   0.62638   0.00282799
8300   0.626348   0.00279409
8400   0.62663   0.00277501
8500   0.626784   0.0027466
8600   0.626983   0.00272192
8700   0.626759   0.00269982
8800   0.626264   0.00271414
8900   0.62615   0.00268606
9000   0.626742   0.00272062
9100   0.626646   0.00269239
9200   0.626832   0.00266949
9300   0.627031   0.00264825
9400   0.62629   0.00272187
9500   0.626309   0.00269328
9600   0.626767   0.00270393
9700   0.626634   0.00267931
9800   0.626965   0.00267225
9900   0.626918   0.00264566
10000   0.626502   0.00265165
