1.18686
1.16082
1.12379
1.0779
1.02579
0.970693
0.916572
0.86789
0.829133
0.804047
0.794749
0.801171
0.821021
0.850286
0.884004
0.917122
0.945232
0.965155
0.975427
0.976299
0.969436
0.957392
0.942939
0.928483
0.915732
0.905595
0.898308
0.893623
0.891101
0.890264
0.89084
0.892836
0.896384
0.901468
0.907754
0.914478
0.920822
0.926269
0.931076
0.935928
0.941566
0.948106
0.954666
0.959564
0.961073
0.95816
0.950841
0.940303
0.928475
0.917453
0.909294
0.905707
0.907715
0.915424
0.928075
0.944222
0.962184
0.980367
0.997654
1.0132
1.02645
1.03704
1.04445
1.04807
1.04694
1.03993
1.02594
1.00469
0.976995
0.945027
0.912159
0.882365
0.859589
0.846936
0.846222
0.857723
0.880102
0.91053
0.945068
0.97919
1.00858
1.02975
1.04036
1.03941
1.02735
1.00588
0.977647
0.945945
0.914284
0.885929
0.863633
0.84927
0.843662
0.846684
0.857344
0.874035
0.894715
0.917156
0.939242
0.959264
0.976018
0.98882
0.997538
1.00234
1.00386
1.00302
1.0009
0.998393
0.995895
0.993325
0.990312
0.986431
0.981294
0.974404
0.965196
0.952983
0.937204
0.917681
0.894928
0.870429
0.846587
0.826512
0.813566
0.810539
0.81865
0.836777
0.861652
0.888924
0.914664
0.936309
0.952874
0.964713
0.972861
0.978482
0.982594
0.985842
0.988648
0.991237
0.993681
0.995898
0.997723
0.998783
0.99855
0.996329
0.991366
0.983115
0.971476
0.956988
0.941034
0.925624
0.912916
0.904865
0.902701
0.906638
0.915801
0.928299
0.941494
0.952685
0.959711
0.961296
0.957515
0.949746
0.940272
0.931601
0.9258
0.923917
0.925743
0.930221
0.93589
0.941403
0.945788
0.948549
0.949489
0.94855
0.945761
0.941259
0.935289
0.928458
0.921621
0.915815
0.911959
0.910546
0.911632
0.914859
0.919678
0.925478
0.931644
0.937714
0.94319
0.947522
0.950143
0.950568
0.94853
0.944271
0.938578
0.932432
0.926612
0.921358
0.916474
0.911721
0.907244
0.903586
0.901478
0.901596
0.904142
0.908849
0.91504
0.921758
0.928068
0.933182
0.936599
0.938171
0.93821
0.937561
0.93743
0.939205
0.94399
0.952158
0.963308
0.976426
0.990287
1.0036
1.0151
1.02357
1.02793
1.02731
1.02136
1.0102
0.994155
0.973788
0.949876
0.923531
0.896087
0.869118
0.844549
0.824325
0.810469
0.804639
0.807948
0.820641
0.841864
0.869665
0.901352
0.93388
0.964304
0.9902
1.00995
1.02272
1.02853
1.028
1.02217
1.01212
0.998853
0.98317
0.96583
0.947948
0.93119
0.917484
0.908448
0.904742
0.9058
0.910202
0.916393
0.923247
0.93019
0.936547
0.940983
0.94159
0.936533
0.925187
0.908901
0.890995
0.875842
0.867224
0.867048
0.875037
0.889271
0.907083
0.925848
0.943566
0.958982
0.97146
0.980815
0.987002
0.989887
0.989357
0.985368
0.978183
0.968424
0.95712
0.945723
0.936047
0.929934
0.928902
0.933666
0.943821
0.957658
0.972512
0.985221
0.992925
0.993636
0.986639
0.972579
0.953419
0.932128
0.912018
0.896058
0.886502
0.884592
0.890518
0.903501
0.921652
0.942339
0.962823
0.980568
0.993723
1.00119
1.00264
0.998474
0.989796
0.978286
0.965904
0.954491
0.94531
0.938663
0.933951
0.929895
0.924928
0.917638
0.907029
0.892779
0.875358
0.855946
0.836481
0.819596
0.808241
0.805195
0.81216
0.829049
0.853826
0.883196
0.913651
0.942171
0.966281
0.984189
0.995052
0.9991
0.997795
0.993319
0.987822
0.983072
0.980378
0.980879
0.985329
0.993821
1.00554
1.019
1.03262
1.04483
1.05421
1.05932
1.05874
1.05151
1.03749
1.01753
0.993279
0.966856
0.940262
0.915172
0.892758
0.873754
0.858663
0.847701
0.840818
0.837825
0.838621
0.843389
0.85256
0.866614
0.885604
0.908691
0.934071
0.959118
0.981073
0.997735
1.00792
1.01159
1.00958
1.00311
0.993352
0.981208
0.967533
0.953406
0.940282
0.929875
0.923737
0.922858
0.927444
0.936761
0.949243
0.962782
0.97489
0.983139
0.985486
0.980862
0.969464
0.952696
0.932778
0.912192
0.893299
0.877875
0.867092
0.861581
0.861567
0.866775
0.876404
0.889387
0.904432
0.920246
0.935489
0.949008
0.959926
0.967809
0.972772
0.97543
0.976669
0.977229
0.977418
0.977085
0.97564
0.972392
0.966783
0.958648
0.94841
0.937101
0.926273
0.917565
0.91238
0.91147
0.91476
0.921384
0.929835
0.93834
0.945106
0.948589
0.947868
0.942764
0.933845
0.922437
0.910316
0.899386
0.891284
0.887023
0.886708
0.889622
0.894549
0.900265
0.90605
0.911901
0.918199
0.92533
0.933221
0.941264
0.948643
0.954586
0.958639
0.96062
0.96073
0.95961
0.958182
0.957362
0.957574
0.958424
0.958814
0.957413
0.953393
0.946906
0.939103
0.931509
0.925514
0.921831
0.920432
0.920736
0.922038
0.923909
0.926395
0.929952
0.934995
0.941252
0.947438
0.951513
0.951495
0.946148
0.935486
0.920752
0.90401
0.887772
0.874613
0.866776
0.865631
0.871362
0.882924
0.898291
0.915167
0.931507
0.945931
0.957798
0.967014
0.973657
0.977529
0.978075
0.974693
0.967268
0.956578
0.944392
0.932987
0.924324
0.919562
0.918766
0.921237
0.926098
0.932712
0.940659
0.94954
0.958752
0.967356
0.974365
0.979069
0.981234
0.981013
0.978996
0.975854
0.972213
0.968332
0.964252
0.959824
0.954833
0.949011
0.942104
0.934093
0.925508
0.917379
0.910985
0.90755
0.907974
0.912546
0.920837
0.931752
0.943927
0.956215
0.967916
0.97888
0.989161
0.998672
1.00704
1.01359
1.01739
1.01759
1.01353
1.0051
0.992938
0.978334
0.962863
0.947777
0.933564
0.919801
0.905586
0.890132
0.873545
0.857131
0.843142
0.834131
0.83215
0.838123
0.851507
0.87047
0.892328
0.914148
0.933472
0.948852
0.95984
0.966475
0.968913
0.967172
0.961404
0.952255
0.941016
0.929392
0.919197
0.911768
0.907863
0.907581
0.910767
0.917097
0.926073
0.937058
0.949081
0.960735
0.970449
0.976723
0.978462
0.975538
0.968666
0.959279
0.949144
0.939659
0.93162
0.925077
0.919559
0.914592
0.910144
0.906769
0.905533
0.907624
0.914141
0.925583
0.941478
0.960424
0.980289
0.998753
1.0137
1.02357
1.02763
1.02593
1.01904
1.00816
0.994764
0.980497
0.967009
0.955708
0.947341
0.941777
0.938196
0.935542
0.933138
0.930899
0.929325
0.929001
0.930145
0.932412
0.934899
0.936459
0.936183
0.93382
0.929788
0.925035
0.920547
0.916976
0.914308
0.911908
0.908794
0.904073
0.897291
0.88869
0.879351
0.871034
0.865692
0.864996
0.869594
0.879063
0.891921
0.906051
0.919187
0.929412
0.935596
0.937648
0.936395
0.933245
0.929753
0.927305
0.926966
0.929615
0.93598
0.946622
0.961769
0.980912
1.00257
1.02444
1.04386
1.05827
1.06581
1.06558
1.05765
1.04304
1.02356
1.00137
0.978652
0.957218
0.938144
0.921755
0.90787
0.8962
0.886851
0.880523
0.878161
0.880548
0.887645
0.898407
0.910895
0.922767
0.931983
0.937469
0.938977
0.936935
0.931859
0.924213
0.914575
0.904051
0.894302
0.887167
0.884087
0.885605
0.891252
0.899862
0.910093
0.92064
0.930278
0.938108
0.943663
0.94683
0.94801
0.947933
0.947422
0.94704
0.946888
0.946595
0.945522
0.943017
0.939011
0.934095
0.929612
0.927164
0.928006
0.932545
0.940086
0.94921
0.958308
0.966119
0.971959
0.975732
0.977726
0.978439
0.9783
0.977617
0.976504
0.975002
0.9731
0.970631
0.967163
0.961952
0.954217
0.943322
0.929169
0.912615
0.895485
0.88007
0.86853
0.862134
0.861146
0.865012
0.872728
0.883317
0.89605
0.910416
0.925924
0.942011
0.957853
0.972585
0.985203
0.994736
1.00033
1.00129
0.997357
0.988838
0.97648
0.961635
0.946043
0.931933
0.921954
0.918653
0.923466
0.935767
0.952801
0.970613
0.985535
0.995334
0.999494
0.998893
0.995039
0.98911
0.981726
0.972985
0.962796
0.951195
0.938585
0.926039
0.915174
0.907905
0.905949
0.910242
0.920512
0.93531
0.952271
0.968566
0.981468
0.988588
0.988412
0.980577
0.966078
0.947281
0.927416
0.90949
0.895236
0.88489
0.87773
0.872904
0.870009
0.869156
0.870802
0.875425
0.883132
0.893574
0.905909
0.919143
0.93242
0.945107
0.956705
0.966673
0.974374
0.979271
0.981179
0.980541
0.978481
0.976329
0.975021
0.974712
0.974653
0.973617
0.970578
0.965238
0.958183
0.950814
0.944903
0.942105
0.943485
0.949308
0.958912
0.970831
0.983085
0.993551
1.00041
1.00243
0.999175
0.990992
0.978853
0.96439
0.949363
0.935431
0.923686
0.914673
0.908414
0.904713
0.903447
0.904385
0.907189
0.911205
0.915446
0.91875
0.920165
0.918926
0.914648
0.907299
0.897364
0.885872
0.874203
0.86379
0.855748
0.850621
0.848596
0.84985
0.85468
0.863507
0.876493
0.893211
0.912456
0.932684
0.95229
0.970147
0.985857
0.999634
1.01194
1.02294
1.03217
1.03844
1.0403
1.03668
1.02723
1.01265
0.994394
0.974381
0.954569
0.936728
0.922374
0.912679
0.90838
0.909561
0.915682
0.925406
0.937034
0.948765
0.959148
0.967261
0.972568
0.974962
0.974478
0.971501
0.966694
0.961026
0.955713
0.952047
0.951065
0.953367
0.958895
0.966749
0.975233
0.981986
0.984704
0.981617
0.971902
0.95557
0.933386
0.906679
0.877261
0.847544
0.820483
0.799244
0.786649
0.784542
0.793206
0.811156
0.835613
0.863326
0.89132
0.917533
0.941032
0.961794
0.980206
0.996594
1.01092
1.02279
1.03172
1.03717
1.03863
1.03561
1.02765
1.01466
0.99728
0.977159
0.956665
0.937978
0.922549
0.910846
0.902924
0.89895
0.899571
0.905389
0.91647
0.932049
0.950451
0.969309
0.98624
0.999242
1.007
1.00909
1.00575
0.998017
0.987375
0.975394
0.963628
0.953307
0.945188
0.939586
0.9364
0.935172
0.935208
0.935398
0.934496
0.931419
0.925505
0.916832
0.906295
0.895362
0.88552
0.877804
0.872552
0.869465
0.867917
0.867413
0.867961
0.870078
