-7.13928
-7.11045
-7.07242
-7.02708
-6.9716
-6.91447
-6.86262
-6.81279
-6.7759
-6.75201
-6.74626
-6.75514
-6.77581
-6.80608
-6.83996
-6.87309
-6.9005
-6.92143
-6.9304
-6.92911
-6.92225
-6.90952
-6.89529
-6.88029
-6.86777
-6.8563
-6.84929
-6.84258
-6.83992
-6.83956
-6.84059
-6.84307
-6.84709
-6.85362
-6.86063
-6.86638
-6.87265
-6.87671
-6.88375
-6.89027
-6.89698
-6.90261
-6.90812
-6.91307
-6.91288
-6.91015
-6.90147
-6.89265
-6.88016
-6.86836
-6.86124
-6.85785
-6.8585
-6.86643
-6.88112
-6.89979
-6.91719
-6.9376
-6.95572
-6.97008
-6.98373
-6.99241
-6.99883
-7.00299
-7.00165
-6.99593
-6.97635
-6.95472
-6.92357
-6.89296
-6.86021
-6.82997
-6.80971
-6.80078
-6.80098
-6.81301
-6.83731
-6.86673
-6.89884
-6.93333
-6.96172
-6.98354
-6.99365
-6.99155
-6.9791
-6.95682
-6.92938
-6.89591
-6.86378
-6.83527
-6.81338
-6.79987
-6.79644
-6.79866
-6.80871
-6.82493
-6.84492
-6.86774
-6.89228
-6.91137
-6.92904
-6.94338
-6.95234
-6.95548
-6.95511
-6.95376
-6.95253
-6.9497
-6.9472
-6.94429
-6.94217
-6.93624
-6.9329
-6.92451
-6.91503
-6.90216
-6.88698
-6.86677
-6.84246
-6.81596
-6.793
-6.77316
-6.76271
-6.75981
-6.76934
-6.78767
-6.81266
-6.838
-6.86407
-6.88782
-6.90387
-6.91367
-6.92346
-6.92727
-6.93159
-6.93445
-6.93917
-6.93884
-6.94223
-6.94539
-6.94684
-6.95006
-6.94837
-6.94493
-6.93869
-6.9301
-6.91781
-6.9031
-6.88808
-6.87284
-6.85954
-6.85042
-6.85212
-6.85598
-6.86267
-6.8744
-6.88945
-6.90226
-6.90845
-6.90818
-6.90521
-6.89748
-6.88797
-6.88048
-6.87407
-6.87226
-6.87409
-6.87973
-6.88576
-6.88893
-6.89253
-6.89543
-6.89813
-6.89765
-6.89598
-6.89002
-6.88361
-6.87706
-6.86996
-6.86301
-6.85939
-6.85726
-6.85987
-6.8649
-6.86985
-6.87572
-6.88092
-6.88857
-6.89461
-6.90009
-6.90381
-6.90302
-6.90074
-6.89338
-6.88857
-6.88372
-6.87698
-6.86952
-6.86433
-6.86056
-6.85548
-6.85162
-6.84906
-6.85039
-6.85156
-6.85645
-6.86371
-6.86978
-6.87568
-6.87967
-6.88323
-6.88462
-6.88552
-6.88551
-6.88486
-6.88787
-6.89266
-6.90148
-6.91223
-6.92581
-6.94161
-6.95577
-6.96702
-6.97578
-6.97967
-6.98112
-6.97333
-6.96264
-6.94549
-6.92343
-6.89922
-6.87367
-6.84588
-6.81873
-6.79451
-6.7758
-6.76171
-6.75708
-6.76101
-6.77461
-6.79692
-6.82524
-6.8578
-6.88928
-6.9187
-6.94275
-6.96053
-6.97226
-6.97772
-6.97565
-6.97193
-6.96249
-6.94863
-6.93242
-6.91626
-6.89614
-6.88025
-6.8663
-6.85941
-6.85525
-6.85639
-6.86363
-6.86896
-6.87454
-6.88276
-6.88868
-6.89282
-6.89358
-6.88757
-6.87564
-6.85998
-6.84344
-6.82944
-6.82065
-6.82133
-6.82811
-6.84056
-6.85858
-6.87765
-6.89615
-6.91162
-6.92476
-6.93348
-6.93999
-6.94092
-6.94036
-6.93474
-6.92856
-6.91989
-6.90818
-6.89945
-6.89038
-6.88309
-6.88036
-6.88602
-6.89568
-6.90975
-6.92421
-6.93654
-6.94427
-6.94227
-6.93646
-6.92146
-6.90096
-6.87964
-6.86014
-6.84473
-6.83461
-6.83479
-6.84179
-6.85766
-6.87717
-6.89925
-6.9186
-6.93596
-6.95052
-6.95836
-6.95857
-6.95357
-6.94258
-6.92928
-6.91723
-6.90568
-6.89643
-6.88904
-6.88641
-6.88071
-6.87655
-6.86993
-6.85896
-6.84241
-6.82473
-6.80392
-6.78426
-6.76876
-6.75876
-6.75667
-6.76466
-6.78343
-6.80948
-6.8375
-6.86691
-6.89347
-6.91736
-6.93555
-6.94926
-6.95302
-6.95259
-6.95083
-6.9421
-6.94041
-6.93831
-6.93757
-6.94081
-6.94903
-6.9623
-6.97487
-6.98809
-6.99847
-7.00652
-7.01047
-7.01315
-7.00652
-6.98732
-6.96749
-6.94228
-6.9138
-6.88956
-6.86501
-6.84291
-6.82428
-6.8096
-6.79873
-6.79192
-6.78931
-6.79016
-6.79729
-6.80725
-6.82343
-6.84288
-6.86565
-6.88983
-6.91242
-6.93588
-6.95452
-6.96079
-6.96514
-6.96198
-6.95384
-6.94445
-6.92985
-6.9164
-6.90197
-6.88872
-6.87965
-6.87271
-6.874
-6.87975
-6.89206
-6.90669
-6.92021
-6.93333
-6.93783
-6.94016
-6.93709
-6.92346
-6.90497
-6.88422
-6.86338
-6.84379
-6.82879
-6.81722
-6.81226
-6.81052
-6.81751
-6.82688
-6.84013
-6.85304
-6.87112
-6.88657
-6.90051
-6.91275
-6.92162
-6.926
-6.92912
-6.92962
-6.92981
-6.92996
-6.92987
-6.92763
-6.92449
-6.91636
-6.90766
-6.89759
-6.88592
-6.87394
-6.8665
-6.8614
-6.85995
-6.86331
-6.86987
-6.87808
-6.88811
-6.89396
-6.899
-6.89815
-6.89328
-6.88404
-6.87215
-6.86104
-6.8487
-6.83868
-6.83548
-6.83715
-6.84032
-6.8457
-6.85177
-6.85626
-6.86181
-6.86785
-6.87572
-6.88366
-6.89297
-6.89797
-6.90147
-6.90662
-6.90613
-6.90543
-6.90682
-6.90671
-6.90631
-6.90759
-6.90813
-6.90937
-6.90838
-6.90376
-6.89578
-6.88793
-6.87882
-6.87369
-6.87121
-6.87066
-6.8711
-6.87247
-6.87504
-6.87664
-6.88163
-6.88811
-6.89509
-6.90084
-6.90491
-6.9031
-6.8972
-6.88573
-6.87037
-6.85129
-6.83331
-6.81897
-6.81111
-6.81001
-6.8164
-6.83071
-6.84892
-6.86583
-6.88235
-6.89751
-6.90781
-6.91936
-6.92638
-6.93157
-6.93239
-6.92828
-6.91886
-6.90857
-6.89474
-6.88288
-6.8749
-6.87054
-6.87076
-6.87351
-6.87728
-6.8821
-6.8921
-6.90137
-6.91284
-6.92132
-6.9278
-6.93031
-6.92996
-6.92823
-6.92963
-6.92738
-6.92436
-6.91917
-6.91506
-6.91059
-6.90812
-6.90252
-6.89679
-6.88934
-6.88107
-6.87208
-6.86269
-6.85929
-6.85948
-6.86186
-6.87015
-6.8819
-6.89316
-6.90476
-6.91704
-6.9276
-6.93718
-6.94789
-6.95741
-6.96437
-6.97109
-6.96991
-6.96509
-6.95527
-6.94182
-6.92674
-6.91191
-6.89852
-6.88341
-6.86997
-6.85501
-6.83974
-6.8231
-6.80617
-6.78932
-6.78288
-6.782
-6.78746
-6.80215
-6.82284
-6.84482
-6.86616
-6.88546
-6.90009
-6.91193
-6.91976
-6.9221
-6.91962
-6.91186
-6.89887
-6.88718
-6.87789
-6.86825
-6.85953
-6.85437
-6.85574
-6.86185
-6.86814
-6.87638
-6.88558
-6.89699
-6.91079
-6.9199
-6.92446
-6.92637
-6.92398
-6.9171
-6.90594
-6.89485
-6.88872
-6.88181
-6.87831
-6.87124
-6.86664
-6.86065
-6.85841
-6.85712
-6.86059
-6.86791
-6.88048
-6.89547
-6.91331
-6.93541
-6.95231
-6.96422
-6.97354
-6.9783
-6.97345
-6.96642
-6.95749
-6.94491
-6.92902
-6.91829
-6.90661
-6.89855
-6.89194
-6.88752
-6.88653
-6.88576
-6.88517
-6.8837
-6.88191
-6.88189
-6.88487
-6.88797
-6.88808
-6.88857
-6.88601
-6.88089
-6.8758
-6.87235
-6.86759
-6.86499
-6.86418
-6.86224
-6.857
-6.84871
-6.83965
-6.82871
-6.82028
-6.81339
-6.81321
-6.81963
-6.83146
-6.84455
-6.85804
-6.87128
-6.88179
-6.88592
-6.88857
-6.88738
-6.88413
-6.87841
-6.87678
-6.87508
-6.87969
-6.88614
-6.89852
-6.91443
-6.93391
-6.95635
-6.98004
-6.99777
-7.01189
-7.01739
-7.01863
-7.00997
-6.99478
-6.97137
-6.94805
-6.92475
-6.90449
-6.88406
-6.87052
-6.85719
-6.84736
-6.8373
-6.831
-6.83006
-6.83294
-6.83885
-6.84923
-6.86177
-6.87248
-6.88168
-6.88612
-6.88725
-6.88423
-6.8779
-6.871
-6.86024
-6.85003
-6.83949
-6.83433
-6.83332
-6.83497
-6.84291
-6.85142
-6.86206
-6.87225
-6.88174
-6.89195
-6.89759
-6.90247
-6.90155
-6.90139
-6.90055
-6.90019
-6.9007
-6.89809
-6.89625
-6.8923
-6.88848
-6.88484
-6.88243
-6.87897
-6.88018
-6.88636
-6.89316
-6.90203
-6.9104
-6.91803
-6.92334
-6.9253
-6.92941
-6.92872
-6.92657
-6.92519
-6.92404
-6.92315
-6.92153
-6.91931
-6.91764
-6.91319
-6.90483
-6.89231
-6.87916
-6.86116
-6.84376
-6.82768
-6.81564
-6.81011
-6.80965
-6.81298
-6.82102
-6.83282
-6.84477
-6.86186
-6.87778
-6.89615
-6.91224
-6.92843
-6.93852
-6.94737
-6.95285
-6.95332
-6.94762
-6.94061
-6.92826
-6.91422
-6.89867
-6.88388
-6.87414
-6.87193
-6.87918
-6.89341
-6.90908
-6.92449
-6.93995
-6.95047
-6.95216
-6.95246
-6.94932
-6.93999
-6.9315
-6.92262
-6.90938
-6.89732
-6.8866
-6.87706
-6.86678
-6.859
-6.85959
-6.86354
-6.87467
-6.88689
-6.90262
-6.91935
-6.93177
-6.93886
-6.93759
-6.9274
-6.91396
-6.89523
-6.87381
-6.8562
-6.84106
-6.83107
-6.82547
-6.82215
-6.81944
-6.81655
-6.8188
-6.82373
-6.83336
-6.84533
-6.85812
-6.87139
-6.88626
-6.89594
-6.9074
-6.9175
-6.92591
-6.9344
-6.93699
-6.93615
-6.93402
-6.93322
-6.92975
-6.93081
-6.93136
-6.93146
-6.92624
-6.91875
-6.91288
-6.90784
-6.89991
-6.89652
-6.89705
-6.90459
-6.91612
-6.9272
-6.9397
-6.94923
-6.95597
-6.95812
-6.95305
-6.94376
-6.93034
-6.91801
-6.9014
-6.887
-6.87551
-6.86451
-6.85884
-6.85474
-6.855
-6.85679
-6.85846
-6.86061
-6.86189
-6.86602
-6.86687
-6.86761
-6.8627
-6.85538
-6.84718
-6.8356
-6.82335
-6.81248
-6.8031
-6.79924
-6.79786
-6.79881
-6.80273
-6.81132
-6.82731
-6.84596
-6.86635
-6.88852
-6.90638
-6.92499
-6.94309
-6.95928
-6.97049
-6.98102
-6.98873
-6.99495
-6.99857
-6.99436
-6.98402
-6.96673
-6.94789
-6.92943
-6.90973
-6.89056
-6.87695
-6.86777
-6.8624
-6.86379
-6.87164
-6.87905
-6.89174
-6.90339
-6.91261
-6.92111
-6.92515
-6.92595
-6.92714
-6.92233
-6.91868
-6.91234
-6.90908
-6.90467
-6.90497
-6.9089
-6.91439
-6.92143
-6.93114
-6.93598
-6.93656
-6.93413
-6.92341
-6.90613
-6.88407
-6.85927
-6.83003
-6.8001
-6.77283
-6.75073
-6.73879
-6.7381
-6.74811
-6.76783
-6.79017
-6.81771
-6.84625
-6.87027
-6.89381
-6.9127
-6.93122
-6.94709
-6.96086
-6.97376
-6.98334
-6.98841
-6.99139
-6.98724
-6.97943
-6.96724
-6.95112
-6.92858
-6.90753
-6.88782
-6.87211
-6.86208
-6.85486
-6.85196
-6.85276
-6.85976
-6.87263
-6.88923
-6.90812
-6.92592
-6.94383
-6.95441
-6.96097
-6.96346
-6.95833
-6.95055
-6.93873
-6.92671
-6.91601
-6.90556
-6.89768
-6.89039
-6.88645
-6.88539
-6.88679
-6.88758
-6.88359
-6.8796
-6.87566
-6.86707
-6.8574
-6.84651
-6.83749
-6.83067
-6.82436
-6.82178
-6.82035
-6.8193
-6.81932
-6.82034
