-5.95243
-5.94962
-5.94863
-5.94918
-5.94581
-5.94377
-5.94605
-5.9449
-5.94676
-5.94796
-5.95152
-5.95397
-5.95479
-5.95579
-5.95596
-5.95597
-5.95527
-5.95628
-5.95498
-5.95281
-5.95282
-5.95213
-5.95235
-5.95181
-5.95204
-5.95071
-5.95098
-5.94896
-5.94882
-5.9493
-5.94975
-5.95023
-5.95071
-5.95215
-5.95288
-5.9519
-5.95182
-5.95045
-5.95268
-5.95435
-5.95542
-5.95451
-5.95345
-5.95351
-5.9518
-5.95199
-5.95063
-5.95234
-5.95168
-5.95091
-5.95194
-5.95215
-5.95079
-5.951
-5.95304
-5.95557
-5.95501
-5.95723
-5.95807
-5.95688
-5.95728
-5.95537
-5.95437
-5.95492
-5.95471
-5.956
-5.95041
-5.95003
-5.94657
-5.94793
-5.94805
-5.94761
-5.95012
-5.95385
-5.95476
-5.95528
-5.95721
-5.9562
-5.95377
-5.95414
-5.95313
-5.95378
-5.95329
-5.95214
-5.95175
-5.95094
-5.95173
-5.94996
-5.9495
-5.94935
-5.94974
-5.9506
-5.95278
-5.95198
-5.95137
-5.95089
-5.9502
-5.95058
-5.95303
-5.95211
-5.95303
-5.95456
-5.9548
-5.95314
-5.95124
-5.95074
-5.95164
-5.95131
-5.95131
-5.95096
-5.95186
-5.94981
-5.9516
-5.95011
-5.94984
-5.94918
-5.94977
-5.94909
-5.94753
-5.94554
-5.94641
-5.94665
-5.94915
-5.94927
-5.95069
-5.95089
-5.95101
-5.94908
-5.94941
-5.95151
-5.951
-5.94896
-5.9506
-5.94878
-5.949
-5.94861
-5.95053
-5.9476
-5.94855
-5.9495
-5.94911
-5.95128
-5.94982
-5.94861
-5.94733
-5.94698
-5.94634
-5.94612
-5.94704
-5.94722
-5.94663
-5.94556
-5.94942
-5.94935
-5.94687
-5.9461
-5.94796
-5.94957
-5.94874
-5.94688
-5.94769
-5.94774
-5.9477
-5.94888
-5.94827
-5.94835
-5.94835
-5.94951
-5.94987
-5.94753
-5.94674
-5.94688
-5.94864
-5.9491
-5.95022
-5.94876
-5.94832
-5.9486
-5.94833
-5.9472
-5.94743
-5.94671
-5.94824
-5.95005
-5.95017
-5.95024
-5.94927
-5.95086
-5.95142
-5.95257
-5.95366
-5.95245
-5.95221
-5.9491
-5.94999
-5.95129
-5.95037
-5.94816
-5.94785
-5.94884
-5.94824
-5.94804
-5.94759
-5.9488
-5.94742
-5.9476
-5.94867
-5.94802
-5.94761
-5.94649
-5.94663
-5.94645
-5.94731
-5.94795
-5.94743
-5.94866
-5.94867
-5.94932
-5.94892
-5.94938
-5.95132
-5.95217
-5.95192
-5.95221
-5.95174
-5.9538
-5.95197
-5.95244
-5.95133
-5.94964
-5.94934
-5.95014
-5.94979
-5.94961
-5.94996
-5.95148
-5.95124
-5.95244
-5.95306
-5.95397
-5.95506
-5.95558
-5.95645
-5.9554
-5.95439
-5.95255
-5.95058
-5.94954
-5.9492
-5.94764
-5.94977
-5.95037
-5.94977
-5.94925
-5.95043
-5.94819
-5.94906
-5.94881
-5.95096
-5.95051
-5.95059
-5.95343
-5.95256
-5.9513
-5.95257
-5.95213
-5.95184
-5.95199
-5.95104
-5.95045
-5.95108
-5.95245
-5.9536
-5.95342
-5.95429
-5.95308
-5.95129
-5.9515
-5.9518
-5.95258
-5.95263
-5.9533
-5.95266
-5.95299
-5.95103
-5.95101
-5.94937
-5.95038
-5.95146
-5.95106
-5.95373
-5.95433
-5.95316
-5.95146
-5.95236
-5.95186
-5.95209
-5.9517
-5.95132
-5.95134
-5.94864
-5.94982
-5.94888
-5.94754
-5.94751
-5.94813
-5.94867
-5.94811
-5.95019
-5.95128
-5.95416
-5.95551
-5.95691
-5.95577
-5.95539
-5.9568
-5.95717
-5.95593
-5.9551
-5.95279
-5.95099
-5.95133
-5.95119
-5.95112
-5.95038
-5.95245
-5.95082
-5.95162
-5.95229
-5.95193
-5.94964
-5.94937
-5.94797
-5.94777
-5.94916
-5.95052
-5.95147
-5.9525
-5.95438
-5.95565
-5.9543
-5.95326
-5.9513
-5.95108
-5.95136
-5.95421
-5.95392
-5.95479
-5.95751
-5.95428
-5.95734
-5.95794
-5.95669
-5.95548
-5.95521
-5.95676
-5.95587
-5.95547
-5.95364
-5.95231
-5.95115
-5.95441
-5.95501
-5.94983
-5.94996
-5.949
-5.94695
-5.9493
-5.94984
-5.95015
-5.95053
-5.95094
-5.95102
-5.9511
-5.95148
-5.95154
-5.9539
-5.95469
-5.95682
-5.95728
-5.95696
-5.95576
-5.95331
-5.95481
-5.95678
-5.95288
-5.95355
-5.9524
-5.95073
-5.9511
-5.94864
-5.94887
-5.94857
-5.94844
-5.94977
-5.94897
-5.95114
-5.95231
-5.9553
-5.95745
-5.95742
-5.95844
-5.95469
-5.95467
-5.95623
-5.95399
-5.95227
-5.95144
-5.95119
-5.9505
-5.95092
-5.95013
-5.95068
-5.94895
-5.95073
-5.95047
-5.95074
-5.94861
-5.95088
-5.95108
-5.9515
-5.95282
-5.95381
-5.95323
-5.95369
-5.95295
-5.95258
-5.95254
-5.95279
-5.95199
-5.9521
-5.94958
-5.94902
-5.94918
-5.94882
-5.94767
-5.94893
-5.94902
-5.94848
-5.94855
-5.94848
-5.94825
-5.94977
-5.94886
-5.95041
-5.95029
-5.95051
-5.95019
-5.94971
-5.95072
-5.94931
-5.9474
-5.94845
-5.95044
-5.9507
-5.95115
-5.95151
-5.95021
-5.94991
-5.94965
-5.95039
-5.95044
-5.95171
-5.94933
-5.94689
-5.94798
-5.94551
-5.9447
-5.94721
-5.94853
-5.94895
-5.95002
-5.94971
-5.95056
-5.95096
-5.95037
-5.94888
-5.94883
-5.94731
-5.94817
-5.94938
-5.95023
-5.95036
-5.95043
-5.95113
-5.95024
-5.95167
-5.95312
-5.95383
-5.9534
-5.9534
-5.95161
-5.95105
-5.95025
-5.94962
-5.94728
-5.94553
-5.94435
-5.94433
-5.94438
-5.94504
-5.94778
-5.95063
-5.95066
-5.95084
-5.95157
-5.95001
-5.95234
-5.95272
-5.95404
-5.95432
-5.95359
-5.95159
-5.95199
-5.95035
-5.94989
-5.95057
-5.95098
-5.952
-5.95228
-5.95118
-5.94939
-5.95144
-5.95183
-5.95408
-5.95397
-5.95343
-5.95124
-5.94872
-5.94722
-5.95064
-5.95153
-5.95215
-5.95084
-5.95081
-5.95076
-5.95328
-5.95351
-5.95469
-5.95525
-5.95556
-5.9547
-5.95171
-5.95174
-5.9515
-5.94931
-5.94931
-5.95015
-5.94923
-5.94855
-5.94912
-5.94873
-5.94802
-5.94922
-5.95037
-5.95078
-5.9537
-5.95232
-5.95155
-5.95017
-5.94888
-5.94841
-5.94904
-5.95074
-5.94985
-5.95017
-5.94943
-5.94961
-5.94955
-5.94903
-5.94618
-5.94874
-5.94985
-5.94934
-5.95065
-5.95237
-5.95249
-5.95202
-5.95199
-5.95124
-5.95209
-5.95329
-5.95319
-5.95245
-5.95045
-5.94662
-5.94617
-5.9485
-5.94905
-5.94776
-5.9465
-5.94816
-5.95108
-5.95105
-5.95031
-5.94852
-5.94791
-5.95005
-5.94945
-5.94774
-5.94791
-5.94844
-5.94844
-5.94666
-5.9457
-5.94906
-5.95019
-5.95323
-5.95168
-5.95205
-5.9505
-5.95164
-5.95159
-5.95296
-5.95377
-5.9549
-5.95399
-5.95289
-5.95512
-5.95356
-5.95053
-5.94996
-5.95067
-5.94753
-5.94739
-5.94933
-5.95014
-5.94853
-5.95128
-5.95091
-5.95121
-5.95016
-5.94933
-5.95099
-5.95262
-5.95427
-5.95438
-5.9529
-5.95175
-5.95246
-5.95307
-5.95163
-5.95239
-5.95219
-5.9511
-5.95076
-5.95181
-5.95061
-5.95068
-5.95227
-5.95344
-5.95292
-5.95142
-5.95096
-5.94936
-5.94924
-5.9477
-5.94822
-5.95004
-5.9524
-5.95263
-5.95199
-5.9521
-5.95238
-5.95033
-5.95092
-5.95098
-5.95088
-5.94866
-5.94947
-5.94812
-5.95007
-5.95016
-5.9519
-5.95266
-5.953
-5.95378
-5.95561
-5.95391
-5.95362
-5.95157
-5.95305
-5.95232
-5.95174
-5.94781
-5.94669
-5.9461
-5.94727
-5.94591
-5.94877
-5.94932
-5.95116
-5.95045
-5.95048
-5.9519
-5.95239
-5.9512
-5.95083
-5.95087
-5.94971
-5.94969
-5.94865
-5.94827
-5.94729
-5.94604
-5.94678
-5.94566
-5.94598
-5.94519
-5.94716
-5.94923
-5.94936
-5.95166
-5.95156
-5.95197
-5.95161
-5.95146
-5.95384
-5.95392
-5.95564
-5.95354
-5.95346
-5.95313
-5.95315
-5.95381
-5.9515
-5.95073
-5.94928
-5.94947
-5.95074
-5.95281
-5.9518
-5.95217
-5.95382
-5.95308
-5.95282
-5.95209
-5.95192
-5.95138
-5.94957
-5.95168
-5.95028
-5.94827
-5.94758
-5.94754
-5.94815
-5.94843
-5.94868
-5.95048
-5.95123
-5.95062
-5.94899
-5.94999
-5.94854
-5.94828
-5.94761
-5.94711
-5.94798
-5.9485
-5.94796
-5.94829
-5.94951
-5.94872
-5.95145
-5.95185
-5.95414
-5.95439
-5.95585
-5.95331
-5.95263
-5.95252
-5.95203
-5.95026
-5.95177
-5.95178
-5.95259
-5.95263
-5.95195
-5.95218
-5.95328
-5.95571
-5.95764
-5.95628
-5.95388
-5.95441
-5.95514
-5.95267
-5.95356
-5.95428
-5.95088
-5.94978
-5.94963
-5.94658
-5.94613
-5.94802
-5.95102
-5.95161
-5.9511
-5.95364
-5.9533
-5.95416
-5.95158
-5.95035
-5.95078
-5.9503
-5.95027
-5.94918
-5.94682
-5.94788
-5.94795
-5.9464
-5.94671
-5.94582
-5.94618
-5.94774
-5.94924
-5.94943
-5.94739
-5.94799
-5.9483
-5.95022
-5.95175
-5.95221
-5.95225
-5.95384
-5.95084
-5.9507
-5.95083
-5.95154
-5.95513
-5.95581
-5.95561
-5.95554
-5.95689
-5.95473
-5.9561
-5.95671
-5.95784
-5.95566
-5.95351
-5.9547
-5.95703
-5.955
-5.95441
-5.95356
-5.95528
-5.95721
-5.95637
-5.95661
-5.95568
-5.95556
-5.95569
-5.95387
-5.95277
-5.95149
-5.95362
-5.95204
-5.95157
-5.95183
-5.94984
-5.95043
-5.95003
-5.95156
-5.95241
-5.95127
-5.9494
-5.94645
-5.94727
-5.94671
-5.94868
-5.94805
-5.94808
-5.94981
-5.94973
-5.94914
-5.94869
-5.94735
-5.94862
-5.94926
-5.94896
-5.94805
-5.94782
-5.95081
-5.95275
-5.95389
-5.95584
-5.95409
-5.95485
-5.95723
-5.95965
-5.95855
-5.95808
-5.95656
-5.9565
-5.95826
-5.95768
-5.95679
-5.95408
-5.95349
-5.95505
-5.95516
-5.95383
-5.95457
-5.95509
-5.95402
-5.95423
-5.95596
-5.95364
-5.9547
-5.95462
-5.95346
-5.95384
-5.95258
-5.95099
-5.95266
-5.95083
-5.95199
-5.95132
-5.95337
-5.95262
-5.9539
-5.95553
-5.9555
-5.95468
-5.95591
-5.95399
-5.95186
-5.95251
-5.95151
-5.95056
-5.95069
-5.95259
-5.95276
-5.95256
-5.95235
-5.95148
-5.95214
-5.95356
-5.95491
-5.95667
-5.95456
-5.95438
-5.95493
-5.95274
-5.95278
-5.95091
-5.95101
-5.9505
-5.94994
-5.95097
-5.95162
-5.95124
-5.95276
-5.95164
-5.95178
-5.95259
-5.95384
-5.95142
-5.95087
-5.94985
-5.94956
-5.95124
-5.95194
-5.95301
-5.95319
-5.95437
-5.95616
-5.95718
-5.95767
-5.95661
-5.95759
-5.95517
-5.95396
-5.95437
-5.95258
-5.95254
-5.95136
-5.95131
-5.95238
-5.95225
-5.95249
-5.95081
-5.95005
-5.95022
-5.95158
-5.95218
-5.94909
-5.94819
-5.95016
-5.95024
-5.9511
-5.95115
-5.95197
-5.95286
-5.95181
-5.95231
-5.95243
-5.95188
-5.95136
-5.95026
