6.95107
7.08769
7.27297
7.4965
7.75644
8.0249
8.27609
8.50573
8.67922
8.78804
8.81701
8.77525
8.67549
8.53299
8.37327
8.21842
8.09005
7.9973
7.95555
7.96027
7.99697
8.05996
8.13279
8.20764
8.27279
8.32849
8.36611
8.39483
8.40727
8.40834
8.40084
8.38514
8.36132
8.32801
8.2911
8.2565
8.22239
8.1957
8.16487
8.13622
8.10715
8.08078
8.0573
8.0411
8.0456
8.06677
8.11116
8.16279
8.22457
8.28166
8.3203
8.33838
8.33269
8.29575
8.23053
8.14651
8.05926
7.96343
7.87401
7.79694
7.72778
7.6777
7.64265
7.62479
7.63371
7.66963
7.7549
7.86362
8.00882
8.162
8.31991
8.46216
8.56274
8.611
8.60734
8.54561
8.42886
8.28052
8.11634
7.94868
7.80718
7.70209
7.65074
7.65682
7.71517
7.8204
7.95545
8.11366
8.26977
8.41016
8.52115
8.59396
8.62243
8.61623
8.57275
8.49938
8.40621
8.30061
8.19015
8.09479
8.009
7.93897
7.89007
7.86302
7.85177
7.84894
7.85026
7.85798
7.8673
7.88018
7.89474
7.92189
7.9485
7.992
8.04483
8.11303
8.1948
8.29547
8.41067
8.53191
8.64038
8.72928
8.77734
8.7829
8.73371
8.64142
8.51892
8.39024
8.26382
8.15254
8.07075
8.01507
7.96985
7.94544
7.92526
7.91166
7.896
7.89248
7.88148
7.87169
7.86689
7.86039
7.86817
7.88492
7.91447
7.95672
8.01434
8.08269
8.15373
8.2226
8.27962
8.31582
8.31438
8.29422
8.25661
8.20157
8.13891
8.08696
8.06001
8.05998
8.07784
8.11448
8.15789
8.19391
8.21997
8.22623
8.21522
8.18905
8.15864
8.13437
8.11159
8.09434
8.08253
8.08315
8.0921
8.116
8.14568
8.17891
8.21428
8.24767
8.26992
8.28346
8.28067
8.2669
8.24847
8.22435
8.19925
8.1677
8.13991
8.11497
8.09709
8.09365
8.09878
8.11988
8.13886
8.15946
8.18433
8.2105
8.2317
8.25001
8.27084
8.28738
8.29776
8.2951
8.28788
8.26835
8.24115
8.21619
8.19338
8.1781
8.16797
8.1665
8.16871
8.17294
8.17525
8.16288
8.13753
8.09367
8.03721
7.969
7.89389
7.82404
7.766
7.72263
7.70241
7.7024
7.73849
7.79686
7.88411
7.99496
8.1206
8.25565
8.39758
8.53487
8.65702
8.75267
8.8186
8.84012
8.81696
8.74699
8.63539
8.49352
8.33259
8.17227
8.02233
7.89637
7.80074
7.7372
7.70654
7.71016
7.73281
7.7806
7.848
7.92793
8.01234
8.10635
8.18751
8.25593
8.29664
8.31762
8.31452
8.28873
8.26125
8.23013
8.1924
8.16128
8.1393
8.13466
8.15849
8.20967
8.2797
8.35462
8.41755
8.45478
8.45325
8.4212
8.36372
8.28673
8.2058
8.12909
8.06503
8.01354
7.97973
7.95885
7.95818
7.9685
7.99692
8.03219
8.07629
8.12734
8.16846
8.20292
8.22233
8.21811
8.18142
8.12427
8.05089
7.9773
7.9167
7.88111
7.88602
7.91974
7.99166
8.08822
8.19155
8.28735
8.36299
8.41003
8.41412
8.38204
8.3115
8.21873
8.11264
8.01215
7.92214
7.84953
7.80622
7.79559
7.81184
7.85431
7.91121
7.97015
8.02851
8.07928
8.12226
8.15204
8.18791
8.22276
8.26785
8.32891
8.40872
8.49607
8.59202
8.68231
8.75423
8.79819
8.80325
8.76164
8.67309
8.55053
8.41337
8.27121
8.1407
8.02731
7.94161
7.88281
7.86177
7.86226
7.87289
7.90081
7.91123
7.91708
7.91193
7.88846
7.84491
7.78353
7.72068
7.65775
7.60646
7.56962
7.55485
7.5591
7.60161
7.68914
7.79296
7.91895
8.05715
8.186
8.31096
8.42269
8.51652
8.58981
8.64205
8.67252
8.68123
8.67005
8.63278
8.57641
8.49341
8.39122
8.27276
8.14737
8.02809
7.91608
7.82882
7.78552
7.76378
7.77409
7.80827
7.8553
7.9211
7.9889
8.05984
8.12487
8.17292
8.20466
8.20461
8.18103
8.13155
8.0695
8.00787
7.95118
7.92321
7.91435
7.93374
7.99202
8.07333
8.16675
8.26165
8.34976
8.4196
8.47081
8.4948
8.49859
8.47107
8.42793
8.36861
8.30534
8.22935
8.16074
8.09984
8.04909
8.01309
7.994
7.98344
7.98257
7.98466
7.98822
7.99387
8.00671
8.02519
8.05905
8.09856
8.14421
8.19403
8.24205
8.27429
8.29294
8.29396
8.27553
8.2435
8.20492
8.16364
8.13675
8.11999
8.12608
8.15091
8.19327
8.24597
8.29714
8.34661
8.38301
8.39452
8.38539
8.36489
8.33445
8.30025
8.26914
8.23596
8.20173
8.1633
8.12503
8.08541
8.05853
8.03969
8.02289
8.02396
8.03016
8.03482
8.04361
8.05191
8.05456
8.05758
8.06004
8.0707
8.0937
8.12758
8.1622
8.19735
8.21908
8.22911
8.22948
8.22375
8.21378
8.20018
8.1878
8.16656
8.14028
8.11235
8.08954
8.07712
8.08806
8.12027
8.17604
8.24826
8.33127
8.40851
8.46848
8.50027
8.50055
8.46784
8.40402
8.32262
8.24049
8.16045
8.08818
8.0333
7.98343
7.9517
7.93298
7.93392
7.95655
8.00112
8.05518
8.11984
8.17752
8.21928
8.24288
8.24577
8.23349
8.21112
8.18019
8.13313
8.0845
8.03021
7.98427
7.9472
7.92521
7.91675
7.9182
7.91861
7.93123
7.9486
7.97304
7.99728
8.02451
8.0497
8.08418
8.12132
8.16373
8.20755
8.24984
8.28677
8.30162
8.2978
8.27813
8.23603
8.17974
8.12125
8.06171
8.0022
7.94878
7.90024
7.85238
7.81127
7.78138
7.75945
7.76385
7.78628
7.82951
7.889
7.9576
8.02808
8.09548
8.166
8.23313
8.30539
8.38087
8.46072
8.539
8.60937
8.64345
8.64721
8.61725
8.54894
8.45401
8.34932
8.24626
8.15397
8.08227
8.02895
7.99716
7.99007
8.00583
8.04425
8.10251
8.16229
8.21616
8.26538
8.3034
8.32239
8.31521
8.28641
8.24725
8.19577
8.13668
8.0707
8.00167
7.94962
7.91826
7.906
7.91697
7.94983
8.00067
8.05585
8.10092
8.14599
8.1809
8.22059
8.25165
8.28154
8.29714
8.302
8.28525
8.24705
8.18425
8.10497
8.01234
7.90886
7.8211
7.75384
7.70549
7.68218
7.69502
7.72623
7.77249
7.83397
7.90582
7.96563
8.02339
8.06731
8.10195
8.12701
8.14146
8.15326
8.16223
8.16984
8.17407
8.17048
8.15789
8.14504
8.14134
8.14143
8.15332
8.1749
8.1985
8.21847
8.24011
8.25591
8.26792
8.28433
8.31137
8.34894
8.39095
8.43699
8.47339
8.49797
8.49628
8.46749
8.41579
8.35408
8.28949
8.22884
8.18198
8.15914
8.14969
8.15656
8.17234
8.1939
8.20328
8.20642
8.18703
8.15299
8.09425
8.01622
7.92082
7.81362
7.70446
7.61596
7.54923
7.51969
7.51996
7.562
7.63584
7.74074
7.85295
7.96696
8.07129
8.16964
8.24506
8.31165
8.36192
8.40313
8.4251
8.42271
8.39873
8.35629
8.29606
8.22879
8.16924
8.12173
8.0963
8.09035
8.10476
8.13597
8.17606
8.22957
8.28337
8.33492
8.36722
8.37969
8.37458
8.3451
8.30645
8.25859
8.21052
8.16562
8.12301
8.09553
8.07502
8.07164
8.06954
8.07037
8.07063
8.06956
8.07689
8.0857
8.10335
8.12486
8.14829
8.16804
8.18529
8.18463
8.16446
8.13551
8.09741
8.05895
8.02324
7.99528
7.97768
7.95813
7.95118
7.94908
7.94676
7.94548
7.94549
7.94956
7.95835
7.97075
7.99576
8.03753
8.0976
8.16749
8.25345
8.33876
8.41615
8.47452
8.50521
8.51051
8.49436
8.45693
8.40259
8.3412
8.26354
8.18512
8.10015
8.02132
7.94614
7.89077
7.84709
7.82183
7.81978
7.84361
7.88146
7.9396
8.00642
8.07692
8.14057
8.182
8.19061
8.16001
8.09801
8.02347
7.94912
7.88236
7.83909
7.8291
7.83457
7.85709
7.89998
7.94612
7.99729
8.06145
8.12536
8.1865
8.24192
8.29146
8.32357
8.32192
8.29611
8.2394
8.16939
8.08706
8.00498
7.94163
7.90494
7.90516
7.9443
8.00747
8.09355
8.1897
8.2751
8.34843
8.40257
8.43979
8.46562
8.48376
8.49522
8.48717
8.46413
8.42177
8.36647
8.30374
8.23691
8.16607
8.10805
8.0494
7.9986
7.95797
7.92497
7.91282
7.91479
7.92365
7.93085
7.94315
7.94462
7.94762
7.95412
7.97633
8.00776
8.03813
8.06597
8.09565
8.10757
8.10108
8.0694
8.02123
7.9701
7.9168
7.87573
7.85049
7.84743
7.87282
7.91872
7.98194
8.04701
8.12121
8.18662
8.23908
8.28278
8.30716
8.32094
8.31878
8.30767
8.2926
8.27435
8.25846
8.23956
8.2334
8.23478
8.25664
8.29162
8.33499
8.38958
8.44617
8.49694
8.5391
8.56211
8.57166
8.56721
8.54632
8.50427
8.43491
8.34994
8.25439
8.15221
8.06053
7.97102
7.8878
7.81392
7.75574
7.70403
7.66498
7.63841
7.62982
7.65279
7.70383
7.78268
7.87377
7.96808
8.06412
8.15337
8.22086
8.26604
8.28865
8.28231
8.24954
8.20884
8.15216
8.09775
8.05229
8.01451
7.99377
7.98783
7.98827
8.00772
8.02831
8.05553
8.07344
8.08813
8.08444
8.06375
8.03143
7.99045
7.94314
7.91191
7.90121
7.91277
7.96034
8.04013
8.14621
8.27056
8.41176
8.55505
8.68544
8.78943
8.84919
8.85818
8.81717
8.73171
8.6235
8.49449
8.36069
8.23917
8.12396
8.0251
7.93332
7.85364
7.78543
7.72715
7.68539
7.66392
7.65846
7.68093
7.72447
7.79025
7.87516
7.98031
8.08284
8.17763
8.25519
8.30995
8.3472
8.36254
8.35599
8.32119
8.25941
8.17822
8.08569
7.99522
7.91025
7.852
7.81643
7.80476
7.82373
7.85983
7.91224
7.96819
8.02026
8.06759
8.10303
8.13013
8.1432
8.14466
8.13775
8.13213
8.14014
8.1542
8.17581
8.21491
8.26169
8.31319
8.35934
8.39693
8.42862
8.44766
8.46049
8.4693
8.47212
8.46776
