0.791237
0.773882
0.749192
0.718598
0.683859
0.647129
0.611048
0.578593
0.552755
0.536031
0.529832
0.534114
0.547347
0.566857
0.589336
0.611414
0.630155
0.643437
0.650284
0.650866
0.646291
0.638262
0.628626
0.618989
0.610488
0.60373
0.598872
0.595748
0.594067
0.593509
0.593893
0.595224
0.59759
0.600978
0.605169
0.609652
0.613881
0.617513
0.620718
0.623952
0.627711
0.632071
0.636444
0.639709
0.640715
0.638773
0.633894
0.626869
0.618983
0.611635
0.606196
0.603804
0.605143
0.610283
0.618716
0.629481
0.641456
0.653578
0.665102
0.675467
0.684301
0.691359
0.696302
0.698711
0.697963
0.693285
0.68396
0.669796
0.65133
0.630018
0.608106
0.588244
0.573059
0.564624
0.564148
0.571815
0.586735
0.60702
0.630045
0.652793
0.67239
0.686503
0.693572
0.692939
0.684897
0.670586
0.651765
0.63063
0.609523
0.590619
0.575756
0.56618
0.562441
0.564456
0.571563
0.58269
0.596477
0.611437
0.626161
0.639509
0.650678
0.659213
0.665025
0.668227
0.669242
0.668683
0.667263
0.665595
0.66393
0.662217
0.660208
0.657621
0.654196
0.649603
0.643464
0.635322
0.624802
0.611788
0.596619
0.580286
0.564391
0.551008
0.542378
0.540359
0.545767
0.557851
0.574435
0.592616
0.609776
0.624206
0.635249
0.643142
0.648574
0.652322
0.655063
0.657228
0.659099
0.660825
0.662454
0.663932
0.665149
0.665855
0.6657
0.664219
0.66091
0.65541
0.647651
0.637992
0.627356
0.617082
0.60861
0.603243
0.601801
0.604425
0.610534
0.618866
0.627663
0.635123
0.639808
0.640864
0.638343
0.633164
0.626848
0.621067
0.6172
0.615945
0.617162
0.620148
0.623926
0.627602
0.630526
0.632366
0.632993
0.632367
0.630507
0.627506
0.623526
0.618972
0.614414
0.610543
0.607972
0.607031
0.607755
0.609906
0.613119
0.616986
0.621096
0.625143
0.628793
0.631681
0.633429
0.633712
0.632353
0.629514
0.625719
0.621621
0.617741
0.614239
0.610982
0.607814
0.604829
0.602391
0.600985
0.601064
0.602761
0.605899
0.610027
0.614505
0.618712
0.622122
0.6244
0.625447
0.625473
0.62504
0.624953
0.626136
0.629327
0.634772
0.642206
0.650951
0.660191
0.669067
0.676734
0.68238
0.685285
0.684875
0.680906
0.673465
0.66277
0.649192
0.63325
0.615687
0.597392
0.579412
0.563033
0.54955
0.540312
0.536426
0.538632
0.547094
0.561242
0.579777
0.600901
0.622587
0.642869
0.660134
0.6733
0.681813
0.685684
0.685334
0.681444
0.674746
0.665902
0.655447
0.643887
0.631965
0.620793
0.611656
0.605632
0.603161
0.603867
0.606801
0.610929
0.615498
0.620127
0.624365
0.627322
0.627727
0.624355
0.616791
0.605934
0.593997
0.583894
0.578149
0.578032
0.583358
0.592847
0.604722
0.617232
0.629044
0.639322
0.64764
0.653876
0.658001
0.659925
0.659571
0.656912
0.652122
0.645616
0.63808
0.630482
0.624031
0.619956
0.619268
0.622444
0.629214
0.638439
0.648341
0.656814
0.66195
0.662424
0.657759
0.648386
0.635612
0.621419
0.608012
0.597372
0.591001
0.589728
0.593678
0.602334
0.614435
0.628226
0.641882
0.653712
0.662482
0.667458
0.668425
0.66565
0.659864
0.652191
0.643936
0.636328
0.630206
0.625775
0.622634
0.61993
0.616618
0.611759
0.604686
0.595186
0.583572
0.570631
0.557654
0.546397
0.538828
0.536797
0.54144
0.552699
0.569217
0.588798
0.609101
0.628114
0.644188
0.656126
0.663368
0.666066
0.665197
0.662213
0.658548
0.655381
0.653585
0.653919
0.656886
0.662547
0.670362
0.679335
0.688412
0.696554
0.702808
0.706215
0.705829
0.701006
0.691659
0.678354
0.662186
0.644571
0.626841
0.610115
0.595172
0.582503
0.572442
0.565134
0.560545
0.55855
0.559081
0.562259
0.568373
0.577743
0.590403
0.605794
0.622714
0.639412
0.654048
0.665156
0.671945
0.67439
0.673054
0.668743
0.662234
0.654139
0.645022
0.635604
0.626855
0.619917
0.615825
0.615238
0.618296
0.624507
0.632829
0.641855
0.649927
0.655426
0.656991
0.653908
0.64631
0.635131
0.621852
0.608128
0.595532
0.58525
0.578061
0.574388
0.574378
0.57785
0.58427
0.592925
0.602955
0.613497
0.623659
0.632672
0.63995
0.645206
0.648515
0.650287
0.651113
0.651486
0.651612
0.65139
0.650426
0.648261
0.644522
0.639099
0.632273
0.624734
0.617515
0.61171
0.608254
0.607647
0.60984
0.614256
0.61989
0.62556
0.630071
0.632393
0.631912
0.62851
0.622563
0.614958
0.606877
0.599591
0.594189
0.591349
0.591139
0.593081
0.596366
0.600177
0.604033
0.607934
0.612132
0.616887
0.622147
0.62751
0.632428
0.636391
0.639093
0.640413
0.640487
0.63974
0.638788
0.638241
0.638383
0.63895
0.639209
0.638275
0.635596
0.63127
0.626069
0.621006
0.617009
0.614554
0.613621
0.613824
0.614692
0.615939
0.617596
0.619968
0.62333
0.627501
0.631626
0.634342
0.63433
0.630765
0.623657
0.613835
0.602673
0.591848
0.583075
0.57785
0.577087
0.580908
0.588616
0.598861
0.610111
0.621004
0.63062
0.638532
0.644676
0.649104
0.651686
0.65205
0.649795
0.644845
0.637718
0.629595
0.621991
0.616216
0.613041
0.612511
0.614158
0.617399
0.621808
0.627106
0.633026
0.639168
0.644904
0.649577
0.652712
0.654156
0.654009
0.652664
0.650569
0.648142
0.645555
0.642835
0.639882
0.636555
0.632674
0.62807
0.622729
0.617005
0.611586
0.607323
0.605033
0.605316
0.608364
0.613891
0.621168
0.629284
0.637477
0.645277
0.652586
0.659441
0.665781
0.67136
0.675725
0.678263
0.678395
0.675689
0.670067
0.661959
0.652222
0.641909
0.631851
0.622376
0.613201
0.603724
0.593421
0.582363
0.571421
0.562095
0.556088
0.554767
0.558748
0.567672
0.580313
0.594885
0.609432
0.622315
0.632568
0.639894
0.644317
0.645942
0.644781
0.640936
0.634837
0.627344
0.619594
0.612798
0.607845
0.605242
0.605054
0.607178
0.611398
0.617382
0.624705
0.632721
0.64049
0.646966
0.651149
0.652308
0.650359
0.645778
0.639519
0.632763
0.626439
0.62108
0.616718
0.613039
0.609728
0.606763
0.604513
0.603688
0.605082
0.609427
0.617055
0.627652
0.640283
0.653526
0.665836
0.675797
0.682382
0.68509
0.683952
0.679358
0.672105
0.663176
0.653665
0.644673
0.637138
0.631561
0.627851
0.625464
0.623695
0.622092
0.620599
0.61955
0.619334
0.620097
0.621608
0.623266
0.624306
0.624122
0.622547
0.619859
0.61669
0.613698
0.611317
0.609539
0.607939
0.605862
0.602715
0.598194
0.59246
0.586234
0.58069
0.577128
0.576664
0.579729
0.586042
0.594614
0.604034
0.612791
0.619608
0.623731
0.625099
0.624263
0.622164
0.619835
0.618203
0.617977
0.619743
0.623987
0.631081
0.641179
0.653942
0.668378
0.682959
0.695906
0.705513
0.71054
0.710387
0.7051
0.695359
0.682373
0.667578
0.652434
0.638145
0.625429
0.614503
0.605246
0.597467
0.591234
0.587015
0.585441
0.587032
0.591764
0.598938
0.607264
0.615178
0.621322
0.624979
0.625985
0.624624
0.621239
0.616142
0.609716
0.602701
0.596202
0.591445
0.589391
0.590404
0.594168
0.599908
0.606729
0.61376
0.620185
0.625406
0.629109
0.63122
0.632007
0.631955
0.631615
0.63136
0.631259
0.631063
0.630348
0.628678
0.626007
0.62273
0.619741
0.61811
0.618671
0.621696
0.626724
0.632807
0.638872
0.644079
0.647973
0.650488
0.651817
0.652293
0.6522
0.651745
0.651002
0.650001
0.648733
0.647087
0.644775
0.641301
0.636144
0.628882
0.619446
0.60841
0.59699
0.586714
0.57902
0.574756
0.574098
0.576675
0.581819
0.588878
0.597366
0.606944
0.617283
0.628007
0.638569
0.64839
0.656802
0.663157
0.666885
0.667526
0.664905
0.659225
0.650987
0.64109
0.630695
0.621289
0.614636
0.612435
0.615644
0.623845
0.635201
0.647075
0.657023
0.663556
0.666329
0.665928
0.66336
0.659407
0.654484
0.648657
0.641864
0.63413
0.625723
0.61736
0.610116
0.60527
0.603966
0.606828
0.613675
0.62354
0.634848
0.645711
0.654312
0.659058
0.658941
0.653718
0.644052
0.631521
0.618277
0.606327
0.596824
0.589927
0.585153
0.581936
0.580006
0.579437
0.580535
0.583617
0.588755
0.595716
0.60394
0.612762
0.621614
0.630071
0.637803
0.644449
0.649583
0.652847
0.654119
0.653694
0.652321
0.650886
0.650014
0.649808
0.649769
0.649078
0.647052
0.643492
0.638789
0.633876
0.629936
0.62807
0.62899
0.632872
0.639274
0.64722
0.65539
0.662367
0.666941
0.668286
0.666117
0.660662
0.652569
0.642927
0.632909
0.623621
0.615791
0.609782
0.605609
0.603142
0.602298
0.602923
0.604793
0.60747
0.610297
0.6125
0.613443
0.612618
0.609765
0.604866
0.598243
0.590581
0.582802
0.57586
0.570499
0.567081
0.565731
0.566567
0.569787
0.575671
0.584329
0.595474
0.608304
0.621789
0.63486
0.646765
0.657238
0.666422
0.674627
0.681958
0.688115
0.692296
0.693535
0.69112
0.684819
0.675098
0.662929
0.649587
0.636379
0.624485
0.614916
0.608452
0.605587
0.606374
0.610454
0.616937
0.62469
0.63251
0.639432
0.644841
0.648378
0.649975
0.649652
0.647667
0.644462
0.640684
0.637142
0.634698
0.634043
0.635578
0.639263
0.6445
0.650155
0.654658
0.65647
0.654411
0.647935
0.637047
0.622257
0.604453
0.584841
0.56503
0.546988
0.53283
0.524433
0.523028
0.528804
0.54077
0.557075
0.57555
0.594213
0.611688
0.627355
0.641196
0.653471
0.664396
0.673946
0.681858
0.687815
0.691449
0.692419
0.690404
0.685099
0.676437
0.664853
0.65144
0.637777
0.625319
0.615033
0.607231
0.601949
0.5993
0.599714
0.603593
0.61098
0.621366
0.633634
0.646206
0.657493
0.666161
0.671336
0.672725
0.670501
0.665345
0.65825
0.650263
0.642419
0.635538
0.630125
0.62639
0.624266
0.623448
0.623472
0.623599
0.622997
0.620946
0.617003
0.611221
0.604196
0.596908
0.590346
0.585203
0.581701
0.579644
0.578611
0.578275
0.578641
0.580052
