0.529966 0.79  0.63 10000000 -19.8721 1.13713
0.79 0.63 -19.8721 1.13713
0.79 0.63 -0.393894 0.000753473
0.79 0.63 -0.393894 0.000753473
0.79 0.63 -0.393894 0.000753473
0.79 0.63 -0.393894 0.000753473
0.79 0.63 -0.393894 0.000753473
0.79 0.63 -0.393894 0.000753473
0.79 0.63 -0.393894 0.000753473
0.79 0.63 -0.393894 0.000753473
0.79 0.63 -0.393894 0.000753473
0.79 0.63 -0.393894 0.000753473
0.79 0.63 -0.393894 0.000753473
0.79 0.63 -0.393894 0.000753473
0.79 0.63 -0.393894 0.000753473
0.79 0.63 -0.393894 0.000753473
0.79 0.63 -0.393447 0.000687431
0.79 0.63 -0.393447 0.000687431
0.79 0.63 0.0466668 0.00299492
0.79 0.63 0.0466668 0.00299492
0.79 0.63 0.0435283 0.0032145
0.79 0.63 0.0435283 0.0032145
0.79 0.63 -0.393143 0.000745562
0.79 0.63 -0.393143 0.000745562
0.79 0.63 -0.393143 0.000745562
0.79 0.63 -0.393447 0.000687431
0.79 0.63 -0.393894 0.000753473
0.79 0.63 -0.393894 0.000753473
0.79 0.63 -0.393894 0.000753473
