1 15.5589 0
2 15.3899 0.168981
3 15.1881 0.22421
4 15.0826 0.190426
5 14.8949 0.238705
6 14.9283 0.197741
7 14.8921 0.171004
8 14.9371 0.154777
9 15.0003 0.150447
10 14.9524 0.142847
11 14.9635 0.129689
12 15.0109 0.127523
13 14.9168 0.150389
14 14.9578 0.145144
15 14.9705 0.135716
16 14.9517 0.128329
17 14.9186 0.125014
18 14.8533 0.134733
19 14.8431 0.127854
20 14.8577 0.122172
21 14.8792 0.118167
22 14.8686 0.113163
23 14.8672 0.108141
24 14.8894 0.105896
25 14.8837 0.101733
26 14.8986 0.0988805
27 14.928 0.0995635
28 14.9196 0.0963047
29 14.9108 0.0933421
30 14.9124 0.0901919
31 14.8802 0.0929974
32 14.8571 0.0929583
33 14.8589 0.0901161
34 14.8679 0.0878833
35 14.8836 0.0867738
36 14.8715 0.0851934
37 14.8806 0.0833582
38 14.884 0.0812056
39 14.8856 0.0791122
40 14.8936 0.077519
41 14.8934 0.0756049
42 14.8621 0.0801684
43 14.8678 0.0784929
44 14.8763 0.0771566
45 14.8605 0.0770608
46 14.8712 0.0761208
47 14.871 0.0744839
48 14.8705 0.0729171
49 14.8864 0.0731513
50 14.8882 0.0716977
51 14.8897 0.0702938
52 14.8853 0.0690716
53 14.8886 0.0678347
54 14.8898 0.0665779
55 14.8933 0.0654513
56 14.9005 0.0646711
57 14.9043 0.0636422
58 14.9038 0.0625374
59 14.9003 0.0615699
60 14.8869 0.0619834
61 14.884 0.0610281
62 14.8808 0.0601227
63 14.897 0.0613443
64 14.8958 0.0603903
65 14.9024 0.0598218
66 14.9138 0.0599976
67 14.9097 0.0592415
68 14.9159 0.0587009
69 14.923 0.0582761
70 14.9164 0.057824
71 14.9025 0.0586578
72 14.8966 0.0581422
73 14.8925 0.0574831
74 14.9063 0.0583466
75 14.912 0.0578449
76 14.9052 0.0574799
77 14.9043 0.0567358
78 14.9051 0.0560092
79 14.909 0.0554348
80 14.9128 0.0548719
81 14.9036 0.054976
82 14.8972 0.0546773
83 14.8961 0.0540263
84 14.903 0.0538249
85 14.9134 0.0542022
86 14.9128 0.053572
87 14.9063 0.0533488
88 14.9115 0.0529995
89 14.9122 0.0524046
90 14.9098 0.0518754
91 14.926 0.0537969
92 14.9344 0.0538736
93 14.9343 0.0532912
94 14.9295 0.0529434
95 14.9396 0.0533497
96 14.9545 0.0548543
97 14.9583 0.0544192
98 14.9496 0.0545608
99 14.9434 0.0543585
100 14.9502 0.0542426
