1 15.7225 0
2 15.4606 0.26197
3 15.2662 0.246268
4 15.1653 0.20127
5 15.1137 0.164213
6 14.9599 0.204032
7 14.9619 0.17245
8 14.9903 0.15202
9 14.9852 0.134166
10 14.8991 0.147714
11 14.7971 0.168048
12 14.7832 0.154041
13 14.8881 0.176287
14 14.8669 0.16458
15 14.9324 0.166632
16 14.8747 0.166191
17 14.9339 0.166961
18 14.919 0.158121
19 14.934 0.150321
20 14.8831 0.151423
21 14.8773 0.144148
22 14.907 0.140612
23 14.8898 0.135451
24 14.8729 0.130791
25 14.8786 0.125582
26 14.906 0.123719
27 14.9627 0.131886
28 14.9527 0.12748
29 14.9866 0.12758
30 14.9693 0.124469
31 14.9603 0.120716
32 14.9132 0.126045
33 14.8971 0.123215
34 14.8769 0.121234
35 14.896 0.11926
36 14.8729 0.118191
37 14.8799 0.11517
38 14.8997 0.11382
39 14.8989 0.110866
40 14.9032 0.108147
41 14.8826 0.107467
42 14.8858 0.104924
43 14.8958 0.102944
44 14.915 0.102394
45 14.899 0.10137
46 14.9089 0.0996364
47 14.9327 0.100349
48 14.9438 0.0988625
49 14.9261 0.0984231
50 14.9356 0.0969045
51 14.918 0.0966022
52 14.9294 0.0954116
53 14.9304 0.0935986
54 14.9355 0.0919951
55 14.9301 0.0904688
56 14.9384 0.089221
57 14.9282 0.088236
58 14.9412 0.0876697
59 14.9376 0.0862429
60 14.9309 0.0850607
61 14.9095 0.0863532
62 14.9135 0.0850431
63 14.9111 0.0837171
64 14.924 0.0833997
65 14.9077 0.0836913
66 14.9086 0.0824181
67 14.9005 0.0815846
68 14.9123 0.0812379
69 14.9167 0.0801704
70 14.9252 0.0794796
71 14.9182 0.0786637
72 14.919 0.0775671
73 14.9275 0.0769738
74 14.9483 0.0787124
75 14.9524 0.0777669
76 14.9642 0.0776291
77 14.962 0.0766451
78 14.9731 0.0764701
79 14.9769 0.0755883
80 14.9845 0.0750229
81 14.9948 0.0748037
82 14.9929 0.0739094
83 14.9801 0.0741342
84 14.9789 0.0732563
85 14.9846 0.0726145
86 14.9762 0.0722519
87 14.9806 0.0715547
88 14.9803 0.0707376
89 14.9726 0.0703674
90 14.9786 0.0698424
91 14.9815 0.0691299
92 14.9871 0.0686057
93 14.9882 0.0678724
94 14.9907 0.067195
95 14.9873 0.0665718
96 14.9855 0.0658978
97 14.9776 0.0657009
98 14.9671 0.0658617
99 14.9693 0.0652304
100 14.977 0.0650292
