1 5.54121 0
2 5.44475 0.0964521
3 5.35931 0.101985
4 5.4859 0.145685
5 5.48335 0.112876
6 5.47842 0.0922943
7 5.45421 0.081673
8 5.45778 0.070821
9 5.44498 0.0637575
10 5.46029 0.0590463
11 5.46568 0.0536805
12 5.46714 0.0490251
13 5.4848 0.0484335
14 5.49968 0.047245
15 5.47549 0.0501961
16 5.4769 0.0469751
17 5.44762 0.0529572
18 5.4403 0.0504621
19 5.44622 0.0480991
20 5.47006 0.0514791
21 5.45246 0.0520324
22 5.45053 0.0496484
23 5.46688 0.0501783
24 5.46752 0.0480464
25 5.45763 0.0471327
26 5.42728 0.0545152
27 5.43573 0.0531345
28 5.42797 0.0517865
29 5.42437 0.0500984
30 5.41662 0.0490162
31 5.42456 0.0480691
32 5.43471 0.0476349
33 5.44374 0.0470438
34 5.44957 0.0460111
35 5.44414 0.0450064
36 5.4572 0.0456456
37 5.44957 0.0450456
38 5.4473 0.0439028
39 5.43898 0.0435636
40 5.4391 0.0424607
41 5.43986 0.0414193
42 5.43687 0.0405317
43 5.44173 0.0398754
44 5.44616 0.0392087
45 5.4449 0.038348
46 5.44365 0.0375259
47 5.43936 0.0369684
48 5.43185 0.036962
49 5.43925 0.0369492
50 5.43459 0.0365013
51 5.44635 0.0376617
52 5.44624 0.0369305
53 5.4521 0.0366968
54 5.45851 0.0365769
55 5.45968 0.0359249
56 5.46054 0.0352881
57 5.46919 0.0357266
58 5.46265 0.0357091
59 5.47086 0.0360448
60 5.47097 0.0354391
61 5.47812 0.0355799
62 5.46893 0.0361882
63 5.47095 0.0356666
64 5.4684 0.0351973
65 5.47054 0.0347174
66 5.47085 0.0341887
67 5.47457 0.0338795
68 5.47247 0.0334433
69 5.47376 0.0329802
70 5.46571 0.0334888
71 5.46117 0.0333236
72 5.46367 0.032952
73 5.46685 0.0326532
74 5.46544 0.0322397
75 5.46603 0.0318122
76 5.46484 0.0314132
77 5.46861 0.0312309
78 5.47046 0.030883
79 5.46834 0.0305632
80 5.47273 0.030497
81 5.47814 0.0306002
82 5.47442 0.030453
83 5.47786 0.03028
84 5.47382 0.0301892
85 5.4729 0.029846
86 5.47226 0.0295039
87 5.46683 0.0296643
88 5.4667 0.0293256
89 5.46818 0.0290317
90 5.46554 0.0288282
91 5.46104 0.0288636
92 5.46417 0.0287201
93 5.46423 0.0284097
94 5.46627 0.0281801
95 5.46542 0.027895
96 5.46423 0.0276284
97 5.46891 0.0277385
98 5.47454 0.0280252
99 5.47135 0.0279234
100 5.46753 0.0279047
