1 5.43253 0
2 5.48225 0.0497207
3 5.34654 0.138715
4 5.39029 0.107403
5 5.35117 0.0919356
6 5.37586 0.079021
7 5.38612 0.0675696
8 5.38527 0.0585233
9 5.38756 0.0516635
10 5.38568 0.0462475
11 5.40738 0.0471265
12 5.38374 0.0490864
13 5.3984 0.047474
14 5.43256 0.055668
15 5.44642 0.0536454
16 5.45752 0.0513918
17 5.47289 0.050662
18 5.49489 0.0525883
19 5.51958 0.0555334
20 5.51064 0.0534357
21 5.50491 0.0511494
22 5.50395 0.0487786
23 5.51016 0.047022
24 5.50777 0.0450838
25 5.52069 0.0451335
26 5.51141 0.0443461
27 5.50282 0.0435276
28 5.49007 0.0438394
29 5.4869 0.0424193
30 5.49246 0.0413566
31 5.50191 0.0411006
32 5.49823 0.0399653
33 5.48367 0.0413812
34 5.46844 0.042936
35 5.47913 0.0430386
36 5.47225 0.0423876
37 5.47772 0.0415871
38 5.46681 0.041921
39 5.44693 0.0454156
40 5.44301 0.044439
41 5.4332 0.0444364
42 5.4425 0.0443499
43 5.44302 0.0433094
44 5.44962 0.0428253
45 5.45262 0.04197
46 5.45319 0.0410514
47 5.44654 0.0407147
48 5.44166 0.0401554
49 5.45674 0.0421194
50 5.46013 0.0414071
51 5.45379 0.0410793
52 5.46394 0.041542
53 5.46779 0.0409316
54 5.47372 0.0406023
55 5.47398 0.0398581
56 5.47213 0.0391839
57 5.47422 0.0385472
58 5.48285 0.0388473
59 5.48662 0.0383689
60 5.4976 0.0392879
61 5.49574 0.0386831
62 5.49627 0.0380577
63 5.49289 0.0376006
64 5.49498 0.0370672
65 5.49295 0.0365488
66 5.49109 0.0360386
67 5.49687 0.0359633
68 5.5036 0.0360642
69 5.49645 0.0362503
70 5.49485 0.0357643
71 5.49707 0.0353271
72 5.49094 0.0353688
73 5.49058 0.0348828
74 5.48234 0.0353801
75 5.47569 0.0355331
76 5.47822 0.0351531
77 5.47493 0.0348487
78 5.4754 0.0344022
79 5.47657 0.0339839
80 5.47036 0.0341268
81 5.473 0.0338067
82 5.47213 0.0334034
83 5.47124 0.0330103
84 5.46812 0.0327646
85 5.46958 0.0324101
86 5.47026 0.0320383
87 5.47669 0.0323125
88 5.47483 0.0319968
89 5.47961 0.0319942
90 5.47997 0.0316387
91 5.47835 0.0313309
92 5.48047 0.0310609
93 5.47915 0.0307533
94 5.48527 0.0310328
95 5.48127 0.0309637
96 5.47905 0.0307198
97 5.47439 0.0307556
98 5.47118 0.0306091
99 5.47095 0.0302993
100 5.46982 0.0300161
