0 15.0683
1 16.0649
2 15.0256
3 13.7994
4 16.4697
5 13.9219
6 15.4933
7 17.4168
8 14.9566
9 13.4152
10 16.2931
11 16.5789
12 17.0811
13 14.2844
14 14.7305
15 15.5238
16 14.0162
17 14.3588
18 16.2122
19 16.2497
20 13.876
21 15.3138
22 16.9045
23 16.1188
24 14.2149
25 14.5103
26 14.0432
27 14.0336
28 15.3713
29 13.6889
30 14.5298
31 16.9626
32 15.5156
33 16.2629
34 15.171
35 14.7117
36 14.7553
37 16.8959
38 16.0959
39 15.5779
40 13.262
41 14.7139
42 14.7861
43 17.4587
44 15.4462
45 12.7785
46 16.1715
47 15.5443
48 15.5177
49 16.5654
50 15.3429
51 14.8923
52 16.4469
53 14.4363
54 16.3967
55 14.1912
56 14.7367
57 14.8086
58 13.9219
59 15.8583
60 14.9074
61 15.3078
62 14.1046
63 15.2894
64 16.4327
65 13.6
66 12.5948
67 13.7666
68 16.5582
69 14.3882
70 15.2928
71 14.1598
72 17.7434
73 16.3575
74 15.0271
75 15.8302
76 16.1698
77 15.9358
78 14.2923
79 14.9639
80 13.8131
81 14.0619
82 14.937
83 12.833
84 16.01
85 15.9258
86 16.4657
87 14.7295
88 13.367
89 14.7199
90 16.553
91 15.9694
92 15.6866
93 15.1013
94 14.0588
95 15.3006
96 16.0558
97 15.3176
98 15.8541
99 14.6054
100 14.7244
101 15.3939
102 14.6304
103 15.9892
104 13.5097
105 16.9811
106 14.8225
107 13.3168
108 16.1646
109 14.9165
110 14.6644
111 18.2687
112 14.6314
113 14.8928
114 15.5776
115 14.7034
116 15.7826
117 14.0934
118 14.8647
119 16.4267
120 14.5181
121 15.3238
122 14.5258
123 14.7375
124 13.4546
125 15.7134
126 15.0495
127 15.3293
128 15.9483
129 12.5967
130 14.476
131 16.1856
132 12.4808
133 14.8951
134 15.149
135 14.6597
136 13.1991
137 15.6822
138 15.3275
139 15.7027
140 14.6109
141 14.3927
142 14.6738
143 12.2309
144 15.9601
145 15.1654
146 15.9844
147 15.0058
148 16.3371
149 17.4697
150 16.075
151 14.3586
152 15.7077
153 13.3571
154 14.7059
155 17.4888
156 16.8442
157 15.8842
158 12.5259
159 16.5186
160 14.7233
161 13.0972
162 14.1423
163 13.9452
164 14.5137
165 14.1926
166 14.5613
167 15.7737
168 15.6956
169 15.0317
170 14.0246
171 14.4905
172 15.1691
173 15.8733
174 15.3387
175 13.4992
176 15.0274
177 15.2736
178 16.284
179 15.4211
180 13.6049
181 16.2019
182 13.6946
183 15.0062
184 15.1358
185 13.4371
186 14.6172
187 14.7887
188 16.0282
189 15.8188
190 16.7038
191 14.5595
192 14.2621
193 14.0619
194 16.3145
195 16.4688
196 12.7734
197 15.5486
198 14.884
199 15.3184
200 15.216
201 15.8982
202 15.9946
203 16.8619
204 15.4223
205 13.9567
206 14.0814
207 16.8871
208 16.3289
209 14.4001
210 16.4356
211 14.9811
212 14.1581
213 16.9546
214 15.5338
215 15.491
216 13.5217
217 18.4197
218 13.3443
219 15.9686
220 14.387
221 13.9648
222 15.207
223 13.4487
224 15.5639
225 14.7674
226 17.9273
227 13.8824
228 16.7252
229 17.4809
230 15.5321
231 16.1681
232 14.2492
233 13.4021
234 13.7131
235 16.8426
236 11.7744
237 15.2709
238 16.2389
239 17.8439
240 13.1693
241 14.4786
242 15.3998
243 14.0941
244 15.848
245 14.8898
246 15.5488
247 14.4667
248 12.3347
249 16.7629
250 15.6854
251 15.3353
252 15.5355
253 16.1428
254 14.6157
255 15.7958
256 13.8558
257 11.6196
258 16.4503
259 13.4733
260 15.2197
261 14.7194
262 15.2279
263 16.0583
264 14.3135
265 13.4075
266 14.5261
267 14.5327
268 15.7508
269 15.8797
270 15.3602
271 12.2104
272 16.0307
273 15.0927
274 14.6559
275 15.5383
276 14.8766
277 14.8899
278 16.5772
279 17.1652
280 15.8175
281 11.3394
282 14.2699
283 14.4465
284 15.0354
285 14.9162
286 16.8386
287 17.0122
288 14.5522
289 15.9656
290 14.9288
291 16.9127
292 16.6408
293 14.9852
294 15.9056
295 16.4677
296 13.3966
297 14.1922
298 13.7113
299 13.1179
300 15.113
301 14.6039
302 16.8392
303 15.6702
304 15.3703
305 16.0518
306 14.9889
307 16.8632
308 15.6945
309 13.2384
310 14.2954
311 14.3493
312 17.2142
313 14.1241
314 13.9681
315 13.4425
316 15.0575
317 13.4024
318 14.9068
319 13.2447
320 15.326
321 13.5912
322 15.1183
323 13.8878
324 15.6555
325 15.1753
326 14.5519
327 15.7392
328 12.543
329 14.5462
330 15.5833
331 14.1732
332 17.2802
333 16.8155
334 15.1502
335 13.2443
336 12.3593
337 16.6025
338 14.6212
339 15.2589
340 14.7507
341 13.324
342 13.4398
343 14.2161
344 16.3422
345 14.7479
346 17.1344
347 14.1047
348 15.4838
349 16.1133
350 13.2893
351 14.7913
352 13.6939
353 14.9844
354 14.014
355 15.5378
356 13.211
357 13.6195
358 12.3629
359 14.3534
360 15.1686
361 14.1373
362 15.7792
363 13.4668
364 15.1029
365 14.2234
366 16.0645
367 14.4701
368 14.8599
369 15.8039
370 15.3429
371 13.244
372 17.4036
373 14.4888
374 15.7637
375 14.5001
376 15.7506
377 13.207
378 14.9421
379 15.2381
380 15.899
381 12.9669
382 13.7657
383 14.238
384 12.8043
385 16.3884
386 15.5714
387 15.3388
388 13.9823
389 14.7929
390 14.5733
391 16.6679
392 15.4954
393 14.589
394 13.0191
395 15.1868
396 15.5896
397 13.7878
398 13.3614
399 11.3674
400 15.5873
401 15.812
402 14.3456
403 15.2067
404 15.9326
405 16.4591
406 14.131
407 15.154
408 13.141
409 14.6324
410 14.3744
411 13.3445
412 15.0933
413 12.9851
414 15.1635
415 13.8178
416 13.2711
417 14.4319
418 14.687
419 15.7792
420 13.0302
421 13.2991
422 16.0801
423 12.9564
424 15.8142
425 14.5903
426 15.3347
427 18.088
428 14.6524
429 16.2985
430 16.5818
431 13.6374
432 13.1153
433 12.9964
434 15.1558
435 12.8633
436 13.3174
437 16.0509
438 14.0497
439 13.8554
440 16.6005
441 14.0133
442 16.0876
443 15.5449
444 13.2337
445 15.5501
446 14.0569
447 14.2411
448 12.9749
449 14.9242
450 14.5312
451 14.6855
452 15.2725
453 13.6662
454 14.0618
455 15.5256
456 16.4478
457 12.7224
458 12.0516
459 12.9208
460 13.5834
461 13.7202
462 13.56
463 16.0711
464 15.3886
465 13.8874
466 14.9901
467 15.229
468 14.9352
469 13.1529
470 12.2973
471 16.8587
472 16.5114
473 13.4221
474 15.3983
475 15.9985
476 14.1356
477 11.8318
478 14.4006
479 16.9323
480 13.5671
481 11.4235
482 14.0464
483 12.6073
484 15.173
485 16.3457
486 14.6764
487 13.0614
488 14.6916
489 13.2218
490 14.2893
491 15.0176
492 14.6093
493 16.2555
494 14.9522
495 13.6282
496 15.5775
497 14.204
498 15.4275
499 14.6781
500 14.6491
501 12.0097
502 14.3874
503 12.9952
504 12.043
505 14.9963
506 15.7407
507 13.6464
508 14.824
509 12.67
510 12.7404
511 14.8935
512 16.7131
513 14.1303
514 13.858
515 15.2655
516 11.7441
517 14.2039
518 10.935
519 13.2492
520 13.5709
521 14.7708
522 15.3866
523 14.1522
524 15.8339
525 13.4298
526 12.6945
527 13.3751
528 12.8584
529 15.1612
530 12.9464
531 13.4071
532 13.4089
533 14.0107
534 15.4358
535 13.7387
536 13.7844
537 15.2399
538 13.3315
539 12.819
540 15.2292
541 11.5094
542 13.4825
543 13.9626
544 15.5305
545 13.4167
546 15.0195
547 13.5559
548 14.5172
549 14.7247
550 15.2828
551 12.3587
552 13.423
553 16.3749
554 12.1286
555 14.5984
556 14.1894
557 14.8112
558 14.5242
559 15.9496
560 12.6278
561 15.0314
562 14.9369
563 12.4536
564 14.212
565 12.8963
566 12.0494
567 13.9657
568 11.9359
569 13.914
570 13.0822
571 13.4481
572 12.8912
573 11.3894
574 12.7969
575 14.3213
576 13.0024
577 16.8972
578 15.2779
579 12.8543
580 13.5909
581 14.7134
582 16.0833
583 12.8527
584 14.7109
585 15.4525
586 13.3618
587 13.535
588 15.7126
589 14.8818
590 12.4582
591 13.482
592 13.9609
593 13.61
594 13.8416
595 12.8094
596 11.8758
597 10.0989
598 14.054
599 13.4982
600 13.2889
601 13.4999
602 11.938
603 13.3488
604 12.3134
605 13.3798
606 13.5864
607 12.2612
608 13.4289
609 16.2648
610 14.5136
611 15.2951
612 12.8209
613 13.8622
614 13.3177
615 15.3405
616 11.9506
617 14.6716
618 10.4713
619 14.3176
620 12.8718
621 12.6847
622 14.3517
623 13.2798
624 11.1962
625 15.1465
626 13.8773
627 12.8707
628 14.1644
629 14.6487
630 16.6729
631 16.2469
632 15.7495
633 12.3953
634 12.19
635 12.6007
636 13.5052
637 13.2799
638 13.7459
639 14.2824
640 13.9379
641 12.0719
642 12.5096
643 14.489
644 14.7878
645 13.3578
646 14.0033
647 10.1484
648 13.6159
649 12.7748
650 12.4483
651 13.6001
652 13.8359
653 13.4948
654 11.8416
655 13.1099
656 13.7979
657 12.6207
658 12.3136
659 14.869
660 14.0151
661 11.5859
662 15.2188
663 14.0426
664 14.3894
665 14.1241
666 12.1131
667 12.9307
668 12.381
669 14.3987
670 13.7584
671 11.5483
672 14.46
673 12.816
674 13.4455
675 13.0145
676 12.1021
677 14.1777
678 12.3086
679 13.3726
680 11.8581
681 13.9176
682 10.8384
683 10.1073
684 12.3742
685 13.5843
686 12.1731
687 13.5424
688 11.8148
689 14.3791
690 11.461
691 14.562
692 12.6687
693 13.2391
694 13.4008
695 12.24
696 12.8297
697 15.2712
698 13.9678
699 12.6113
700 11.6935
701 11.9459
702 13.9984
703 13.6945
704 14.1413
705 13.0552
706 11.6383
707 10.5068
708 12.9133
709 12.0977
710 10.6303
711 14.8209
712 13.9138
713 12.2853
714 12.6038
715 12.4857
716 15.238
717 11.821
718 14.0736
719 11.7835
720 11.3407
721 10.8445
722 14.4063
723 14.265
724 12.5365
725 12.3766
726 11.7872
727 15.2755
728 12.7718
729 10.3431
730 14.0826
731 13.1223
732 9.861
733 10.6021
734 11.7532
735 12.4226
736 11.2935
737 10.7975
738 12.5188
739 13.3272
740 12.197
741 13.3044
742 14.844
743 12.1286
744 12.5458
745 13.6933
746 11.6253
747 9.56536
748 11.9553
749 10.395
750 10.5299
751 14.0536
752 11.867
753 13.278
754 11.2208
755 11.0745
756 12.4795
757 12.3766
758 11.8389
759 12.6593
760 11.636
761 12.8541
762 13.7188
763 11.75
764 12.4912
765 11.3073
766 10.3448
767 10.0495
768 12.1317
769 11.4339
770 10.1292
771 11.8593
772 10.9602
773 10.2898
774 11.6476
775 12.5507
776 12.9324
777 13.3452
778 11.2796
779 11.2975
780 12.4516
781 13.721
782 13.1155
783 11.6693
784 12.9203
785 11.3444
786 14.3812
787 14.002
788 11.2553
789 11.8889
790 12.1192
791 11.9125
792 11.0358
793 11.5643
794 11.8414
795 9.72064
796 10.7836
797 11.3202
798 11.5666
799 11.2162
800 9.79998
801 11.1298
802 11.523
803 10.1906
804 11.2195
805 11.96
806 8.97993
807 11.4077
808 12.4647
809 11.0497
810 13.2676
811 12.099
812 10.0442
813 10.8028
814 11.4568
815 11.3097
816 10.0293
817 10.7299
818 10.9029
819 11.4712
820 10.644
821 11.0774
822 9.95988
823 11.4597
824 9.00426
825 10.1487
826 9.56275
827 9.76965
828 8.79216
829 8.67595
830 9.8956
831 11.9561
832 12.1534
833 11.7725
834 10.158
835 11.8255
836 11.1587
837 11.7985
838 10.8486
839 10.623
840 9.82344
841 8.76505
842 8.7354
843 8.80948
844 10.3136
845 10.2959
846 9.01698
847 9.78334
848 9.98114
849 8.50058
850 8.88279
851 9.70226
852 8.58687
853 8.59111
854 8.59979
855 8.58538
856 10.0672
857 9.42407
858 8.75091
859 8.83289
860 9.4499
861 8.51517
862 9.02968
863 10.2273
864 9.76538
865 9.27664
866 8.7079
867 8.27635
868 8.70666
869 8.53779
870 8.05515
871 7.91313
872 8.49834
873 8.46329
874 8.28112
875 9.62551
876 9.70625
877 9.26158
878 7.05445
879 8.93674
880 9.68772
881 10.0842
882 9.81586
883 9.32687
884 8.49698
885 10.0886
886 8.95878
887 8.28177
888 8.40596
889 8.10223
890 8.54364
891 8.66985
892 8.58493
893 7.67073
894 8.23306
895 8.8275
896 8.67611
897 8.7804
898 8.66612
899 9.15985
900 8.03978
901 7.57986
902 7.45214
903 7.60457
904 7.17476
905 7.88871
906 7.40713
907 7.08245
908 6.32297
909 6.38091
910 6.68448
911 6.99008
912 7.22576
913 6.96177
914 7.2314
915 6.90702
916 7.07532
917 6.7067
918 7.19042
919 7.49021
920 7.26022
921 7.11747
922 6.91626
923 6.53937
924 6.69922
925 8.09545
926 7.88268
927 7.77171
928 7.59434
929 7.64858
930 7.73119
931 6.49143
932 6.6506
933 6.80524
934 5.38561
935 6.12565
936 6.17175
937 6.25132
938 5.73999
939 5.85921
940 5.81125
941 5.98292
942 6.10271
943 5.9326
944 5.70979
945 5.51735
946 5.88397
947 5.83419
948 5.89466
949 5.63848
950 5.63848
951 5.62444
952 5.55916
953 5.61488
954 5.60443
955 5.78462
956 5.56183
957 5.59252
958 5.97406
959 5.95251
960 6.05119
961 5.70596
962 5.49278
963 5.44636
964 5.14287
965 5.2892
966 5.27819
967 5.20824
968 5.16879
969 5.11555
970 5.12785
971 5.12369
972 4.96673
973 5.03418
974 4.98527
975 4.98527
976 5.05224
977 5.05224
978 4.98423
979 4.77797
980 4.83233
981 4.90928
982 4.90928
983 4.86969
984 4.86969
985 4.86969
986 4.84748
987 4.81424
988 4.81424
989 4.81424
990 4.81424
991 4.76274
992 4.76274
993 4.76833
994 4.76274
995 4.76274
996 4.76274
997 4.76274
998 4.76833
999 4.76833
1000 4.76833
