0 16.1536
1 14.5936
2 15.711
3 16.263
4 16.4272
5 14.9591
6 15.3742
7 13.1798
8 14.3364
9 14.7807
10 12.1938
11 14.1309
12 14.6734
13 14.9217
14 15.4532
15 15.8544
16 15.7247
17 16.6009
18 15.404
19 16.9282
20 14.2599
21 13.1777
22 15.3969
23 15.4035
24 15.2657
25 15.6193
26 16.8234
27 15.2794
28 15.3746
29 14.7234
30 13.7842
31 14.8671
32 13.6201
33 16.1546
34 13.9864
35 15.6054
36 16.8993
37 14.6725
38 14.9334
39 14.7273
40 17.6527
41 13.4901
42 14.739
43 14.979
44 16.8915
45 14.7161
46 16.7945
47 14.7758
48 15.6681
49 14.5878
50 13.5815
51 14.6051
52 16.3651
53 14.9908
54 15.3171
55 16.1983
56 14.2318
57 13.1479
58 14.8888
59 14.2804
60 15.7338
61 16.4342
62 13.3198
63 13.7525
64 16.4233
65 17.4123
66 17.6044
67 15.4776
68 13.9161
69 17.5869
70 14.4251
71 16.5308
72 14.4643
73 14.6458
74 16.718
75 14.5405
76 17.2438
77 16.1732
78 13.6314
79 15.75
80 15.5088
81 15.4684
82 16.3181
83 12.3452
84 13.836
85 13.894
86 16.8599
87 15.0841
88 14.0447
89 12.1649
90 15.0658
91 14.0258
92 16.6708
93 14.6835
94 16.2372
95 15.9512
96 14.7689
97 15.0895
98 15.7126
99 15.097
100 15.9918
101 15.8831
102 16.3682
103 15.0556
104 14.8892
105 15.4067
106 15.9824
107 15.4074
108 15.5583
109 15.5806
110 15.313
111 14.5859
112 13.6266
113 14.3919
114 14.3679
115 13.6211
116 14.684
117 15.6505
118 15.4508
119 13.8046
120 17.2953
121 15.1777
122 14.9094
123 16.1147
124 15.74
125 16.494
126 15.7913
127 14.3959
128 14.4625
129 15.3364
130 13.9056
131 15.7496
132 15.5824
133 16.1165
134 15.9227
135 13.2126
136 16.6661
137 15.837
138 15.4927
139 14.4944
140 16.0921
141 16.2435
142 18.095
143 16.1537
144 14.4288
145 18.0774
146 15.7163
147 13.6022
148 15.5507
149 14.121
150 15.6144
151 15.3485
152 15.3732
153 13.6462
154 16.5412
155 15.4303
156 14.1688
157 12.763
158 15.1447
159 14.9947
160 17.211
161 14.8516
162 14.9287
163 16.409
164 13.7865
165 16.7931
166 13.9838
167 14.8082
168 14.4527
169 15.2811
170 16.1038
171 15.3272
172 14.4872
173 13.7776
174 17.1721
175 15.0522
176 13.1614
177 16.0751
178 15.6121
179 14.0812
180 13.8938
181 14.682
182 14.0903
183 14.269
184 14.5551
185 16.5176
186 14.4067
187 16.9032
188 14.8579
189 16.873
190 17.0352
191 16.3854
192 15.183
193 13.6581
194 14.7672
195 18.1788
196 14.867
197 13.7185
198 16.4192
199 16.5014
200 16.6946
201 13.3959
202 16.2894
203 16.4284
204 14.84
205 14.9994
206 14.6724
207 13.5599
208 13.4742
209 16.475
210 14.9969
211 15.6443
212 14.4902
213 14.6585
214 15.8087
215 14.6001
216 13.6125
217 14.7411
218 15.7355
219 14.9423
220 15.767
221 15.6337
222 15.3209
223 16.601
224 16.2108
225 15.187
226 15.8715
227 13.7073
228 12.532
229 14.3458
230 16.0495
231 17.0795
232 16.2889
233 16.7515
234 15.362
235 14.51
236 13.0942
237 15.1388
238 12.2137
239 14.0493
240 16.0965
241 14.0427
242 16.4553
243 13.9991
244 14.8539
245 13.6626
246 15.6374
247 12.1815
248 17.3187
249 14.7651
250 14.1978
251 16.3336
252 14.5648
253 13.4664
254 15.8292
255 15.2415
256 13.9967
257 13.9875
258 14.0872
259 15.3793
260 15.5469
261 15.1401
262 13.239
263 16.162
264 15.8615
265 14.7573
266 17.2997
267 15.761
268 13.6093
269 14.3416
270 15.0221
271 15.3171
272 14.8586
273 15.9329
274 14.8551
275 14.5024
276 15.3213
277 14.8112
278 14.322
279 13.8918
280 15.4891
281 15.1656
282 13.8476
283 13.6168
284 15.2721
285 14.8682
286 16.1109
287 15.7506
288 14.772
289 14.082
290 15.1467
291 14.1425
292 14.7089
293 15.7616
294 14.234
295 16.3505
296 12.3697
297 17.0871
298 15.3572
299 16.1883
300 14.5818
301 16.4883
302 17.3723
303 12.3034
304 16.3096
305 14.9089
306 14.2337
307 16.9967
308 15.8924
309 16.4593
310 13.9838
311 14.9817
312 15.043
313 15.7068
314 15.5172
315 15.2755
316 16.5202
317 16.2049
318 15.322
319 14.2488
320 15.4593
321 16.4936
322 16.5131
323 13.7416
324 16.1575
325 13.2103
326 14.6989
327 16.0366
328 11.3985
329 13.2027
330 14.445
331 15.6099
332 17.0978
333 14.8311
334 13.1873
335 16.5742
336 14.7997
337 15.3768
338 15.1185
339 14.8697
340 13.849
341 11.6579
342 15.5357
343 13.9708
344 15.6035
345 12.0758
346 13.5393
347 14.8469
348 13.4656
349 13.9895
350 15.6984
351 14.7801
352 14.0025
353 15.9698
354 15.8201
355 15.7733
356 15.1549
357 15.1213
358 14.8397
359 16.4766
360 15.0513
361 16.8919
362 14.5977
363 14.6768
364 13.8668
365 14.9823
366 15.0832
367 12.9848
368 13.9737
369 16.6621
370 15.1263
371 12.7663
372 14.7544
373 14.3067
374 13.8626
375 13.7594
376 14.881
377 14.9909
378 15.4208
379 15.5496
380 13.1534
381 16.3361
382 13.69
383 14.9928
384 15.6246
385 15.9853
386 16.1302
387 15.7897
388 14.4778
389 12.3502
390 15.9362
391 13.2755
392 15.0443
393 12.4421
394 15.8491
395 15.9915
396 13.1719
397 13.0846
398 14.0721
399 13.9352
400 14.8984
401 14.4556
402 14.6764
403 13.6315
404 14.8547
405 14.4718
406 16.1739
407 14.8257
408 14.855
409 16.3652
410 15.1528
411 14.0816
412 14.1958
413 14.726
414 13.7843
415 12.4217
416 14.2752
417 13.6452
418 12.7766
419 14.2859
420 14.5148
421 15.0774
422 13.7883
423 14.3538
424 13.2963
425 14.2383
426 14.0396
427 16.0767
428 15.2572
429 14.8595
430 14.8969
431 14.1458
432 13.2078
433 14.8821
434 16.3739
435 13.6198
436 12.9534
437 16.3483
438 13.8569
439 13.6925
440 15.9539
441 13.8942
442 14.9103
443 14.3723
444 13.5546
445 14.6437
446 14.2109
447 15.2133
448 15.6928
449 16.9349
450 14.5505
451 12.1756
452 14.5863
453 14.547
454 13.7451
455 13.9006
456 13.4241
457 15.4548
458 13.8934
459 16.3992
460 12.3633
461 11.6854
462 13.0359
463 15.2057
464 15.6917
465 13.8669
466 12.5517
467 16.1883
468 15.2737
469 15.6654
470 13.6364
471 14.2649
472 14.9043
473 12.8348
474 12.5877
475 12.7033
476 13.3033
477 14.0475
478 11.5371
479 15.0911
480 13.2696
481 11.2373
482 15.7154
483 16.2243
484 14.6714
485 14.6556
486 14.0896
487 14.073
488 13.5115
489 17.0566
490 15.0405
491 13.4582
492 12.528
493 12.0339
494 13.3899
495 16.6609
496 13.5502
497 13.4956
498 12.9807
499 13.802
500 13.5468
501 10.8271
502 13.4926
503 14.0574
504 15.8045
505 13.912
506 13.2279
507 14.459
508 14.027
509 15.5804
510 13.8983
511 14.653
512 13.8365
513 14.2149
514 13.8257
515 15.3778
516 13.0338
517 13.7968
518 13.3099
519 14.2759
520 15.0922
521 14.9128
522 15.8335
523 14.4685
524 13.9171
525 13.1905
526 13.0955
527 15.3733
528 13.7122
529 15.3117
530 15.0978
531 13.9535
532 15.0617
533 14.3767
534 14.4282
535 14.3237
536 13.8512
537 14.8476
538 13.1198
539 14.9393
540 14.0296
541 13.4054
542 13.3042
543 12.5104
544 13.669
545 13.0555
546 13.559
547 14.9454
548 14.7191
549 17.036
550 13.8472
551 14.5899
552 11.9566
553 12.7335
554 15.4541
555 12.3707
556 13.939
557 12.6279
558 14.1137
559 12.5134
560 12.2347
561 14.886
562 12.7547
563 15.2604
564 13.0543
565 11.971
566 13.9739
567 15.2823
568 14.2641
569 12.9674
570 14.1928
571 14.9534
572 12.8348
573 12.9289
574 14.28
575 11.7292
576 12.9805
577 15.8052
578 13.1948
579 12.8945
580 13.048
581 14.5384
582 12.6906
583 12.9621
584 15.2259
585 14.1126
586 13.8035
587 11.9678
588 11.8809
589 14.3418
590 12.0419
591 14.6671
592 12.1921
593 14.2192
594 13.8295
595 13.8587
596 13.5156
597 13.9677
598 14.8205
599 14.8863
600 14.2333
601 14.3759
602 13.5282
603 12.7205
604 13.0598
605 15.087
606 13.5925
607 12.7658
608 13.6246
609 14.549
610 13.6855
611 15.0099
612 11.7933
613 15.6882
614 15.0084
615 14.1583
616 16.2498
617 14.5049
618 15.0236
619 13.6708
620 13.3407
621 13.5555
622 14.0158
623 16.1901
624 13.8167
625 13.5477
626 12.4989
627 12.4611
628 13.9345
629 13.1665
630 15.4463
631 14.0396
632 13.4113
633 11.1427
634 14.7337
635 12.8116
636 13.0038
637 14.4294
638 13.695
639 13.91
640 14.1286
641 14.5627
642 14.8106
643 13.165
644 13.9606
645 12.1852
646 14.4821
647 13.6407
648 13.2702
649 12.0298
650 12.7221
651 14.8058
652 11.3417
653 11.4998
654 11.4214
655 14.8252
656 12.746
657 13.0961
658 13.4284
659 11.569
660 14.0531
661 14.3758
662 15.2692
663 13.9856
664 11.6368
665 13.2959
666 12.1715
667 11.8328
668 11.9371
669 11.0279
670 13.5382
671 13.8987
672 11.0399
673 12.4389
674 12.2877
675 12.9149
676 15.4152
677 14.9134
678 10.6517
679 14.3048
680 14.4256
681 12.4323
682 12.9344
683 11.5941
684 11.0233
685 12.8111
686 13.8272
687 11.8948
688 14.0799
689 14.6897
690 13.13
691 14.8696
692 10.1296
693 15.9401
694 13.512
695 11.4163
696 12.9305
697 12.4762
698 11.5871
699 13.2367
700 11.6809
701 12.5554
702 15.4964
703 12.2942
704 13.3076
705 9.18499
706 10.4128
707 12.4902
708 13.5007
709 11.8084
710 11.6469
711 12.2212
712 11.798
713 13.5939
714 12.8749
715 13.6312
716 13.4836
717 13.3708
718 14.1292
719 12.7699
720 13.9224
721 10.651
722 10.3019
723 11.6515
724 9.59895
725 11.6319
726 12.1441
727 12.2112
728 11.9523
729 11.9416
730 13.8358
731 13.0991
732 11.9906
733 13.9232
734 10.9101
735 12.1137
736 12.7317
737 13.3262
738 12.3909
739 11.0086
740 11.3653
741 10.8025
742 12.731
743 11.8751
744 12.7543
745 14.6081
746 13.9495
747 11.287
748 11.7397
749 13.4836
750 12.255
751 11.2249
752 11.8312
753 11.9556
754 13.5728
755 12.9306
756 12.2451
757 12.6904
758 11.2367
759 11.0937
760 11.113
761 11.3914
762 11.971
763 11.8084
764 12.0975
765 11.3949
766 10.7284
767 12.254
768 9.54743
769 11.273
770 10.0356
771 11.1142
772 12.1797
773 10.811
774 10.4932
775 13.2658
776 11.6429
777 12.4066
778 12.0029
779 13.3224
780 12.5882
781 9.45463
782 9.64175
783 9.89819
784 11.0003
785 11.6432
786 12.0843
787 13.5599
788 12.2708
789 11.4561
790 10.9808
791 11.4628
792 13.8785
793 11.3798
794 11.5862
795 10.4718
796 10.0404
797 11.4484
798 10.8406
799 10.5717
800 11.9492
801 10.5114
802 10.691
803 11.1257
804 13.4698
805 9.46992
806 8.66096
807 9.54881
808 9.10461
809 11.1658
810 9.461
811 10.3264
812 9.46627
813 9.61577
814 11.2997
815 10.6495
816 9.7143
817 9.83184
818 10.7218
819 11.7756
820 8.62808
821 10.9573
822 9.93536
823 10.5484
824 8.72923
825 8.03339
826 7.67306
827 7.97931
828 7.15507
829 9.80369
830 9.59997
831 9.08107
832 9.79899
833 8.68771
834 10.5022
835 9.62705
836 10.306
837 10.343
838 10.1077
839 11.0746
840 11.1667
841 10.4275
842 9.86199
843 8.76813
844 11.0319
845 10.388
846 11.3933
847 9.9015
848 10.5462
849 9.99277
850 9.50804
851 9.81871
852 8.45696
853 8.35779
854 8.04721
855 10.2828
856 9.47874
857 10.3298
858 8.95333
859 10.1041
860 9.2367
861 9.26463
862 10.2767
863 9.60103
864 10.952
865 12.6315
866 10.0064
867 9.64073
868 9.86751
869 9.00508
870 8.78103
871 11.9091
872 10.0194
873 10.7763
874 10.2611
875 9.23102
876 9.43334
877 8.98626
878 7.99169
879 8.10044
880 7.90163
881 8.40854
882 8.03106
883 8.47226
884 8.60642
885 8.43603
886 8.26902
887 7.95527
888 7.7767
889 8.37549
890 8.39377
891 8.81128
892 8.42129
893 10.382
894 9.56015
895 10.812
896 9.37213
897 8.85754
898 9.00579
899 9.08746
900 9.04998
901 8.46623
902 7.71746
903 8.60077
904 7.17328
905 7.47414
906 7.15892
907 7.0151
908 7.94999
909 8.35084
910 7.58993
911 7.85337
912 8.04295
913 7.38159
914 7.41253
915 7.64921
916 7.34513
917 7.10906
918 5.9114
919 6.39387
920 6.39387
921 6.82442
922 6.64597
923 6.35304
924 6.29558
925 6.46496
926 6.35319
927 6.47069
928 6.70071
929 6.55764
930 6.79842
931 6.69417
932 6.65135
933 6.38931
934 6.35331
935 6.4735
936 6.39847
937 6.43491
938 5.96657
939 6.61158
940 5.96873
941 6.05538
942 6.28012
943 6.30033
944 6.54192
945 6.45807
946 6.20644
947 5.71459
948 5.67246
949 5.67246
950 5.62677
951 5.2449
952 4.78661
953 4.74048
954 4.7274
955 4.80572
956 4.80572
957 4.86008
958 4.87429
959 4.82755
960 4.85923
961 4.85923
962 5.03483
963 5.22615
964 5.18955
965 5.36208
966 5.30065
967 5.30065
968 5.28139
969 5.38806
970 5.48328
971 5.33382
972 5.0202
973 5.10798
974 5.10798
975 4.95367
976 4.95367
977 4.95367
978 4.95252
979 4.94351
980 4.94351
981 4.96477
982 4.81294
983 4.80471
984 4.79301
985 4.82927
986 4.76093
987 4.76093
988 4.83668
989 4.83668
990 4.84227
991 4.76652
992 4.76652
993 4.76093
994 4.57134
995 4.57134
996 4.57134
997 4.57134
998 4.57134
999 4.57134
1000 4.57134
