0 13.2133
1 13.9149
2 14.8153
3 13.4798
4 14.2443
5 14.799
6 18.5207
7 17.6934
8 16.4179
9 15.6243
10 13.8179
11 14.9463
12 13.4255
13 15.8634
14 14.2881
15 14.6547
16 14.5436
17 15.9024
18 13.0697
19 14.3316
20 15.5786
21 15.6403
22 16.4468
23 17.2284
24 16.1548
25 15.0478
26 15.4997
27 16.1764
28 15.91
29 16.8466
30 14.1389
31 13.8758
32 16.6051
33 15.678
34 17.4811
35 15.141
36 12.6441
37 15.4916
38 15.1828
39 14.9902
40 18.38
41 14.6169
42 15.2764
43 15.2456
44 15.6201
45 13.3798
46 15.3317
47 11.9983
48 15.4796
49 14.4262
50 15.1332
51 15.9354
52 16.1053
53 15.8694
54 12.5093
55 16.2325
56 13.7944
57 14.8216
58 13.6754
59 15.1591
60 14.8305
61 13.2346
62 15.2172
63 15.4868
64 12.5155
65 13.5746
66 16.0421
67 12.3453
68 14.5174
69 13.172
70 13.1858
71 13.9481
72 16.3779
73 16.1368
74 16.6925
75 15.8063
76 13.3631
77 14.5183
78 15.49
79 13.592
80 16.288
81 14.4868
82 13.9853
83 14.9289
84 16.1858
85 14.4355
86 14.377
87 13.4881
88 13.9803
89 13.458
90 14.9797
91 13.7506
92 14.1951
93 16.9937
94 17.4894
95 14.198
96 13.9772
97 15.7145
98 13.6841
99 15.8738
100 13.2542
101 17.5103
102 15.3679
103 16.1317
104 15.3825
105 14.7199
106 13.6722
107 16.408
108 16.1478
109 14.6912
110 13.2359
111 17.2844
112 15.922
113 15.8758
114 13.1479
115 15.4959
116 14.4513
117 14.2365
118 16.9117
119 15.6731
120 14.7384
121 17.907
122 15.5631
123 15.7935
124 15.045
125 14.1038
126 13.8568
127 14.3811
128 12.9075
129 14.4925
130 13.88
131 16.6145
132 13.947
133 13.953
134 13.7469
135 13.9367
136 16.7923
137 14.9788
138 14.1473
139 16.7935
140 14.3017
141 15.754
142 15.5517
143 13.0165
144 15.2476
145 15.7769
146 16.5257
147 14.4381
148 15.5493
149 15.3086
150 16.2862
151 16.6451
152 14.4426
153 14.461
154 14.6037
155 13.4021
156 14.1136
157 17.3664
158 15.2582
159 14.7803
160 13.0203
161 13.3247
162 15.5172
163 15.611
164 16.7443
165 15.8114
166 15.18
167 14.5246
168 15.2915
169 15.2839
170 15.3644
171 14.885
172 15.2304
173 15.6341
174 13.4599
175 15.225
176 15.6587
177 15.0677
178 14.648
179 16.1478
180 16.0054
181 15.7141
182 14.0192
183 15.5054
184 16.3032
185 15.2406
186 15.6922
187 15.4706
188 16.2068
189 14.5726
190 13.8045
191 16.3909
192 16.8757
193 14.2391
194 11.9812
195 14.3134
196 14.5392
197 16.1859
198 15.1389
199 15.5017
200 13.8381
201 17.0135
202 15.6147
203 15.5511
204 16.6953
205 14.5263
206 14.3639
207 14.0899
208 14.2102
209 14.0305
210 16.64
211 14.7921
212 15.39
213 14.6915
214 12.5258
215 14.9941
216 14.7903
217 15.951
218 15.3372
219 15.4017
220 15.5693
221 15.285
222 13.7852
223 16.732
224 15.554
225 15.3715
226 16.8651
227 14.3925
228 14.5336
229 14.5318
230 11.7101
231 14.7722
232 14.9425
233 14.7185
234 16.4965
235 13.3493
236 15.1359
237 14.8969
238 15.7347
239 16.2337
240 15.635
241 15.3782
242 14.7197
243 13.8968
244 15.3422
245 14.9695
246 14.0574
247 16.558
248 14.2125
249 17.6192
250 14.0643
251 14.711
252 16.3233
253 16.1278
254 13.6785
255 14.2216
256 12.0933
257 15.3728
258 13.1752
259 13.4469
260 13.8576
261 13.4952
262 16.8004
263 16.254
264 17.2039
265 14.8445
266 15.4238
267 17.0639
268 14.5489
269 13.8781
270 15.5006
271 18.2889
272 14.7158
273 16.0122
274 15.0371
275 15.0015
276 16.5739
277 13.8181
278 12.7208
279 12.7573
280 16.2651
281 14.3765
282 15.3681
283 13.5199
284 15.3182
285 14.7095
286 14.3158
287 13.7262
288 15.6818
289 15.5361
290 14.1784
291 14.2242
292 12.7918
293 13.7967
294 14.19
295 14.6097
296 16.1861
297 13.4911
298 14.5801
299 16.8791
300 14.929
301 15.7503
302 15.2589
303 14.4338
304 13.0768
305 14.637
306 14.5813
307 15.2924
308 15.9033
309 14.6632
310 14.6008
311 14.7999
312 14.0141
313 13.5898
314 16.628
315 14.0407
316 16.1041
317 16.0809
318 14.9484
319 12.7456
320 13.6541
321 15.0348
322 16.7625
323 14.8598
324 13.3022
325 16.1218
326 15.6142
327 13.7239
328 13.713
329 14.5649
330 16.4653
331 15.746
332 15.7032
333 12.4251
334 14.1666
335 15.1802
336 15.2165
337 14.4075
338 15.3557
339 15.3884
340 14.8445
341 15.6837
342 15.4817
343 14.7764
344 15.6241
345 16.6804
346 16.6153
347 14.328
348 15.48
349 16.1155
350 13.4953
351 14.1679
352 15.3484
353 11.994
354 15.4534
355 13.402
356 16.7982
357 15.6961
358 14.3272
359 13.2766
360 16.3563
361 14.4376
362 13.172
363 14.7739
364 15.5306
365 14.2398
366 16.8028
367 15.1511
368 14.3859
369 13.3848
370 14.1905
371 16.0716
372 14.2527
373 14.2939
374 14.3172
375 15.2218
376 12.7829
377 16.3207
378 14.8958
379 14.9146
380 13.5834
381 15.1584
382 14.9102
383 15.2282
384 15.1143
385 14.9001
386 15.7642
387 15.7262
388 12.949
389 15.9791
390 12.4075
391 14.5209
392 14.4342
393 13.9686
394 12.6025
395 15.09
396 15.5413
397 15.2585
398 15.4213
399 16.094
400 14.2341
401 15.9471
402 13.447
403 15.5774
404 12.8689
405 12.5209
406 13.3248
407 14.6026
408 15.2741
409 11.5297
410 15.6667
411 14.5681
412 14.3815
413 15.1099
414 14.014
415 13.3334
416 15.2086
417 15.4303
418 12.9372
419 13.9621
420 13.4371
421 15.0819
422 13.2126
423 16.5357
424 14.296
425 14.6191
426 15.2291
427 15.1417
428 15.3391
429 15.2252
430 13.5789
431 14.5281
432 14.7929
433 14.4462
434 11.4829
435 12.6411
436 15.2981
437 12.5975
438 13.4778
439 13.9519
440 12.3251
441 14.5061
442 10.2569
443 16.3481
444 14.4299
445 14.1658
446 14.3695
447 14.0869
448 13.183
449 14.4534
450 11.3805
451 14.9696
452 13.2489
453 15.9679
454 12.0542
455 13.0081
456 16.1543
457 13.5082
458 15.1061
459 13.9894
460 16.3591
461 13.1393
462 11.8843
463 15.3354
464 15.3202
465 15.6952
466 14.5742
467 15.8825
468 15.8972
469 13.2209
470 13.7944
471 13.7374
472 13.2933
473 14.5796
474 16.088
475 13.6389
476 13.9259
477 14.0945
478 14.0675
479 13.8772
480 14.024
481 14.3957
482 13.8707
483 14.3825
484 13.8123
485 12.6264
486 15.2013
487 14.6715
488 16.9347
489 14.444
490 14.1236
491 14.1469
492 11.6512
493 15.3807
494 13.5808
495 13.0983
496 14.9623
497 15.3201
498 13.7591
499 12.1092
500 12.8091
501 12.7629
502 15.7382
503 11.9548
504 12.7041
505 15.3207
506 12.3075
507 14.6629
508 15.4054
509 13.9737
510 14.3005
511 13.984
512 13.7459
513 12.7309
514 13.8982
515 15.0416
516 12.1354
517 13.6187
518 13.5515
519 13.8061
520 14.0615
521 14.2262
522 13.4262
523 13.0416
524 14.4203
525 13.8851
526 15.5645
527 13.3639
528 14.3633
529 15.1878
530 15.2302
531 13.5425
532 13.8307
533 12.8027
534 15.7001
535 13.7753
536 12.9713
537 14.9954
538 13.0525
539 12.3508
540 13.8917
541 13.9871
542 15.3797
543 13.6467
544 13.6141
545 14.4278
546 15.0443
547 14.4615
548 13.4549
549 15.5686
550 14.2909
551 13.2338
552 12.9291
553 13.4844
554 13.79
555 15.1434
556 14.9497
557 13.1558
558 13.8911
559 12.7253
560 13.2653
561 15.7952
562 13.7032
563 11.9021
564 13.6705
565 12.6842
566 13.1985
567 14.0985
568 14.832
569 14.0395
570 14.1299
571 14.136
572 15.3891
573 12.1261
574 14.608
575 13.8667
576 14.27
577 16.105
578 15.2406
579 11.6358
580 12.2062
581 13.3589
582 13.6216
583 14.102
584 13.7031
585 14.2156
586 14.2819
587 13.3488
588 12.1185
589 14.1079
590 14.4796
591 14.0558
592 14.3368
593 12.8846
594 12.3264
595 12.6017
596 13.4455
597 13.1579
598 11.3006
599 13.5002
600 15.039
601 13.1572
602 12.9731
603 13.6469
604 15.0914
605 13.636
606 13.3439
607 11.1977
608 13.7633
609 11.8882
610 11.3235
611 13.73
612 13.8027
613 13.4582
614 13.1489
615 14.362
616 13.545
617 11.0405
618 12.8665
619 12.6547
620 13.9945
621 13.3728
622 15.04
623 14.0952
624 14.8023
625 11.354
626 12.7434
627 13.2259
628 14.9383
629 14.85
630 14.4891
631 14.3412
632 11.3793
633 12.0065
634 12.9495
635 14.6016
636 12.5216
637 13.7483
638 13.5242
639 15.5938
640 12.5753
641 13.413
642 15.3065
643 12.8836
644 13.6116
645 11.6619
646 11.2061
647 13.8881
648 13.9266
649 15.9978
650 13.8784
651 14.4802
652 12.3611
653 13.9311
654 15.922
655 12.4476
656 14.6266
657 14.3896
658 13.7491
659 16.9084
660 12.0808
661 14.2376
662 10.6917
663 13.0994
664 12.3905
665 12.1449
666 13.289
667 11.8759
668 13.0574
669 13.5749
670 12.2496
671 12.5895
672 11.2061
673 11.6947
674 14.4048
675 14.9496
676 12.5226
677 14.6315
678 13.3482
679 12.7372
680 13.9543
681 12.2316
682 11.7775
683 15.2677
684 14.463
685 14.6499
686 13.3773
687 14.5877
688 11.5601
689 13.6752
690 14.672
691 13.2443
692 12.6686
693 12.1794
694 12.5614
695 15.171
696 12.6214
697 12.6378
698 12.5389
699 12.4858
700 11.7317
701 14.3061
702 12.6933
703 11.5955
704 15.7223
705 15.715
706 14.1707
707 12.0276
708 14.7132
709 12.9177
710 13.2615
711 13.6959
712 12.9394
713 10.3809
714 11.5119
715 13.4538
716 11.5603
717 13.0952
718 11.5367
719 11.7263
720 11.5533
721 12.7476
722 13.5732
723 10.8283
724 12.2827
725 15.1466
726 10.2997
727 11.3931
728 11.7194
729 12.3212
730 13.5231
731 14.1016
732 11.4478
733 12.6384
734 13.0279
735 13.5108
736 13.5689
737 11.7784
738 9.61763
739 12.3274
740 10.4748
741 9.96615
742 11.1721
743 11.3266
744 11.5604
745 10.8172
746 12.3295
747 10.2846
748 11.6351
749 12.9725
750 16.4478
751 12.754
752 12.5193
753 12.7215
754 12.8683
755 9.98909
756 11.1962
757 11.3343
758 13.1367
759 11.6648
760 13.0811
761 12.4019
762 10.7128
763 11.639
764 10.3498
765 12.8298
766 10.9807
767 10.2521
768 11.8079
769 10.8348
770 10.5245
771 12.6213
772 11.3168
773 10.4476
774 11.4098
775 11.2009
776 13.3316
777 12.0258
778 13.2113
779 13.6412
780 11.67
781 14.0854
782 12.2215
783 11.7069
784 11.6599
785 9.74994
786 13.0569
787 12.0614
788 12.4378
789 11.7802
790 11.9869
791 11.4932
792 11.2722
793 10.622
794 11.8526
795 12.2564
796 12.3914
797 10.1219
798 10.4722
799 9.56425
800 10.5205
801 10.3962
802 10.4836
803 12.5453
804 11.2817
805 12.7389
806 12.631
807 10.7254
808 11.2042
809 12.3877
810 9.53094
811 9.34828
812 8.90588
813 9.0737
814 11.0593
815 11.8874
816 11.6817
817 9.95465
818 10.9421
819 11.728
820 8.99962
821 9.74958
822 11.5707
823 9.75234
824 10.1223
825 11.2687
826 11.5977
827 11.9765
828 10.1375
829 9.70855
830 12.0438
831 11.3473
832 12.3378
833 10.6119
834 10.0976
835 8.75943
836 9.3819
837 9.86214
838 10.7443
839 10.8008
840 9.84907
841 11.8642
842 10.6301
843 10.6165
844 9.27598
845 8.75168
846 9.21023
847 11.1057
848 10.0983
849 10.3292
850 11.0294
851 9.70783
852 11.3281
853 9.76261
854 9.70536
855 10.6102
856 10.5104
857 10.853
858 9.45482
859 10.156
860 10.6976
861 9.73955
862 9.91141
863 10.0983
864 9.4281
865 9.13213
866 8.70287
867 8.46396
868 8.65848
869 8.60012
870 9.24701
871 9.48095
872 9.99548
873 9.97514
874 9.88187
875 8.27141
876 8.43996
877 8.40775
878 8.35411
879 7.93421
880 7.87122
881 8.46605
882 8.2908
883 8.23883
884 7.84453
885 7.60755
886 8.26268
887 8.43567
888 8.01084
889 8.38829
890 9.2695
891 9.53046
892 8.18999
893 10.2051
894 10.5879
895 10.7543
896 8.95649
897 8.80881
898 8.02321
899 7.91934
900 7.50734
901 7.82073
902 8.06153
903 7.7942
904 8.12762
905 8.24956
906 8.16138
907 8.25959
908 8.6006
909 7.63302
910 7.38784
911 7.58886
912 7.41639
913 7.48208
914 7.27
915 7.3532
916 6.53719
917 6.8497
918 8.01099
919 8.80974
920 7.86474
921 7.11468
922 7.30613
923 7.10085
924 6.53726
925 6.88493
926 7.29199
927 6.82314
928 6.4886
929 6.27938
930 6.9154
931 7.34628
932 7.6461
933 6.80078
934 6.49746
935 6.37451
936 6.02676
937 6.10417
938 5.83692
939 6.03781
940 6.32023
941 6.00466
942 5.7092
943 5.6489
944 5.71886
945 5.76346
946 5.70742
947 6.22909
948 6.06186
949 6.07765
950 6.0178
951 6.04842
952 6.49067
953 6.08314
954 6.08305
955 6.27773
956 6.19509
957 6.27527
958 6.05519
959 6.05617
960 5.55685
961 5.34888
962 5.17206
963 5.14378
964 5.1254
965 5.18378
966 5.14752
967 5.14737
968 5.14179
969 5.22839
970 4.98602
971 4.95536
972 4.89351
973 4.92331
974 4.92406
975 4.93341
976 4.87773
977 4.85694
978 4.85694
979 4.75573
980 4.76284
981 4.76284
982 4.81291
983 4.75898
984 4.75898
985 4.75099
986 4.75099
987 4.73478
988 4.68674
989 4.68115
990 4.68115
991 4.68115
992 4.68115
993 4.68115
994 4.68115
995 4.68115
996 4.68115
997 4.68115
998 4.68115
999 4.68115
1000 4.68115
