0 14.1621
1 17.1995
2 16.6945
3 15.9573
4 16.7344
5 14.5366
6 15.8016
7 14.514
8 15.5086
9 12.6306
10 15.7405
11 14.7733
12 16.3124
13 15.153
14 13.5084
15 15.0087
16 15.1144
17 14.5686
18 15.341
19 14.9745
20 13.3351
21 14.9956
22 16.297
23 14.2588
24 15.6226
25 15.2843
26 14.4968
27 16.5033
28 14.5373
29 15.1706
30 13.189
31 13.1509
32 13.9372
33 15.3459
34 15.926
35 13.1064
36 16.6139
37 13.8922
38 15.9063
39 13.76
40 15.2396
41 15.1282
42 16.4278
43 15.0568
44 16.1168
45 16.085
46 17.327
47 16.3401
48 15.101
49 16.5636
50 14.3615
51 14.6467
52 13.5283
53 14.572
54 13.9436
55 14.478
56 14.8433
57 15.5182
58 14.2547
59 14.1974
60 15.9212
61 13.6951
62 17.4589
63 14.914
64 15.2358
65 15.1857
66 14.4649
67 15.7663
68 15.3753
69 15.4526
70 15.6586
71 14.6806
72 14.071
73 15.9558
74 14.058
75 13.5118
76 15.3709
77 15.9971
78 15.9556
79 16.445
80 14.7249
81 14.6209
82 13.3123
83 16.2304
84 12.8426
85 16.1603
86 13.8789
87 15.4906
88 15.546
89 14.5402
90 16.7016
91 15.4396
92 15.5071
93 16.4098
94 16.7574
95 14.6998
96 16.3775
97 16.2618
98 14.5914
99 16.1987
100 15.434
101 13.1774
102 14.3024
103 14.1005
104 15.1409
105 14.0052
106 16.2517
107 15.0801
108 12.552
109 15.6334
110 14.9989
111 14.2077
112 15.4067
113 15.6523
114 15.6036
115 14.3763
116 12.9202
117 14.781
118 12.1246
119 15.8502
120 13.6447
121 14.6914
122 14.324
123 16.2919
124 16.9754
125 13.93
126 15.8879
127 12.2316
128 15.108
129 14.0637
130 14.456
131 16.6876
132 17.3991
133 14.8022
134 13.7973
135 15.7448
136 15.6951
137 15.0316
138 17.2726
139 16.2113
140 14.3448
141 14.8334
142 15.2418
143 15.0341
144 13.599
145 15.1046
146 16.6685
147 16.3112
148 14.5584
149 14.9838
150 15.5214
151 15.0857
152 14.8767
153 16.1526
154 16.8492
155 15.9062
156 11.3732
157 14.2691
158 17.2025
159 15.7615
160 13.8292
161 18.1987
162 15.2689
163 14.8354
164 16.7434
165 15.0058
166 16.1987
167 13.7842
168 15.7081
169 16.2927
170 16.4318
171 14.9641
172 14.2157
173 16.9935
174 15.8485
175 14.3929
176 14.8552
177 15.2082
178 15.904
179 14.7494
180 14.1692
181 16.1711
182 14.1444
183 13.0818
184 14.7711
185 13.5191
186 13.8426
187 13.3778
188 14.4438
189 15.4604
190 17.4998
191 15.5317
192 14.9647
193 11.9639
194 14.353
195 15.7786
196 15.9848
197 15.8429
198 15.3547
199 15.458
200 15.5162
201 16.3934
202 15.2031
203 13.6771
204 12.9766
205 12.8154
206 16.6893
207 14.3248
208 16.1849
209 13.7121
210 14.6043
211 15.8567
212 17.089
213 13.2624
214 15.7949
215 17.2232
216 16.4572
217 16.5953
218 14.5008
219 16.0344
220 15.5562
221 15.1593
222 15.4723
223 14.8394
224 15.1883
225 13.8152
226 13.9656
227 16.686
228 15.003
229 16.7921
230 13.2152
231 16.7128
232 14.945
233 14.6494
234 16.3457
235 12.8882
236 15.7154
237 15.1582
238 15.7515
239 13.0948
240 14.4365
241 14.4432
242 14.0161
243 14.6932
244 16.6668
245 15.815
246 13.8843
247 13.9834
248 14.044
249 15.2942
250 16.524
251 15.4681
252 16.9887
253 13.7713
254 13.6111
255 13.6263
256 14.8324
257 13.3039
258 15.0163
259 13.6878
260 14.4835
261 16.8405
262 13.5616
263 14.3483
264 14.455
265 14.9684
266 14.3408
267 17.1836
268 14.5374
269 14.1836
270 13.1974
271 14.7332
272 15.6081
273 14.9999
274 14.6003
275 13.8436
276 15.3599
277 15.2572
278 16.6591
279 16.371
280 14.2453
281 14.5786
282 15.7324
283 13.6774
284 13.6603
285 14.2391
286 16.2745
287 14.8908
288 12.7686
289 14.3974
290 16.3854
291 14.2683
292 15.2446
293 14.9661
294 13.7716
295 13.5336
296 16.1119
297 14.9564
298 15.8354
299 13.1764
300 16.0136
301 13.8949
302 14.6826
303 15.9793
304 14.6121
305 15.6732
306 14.0483
307 13.3737
308 15.3617
309 14.7962
310 12.9423
311 16.2349
312 12.0246
313 16.1583
314 15.2979
315 15.1263
316 13.2858
317 13.5104
318 12.2434
319 15.8775
320 15.119
321 15.7018
322 15.6851
323 14.7584
324 12.6269
325 15.4949
326 13.943
327 15.6264
328 17.0788
329 13.0666
330 13.1596
331 13.5191
332 17.0364
333 14.2548
334 15.765
335 13.5279
336 15.1696
337 14.7105
338 15.8431
339 14.3747
340 15.1613
341 13.3251
342 15.4683
343 13.7909
344 13.586
345 13.2074
346 13.6222
347 13.8037
348 15.0517
349 14.561
350 16.5054
351 16.2488
352 15.53
353 13.234
354 11.4268
355 14.5478
356 13.3166
357 14.7665
358 13.135
359 13.131
360 13.7042
361 15.1728
362 14.4564
363 13.113
364 14.1093
365 14.2559
366 14.2686
367 14.4569
368 13.0638
369 15.8222
370 13.6788
371 16.1405
372 15.5696
373 15.7322
374 16.0861
375 14.318
376 14.4901
377 15.4145
378 15.7853
379 14.4703
380 16.132
381 14.9585
382 14.0475
383 14.1346
384 14.4181
385 16.2843
386 15.0558
387 11.9597
388 13.5299
389 14.4003
390 14.6346
391 15.3099
392 12.8472
393 13.0485
394 15.8113
395 15.1326
396 15.248
397 15.4004
398 15.8299
399 14.3075
400 14.3802
401 15.2902
402 14.5833
403 14.2055
404 14.5331
405 13.8279
406 14.296
407 13.1491
408 14.2665
409 12.942
410 15.9657
411 15.2963
412 14.852
413 15.0813
414 16.6676
415 16.4796
416 13.8075
417 12.9185
418 14.1815
419 13.3485
420 12.0175
421 16.2475
422 16.7757
423 14.1254
424 14.0508
425 13.0083
426 15.4482
427 13.3992
428 15.6346
429 14.0193
430 13.7973
431 15.3445
432 12.8833
433 16.0524
434 14.1288
435 12.3937
436 12.1806
437 13.4248
438 16.9307
439 13.5448
440 13.0761
441 13.8604
442 15.299
443 14.4051
444 14.6706
445 13.5757
446 15.09
447 12.971
448 12.5132
449 14.3491
450 13.749
451 15.594
452 15.5099
453 14.5545
454 13.7574
455 16.5897
456 13.9398
457 14.7417
458 14.5617
459 13.1756
460 12.9157
461 14.1068
462 16.3697
463 13.0956
464 12.6929
465 13.1959
466 14.5778
467 15.5648
468 14.5309
469 13.5178
470 14.9519
471 16.5407
472 15.7819
473 11.69
474 15.0742
475 13.5452
476 15.6283
477 13.0311
478 12.5698
479 15.9593
480 15.3684
481 14.8207
482 14.0088
483 13.5115
484 15.228
485 15.9027
486 12.5666
487 14.9439
488 14.6311
489 12.2235
490 13.7636
491 15.0589
492 13.9554
493 13.9185
494 14.2038
495 14.6204
496 14.5685
497 14.9703
498 15.7518
499 13.9413
500 12.8443
501 12.7714
502 13.9525
503 14.0336
504 15.3836
505 14.5614
506 13.255
507 15.4359
508 13.2448
509 14.7792
510 14.406
511 14.2782
512 11.7003
513 14.103
514 13.9535
515 15.8273
516 12.7819
517 13.8093
518 13.4364
519 13.4155
520 13.7788
521 15.6508
522 14.665
523 14.2487
524 13.6592
525 13.1716
526 13.481
527 11.8654
528 13.0212
529 15.1475
530 12.5806
531 14.1401
532 15.1726
533 14.4734
534 15.4073
535 15.2225
536 14.5573
537 12.855
538 14.0721
539 15.4599
540 12.4191
541 12.5015
542 14.27
543 14.1013
544 13.1056
545 12.9508
546 14.4876
547 15.3285
548 16.8531
549 15.149
550 12.755
551 14.2443
552 13.62
553 15.6227
554 12.8154
555 14.3366
556 13.2915
557 12.7361
558 12.2801
559 13.9919
560 14.4677
561 11.51
562 13.57
563 13.4283
564 13.7258
565 13.7178
566 13.3404
567 14.1842
568 14.1482
569 14.682
570 15.7508
571 14.2468
572 15.3941
573 12.2837
574 13.4962
575 13.8975
576 14.8268
577 13.2977
578 14.3335
579 13.4491
580 12.7454
581 15.874
582 12.9973
583 14.4382
584 12.8035
585 17.1513
586 13.2429
587 12.2462
588 12.6022
589 15.1773
590 12.7751
591 14.3299
592 13.7803
593 12.8195
594 12.708
595 14.4875
596 16.0084
597 13.5637
598 13.5772
599 15.2774
600 12.8782
601 14.0939
602 12.098
603 12.18
604 13.7353
605 11.2048
606 14.3634
607 12.7262
608 14.5219
609 12.2995
610 14.1803
611 15.2112
612 13.478
613 10.3522
614 14.8159
615 10.9899
616 11.5118
617 11.1772
618 13.2249
619 14.6365
620 14.2159
621 14.9173
622 12.9904
623 11.2315
624 14.5549
625 11.0378
626 17.5853
627 14.6508
628 12.861
629 12.0614
630 11.7969
631 14.3283
632 13.9762
633 13.2692
634 12.1887
635 11.8804
636 11.6066
637 12.0245
638 14.1102
639 11.4183
640 11.5803
641 12.5167
642 12.4081
643 14.2153
644 12.3422
645 12.2665
646 14.7917
647 15.391
648 15.3849
649 14.3377
650 13.0265
651 11.8331
652 11.8188
653 13.2984
654 13.7779
655 12.7822
656 13.3068
657 11.8538
658 12.7572
659 13.193
660 13.5626
661 11.9246
662 16.4049
663 12.5729
664 13.2288
665 15.5851
666 12.7048
667 13.9674
668 12.4883
669 14.5606
670 13.797
671 14.5086
672 12.6737
673 11.151
674 12.5881
675 13.4259
676 13.9903
677 12.5924
678 15.2633
679 13.08
680 12.6514
681 14.4612
682 10.7313
683 12.4626
684 11.7103
685 12.9663
686 12.1762
687 11.1291
688 10.8646
689 13.0408
690 14.0444
691 12.4818
692 13.1086
693 10.6257
694 11.0273
695 11.5569
696 11.5772
697 14.935
698 14.397
699 12.7853
700 12.5298
701 12.1751
702 13.1386
703 9.74222
704 10.2546
705 12.5109
706 13.9594
707 12.0121
708 13.1675
709 11.3119
710 12.5257
711 11.62
712 14.4229
713 10.4247
714 10.5866
715 11.3682
716 11.3637
717 12.2291
718 12.7816
719 12.2718
720 13.7726
721 15.2419
722 11.4658
723 14.5682
724 12.8623
725 12.013
726 13.1037
727 11.6781
728 11.175
729 13.0126
730 13.3709
731 11.3984
732 12.0561
733 12.8431
734 10.7171
735 12.0855
736 10.5466
737 13.4091
738 10.8709
739 11.0248
740 14.4071
741 12.3777
742 9.409
743 10.7403
744 9.98497
745 13.03
746 12.6244
747 11.2649
748 11.0012
749 12.6932
750 15.1168
751 11.6902
752 15.7732
753 12.7323
754 11.3188
755 13.1677
756 12.2966
757 12.7973
758 11.8314
759 12.1479
760 14.5311
761 12.0185
762 13.0013
763 11.9474
764 11.645
765 10.556
766 11.9288
767 9.86257
768 10.6086
769 10.9283
770 11.2352
771 13.8122
772 13.3639
773 11.988
774 12.6222
775 12.6265
776 12.6908
777 11.123
778 11.0825
779 10.4026
780 11.4539
781 10.9487
782 11.8868
783 12.837
784 14.3243
785 11.1982
786 10.3083
787 10.1712
788 10.4539
789 10.9262
790 13.6846
791 11.6024
792 10.1007
793 9.55174
794 10.5597
795 11.0468
796 9.81207
797 8.98657
798 10.6118
799 13.1712
800 11.3617
801 10.6453
802 10.5792
803 11.3071
804 10.5315
805 13.8818
806 11.9929
807 11.575
808 11.3647
809 10.2741
810 10.3852
811 11.7272
812 11.665
813 10.6938
814 10.8737
815 10.0765
816 11.6618
817 10.4328
818 9.5927
819 11.3055
820 10.4926
821 12.2192
822 12.4915
823 13.3507
824 11.1866
825 9.38402
826 9.77306
827 10.2193
828 9.31324
829 8.12919
830 8.62526
831 8.62219
832 10.3457
833 8.89103
834 9.77066
835 11.1148
836 9.97426
837 9.86446
838 10.2887
839 11.6701
840 11.323
841 10.8034
842 10.7744
843 10.5105
844 8.37219
845 11.6924
846 11.7566
847 10.3023
848 10.6063
849 9.72604
850 9.86513
851 11.126
852 8.24804
853 8.72299
854 7.43919
855 9.04017
856 8.6796
857 9.33455
858 9.39962
859 8.9843
860 8.46943
861 8.44308
862 8.9502
863 8.24559
864 10.5493
865 8.95146
866 9.07646
867 10.1365
868 9.77087
869 9.74265
870 10.3398
871 8.26756
872 9.26138
873 8.22241
874 9.00735
875 9.44432
876 9.62305
877 8.17314
878 7.86656
879 8.50413
880 8.61966
881 9.19748
882 8.24195
883 7.51912
884 6.93825
885 7.23345
886 8.89645
887 8.26674
888 8.31701
889 8.92662
890 8.91009
891 9.97885
892 9.21716
893 8.78475
894 7.90967
895 7.37076
896 7.08811
897 6.74253
898 6.46503
899 6.10462
900 6.20065
901 6.73924
902 7.33858
903 7.05519
904 6.85102
905 6.66987
906 7.02688
907 6.24199
908 6.24703
909 6.40466
910 7.22771
911 6.91869
912 7.37496
913 6.46926
914 6.30008
915 6.3619
916 6.54667
917 6.42592
918 6.3496
919 6.41609
920 6.5284
921 6.69557
922 6.48125
923 6.44464
924 6.71418
925 7.1053
926 7.29517
927 7.59234
928 7.00127
929 6.81339
930 7.06543
931 7.08706
932 6.80443
933 6.93757
934 7.13666
935 6.74228
936 6.52262
937 6.60833
938 6.3732
939 6.22883
940 6.04339
941 5.99134
942 6.0962
943 5.97427
944 6.05725
945 5.91244
946 6.00052
947 5.80827
948 5.9845
949 5.74251
950 5.76578
951 5.40801
952 5.22956
953 5.24058
954 5.42127
955 5.37141
956 5.77887
957 5.31061
958 5.45308
959 5.6156
960 5.59874
961 5.57949
962 5.39136
963 5.41767
964 5.57629
965 5.57629
966 5.46727
967 5.62126
968 5.5201
969 5.52097
970 5.45877
971 5.30981
972 5.48467
973 5.3289
974 5.14512
975 5.15224
976 5.14512
977 5.08954
978 5.10767
979 5.09616
980 5.18249
981 5.19844
982 5.19844
983 5.19844
984 5.20668
985 5.15201
986 5.12134
987 4.97359
988 4.95204
989 4.95204
990 4.97735
991 4.96401
992 4.87659
993 4.87598
994 4.87598
995 4.87598
996 4.8685
997 4.75338
998 4.75338
999 4.75338
1000 4.75338
