100   0.932118   0
200   0.937953   0.004126
300   0.944995   0.00637406
400   0.948734   0.00577397
500   0.943681   0.00646269
600   0.953215   0.0102352
700   0.949351   0.00947438
800   0.940161   0.0119425
900   0.941004   0.0106452
1000   0.940538   0.00959087
1100   0.941049   0.00873258
1200   0.940551   0.00801905
1300   0.945247   0.00866888
1400   0.944499   0.00808187
1500   0.943265   0.00763667
1600   0.93949   0.00803866
1700   0.938617   0.00761304
1800   0.940977   0.00754707
1900   0.944361   0.00787214
2000   0.941893   0.0078561
2100   0.940857   0.0075499
2200   0.939684   0.00729734
2300   0.939896   0.00698314
2400   0.940228   0.00670008
2500   0.941565   0.00656405
2600   0.939857   0.00652989
2700   0.939643   0.00629154
2800   0.940529   0.00612891
2900   0.941704   0.00602915
3000   0.941556   0.00583
3100   0.942245   0.00568247
3200   0.940466   0.00577676
3300   0.940319   0.00560357
3400   0.94134   0.005531
3500   0.94186   0.0053973
3600   0.942528   0.00528866
3700   0.941683   0.00521279
3800   0.939923   0.00536454
3900   0.939518   0.00524232
4000   0.941507   0.00547591
4100   0.941156   0.00535359
4200   0.941737   0.00525751
4300   0.94235   0.00517089
4400   0.939934   0.00558966
4500   0.939982   0.00546565
4600   0.941405   0.00552904
4700   0.940968   0.00542867
4800   0.941958   0.00540515
4900   0.941786   0.00529758
5000   0.940511   0.00534286
5100   0.940335   0.005241
5200   0.941882   0.00536368
5300   0.941607   0.0052695
5400   0.941902   0.00518015
5500   0.941663   0.00509149
5600   0.941571   0.00500139
5700   0.941507   0.00491406
5800   0.941109   0.00484546
5900   0.941673   0.0047961
6000   0.941083   0.00475237
6100   0.941104   0.0046745
6200   0.94056   0.00463061
6300   0.941898   0.00474639
6400   0.941944   0.00467245
6500   0.941561   0.00461626
6600   0.941717   0.00454896
6700   0.942311   0.00451972
6800   0.941957   0.00446711
6900   0.941511   0.00442455
7000   0.94183   0.00437281
7100   0.94233   0.00433966
7200   0.941285   0.00440344
7300   0.941255   0.00434321
7400   0.942348   0.0044199
7500   0.942181   0.00436414
7600   0.941336   0.00438774
7700   0.941608   0.00433917
7800   0.941925   0.00429512
7900   0.941875   0.00424105
8000   0.941033   0.00427062
8100   0.941178   0.00422033
8200   0.941382   0.00417379
8300   0.940789   0.00416542
8400   0.940822   0.00411596
8500   0.94116   0.00408134
8600   0.940334   0.00411655
8700   0.940603   0.00407799
8800   0.940844   0.00403878
8900   0.940485   0.00400933
9000   0.940578   0.00396586
9100   0.940426   0.00392519
9200   0.941041   0.00393047
9300   0.940255   0.00396597
9400   0.940454   0.00392875
9500   0.940825   0.00390483
9600   0.940492   0.00387829
9700   0.940211   0.00384849
9800   0.940982   0.00388573
9900   0.940643   0.00386125
10000   0.940153   0.0038536
10100   0.940664   0.00384918
10200   0.940599   0.00381198
10300   0.940439   0.00377837
10400   0.940703   0.00375128
10500   0.940511   0.00372048
10600   0.940258   0.00369395
10700   0.940136   0.00366145
10800   0.940333   0.00363287
10900   0.94069   0.00361702
11000   0.940528   0.00358777
11100   0.940802   0.00356586
11200   0.940575   0.00354123
11300   0.940274   0.00352261
11400   0.940335   0.00349224
11500   0.940377   0.00346212
11600   0.940518   0.00343514
11700   0.940835   0.00342043
11800   0.940727   0.00339315
11900   0.940254   0.00339742
12000   0.939882   0.00338941
12100   0.940369   0.00339623
12200   0.940757   0.00339044
12300   0.94018   0.00341164
12400   0.940212   0.00338427
12500   0.940283   0.00335795
12600   0.939987   0.00334435
12700   0.940466   0.00335205
12800   0.940587   0.00332806
12900   0.940337   0.00331168
13000   0.940295   0.00328646
13100   0.940627   0.00327805
13200   0.94007   0.00330024
13300   0.940002   0.00327612
13400   0.94051   0.00329087
13500   0.940979   0.0032997
13600   0.940475   0.00331365
13700   0.940679   0.00329569
13800   0.940687   0.00327182
13900   0.940542   0.00325149
14000   0.940716   0.00323293
14100   0.940606   0.00321186
14200   0.940473   0.00319202
14300   0.940641   0.00317416
14400   0.940623   0.00315217
14500   0.940597   0.00313054
14600   0.940285   0.00312458
14700   0.940568   0.00311609
14800   0.94073   0.00309924
14900   0.940793   0.00307909
15000   0.940488   0.0030737
15100   0.94062   0.00305617
15200   0.940775   0.00304004
15300   0.940489   0.00303365
15400   0.940574   0.00301514
15500   0.940897   0.00301294
15600   0.940983   0.00299484
15700   0.940914   0.00297655
15800   0.941134   0.00296582
15900   0.940903   0.00295609
16000   0.940725   0.00294302
16100   0.940871   0.00292837
16200   0.940992   0.00291279
16300   0.941045   0.00289541
16400   0.941339   0.00289261
16500   0.941212   0.00287786
16600   0.941025   0.00286658
16700   0.94083   0.00285606
16800   0.941093   0.00285115
16900   0.941147   0.0028348
17000   0.941152   0.00281813
17100   0.941055   0.00280334
17200   0.941278   0.00279587
17300   0.941413   0.00278299
17400   0.94116   0.00277844
17500   0.940917   0.00277317
17600   0.94126   0.00277854
17700   0.941474   0.00277107
17800   0.941783   0.00277263
17900   0.941361   0.00278906
18000   0.941058   0.00278996
18100   0.941075   0.0027746
18200   0.941248   0.00276473
18300   0.941229   0.00274968
18400   0.941589   0.00275829
18500   0.941746   0.00274781
18600   0.941353   0.00276097
18700   0.941144   0.0027541
18800   0.94147   0.0027587
18900   0.94187   0.00277291
19000   0.941382   0.0028009
19100   0.941257   0.00278901
19200   0.941612   0.00279688
19300   0.941781   0.00278749
19400   0.941573   0.00278087
19500   0.941296   0.00278029
19600   0.941091   0.00277368
19700   0.941256   0.0027645
19800   0.941476   0.00275925
19900   0.941531   0.00274594
20000   0.941474   0.00273281
20100   0.941425   0.00271965
20200   0.941534   0.00270839
20300   0.941337   0.00270221
20400   0.941224   0.00269135
20500   0.941454   0.0026881
20600   0.941642   0.0026816
20700   0.941424   0.0026775
20800   0.941251   0.00267023
20900   0.941199   0.00265796
21000   0.941343   0.00264922
21100   0.941548   0.00264454
21200   0.941193   0.00265566
21300   0.941539   0.00266556
21400   0.941433   0.00265521
21500   0.941574   0.00264659
21600   0.941405   0.0026397
21700   0.941734   0.00264794
21800   0.941576   0.0026405
21900   0.941541   0.00262867
22000   0.941622   0.00261797
22100   0.941591   0.0026063
22200   0.94179   0.00260211
22300   0.941663   0.00259354
22400   0.941576   0.00258341
22500   0.941478   0.0025738
22600   0.941434   0.00256279
22700   0.941423   0.00255153
22800   0.941532   0.00254267
22900   0.94173   0.00253925
23000   0.941757   0.00252835
23100   0.941653   0.00251951
23200   0.941571   0.00251001
23300   0.941591   0.00249931
23400   0.941631   0.00248895
23500   0.941644   0.00247839
23600   0.941637   0.0024679
23700   0.941467   0.00246335
23800   0.941361   0.00245525
23900   0.941622   0.00245884
24000   0.941459   0.00245405
24100   0.941475   0.00244392
24200   0.941772   0.00245173
24300   0.941614   0.00244673
24400   0.941661   0.00243715
24500   0.941479   0.00243399
24600   0.941707   0.0024348
24700   0.941595   0.00242751
24800   0.941367   0.0024284
24900   0.941541   0.0024248
25000   0.941803   0.00242929
25100   0.941772   0.0024198
25200   0.941332   0.00245
25300   0.941632   0.0024587
25400   0.941791   0.00245412
25500   0.941531   0.00245825
25600   0.941492   0.00244896
25700   0.941603   0.00244197
25800   0.941696   0.00243426
25900   0.941675   0.00242494
26000   0.941473   0.00242401
26100   0.941667   0.00242243
26200   0.941585   0.00241458
26300   0.941519   0.00240629
26400   0.94154   0.00239726
26500   0.941689   0.00239283
26600   0.941608   0.0023852
26700   0.941454   0.0023812
26800   0.941706   0.00238555
26900   0.941762   0.00237735
27000   0.941632   0.00237212
27100   0.941649   0.00236343
27200   0.941559   0.00235644
27300   0.941593   0.00234805
27400   0.941587   0.00233949
27500   0.941504   0.00233244
27600   0.941372   0.00232773
27700   0.941592   0.00232968
27800   0.941519   0.00232246
27900   0.94137   0.00231887
28000   0.941577   0.00231975
28100   0.941643   0.00231244
28200   0.941513   0.00230784
28300   0.941598   0.00230122
28400   0.941402   0.00230144
28500   0.94146   0.0022941
28600   0.941468   0.0022861
28700   0.941698   0.00228968
28800   0.941725   0.00228189
28900   0.941671   0.00227465
29000   0.941438   0.0022787
29100   0.941375   0.00227174
29200   0.941564   0.00227182
29300   0.941653   0.00226582
29400   0.941782   0.00226175
29500   0.941611   0.00226054
29600   0.941553   0.00225363
29700   0.941576   0.00224616
29800   0.941318   0.0022534
29900   0.941315   0.00224587
30000   0.941386   0.0022395
30100   0.941341   0.0022325
30200   0.941523   0.00223252
30300   0.941504   0.00222524
30400   0.941517   0.00221796
30500   0.941435   0.00221221
30600   0.941439   0.00220499
30700   0.941458   0.00219789
30800   0.941429   0.00219095
30900   0.941646   0.00219455
31000   0.941588   0.00218825
31100   0.941489   0.00218343
31200   0.941457   0.00217666
31300   0.941613   0.0021753
31400   0.941402   0.00217857
31500   0.941357   0.00217212
31600   0.94161   0.00217988
31700   0.94158   0.00217321
31800   0.941421   0.00217216
31900   0.941491   0.00216646
32000   0.941649   0.0021655
32100   0.941409   0.00217207
32200   0.941335   0.00216658
32300   0.941421   0.00216154
32400   0.941551   0.0021588
32500   0.941479   0.00215337
32600   0.941448   0.00214699
32700   0.941445   0.00214043
32800   0.94142   0.00213404
32900   0.941372   0.00212809
33000   0.941406   0.00212192
33100   0.941322   0.0021172
33200   0.941423   0.00211323
33300   0.941354   0.002108
33400   0.94126   0.00210379
33500   0.941165   0.00209964
33600   0.941046   0.00209674
33700   0.941117   0.00209172
33800   0.941249   0.00208964
33900   0.94119   0.0020843
34000   0.941175   0.00207822
34100   0.941275   0.00207458
34200   0.941145   0.00207259
34300   0.941026   0.00206998
34400   0.941079   0.00206463
34500   0.9412   0.00206219
34600   0.941323   0.00205993
34700   0.94122   0.00205656
34800   0.941074   0.00205586
34900   0.941252   0.00205771
35000   0.941048   0.00206195
35100   0.941121   0.00205738
35200   0.941276   0.00205736
35300   0.941081   0.00206079
35400   0.941276   0.00206421
35500   0.94114   0.00206291
35600   0.941203   0.00205809
35700   0.941333   0.00205641
35800   0.94123   0.00205322
35900   0.941214   0.00204756
36000   0.941272   0.00204268
36100   0.941266   0.00203703
36200   0.941136   0.00203554
36300   0.941259   0.00203361
36400   0.941281   0.00202814
36500   0.941121   0.00202888
36600   0.941188   0.00202447
36700   0.941225   0.00201929
36800   0.941183   0.00201426
36900   0.941213   0.00200904
37000   0.941161   0.00200429
37100   0.941149   0.00199892
37200   0.941257   0.00199644
37300   0.941261   0.00199109
37400   0.941084   0.0019936
37500   0.941048   0.00198861
37600   0.941194   0.00198865
37700   0.941152   0.00198381
37800   0.941173   0.00197867
37900   0.941053   0.00197709
38000   0.941095   0.00197233
38100   0.941086   0.00196717
38200   0.941135   0.00196263
38300   0.941093   0.00195795
38400   0.941098   0.00195286
38500   0.941067   0.00194803
38600   0.940963   0.00194576
38700   0.941058   0.00194301
38800   0.941231   0.00194574
38900   0.941157   0.00194216
39000   0.941178   0.00193731
39100   0.94095   0.00194574
39200   0.941091   0.00194591
39300   0.941088   0.00194096
39400   0.941079   0.00193605
39500   0.941014   0.00193225
39600   0.941286   0.00194641
39700   0.941172   0.00194484
39800   0.941055   0.00194344
39900   0.940991   0.00193965
40000   0.941071   0.00193646
40100   0.941074   0.00193164
40200   0.941134   0.00192776
40300   0.941137   0.00192298
40400   0.941245   0.00192124
40500   0.941176   0.0019177
40600   0.941026   0.00191889
40700   0.941158   0.00191871
40800   0.941146   0.00191404
40900   0.941171   0.00190952
41000   0.941222   0.00190554
41100   0.94115   0.00190225
41200   0.941087   0.0018987
41300   0.941185   0.00189667
41400   0.941178   0.0018921
41500   0.94118   0.00188754
41600   0.941179   0.001883
41700   0.94132   0.00188377
41800   0.941162   0.00188587
41900   0.941143   0.00188146
42000   0.941178   0.00187731
42100   0.941268   0.001875
42200   0.941188   0.00187228
42300   0.941214   0.00186803
42400   0.941269   0.00186445
42500   0.941203   0.00186125
42600   0.941216   0.00185693
42700   0.941259   0.00185309
42800   0.94144   0.00185754
42900   0.941461   0.00185334
43000   0.941285   0.00185734
43100   0.941261   0.00185319
43200   0.94121   0.0018496
43300   0.941388   0.00185382
43400   0.941561   0.00185761
43500   0.941344   0.00186589
43600   0.941322   0.00186175
43700   0.9413   0.00185762
43800   0.941217   0.00185523
43900   0.941257   0.00185144
44000   0.941324   0.00184843
44100   0.941292   0.00184453
44200   0.941389   0.00184292
44300   0.941334   0.00183957
44400   0.941216   0.00183923
44500   0.941318   0.0018379
44600   0.94143   0.00183719
44700   0.941425   0.00183308
44800   0.941355   0.00183035
44900   0.941237   0.00183006
45000   0.941323   0.00182799
45100   0.941331   0.00182396
45200   0.941248   0.00182183
45300   0.941347   0.00182051
45400   0.941484   0.00182166
45500   0.941318   0.00182522
45600   0.941254   0.00182235
45700   0.941244   0.00181839
45800   0.94142   0.00182288
45900   0.941264   0.00182554
46000   0.941369   0.00182457
46100   0.94136   0.00182063
46200   0.941133   0.00183078
46300   0.941197   0.00182793
46400   0.941322   0.00182826
46500   0.941276   0.00182489
46600   0.941165   0.00182438
46700   0.941256   0.00182274
46800   0.941451   0.00182928
46900   0.941394   0.00182626
47000   0.941228   0.00182998
47100   0.94098   0.00184275
47200   0.941152   0.00184682
47300   0.941258   0.00184599
47400   0.941288   0.00184233
47500   0.941295   0.00183846
47600   0.94118   0.00183822
47700   0.941275   0.00183681
47800   0.941129   0.00183875
47900   0.941154   0.00183509
48000   0.941249   0.00183368
48100   0.94125   0.00182987
48200   0.941189   0.00182711
48300   0.941279   0.00182557
48400   0.94131   0.00182206
48500   0.941306   0.00181831
48600   0.941362   0.00181542
48700   0.941189   0.00181985
48800   0.941282   0.00181848
48900   0.941298   0.00181483
49000   0.941352   0.00181196
49100   0.941222   0.00181295
49200   0.94131   0.00181139
49300   0.941211   0.00181041
49400   0.941144   0.00180799
49500   0.941204   0.00180533
49600   0.941319   0.00180532
49700   0.941306   0.00180174
49800   0.941273   0.00179841
49900   0.941233   0.00179525
50000   0.941199   0.00179198
