100   -5.94785   0
200   -5.94796   7.93454e-05
300   -5.94926   0.00106182
400   -5.94972   0.000890967
500   -5.9503   0.000883543
600   -5.9502   0.000741748
700   -5.95043   0.000669499
800   -5.95069   0.000634159
900   -5.95079   0.000571471
1000   -5.95095   0.000534755
1100   -5.95076   0.00051816
1200   -5.95116   0.000609968
1300   -5.95118   0.000563362
1400   -5.95115   0.00052362
1500   -5.95132   0.00051352
1600   -5.95159   0.000548846
1700   -5.95153   0.000519886
1800   -5.95161   0.000496807
1900   -5.95172   0.000484227
2000   -5.95168   0.000461575
2100   -5.9518   0.000453546
2200   -5.95173   0.000437881
2300   -5.95178   0.000421259
2400   -5.95167   0.000417855
2500   -5.95159   0.00040834
2600   -5.95152   0.00039793
2700   -5.9514   0.000401036
2800   -5.95133   0.000393193
2900   -5.95133   0.000379638
3000   -5.95123   0.000381234
3100   -5.95121   0.000369533
3200   -5.95122   0.000358384
3300   -5.95122   0.000347525
3400   -5.95126   0.000338867
3500   -5.95125   0.000329193
3600   -5.95123   0.000320907
3700   -5.95118   0.000315731
3800   -5.95116   0.000307954
3900   -5.95113   0.000301613
4000   -5.95108   0.000298423
4100   -5.95104   0.000294166
4200   -5.95109   0.000291194
4300   -5.95105   0.000286401
4400   -5.95108   0.000280708
4500   -5.95109   0.000274761
4600   -5.95108   0.000269019
4700   -5.95108   0.000263297
4800   -5.9511   0.00025901
4900   -5.95106   0.000256853
5000   -5.95106   0.000251757
5100   -5.95098   0.000258655
5200   -5.951   0.000254465
5300   -5.95102   0.000250209
5400   -5.95104   0.00024645
5500   -5.951   0.000244144
5600   -5.95096   0.000243657
5700   -5.95098   0.000240083
5800   -5.951   0.00023672
5900   -5.95106   0.000239817
6000   -5.95104   0.000236371
6100   -5.95102   0.000233198
6200   -5.95097   0.000236169
6300   -5.95098   0.000232917
6400   -5.95106   0.000241332
6500   -5.95113   0.000247474
6600   -5.95115   0.000245063
6700   -5.95113   0.000242763
6800   -5.95109   0.000241652
6900   -5.95113   0.000240652
7000   -5.9512   0.000249182
7100   -5.95125   0.000250181
7200   -5.95127   0.000247186
7300   -5.9513   0.000245849
7400   -5.95132   0.000243565
7500   -5.95133   0.000240647
7600   -5.95134   0.000237546
7700   -5.95137   0.000237136
7800   -5.9514   0.000235446
7900   -5.95139   0.00023274
8000   -5.95139   0.000229866
8100   -5.9514   0.000227153
8200   -5.95144   0.000227984
8300   -5.95149   0.000231065
8400   -5.95151   0.000228829
8500   -5.95147   0.000229286
8600   -5.95145   0.000227334
8700   -5.95143   0.00022572
8800   -5.95142   0.000223262
8900   -5.95144   0.000221296
9000   -5.95145   0.000218992
9100   -5.95142   0.000218764
9200   -5.95142   0.000216417
9300   -5.95145   0.000216744
9400   -5.95145   0.000214485
9500   -5.95145   0.00021224
9600   -5.95142   0.000211968
9700   -5.95142   0.000209792
9800   -5.9514   0.000208666
9900   -5.95137   0.000208236
10000   -5.95142   0.000210464
10100   -5.95144   0.00021005
10200   -5.95142   0.000209339
10300   -5.95147   0.000213658
10400   -5.95149   0.000212178
10500   -5.95149   0.000210181
10600   -5.95147   0.000208907
10700   -5.95149   0.000207756
10800   -5.95148   0.000206183
10900   -5.9515   0.000205141
11000   -5.9515   0.000203313
11100   -5.9515   0.000201484
11200   -5.95151   0.000199941
11300   -5.95151   0.000198179
11400   -5.95153   0.000197256
11500   -5.95154   0.000195655
11600   -5.95155   0.000194634
11700   -5.95155   0.000192978
11800   -5.95158   0.00019329
11900   -5.95157   0.000191767
12000   -5.95156   0.000190887
12100   -5.95158   0.000190479
12200   -5.95159   0.000189442
12300   -5.95158   0.000187996
12400   -5.9516   0.000187349
12500   -5.95161   0.000185866
12600   -5.95162   0.000185402
12700   -5.95162   0.000183981
12800   -5.95165   0.000184571
12900   -5.95165   0.000183154
13000   -5.95169   0.000185911
13100   -5.9517   0.000184849
13200   -5.9517   0.000183578
13300   -5.95173   0.000183583
13400   -5.95172   0.000182419
13500   -5.9517   0.000181634
13600   -5.95168   0.000181259
13700   -5.9517   0.000180594
13800   -5.95173   0.000181466
13900   -5.95173   0.000180161
14000   -5.95172   0.000179121
14100   -5.95171   0.00017818
14200   -5.95171   0.000177041
14300   -5.95173   0.000176524
14400   -5.95173   0.000175348
14500   -5.95173   0.000174141
14600   -5.95175   0.000173304
14700   -5.95175   0.00017214
14800   -5.95176   0.000171458
14900   -5.95174   0.000171223
15000   -5.95174   0.000170204
15100   -5.95173   0.000169141
15200   -5.95171   0.000169465
15300   -5.95167   0.000173701
15400   -5.95166   0.00017263
15500   -5.95166   0.000171571
15600   -5.95166   0.000170479
15700   -5.95169   0.000171916
15800   -5.95168   0.000170997
15900   -5.95168   0.000169921
16000   -5.95169   0.000169135
16100   -5.95169   0.000168089
16200   -5.95168   0.000167684
16300   -5.95171   0.000170395
16400   -5.95174   0.000171675
16500   -5.95175   0.00017091
16600   -5.95175   0.000169931
16700   -5.95175   0.00016904
16800   -5.95174   0.000168153
16900   -5.95173   0.000167259
17000   -5.95174   0.000166282
17100   -5.95173   0.000165505
17200   -5.95175   0.000165787
17300   -5.95176   0.000165078
17400   -5.95177   0.00016505
17500   -5.95178   0.000164273
17600   -5.95179   0.000163401
17700   -5.95181   0.000163929
17800   -5.95182   0.000163393
17900   -5.95183   0.000162947
18000   -5.95183   0.000162117
18100   -5.95185   0.00016228
18200   -5.95184   0.000161442
18300   -5.95185   0.000160836
18400   -5.95187   0.000160664
18500   -5.95186   0.000159875
18600   -5.95186   0.000159029
18700   -5.95187   0.000158809
18800   -5.95185   0.00015955
18900   -5.95182   0.000161795
19000   -5.95181   0.000161017
19100   -5.95182   0.000160256
19200   -5.95182   0.000159426
19300   -5.95183   0.000159198
19400   -5.95182   0.000159012
19500   -5.95182   0.000158334
19600   -5.95182   0.00015753
19700   -5.95182   0.000156731
19800   -5.95182   0.000155959
19900   -5.95183   0.000155175
20000   -5.95183   0.000154426
20100   -5.95183   0.000153659
20200   -5.95184   0.00015345
20300   -5.95184   0.000152845
20400   -5.95183   0.000152141
20500   -5.95184   0.000151458
20600   -5.95185   0.000151636
20700   -5.95187   0.000151816
20800   -5.95187   0.000151134
20900   -5.95186   0.000150623
21000   -5.95186   0.000149907
21100   -5.95187   0.000149308
21200   -5.95187   0.00014861
21300   -5.95188   0.000148162
21400   -5.95189   0.000147976
21500   -5.95189   0.00014732
21600   -5.95188   0.00014701
21700   -5.95188   0.000146347
21800   -5.9519   0.000146782
21900   -5.95191   0.000146154
22000   -5.95188   0.000147213
22100   -5.95189   0.00014685
22200   -5.9519   0.000146554
22300   -5.95189   0.000146199
22400   -5.95188   0.000146178
22500   -5.95188   0.000145529
22600   -5.95188   0.000144886
22700   -5.95191   0.000146665
22800   -5.9519   0.000146064
22900   -5.95191   0.000145693
23000   -5.95191   0.000145061
23100   -5.95192   0.000144704
23200   -5.9519   0.000145175
23300   -5.9519   0.000144708
23400   -5.95188   0.000144463
23500   -5.95188   0.000144096
23600   -5.95187   0.000143579
23700   -5.95186   0.000143341
23800   -5.95186   0.000142779
23900   -5.95186   0.000142187
24000   -5.95187   0.00014193
24100   -5.95187   0.000141463
24200   -5.95187   0.000140884
24300   -5.95189   0.000141178
24400   -5.95189   0.000140609
24500   -5.95189   0.00014015
24600   -5.9519   0.000139642
24700   -5.9519   0.000139167
24800   -5.9519   0.000138606
24900   -5.9519   0.000138064
25000   -5.95192   0.000138048
25100   -5.95191   0.000137534
25200   -5.95192   0.000137212
25300   -5.95192   0.000136685
25400   -5.95192   0.000136161
25500   -5.95193   0.000135632
25600   -5.95193   0.000135106
25700   -5.95194   0.000134999
25800   -5.95195   0.000135015
25900   -5.95196   0.000134879
26000   -5.95196   0.000134421
26100   -5.95196   0.000133906
26200   -5.95195   0.000133425
26300   -5.95197   0.000133556
26400   -5.95196   0.000133192
26500   -5.95195   0.000132862
26600   -5.95195   0.000132503
26700   -5.95194   0.000132027
26800   -5.95195   0.000131582
26900   -5.95195   0.000131124
27000   -5.95194   0.000130925
27100   -5.95195   0.000130602
27200   -5.95195   0.000130174
27300   -5.95194   0.000130539
27400   -5.95193   0.00013047
27500   -5.95192   0.000130112
27600   -5.95193   0.000129763
27700   -5.95192   0.000129707
27800   -5.95191   0.000129568
27900   -5.9519   0.000129213
28000   -5.9519   0.000128767
28100   -5.95187   0.000132073
28200   -5.95186   0.00013257
28300   -5.95185   0.000132434
28400   -5.95184   0.000132054
28500   -5.95183   0.000132558
28600   -5.95183   0.000132095
28700   -5.95183   0.000131635
28800   -5.95183   0.000131194
28900   -5.95183   0.000130755
29000   -5.95182   0.000130605
29100   -5.95182   0.000130206
29200   -5.95182   0.000129903
29300   -5.95181   0.000129519
29400   -5.95181   0.000129191
29500   -5.95181   0.000128754
29600   -5.95179   0.000129895
29700   -5.95178   0.00012994
29800   -5.95177   0.000129883
29900   -5.95175   0.000130469
30000   -5.95174   0.000130291
30100   -5.95173   0.000130254
30200   -5.95173   0.000129823
30300   -5.95173   0.000129411
30400   -5.95173   0.000129052
30500   -5.95172   0.000128959
30600   -5.95172   0.00012855
30700   -5.95172   0.000128223
30800   -5.95171   0.000127879
30900   -5.95171   0.000127466
31000   -5.95172   0.0001272
31100   -5.95172   0.000126874
31200   -5.95171   0.000126533
31300   -5.95171   0.000126128
31400   -5.95172   0.000126183
31500   -5.95173   0.000125987
31600   -5.95174   0.000125734
31700   -5.95173   0.000125347
31800   -5.95174   0.000124968
31900   -5.95173   0.000124686
32000   -5.95172   0.000125112
32100   -5.95172   0.000124735
32200   -5.95171   0.00012458
32300   -5.95171   0.0001242
32400   -5.95171   0.000123817
32500   -5.95171   0.00012344
32600   -5.95171   0.000123136
32700   -5.95171   0.00012276
32800   -5.9517   0.000122669
32900   -5.95171   0.000122479
33000   -5.95171   0.000122115
33100   -5.95172   0.000122187
33200   -5.95173   0.00012225
33300   -5.95173   0.000121996
33400   -5.95172   0.00012171
33500   -5.95172   0.000121357
33600   -5.95173   0.000121335
33700   -5.95173   0.00012098
33800   -5.95174   0.000120813
33900   -5.95174   0.000120559
34000   -5.95174   0.000120217
34100   -5.95174   0.000119874
34200   -5.95174   0.000119539
34300   -5.95174   0.000119207
34400   -5.95173   0.00011947
34500   -5.95173   0.000119187
34600   -5.95173   0.000118869
34700   -5.95173   0.000118538
34800   -5.95171   0.000118835
34900   -5.95172   0.000118587
35000   -5.95171   0.000118634
35100   -5.95171   0.000118336
35200   -5.95172   0.000118121
35300   -5.95172   0.000117799
35400   -5.95172   0.000117493
35500   -5.95172   0.000117209
35600   -5.95172   0.000116929
35700   -5.95172   0.000116622
35800   -5.95171   0.000116522
35900   -5.95172   0.000116347
36000   -5.9517   0.000116914
36100   -5.9517   0.000116594
36200   -5.95171   0.000116706
36300   -5.95172   0.000116468
36400   -5.95172   0.000116174
36500   -5.95171   0.000115859
36600   -5.95172   0.000115618
36700   -5.95172   0.000115349
36800   -5.95172   0.000115092
36900   -5.95172   0.000114781
37000   -5.95172   0.000114478
37100   -5.95172   0.000114194
37200   -5.95171   0.000114043
37300   -5.95171   0.000113739
37400   -5.95172   0.000113501
37500   -5.95172   0.000113328
37600   -5.95173   0.000113185
37700   -5.95173   0.000112894
37800   -5.95172   0.000112771
37900   -5.95172   0.000112534
38000   -5.95172   0.00011224
38100   -5.95172   0.000112022
38200   -5.95172   0.000111776
38300   -5.95172   0.000111505
38400   -5.95173   0.000111363
38500   -5.95173   0.000111114
38600   -5.95174   0.000111324
38700   -5.95174   0.000111077
38800   -5.95173   0.000111214
38900   -5.95174   0.000110968
39000   -5.95174   0.000110688
39100   -5.95173   0.000110515
39200   -5.95173   0.000110237
39300   -5.95173   0.000109969
39400   -5.95173   0.000109904
39500   -5.95172   0.000109752
39600   -5.95173   0.000109618
39700   -5.95173   0.000109505
39800   -5.95173   0.00010923
39900   -5.95174   0.000109015
40000   -5.95174   0.000108752
40100   -5.95174   0.000108654
40200   -5.95174   0.00010849
40300   -5.95173   0.000108263
40400   -5.95173   0.000108021
40500   -5.95174   0.000108126
40600   -5.95174   0.000107917
40700   -5.95173   0.000107712
40800   -5.95173   0.00010746
40900   -5.95173   0.000107219
41000   -5.95174   0.000107095
41100   -5.95175   0.000107227
41200   -5.95175   0.000106991
41300   -5.95175   0.000106749
41400   -5.95175   0.000106497
41500   -5.95174   0.00010634
41600   -5.95175   0.000106129
41700   -5.95175   0.000105933
41800   -5.95174   0.000105878
41900   -5.95175   0.000105834
42000   -5.95175   0.000105654
42100   -5.95174   0.000105423
42200   -5.95175   0.000105185
42300   -5.95175   0.000105003
42400   -5.95175   0.0001048
42500   -5.95176   0.000104675
42600   -5.95176   0.000104486
42700   -5.95175   0.000104628
42800   -5.95175   0.000104389
42900   -5.95175   0.000104146
43000   -5.95176   0.000104095
43100   -5.95176   0.000103923
43200   -5.95177   0.000103723
43300   -5.95176   0.000103564
43400   -5.95176   0.000103517
43500   -5.95176   0.000103279
43600   -5.95176   0.000103269
43700   -5.95176   0.000103033
43800   -5.95176   0.00010283
43900   -5.95176   0.000102699
44000   -5.95176   0.00010249
44100   -5.95177   0.000102407
44200   -5.95177   0.000102257
44300   -5.95178   0.000102525
44400   -5.95178   0.000102299
44500   -5.95178   0.000102179
44600   -5.95178   0.000102005
44700   -5.95178   0.000101777
44800   -5.95177   0.000101811
44900   -5.95177   0.000101602
45000   -5.95177   0.000101415
45100   -5.95178   0.000101244
45200   -5.95177   0.000101214
45300   -5.95178   0.00010158
45400   -5.95179   0.00010151
45500   -5.95178   0.000101333
45600   -5.95178   0.000101111
45700   -5.95179   0.000100916
45800   -5.95179   0.000100723
45900   -5.95178   0.000100598
46000   -5.95178   0.000100432
46100   -5.95178   0.000100339
46200   -5.95177   0.000100145
46300   -5.95178   0.000100241
46400   -5.95178   0.000100027
46500   -5.95178   9.99746e-05
46600   -5.95177   9.98358e-05
46700   -5.95177   9.96296e-05
46800   -5.95177   9.95196e-05
46900   -5.95177   9.93393e-05
47000   -5.95177   9.9135e-05
47100   -5.95177   9.89258e-05
47200   -5.95177   9.87173e-05
47300   -5.95176   9.86649e-05
47400   -5.95176   9.84791e-05
47500   -5.95176   9.82977e-05
47600   -5.95177   9.82409e-05
47700   -5.95177   9.80377e-05
47800   -5.95177   9.78361e-05
47900   -5.95177   9.76319e-05
48000   -5.95177   9.76962e-05
48100   -5.95178   9.75217e-05
48200   -5.95177   9.73389e-05
48300   -5.95177   9.71402e-05
48400   -5.95177   9.69402e-05
48500   -5.95177   9.68892e-05
48600   -5.95177   9.68003e-05
48700   -5.95178   9.66804e-05
48800   -5.95178   9.64877e-05
48900   -5.95177   9.65241e-05
49000   -5.95177   9.63331e-05
49100   -5.95176   9.64549e-05
49200   -5.95175   9.69064e-05
49300   -5.95175   9.67499e-05
49400   -5.95174   9.67413e-05
49500   -5.95173   9.67797e-05
49600   -5.95173   9.65997e-05
49700   -5.95173   9.64135e-05
49800   -5.95173   9.622e-05
49900   -5.95173   9.61997e-05
50000   -5.95172   9.63057e-05
