0.0115332 0 0
0.0345996 0 0
0.0576661 0 0
0.0807325 0 0
0.103799 0 0
0.126865 0 0
0.149932 0 0
0.172998 0 0
0.196065 0 0
0.219131 0 0
0.242198 0 0
0.265264 0 0
0.28833 0 0
0.311397 0 0
0.334463 0 0
0.35753 0 0
0.380596 0 0
0.403663 0 0
0.426729 0 0
0.449795 0 0
0.472862 0 0
0.495928 0 0
0.518995 0 0
0.542061 0 0
0.565128 0 0
0.588194 0 0
0.61126 0 0
0.634327 0 0
0.657393 0 0
0.68046 0 0
0.703526 0 0
0.726593 0 0
0.749659 0 0
0.772725 0 0
0.795792 0 0
0.818858 0 0
0.841925 0 0
0.864991 0 0
0.888058 0 0
0.911124 0.000265845 6.9648e-05
0.93419 0.00718045 0.000385775
0.957257 0.0683923 0.00120726
0.980323 0.341403 0.00258784
1.00339 0.941776 0.0044466
1.02646 1.76465 0.0055075
1.04952 2.46123 0.0061846
1.07259 2.6938 0.00675698
1.09566 2.47307 0.00691801
1.11872 1.96921 0.00592746
1.14179 1.37922 0.0048435
1.16485 0.871127 0.00358732
1.18792 0.493812 0.00292511
1.21099 0.254304 0.00219781
1.23405 0.122114 0.0015412
1.25712 0.052762 0.000974521
1.28019 0.0212768 0.000625452
1.30325 0.00901021 0.000403095
1.32632 0.00754401 0.000355932
1.34939 0.0152305 0.000508801
1.37245 0.0330008 0.000712471
1.39552 0.0677117 0.00106334
1.41859 0.124273 0.00140165
1.44165 0.212578 0.00157405
1.46472 0.314244 0.00176902
1.48778 0.420698 0.00210446
1.51085 0.50505 0.00229096
1.53392 0.54285 0.00251615
1.55698 0.513991 0.00226351
1.58005 0.432214 0.00187452
1.60312 0.322842 0.00165859
1.62618 0.219961 0.00138104
1.64925 0.133287 0.00114056
1.67232 0.0748494 0.00092858
1.69538 0.0553787 0.000886029
1.71845 0.0739331 0.000971648
1.74152 0.148054 0.00133782
1.76458 0.298893 0.00180862
1.78765 0.537681 0.0021295
1.81071 0.846378 0.00233587
1.83378 1.17144 0.00273866
1.85685 1.41999 0.00338256
1.87991 1.50854 0.00372639
1.90298 1.41056 0.00349924
1.92605 1.16777 0.00280847
1.94911 0.853912 0.00226472
1.97218 0.55829 0.00187878
1.99525 0.329936 0.00162741
2.01831 0.195435 0.00139085
2.04138 0.147375 0.00130808
2.06445 0.175559 0.00125846
2.08751 0.259095 0.00125986
2.11058 0.375256 0.00133307
2.13364 0.48615 0.00148648
2.15671 0.555047 0.00171503
2.17978 0.555452 0.0017691
2.20284 0.495919 0.0016267
2.22591 0.399819 0.00133304
2.24898 0.305207 0.00124107
2.27204 0.237332 0.00139213
2.29511 0.222286 0.00147757
