100   -6.88268   0
200   -6.88911   0.00454684
300   -6.89619   0.00652173
400   -6.90021   0.00600771
500   -6.8951   0.00663476
600   -6.90446   0.0101806
700   -6.90035   0.00952266
800   -6.89109   0.0120146
900   -6.89183   0.010702
1000   -6.89119   0.00965098
1100   -6.89158   0.00878157
1200   -6.89129   0.00805437
1300   -6.8959   0.00865423
1400   -6.89525   0.00806054
1500   -6.89408   0.00760818
1600   -6.89029   0.00802159
1700   -6.88943   0.00759558
1800   -6.89187   0.00755595
1900   -6.89516   0.0078423
2000   -6.89269   0.00782866
2100   -6.89148   0.00754922
2200   -6.89037   0.00728718
2300   -6.89064   0.00697511
2400   -6.89103   0.00669543
2500   -6.8923   0.00654769
2600   -6.89051   0.00653627
2700   -6.89035   0.00629623
2800   -6.89128   0.00614052
2900   -6.89258   0.00606533
3000   -6.89241   0.00586567
3100   -6.89307   0.00571334
3200   -6.89119   0.0058367
3300   -6.89108   0.00566086
3400   -6.89225   0.00561408
3500   -6.8929   0.00549153
3600   -6.89362   0.0053858
3700   -6.89273   0.00531328
3800   -6.89091   0.00547628
3900   -6.89057   0.0053465
4000   -6.89269   0.00561977
4100   -6.89242   0.00548909
4200   -6.89303   0.00539182
4300   -6.8937   0.0053075
4400   -6.89132   0.00569548
4500   -6.89139   0.00556932
4600   -6.89282   0.00562909
4700   -6.89244   0.00552215
4800   -6.89347   0.00550224
4900   -6.89327   0.00539333
5000   -6.892   0.00543303
5100   -6.89184   0.00532904
5200   -6.89345   0.0054641
5300   -6.89325   0.00536451
5400   -6.89357   0.00527446
5500   -6.89327   0.00518714
5600   -6.89314   0.00509594
5700   -6.89305   0.0050075
5800   -6.89263   0.00493798
5900   -6.89322   0.00488896
6000   -6.89264   0.00484174
6100   -6.89261   0.00476244
6200   -6.89207   0.0047161
6300   -6.89346   0.00484073
6400   -6.8935   0.00476525
6500   -6.89312   0.00470718
6600   -6.89323   0.00463721
6700   -6.89382   0.00460541
6800   -6.89343   0.00455376
6900   -6.89295   0.0045135
7000   -6.89333   0.00446489
7100   -6.89386   0.00443408
7200   -6.89278   0.00450214
7300   -6.89283   0.00444067
7400   -6.89394   0.00451814
7500   -6.89378   0.00446089
7600   -6.89291   0.00448631
7700   -6.8932   0.0044378
7800   -6.8935   0.00439098
7900   -6.89348   0.00433547
8000   -6.89264   0.00436133
8100   -6.89278   0.00430988
8200   -6.893   0.00426276
8300   -6.8924   0.00425293
8400   -6.89246   0.00420268
8500   -6.89281   0.00416738
8600   -6.892   0.00419598
8700   -6.89227   0.00415612
8800   -6.89254   0.00411811
8900   -6.89217   0.00408832
9000   -6.89224   0.00404348
9100   -6.89212   0.00400098
9200   -6.89275   0.00400723
9300   -6.89196   0.00404222
9400   -6.89218   0.00400527
9500   -6.89255   0.00398039
9600   -6.89224   0.00395085
9700   -6.89195   0.00392056
9800   -6.89276   0.0039625
9900   -6.89242   0.00393731
10000   -6.89198   0.00392247
10100   -6.8925   0.00391856
10200   -6.89244   0.00388056
10300   -6.89231   0.00384516
10400   -6.89256   0.00381643
10500   -6.89235   0.00378597
10600   -6.89207   0.00376045
10700   -6.89197   0.00372673
10800   -6.8922   0.00369945
10900   -6.89256   0.00368249
11000   -6.89238   0.00365319
11100   -6.89264   0.00362941
11200   -6.89242   0.00360366
11300   -6.89214   0.00358274
11400   -6.8922   0.0035519
11500   -6.89224   0.00352126
11600   -6.8924   0.00349426
11700   -6.89272   0.00347895
11800   -6.89262   0.00345071
11900   -6.89213   0.00345721
12000   -6.89175   0.00344934
12100   -6.89223   0.00345411
12200   -6.89259   0.00344441
12300   -6.89195   0.0034738
12400   -6.89198   0.00344588
12500   -6.89205   0.00341893
12600   -6.89175   0.00340485
12700   -6.89226   0.00341661
12800   -6.89237   0.00339173
12900   -6.89212   0.0033747
13000   -6.89209   0.00334888
13100   -6.89242   0.00333974
13200   -6.89185   0.00336374
13300   -6.89182   0.00333854
13400   -6.89236   0.00335734
13500   -6.89284   0.00336657
13600   -6.89234   0.00337865
13700   -6.89254   0.00335959
13800   -6.89254   0.00333524
13900   -6.89239   0.00331474
14000   -6.89256   0.0032957
14100   -6.89244   0.00327452
14200   -6.89233   0.0032533
14300   -6.89251   0.00323547
14400   -6.89251   0.003213
14500   -6.89249   0.00319089
14600   -6.89219   0.00318379
14700   -6.89249   0.00317701
14800   -6.89267   0.00316035
14900   -6.89275   0.00314009
15000   -6.89243   0.00313465
15100   -6.89259   0.00311764
15200   -6.89274   0.00310074
15300   -6.89246   0.00309275
15400   -6.89256   0.00307435
15500   -6.89288   0.00307073
15600   -6.89296   0.00305215
15700   -6.89291   0.00303316
15800   -6.8931   0.00302005
15900   -6.89283   0.00301297
16000   -6.89265   0.00299983
16100   -6.8928   0.00298503
16200   -6.89292   0.00296897
16300   -6.89299   0.00295155
16400   -6.89326   0.00294645
16500   -6.89314   0.00293102
16600   -6.89296   0.00291944
16700   -6.89276   0.00290856
16800   -6.89302   0.00290333
16900   -6.89308   0.00288665
17000   -6.89309   0.00286968
17100   -6.89299   0.00285455
17200   -6.89323   0.00284781
17300   -6.89335   0.00283417
17400   -6.8931   0.00282956
17500   -6.89286   0.00282345
17600   -6.89322   0.00283049
17700   -6.89345   0.00282407
17800   -6.89376   0.00282542
17900   -6.89333   0.00284246
18000   -6.89303   0.00284291
18100   -6.89305   0.0028273
18200   -6.89322   0.00281691
18300   -6.89321   0.00280154
18400   -6.89359   0.00281121
18500   -6.89375   0.00280052
18600   -6.89334   0.00281468
18700   -6.89313   0.00280724
18800   -6.89348   0.00281361
18900   -6.89388   0.00282747
19000   -6.89337   0.00285901
19100   -6.89325   0.00284633
19200   -6.89362   0.0028549
19300   -6.89378   0.00284444
19400   -6.89355   0.0028386
19500   -6.89328   0.00283758
19600   -6.89307   0.00283053
19700   -6.89327   0.00282288
19800   -6.89348   0.0028168
19900   -6.89355   0.0028034
20000   -6.89349   0.00279
20100   -6.89345   0.00277639
20200   -6.89354   0.00276406
20300   -6.89333   0.00275806
20400   -6.89321   0.00274742
20500   -6.89343   0.00274286
20600   -6.89361   0.00273553
20700   -6.89338   0.00273199
20800   -6.8932   0.00272463
20900   -6.89315   0.00271213
21000   -6.8933   0.00270364
21100   -6.89351   0.00269902
21200   -6.89316   0.00270929
21300   -6.89352   0.00272078
21400   -6.89341   0.00271022
21500   -6.89356   0.00270159
21600   -6.8934   0.00269407
21700   -6.89373   0.00270229
21800   -6.89357   0.00269454
21900   -6.89354   0.00268244
22000   -6.89363   0.0026719
22100   -6.8936   0.00266004
22200   -6.8938   0.0026561
22300   -6.89368   0.00264714
22400   -6.89359   0.00263667
22500   -6.8935   0.00262676
22600   -6.89345   0.0026155
22700   -6.89345   0.00260398
22800   -6.89358   0.00259543
22900   -6.89379   0.00259249
23000   -6.89381   0.00258131
23100   -6.8937   0.00257221
23200   -6.89362   0.00256257
23300   -6.89365   0.0025518
23400   -6.89368   0.0025411
23500   -6.89369   0.00253029
23600   -6.89368   0.00251961
23700   -6.8935   0.00251492
23800   -6.8934   0.00250642
23900   -6.89366   0.0025098
24000   -6.89349   0.00250537
24100   -6.89351   0.00249509
24200   -6.89381   0.00250277
24300   -6.89364   0.00249858
24400   -6.89367   0.00248858
24500   -6.89349   0.00248556
24600   -6.89372   0.0024865
24700   -6.8936   0.0024795
24800   -6.89336   0.00248096
24900   -6.89352   0.0024766
25000   -6.89379   0.00248078
25100   -6.89372   0.00247178
25200   -6.89326   0.00250421
25300   -6.89355   0.00251104
25400   -6.89371   0.0025058
25500   -6.89343   0.00251138
25600   -6.89339   0.00250187
25700   -6.8935   0.00249463
25800   -6.89359   0.00248658
25900   -6.89357   0.00247704
26000   -6.89336   0.00247658
26100   -6.89356   0.00247493
26200   -6.89347   0.00246709
26300   -6.8934   0.00245871
26400   -6.89341   0.00244944
26500   -6.89356   0.00244475
26600   -6.89346   0.00243775
26700   -6.89329   0.00243428
26800   -6.89353   0.00243701
26900   -6.89357   0.00242825
27000   -6.89343   0.00242327
27100   -6.89344   0.00241434
27200   -6.89335   0.00240711
27300   -6.89338   0.00239857
27400   -6.89337   0.00238984
27500   -6.89328   0.00238296
27600   -6.89315   0.00237788
27700   -6.89336   0.00237893
27800   -6.89328   0.00237166
27900   -6.89314   0.00236781
28000   -6.89335   0.00236891
28100   -6.89341   0.00236126
28200   -6.89328   0.00235667
28300   -6.89336   0.00234985
28400   -6.89318   0.00234878
28500   -6.89324   0.00234147
28600   -6.89326   0.00233333
28700   -6.89348   0.00233633
28800   -6.89351   0.0023284
28900   -6.89345   0.00232113
29000   -6.8932   0.00232644
29100   -6.89314   0.00231924
29200   -6.89332   0.00231832
29300   -6.89341   0.00231207
29400   -6.89354   0.00230779
29500   -6.89337   0.00230639
29600   -6.89332   0.0022992
29700   -6.89334   0.00229157
29800   -6.89307   0.00229943
29900   -6.89307   0.00229175
30000   -6.89315   0.00228524
30100   -6.89311   0.00227789
30200   -6.89331   0.00227853
30300   -6.89328   0.00227115
30400   -6.89329   0.0022637
30500   -6.89321   0.00225784
30600   -6.89322   0.00225051
30700   -6.89324   0.00224324
30800   -6.89321   0.00223607
30900   -6.89344   0.00223983
31000   -6.89338   0.00223342
31100   -6.89328   0.00222849
31200   -6.89324   0.00222161
31300   -6.8934   0.00222013
31400   -6.89318   0.00222436
31500   -6.89314   0.00221768
31600   -6.89338   0.00222467
31700   -6.89335   0.00221788
31800   -6.89318   0.00221758
31900   -6.89325   0.00221189
32000   -6.8934   0.00220993
32100   -6.89317   0.00221575
32200   -6.8931   0.00220991
32300   -6.89318   0.00220463
32400   -6.89331   0.00220184
32500   -6.89325   0.00219614
32600   -6.89321   0.00218968
32700   -6.89321   0.00218298
32800   -6.89318   0.00217657
32900   -6.89314   0.00217035
33000   -6.89315   0.00216386
33100   -6.89307   0.00215903
33200   -6.89318   0.00215541
33300   -6.89312   0.00214989
33400   -6.89302   0.00214563
33500   -6.89292   0.00214137
33600   -6.89281   0.00213805
33700   -6.89288   0.00213276
33800   -6.89301   0.00213071
33900   -6.89295   0.00212522
34000   -6.89294   0.00211903
34100   -6.89304   0.00211534
34200   -6.8929   0.00211357
34300   -6.89278   0.00211082
34400   -6.89284   0.00210544
34500   -6.89297   0.00210315
34600   -6.8931   0.00210108
34700   -6.89299   0.00209763
34800   -6.89284   0.00209721
34900   -6.89301   0.00209844
35000   -6.89281   0.00210245
35100   -6.89288   0.0020979
35200   -6.89304   0.00209739
35300   -6.89284   0.00210032
35400   -6.89304   0.00210403
35500   -6.89291   0.00210234
35600   -6.89299   0.00209776
35700   -6.89312   0.00209608
35800   -6.89301   0.00209328
35900   -6.89299   0.00208749
36000   -6.89305   0.00208251
36100   -6.89304   0.00207677
36200   -6.89291   0.00207516
36300   -6.89303   0.00207314
36400   -6.89305   0.0020675
36500   -6.89288   0.00206847
36600   -6.89296   0.00206414
36700   -6.893   0.00205897
36800   -6.89296   0.00205383
36900   -6.89299   0.00204855
37000   -6.89294   0.00204365
37100   -6.89293   0.00203815
37200   -6.89304   0.00203523
37300   -6.89304   0.00202977
37400   -6.89286   0.00203226
37500   -6.89283   0.00202701
37600   -6.89297   0.00202658
37700   -6.89293   0.00202172
37800   -6.89295   0.00201646
37900   -6.89282   0.00201486
38000   -6.89287   0.00201011
38100   -6.89287   0.00200483
38200   -6.89292   0.00200024
38300   -6.89288   0.00199542
38400   -6.89289   0.00199022
38500   -6.89285   0.00198538
38600   -6.89275   0.00198279
38700   -6.89285   0.00198008
38800   -6.89302   0.00198196
38900   -6.89295   0.00197802
39000   -6.89296   0.00197302
39100   -6.89273   0.0019814
39200   -6.89288   0.00198149
39300   -6.89288   0.00197645
39400   -6.89287   0.00197144
39500   -6.89281   0.00196736
39600   -6.89309   0.00198159
39700   -6.89296   0.00198046
39800   -6.89285   0.00197885
39900   -6.89278   0.00197495
40000   -6.89287   0.00197194
40100   -6.89288   0.00196703
40200   -6.89294   0.00196314
40300   -6.89294   0.00195827
40400   -6.89304   0.00195602
40500   -6.89297   0.00195239
40600   -6.89283   0.00195284
40700   -6.89296   0.00195248
40800   -6.89295   0.00194774
40900   -6.89298   0.00194321
41000   -6.89302   0.00193907
41100   -6.89296   0.00193547
41200   -6.8929   0.00193169
41300   -6.89301   0.00193011
41400   -6.893   0.00192546
41500   -6.893   0.00192083
41600   -6.893   0.00191621
41700   -6.89314   0.00191681
41800   -6.89297   0.00191939
41900   -6.89295   0.00191492
42000   -6.89299   0.00191074
42100   -6.89308   0.00190848
42200   -6.893   0.00190594
42300   -6.89303   0.0019018
42400   -6.8931   0.00189831
42500   -6.89303   0.00189513
42600   -6.89304   0.00189073
42700   -6.89308   0.00188685
42800   -6.89327   0.0018913
42900   -6.89328   0.00188697
43000   -6.89311   0.00189109
43100   -6.89308   0.00188693
43200   -6.89302   0.00188332
43300   -6.89321   0.00188811
43400   -6.89338   0.00189161
43500   -6.89316   0.0019003
43600   -6.89313   0.00189613
43700   -6.89311   0.00189194
43800   -6.89302   0.00188966
43900   -6.89306   0.00188584
44000   -6.89313   0.00188269
44100   -6.8931   0.00187871
44200   -6.89319   0.00187695
44300   -6.89313   0.00187369
44400   -6.89301   0.00187335
44500   -6.89311   0.00187203
44600   -6.89323   0.00187153
44700   -6.89323   0.00186734
44800   -6.89316   0.00186455
44900   -6.89304   0.00186411
45000   -6.89313   0.00186229
45100   -6.89314   0.0018582
45200   -6.89306   0.00185606
45300   -6.89316   0.00185457
45400   -6.89329   0.00185552
45500   -6.89312   0.00185939
45600   -6.89306   0.00185627
45700   -6.89306   0.00185221
45800   -6.89323   0.00185637
45900   -6.89307   0.00185945
46000   -6.89317   0.00185841
46100   -6.89316   0.00185446
46200   -6.89292   0.00186576
46300   -6.89298   0.00186271
46400   -6.8931   0.00186246
46500   -6.89304   0.00185921
46600   -6.89293   0.00185867
46700   -6.89302   0.00185698
46800   -6.89322   0.00186325
46900   -6.89316   0.00186033
47000   -6.89298   0.00186457
47100   -6.89273   0.00187793
47200   -6.8929   0.00188202
47300   -6.89301   0.0018812
47400   -6.89304   0.00187755
47500   -6.89305   0.00187362
47600   -6.89293   0.00187357
47700   -6.89302   0.00187191
47800   -6.89288   0.00187364
47900   -6.8929   0.00186985
48000   -6.893   0.00186851
48100   -6.893   0.00186462
48200   -6.89294   0.0018618
48300   -6.89303   0.00186059
48400   -6.89306   0.00185695
48500   -6.89306   0.00185313
48600   -6.89311   0.00185016
48700   -6.89294   0.00185447
48800   -6.89303   0.00185299
48900   -6.89305   0.00184927
49000   -6.89311   0.00184653
49100   -6.89298   0.00184706
49200   -6.89307   0.0018453
49300   -6.89297   0.00184438
49400   -6.8929   0.00184197
49500   -6.89296   0.00183939
49600   -6.89308   0.00183938
49700   -6.89306   0.00183578
49800   -6.89303   0.00183231
49900   -6.893   0.00182892
50000   -6.89297   0.00182549
