100   8.1585   0
200   8.13853   0.0141234
300   8.10338   0.0302045
400   8.08284   0.0288026
500   8.11068   0.033927
600   8.06616   0.0495109
700   8.08607   0.0462684
800   8.12971   0.0574945
900   8.1277   0.0511414
1000   8.12937   0.0460545
1100   8.12424   0.0421525
1200   8.12592   0.0386734
1300   8.10134   0.0428019
1400   8.10429   0.0398457
1500   8.11025   0.0376325
1600   8.12913   0.0397359
1700   8.13382   0.0376748
1800   8.12228   0.0373073
1900   8.10682   0.0384163
2000   8.11834   0.0381858
2100   8.12195   0.0365371
2200   8.12701   0.0352258
2300   8.12536   0.0337329
2400   8.12427   0.0323451
2500   8.11758   0.0317354
2600   8.12573   0.0315447
2700   8.12646   0.0303848
2800   8.1216   0.0296864
2900   8.11524   0.0293352
3000   8.11737   0.0284346
3100   8.11455   0.0276574
3200   8.12363   0.0282447
3300   8.12453   0.0274032
3400   8.11927   0.027098
3500   8.11661   0.026454
3600   8.11434   0.0258166
3700   8.11878   0.0254985
3800   8.12738   0.0262379
3900   8.12918   0.0256267
4000   8.11939   0.0267924
4100   8.12131   0.026208
4200   8.11911   0.0256761
4300   8.11597   0.0252706
4400   8.12723   0.0270895
4500   8.127   0.0264886
4600   8.12058   0.0266781
4700   8.12327   0.0262458
4800   8.1187   0.0260953
4900   8.11929   0.0255694
5000   8.12505   0.0257004
5100   8.12608   0.025217
5200   8.11873   0.0257803
5300   8.12033   0.0253436
5400   8.11843   0.0249457
5500   8.11969   0.0245239
5600   8.12024   0.0240921
5700   8.12096   0.0236804
5800   8.1233   0.0233872
5900   8.1208   0.0231244
6000   8.12434   0.0230084
6100   8.12456   0.0226322
6200   8.12739   0.0224438
6300   8.12071   0.0230604
6400   8.12046   0.0227014
6500   8.12223   0.0224214
6600   8.12202   0.0220826
6700   8.11969   0.0218755
6800   8.12161   0.0216379
6900   8.12386   0.0214406
7000   8.12206   0.0212094
7100   8.11973   0.0210388
7200   8.12506   0.0214107
7300   8.12501   0.0211175
7400   8.11981   0.0214621
7500   8.1208   0.0211984
7600   8.12472   0.0212803
7700   8.12366   0.0210305
7800   8.12243   0.0207967
7900   8.12283   0.0205372
8000   8.12686   0.020672
8100   8.12588   0.0204398
8200   8.1254   0.0201962
8300   8.12869   0.0202187
8400   8.12856   0.0199784
8500   8.12721   0.0197893
8600   8.13144   0.0200072
8700   8.13018   0.0198169
8800   8.12905   0.0196236
8900   8.13111   0.0195103
9000   8.13084   0.0192954
9100   8.13161   0.0190986
9200   8.12813   0.0192044
9300   8.13208   0.0193998
9400   8.13103   0.0192222
9500   8.12918   0.0191087
9600   8.1305   0.0189558
9700   8.1317   0.0187981
9800   8.1276   0.0190489
9900   8.12926   0.0189287
10000   8.13136   0.0188555
10100   8.12843   0.0188953
10200   8.12876   0.018713
10300   8.12963   0.0185517
10400   8.12845   0.0184107
10500   8.1294   0.0182599
10600   8.13092   0.0181509
10700   8.13163   0.0179948
10800   8.13061   0.0178567
10900   8.12882   0.0177822
11000   8.12949   0.0176332
11100   8.12822   0.0175205
11200   8.12922   0.0173928
11300   8.13062   0.0172948
11400   8.13034   0.0171453
11500   8.1301   0.0169979
11600   8.12945   0.0168638
11700   8.12779   0.0168011
11800   8.12846   0.0166722
11900   8.13121   0.0167568
12000   8.1331   0.0167229
12100   8.1307   0.0167549
12200   8.12907   0.0166972
12300   8.13212   0.0168384
12400   8.13195   0.0167035
12500   8.13155   0.0165746
12600   8.13312   0.016517
12700   8.13069   0.0165644
12800   8.13026   0.0164407
12900   8.13146   0.0163575
13000   8.13178   0.0162347
13100   8.13021   0.0161865
13200   8.13294   0.0162932
13300   8.13317   0.0161723
13400   8.13068   0.0162416
13500   8.12863   0.0162501
13600   8.13121   0.0163337
13700   8.13031   0.0162394
13800   8.13006   0.0161237
13900   8.13083   0.016026
14000   8.13029   0.0159204
14100   8.13114   0.0158301
14200   8.13195   0.0157395
14300   8.13111   0.0156518
14400   8.13103   0.0155433
14500   8.1312   0.015437
14600   8.13286   0.01542
14700   8.1315   0.015375
14800   8.13081   0.0152862
14900   8.13041   0.0151891
15000   8.13209   0.0151811
15100   8.13162   0.0150879
15200   8.13098   0.0150023
15300   8.13243   0.014974
15400   8.13188   0.0148869
15500   8.13034   0.0148703
15600   8.13009   0.014777
15700   8.1306   0.0146916
15800   8.12965   0.0146287
15900   8.13101   0.0145992
16000   8.13193   0.0145369
16100   8.13115   0.0144673
16200   8.13076   0.0143833
16300   8.13056   0.0142964
16400   8.12902   0.0142918
16500   8.12973   0.0142227
16600   8.13071   0.0141703
16700   8.13164   0.0141161
16800   8.13033   0.0140922
16900   8.13005   0.0140117
17000   8.12994   0.0139297
17100   8.13046   0.013858
17200   8.12924   0.0138317
17300   8.12863   0.013765
17400   8.12986   0.0137402
17500   8.13103   0.0137116
17600   8.12919   0.0137561
17700   8.1282   0.0137144
17800   8.12667   0.0137225
17900   8.12884   0.0138167
18000   8.13038   0.0138256
18100   8.13038   0.0137492
18200   8.1296   0.0136957
18300   8.12959   0.0136209
18400   8.12776   0.0136687
18500   8.12707   0.0136124
18600   8.12912   0.0136936
18700   8.13009   0.0136544
18800   8.12846   0.0136789
18900   8.12662   0.0137297
19000   8.12904   0.0138686
19100   8.12945   0.0138022
19200   8.12773   0.0138369
19300   8.12692   0.013789
19400   8.12804   0.0137633
19500   8.12927   0.0137477
19600   8.13037   0.0137213
19700   8.12953   0.0136775
19800   8.12844   0.0136512
19900   8.1282   0.0135848
20000   8.12842   0.0135187
20100   8.12858   0.0134524
20200   8.12807   0.0133954
20300   8.12885   0.0133521
20400   8.12945   0.0133
20500   8.12847   0.013271
20600   8.12773   0.0132273
20700   8.12886   0.0132114
20800   8.12965   0.0131715
20900   8.13002   0.0131138
21000   8.12937   0.0130674
21100   8.12833   0.0130465
21200   8.13006   0.013099
21300   8.12832   0.0131533
21400   8.12886   0.013103
21500   8.12803   0.0130683
21600   8.12873   0.0130264
21700   8.12708   0.01307
21800   8.12778   0.0130288
21900   8.12777   0.0129693
22000   8.12731   0.0129185
22100   8.1276   0.0128634
22200   8.12653   0.0128503
22300   8.1273   0.0128158
22400   8.12787   0.0127713
22500   8.12831   0.0127224
22600   8.12869   0.0126717
22700   8.12887   0.0126172
22800   8.12833   0.0125737
22900   8.12735   0.0125567
23000   8.12723   0.0125026
23100   8.12765   0.0124557
23200   8.12806   0.0124085
23300   8.12787   0.0123566
23400   8.1277   0.012305
23500   8.12761   0.0122529
23600   8.12767   0.0122012
23700   8.12844   0.0121736
23800   8.12884   0.012129
23900   8.12745   0.0121575
24000   8.12817   0.0121282
24100   8.12806   0.0120783
24200   8.12653   0.0121241
24300   8.12729   0.012098
24400   8.12712   0.0120497
24500   8.12814   0.0120438
24600   8.12709   0.0120407
24700   8.12763   0.0120041
24800   8.12867   0.0120005
24900   8.12784   0.0119809
25000   8.12652   0.0120054
25100   8.1268   0.0119609
25200   8.12888   0.0120923
25300   8.12739   0.0121356
25400   8.12665   0.0121105
25500   8.12789   0.0121263
25600   8.12797   0.0120792
25700   8.12734   0.0120491
25800   8.1268   0.0120142
25900   8.12685   0.0119679
26000   8.12802   0.0119794
26100   8.12714   0.0119658
26200   8.1276   0.011929
26300   8.12789   0.011887
26400   8.12772   0.0118431
26500   8.127   0.0118203
26600   8.12739   0.0117824
26700   8.12821   0.0117667
26800   8.12717   0.0117691
26900   8.12695   0.0117274
27000   8.1276   0.0117017
27100   8.12758   0.0116586
27200   8.1281   0.0116274
27300   8.12806   0.0115849
27400   8.12823   0.011544
27500   8.1287   0.0115112
27600   8.12922   0.0114814
27700   8.12809   0.0114952
27800   8.12834   0.0114566
27900   8.12909   0.0114402
28000   8.12818   0.0114361
28100   8.12808   0.0113959
28200   8.1288   0.0113787
28300   8.12838   0.0113466
28400   8.12935   0.0113487
28500   8.12909   0.0113119
28600   8.12912   0.0112724
28700   8.128   0.0112883
28800   8.12797   0.0112492
28900   8.12827   0.0112143
29000   8.12942   0.0112345
29100   8.12974   0.0112004
29200   8.12882   0.0112001
29300   8.12839   0.0111701
29400   8.12781   0.0111472
29500   8.12869   0.0111443
29600   8.12902   0.0111116
29700   8.12905   0.0110742
29800   8.1305   0.011131
29900   8.13053   0.0110938
30000   8.13016   0.0110629
30100   8.13044   0.0110298
30200   8.12959   0.011026
30300   8.12965   0.0109898
30400   8.12962   0.0109537
30500   8.13003   0.0109254
30600   8.13006   0.0108898
30700   8.13003   0.0108544
30800   8.1301   0.0108194
30900   8.12901   0.0108397
31000   8.12929   0.0108085
31100   8.12971   0.0107817
31200   8.12983   0.0107478
31300   8.12906   0.0107414
31400   8.13021   0.0107689
31500   8.13034   0.0107354
31600   8.12909   0.0107737
31700   8.12932   0.0107423
31800   8.13007   0.0107349
31900   8.12965   0.0107096
32000   8.12886   0.0107053
32100   8.13008   0.0107415
32200   8.1304   0.0107129
32300   8.13015   0.0106826
32400   8.1296   0.0106638
32500   8.12995   0.0106368
32600   8.13009   0.010605
32700   8.13014   0.0105727
32800   8.13028   0.0105414
32900   8.13054   0.0105125
33000   8.13049   0.0104808
33100   8.13098   0.0104606
33200   8.13038   0.0104463
33300   8.13076   0.0104217
33400   8.13126   0.0104026
33500   8.13181   0.0103862
33600   8.13248   0.0103768
33700   8.13211   0.0103527
33800   8.13147   0.0103419
33900   8.13173   0.0103148
34000   8.13175   0.0102845
34100   8.13126   0.010266
34200   8.13197   0.0102604
34300   8.13258   0.0102489
34400   8.13239   0.010221
34500   8.13187   0.0102046
34600   8.13119   0.0101975
34700   8.13163   0.0101775
34800   8.13234   0.0101731
34900   8.13152   0.0101772
35000   8.13262   0.0102073
35100   8.1322   0.0101868
35200   8.13144   0.0101861
35300   8.13235   0.0101982
35400   8.13134   0.0102193
35500   8.13208   0.0102173
35600   8.1318   0.0101924
35700   8.13112   0.0101868
35800   8.13168   0.010174
35900   8.13181   0.0101465
36000   8.13156   0.0101214
36100   8.13153   0.0100935
36200   8.13213   0.0100837
36300   8.13153   0.0100736
36400   8.13153   0.010046
36500   8.13232   0.0100495
36600   8.13186   0.0100324
36700   8.13165   0.0100073
36800   8.13189   0.00998313
36900   8.13175   0.00995712
37000   8.13199   0.00993305
37100   8.13195   0.00990633
37200   8.13141   0.00989452
37300   8.13139   0.00986803
37400   8.13233   0.00988663
37500   8.13258   0.00986343
37600   8.13181   0.00986698
37700   8.132   0.00984246
37800   8.13191   0.00981677
37900   8.13258   0.00981339
38000   8.13246   0.00978827
38100   8.13254   0.00976288
38200   8.13227   0.00974101
38300   8.13252   0.00971884
38400   8.13262   0.00969407
38500   8.13278   0.00967012
38600   8.13325   0.00965635
38700   8.1328   0.00964158
38800   8.13201   0.00964946
38900   8.13246   0.0096353
39000   8.13247   0.0096106
39100   8.13374   0.00966918
39200   8.13305   0.00966898
39300   8.13304   0.00964437
39400   8.13308   0.00961997
39500   8.13336   0.0095996
39600   8.13213   0.00965362
39700   8.13277   0.00965042
39800   8.13336   0.00964435
39900   8.13364   0.00962437
40000   8.13321   0.00961006
40100   8.13326   0.00958623
40200   8.13296   0.00956699
40300   8.13298   0.00954326
40400   8.13253   0.0095301
40500   8.13288   0.00951288
40600   8.13357   0.00951501
40700   8.13288   0.00951705
40800   8.13299   0.00949443
40900   8.13297   0.00947124
41000   8.13276   0.00945059
41100   8.13303   0.00943139
41200   8.13325   0.0094112
41300   8.13275   0.00940174
41400   8.13284   0.00937948
41500   8.13279   0.00935702
41600   8.13274   0.00933465
41700   8.13208   0.00933588
41800   8.13289   0.00934877
41900   8.13298   0.00932688
42000   8.13274   0.00930777
42100   8.13231   0.00929579
42200   8.13274   0.00928392
42300   8.13265   0.00926243
42400   8.13237   0.00924469
42500   8.13274   0.00923015
42600   8.13265   0.00920892
42700   8.13242   0.00919012
42800   8.13161   0.00920403
42900   8.1316   0.00918259
43000   8.13249   0.0092047
43100   8.13265   0.00918468
43200   8.13298   0.0091694
43300   8.1321   0.00919046
43400   8.13124   0.00920898
43500   8.13234   0.00925319
43600   8.13246   0.00923269
43700   8.13253   0.00921185
43800   8.13293   0.00919929
43900   8.13272   0.00918064
44000   8.13237   0.00916654
44100   8.13252   0.00914694
44200   8.13202   0.00913945
44300   8.13223   0.00912108
44400   8.13282   0.00911984
44500   8.13234   0.00911227
44600   8.13178   0.00910897
44700   8.13182   0.00908871
44800   8.13219   0.00907564
44900   8.13271   0.00907064
45000   8.13225   0.00906201
45100   8.13226   0.00904192
45200   8.13264   0.00902975
45300   8.13216   0.00902272
45400   8.13146   0.00902994
45500   8.1323   0.0090494
45600   8.13268   0.0090377
45700   8.13282   0.00901903
45800   8.13194   0.0090424
45900   8.1327   0.00905425
46000   8.13218   0.00904917
46100   8.13224   0.00902974
46200   8.13342   0.00908698
46300   8.13317   0.00907101
46400   8.13257   0.00907115
46500   8.13283   0.00905535
46600   8.1334   0.00905397
46700   8.1329   0.00904848
46800   8.13193   0.00908078
46900   8.13227   0.0090677
47000   8.13313   0.00908963
47100   8.13437   0.00915353
47200   8.13349   0.00917605
47300   8.13302   0.00916853
47400   8.13293   0.00914962
47500   8.13293   0.00913036
47600   8.13348   0.00912818
47700   8.13301   0.00912146
47800   8.13372   0.00913024
47900   8.13362   0.00911175
48000   8.13312   0.00910668
48100   8.13316   0.00908786
48200   8.13351   0.00907559
48300   8.13305   0.00906802
48400   8.13295   0.00904993
48500   8.13294   0.00903127
48600   8.13268   0.00901645
48700   8.13353   0.00903869
48800   8.13309   0.00903081
48900   8.13299   0.00901297
49000   8.13273   0.00899824
49100   8.13338   0.00900347
49200   8.13294   0.00899627
49300   8.13343   0.00899187
49400   8.13377   0.00898005
49500   8.13352   0.00896551
49600   8.133   0.00896232
49700   8.13306   0.00894446
49800   8.13316   0.00892715
49900   8.13338   0.00891191
50000   8.13357   0.00889603
