100   0.621412   0
200   0.625302   0.00275067
300   0.629997   0.00424937
400   0.63249   0.00384931
500   0.629121   0.00430846
600   0.635477   0.00682347
700   0.632901   0.00631625
800   0.626774   0.00796164
900   0.627336   0.0070968
1000   0.627025   0.00639392
1100   0.627366   0.00582172
1200   0.627034   0.00534603
1300   0.630165   0.00577926
1400   0.629666   0.00538791
1500   0.628844   0.00509111
1600   0.626327   0.00535911
1700   0.625745   0.00507536
1800   0.627318   0.00503138
1900   0.629574   0.00524809
2000   0.627928   0.0052374
2100   0.627238   0.00503327
2200   0.626456   0.0048649
2300   0.626597   0.00465543
2400   0.626819   0.00446672
2500   0.62771   0.00437603
2600   0.626572   0.00435326
2700   0.626429   0.00419436
2800   0.62702   0.00408594
2900   0.627803   0.00401944
3000   0.627704   0.00388667
3100   0.628163   0.00378831
3200   0.626977   0.00385118
3300   0.626879   0.00373571
3400   0.62756   0.00368733
3500   0.627906   0.0035982
3600   0.628352   0.00352578
3700   0.627789   0.00347519
3800   0.626616   0.00357636
3900   0.626345   0.00349488
4000   0.627672   0.00365061
4100   0.627438   0.00356906
4200   0.627825   0.00350501
4300   0.628234   0.00344726
4400   0.626622   0.00372644
4500   0.626655   0.00364377
4600   0.627603   0.00368603
4700   0.627312   0.00361911
4800   0.627972   0.00360343
4900   0.627857   0.00353172
5000   0.627007   0.0035619
5100   0.62689   0.003494
5200   0.627921   0.00357578
5300   0.627738   0.003513
5400   0.627935   0.00345344
5500   0.627775   0.00339433
5600   0.627714   0.00333426
5700   0.627671   0.00327604
5800   0.627406   0.0032303
5900   0.627782   0.0031974
6000   0.627388   0.00316824
6100   0.627402   0.00311634
6200   0.62704   0.00308707
6300   0.627932   0.00316426
6400   0.627963   0.00311497
6500   0.627707   0.00307751
6600   0.627811   0.00303264
6700   0.628207   0.00301315
6800   0.627971   0.00297807
6900   0.627674   0.0029497
7000   0.627887   0.00291521
7100   0.62822   0.00289311
7200   0.627523   0.00293562
7300   0.627504   0.00289547
7400   0.628232   0.0029466
7500   0.628121   0.00290943
7600   0.627557   0.00292516
7700   0.627739   0.00289278
7800   0.62795   0.00286341
7900   0.627916   0.00282737
8000   0.627356   0.00284708
8100   0.627452   0.00281356
8200   0.627588   0.00278253
8300   0.627192   0.00277694
8400   0.627215   0.00274398
8500   0.62744   0.00272089
8600   0.626889   0.00274437
8700   0.627068   0.00271866
8800   0.627229   0.00269252
8900   0.62699   0.00267289
9000   0.627052   0.00264391
9100   0.626951   0.00261679
9200   0.627361   0.00262031
9300   0.626837   0.00264398
9400   0.626969   0.00261916
9500   0.627216   0.00260322
9600   0.626995   0.00258552
9700   0.626807   0.00256566
9800   0.627321   0.00259049
9900   0.627095   0.00257416
10000   0.626769   0.00256906
10100   0.627109   0.00256612
10200   0.627066   0.00254132
10300   0.626959   0.00251891
10400   0.627135   0.00250085
10500   0.627007   0.00248032
10600   0.626839   0.00246263
10700   0.626757   0.00244097
10800   0.626889   0.00242191
10900   0.627127   0.00241135
11000   0.627019   0.00239185
11100   0.627201   0.00237724
11200   0.62705   0.00236082
11300   0.62685   0.00234841
11400   0.62689   0.00232816
11500   0.626918   0.00230808
11600   0.627012   0.0022901
11700   0.627224   0.00228028
11800   0.627151   0.0022621
11900   0.626836   0.00226495
12000   0.626588   0.00225961
12100   0.626913   0.00226415
12200   0.627171   0.00226029
12300   0.626787   0.00227442
12400   0.626808   0.00225618
12500   0.626856   0.00223863
12600   0.626658   0.00222957
12700   0.626977   0.0022347
12800   0.627058   0.00221871
12900   0.626891   0.00220778
13000   0.626864   0.00219097
13100   0.627085   0.00218537
13200   0.626713   0.00220016
13300   0.626668   0.00218408
13400   0.627007   0.00219391
13500   0.627319   0.0021998
13600   0.626983   0.0022091
13700   0.627119   0.00219713
13800   0.627124   0.00218121
13900   0.627028   0.00216766
14000   0.627144   0.00215528
14100   0.627071   0.00214124
14200   0.626982   0.00212801
14300   0.627094   0.00211611
14400   0.627082   0.00210145
14500   0.627065   0.00208702
14600   0.626857   0.00208305
14700   0.627045   0.00207739
14800   0.627153   0.00206616
14900   0.627196   0.00205273
15000   0.626992   0.00204913
15100   0.62708   0.00203744
15200   0.627184   0.00202669
15300   0.626993   0.00202243
15400   0.627049   0.00201009
15500   0.627265   0.00200862
15600   0.627322   0.00199656
15700   0.627276   0.00198437
15800   0.627422   0.00197721
15900   0.627269   0.00197073
16000   0.62715   0.00196201
16100   0.627247   0.00195224
16200   0.627328   0.00194186
16300   0.627363   0.00193027
16400   0.627559   0.00192841
16500   0.627475   0.00191857
16600   0.62735   0.00191105
16700   0.62722   0.00190404
16800   0.627395   0.00190077
16900   0.627431   0.00188987
17000   0.627435   0.00187875
17100   0.62737   0.00186889
17200   0.627518   0.00186391
17300   0.627609   0.00185533
17400   0.62744   0.00185229
17500   0.627278   0.00184878
17600   0.627507   0.00185236
17700   0.627649   0.00184738
17800   0.627855   0.00184842
17900   0.627574   0.00185937
18000   0.627372   0.00185997
18100   0.627383   0.00184973
18200   0.627498   0.00184315
18300   0.627486   0.00183312
18400   0.627726   0.00183886
18500   0.62783   0.00183187
18600   0.627569   0.00184065
18700   0.627429   0.00183606
18800   0.627647   0.00183913
18900   0.627913   0.00184861
19000   0.627588   0.00186727
19100   0.627505   0.00185934
19200   0.627741   0.00186459
19300   0.627854   0.00185833
19400   0.627715   0.00185391
19500   0.627531   0.00185353
19600   0.627394   0.00184912
19700   0.627504   0.001843
19800   0.62765   0.0018395
19900   0.627687   0.00183063
20000   0.627649   0.00182187
20100   0.627617   0.0018131
20200   0.62769   0.00180559
20300   0.627558   0.00180147
20400   0.627482   0.00179424
20500   0.627636   0.00179207
20600   0.627761   0.00178773
20700   0.627616   0.001785
20800   0.627501   0.00178016
20900   0.627466   0.00177197
21000   0.627562   0.00176614
21100   0.627698   0.00176303
21200   0.627462   0.00177044
21300   0.627693   0.00177704
21400   0.627622   0.00177014
21500   0.627716   0.0017644
21600   0.627604   0.0017598
21700   0.627823   0.00176529
21800   0.627718   0.00176033
21900   0.627694   0.00175245
22000   0.627748   0.00174531
22100   0.627727   0.00173753
22200   0.62786   0.00173474
22300   0.627775   0.00172903
22400   0.627717   0.00172227
22500   0.627652   0.00171587
22600   0.627622   0.00170853
22700   0.627615   0.00170102
22800   0.627688   0.00169511
22900   0.62782   0.00169283
23000   0.627838   0.00168557
23100   0.627769   0.00167968
23200   0.627714   0.00167334
23300   0.627727   0.00166621
23400   0.627754   0.0016593
23500   0.627763   0.00165226
23600   0.627758   0.00164527
23700   0.627644   0.00164223
23800   0.627574   0.00163683
23900   0.627748   0.00163922
24000   0.627639   0.00163603
24100   0.62765   0.00162928
24200   0.627848   0.00163449
24300   0.627742   0.00163115
24400   0.627774   0.00162477
24500   0.627652   0.00162266
24600   0.627805   0.0016232
24700   0.62773   0.00161834
24800   0.627578   0.00161893
24900   0.627694   0.00161654
25000   0.627869   0.00161952
25100   0.627848   0.0016132
25200   0.627555   0.00163333
25300   0.627755   0.00163913
25400   0.627861   0.00163608
25500   0.627687   0.00163883
25600   0.627661   0.00163264
25700   0.627736   0.00162798
25800   0.627797   0.00162284
25900   0.627783   0.00161663
26000   0.627649   0.00161601
26100   0.627778   0.00161495
26200   0.627723   0.00160972
26300   0.627679   0.00160419
26400   0.627693   0.00159817
26500   0.627792   0.00159522
26600   0.627739   0.00159014
26700   0.627636   0.00158747
26800   0.627804   0.00159037
26900   0.627841   0.0015849
27000   0.627755   0.00158141
27100   0.627766   0.00157562
27200   0.627706   0.00157096
27300   0.627729   0.00156537
27400   0.627725   0.00155966
27500   0.62767   0.00155496
27600   0.627581   0.00155182
27700   0.627728   0.00155312
27800   0.627679   0.0015483
27900   0.62758   0.00154591
28000   0.627718   0.0015465
28100   0.627762   0.00154162
28200   0.627676   0.00153856
28300   0.627732   0.00153415
28400   0.627601   0.0015343
28500   0.62764   0.0015294
28600   0.627645   0.00152406
28700   0.627799   0.00152645
28800   0.627817   0.00152126
28900   0.62778   0.00151643
29000   0.627625   0.00151914
29100   0.627583   0.00151449
29200   0.627709   0.00151455
29300   0.627769   0.00151055
29400   0.627854   0.00150783
29500   0.62774   0.00150703
29600   0.627702   0.00150242
29700   0.627717   0.00149744
29800   0.627545   0.00150227
29900   0.627543   0.00149724
30000   0.62759   0.001493
30100   0.627561   0.00148834
30200   0.627682   0.00148835
30300   0.627669   0.00148349
30400   0.627678   0.00147864
30500   0.627623   0.00147481
30600   0.627626   0.00146999
30700   0.627639   0.00146526
30800   0.627619   0.00146063
30900   0.627764   0.00146304
31000   0.627725   0.00145883
31100   0.627659   0.00145562
31200   0.627638   0.00145111
31300   0.627742   0.0014502
31400   0.627601   0.00145238
31500   0.627572   0.00144808
31600   0.62774   0.00145325
31700   0.62772   0.00144881
31800   0.627614   0.0014481
31900   0.62766   0.00144431
32000   0.627766   0.00144367
32100   0.627606   0.00144805
32200   0.627557   0.00144438
32300   0.627614   0.00144103
32400   0.627701   0.0014392
32500   0.627652   0.00143558
32600   0.627632   0.00143133
32700   0.62763   0.00142695
32800   0.627613   0.00142269
32900   0.627581   0.00141873
33000   0.627604   0.00141462
33100   0.627548   0.00141147
33200   0.627615   0.00140882
33300   0.627569   0.00140533
33400   0.627507   0.00140252
33500   0.627444   0.00139976
33600   0.627364   0.00139783
33700   0.627412   0.00139448
33800   0.627499   0.00139309
33900   0.62746   0.00138953
34000   0.62745   0.00138548
34100   0.627517   0.00138305
34200   0.62743   0.00138173
34300   0.627351   0.00137999
34400   0.627386   0.00137642
34500   0.627466   0.00137479
34600   0.627549   0.00137328
34700   0.62748   0.00137104
34800   0.627383   0.00137057
34900   0.627502   0.00137181
35000   0.627365   0.00137463
35100   0.627414   0.00137159
35200   0.627518   0.00137158
35300   0.627387   0.00137386
35400   0.627518   0.00137614
35500   0.627426   0.00137528
35600   0.627469   0.00137206
35700   0.627555   0.00137094
35800   0.627487   0.00136881
35900   0.627476   0.00136504
36000   0.627514   0.00136179
36100   0.627511   0.00135802
36200   0.627424   0.00135703
36300   0.627506   0.00135574
36400   0.62752   0.00135209
36500   0.627414   0.00135259
36600   0.627459   0.00134965
36700   0.627484   0.0013462
36800   0.627455   0.00134284
36900   0.627476   0.00133936
37000   0.627441   0.0013362
37100   0.627433   0.00133262
37200   0.627505   0.00133096
37300   0.627507   0.00132739
37400   0.627389   0.00132907
37500   0.627365   0.00132574
37600   0.627463   0.00132577
37700   0.627435   0.00132254
37800   0.627449   0.00131912
37900   0.627369   0.00131806
38000   0.627397   0.00131488
38100   0.627391   0.00131145
38200   0.627423   0.00130842
38300   0.627395   0.0013053
38400   0.627399   0.00130191
38500   0.627378   0.00129869
38600   0.627309   0.00129717
38700   0.627372   0.00129534
38800   0.627487   0.00129716
38900   0.627438   0.00129478
39000   0.627452   0.00129154
39100   0.6273   0.00129716
39200   0.627394   0.00129727
39300   0.627392   0.00129397
39400   0.627386   0.0012907
39500   0.627343   0.00128817
39600   0.627524   0.0012976
39700   0.627448   0.00129656
39800   0.62737   0.00129563
39900   0.627327   0.0012931
40000   0.627381   0.00129098
40100   0.627383   0.00128776
40200   0.627423   0.00128517
40300   0.627424   0.00128198
40400   0.627496   0.00128082
40500   0.627451   0.00127847
40600   0.62735   0.00127926
40700   0.627438   0.00127914
40800   0.627431   0.00127602
40900   0.627448   0.00127301
41000   0.627481   0.00127036
41100   0.627434   0.00126817
41200   0.627391   0.0012658
41300   0.627457   0.00126445
41400   0.627452   0.0012614
41500   0.627453   0.00125836
41600   0.627452   0.00125534
41700   0.627546   0.00125585
41800   0.627441   0.00125725
41900   0.627429   0.00125431
42000   0.627452   0.00125154
42100   0.627512   0.00125
42200   0.627458   0.00124818
42300   0.627476   0.00124535
42400   0.627513   0.00124297
42500   0.627468   0.00124084
42600   0.627477   0.00123795
42700   0.627506   0.00123539
42800   0.627626   0.00123836
42900   0.627641   0.00123556
43000   0.627524   0.00123823
43100   0.627508   0.00123546
43200   0.627474   0.00123307
43300   0.627592   0.00123588
43400   0.627707   0.00123841
43500   0.627563   0.00124393
43600   0.627548   0.00124116
43700   0.627533   0.00123841
43800   0.627478   0.00123682
43900   0.627505   0.00123429
44000   0.627549   0.00123229
44100   0.627528   0.00122969
44200   0.627593   0.00122861
44300   0.627556   0.00122638
44400   0.627477   0.00122615
44500   0.627545   0.00122527
44600   0.62762   0.00122479
44700   0.627617   0.00122206
44800   0.62757   0.00122024
44900   0.627491   0.00122004
45000   0.627548   0.00121866
45100   0.627554   0.00121597
45200   0.627499   0.00121456
45300   0.627565   0.00121368
45400   0.627656   0.00121444
45500   0.627545   0.00121681
45600   0.627502   0.0012149
45700   0.627496   0.00121226
45800   0.627613   0.00121525
45900   0.62751   0.00121703
46000   0.627579   0.00121638
46100   0.627573   0.00121376
46200   0.627422   0.00122052
46300   0.627465   0.00121862
46400   0.627548   0.00121884
46500   0.627518   0.00121659
46600   0.627443   0.00121625
46700   0.627504   0.00121516
46800   0.627634   0.00121952
46900   0.627596   0.00121751
47000   0.627485   0.00121998
47100   0.62732   0.0012285
47200   0.627435   0.00123122
47300   0.627506   0.00123066
47400   0.627525   0.00122822
47500   0.62753   0.00122564
47600   0.627453   0.00122548
47700   0.627516   0.00122454
47800   0.627419   0.00122583
47900   0.627436   0.00122339
48000   0.627499   0.00122245
48100   0.6275   0.00121991
48200   0.627459   0.00121807
48300   0.627519   0.00121705
48400   0.62754   0.00121471
48500   0.627537   0.00121221
48600   0.627574   0.00121028
48700   0.627459   0.00121323
48800   0.627521   0.00121232
48900   0.627532   0.00120989
49000   0.627568   0.00120797
49100   0.627481   0.00120863
49200   0.62754   0.00120759
49300   0.627474   0.00120694
49400   0.627429   0.00120532
49500   0.627469   0.00120355
49600   0.627546   0.00120355
49700   0.627537   0.00120116
49800   0.627515   0.00119894
49900   0.627489   0.00119683
50000   0.627466   0.00119466
