0.871362
0.882924
0.898291
0.915167
0.931507
0.945931
0.957798
0.967014
0.973657
0.977529
0.978075
0.974693
0.967268
0.956578
0.944392
0.932987
0.924324
0.919562
0.918766
0.921237
0.926098
0.932712
0.940659
0.94954
0.958752
0.967356
0.974365
0.979069
0.981234
0.981013
0.978996
0.975854
0.972213
0.968332
0.964252
0.959824
0.954833
0.949011
0.942104
0.934093
0.925508
0.917379
0.910985
0.90755
0.907974
0.912546
0.920837
0.931752
0.943927
0.956215
0.967916
0.97888
0.989161
0.998672
1.00704
1.01359
1.01739
1.01759
1.01353
1.0051
0.992938
0.978334
0.962863
0.947777
0.933564
0.919801
0.905586
0.890132
0.873545
0.857131
0.843142
0.834131
0.83215
0.838123
0.851507
0.87047
0.892328
0.914148
0.933472
0.948852
0.95984
0.966475
0.968913
0.967172
0.961404
0.952255
0.941016
0.929392
0.919197
0.911768
0.907863
0.907581
0.910767
0.917097
0.926073
0.937058
0.949081
0.960735
0.970449
0.976723
0.978462
0.975538
0.968666
0.959279
0.949144
0.939659
0.93162
0.925077
0.919559
0.914592
0.910144
0.906769
0.905533
0.907624
0.914141
0.925583
0.941478
0.960424
0.980289
0.998753
1.0137
1.02357
1.02763
1.02593
1.01904
1.00816
0.994764
0.980497
0.967009
0.955708
0.947341
0.941777
0.938196
0.935542
0.933138
0.930899
0.929325
0.929001
0.930145
0.932412
0.934899
0.936459
0.936183
0.93382
0.929788
0.925035
0.920547
0.916976
0.914308
0.911908
0.908794
0.904073
0.897291
0.88869
0.879351
0.871034
0.865692
0.864996
0.869594
0.879063
0.891921
0.906051
0.919187
0.929412
0.935596
0.937648
0.936395
0.933245
0.929753
0.927305
0.926966
0.929615
0.93598
0.946622
0.961769
0.980912
1.00257
1.02444
1.04386
1.05827
1.06581
1.06558
1.05765
1.04304
1.02356
1.00137
0.978652
0.957218
0.938144
0.921755
0.90787
0.8962
0.886851
0.880523
0.878161
0.880548
0.887645
0.898407
0.910895
0.922767
0.931983
0.937469
0.938977
0.936935
0.931859
0.924213
0.914575
0.904051
0.894302
0.887167
0.884087
0.885605
0.891252
0.899862
0.910093
0.92064
0.930278
0.938108
0.943663
0.94683
0.94801
0.947933
0.947422
0.94704
0.946888
0.946595
0.945522
0.943017
0.939011
0.934095
0.929612
0.927164
0.928006
0.932545
0.940086
0.94921
0.958308
0.966119
0.971959
0.975732
0.977726
0.978439
0.9783
0.977617
0.976504
0.975002
0.9731
0.970631
0.967163
0.961952
0.954217
0.943322
0.929169
0.912615
0.895485
0.88007
0.86853
0.862134
0.861146
0.865012
0.872728
0.883317
0.89605
0.910416
0.925924
0.942011
0.957853
0.972585
0.985203
0.994736
1.00033
1.00129
0.997357
0.988838
0.97648
0.961635
0.946043
0.931933
0.921954
0.918653
0.923466
0.935767
0.952801
0.970613
0.985535
0.995334
0.999494
0.998893
0.995039
0.98911
0.981726
0.972985
0.962796
0.951195
0.938585
0.926039
0.915174
0.907905
0.905949
0.910242
0.920512
0.93531
0.952271
0.968566
0.981468
0.988588
0.988412
0.980577
0.966078
0.947281
0.927416
0.90949
0.895236
0.88489
0.87773
0.872904
0.870009
0.869156
0.870802
0.875425
0.883132
0.893574
0.905909
0.919143
0.93242
0.945107
0.956705
0.966673
0.974374
0.979271
0.981179
0.980541
0.978481
0.976329
0.975021
0.974712
0.974653
0.973617
0.970578
0.965238
0.958183
0.950814
0.944903
0.942105
0.943485
0.949308
0.958912
0.970831
0.983085
0.993551
1.00041
1.00243
0.999175
0.990992
0.978853
0.96439
0.949363
0.935431
0.923686
0.914673
0.908414
0.904713
0.903447
0.904385
0.907189
0.911205
0.915446
0.91875
0.920165
0.918926
0.914648
0.907299
0.897364
0.885872
0.874203
0.86379
0.855748
0.850621
0.848596
0.84985
0.85468
0.863507
0.876493
0.893211
0.912456
0.932684
0.95229
0.970147
0.985857
0.999634
1.01194
1.02294
1.03217
1.03844
1.0403
1.03668
1.02723
1.01265
0.994394
0.974381
0.954569
0.936728
0.922374
0.912679
0.90838
0.909561
0.915682
0.925406
0.937034
0.948765
0.959148
0.967261
0.972568
0.974962
0.974478
0.971501
0.966694
0.961026
0.955713
0.952047
0.951065
0.953367
0.958895
0.966749
0.975233
0.981986
0.984704
0.981617
0.971902
0.95557
0.933386
0.906679
0.877261
0.847544
0.820483
0.799244
0.786649
0.784542
0.793206
0.811156
0.835613
0.863326
0.89132
0.917533
0.941032
0.961794
0.980206
0.996594
1.01092
1.02279
1.03172
1.03717
1.03863
1.03561
1.02765
1.01466
0.99728
0.977159
0.956665
0.937978
0.922549
0.910846
0.902924
0.89895
0.899571
0.905389
0.91647
0.932049
0.950451
0.969309
0.98624
0.999242
1.007
1.00909
1.00575
0.998017
0.987375
0.975394
0.963628
0.953307
0.945188
0.939586
0.9364
0.935172
0.935208
0.935398
0.934496
0.931419
0.925505
0.916832
0.906295
0.895362
0.88552
0.877804
0.872552
0.869465
0.867917
0.867413
0.867961
0.870078
0.874534
0.882012
0.892758
0.90635
0.921823
0.938014
0.953847
0.968709
0.982358
0.994818
1.00612
1.01599
1.02395
1.02945
1.03218
1.032
1.02888
1.02287
1.014
1.00238
0.988406
0.972678
0.955954
0.939225
0.923482
0.909814
0.899385
0.893403
0.892843
0.898062
0.908647
0.923348
0.940136
0.956578
0.970286
0.979294
0.982532
0.979979
0.972544
0.961889
0.949883
0.938122
0.927954
0.920444
0.916331
0.916007
0.919351
0.925539
0.933204
0.940601
0.946141
0.948785
0.94823
0.944887
0.939675
0.933819
0.928552
0.92502
0.924083
0.926195
0.931171
0.93814
0.945523
0.951435
0.954131
0.952383
0.945808
0.934796
0.920539
0.905177
0.891696
0.883429
0.882852
0.890331
0.903924
0.920328
0.936329
0.949667
0.95947
0.966006
0.970206
0.973177
0.975737
0.978232
0.980385
0.981468
0.980549
0.976745
0.969396
0.958251
0.943672
0.926785
0.909541
0.894535
0.884381
0.881052
0.885247
0.896187
0.911805
0.929278
0.945537
0.957891
0.964453
0.964482
0.958539
0.948373
0.936403
0.924907
0.915265
0.907682
0.901495
0.895802
0.890276
0.885828
0.884626
0.88907
0.900654
0.918918
0.941625
0.965715
0.988257
1.00711
1.02112
1.03015
1.03489
1.03648
1.03611
1.03454
1.03191
1.02778
1.02121
1.01108
0.99653
0.977505
0.95506
0.931436
0.909448
0.891696
0.879887
0.874636
0.875494
0.881258
0.890335
0.901108
0.91236
0.923304
0.933554
0.942971
0.951409
0.958536
0.963838
0.966624
0.966335
0.962957
0.957104
0.950045
0.943294
0.938103
0.935246
0.935233
0.93856
0.945523
0.955921
0.968892
0.982844
0.995656
1.00531
1.0102
1.00945
1.00299
0.991326
0.975372
0.956234
0.935234
0.914248
0.895624
0.881906
0.875031
0.875431
0.881876
0.89186
0.90242
0.91101
0.916175
0.917648
0.916333
0.913878
0.912203
0.913042
0.917492
0.925772
0.93712
0.950037
0.962561
0.972845
0.979574
0.982098
0.980694
0.976485
0.971132
0.966602
0.964681
0.966352
0.971492
0.97887
0.986296
0.991136
0.991097
0.984718
0.97173
0.953107
0.930803
0.907161
0.884325
0.863795
0.846366
0.832364
0.821989
0.815875
0.81504
0.820749
0.834051
0.855351
0.883918
0.917775
0.953987
0.989419
1.02132
1.04767
1.06726
1.07938
1.08367
1.07996
1.06833
1.04936
1.02457
0.996501
0.96852
0.944292
0.926769
0.917447
0.915993
0.920487
0.928045
0.935764
0.941235
0.94292
0.940242
0.933282
0.922468
0.908555
0.892859
0.877381
0.864571
0.856813
0.855632
0.861185
0.87238
0.887157
0.903144
0.918244
0.931149
0.941513
0.949923
0.957567
0.965651
0.97486
0.985009
0.995128
1.00366
1.00897
1.00974
1.00531
0.995757
0.981828
0.964797
0.946463
0.929052
0.915018
0.906566
0.905039
0.910499
0.921426
0.935155
0.94842
0.958101
0.9619
0.958576
0.948201
0.932013
0.912159
0.891485
0.873053
0.859533
0.852664
0.852724
0.858783
0.869089
0.881638
0.89478
0.907519
0.91963
0.931214
0.942421
0.953028
0.962523
0.970399
0.976439
0.98068
0.983417
0.984862
0.985
0.983537
0.979862
0.973332
0.963493
0.950442
0.935059
0.919031
0.904373
0.892747
0.884949
0.880988
0.880395
0.88264
0.887149
0.893256
0.900124
0.906809
0.912568
0.91699
0.92025
0.923087
0.926594
0.931858
0.939643
0.950097
0.962656
0.976134
0.988828
0.999013
1.00517
1.00621
1.00162
0.991656
0.977107
0.959188
0.939174
0.918252
0.897546
0.878241
0.861716
0.849598
0.843385
0.843958
0.851337
0.864663
0.882385
0.902656
0.923588
0.943308
0.960007
0.972181
0.978753
0.979498
0.975163
0.967541
0.95909
0.952328
0.949142
0.950161
0.954708
0.961161
0.967544
0.972002
0.973267
0.970918
0.96522
0.956859
0.946623
0.935231
0.92333
0.911644
0.901296
0.893864
0.890861
0.893209
0.900779
0.912401
0.926258
0.9402
0.952114
0.960286
0.963686
0.962312
0.957027
0.949458
0.941347
0.934019
0.927969
0.923126
0.919263
0.916328
0.914601
0.914716
0.917455
0.923459
0.932933
0.945477
0.960187
0.975851
0.991108
1.00462
1.01499
1.02077
1.02057
1.01333
0.998866
0.977946
0.952354
0.924668
0.897789
0.874411
0.856645
0.845749
0.84198
0.844644
0.85248
0.863884
0.87739
0.89194
0.906933
0.922215
0.937749
0.953444
0.96904
0.984025
0.997648
1.00899
1.01721
1.0216
1.02167
1.01725
1.00836
0.99522
0.97844
0.958883
0.937933
0.917496
0.899759
0.886818
0.880277
0.880706
0.887381
0.898507
0.911717
0.92459
0.934975
0.941303
0.942773
0.939395
0.931992
0.922131
0.911781
0.902962
0.897398
0.896206
0.899925
0.908582
0.921784
0.938847
0.958856
0.980607
1.00254
1.0228
1.03963
1.0515
1.05735
1.05661
1.0492
1.03521
1.01493
0.988831
0.957825
0.923414
0.887719
0.853432
0.823557
0.800993
0.788225
0.786709
0.7965
0.816179
0.843225
0.87452
0.906961
0.937837
0.964984
0.986887
1.00266
1.01213
1.01585
1.01485
1.01041
1.00353
0.994899
0.984713
0.97311
0.960464
0.947714
0.93626
0.927712
0.92335
0.923575
0.927713
0.934089
0.940417
0.944365
0.944147
0.939036
0.929677
0.918076
0.907108
0.899848
0.898739
0.904877
0.917788
0.935517
0.955145
0.973515
0.987908
0.996598
0.998822
0.994846
0.985702
0.972812
0.957795
0.942259
0.927622
0.915094
0.905793
0.900625
0.899969
0.903619
0.910753
0.920118
0.930189
0.939276
0.945881
0.948988
0.948258
0.943932
0.936664
0.927308
0.916842
0.906382
0.897069
0.889985
0.885855
0.884911
0.887078
0.892141
0.899745
0.909421
0.920504
0.932224
0.943726
0.95429
0.963132
0.969573
0.972971
0.9728
0.969088
0.962724
0.955516
0.949821
0.947878
0.951148
0.959883
0.972862
0.987668
1.00128
1.01082
1.01406
1.00973
0.997693
0.978951
0.955554
0.930249
0.906217
0.886584
0.874092
0.870718
0.877277
0.893179
0.916151
0.942688
0.96888
0.991295
1.00764
1.01685
1.01891
1.01456
1.00485
0.990794
0.973198
0.952975
0.931498
0.910963
0.894303
0.884402
0.882647
0.88819
0.898463
0.910569
0.922283
0.932341
0.940259
0.945851
0.948876
0.948906
0.945456
0.938053
0.926638
0.911971
0.895958
0.881628
0.872224
0.870029
0.875444
0.887085
0.902496
0.919085
0.934973
0.94907
0.961007
0.970778
0.978405
0.98365
0.985933
0.984552
0.978974
0.96939
0.956916
0.943516
0.931513
0.922957
0.919028
0.919762
0.924259
0.931068
0.938603
0.945625
0.951516
0.956234
0.960221
0.964208
0.968635
0.973389
0.977828
0.981167
0.982877
0.983113
0.982431
0.981363
0.980044
0.978058
0.974802
0.969796
0.963019
0.954933
0.946218
0.937674
0.929973
0.923732
0.919477
0.917366
0.916989
0.917316
0.917062
0.915219
0.911442
0.905908
0.898972
0.890906
0.881948
0.872459
0.863135
0.855081
0.849524
0.847414
0.849348
0.855525
0.865706
0.879353
0.895724
0.913829
0.932441
0.950349
0.966476
0.980096
0.99089
0.998723
1.00364
1.00583
1.0058
1.00417
1.00179
0.999467
0.997861
0.99728
0.997747
0.998835
0.999742
0.999392
0.996653
0.990542
0.980506
0.966582
0.949382
0.929904
0.909462
0.889472
0.87137
0.856502
0.846033
0.840952
0.841991
0.849372
0.862709
0.880915
0.902204
0.924321
0.944833
0.961329
0.971825
0.975138
0.971167
0.961259
0.948353
0.936424
0.929197
0.928718
0.93469
0.944836
0.955949
0.964924
0.969338
0.967702
0.959731
0.946328
0.929402
0.911493
0.895443
0.883889
0.878526
0.879945
0.887645
0.900344
0.91649
0.934687
0.953712
0.972586
0.990418
1.00643
1.01984
1.0298
1.03525
1.0353
1.02932
1.0174
1.00075
0.981552
0.962538
0.946363
0.934842
0.928633
0.927207
0.929031
0.93204
0.934052
0.933396
0.92922
0.921731
0.912152
0.902196
0.893511
0.887334
0.884333
0.884862
0.888918
0.896262
0.906299
0.918086
0.930482
0.94245
0.953358
0.963061
0.971621
0.979067
0.985233
0.989843
0.992768
0.994095
0.993941
0.99206
0.987714
0.98004
0.968481
0.953057
0.934404
0.913646
0.892382
0.872464
0.855692
0.843544
0.836834
0.835596
0.839238
0.846926
0.857975
0.871843
0.888221
0.906707
0.926365
0.94568
0.962829
0.976216
0.985054
0.989642
0.991181
0.991367
0.99177
0.993587
0.997485
1.00366
1.01195
1.02204
1.0333
1.04483
1.05538
1.06307
1.06563
1.06085
1.04711
1.02383
0.991576
0.952363
0.909679
0.868293
0.833784
0.811529
0.804972
0.814296
0.836411
0.866316
0.898778
0.929425
0.955176
0.974144
0.985431
0.989219
0.986646
0.979683
0.970772
0.96228
0.955866
0.952161
0.950738
0.950529
0.950377
0.949451
0.947568
0.945081
0.942522
0.940291
0.938488
0.936811
0.934901
0.93251
0.929742
0.926897
0.924227
0.92186
0.919754
0.917906
0.916358
0.915446
0.915666
0.917642
0.921989
0.929119
0.938988
0.951042
0.964126
0.976696
0.987096
0.993711
0.995278
0.991237
0.981872
0.968376
0.952476
0.936212
0.921436
0.909426
0.900817
0.895547
0.893151
0.893047
0.894652
0.897503
0.901398
0.906308
0.91237
0.919897
0.929082
0.939879
0.951685
0.96358
0.974316
0.982591
0.987236
0.987506
0.983074
0.974253
0.961776
0.946902
0.931343
0.917132
0.906528
0.901587
0.903516
0.912124
0.925716
0.941706
0.957273
0.970066
0.978632
0.982449
0.981693
0.976806
0.968411
0.95714
0.943795
0.929585
0.916061
0.904898
0.897223
0.893197
0.89189
0.891635
0.890888
0.889022
0.886643
0.885509
0.88787
0.895357
0.90797
0.923972
0.940783
0.956182
0.968928
0.978809
0.986195
0.991697
0.99574
0.998634
1.00046
1.00102
1.00001
0.996924
0.991401
0.983383
0.973201
0.961608
0.94959
0.938264
0.928808
0.92228
0.919538
0.921077
0.926841
0.936014
0.947106
0.958254
0.967704
0.974115
0.976587
0.974528
0.967517
0.955433
0.938616
0.918131
0.895826
0.874179
0.856339
0.845491
0.844291
0.853676
0.872153
0.896211
0.921706
0.945423
0.965636
0.981898
0.994529
1.00387
1.00995
1.0126
1.01159
1.00695
0.999154
0.988919
0.976945
0.963642
0.949036
0.933018
0.915774
0.898186
0.881859
0.86892
0.861636
0.8617
0.869619
0.884479
0.904184
0.925941
0.946811
0.964066
0.975506
0.97993
0.97732
0.969003
0.957392
0.945455
0.935893
0.930555
0.930203
0.934608
0.942983
0.954195
0.966868
0.979692
0.991728
1.0024
1.01131
1.01778
1.02062
1.01874
1.01207
1.00173
0.989414
0.976396
0.963096
0.949231
0.934589
0.919404
0.904721
0.892078
0.883082
0.879242
0.881705
0.891117
0.907178
0.928409
0.952188
0.975328
0.994884
1.00888
1.01633
1.01713
1.01189
1.00174
0.988138
0.972707
0.957011
0.942373
0.929648
0.919454
0.912216
0.908166
0.907079
0.908003
0.909348
0.909443
0.907089
0.902005
0.894845
0.887033
0.88053
0.877217
0.878476
0.884853
0.895965
0.910556
0.926826
0.942959
0.957234
0.968296
0.975294
0.978022
0.976842
0.972646
0.966588
0.960125
0.954688
0.951536
0.951595
0.955253
0.961985
0.970383
0.978268
0.98318
0.983085
0.97683
0.964548
0.947616
0.928526
0.910534
0.897055
0.890883
0.893591
0.905215
0.924261
0.948346
0.974638
1.00026
1.02263
1.03956
1.04936
1.05105
1.04445
1.03031
1.01018
0.986284
0.961217
0.937646
0.917916
0.903671
0.89561
0.893483
0.896472
0.903514
0.913376
0.924629
0.935541
0.944192
0.948842
0.948501
0.943308
0.934584
0.924366
0.914785
0.907268
0.90214
0.898695
0.89582
0.892525
0.888447
0.883979
0.880203
0.878621
0.880692
0.887514
0.899369
0.915495
0.934249
0.953368
0.970556
0.984056
0.992843
0.996729
0.996299
0.99278
0.987613
0.982071
0.976954
0.972486
0.968428
0.964418
0.960229
0.956084
0.952436
0.94974
0.948021
0.946794
0.945125
0.942193
0.937753
0.932238
0.926926
0.923582
0.923829
0.928507
0.937167
0.948174
0.959247
0.968043
0.972639
0.971811
0.965242
0.953452
0.937868
0.920763
0.905164
0.89433
0.890888
0.896069
0.909103
0.927458
0.94765
0.966278
0.980954
0.990731
0.995816
0.997322
0.996777
0.995647
0.995006
0.995224
0.995835
0.995631
0.992905
0.985949
0.973801
0.956699
0.936384
0.915894
0.898753
0.887746
0.883984
0.886624
0.893319
0.901106
0.907321
0.910021
0.908319
0.90245
0.893693
0.884116
0.876055
0.871524
0.871723
0.877006
0.887161
0.901497
0.919097
0.93879
0.959204
0.97888
0.996304
1.01013
1.01927
1.02287
1.0205
1.01238
0.999518
0.984006
0.968826
0.957186
0.951439
0.952493
0.959623
0.970814
0.983483
0.995094
1.00375
1.00843
1.00915
1.00675
1.00285
0.999199
0.997151
0.997209
0.998617
0.999421
0.997178
0.989763
0.975801
0.955224
0.929405
0.90104
0.873758
0.851039
0.835308
0.82724
0.82575
0.828924
0.834874
0.842293
0.850555
0.859414
0.868895
0.879084
0.890001
0.901562
0.913561
0.925682
0.937384
0.947785
0.955782
0.960337
0.960649
0.956568
0.948846
0.939112
0.929569
0.922579
0.920164
0.923367
0.932024
0.944915
0.960133
0.975549
0.989062
0.998893
1.00365
1.00246
0.995138
0.982423
0.966022
0.948479
0.932699
0.921165
0.915357
0.915635
0.921318
0.931118
0.943646
0.957687
0.972287
0.986733
1.00031
1.01224
1.02187
1.02871
1.03247
1.03308
1.03056
1.02493
1.01638
1.00518
0.991838
0.977066
0.962
0.947938
0.935914
0.926078
0.91765
0.909267
0.899818
0.888927
0.877051
0.865333
0.85524
0.848125
0.845053
0.846386
0.851635
0.859526
0.868608
0.877799
0.886641
0.895348
0.90452
0.914689
0.926044
0.938395
0.951251
0.964104
0.976509
0.987967
0.997891
1.00568
1.01112
1.0147
1.01773
1.02167
1.02735
1.03416
1.04015
1.04329
1.04216
1.03653
1.02682
1.01364
0.997492
0.978613
0.957314
0.93417
0.909982
0.885789
0.862725
0.842072
0.825012
0.812587
0.80557
0.80446
0.809442
0.820369
0.836792
0.857817
0.882033
0.907752
0.933236
0.957002
0.977891
0.995003
1.00783
1.01641
1.02122
1.02285
1.02185
1.01853
1.01312
1.00603
0.998068
0.990379
0.984224
0.980661
0.98005
0.98172
0.984081
0.985062
0.982897
0.976826
0.967509
0.956759
0.946546
0.938141
0.931485
0.925417
0.918504
0.909771
0.89912
0.887332
0.87594
0.866842
0.861797
0.86189
0.867153
0.876357
0.887201
0.896965
0.903165
0.904411
0.900726
0.893623
0.88559
0.879334
0.876858
0.879072
0.885602
0.895037
0.905355
0.914602
0.921487
0.925605
0.927577
0.928808
0.931131
0.936232
0.945257
0.958446
0.974991
0.99313
1.01046
1.02442
1.03288
1.03463
1.02965
1.01904
1.0048
0.989241
0.97439
0.961634
0.951524
0.94395
0.9386
0.935314
0.934202
0.935559
0.939485
0.945634
0.953273
0.961387
0.968797
0.974404
0.977219
0.976582
0.972078
0.96377
0.952227
0.938452
0.923773
0.90949
0.8968
0.886826
0.880494
0.878621
0.88175
0.88997
0.902812
0.919198
0.937452
0.955671
0.97203
0.985144
0.994131
0.998494
0.998187
0.993546
0.985293
0.974382
0.961875
0.948826
0.936129
0.924454
0.91429
0.905999
0.899793
0.89572
0.893747
0.893771
0.895712
0.899435
0.904615
0.910482
0.915867
0.919386
0.92009
0.918008
0.914188
0.91041
0.908583
0.910249
0.916097
0.925875
0.938655
0.953045
0.967474
0.980417
0.990645
0.997467
1.00082
1.00131
0.999978
0.997944
0.996132
0.994919
0.994189
0.993382
0.99182
0.988915
0.984243
0.977666
0.969204
0.959145
0.947898
0.935919
0.923759
0.912027
0.901273
0.892031
0.884748
0.87976
0.877362
0.877671
0.8805
0.885334
0.89139
0.89773
0.903579
0.908461
0.912075
0.914203
0.914799
0.913934
0.912063
0.909984
0.908692
0.909199
0.912325
0.918459
0.927364
0.938266
0.949883
0.960654
0.969112
0.97439
0.976372
0.97574
0.973573
0.971048
0.968969
0.967748
0.967543
0.968486
0.971049
0.975736
0.982575
0.990589
0.997839
1.00206
1.00136
0.994976
0.983303
0.967501
0.94886
0.9284
0.906849
0.884859
0.86355
0.845046
0.832433
0.828992
0.836684
0.855306
0.882788
0.916287
0.95284
0.989262
1.02205
1.0476
1.06275
1.06543
1.0551
1.03313
1.00332
0.971598
0.944149
0.924567
0.912669
0.906123
0.902835
0.901919
0.903322
0.907316
0.914258
0.924633
0.938756
0.956081
0.974333
0.990027
0.999694
1.0011
0.993846
0.979168
0.959476
0.937736
0.916748
0.898715
0.885201
0.877349
0.876348
0.883377
0.899186
0.923374
0.953791
0.986605
1.017
1.04032
1.05299
1.05331
1.04171
1.02102
0.995752
0.970549
0.948391
0.930189
0.915775
0.904948
0.897835
0.89456
0.894935
0.898438
0.904417
0.911982
0.919925
0.926928
0.931819
0.934079
0.934074
0.932844
0.931708
0.931842
0.933967
0.938101
0.943612
0.949397
0.954366
0.957811
0.959689
0.960543
0.961054
0.961769
0.962728
0.963333
0.962457
0.958958
0.952308
0.943143
0.933181
0.924535
0.919189
0.918361
0.922529
0.9315
0.944415
0.959766
0.975607
0.989605
0.999735
1.00465
1.00392
0.998
0.987998
0.975465
0.961964
0.948868
0.937074
0.927021
0.918624
0.911585
0.905566
0.900507
0.89663
0.894416
0.894376
0.896885
0.901889
0.908902
0.917013
0.925047
0.931739
0.936052
0.937432
0.935858
0.932081
0.927348
0.922915
0.919637
0.91778
0.917066
0.91696
0.916999
0.917214
0.918047
0.920122
0.923647
0.928256
0.932906
0.936352
0.937701
0.936727
0.934025
0.9307
0.927977
0.926685
0.927031
0.928763
0.93132
0.934226
0.937258
0.940444
0.943766
0.947002
0.949492
0.950574
0.950052
0.948652
0.947817
0.949283
0.954196
0.962605
0.973323
0.984342
0.993502
0.999216
1.00083
0.998687
0.994011
0.988324
0.983126
0.979544
0.978249
0.979247
0.981794
0.984531
0.985978
0.984988
0.98108
0.974321
0.964867
0.952605
0.937329
0.919181
0.899183
0.879754
0.864385
0.856705
0.859229
0.872196
0.893543
0.919751
0.946942
0.971662
0.991169
1.00339
1.00704
1.00173
0.987905
0.966767
0.940261
0.910972
0.882029
0.857003
0.83937
0.831875
0.835791
0.85062
0.874335
0.903928
0.93608
0.967681
0.996034
1.01905
1.03522
1.04357
1.0436
1.03507
1.01837
0.994562
0.965637
0.934541
0.905142
0.881467
0.866985
0.863601
0.871127
0.887441
0.909012
0.931931
0.952732
0.968941
0.979332
0.983946
0.983655
0.979673
0.973205
0.965345
0.956854
0.94841
0.940499
0.933403
0.927224
0.922023
0.917815
0.91455
0.912078
0.910086
0.908073
0.905639
0.902575
0.899078
0.895781
0.893486
0.892771
0.893644
0.895593
0.898117
0.900912
0.90405
0.907887
0.912999
0.919936
0.929145
0.940756
0.954393
0.969284
0.984282
0.998129
1.00966
1.01788
1.02209
1.02175
1.01658
1.00651
0.991817
0.973141
0.951769
0.929554
0.908666
0.891247
0.878822
0.871883
0.869903
0.871687
0.876123
0.88269
0.89161
0.903441
0.918493
0.936247
0.955269
0.973475
0.988709
0.999494
1.00556
1.0081
1.00938
1.01144
1.01481
1.01852
1.021
1.02092
1.01755
1.01056
0.999757
0.985153
0.967017
0.946002
0.923317
0.900617
0.879967
0.863758
0.854247
0.853069
0.860649
0.876047
0.897247
0.921521
0.945904
0.967494
0.98375
0.992673
0.992981
0.984545
0.968499
0.947206
0.923878
0.901954
0.88434
0.872993
0.868836
0.871956
0.882016
0.898221
0.919135
0.942749
0.966687
0.988448
1.00589
1.01755
1.02278
1.02177
1.01531
1.00464
0.991126
0.976019
0.96029
0.944573
0.929297
0.914902
0.901754
0.89031
0.880961
0.873934
0.869217
0.866528
0.865506
0.865873
0.867673
0.871238
0.877253
0.886503
0.899441
0.915865
0.934769
0.954421
0.972692
0.987428
0.997044
1.00082
0.999252
0.99373
0.986299
0.979078
0.973859
0.971847
0.973668
0.979338
0.988297
0.999579
1.01199
1.02418
1.03482
1.04249
1.04579
1.04337
1.03407
1.01725
0.993122
0.962698
0.927875
0.890999
0.854756
0.821902
0.794974
0.776044
0.766571
0.767087
0.777138
0.795567
0.820769
0.850986
0.884238
0.918196
0.950575
0.97923
1.00258
1.01969
1.03034
1.03481
1.03401
1.02927
1.0222
1.01444
1.00749
1.00223
0.998791
0.996547
0.994398
0.991229
0.986155
0.978723
0.968973
0.957377
0.944577
0.931222
0.917857
0.904782
0.892001
0.879338
0.866684
0.854289
0.843017
0.834509
0.830957
0.834397
0.846038
0.865702
0.891665
0.921037
0.950417
0.976696
0.997607
1.01191
1.01922
1.01981
1.01441
1.00412
0.990347
0.974713
0.95908
0.945386
0.935261
0.929745
0.928943
0.932116
0.938081
0.94565
0.954096
0.963118
0.972411
0.981142
0.987904
0.990999
0.989131
0.982034
0.970699
0.957217
0.944037
0.933001
0.924804
0.919024
0.914729
0.911038
0.907286
0.903061
0.898204
0.892864
0.887477
0.882708
0.879409
0.878532
0.881134
0.88818
0.900268
0.917342
0.938456
0.961764
0.984895
1.00519
1.02033
1.02864
1.02945
1.02308
1.01064
0.993849
0.97472
0.95516
0.936627
0.919862
0.904984
0.891958
0.881099
0.873364
0.870026
0.872085
0.879561
0.891354
0.905649
0.920618
0.934872
0.947482
0.957736
0.965055
0.968961
0.969105
0.965604
0.959173
0.951159
0.943301
0.93717
0.933782
0.933452
0.935921
0.940538
0.946648
0.95371
0.961307
0.969223
0.977394
0.985791
0.994209
1.00207
1.00832
1.01147
1.01004
1.00268
0.988643
0.967917
0.941478
0.911267
0.88019
0.851933
0.830128
0.81763
0.81562
0.823601
0.839813
0.861762
0.886853
0.912729
0.937411
0.959324
0.977549
0.991688
1.00183
1.00846
1.01231
1.01408
1.01434
1.01337
1.01139
1.00841
1.00447
0.999697
0.994312
0.988412
0.98191
0.97458
0.966143
0.956356
0.945135
0.932832
0.920323
0.908834
0.899595
0.89342
0.89066
0.891211
0.894726
0.900814
0.908985
0.918609
0.928817
0.938664
0.947312
0.954126
0.958538
0.960148
0.958744
0.954295
0.947037
0.937732
0.927437
0.917456
0.90919
0.903879
0.902298
0.904464
0.909544
0.916293
0.923384
0.929789
0.935042
0.939074
0.942069
0.944237
0.945878
0.947381
0.949255
0.951785
0.954773
0.957438
0.958555
0.957104
0.952843
0.946558
0.939767
0.934254
0.931353
0.931531
0.934306
0.938582
0.942869
0.94587
0.946634
0.944735
0.940314
0.933816
0.925828
0.916971
0.907796
0.898818
0.890537
0.88358
0.878641
0.876334
0.877032
0.880855
0.88775
0.897722
0.910886
0.92725
0.946441
0.967348
0.988114
1.00666
1.02096
1.02923
1.03031
1.02377
1.01031
0.991754
0.97088
0.950699
0.933786
0.921859
0.915571
0.914537
0.917367
0.921839
0.925334
0.925696
0.921884
0.914164
0.903935
0.893302
0.884624
0.879948
0.880518
0.886422
0.896717
0.910033
0.924946
0.940517
0.956107
0.971222
0.98525
0.997437
1.00706
1.01362
1.01695
1.01732
1.01524
1.0113
1.00589
0.999196
0.991214
0.981808
0.970894
0.958534
0.944967
0.93058
0.916005
0.902088
0.889933
0.880757
0.875853
0.876367
0.882947
0.895199
0.911645
0.929936
0.947477
0.962233
0.973151
0.9801
0.983749
0.984695
0.982839
0.977437
0.967649
0.953331
0.935359
0.915435
0.895799
0.878745
0.866263
0.859756
0.859945
0.866782
0.879558
0.89698
0.917294
0.93847
0.95822
0.97428
0.984632
0.987862
0.983447
0.972019
0.955541
0.936988
0.919778
0.906815
0.899985
0.899877
0.905969
0.916952
0.93123
0.947207
0.9634
0.978709
0.9921
1.00271
1.00985
1.0133
1.01341
1.01121
1.00811
1.00539
1.00375
1.00323
1.00331
1.00339
1.00275
1.00041
0.995039
0.985187
0.969889
0.949519
0.926167
0.903534
0.885895
0.876824
0.877895
0.888107
0.904404
0.922647
0.938843
0.949946
0.95423
0.951407
0.942418
0.929056
0.913569
0.898212
0.884799
0.8743
0.866899
0.862147
0.859463
0.858599
0.859765
0.863355
0.869685
0.878708
0.89002
0.90302
0.917043
0.93125
0.944734
0.956649
0.966451
0.974074
0.979969
0.984806
0.989356
0.994026
0.998628
1.00265
1.00537
1.00619
1.00464
1.00054
0.994012
0.985549
0.97607
0.966939
0.959644
0.955351
0.954471
0.956707
0.961212
0.9669
0.972965
0.978952
0.984646
0.989697
0.993115
0.993464
0.989227
0.979604
0.965061
0.947291
0.928915
0.912457
0.899515
0.890387
0.884399
0.880525
0.878141
0.877393
0.878778
0.882656
0.888797
0.896452
0.904798
0.913291
0.921639
0.929813
0.937712
0.945129
0.951765
0.957267
0.961291
0.963625
0.964196
0.962912
0.959715
0.954475
0.946962
0.936905
0.924228
0.909276
0.892998
0.876965
0.863088
0.853081
0.848024
0.848014
0.852406
0.860114
0.870107
0.881748
0.894641
0.9084
0.922169
0.934861
0.94541
0.953138
0.95802
0.960678
0.962244
0.963829
0.966128
0.969067
0.971927
0.973629
0.973097
0.96977
0.963715
0.955554
0.946224
0.936594
0.927299
0.918855
0.91193
0.907563
0.907189
0.91209
0.922745
0.938378
0.957101
0.976352
0.993503
1.00633
1.01351
1.0148
1.01118
1.00433
0.995737
0.986062
0.975086
0.962706
0.949657
0.937488
0.928027
0.922603
0.921613
0.924577
0.930572
0.938486
0.947324
0.956049
0.963526
0.968448
0.969588
0.966262
0.958611
0.947753
0.935545
0.923911
0.914383
0.907808
0.904404
0.904004
0.906245
0.910585
0.916093
0.921443
0.925276
0.92675
0.925909
0.923695
0.921658
0.921352
0.923715
0.928868
0.936067
0.944258
0.952483
0.960128
0.966934
0.972673
0.976848
0.978699
0.977393
0.972391
0.963569
0.951342
0.936571
0.920492
0.90463
0.890814
0.880982
0.876934
0.879856
0.890077
0.906935
0.928965
0.954056
0.979749
1.00352
1.0231
1.03677
1.04354
1.04337
1.03698
1.02574
1.01127
0.99517
0.978808
0.963221
0.949257
0.937393
0.927986
0.921167
0.916901
0.915114
0.915773
0.918643
0.923084
0.928011
0.931877
0.933299
0.931505
0.926641
0.919612
0.911676
0.90413
0.898063
0.894405
0.893791
0.896321
0.901562
0.908595
0.916302
0.92366
0.930128
0.935608
0.940551
0.945772
0.952196
0.960441
0.970591
0.981848
0.992759
1.00158
1.00673
1.00721
1.00279
0.993765
0.980841
0.964962
0.947188
0.928521
0.909887
0.891968
0.875283
0.860267
0.847282
0.836859
0.829733
0.8269
0.829413
0.838232
0.853789
0.875768
0.902989
0.933581
0.965465
0.996717
1.02573
1.05094
1.07063
1.08271
1.08525
1.07708
1.05835
1.03087
0.997999
0.96408
0.933745
0.911007
0.898206
0.89577
0.902203
0.914735
0.929922
0.944495
0.955642
0.961581
0.9616
0.956207
0.946717
0.934914
0.922334
0.909738
0.897186
0.884268
0.870754
0.857469
0.846613
0.841475
0.845388
0.860096
0.884831
0.916784
0.952143
0.987097
1.01832
1.04324
1.06014
1.06839
1.06828
1.06088
1.04764
1.03007
1.00944
0.986802
0.96319
0.939759
0.917853
0.899012
0.884496
0.874922
0.869862
0.867986
0.867383
0.866044
0.86266
0.856954
0.850019
0.844143
0.842369
0.847377
0.860389
0.880592
0.90535
0.931204
0.954852
0.973901
0.986986
0.993754
0.994595
0.990506
0.982919
0.973635
0.964558
0.957369
0.953299
0.952941
0.956233
0.962694
0.971419
0.981286
0.990858
0.998345
1.00207
1.00076
0.99396
0.982116
0.966606
0.949328
0.932528
0.918417
0.908542
0.903633
0.903628
0.90769
0.914508
0.92264
0.930831
0.938094
0.94364
0.946696
0.946585
0.943055
0.936705
0.928902
0.921453
0.916172
0.914317
0.916308
0.921698
0.929303
0.937476
0.944517
0.949094
0.950567
0.948975
0.945193
0.940634
0.936756
0.934612
0.934451
0.935672
0.937175
0.937899
0.937158
0.934921
0.931484
0.927431
0.923454
0.920213
0.918151
0.917468
0.918206
0.92015
0.923014
0.926688
0.931243
0.936959
0.944063
0.952261
0.96055
0.967375
0.971011
0.970251
0.964749
0.955063
0.942421
0.928473
0.915105
0.904034
0.896496
0.893085
0.893795
0.898245
0.905881
0.916192
0.928542
0.94198
0.955293
0.967003
0.975823
0.980982
0.982482
0.981041
0.977935
0.974527
0.971707
0.969538
0.9673
0.963792
0.95792
0.949194
0.937781
0.924567
0.910817
0.897954
0.887323
0.879962
0.876531
0.877128
0.881387
0.888582
0.897731
0.907711
0.917424
0.925788
0.931988
0.93548
0.936072
0.93383
0.929112
0.922555
0.91501
0.907425
0.900899
0.896413
0.89467
0.895866
0.899554
0.904609
0.909428
0.912349
0.912139
0.908468
0.902121
0.894967
0.889389
0.887716
0.89141
0.900715
0.914626
0.931363
0.948861
0.965356
0.979734
0.991479
1.00041
1.00662
1.01024
1.01135
1.00996
1.00616
1.00022
0.992528
0.98376
0.974678
0.966016
0.958315
0.951601
0.945415
0.939052
0.932001
0.924291
0.916786
0.910867
0.907893
0.908448
0.912062
0.917414
0.922848
0.92703
0.929331
0.930021
0.930171
0.93125
0.934621
0.941068
0.950556
0.962064
0.974
0.984557
0.992137
0.995561
0.994279
0.988302
0.978113
0.964738
0.949647
0.934664
0.92159
0.91172
0.905455
0.9021
0.900087
0.897606
0.893286
0.886714
0.878603
0.870637
0.864854
0.86293
0.865744
0.873299
0.88495
0.899483
0.915513
0.931558
0.94606
0.957794
0.965856
0.969932
0.970299
0.967664
0.963035
0.957595
0.95254
0.948818
0.947172
0.947985
0.951328
0.957056
0.964792
0.973954
0.983633
0.992562
0.99934
1.00292
1.00288
0.999735
0.994851
0.990032
0.986775
0.985529
0.985713
0.98603
0.985179
0.982138
0.976243
0.967156
0.95507
0.940853
0.925968
0.912117
0.900608
0.892088
0.886413
0.882966
0.88088
0.879249
0.877202
0.874294
0.870904
0.868392
0.868886
0.87448
0.886343
0.904206
0.92654
0.951071
0.975374
0.997148
1.01436
1.02556
1.02988
1.02715
1.01784
1.00284
0.983313
0.960584
0.935989
0.910959
0.887165
0.866404
0.850516
0.840993
0.838629
0.843309
0.854068
0.86944
0.887696
0.907263
0.926934
0.945912
0.963848
0.980577
0.995925
1.00952
1.02089
1.02955
1.03504
1.03694
1.03491
1.02865
1.01801
1.00305
0.984238
0.962415
0.938758
0.914655
0.89162
0.871084
0.854451
0.843248
0.83901
0.843139
0.856474
0.878522
0.907094
0.938589
0.968779
0.994048
1.01231
1.02316
1.02766
1.02749
1.02411
1.01817
1.00944
0.997253
0.980953
0.960495
0.936768
0.911457
0.886856
0.865547
0.849994
0.842009
0.842412
0.85095
0.866458
0.887132
0.910939
0.935929
0.960458
0.98327
1.00334
1.01978
1.03167
1.03808
1.03837
1.03238
1.02088
1.00572
0.98939
0.974435
0.96267
0.954643
0.949715
0.946538
0.943427
0.93894
0.932211
0.923102
0.911974
0.899614
0.887155
0.876112
0.868259
0.865339
0.86865
0.87847
0.893902
0.913045
0.933413
0.952509
0.968193
0.978962
0.984115
0.983784
0.979002
0.971519
0.963463
0.956768
0.952658
0.951661
0.953593
0.95781
0.963391
0.96922
0.974078
0.976723
0.975975
0.970845
0.960816
0.946049
0.927537
0.906934
0.886362
0.867977
0.85363
0.844886
0.843047
0.849042
0.863036
0.884191
0.910464
0.938906
0.966145
0.989057
1.00535
1.01392
1.0149
1.00938
0.999187
0.986453
0.973069
0.960575
0.950107
0.942518
0.938462
0.938314
0.941828
0.947869
0.954546
0.959748
0.961626
0.958928
0.951369
0.939537
0.924711
0.908593
0.89296
0.87948
0.869498
0.863805
0.862756
0.866322
0.874303
0.886346
0.901982
0.920333
0.940057
0.959458
0.976644
0.989722
0.997173
0.998175
0.992955
0.982959
0.970705
0.959169
0.950918
0.947324
0.948084
0.951535
0.955316
0.957246
0.95597
0.951191
0.943609
0.934701
0.926255
0.919858
0.916452
0.916187
0.918433
0.922157
0.92637
0.930478
0.934334
0.938186
0.942411
0.947174
0.952245
0.957128
0.961256
0.964013
0.96495
0.963657
0.959926
0.953593
0.944638
0.933379
0.920765
0.908577
0.899279
0.895227
0.897464
0.904956
0.914821
0.923855
0.930018
0.933101
0.934313
0.935516
0.938454
0.944085
0.952446
0.962741
0.973654
0.983684
0.991238
0.995049
0.994464
0.989708
0.982006
0.973374
0.966126
0.961976
0.961233
0.962747
0.964378
0.963813
0.959387
0.950559
0.937963
0.923231
0.908434
0.895515
0.885773
0.879627
0.876575
0.87549
0.875091
0.87449
0.873296
0.871613
0.870009
0.869292
0.87044
0.874387
0.881948
0.893602
0.909328
0.928432
0.949621
0.971112
0.990848
1.00685
1.01762
1.02237
1.02111
1.01474
1.00499
0.99387
0.983202
0.974132
0.966668
0.959931
0.952803
0.944436
0.934909
0.925098
0.91648
0.910669
0.908994
0.912088
0.919667
0.930505
0.942638
0.953723
0.961727
0.965312
0.964138
0.958775
0.95045
0.940759
0.931099
0.922279
0.914384
0.906935
0.899502
0.892109
0.885563
0.881408
0.881267
0.886374
0.896973
0.912158
0.929969
0.947898
0.963337
0.974066
0.978693
0.97681
0.969029
0.956963
0.942779
0.928771
0.917089
0.909411
0.90679
0.909645
0.917824
0.930634
0.946735
0.964151
0.980549
0.993564
1.00127
1.00247
0.996835
0.985026
0.968723
0.950632
0.934202
0.922576
0.917462
0.918625
0.924096
0.931032
0.936706
0.93914
0.937499
0.932116
0.924227
0.915564
0.907856
0.90263
0.901016
0.903591
0.910391
0.920947
0.934273
0.948928
0.963256
0.975582
0.984476
0.988803
0.987929
0.981736
0.970686
0.955602
0.937765
0.918904
0.901121
0.886571
0.877231
0.874218
0.877327
0.885149
0.895288
0.905052
0.912015
0.914662
0.912802
0.907654
0.901689
0.898009
0.899469
0.90776
0.92304
0.943919
0.967934
0.992251
1.01409
1.03148
1.04361
1.05084
1.05418
1.05435
1.05113
1.04371
1.03142
1.01433
0.993365
0.970147
0.946598
0.924697
0.906292
0.893003
0.886011
0.885756
0.891835
0.903043
0.917422
0.932741
0.947064
0.958937
0.967598
0.972768
0.974438
0.972716
0.967611
0.958998
0.946792
0.931081
0.912374
0.891817
0.871068
0.852067
0.836815
0.827016
0.823776
0.8276
0.838564
0.856213
0.879586
0.90698
0.936043
0.964034
0.988257
1.00656
1.01773
1.02171
1.01951
1.01282
1.00363
0.993442
0.983079
0.972648
0.962119
0.951558
0.941207
0.931427
0.922636
0.915253
0.909955
0.907568
0.908931
0.914421
0.923446
0.934413
0.94502
0.952942
0.95642
0.954702
0.94822
0.938344
0.926973
0.915967
0.906684
0.899861
0.895978
0.895902
0.901099
0.913524
0.934346
0.962652
0.995139
1.02707
1.05388
1.0725
1.08157
1.08118
1.07235
1.05662
1.03563
1.01088
0.983835
0.955859
0.928506
0.903472
0.882534
0.867145
0.858236
0.855823
0.858979
0.866031
0.875001
0.883933
0.89143
0.896684
0.899491
0.900316
0.899982
0.899519
0.89986
0.901438
0.904241
0.90771
0.911113
0.913824
0.915537
0.916498
0.917436
0.919087
0.921796
0.925321
0.929196
0.933601
0.939717
0.949161
0.962731
0.979343
0.99606
1.00937
1.01646
1.016
1.00824
0.994554
0.977074
0.958198
0.94016
0.924587
0.91257
0.904577
0.900859
0.901579
0.906931
0.916918
0.931072
0.948222
0.966423
0.983246
0.996093
1.00296
1.00294
0.996323
0.984662
0.970144
0.955075
0.941382
0.930505
0.923526
0.921145
0.923636
0.930757
0.941712
0.955194
0.969536
0.983059
0.994159
1.00144
1.00391
1.00107
0.992985
0.980476
0.965087
0.948923
0.934084
0.922183
0.91386
0.908798
0.905915
0.903982
0.902063
0.899669
0.896689
0.893151
0.888957
0.88397
0.878203
0.872216
0.867427
0.86598
0.870131
0.881137
0.898705
0.921108
0.945847
0.970282
0.992089
1.00944
1.02121
1.02699
1.02686
1.02149
1.01181
0.999025
0.984339
0.968801
0.953279
0.938302
0.924244
0.911599
0.901128
0.893908
0.891082
0.893542
0.901452
0.914024
0.929756
0.946763
0.963238
0.977712
0.989136
0.997028
1.00141
1.00261
1.00084
0.996121
0.988146
0.976665
0.961898
0.945093
0.928404
0.914503
0.905661
0.902564
0.904065
0.907938
0.912048
0.915031
0.916484
0.916537
0.91558
0.914224
0.913221
0.913364
0.915081
0.918047
0.920991
0.922174
0.920258
0.915285
0.909293
0.905707
0.908068
0.918203
0.935279
0.956076
0.976435
0.993096
1.00448
1.01052
1.01195
1.00934
1.00286
0.992432
0.978288
0.961463
0.943963
0.928313
0.916906
0.911134
0.91106
0.915579
0.922928
0.931268
0.939058
0.945265
0.949282
0.950802
0.949732
0.946288
0.941075
0.935218
0.930043
0.926755
0.925894
0.927223
0.930032
0.933752
0.938258
0.943883
0.951064
0.960062
0.970722
0.982474
0.994234
1.00481
1.01308
1.01794
1.01835
1.01356
1.00305
0.986925
0.965899
0.941495
0.915881
0.891568
0.870957
0.855814
0.847076
0.845041
0.849513
0.860062
0.875737
0.894844
0.914974
0.933281
0.947127
0.954595
0.954965
0.94893
0.938601
0.927233
0.918391
0.91486
0.917803
0.926648
0.939525
0.953942
0.967453
0.978235
0.985238
0.98823
0.987655
0.984501
0.980019
0.975519
0.972273
0.971184
0.97262
0.976311
0.981373
0.986357
0.989411
0.98859
0.982178
0.969121
0.949332
0.92404
0.895697
0.867722
0.844041
0.828552
0.824311
0.832798
0.853443
0.883607
0.91909
0.955054
0.986974
1.01128
1.02579
1.02979
1.02405
1.01068
0.992945
0.974615
0.959307
0.949511
0.945981
0.94757
0.951893
0.956314
0.958766
0.958108
0.95396
0.946406
0.935774
0.922609
0.907794
0.892659
0.87903
0.8689
0.864118
0.866007
0.875098
0.890951
0.912103
0.936483
0.961579
0.984725
1.00356
1.01619
1.0212
1.01806
1.00717
0.989988
0.969221
0.948521
0.931993
0.923168
0.923962
0.933947
0.950652
0.97047
0.989864
1.00617
1.01818
1.02592
1.03052
1.03344
1.03577
1.03758
1.03782
1.03506
1.02807
1.0161
0.998934
0.976734
0.95006
0.920036
0.888693
0.859112
0.834904
0.819302
0.813982
0.818576
0.831071
0.848732
0.868854
0.889201
0.908096
0.924224
0.936761
0.945225
0.949407
0.94946
0.945791
0.939246
0.931107
0.922716
0.915051
0.908406
0.902545
0.897339
0.893262
0.891461
0.893185
0.899308
0.910009
0.924753
0.942374
0.961234
0.979354
0.994976
1.00706
1.01537
1.02023
1.02236
1.02266
1.02229
1.02252
1.02441
1.02831
1.0336
1.03882
1.04211
1.04192
1.03743
1.02851
1.0154
0.998226
0.97699
0.951999
0.924265
0.895622
0.868365
0.844871
0.827019
0.816022
0.812459
0.816261
0.826792
0.842844
0.862638
0.884026
0.904888
0.923544
0.938902
0.950559
0.95863
0.963364
0.965092
0.964227
0.961209
0.956553
0.950695
0.944043
0.936826
0.929186
0.921222
0.913129
0.905299
0.898224
0.892499
0.888762
0.887531
0.889108
0.893496
0.900388
0.909308
0.91948
0.929895
0.939472
0.9472
0.952395
0.955104
0.955982
0.956183
0.956994
0.959307
0.963374
0.968611
0.973892
0.978056
0.980348
0.980548
0.978978
0.976153
0.972605
0.968509
0.963658
0.957556
0.949768
0.940234
0.929653
0.919574
0.911993
0.908782
0.910928
0.918255
0.929565
0.943193
0.957428
0.970758
0.981999
0.990264
0.995097
0.996441
0.994554
0.989942
0.983194
0.974995
0.965875
0.956321
0.946624
0.936897
0.927154
0.917443
0.908138
0.90016
0.894675
0.892349
0.89273
0.894272
0.895071
0.89379
0.890184
0.885162
0.880445
0.878174
0.880333
0.888209
0.901976
0.920617
0.941978
0.963373
0.982276
0.996954
1.00686
1.01239
1.01446
1.01402
1.01163
1.00763
1.0024
0.996522
0.99078
0.986122
0.9834
0.983058
0.98483
0.987693
0.990071
0.990173
0.986456
0.977934
0.964758
0.948146
0.930293
0.913757
0.900747
0.892747
0.890185
0.892419
0.898064
0.905331
0.91249
0.917998
0.920828
0.920471
0.916976
0.910763
0.902431
0.892797
0.883007
0.874556
0.869218
0.868525
0.873219
0.883046
0.896879
0.913226
0.930717
0.948056
0.963993
0.977338
0.987108
0.992688
0.993998
0.991665
0.986809
0.980803
0.974875
0.969762
0.965498
0.961567
0.95729
0.95209
0.945747
0.938319
0.930051
0.921187
0.911835
0.902187
0.892767
0.88463
0.879484
0.879199
0.885262
0.898069
0.916464
0.937975
0.959558
0.978343
0.992144
0.999809
1.00123
0.9974
0.990105
0.981875
0.975327
0.972337
0.973575
0.978501
0.985905
0.994475
1.00308
1.01072
1.0164
1.01914
1.01771
1.0111
0.998658
0.980359
0.956801
0.929228
0.899257
0.868788
0.839999
0.815176
0.796621
0.786424
0.786145
0.796424
0.816587
0.844632
0.877446
0.911285
0.942307
0.967212
0.983713
0.990787
0.98885
0.979501
0.965291
0.949098
0.933666
0.921273
0.913651
0.912098
0.917398
0.929743
0.948543
0.972243
0.998365
1.02371
1.04476
1.05825
1.06156
1.05328
1.03348
1.00381
0.967423
0.928485
0.891642
0.861239
0.840596
0.831492
0.833878
0.846115
0.865431
0.888568
0.912451
0.934701
0.953954
0.969926
0.983045
0.994025
1.00327
1.01063
1.01534
1.01639
1.01292
1.00472
0.992461
0.977472
0.961369
0.945345
0.929943
0.914916
0.899423
0.882585
0.86405
0.844389
0.825392
0.809704
0.80027
0.799522
0.808683
0.827346
0.853334
0.883302
0.913342
0.939896
0.960403
0.97374
0.980213
0.98117
0.978657
0.974934
0.972004
0.97136
0.973682
0.97886
0.986053
0.994038
1.00146
1.0071
1.01018
1.01036
1.0076
1.0021
0.994164
0.984101
0.972181
0.958617
0.943646
0.927536
0.910846
0.894554
0.880028
0.868718
0.861649
0.859003
0.860244
0.864607
0.871395
0.880072
0.890066
0.900759
0.911612
0.922377
0.933078
0.94389
0.954903
0.965845
0.976148
0.985084
0.99215
0.997424
1.00174
1.00646
1.01273
1.02079
1.02986
1.03844
1.04497
1.04829
1.04763
1.04262
1.03321
1.01944
1.00171
0.980952
0.958861
0.937624
0.919287
0.905309
0.896043
0.89078
0.888113
0.886587
0.885177
0.883461
0.881377
0.878949
0.876037
0.872167
0.866718
0.859148
0.849342
0.837696
0.825143
0.813022
0.802804
0.795958
0.793735
0.797174
0.806862
0.822836
0.844448
0.87046
0.899222
0.928934
0.957954
0.985018
1.00923
1.03002
1.04692
1.05946
1.06709
1.06931
1.06592
1.05717
1.04384
1.02731
1.0093
0.99162
0.975822
0.963013
0.953742
0.947997
0.945322
0.945014
0.946297
0.948526
0.951294
0.954323
0.957436
0.960302
0.962497
0.963529
0.963023
0.961094
0.958238
0.955225
0.95266
0.950483
0.947919
0.943765
0.93692
0.92702
0.914657
0.901345
0.888881
0.878879
0.872306
0.869652
0.871135
0.876909
0.886854
0.900505
0.917138
0.935939
0.956124
0.976697
0.996107
1.01188
1.02083
1.01999
1.00775
0.984874
0.954235
0.920233
0.887778
0.861255
0.843604
0.836118
0.838713
0.85033
0.869061
0.892175
0.916583
0.939161
0.957243
0.968981
0.973489
0.971102
0.963368
0.952667
0.941931
0.934109
0.931543
0.935513
0.94582
0.960774
0.977674
0.993573
1.00604
1.01351
1.01533
1.01176
1.00352
0.99174
0.977675
0.96271
0.948296
0.935731
0.926171
0.920314
0.918139
0.918876
0.921174
0.92335
0.923986
0.922307
0.918375
0.912987
0.907407
0.902836
0.900253
0.900228
0.903196
0.909818
0.920808
0.936563
0.956549
0.97904
1.00137
1.02075
1.03517
1.04365
1.04593
1.04199
1.03182
1.01577
0.994715
0.97023
0.944341
0.919251
0.897019
0.879422
0.86797
0.863912
0.86812
0.880621
0.900259
0.924611
0.950587
0.975189
0.996098
1.01198
1.02222
1.02648
1.02463
1.01678
1.00352
0.986007
0.965833
0.94467
0.923904
0.904355
0.886408
0.870227
0.856216
0.845078
0.837807
0.835409
0.83864
0.847697
0.861988
0.880297
0.900965
0.922325
0.942994
0.962145
0.979216
0.993773
1.00539
1.01348
1.01741
1.01671
1.01112
1.00081
0.986539
0.969739
0.952406
0.936944
0.925771
0.920746
0.922607
0.930799
0.943591
0.958516
0.972876
0.984271
0.990848
0.991554
0.986175
0.975279
0.959849
0.941192
0.920737
0.899925
0.880309
0.86362
0.851935
0.847324
0.851132
0.863243
0.882012
0.904831
0.928983
0.952095
0.972357
0.988462
0.999633
1.00538
1.00556
1.00024
0.989729
0.974643
0.956049
0.935633
0.915459
0.897793
0.884489
0.87658
0.874057
0.876078
0.881359
0.888438
0.895853
0.902356
0.906924
0.909036
0.90864
0.906492
0.904075
0.903211
0.905566
0.912091
0.922645
0.93599
0.950014
0.962512
0.971674
0.976799
0.978525
0.978743
0.97988
0.98376
0.990812
0.999986
1.0092
1.01602
1.01857
1.01598
1.00845
0.997229
0.984164
0.971118
0.959551
0.950237
0.943286
0.938379
0.935031
0.932705
0.931027
0.929828
0.929158
0.929138
0.929765
0.930621
0.931042
0.930383
0.928342
0.925218
0.921894
0.919522
0.919045
0.920724
0.923957
0.927475
0.929936
0.930498
0.928964
0.925796
0.9217
0.917462
0.913676
0.910683
0.90867
0.907903
0.908694
0.911208
0.915378
0.920744
0.92657
0.932066
0.9366
0.939889
0.942058
