-6.85548
-6.85162
-6.84906
-6.85039
-6.85156
-6.85645
-6.86371
-6.86978
-6.87568
-6.87967
-6.88323
-6.88462
-6.88552
-6.88551
-6.88486
-6.88787
-6.89266
-6.90148
-6.91223
-6.92581
-6.94161
-6.95577
-6.96702
-6.97578
-6.97967
-6.98112
-6.97333
-6.96264
-6.94549
-6.92343
-6.89922
-6.87367
-6.84588
-6.81873
-6.79451
-6.7758
-6.76171
-6.75708
-6.76101
-6.77461
-6.79692
-6.82524
-6.8578
-6.88928
-6.9187
-6.94275
-6.96053
-6.97226
-6.97772
-6.97565
-6.97193
-6.96249
-6.94863
-6.93242
-6.91626
-6.89614
-6.88025
-6.8663
-6.85941
-6.85525
-6.85639
-6.86363
-6.86896
-6.87454
-6.88276
-6.88868
-6.89282
-6.89358
-6.88757
-6.87564
-6.85998
-6.84344
-6.82944
-6.82065
-6.82133
-6.82811
-6.84056
-6.85858
-6.87765
-6.89615
-6.91162
-6.92476
-6.93348
-6.93999
-6.94092
-6.94036
-6.93474
-6.92856
-6.91989
-6.90818
-6.89945
-6.89038
-6.88309
-6.88036
-6.88602
-6.89568
-6.90975
-6.92421
-6.93654
-6.94427
-6.94227
-6.93646
-6.92146
-6.90096
-6.87964
-6.86014
-6.84473
-6.83461
-6.83479
-6.84179
-6.85766
-6.87717
-6.89925
-6.9186
-6.93596
-6.95052
-6.95836
-6.95857
-6.95357
-6.94258
-6.92928
-6.91723
-6.90568
-6.89643
-6.88904
-6.88641
-6.88071
-6.87655
-6.86993
-6.85896
-6.84241
-6.82473
-6.80392
-6.78426
-6.76876
-6.75876
-6.75667
-6.76466
-6.78343
-6.80948
-6.8375
-6.86691
-6.89347
-6.91736
-6.93555
-6.94926
-6.95302
-6.95259
-6.95083
-6.9421
-6.94041
-6.93831
-6.93757
-6.94081
-6.94903
-6.9623
-6.97487
-6.98809
-6.99847
-7.00652
-7.01047
-7.01315
-7.00652
-6.98732
-6.96749
-6.94228
-6.9138
-6.88956
-6.86501
-6.84291
-6.82428
-6.8096
-6.79873
-6.79192
-6.78931
-6.79016
-6.79729
-6.80725
-6.82343
-6.84288
-6.86565
-6.88983
-6.91242
-6.93588
-6.95452
-6.96079
-6.96514
-6.96198
-6.95384
-6.94445
-6.92985
-6.9164
-6.90197
-6.88872
-6.87965
-6.87271
-6.874
-6.87975
-6.89206
-6.90669
-6.92021
-6.93333
-6.93783
-6.94016
-6.93709
-6.92346
-6.90497
-6.88422
-6.86338
-6.84379
-6.82879
-6.81722
-6.81226
-6.81052
-6.81751
-6.82688
-6.84013
-6.85304
-6.87112
-6.88657
-6.90051
-6.91275
-6.92162
-6.926
-6.92912
-6.92962
-6.92981
-6.92996
-6.92987
-6.92763
-6.92449
-6.91636
-6.90766
-6.89759
-6.88592
-6.87394
-6.8665
-6.8614
-6.85995
-6.86331
-6.86987
-6.87808
-6.88811
-6.89396
-6.899
-6.89815
-6.89328
-6.88404
-6.87215
-6.86104
-6.8487
-6.83868
-6.83548
-6.83715
-6.84032
-6.8457
-6.85177
-6.85626
-6.86181
-6.86785
-6.87572
-6.88366
-6.89297
-6.89797
-6.90147
-6.90662
-6.90613
-6.90543
-6.90682
-6.90671
-6.90631
-6.90759
-6.90813
-6.90937
-6.90838
-6.90376
-6.89578
-6.88793
-6.87882
-6.87369
-6.87121
-6.87066
-6.8711
-6.87247
-6.87504
-6.87664
-6.88163
-6.88811
-6.89509
-6.90084
-6.90491
-6.9031
-6.8972
-6.88573
-6.87037
-6.85129
-6.83331
-6.81897
-6.81111
-6.81001
-6.8164
-6.83071
-6.84892
-6.86583
-6.88235
-6.89751
-6.90781
-6.91936
-6.92638
-6.93157
-6.93239
-6.92828
-6.91886
-6.90857
-6.89474
-6.88288
-6.8749
-6.87054
-6.87076
-6.87351
-6.87728
-6.8821
-6.8921
-6.90137
-6.91284
-6.92132
-6.9278
-6.93031
-6.92996
-6.92823
-6.92963
-6.92738
-6.92436
-6.91917
-6.91506
-6.91059
-6.90812
-6.90252
-6.89679
-6.88934
-6.88107
-6.87208
-6.86269
-6.85929
-6.85948
-6.86186
-6.87015
-6.8819
-6.89316
-6.90476
-6.91704
-6.9276
-6.93718
-6.94789
-6.95741
-6.96437
-6.97109
-6.96991
-6.96509
-6.95527
-6.94182
-6.92674
-6.91191
-6.89852
-6.88341
-6.86997
-6.85501
-6.83974
-6.8231
-6.80617
-6.78932
-6.78288
-6.782
-6.78746
-6.80215
-6.82284
-6.84482
-6.86616
-6.88546
-6.90009
-6.91193
-6.91976
-6.9221
-6.91962
-6.91186
-6.89887
-6.88718
-6.87789
-6.86825
-6.85953
-6.85437
-6.85574
-6.86185
-6.86814
-6.87638
-6.88558
-6.89699
-6.91079
-6.9199
-6.92446
-6.92637
-6.92398
-6.9171
-6.90594
-6.89485
-6.88872
-6.88181
-6.87831
-6.87124
-6.86664
-6.86065
-6.85841
-6.85712
-6.86059
-6.86791
-6.88048
-6.89547
-6.91331
-6.93541
-6.95231
-6.96422
-6.97354
-6.9783
-6.97345
-6.96642
-6.95749
-6.94491
-6.92902
-6.91829
-6.90661
-6.89855
-6.89194
-6.88752
-6.88653
-6.88576
-6.88517
-6.8837
-6.88191
-6.88189
-6.88487
-6.88797
-6.88808
-6.88857
-6.88601
-6.88089
-6.8758
-6.87235
-6.86759
-6.86499
-6.86418
-6.86224
-6.857
-6.84871
-6.83965
-6.82871
-6.82028
-6.81339
-6.81321
-6.81963
-6.83146
-6.84455
-6.85804
-6.87128
-6.88179
-6.88592
-6.88857
-6.88738
-6.88413
-6.87841
-6.87678
-6.87508
-6.87969
-6.88614
-6.89852
-6.91443
-6.93391
-6.95635
-6.98004
-6.99777
-7.01189
-7.01739
-7.01863
-7.00997
-6.99478
-6.97137
-6.94805
-6.92475
-6.90449
-6.88406
-6.87052
-6.85719
-6.84736
-6.8373
-6.831
-6.83006
-6.83294
-6.83885
-6.84923
-6.86177
-6.87248
-6.88168
-6.88612
-6.88725
-6.88423
-6.8779
-6.871
-6.86024
-6.85003
-6.83949
-6.83433
-6.83332
-6.83497
-6.84291
-6.85142
-6.86206
-6.87225
-6.88174
-6.89195
-6.89759
-6.90247
-6.90155
-6.90139
-6.90055
-6.90019
-6.9007
-6.89809
-6.89625
-6.8923
-6.88848
-6.88484
-6.88243
-6.87897
-6.88018
-6.88636
-6.89316
-6.90203
-6.9104
-6.91803
-6.92334
-6.9253
-6.92941
-6.92872
-6.92657
-6.92519
-6.92404
-6.92315
-6.92153
-6.91931
-6.91764
-6.91319
-6.90483
-6.89231
-6.87916
-6.86116
-6.84376
-6.82768
-6.81564
-6.81011
-6.80965
-6.81298
-6.82102
-6.83282
-6.84477
-6.86186
-6.87778
-6.89615
-6.91224
-6.92843
-6.93852
-6.94737
-6.95285
-6.95332
-6.94762
-6.94061
-6.92826
-6.91422
-6.89867
-6.88388
-6.87414
-6.87193
-6.87918
-6.89341
-6.90908
-6.92449
-6.93995
-6.95047
-6.95216
-6.95246
-6.94932
-6.93999
-6.9315
-6.92262
-6.90938
-6.89732
-6.8866
-6.87706
-6.86678
-6.859
-6.85959
-6.86354
-6.87467
-6.88689
-6.90262
-6.91935
-6.93177
-6.93886
-6.93759
-6.9274
-6.91396
-6.89523
-6.87381
-6.8562
-6.84106
-6.83107
-6.82547
-6.82215
-6.81944
-6.81655
-6.8188
-6.82373
-6.83336
-6.84533
-6.85812
-6.87139
-6.88626
-6.89594
-6.9074
-6.9175
-6.92591
-6.9344
-6.93699
-6.93615
-6.93402
-6.93322
-6.92975
-6.93081
-6.93136
-6.93146
-6.92624
-6.91875
-6.91288
-6.90784
-6.89991
-6.89652
-6.89705
-6.90459
-6.91612
-6.9272
-6.9397
-6.94923
-6.95597
-6.95812
-6.95305
-6.94376
-6.93034
-6.91801
-6.9014
-6.887
-6.87551
-6.86451
-6.85884
-6.85474
-6.855
-6.85679
-6.85846
-6.86061
-6.86189
-6.86602
-6.86687
-6.86761
-6.8627
-6.85538
-6.84718
-6.8356
-6.82335
-6.81248
-6.8031
-6.79924
-6.79786
-6.79881
-6.80273
-6.81132
-6.82731
-6.84596
-6.86635
-6.88852
-6.90638
-6.92499
-6.94309
-6.95928
-6.97049
-6.98102
-6.98873
-6.99495
-6.99857
-6.99436
-6.98402
-6.96673
-6.94789
-6.92943
-6.90973
-6.89056
-6.87695
-6.86777
-6.8624
-6.86379
-6.87164
-6.87905
-6.89174
-6.90339
-6.91261
-6.92111
-6.92515
-6.92595
-6.92714
-6.92233
-6.91868
-6.91234
-6.90908
-6.90467
-6.90497
-6.9089
-6.91439
-6.92143
-6.93114
-6.93598
-6.93656
-6.93413
-6.92341
-6.90613
-6.88407
-6.85927
-6.83003
-6.8001
-6.77283
-6.75073
-6.73879
-6.7381
-6.74811
-6.76783
-6.79017
-6.81771
-6.84625
-6.87027
-6.89381
-6.9127
-6.93122
-6.94709
-6.96086
-6.97376
-6.98334
-6.98841
-6.99139
-6.98724
-6.97943
-6.96724
-6.95112
-6.92858
-6.90753
-6.88782
-6.87211
-6.86208
-6.85486
-6.85196
-6.85276
-6.85976
-6.87263
-6.88923
-6.90812
-6.92592
-6.94383
-6.95441
-6.96097
-6.96346
-6.95833
-6.95055
-6.93873
-6.92671
-6.91601
-6.90556
-6.89768
-6.89039
-6.88645
-6.88539
-6.88679
-6.88758
-6.88359
-6.8796
-6.87566
-6.86707
-6.8574
-6.84651
-6.83749
-6.83067
-6.82436
-6.82178
-6.82035
-6.8193
-6.81932
-6.82034
-6.8254
-6.83352
-6.84426
-6.85809
-6.87239
-6.88892
-6.90467
-6.92007
-6.93651
-6.95144
-6.96197
-6.97167
-6.97973
-6.98561
-6.98741
-6.98532
-6.9832
-6.97658
-6.96743
-6.95619
-6.94137
-6.92615
-6.91068
-6.89368
-6.87809
-6.86533
-6.85627
-6.85112
-6.85048
-6.85757
-6.86733
-6.87976
-6.89565
-6.91193
-6.9246
-6.93209
-6.93376
-6.9297
-6.91991
-6.90839
-6.89634
-6.88533
-6.87539
-6.86819
-6.86509
-6.86353
-6.86818
-6.87523
-6.88327
-6.88958
-6.89519
-6.89816
-6.8973
-6.89081
-6.88839
-6.88448
-6.87901
-6.87571
-6.87603
-6.87942
-6.884
-6.89142
-6.89777
-6.9015
-6.90476
-6.90156
-6.89322
-6.88084
-6.8683
-6.85168
-6.83728
-6.83002
-6.83092
-6.83978
-6.85479
-6.87291
-6.88873
-6.90399
-6.91441
-6.91937
-6.92502
-6.92824
-6.92949
-6.9323
-6.93244
-6.93467
-6.93349
-6.92807
-6.92002
-6.9085
-6.89362
-6.87887
-6.86108
-6.84514
-6.83528
-6.83269
-6.83827
-6.85011
-6.86475
-6.88451
-6.89791
-6.91104
-6.9147
-6.91247
-6.90665
-6.89716
-6.8845
-6.87023
-6.86113
-6.85405
-6.84957
-6.84583
-6.8397
-6.83546
-6.8331
-6.84016
-6.85247
-6.87422
-6.8985
-6.92256
-6.94384
-6.96128
-6.97283
-6.98431
-6.98673
-6.9897
-6.99112
-6.98945
-6.98993
-6.98497
-6.97712
-6.96463
-6.95027
-6.93019
-6.90395
-6.87938
-6.85901
-6.84082
-6.82869
-6.82473
-6.82614
-6.83329
-6.84325
-6.85412
-6.86408
-6.87431
-6.88611
-6.89413
-6.90311
-6.90846
-6.91257
-6.91313
-6.91544
-6.91177
-6.90411
-6.89831
-6.89263
-6.88668
-6.88538
-6.88567
-6.89065
-6.89895
-6.90869
-6.9186
-6.93416
-6.94674
-6.95534
-6.96131
-6.95999
-6.95329
-6.93986
-6.92451
-6.90479
-6.88434
-6.86445
-6.84394
-6.83213
-6.82535
-6.82514
-6.83174
-6.84095
-6.85271
-6.85906
-6.86385
-6.86369
-6.86444
-6.8623
-6.8608
-6.86359
-6.86843
-6.87933
-6.89123
-6.90582
-6.9182
-6.92851
-6.93515
-6.93758
-6.93778
-6.93402
-6.92703
-6.92204
-6.91754
-6.91894
-6.92599
-6.93478
-6.94046
-6.94619
-6.94428
-6.93885
-6.92491
-6.90387
-6.88068
-6.85637
-6.8321
-6.8125
-6.79443
-6.77851
-6.77047
-6.76548
-6.76654
-6.77393
-6.78997
-6.81173
-6.84094
-6.87582
-6.91112
-6.94599
-6.97709
-7.00638
-7.02622
-7.03821
-7.04365
-7.03655
-7.02221
-7.00192
-6.9757
-6.94618
-6.91939
-6.89345
-6.87509
-6.86692
-6.86682
-6.87046
-6.87978
-6.8877
-6.89252
-6.8967
-6.89584
-6.88524
-6.87407
-6.86056
-6.84219
-6.82816
-6.81316
-6.80536
-6.80455
-6.81009
-6.82013
-6.83578
-6.8563
-6.87025
-6.88484
-6.89432
-6.90195
-6.90926
-6.91906
-6.92838
-6.9402
-6.95089
-6.95788
-6.96052
-6.95981
-6.95485
-6.94547
-6.93246
-6.91423
-6.89491
-6.87935
-6.86643
-6.85733
-6.85652
-6.86262
-6.87591
-6.89201
-6.9057
-6.91262
-6.91509
-6.91136
-6.89936
-6.88334
-6.86424
-6.84398
-6.82657
-6.81269
-6.8062
-6.80498
-6.80928
-6.82087
-6.83193
-6.84442
-6.85644
-6.86914
-6.88101
-6.89282
-6.90431
-6.91626
-6.92298
-6.92851
-6.93453
-6.93745
-6.93877
-6.93877
-6.93841
-6.93351
-6.92602
-6.91487
-6.90347
-6.88696
-6.87066
-6.85397
-6.84303
-6.8353
-6.83171
-6.83207
-6.8336
-6.83959
-6.84387
-6.85239
-6.85901
-6.86432
-6.86925
-6.87372
-6.87787
-6.88215
-6.8857
-6.89246
-6.90316
-6.91556
-6.92936
-6.94253
-6.95076
-6.95742
-6.96017
-6.95405
-6.94228
-6.92896
-6.91142
-6.89256
-6.87064
-6.84969
-6.8293
-6.81411
-6.8022
-6.79599
-6.79791
-6.80561
-6.8201
-6.83557
-6.85567
-6.87916
-6.89801
-6.91173
-6.9237
-6.92807
-6.92858
-6.92479
-6.91859
-6.91052
-6.90372
-6.9029
-6.90464
-6.90655
-6.91438
-6.92259
-6.9271
-6.92931
-6.92757
-6.92125
-6.91137
-6.90163
-6.88952
-6.87469
-6.86307
-6.85133
-6.84427
-6.84016
-6.84208
-6.85109
-6.86368
-6.87732
-6.89083
-6.90179
-6.9079
-6.91275
-6.91157
-6.9063
-6.89828
-6.89181
-6.88493
-6.87804
-6.87525
-6.87276
-6.87123
-6.86836
-6.86967
-6.87336
-6.87874
-6.88823
-6.89715
-6.91396
-6.93094
-6.94608
-6.95869
-6.96932
-6.97489
-6.97564
-6.96637
-6.95024
-6.92746
-6.9038
-6.87379
-6.84747
-6.82457
-6.80615
-6.79759
-6.79192
-6.79614
-6.80409
-6.81609
-6.83039
-6.84564
-6.86099
-6.8763
-6.89153
-6.90594
-6.92215
-6.93801
-6.95177
-6.9638
-6.97135
-6.97532
-6.97495
-6.96716
-6.95751
-6.94495
-6.92979
-6.90969
-6.89194
-6.87135
-6.85303
-6.83937
-6.8332
-6.83787
-6.84411
-6.85491
-6.86722
-6.87832
-6.88642
-6.8939
-6.89423
-6.89234
-6.88396
-6.87331
-6.86076
-6.85252
-6.84638
-6.84728
-6.85118
-6.85999
-6.87588
-6.89166
-6.91353
-6.93408
-6.95722
-6.97852
-6.99556
-7.00881
-7.01304
-7.01261
-7.0042
-6.98957
-6.96738
-6.94107
-6.90997
-6.87435
-6.83931
-6.80533
-6.77379
-6.74887
-6.73815
-6.73681
-6.75092
-6.77114
-6.79941
-6.83095
-6.864
-6.89751
-6.92581
-6.94745
-6.96
-6.96789
-6.97075
-6.96936
-6.96463
-6.95626
-6.94585
-6.93778
-6.9254
-6.91204
-6.89968
-6.88779
-6.87897
-6.87668
-6.87735
-6.88212
-6.88861
-6.89415
-6.89613
-6.89447
-6.89049
-6.88145
-6.86848
-6.85806
-6.85359
-6.85416
-6.86102
-6.87452
-6.89161
-6.91417
-6.93031
-6.94258
-6.95
-6.94963
-6.94637
-6.93549
-6.92004
-6.90491
-6.89264
-6.87783
-6.86558
-6.85471
-6.84869
-6.84881
-6.85286
-6.86254
-6.87205
-6.88113
-6.88938
-6.896
-6.89678
-6.89632
-6.89167
-6.8835
-6.87593
-6.86606
-6.85598
-6.84717
-6.83842
-6.83622
-6.83754
-6.8413
-6.84631
-6.85447
-6.86238
-6.87389
-6.88724
-6.89803
-6.90684
-6.91677
-6.92261
-6.92762
-6.92707
-6.92207
-6.91553
-6.90868
-6.90424
-6.90471
-6.91016
-6.91972
-6.93074
-6.9446
-6.95663
-6.96498
-6.9662
-6.96142
-6.94735
-6.92966
-6.90496
-6.87866
-6.85429
-6.8359
-6.8236
-6.82055
-6.82875
-6.84484
-6.86867
-6.8947
-6.91806
-6.94093
-6.95659
-6.96344
-6.96676
-6.96377
-6.95585
-6.94205
-6.9248
-6.90405
-6.88223
-6.86194
-6.84584
-6.83511
-6.83318
-6.83934
-6.85089
-6.86142
-6.87398
-6.88514
-6.89477
-6.90142
-6.90481
-6.90517
-6.90133
-6.89417
-6.88173
-6.86456
-6.84889
-6.83296
-6.82452
-6.82343
-6.82956
-6.84007
-6.85377
-6.87198
-6.88935
-6.90356
-6.91333
-6.92224
-6.92867
-6.9356
-6.93722
-6.93738
-6.93073
-6.9195
-6.90845
-6.8954
-6.88334
-6.87554
-6.87047
-6.87131
-6.87741
-6.88469
-6.89222
-6.89979
-6.90459
-6.9105
-6.91575
-6.91977
-6.92133
-6.92479
-6.92754
-6.93202
-6.93551
-6.93692
-6.93489
-6.93348
-6.93276
-6.92873
-6.92532
-6.92175
-6.91611
-6.90825
-6.90081
-6.89071
-6.88345
-6.879
-6.87496
-6.87144
-6.86957
-6.86957
-6.86952
-6.86651
-6.86093
-6.85459
-6.84753
-6.84001
-6.83033
-6.8205
-6.81189
-6.80501
-6.79846
-6.7977
-6.80038
-6.80633
-6.81624
-6.83214
-6.84743
-6.86338
-6.88262
-6.90072
-6.91695
-6.92868
-6.93918
-6.95027
-6.95652
-6.95717
-6.95663
-6.9565
-6.95603
-6.95117
-6.94642
-6.94433
-6.94521
-6.94729
-6.94974
-6.94888
-6.94617
-6.94001
-6.9286
-6.91334
-6.89683
-6.87687
-6.85446
-6.83298
-6.81547
-6.80099
-6.78746
-6.78523
-6.78787
-6.79717
-6.81073
-6.82966
-6.85309
-6.8758
-6.89602
-6.91329
-6.92052
-6.92438
-6.92361
-6.91357
-6.90122
-6.88832
-6.88106
-6.8829
-6.88715
-6.89689
-6.90857
-6.91719
-6.91684
-6.91521
-6.90728
-6.89602
-6.88081
-6.86328
-6.84725
-6.83528
-6.82929
-6.83138
-6.83738
-6.85211
-6.87079
-6.89009
-6.90979
-6.92925
-6.94693
-6.96336
-6.9755
-6.98668
-6.99325
-6.99174
-6.98353
-6.97107
-6.95114
-6.93085
-6.91136
-6.89526
-6.88459
-6.8789
-6.87983
-6.88025
-6.88196
-6.88442
-6.88279
-6.87955
-6.87437
-6.86402
-6.85315
-6.84629
-6.84008
-6.83678
-6.83864
-6.8411
-6.85036
-6.86062
-6.87252
-6.88265
-6.89454
-6.90468
-6.91653
-6.92595
-6.93295
-6.94059
-6.94407
-6.94682
-6.948
-6.94608
-6.94463
-6.93676
-6.93033
-6.91805
-6.90065
-6.88237
-6.86213
-6.83995
-6.82027
-6.80455
-6.79324
-6.78677
-6.78573
-6.79013
-6.79883
-6.81278
-6.82756
-6.84482
-6.86347
-6.88415
-6.90527
-6.92275
-6.93376
-6.94215
-6.94863
-6.94995
-6.94977
-6.94865
-6.94806
-6.95154
-6.95793
-6.96966
-6.97828
-6.99026
-7.00046
-7.00985
-7.01907
-7.0197
-7.0144
-7.00102
-6.97614
-6.94372
-6.90366
-6.86184
-6.82185
-6.78704
-6.76527
-6.76003
-6.76823
-6.78943
-6.81852
-6.85098
-6.87964
-6.90575
-6.9243
-6.93643
-6.93952
-6.9364
-6.9301
-6.92081
-6.91084
-6.90631
-6.90384
-6.90422
-6.90147
-6.90062
-6.89992
-6.89827
-6.89576
-6.89548
-6.89232
-6.88861
-6.88692
-6.88465
-6.88221
-6.88266
-6.87885
-6.87491
-6.87322
-6.86952
-6.86899
-6.86749
-6.86408
-6.86541
-6.86792
-6.87318
-6.88027
-6.89104
-6.90456
-6.91799
-6.93139
-6.94083
-6.9444
-6.94444
-6.94114
-6.93227
-6.91585
-6.90047
-6.88525
-6.87135
-6.86193
-6.85237
-6.84742
-6.84495
-6.84407
-6.84711
-6.85461
-6.85699
-6.86168
-6.86884
-6.87491
-6.88492
-6.89455
-6.90706
-6.91793
-6.92783
-6.93482
-6.94067
-6.94113
-6.93591
-6.9283
-6.91616
-6.90049
-6.88432
-6.86972
-6.85927
-6.8553
-6.85826
-6.86779
-6.8811
-6.8962
-6.91126
-6.9253
-6.93535
-6.93772
-6.9375
-6.93352
-6.92255
-6.91005
-6.89656
-6.88169
-6.86704
-6.85586
-6.84856
-6.84617
-6.84407
-6.84383
-6.84168
-6.84101
-6.83737
-6.83648
-6.84027
-6.84927
-6.86298
-6.8795
-6.89561
-6.9124
-6.92389
-6.93317
-6.94131
-6.94665
-6.95283
-6.95465
-6.95701
-6.95742
-6.95493
-6.94968
-6.94552
-6.93824
-6.92593
-6.91586
-6.90419
-6.89235
-6.88185
-6.87501
-6.87366
-6.8779
-6.88211
-6.88864
-6.90015
-6.91152
-6.92105
-6.92807
-6.93173
-6.92725
-6.91973
-6.90618
-6.88958
-6.86785
-6.84613
-6.82309
-6.80582
-6.79615
-6.79763
-6.80673
-6.82693
-6.85066
-6.8774
-6.9005
-6.92032
-6.93652
-6.94849
-6.95815
-6.96617
-6.97072
-6.96707
-6.96241
-6.95434
-6.94067
-6.92693
-6.91285
-6.89876
-6.88163
-6.86332
-6.8461
-6.8313
-6.81948
-6.81287
-6.81436
-6.82401
-6.84012
-6.85984
-6.88099
-6.90259
-6.91935
-6.93012
-6.93609
-6.93154
-6.92211
-6.9113
-6.89982
-6.88996
-6.88576
-6.88558
-6.88977
-6.89655
-6.907
-6.91845
-6.92961
-6.94218
-6.95431
-6.96237
-6.96984
-6.96868
-6.96663
-6.96211
-6.95311
-6.94165
-6.92666
-6.91429
-6.89971
-6.88499
-6.87044
-6.85881
-6.84581
-6.83726
-6.8353
-6.83617
-6.84402
-6.86036
-6.88457
-6.90746
-6.93166
-6.94911
-6.96119
-6.96732
-6.96683
-6.96201
-6.95047
-6.93467
-6.91914
-6.90091
-6.88869
-6.87685
-6.86596
-6.85936
-6.85628
-6.85383
-6.85617
-6.85552
-6.85444
-6.85213
-6.84583
-6.83917
-6.8314
-6.82513
-6.82384
-6.82593
-6.83411
-6.84693
-6.86275
-6.88038
-6.89738
-6.91203
-6.92336
-6.92896
-6.93192
-6.92942
-6.92433
-6.91914
-6.91303
-6.9081
-6.90296
-6.90468
-6.90803
-6.91728
-6.92477
-6.93149
-6.93469
-6.93304
-6.92518
-6.91494
-6.89929
-6.87853
-6.86149
-6.8483
-6.8433
-6.84854
-6.86003
-6.88002
-6.90413
-6.93048
-6.95589
-6.97684
-6.99377
-7.0015
-7.00171
-6.99592
-6.98174
-6.95886
-6.9344
-6.90904
-6.88381
-6.86554
-6.85028
-6.84446
-6.84742
-6.8499
-6.85696
-6.8667
-6.878
-6.88781
-6.89839
-6.90257
-6.90302
-6.89707
-6.88745
-6.87688
-6.86681
-6.85889
-6.85203
-6.85031
-6.84679
-6.84374
-6.83798
-6.83319
-6.83021
-6.82861
-6.83273
-6.83877
-6.8511
-6.86952
-6.88842
-6.9055
-6.92336
-6.93577
-6.94374
-6.94943
-6.94862
-6.94585
-6.93994
-6.93409
-6.92839
-6.92495
-6.92253
-6.91722
-6.91172
-6.90663
-6.90306
-6.90177
-6.89948
-6.89858
-6.89843
-6.89373
-6.8911
-6.88423
-6.87644
-6.87469
-6.87568
-6.88112
-6.89044
-6.90188
-6.91316
-6.92064
-6.92603
-6.9243
-6.9175
-6.90557
-6.89004
-6.871
-6.85702
-6.84682
-6.84293
-6.84799
-6.86137
-6.88072
-6.9009
-6.92181
-6.93699
-6.94595
-6.95158
-6.95151
-6.95182
-6.95006
-6.94691
-6.94752
-6.94941
-6.94807
-6.94434
-6.93592
-6.9226
-6.90475
-6.88523
-6.86524
-6.84861
-6.83896
-6.83493
-6.83843
-6.84472
-6.85375
-6.8584
-6.86035
-6.85983
-6.85294
-6.84303
-6.83415
-6.82603
-6.82324
-6.82556
-6.83232
-6.84195
-6.85537
-6.87226
-6.89048
-6.91185
-6.93267
-6.95141
-6.96741
-6.97732
-6.98065
-6.97704
-6.96709
-6.95417
-6.93822
-6.91937
-6.90888
-6.90445
-6.90844
-6.9164
-6.92754
-6.93989
-6.95322
-6.95892
-6.96254
-6.96419
-6.96221
-6.95793
-6.95244
-6.9506
-6.95085
-6.95068
-6.95162
-6.94863
-6.93995
-6.92563
-6.90639
-6.8805
-6.85142
-6.82412
-6.8004
-6.78382
-6.7768
-6.77522
-6.77908
-6.78684
-6.79177
-6.80172
-6.80999
-6.81986
-6.83077
-6.84111
-6.85499
-6.86831
-6.87783
-6.88912
-6.9016
-6.91027
-6.91508
-6.91527
-6.9098
-6.90114
-6.89003
-6.88095
-6.87499
-6.87311
-6.87397
-6.88344
-6.89634
-6.90973
-6.92699
-6.94247
-6.95186
-6.95637
-6.95457
-6.94536
-6.93477
-6.9178
-6.89901
-6.88453
-6.87352
-6.87026
-6.87145
-6.87794
-6.88677
-6.89886
-6.91299
-6.92728
-6.94103
-6.95416
-6.96686
-6.97655
-6.98341
-6.98751
-6.98683
-6.98432
-6.97936
-6.97118
-6.96104
-6.94557
-6.93168
-6.91471
-6.89985
-6.88643
-6.87452
-6.86616
-6.85934
-6.85039
-6.83904
-6.82777
-6.81647
-6.80403
-6.7963
-6.79367
-6.79575
-6.80036
-6.80941
-6.81854
-6.82771
-6.83749
-6.84686
-6.85708
-6.86866
-6.88078
-6.89417
-6.90543
-6.91891
-6.93318
-6.94646
-6.95231
-6.96083
-6.96637
-6.96951
-6.97386
-6.97731
-6.98413
-6.98901
-6.99481
-6.99821
-6.99728
-6.98894
-6.97951
-6.96569
-6.94699
-6.92948
-6.90699
-6.88079
-6.85719
-6.83209
-6.80953
-6.78692
-6.77028
-6.76063
-6.75257
-6.75271
-6.75862
-6.7711
-6.78998
-6.81269
-6.83746
-6.86226
-6.88698
-6.91083
-6.93138
-6.9497
-6.96306
-6.97188
-6.97602
-6.97705
-6.97613
-6.97291
-6.96731
-6.96073
-6.95145
-6.94289
-6.93825
-6.93433
-6.93303
-6.93323
-6.93523
-6.93564
-6.93212
-6.92535
-6.91515
-6.90339
-6.89268
-6.8835
-6.87697
-6.87153
-6.86737
-6.85844
-6.84892
-6.83839
-6.82746
-6.81707
-6.81316
-6.81152
-6.81855
-6.82966
-6.83987
-6.85067
-6.85545
-6.85617
-6.85206
-6.84538
-6.83515
-6.82789
-6.82522
-6.82758
-6.83642
-6.84669
-6.85731
-6.86766
-6.87621
-6.88072
-6.88416
-6.88412
-6.88924
-6.89599
-6.90543
-6.9174
-6.93549
-6.95367
-6.96721
-6.97845
-6.98789
-6.98927
-6.98464
-6.97065
-6.95358
-6.93801
-6.92364
-6.91243
-6.90162
-6.89395
-6.89076
-6.88638
-6.88647
-6.88906
-6.89485
-6.90151
-6.90828
-6.91702
-6.92236
-6.9287
-6.9299
-6.92986
-6.92529
-6.91759
-6.90513
-6.89087
-6.87359
-6.85973
-6.84727
-6.83762
-6.83105
-6.82901
-6.83266
-6.84331
-6.85754
-6.87452
-6.89286
-6.91097
-6.92738
-6.93979
-6.94833
-6.95093
-6.95017
-6.94577
-6.93365
-6.92123
-6.90733
-6.89331
-6.88036
-6.87011
-6.86044
-6.85462
-6.84733
-6.84704
-6.84462
-6.84452
-6.84826
-6.85086
-6.85485
-6.86073
-6.86567
-6.86893
-6.86707
-6.86508
-6.86247
-6.85815
-6.85726
-6.85966
-6.86722
-6.87994
-6.89036
-6.90321
-6.91756
-6.92995
-6.9418
-6.94762
-6.94968
-6.95059
-6.95042
-6.94806
-6.94532
-6.94579
-6.94703
-6.94585
-6.94288
-6.93852
-6.93366
-6.92786
-6.9189
-6.91
-6.89736
-6.88598
-6.87352
-6.86121
-6.85058
-6.84184
-6.8351
-6.82842
-6.82661
-6.82622
-6.82992
-6.83492
-6.84266
-6.84801
-6.85411
-6.8579
-6.86397
-6.86788
-6.86735
-6.86442
-6.86281
-6.86108
-6.85863
-6.86163
-6.86635
-6.87181
-6.87934
-6.88843
-6.90133
-6.91096
-6.9201
-6.92666
-6.92899
-6.92977
-6.92946
-6.92533
-6.92365
-6.92155
-6.9208
-6.9235
-6.92723
-6.93117
-6.93916
-6.94849
-6.95457
-6.9574
-6.9542
-6.94596
-6.93381
-6.91734
-6.89557
-6.87659
-6.85723
-6.83395
-6.81183
-6.79506
-6.78452
-6.78051
-6.79161
-6.81285
-6.84237
-6.87696
-6.91203
-6.94793
-6.97886
-7.00383
-7.01909
-7.02112
-7.00855
-6.98397
-6.95238
-6.92049
-6.89308
-6.87304
-6.86244
-6.85695
-6.85521
-6.8529
-6.85682
-6.86303
-6.86965
-6.87974
-6.89456
-6.90984
-6.92833
-6.94422
-6.95216
-6.95301
-6.94655
-6.9306
-6.91089
-6.88781
-6.8667
-6.84874
-6.83606
-6.82819
-6.82827
-6.83713
-6.85414
-6.88135
-6.91253
-6.94597
-6.97391
-6.99533
-7.00552
-7.00556
-6.99321
-6.97087
-6.94541
-6.92333
-6.89993
-6.88277
-6.86936
-6.85696
-6.85023
-6.84636
-6.84546
-6.84989
-6.85639
-6.86341
-6.87099
-6.87719
-6.88182
-6.88286
-6.88365
-6.8843
-6.88325
-6.88518
-6.88913
-6.89474
-6.90098
-6.90446
-6.91319
-6.9142
-6.91594
-6.91511
-6.91562
-6.91508
-6.91636
-6.91623
-6.91643
-6.90971
-6.90308
-6.89375
-6.88382
-6.87445
-6.86952
-6.87015
-6.87482
-6.88326
-6.89682
-6.91394
-6.92873
-6.94146
-6.95208
-6.95935
-6.95904
-6.95233
-6.94265
-6.9306
-6.91546
-6.90214
-6.88953
-6.87998
-6.87076
-6.86448
-6.85921
-6.85328
-6.8476
-6.84558
-6.84643
-6.84758
-6.85573
-6.86258
-6.87138
-6.87772
-6.88389
-6.88825
-6.88933
-6.88716
-6.88355
-6.8775
-6.8738
-6.87358
-6.87251
-6.86897
-6.86792
-6.86926
-6.86919
-6.87044
-6.87299
-6.87568
-6.88034
-6.88428
-6.88885
-6.89028
-6.88845
-6.88595
-6.88393
-6.881
-6.87825
-6.88037
-6.88319
-6.88774
-6.89066
-6.89371
-6.89626
-6.8983
-6.89988
-6.90225
-6.90414
-6.90381
-6.90271
-6.90332
-6.90251
-6.90779
-6.91747
-6.928
-6.94054
-6.95006
-6.95732
-6.95983
-6.95606
-6.94863
-6.9426
-6.93817
-6.93253
-6.93212
-6.93203
-6.93499
-6.93734
-6.93761
-6.93602
-6.93246
-6.92737
-6.91829
-6.90541
-6.88789
-6.86884
-6.84779
-6.82666
-6.81255
-6.8058
-6.80973
-6.82496
-6.84567
-6.87312
-6.90054
-6.92614
-6.94468
-6.95576
-6.95982
-6.95168
-6.93738
-6.91593
-6.89032
-6.86285
-6.83478
-6.80775
-6.792
-6.78465
-6.79165
-6.80715
-6.83096
-6.86193
-6.89125
-6.92199
-6.94957
-6.97293
-6.98997
-6.99881
-6.99669
-6.98473
-6.96951
-6.94542
-6.91483
-6.88339
-6.85471
-6.83149
-6.81871
-6.8129
-6.82305
-6.83942
-6.86227
-6.88286
-6.902
-6.91831
-6.92874
-6.93185
-6.93178
-6.92911
-6.92311
-6.91451
-6.90696
-6.89855
-6.88942
-6.88273
-6.87827
-6.87446
-6.86938
-6.86523
-6.86315
-6.86183
-6.85882
-6.85567
-6.8532
-6.85034
-6.84743
-6.84689
-6.84505
-6.84411
-6.84614
-6.84902
-6.85152
-6.85665
-6.86123
-6.86683
-6.87397
-6.88342
-6.89526
-6.90874
-6.9237
-6.93961
-6.9536
-6.96387
-6.97042
-6.97453
-6.97469
-6.96837
-6.95653
-6.93978
-6.91882
-6.89792
-6.87768
-6.85673
-6.84202
-6.82982
-6.82276
-6.8209
-6.82299
-6.82926
-6.83637
-6.84653
-6.8577
-6.87274
-6.89038
-6.91072
-6.9258
-6.94129
-6.95289
-6.95756
-6.96148
-6.96179
-6.96527
-6.96939
-6.97273
-6.97273
-6.973
-6.96928
-6.96224
-6.95364
-6.93737
-6.91729
-6.89443
-6.87101
-6.84809
-6.82615
-6.81019
-6.7979
-6.80051
-6.80991
-6.82438
-6.84699
-6.8727
-6.89758
-6.91616
-6.93273
-6.94083
-6.94187
-6.93196
-6.91655
-6.89652
-6.87091
-6.84994
-6.83321
-6.8232
-6.81881
-6.82556
-6.83596
-6.85012
-6.87043
-6.89451
-6.91996
-6.94365
-6.96153
-6.97354
-6.97974
-6.97685
-6.96667
-6.95501
-6.94031
-6.92672
-6.91097
-6.89463
-6.8778
-6.86352
-6.85052
-6.83959
-6.8295
-6.82141
-6.81724
-6.81441
-6.81224
-6.81145
-6.81599
-6.81944
-6.82607
-6.83762
-6.85158
-6.86896
-6.88641
-6.90634
-6.925
-6.93896
-6.94736
-6.95024
-6.9482
-6.94174
-6.93488
-6.9307
-6.92544
-6.9254
-6.92794
-6.93268
-6.94095
-6.95208
-6.96518
-6.97727
-6.98703
-6.99238
-6.99582
-6.99243
-6.9811
-6.96353
-6.93774
-6.90516
-6.86807
-6.83049
-6.79511
-6.76209
-6.7362
-6.72076
-6.71227
-6.71281
-6.72344
-6.74229
-6.7697
-6.79934
-6.83245
-6.8683
-6.89943
-6.92858
-6.95264
-6.9691
-6.97846
-6.98106
-6.97979
-6.97896
-6.97304
-6.96562
-6.95882
-6.95245
-6.95111
-6.94925
-6.9464
-6.9434
-6.93648
-6.92978
-6.9182
-6.90516
-6.89163
-6.8776
-6.86458
-6.85122
-6.83813
-6.82515
-6.8125
-6.80146
-6.79102
-6.78485
-6.78094
-6.78387
-6.79667
-6.81739
-6.84416
-6.87305
-6.90289
-6.92969
-6.95031
-6.96424
-6.97215
-6.9747
-6.96973
-6.95869
-6.94336
-6.92699
-6.90888
-6.89482
-6.88383
-6.88009
-6.87973
-6.88357
-6.88812
-6.89775
-6.90593
-6.91403
-6.92461
-6.93161
-6.93678
-6.94331
-6.94124
-6.93397
-6.92134
-6.90908
-6.89507
-6.88496
-6.87639
-6.87209
-6.86822
-6.86488
-6.86174
-6.85616
-6.84962
-6.84361
-6.83598
-6.82873
-6.8253
-6.82634
-6.83032
-6.83753
-6.85078
-6.86994
-6.89104
-6.9138
-6.93872
-6.95957
-6.97408
-6.98199
-6.98172
-6.97565
-6.96204
-6.94525
-6.9247
-6.90551
-6.88324
-6.86699
-6.85586
-6.84303
-6.8321
-6.82378
-6.82159
-6.82454
-6.8296
-6.84108
-6.85488
-6.87112
-6.88557
-6.89895
-6.90991
-6.91528
-6.91915
-6.91859
-6.91508
-6.91036
-6.90196
-6.89129
-6.88572
-6.88264
-6.8852
-6.88662
-6.894
-6.89958
-6.90671
-6.91305
-6.92035
-6.92919
-6.93696
-6.946
-6.95441
-6.96009
-6.96382
-6.95991
-6.95158
-6.93492
-6.91292
-6.886
-6.85522
-6.82555
-6.79649
-6.77486
-6.76273
-6.76177
-6.771
-6.78855
-6.81028
-6.83555
-6.86107
-6.88586
-6.90873
-6.9272
-6.94093
-6.95037
-6.95539
-6.96127
-6.96319
-6.96267
-6.96321
-6.96048
-6.95806
-6.95402
-6.94788
-6.94244
-6.93843
-6.93057
-6.92249
-6.91231
-6.90367
-6.89135
-6.87768
-6.86554
-6.85325
-6.84493
-6.83942
-6.83829
-6.84078
-6.84619
-6.85186
-6.85892
-6.86994
-6.88015
-6.88797
-6.8942
-6.90047
-6.90591
-6.9082
-6.90811
-6.90401
-6.89618
-6.88737
-6.87801
-6.86717
-6.86012
-6.85516
-6.85429
-6.85712
-6.86114
-6.86668
-6.87471
-6.88199
-6.88679
-6.8933
-6.8962
-6.89765
-6.89959
-6.90013
-6.90045
-6.90142
-6.90669
-6.91088
-6.91113
-6.90777
-6.90293
-6.8949
-6.88784
-6.88254
-6.88253
-6.883
-6.88599
-6.88968
-6.89584
-6.89736
-6.89689
-6.89343
-6.88781
-6.88275
-6.8753
-6.86671
-6.85656
-6.8473
-6.83815
-6.83331
-6.82925
-6.82788
-6.82889
-6.83367
-6.84184
-6.85018
-6.86302
-6.87807
-6.89945
-6.92076
-6.94139
-6.95766
-6.97207
-6.98226
-6.98161
-6.97433
-6.95961
-6.94036
-6.91845
-6.8972
-6.8804
-6.87097
-6.86686
-6.86661
-6.86843
-6.87195
-6.87619
-6.87713
-6.87225
-6.86516
-6.8535
-6.8436
-6.83588
-6.82878
-6.82925
-6.83727
-6.85053
-6.86373
-6.88069
-6.89499
-6.91186
-6.92398
-6.93883
-6.95338
-6.96077
-6.96506
-6.9684
-6.97012
-6.9688
-6.96632
-6.96014
-6.95396
-6.94261
-6.93337
-6.92134
-6.90658
-6.89323
-6.87879
-6.8636
-6.85045
-6.84015
-6.83037
-6.82532
-6.82577
-6.83199
-6.84701
-6.86473
-6.87982
-6.89748
-6.91416
-6.92434
-6.93125
-6.93655
-6.93756
-6.93474
-6.9299
-6.91998
-6.90492
-6.88601
-6.86568
-6.84653
-6.83114
-6.81985
-6.81335
-6.81422
-6.82234
-6.8363
-6.85474
-6.87588
-6.89605
-6.91683
-6.93176
-6.93789
-6.94036
-6.93584
-6.92541
-6.90858
-6.89098
-6.87213
-6.85972
-6.85193
-6.85313
-6.86043
-6.87344
-6.8886
-6.90305
-6.91661
-6.93112
-6.94363
-6.95262
-6.96101
-6.96312
-6.9623
-6.96221
-6.96071
-6.95776
-6.95592
-6.95484
-6.95495
-6.95468
-6.9565
-6.95166
-6.9472
-6.93586
-6.92163
-6.90148
-6.87898
-6.85633
-6.83974
-6.82938
-6.83048
-6.84082
-6.85654
-6.87312
-6.88958
-6.89973
-6.902
-6.90044
-6.8906
-6.87627
-6.8607
-6.84644
-6.83069
-6.81857
-6.8121
-6.8092
-6.80735
-6.807
-6.80871
-6.81192
-6.82015
-6.82975
-6.84125
-6.85471
-6.86944
-6.88394
-6.8973
-6.91161
-6.91957
-6.92668
-6.93146
-6.93526
-6.93917
-6.94158
-6.94777
-6.95138
-6.95491
-6.95486
-6.95306
-6.94935
-6.94325
-6.93398
-6.92479
-6.91902
-6.91328
-6.9077
-6.90813
-6.90902
-6.91272
-6.91847
-6.92584
-6.93181
-6.93649
-6.93981
-6.94493
-6.94651
-6.94337
-6.9316
-6.91631
-6.89609
-6.87682
-6.86358
-6.85265
-6.84193
-6.83329
-6.83119
-6.82896
-6.82937
-6.83229
-6.83707
-6.84405
-6.85116
-6.8576
-6.86576
-6.87441
-6.88289
-6.89107
-6.89713
-6.90367
-6.91001
-6.91517
-6.91959
-6.91804
-6.9156
-6.91156
-6.90513
-6.89834
-6.88673
-6.87153
-6.85769
-6.84071
-6.82577
-6.81157
-6.80169
-6.79586
-6.79439
-6.80013
-6.81038
-6.82185
-6.83396
-6.84761
-6.86239
-6.87578
-6.88895
-6.89794
-6.90634
-6.91258
-6.91443
-6.91757
-6.91888
-6.92191
-6.92488
-6.92574
-6.92564
-6.92484
-6.92058
-6.91363
-6.90628
-6.89688
-6.88694
-6.8777
-6.87326
-6.86556
-6.86088
-6.86163
-6.86776
-6.87961
-6.8963
-6.91423
-6.93403
-6.95214
-6.96348
-6.97135
-6.97177
-6.96806
-6.96033
-6.9487
-6.93794
-6.92682
-6.914
-6.90096
-6.88671
-6.87696
-6.87198
-6.87109
-6.87376
-6.87902
-6.88999
-6.89887
-6.90688
-6.91578
-6.92102
-6.92076
-6.91406
-6.907
-6.89688
-6.884
-6.87381
-6.86552
-6.85959
-6.85553
-6.85509
-6.85919
-6.86272
-6.86698
-6.87127
-6.87521
-6.87806
-6.8767
-6.8754
-6.87444
-6.87469
-6.87767
-6.88469
-6.89139
-6.89995
-6.90814
-6.91506
-6.92177
-6.92803
-6.93137
-6.93326
-6.93031
-6.92363
-6.91379
-6.90288
-6.88727
-6.86952
-6.85345
-6.84092
-6.83029
-6.82981
-6.83185
-6.84278
-6.86023
-6.88235
-6.90858
-6.93614
-6.96153
-6.98092
-6.99295
-6.99869
-6.99754
-6.99124
-6.97895
-6.96457
-6.94677
-6.93012
-6.91563
-6.90186
-6.88925
-6.87945
-6.87192
-6.86661
-6.86637
-6.86824
-6.86871
-6.87423
-6.87945
-6.88312
-6.88586
-6.88245
-6.87602
-6.86949
-6.86089
-6.85344
-6.84952
-6.84711
-6.84811
-6.84868
-6.85383
-6.85968
-6.86901
-6.87371
-6.8804
-6.88612
-6.89202
-6.897
-6.90228
-6.9117
-6.92331
-6.93493
-6.94604
-6.95423
-6.95927
-6.95893
-6.95727
-6.94587
-6.93293
-6.91455
-6.89697
-6.87729
-6.85708
-6.83829
-6.82143
-6.8066
-6.79352
-6.78469
-6.77794
-6.77592
-6.78
-6.78948
-6.80668
-6.82925
-6.85625
-6.88642
-6.918
-6.95136
-6.98039
-7.00546
-7.02415
-7.03472
-7.03687
-7.02859
-7.00854
-6.98294
-6.94814
-6.91372
-6.88236
-6.86022
-6.84749
-6.84442
-6.85258
-6.86618
-6.8821
-6.89741
-6.90713
-6.91379
-6.91387
-6.90703
-6.89755
-6.8827
-6.87106
-6.85621
-6.84332
-6.82937
-6.81647
-6.8033
-6.79351
-6.79237
-6.79765
-6.81441
-6.84002
-6.87314
-6.90798
-6.94173
-6.97211
-6.99337
-7.01039
-7.01907
-7.0172
-7.00914
-6.99573
-6.97682
-6.95628
-6.93511
-6.91243
-6.88779
-6.86709
-6.84896
-6.83525
-6.82681
-6.82376
-6.82049
-6.82055
-6.81872
-6.81607
-6.81146
-6.80257
-6.79664
-6.79479
-6.79928
-6.81308
-6.83518
-6.85956
-6.8863
-6.90796
-6.92808
-6.94183
-6.94668
-6.94665
-6.94409
-6.93559
-6.92495
-6.91502
-6.90777
-6.90373
-6.90343
-6.9048
-6.9138
-6.92334
-6.9326
-6.9427
-6.9515
-6.95574
-6.95453
-6.94752
-6.93491
-6.91816
-6.9018
-6.88356
-6.8711
-6.86138
-6.85763
-6.85775
-6.86184
-6.8682
-6.87574
-6.88194
-6.89036
-6.89537
-6.89587
-6.89833
-6.89286
-6.88467
-6.87811
-6.87112
-6.86776
-6.86596
-6.86897
-6.87497
-6.88239
-6.88988
-6.89996
-6.90392
-6.9041
-6.90029
-6.89572
-6.89181
-6.88613
-6.88581
-6.8855
-6.88713
-6.88471
-6.88563
-6.88441
-6.88365
-6.8811
-6.87669
-6.87082
-6.86995
-6.86964
-6.87039
-6.87288
-6.87526
-6.87885
-6.88293
-6.88661
-6.89052
-6.89744
-6.9044
-6.90842
-6.91402
-6.91856
-6.91733
-6.91039
-6.90067
-6.88782
-6.87352
-6.85739
-6.84825
-6.84337
-6.84038
-6.84408
-6.85049
-6.85842
-6.87124
-6.88309
-6.89626
-6.91142
-6.9216
-6.93137
-6.93712
-6.93958
-6.93726
-6.93277
-6.92842
-6.92633
-6.92484
-6.92253
-6.91884
-6.91334
-6.90367
-6.89235
-6.87935
-6.86335
-6.84969
-6.83902
-6.8317
-6.82771
-6.82869
-6.83393
-6.84234
-6.84871
-6.85775
-6.86834
-6.8762
-6.88247
-6.88438
-6.88468
-6.88152
-6.87724
-6.87216
-6.86359
-6.85768
-6.85326
-6.8474
-6.84855
-6.85099
-6.85682
-6.86032
-6.86502
-6.86638
-6.86711
-6.86344
-6.8553
-6.84721
-6.84193
-6.83751
-6.8408
-6.84998
-6.86427
-6.88053
-6.89702
-6.91432
-6.93104
-6.94445
-6.9531
-6.95872
-6.96112
-6.96522
-6.96358
-6.95955
-6.95244
-6.94525
-6.9361
-6.92702
-6.92006
-6.91117
-6.90454
-6.89837
-6.8926
-6.88611
-6.87611
-6.86902
-6.86204
-6.85747
-6.85837
-6.86384
-6.8696
-6.87237
-6.87606
-6.87817
-6.87971
-6.87989
-6.88373
-6.88739
-6.89383
-6.90358
-6.91683
-6.92839
-6.93936
-6.94657
-6.94986
-6.94713
-6.93973
-6.93111
-6.91716
-6.89843
-6.88421
-6.87174
-6.86125
-6.85565
-6.85381
-6.84924
-6.84598
-6.84305
-6.83692
-6.82647
-6.81863
-6.81478
-6.81428
-6.81661
-6.82332
-6.83629
-6.85072
-6.86747
-6.88407
-6.899
-6.91072
-6.9213
-6.92499
-6.92178
-6.91954
-6.91445
-6.91094
-6.90533
-6.90211
-6.90005
-6.90209
-6.90536
-6.91325
-6.92019
-6.92848
-6.93814
-6.9453
-6.95115
-6.95664
-6.95593
-6.95124
-6.94693
-6.94415
-6.94077
-6.94003
-6.94127
-6.93958
-6.9379
-6.93655
-6.93002
-6.92223
-6.90891
-6.89358
-6.87613
-6.86311
-6.85092
-6.84205
-6.83793
-6.83369
-6.83201
-6.82973
-6.82728
-6.82332
-6.81929
-6.81536
-6.81595
-6.82279
-6.83464
-6.8553
-6.87764
-6.9042
-6.92836
-6.95041
-6.96675
-6.97535
-6.97993
-6.97522
-6.96561
-6.95107
-6.93441
-6.91013
-6.88575
-6.86174
-6.83848
-6.81748
-6.8012
-6.79205
-6.78814
-6.79575
-6.80899
-6.82246
-6.84156
-6.8586
-6.87888
-6.89808
-6.91655
-6.93639
-6.94996
-6.96336
-6.97448
-6.98317
-6.98799
-6.99081
-6.98771
-6.9807
-6.96929
-6.95263
-6.93282
-6.90979
-6.88634
-6.86325
-6.84072
-6.82051
-6.80306
-6.7941
-6.79193
-6.79599
-6.8096
-6.83275
-6.86374
-6.89627
-6.92773
-6.95139
-6.96729
-6.97679
-6.98009
-6.9789
-6.9772
-6.97067
-6.96293
-6.94873
-6.93427
-6.9144
-6.89043
-6.86475
-6.84133
-6.8192
-6.80207
-6.79361
-6.79291
-6.80318
-6.81962
-6.84264
-6.86762
-6.89264
-6.91705
-6.9393
-6.96034
-6.97572
-6.98646
-6.99358
-6.99388
-6.98729
-6.975
-6.9596
-6.94329
-6.92568
-6.91331
-6.90564
-6.90161
-6.89852
-6.89435
-6.88837
-6.88043
-6.86948
-6.85721
-6.8477
-6.83401
-6.82288
-6.81641
-6.81504
-6.81836
-6.83269
-6.84762
-6.86668
-6.88671
-6.90814
-6.92339
-6.9307
-6.93496
-6.93477
-6.92866
-6.92199
-6.91367
-6.90719
-6.9037
-6.90366
-6.90618
-6.91123
-6.91948
-6.9243
-6.92931
-6.92843
-6.92631
-6.92071
-6.90953
-6.89401
-6.8765
-6.8545
-6.83503
-6.81697
-6.80344
-6.79468
-6.79262
-6.80007
-6.81484
-6.835
-6.86163
-6.89044
-6.91931
-6.94424
-6.96012
-6.96888
-6.96979
-6.96274
-6.95122
-6.93834
-6.92466
-6.91199
-6.90081
-6.89095
-6.89052
-6.8885
-6.89298
-6.89691
-6.90353
-6.9088
-6.90994
-6.9074
-6.89744
-6.88653
-6.87376
-6.85858
-6.84147
-6.82862
-6.81871
-6.8138
-6.81354
-6.81594
-6.82337
-6.83742
-6.85337
-6.87355
-6.89623
-6.91518
-6.93139
-6.94267
-6.95015
-6.95212
-6.94698
-6.93728
-6.92431
-6.91332
-6.90615
-6.904
-6.90383
-6.90581
-6.9095
-6.91083
-6.90919
-6.9015
-6.895
-6.88606
-6.87808
-6.8713
-6.86627
-6.86695
-6.87004
-6.87515
-6.87872
-6.88313
-6.88697
-6.89116
-6.89771
-6.90122
-6.90468
-6.90887
-6.91353
-6.91742
-6.91782
-6.91759
-6.91458
-6.90766
-6.89877
-6.88602
-6.87271
-6.86069
-6.84923
-6.84547
-6.84929
-6.85652
-6.86741
-6.87784
-6.88335
-6.88844
-6.88956
-6.89119
-6.89276
-6.89802
-6.90695
-6.91575
-6.9247
-6.93488
-6.94081
-6.94258
-6.9422
-6.94064
-6.93242
-6.92221
-6.91682
-6.91206
-6.91
-6.91454
-6.91767
-6.91645
-6.91192
-6.90105
-6.8875
-6.87234
-6.85635
-6.84468
-6.83497
-6.83111
-6.82767
-6.82703
-6.82438
-6.82405
-6.82312
-6.82141
-6.82212
-6.82317
-6.82552
-6.82883
-6.83775
-6.84691
-6.86399
-6.88434
-6.90662
-6.92868
-6.94683
-6.96075
-6.97029
-6.97119
-6.97195
-6.96483
-6.95421
-6.94403
-6.93316
-6.92524
-6.91693
-6.90988
-6.90168
-6.89318
-6.88519
-6.87478
-6.86637
-6.86092
-6.85873
-6.86296
-6.87158
-6.88297
-6.89575
-6.90694
-6.9139
-6.91701
-6.9157
-6.90965
-6.90143
-6.89201
-6.8795
-6.86981
-6.86231
-6.85455
-6.84873
-6.84169
-6.8366
-6.83278
-6.83344
-6.83975
-6.8499
-6.86545
-6.88404
-6.90216
-6.9169
-6.92868
-6.93395
-6.9337
-6.9254
-6.90947
-6.89358
-6.88003
-6.86739
-6.86342
-6.86231
-6.86539
-6.87536
-6.8876
-6.90426
-6.92104
-6.93525
-6.94944
-6.95621
-6.95738
-6.94816
-6.93646
-6.92016
-6.9024
-6.88405
-6.87433
-6.87247
-6.87321
-6.87831
-6.88653
-6.8926
-6.89432
-6.89066
-6.88398
-6.87367
-6.86502
-6.85815
-6.85292
-6.85267
-6.85438
-6.86094
-6.87248
-6.88503
-6.90071
-6.91556
-6.92792
-6.93544
-6.93894
-6.9372
-6.92953
-6.91868
-6.90293
-6.88652
-6.86928
-6.8514
-6.83794
-6.82985
-6.82683
-6.83082
-6.83965
-6.84955
-6.86043
-6.86668
-6.86822
-6.864
-6.85864
-6.85212
-6.8498
-6.84995
-6.85961
-6.87456
-6.89653
-6.92103
-6.94619
-6.96863
-6.9868
-6.99873
-7.00455
-7.00561
-7.00676
-7.00284
-6.99333
-6.9799
-6.96334
-6.94012
-6.91646
-6.89428
-6.87168
-6.85534
-6.8436
-6.83955
-6.84028
-6.84824
-6.86148
-6.87508
-6.88747
-6.90095
-6.91544
-6.92376
-6.92728
-6.92699
-6.92267
-6.91657
-6.90695
-6.89504
-6.87867
-6.85972
-6.83971
-6.81969
-6.8013
-6.7862
-6.77831
-6.77576
-6.77966
-6.791
-6.80894
-6.82957
-6.8579
-6.88925
-6.91925
-6.94199
-6.95898
-6.96974
-6.97466
-6.97257
-6.96263
-6.95392
-6.94467
-6.93397
-6.92515
-6.91332
-6.90277
-6.8931
-6.88664
-6.87829
-6.86979
-6.86538
-6.86237
-6.86381
-6.86873
-6.87545
-6.88681
-6.8979
-6.90544
-6.91036
-6.90715
-6.90026
-6.89144
-6.88035
-6.86784
-6.85716
-6.85255
-6.84803
-6.85002
-6.85618
-6.86941
-6.89139
-6.919
-6.95166
-6.98425
-7.01099
-7.0274
-7.03712
-7.03486
-7.02429
-7.00666
-6.98425
-6.95759
-6.93234
-6.90338
-6.87553
-6.8505
-6.83103
-6.81497
-6.80737
-6.80363
-6.80726
-6.81362
-6.82331
-6.83378
-6.84431
-6.84835
-6.85319
-6.85322
-6.85444
-6.8524
-6.85253
-6.85457
-6.8552
-6.85837
-6.85979
-6.86273
-6.86532
-6.8685
-6.86916
-6.8735
-6.87663
-6.87989
-6.88347
-6.8896
-6.89436
-6.90453
-6.91784
-6.93332
-6.9518
-6.96329
-6.96933
-6.96877
-6.96066
-6.94648
-6.92778
-6.91149
-6.89493
-6.88
-6.86772
-6.85885
-6.85395
-6.85448
-6.86062
-6.86976
-6.88396
-6.90261
-6.92144
-6.93636
-6.94804
-6.95585
-6.95481
-6.94793
-6.93523
-6.92153
-6.90522
-6.8924
-6.88349
-6.87338
-6.86922
-6.87316
-6.87974
-6.88907
-6.90337
-6.91835
-6.93267
-6.94442
-6.949
-6.95159
-6.94918
-6.9419
-6.93096
-6.91572
-6.8996
-6.88435
-6.87247
-6.86613
-6.86004
-6.85763
-6.85703
-6.8541
-6.85165
-6.85056
-6.84729
-6.84432
-6.84022
-6.83406
-6.8278
-6.82259
-6.81966
-6.8222
-6.83487
-6.85432
-6.87448
-6.89899
-6.92228
-6.94469
-6.96249
-6.97173
-6.9769
-6.97589
-6.97229
-6.96452
-6.95116
-6.9357
-6.91916
-6.90335
-6.88747
-6.87353
-6.86139
-6.85151
-6.84533
-6.84333
-6.84667
-6.85477
-6.86677
-6.88304
-6.90201
-6.9164
-6.93158
-6.94299
-6.95149
-6.95618
-6.95481
-6.95114
-6.94578
-6.94006
-6.92596
-6.9106
-6.89466
-6.8791
-6.86659
-6.85897
-6.85641
-6.85891
-6.86192
-6.86596
-6.87009
-6.87172
-6.87133
-6.86933
-6.867
-6.86705
-6.86637
-6.86856
-6.8716
-6.8738
-6.87698
-6.87376
-6.86986
-6.86361
-6.85788
-6.86162
-6.87319
-6.89113
-6.91337
-6.93381
-6.95128
-6.96211
-6.96895
-6.96898
-6.96339
-6.95458
-6.9444
-6.9296
-6.91228
-6.89453
-6.8805
-6.86961
-6.86216
-6.86196
-6.86685
-6.87341
-6.88208
-6.88943
-6.89641
-6.89921
-6.89983
-6.89753
-6.89485
-6.88854
-6.88561
-6.88122
-6.87849
-6.8769
-6.87712
-6.88198
-6.88739
-6.89263
-6.90001
-6.90607
-6.91427
-6.92541
-6.93786
-6.94988
-6.95801
-6.96697
-6.9711
-6.96909
-6.96309
-6.95201
-6.93632
-6.91455
-6.8883
-6.86205
-6.83736
-6.81885
-6.80497
-6.7943
-6.7939
-6.79998
-6.81142
-6.8272
-6.84879
-6.8679
-6.88523
-6.89818
-6.90624
-6.90495
-6.89901
-6.88842
-6.87617
-6.86711
-6.86323
-6.86682
-6.87714
-6.89093
-6.90698
-6.92288
-6.93461
-6.94218
-6.94382
-6.94131
-6.937
-6.93439
-6.92802
-6.92463
-6.92476
-6.92645
-6.93001
-6.9374
-6.93904
-6.9405
-6.9379
-6.93344
-6.91775
-6.89702
-6.87129
-6.84475
-6.81638
-6.79237
-6.77757
-6.77456
-6.78692
-6.81126
-6.84314
-6.87889
-6.91465
-6.94433
-6.96806
-6.98185
-6.98352
-6.97657
-6.96325
-6.94657
-6.92936
-6.91322
-6.9047
-6.90241
-6.90277
-6.9056
-6.90958
-6.91338
-6.91205
-6.90529
-6.89546
-6.88552
-6.87214
-6.8582
-6.84345
-6.8291
-6.81879
-6.81333
-6.8156
-6.82671
-6.84447
-6.86508
-6.8903
-6.91402
-6.93587
-6.95513
-6.96835
-6.97124
-6.96763
-6.95666
-6.94027
-6.9203
-6.89951
-6.88556
-6.877
-6.87942
-6.8912
-6.90742
-6.92541
-6.94492
-6.96018
-6.97271
-6.97716
-6.98184
-6.98305
-6.98923
-6.98997
-6.98997
-6.98715
-6.9813
-6.96946
-6.95081
-6.9291
-6.9004
-6.8682
-6.83526
-6.80411
-6.77966
-6.76375
-6.76077
-6.7653
-6.78038
-6.79938
-6.81994
-6.84345
-6.86179
-6.87662
-6.89038
-6.89842
-6.90153
-6.89665
-6.89427
-6.88718
-6.88026
-6.87158
-6.86338
-6.85812
-6.85232
-6.84622
-6.84296
-6.83983
-6.84229
-6.85113
-6.86227
-6.87574
-6.89487
-6.91245
-6.93234
-6.94926
-6.96097
-6.96858
-6.9767
-6.97698
-6.97943
-6.97938
-6.98038
-6.98053
-6.98234
-6.98447
-6.9912
-6.99551
-6.99523
-6.9903
-6.98031
-6.96614
-6.94759
-6.9279
-6.9016
-6.87142
-6.84151
-6.81452
-6.79086
-6.77527
-6.76662
-6.76218
-6.76637
-6.78011
-6.79695
-6.81603
-6.83487
-6.85558
-6.87232
-6.887
-6.89925
-6.90827
-6.91301
-6.91543
-6.91369
-6.91243
-6.90828
-6.90394
-6.89528
-6.88899
-6.88099
-6.87235
-6.86297
-6.85454
-6.84855
-6.84235
-6.83885
-6.83562
-6.83717
-6.84506
-6.84991
-6.85867
-6.86827
-6.88027
-6.89035
-6.89784
-6.90277
-6.90494
-6.90536
-6.90783
-6.912
-6.91417
-6.92034
-6.92402
-6.92925
-6.9326
-6.93436
-6.93533
-6.93361
-6.9281
-6.9232
-6.91774
-6.91182
-6.90525
-6.89631
-6.88792
-6.87828
-6.87128
-6.86374
-6.86103
-6.86373
-6.87023
-6.88282
-6.89561
-6.91046
-6.92395
-6.93395
-6.94318
-6.94668
-6.94832
-6.94516
-6.94095
-6.93371
-6.92604
-6.91653
-6.90793
-6.89823
-6.88494
-6.87649
-6.86519
-6.85597
-6.84852
-6.84302
-6.8423
-6.84127
-6.84444
-6.84411
-6.84195
-6.84073
-6.83694
-6.83334
-6.82851
-6.83119
-6.83998
-6.8543
-6.873
-6.89448
-6.91605
-6.93492
-6.94879
-6.95953
-6.96467
-6.96774
-6.96838
-6.96518
-6.96168
-6.9583
-6.95046
-6.94543
-6.94158
-6.93779
-6.93704
-6.93963
-6.94155
-6.94249
-6.94551
-6.94264
-6.93233
-6.91744
-6.8993
-6.88147
-6.86487
-6.85135
-6.84195
-6.83959
-6.84354
-6.84878
-6.85546
-6.86349
-6.87038
-6.8729
-6.87157
-6.87069
-6.86261
-6.85216
-6.84213
-6.83336
-6.82449
-6.81761
-6.81873
-6.82462
-6.83621
-6.85134
-6.86787
-6.8867
-6.9046
-6.92163
-6.93271
-6.94273
-6.9482
-6.94943
-6.94613
-6.94045
-6.93472
-6.92917
-6.92577
-6.92125
-6.9131
-6.91037
-6.90474
-6.89861
-6.8914
-6.88209
-6.87252
-6.86247
-6.85184
-6.84055
-6.83263
-6.82757
-6.82885
-6.83464
-6.84906
-6.87083
-6.89282
-6.91522
-6.93359
-6.94616
-6.95221
-6.95175
-6.94585
-6.93963
-6.93112
-6.92615
-6.92454
-6.92553
-6.93173
-6.9393
-6.94727
-6.95485
-6.96233
-6.9668
-6.97047
-6.96889
-6.96075
-6.94902
-6.92854
-6.9042
-6.87697
-6.84817
-6.81648
-6.78863
-6.76336
-6.74653
-6.73791
-6.73996
-6.75094
-6.77264
-6.80001
-6.83245
-6.86553
-6.89704
-6.92119
-6.93742
-6.94227
-6.93983
-6.93149
-6.91889
-6.90169
-6.88452
-6.87382
-6.86675
-6.86552
-6.87184
-6.88681
-6.90554
-6.93123
-6.95484
-6.97863
-6.99714
-7.00744
-7.01288
-7.00245
-6.98254
-6.95107
-6.91132
-6.87304
-6.83666
-6.80615
-6.78629
-6.77902
-6.78281
-6.79751
-6.81768
-6.84166
-6.8645
-6.88713
-6.90572
-6.92202
-6.93748
-6.94826
-6.95442
-6.96025
-6.96723
-6.9698
-6.96489
-6.95754
-6.94397
-6.92654
-6.90975
-6.89281
-6.87779
-6.86211
-6.84392
-6.82788
-6.80919
-6.78788
-6.77135
-6.75455
-6.74266
-6.74418
-6.75435
-6.77485
-6.80238
-6.83253
-6.86333
-6.89001
-6.91241
-6.92469
-6.92858
-6.9294
-6.92989
-6.92615
-6.92306
-6.92172
-6.92369
-6.92879
-6.93548
-6.9412
-6.95077
-6.95587
-6.95835
-6.95825
-6.9549
-6.95143
-6.94426
-6.93499
-6.92259
-6.90597
-6.89185
-6.87435
-6.85731
-6.84175
-6.82811
-6.81716
-6.81246
-6.80957
-6.81083
-6.81482
-6.82281
-6.83004
-6.84144
-6.85185
-6.86238
-6.87411
-6.88417
-6.89533
-6.90699
-6.91531
-6.92745
-6.93588
-6.94469
-6.95142
-6.95538
-6.95955
-6.96794
-6.97419
-6.98328
-6.99107
-6.99862
-6.99769
-6.99726
-6.99409
-6.9849
-6.97072
-6.95135
-6.93071
-6.90861
-6.88726
-6.86866
-6.85354
-6.84504
-6.83913
-6.83533
-6.83417
-6.83499
-6.83194
-6.83046
-6.82994
-6.82761
-6.82167
-6.81346
-6.80503
-6.796
-6.78293
-6.77036
