8.46784
8.40402
8.32262
8.24049
8.16045
8.08818
8.0333
7.98343
7.9517
7.93298
7.93392
7.95655
8.00112
8.05518
8.11984
8.17752
8.21928
8.24288
8.24577
8.23349
8.21112
8.18019
8.13313
8.0845
8.03021
7.98427
7.9472
7.92521
7.91675
7.9182
7.91861
7.93123
7.9486
7.97304
7.99728
8.02451
8.0497
8.08418
8.12132
8.16373
8.20755
8.24984
8.28677
8.30162
8.2978
8.27813
8.23603
8.17974
8.12125
8.06171
8.0022
7.94878
7.90024
7.85238
7.81127
7.78138
7.75945
7.76385
7.78628
7.82951
7.889
7.9576
8.02808
8.09548
8.166
8.23313
8.30539
8.38087
8.46072
8.539
8.60937
8.64345
8.64721
8.61725
8.54894
8.45401
8.34932
8.24626
8.15397
8.08227
8.02895
7.99716
7.99007
8.00583
8.04425
8.10251
8.16229
8.21616
8.26538
8.3034
8.32239
8.31521
8.28641
8.24725
8.19577
8.13668
8.0707
8.00167
7.94962
7.91826
7.906
7.91697
7.94983
8.00067
8.05585
8.10092
8.14599
8.1809
8.22059
8.25165
8.28154
8.29714
8.302
8.28525
8.24705
8.18425
8.10497
8.01234
7.90886
7.8211
7.75384
7.70549
7.68218
7.69502
7.72623
7.77249
7.83397
7.90582
7.96563
8.02339
8.06731
8.10195
8.12701
8.14146
8.15326
8.16223
8.16984
8.17407
8.17048
8.15789
8.14504
8.14134
8.14143
8.15332
8.1749
8.1985
8.21847
8.24011
8.25591
8.26792
8.28433
8.31137
8.34894
8.39095
8.43699
8.47339
8.49797
8.49628
8.46749
8.41579
8.35408
8.28949
8.22884
8.18198
8.15914
8.14969
8.15656
8.17234
8.1939
8.20328
8.20642
8.18703
8.15299
8.09425
8.01622
7.92082
7.81362
7.70446
7.61596
7.54923
7.51969
7.51996
7.562
7.63584
7.74074
7.85295
7.96696
8.07129
8.16964
8.24506
8.31165
8.36192
8.40313
8.4251
8.42271
8.39873
8.35629
8.29606
8.22879
8.16924
8.12173
8.0963
8.09035
8.10476
8.13597
8.17606
8.22957
8.28337
8.33492
8.36722
8.37969
8.37458
8.3451
8.30645
8.25859
8.21052
8.16562
8.12301
8.09553
8.07502
8.07164
8.06954
8.07037
8.07063
8.06956
8.07689
8.0857
8.10335
8.12486
8.14829
8.16804
8.18529
8.18463
8.16446
8.13551
8.09741
8.05895
8.02324
7.99528
7.97768
7.95813
7.95118
7.94908
7.94676
7.94548
7.94549
7.94956
7.95835
7.97075
7.99576
8.03753
8.0976
8.16749
8.25345
8.33876
8.41615
8.47452
8.50521
8.51051
8.49436
8.45693
8.40259
8.3412
8.26354
8.18512
8.10015
8.02132
7.94614
7.89077
7.84709
7.82183
7.81978
7.84361
7.88146
7.9396
8.00642
8.07692
8.14057
8.182
8.19061
8.16001
8.09801
8.02347
7.94912
7.88236
7.83909
7.8291
7.83457
7.85709
7.89998
7.94612
7.99729
8.06145
8.12536
8.1865
8.24192
8.29146
8.32357
8.32192
8.29611
8.2394
8.16939
8.08706
8.00498
7.94163
7.90494
7.90516
7.9443
8.00747
8.09355
8.1897
8.2751
8.34843
8.40257
8.43979
8.46562
8.48376
8.49522
8.48717
8.46413
8.42177
8.36647
8.30374
8.23691
8.16607
8.10805
8.0494
7.9986
7.95797
7.92497
7.91282
7.91479
7.92365
7.93085
7.94315
7.94462
7.94762
7.95412
7.97633
8.00776
8.03813
8.06597
8.09565
8.10757
8.10108
8.0694
8.02123
7.9701
7.9168
7.87573
7.85049
7.84743
7.87282
7.91872
7.98194
8.04701
8.12121
8.18662
8.23908
8.28278
8.30716
8.32094
8.31878
8.30767
8.2926
8.27435
8.25846
8.23956
8.2334
8.23478
8.25664
8.29162
8.33499
8.38958
8.44617
8.49694
8.5391
8.56211
8.57166
8.56721
8.54632
8.50427
8.43491
8.34994
8.25439
8.15221
8.06053
7.97102
7.8878
7.81392
7.75574
7.70403
7.66498
7.63841
7.62982
7.65279
7.70383
7.78268
7.87377
7.96808
8.06412
8.15337
8.22086
8.26604
8.28865
8.28231
8.24954
8.20884
8.15216
8.09775
8.05229
8.01451
7.99377
7.98783
7.98827
8.00772
8.02831
8.05553
8.07344
8.08813
8.08444
8.06375
8.03143
7.99045
7.94314
7.91191
7.90121
7.91277
7.96034
8.04013
8.14621
8.27056
8.41176
8.55505
8.68544
8.78943
8.84919
8.85818
8.81717
8.73171
8.6235
8.49449
8.36069
8.23917
8.12396
8.0251
7.93332
7.85364
7.78543
7.72715
7.68539
7.66392
7.65846
7.68093
7.72447
7.79025
7.87516
7.98031
8.08284
8.17763
8.25519
8.30995
8.3472
8.36254
8.35599
8.32119
8.25941
8.17822
8.08569
7.99522
7.91025
7.852
7.81643
7.80476
7.82373
7.85983
7.91224
7.96819
8.02026
8.06759
8.10303
8.13013
8.1432
8.14466
8.13775
8.13213
8.14014
8.1542
8.17581
8.21491
8.26169
8.31319
8.35934
8.39693
8.42862
8.44766
8.46049
8.4693
8.47212
8.46776
8.44772
8.41263
8.36318
8.29943
8.22938
8.15199
8.07617
8.00264
7.92913
7.86166
7.80722
7.75904
7.72029
7.69345
7.68367
7.69098
7.70695
7.74119
7.7889
7.84827
7.92126
7.99886
8.07826
8.15947
8.23317
8.29326
8.33485
8.35472
8.34971
8.31252
8.25586
8.18364
8.09956
8.01672
7.95005
7.90791
7.89447
7.90971
7.95121
8.0063
8.06768
8.12732
8.18116
8.2223
8.24534
8.25464
8.24033
8.21274
8.1784
8.14734
8.12105
8.10635
8.10678
8.12557
8.13966
8.15863
8.1799
8.193
8.19297
8.18033
8.15983
8.13019
8.10357
8.08765
8.08142
8.10023
8.14155
8.20131
8.26742
8.34277
8.40628
8.43982
8.43625
8.39584
8.32727
8.24459
8.167
8.09585
8.04295
8.00966
7.98116
7.96247
7.95135
7.93985
7.93793
7.93668
7.94983
7.98077
8.02673
8.08913
8.16582
8.24547
8.3296
8.40123
8.4452
8.45477
8.42705
8.36871
8.29277
8.2014
8.12718
8.06349
8.03512
8.0361
8.0601
8.10335
8.15943
8.21987
8.26663
8.30551
8.33592
8.36278
8.39243
8.4126
8.41847
8.38859
8.32955
8.23381
8.12169
8.00618
7.89954
7.80922
7.74258
7.6878
7.66349
7.64681
7.64029
7.64601
7.65239
7.67704
7.71617
7.77547
7.84997
7.94723
8.06485
8.18011
8.28085
8.36557
8.42201
8.44419
8.43919
8.40898
8.36366
8.31116
8.25869
8.20596
8.15181
8.10899
8.06828
8.04081
8.02282
8.02071
8.0236
8.04779
8.08672
8.12403
8.15946
8.19042
8.20359
8.20385
8.18328
8.14452
8.09284
8.03396
7.96056
7.89676
7.85005
7.82154
7.82368
7.85261
7.9101
7.98333
8.07458
8.17198
8.26769
8.35827
8.41748
8.44925
8.44943
8.42056
8.37757
8.32701
8.29169
8.2665
8.25935
8.25562
8.26007
8.26091
8.24669
8.22021
8.17275
8.1174
8.05428
7.9985
7.95373
7.92619
7.91792
7.92353
7.94387
7.97312
7.99532
8.00997
8.00335
7.9766
7.9416
7.91416
7.89327
7.90099
7.93147
7.99606
8.08937
8.19636
8.30952
8.42149
8.51837
8.60463
8.67741
8.72256
8.74847
8.74571
8.71068
8.63624
8.52863
8.38668
8.21966
8.04636
7.87655
7.72454
7.59144
7.49753
7.44143
7.42134
7.45045
7.51632
7.61365
7.73791
7.87644
8.00757
8.1267
8.21236
8.2556
8.26192
8.24514
8.20743
8.17104
8.14535
8.12893
8.13338
8.16949
8.21653
8.27657
8.35177
8.41723
8.47876
8.51341
8.51853
8.49517
8.44996
8.38493
8.30681
8.24486
8.1859
8.14277
8.10674
8.07184
8.02949
7.98499
7.93264
7.88309
7.84584
7.8264
7.82577
7.84759
7.89208
7.95557
8.03799
8.12554
8.20188
8.26346
8.30264
8.30682
8.27946
8.22383
8.15608
8.09537
8.05841
8.04551
8.06318
8.11568
8.19063
8.28051
8.37412
8.45539
8.51668
8.54574
8.54627
8.51961
8.46583
8.40649
8.3413
8.27702
8.21254
8.15162
8.0932
8.03901
7.98886
7.95638
7.93331
7.91556
7.91018
7.91319
7.92376
7.94012
7.97216
8.01633
8.07518
8.14021
8.21926
8.29656
8.36887
8.41942
8.45224
8.46557
8.46102
8.44628
8.41602
8.38592
8.34541
8.31021
8.28085
8.25602
8.23523
8.21622
8.19532
8.17181
8.13537
8.08421
8.02476
7.96076
7.90075
7.85854
7.83066
7.82491
7.85324
7.90813
7.97864
8.0676
8.16522
8.27175
8.37488
8.47177
8.54807
8.60374
8.63
8.61974
8.57857
8.50707
8.42219
8.32107
8.2117
8.11672
8.04185
7.98345
7.95648
7.95284
7.97112
8.00265
8.04026
8.07117
8.08095
8.07563
8.06205
8.03139
8.00034
7.98197
7.97619
7.98793
8.01837
8.06384
8.11437
8.17358
8.24023
8.29879
8.35299
8.38817
8.40441
8.39293
8.35198
8.29217
8.2238
8.15507
8.09682
8.05873
8.03586
8.0392
8.06263
8.09965
8.13673
8.17481
8.2109
8.23499
8.25464
8.26747
8.27694
8.26922
8.24657
8.20955
8.15325
8.08976
8.00382
7.91614
7.83518
7.76657
7.71327
7.68601
7.68768
7.73169
7.81114
7.92292
8.04934
8.19541
8.33164
8.45131
8.54634
8.60145
8.63074
8.62005
8.58563
8.53033
8.46159
8.38534
8.30556
8.2239
8.14137
8.06065
7.97742
7.89823
7.82912
7.77161
7.73389
7.71562
7.71937
7.75205
7.80107
7.86751
7.9487
8.0466
8.14108
8.23833
8.32165
8.38084
8.40645
8.39051
8.35549
8.29968
8.23584
8.1763
8.13054
8.09749
8.09363
8.10809
8.14779
8.19932
8.25652
8.30032
8.33075
8.3336
8.31578
8.2728
8.20083
8.11754
8.01247
7.9057
7.79343
7.69046
7.60705
7.54642
7.52289
7.52856
7.57105
7.64613
7.75552
7.88965
8.04664
8.22109
8.39562
8.56183
8.70893
8.8205
8.87426
8.87762
8.81763
8.71839
8.58212
8.427
8.2648
8.10492
7.9656
7.85441
7.7793
7.73136
7.71048
7.7128
7.73361
7.77112
7.82015
7.86989
7.93362
8.00205
8.06788
8.12841
8.17429
8.19534
8.19884
8.18421
8.16085
8.1399
8.1323
8.14198
8.16706
8.2115
8.26788
8.3152
8.33913
8.33639
8.3021
8.23719
8.15332
8.05347
7.97109
7.90711
7.86815
7.86244
7.87879
7.92506
7.99087
8.06144
8.12706
8.19575
8.25301
8.29857
8.32305
8.32295
8.30406
8.26496
8.22179
8.17914
8.142
8.11555
8.11106
8.11903
8.14495
8.18546
8.22917
8.27958
8.32918
8.37181
8.40772
8.42112
8.41806
8.40123
8.37418
8.33411
8.29
8.23535
8.17607
8.12378
8.07909
8.03672
8.00931
7.99087
7.99213
8.01003
8.03563
8.06188
8.07772
8.07317
8.04561
7.99742
7.93796
7.87031
7.81172
7.7729
7.76639
7.79228
7.8574
7.94638
8.06112
8.18269
8.29548
8.38284
8.43808
8.44993
8.41265
8.33578
8.22556
8.10269
7.98717
7.88233
7.80835
7.77142
7.76027
7.7795
7.82367
7.89223
7.97717
8.07555
8.17791
8.27271
8.34723
8.393
8.40019
8.37273
8.32214
8.26884
8.21127
8.16012
8.11754
8.08799
8.07317
8.07381
8.09355
8.13116
8.19029
8.26705
8.34254
8.41335
8.45533
8.4639
8.43848
8.38829
8.32127
8.24001
8.1606
8.09087
8.03505
7.98609
7.94836
7.91669
7.90548
7.9081
7.93698
7.98639
8.0429
8.10637
8.16466
8.20575
8.23005
8.2303
8.2097
8.18021
8.14709
8.11347
8.08712
8.0598
8.03462
8.01175
7.99332
7.97037
7.95009
7.92886
7.91359
7.90655
7.9097
7.91334
7.91748
7.93209
7.9501
7.974
8.00776
8.05056
8.09482
8.14524
8.18774
8.22056
8.24763
8.2682
8.28058
8.28645
8.29272
8.30781
8.33176
8.3604
8.39316
8.42903
8.4712
8.51419
8.55306
8.58415
8.60776
8.6097
8.59367
8.55965
8.50666
8.43166
8.35122
8.26539
8.17161
8.08268
8.00285
7.9397
7.88719
7.84164
7.81476
7.8075
7.8091
7.81427
7.82263
7.84111
7.85835
7.8679
7.86908
7.86663
7.86419
7.87228
7.89028
7.9238
7.97783
8.04922
8.13089
8.2251
8.32636
8.42362
8.50654
8.5737
8.62659
8.6402
8.62704
8.58299
8.51474
8.42316
8.31492
8.20713
8.10977
8.0294
7.9859
7.96722
7.97577
8.01787
8.07136
8.12377
8.15397
8.1507
8.12978
8.0897
8.04516
8.01375
8.01336
8.02986
8.07413
8.13708
8.21513
8.29836
8.37171
8.42375
8.4464
8.4339
8.39668
8.32733
8.24009
8.14606
8.04924
7.95417
7.86691
7.78878
7.72871
7.68178
7.65814
7.66726
7.70679
7.77006
7.86042
7.95654
8.04911
8.1262
8.17912
8.20739
8.20887
8.20277
8.19025
8.17768
8.17989
8.19373
8.21985
8.26308
8.30981
8.34654
8.37764
8.39609
8.39557
8.38512
8.35116
8.30733
8.25424
8.20187
8.14494
8.09282
8.03888
7.99253
7.95414
7.91786
7.895
7.87848
7.87015
7.87342
7.88138
7.91077
7.94614
8.00436
8.08353
8.17268
8.27111
8.37469
8.46908
8.54657
8.60262
8.63427
8.63984
8.62032
8.58004
8.51889
8.44811
8.36561
8.27573
8.18003
8.08591
8.00652
7.95135
7.91316
7.88907
7.88285
7.88236
7.88239
7.87692
7.85675
7.82415
7.7745
7.72767
7.67161
7.62044
7.57602
7.54178
7.54142
7.57401
7.64758
7.77016
7.93033
8.12212
8.32316
8.51349
8.67244
8.77098
8.79455
8.75035
8.64692
8.50713
8.35328
8.21162
8.08737
7.99662
7.93917
7.92036
7.931
7.95943
7.99912
8.03923
8.0624
8.07437
8.07423
8.07727
8.07519
8.07371
8.07601
8.08176
8.08353
8.09206
8.10259
8.11033
8.12202
8.13725
8.14918
8.17255
8.19733
8.21749
8.24153
8.25736
8.27299
8.28916
8.28991
8.2816
8.25969
8.22581
8.17665
8.11626
8.05393
7.99348
7.94771
7.92459
7.92174
7.93987
7.98288
8.05228
8.12515
8.19869
8.26617
8.31768
8.36185
8.38811
8.40168
8.40552
8.39553
8.37135
8.35437
8.32842
8.2928
8.25493
8.2038
8.14955
8.0868
8.0281
7.97521
7.93569
7.90851
7.9049
7.92602
7.96388
8.02088
8.09138
8.16421
8.22947
8.27597
8.29403
8.28042
8.23683
8.17342
8.10076
8.02957
7.96767
7.92533
7.91218
7.91716
7.94174
7.99151
8.05255
8.1211
8.19443
8.26494
8.32162
8.36101
8.38066
8.39273
8.39725
8.40542
8.41103
8.42223
8.42271
8.40379
8.36142
8.29728
8.21941
8.14043
8.06273
8.00215
7.95285
7.91222
7.88324
7.85723
7.84518
7.83638
7.83657
7.84853
7.87256
7.90049
7.94107
7.99703
8.0503
8.10644
8.15922
8.20249
8.22868
8.2321
8.21187
8.18128
8.13798
8.08052
8.02502
7.97991
7.95022
7.9403
7.9621
8.00515
8.07557
8.16483
8.27371
8.38549
8.49605
8.58207
8.63163
8.63141
8.58767
8.49693
8.3838
8.25877
8.14397
8.0432
7.95908
7.89336
7.84194
7.80374
7.78338
7.79162
7.81244
7.84998
7.90736
7.97089
8.04009
8.11369
8.19761
8.28629
8.37185
8.44677
8.50427
8.53423
8.5269
8.48166
8.4049
8.30821
8.2033
8.09977
8.01592
7.95948
7.93092
7.94274
7.97955
8.02811
8.08003
8.12397
8.1468
8.14999
8.13274
8.10043
8.05312
7.99958
7.94557
7.88976
7.83776
7.79888
7.76768
7.76454
7.77498
7.80256
7.84939
7.90783
7.97773
8.04468
8.11917
8.19624
8.27336
8.34121
8.40484
8.4472
8.45999
8.44882
8.4038
8.32307
8.21233
8.09845
7.98352
7.89217
7.82648
7.79037
7.78575
7.80637
7.85483
7.9222
7.99451
8.07437
8.13949
8.19973
8.25208
8.28815
8.30915
8.3221
8.32012
8.32352
8.3302
8.34422
8.3719
8.40334
8.43661
8.4617
8.46702
8.45335
8.41402
8.3536
8.2789
8.19665
8.11674
8.04698
7.9927
7.96104
7.94568
7.95184
7.97119
7.99544
8.02306
8.04616
8.06476
8.06153
8.04747
8.01492
7.98432
7.95873
7.94963
7.96416
8.00708
8.06887
8.15186
8.24848
8.33114
8.39113
8.41237
8.38693
8.324
8.22254
8.09852
7.96373
7.83291
7.721
7.63315
7.58535
7.57667
7.60418
7.67103
7.77361
7.8904
8.01321
8.13298
8.22888
8.30522
8.34592
8.35249
8.34681
8.32031
8.28006
8.23205
8.18718
8.14498
8.12498
8.12345
8.14585
8.18357
8.22649
8.26739
8.30009
8.32657
8.33931
8.35557
8.37192
8.39555
8.41689
8.43134
8.43632
8.41896
8.38541
8.32596
8.24327
8.15381
8.06789
7.98507
7.92313
7.88232
7.85845
7.85929
7.87239
7.8971
7.92365
7.94995
7.97065
7.98857
8.01265
8.0369
8.05928
8.07627
8.08551
8.09443
8.09924
8.10322
8.11962
8.13456
8.16051
8.18739
8.19625
8.19104
8.16687
8.1265
8.07765
8.03065
7.9987
7.98228
7.9947
8.03175
8.09146
8.16629
8.24981
8.3158
8.3596
8.37013
8.3397
8.27232
8.17955
8.08108
7.98511
7.91141
7.86359
7.83498
7.82851
7.82777
7.83499
7.84635
7.84978
7.85153
7.8638
7.88796
7.93193
7.99745
8.0821
8.17489
8.26617
8.3402
8.38374
8.3983
8.38258
8.35274
8.31588
8.29379
8.28697
8.29656
8.32986
8.37603
8.4209
8.45927
8.4763
8.46924
8.43834
8.38746
8.31624
8.22795
8.13077
8.02473
7.9224
7.83143
7.75724
7.71033
7.69388
7.70949
7.75493
7.8196
7.89795
7.98222
8.04022
8.07115
8.0674
8.03983
7.99425
7.94046
7.88448
7.84944
7.82576
7.8137
7.81545
7.82548
7.83834
7.84122
7.83749
7.83513
7.83534
7.85434
7.90035
7.97542
8.07704
8.2048
8.34415
8.47574
8.58759
8.66656
8.70602
8.71703
8.70353
8.67282
8.64247
8.59712
8.55212
8.50078
8.44478
8.38824
8.32298
8.25896
8.20464
8.14969
8.09761
8.0617
8.04425
8.04797
8.07455
8.11595
8.16608
8.20941
8.23791
8.24512
8.23191
8.18621
8.12261
8.05237
7.97374
7.90431
7.858
7.83548
7.84181
7.87936
7.93276
8.00839
8.09004
8.15761
8.20732
8.22647
8.22169
8.19264
8.14857
8.09079
8.02475
7.95689
7.89065
7.82805
7.77054
7.72548
7.69382
7.67624
7.67756
7.69155
7.71943
7.76249
7.8171
7.88915
7.96132
8.04083
8.11329
8.17794
8.23437
8.27984
8.32133
8.3688
8.42312
8.47742
8.52916
8.57761
8.60706
8.61482
8.60146
8.57349
8.52984
8.48333
8.43657
8.38929
8.3434
8.29505
8.24203
8.18573
8.125
8.06823
8.00691
7.94512
7.88793
7.85066
7.81238
7.78555
7.76765
7.74818
7.72908
7.70018
7.67514
7.65187
7.64188
7.6519
7.68895
7.73819
7.80535
7.89039
7.97913
8.08388
8.20034
8.3126
8.42705
8.53187
8.62972
8.70451
8.7515
8.78065
8.77657
8.74442
8.68306
8.59446
8.48702
8.36844
8.24761
8.12905
8.01819
7.92323
7.84381
7.78672
7.75062
7.73441
7.73274
7.7415
7.76022
7.788
7.82031
7.85884
7.89357
7.91497
7.9284
7.92989
7.92415
7.91474
7.91384
7.93025
7.9637
8.01275
8.06926
8.12305
8.17013
8.20782
8.24131
8.27256
8.31626
8.36297
8.41153
8.45723
8.49422
8.50636
8.50127
8.46605
8.41442
8.36305
8.31524
8.29085
8.28844
8.30916
8.34424
8.39009
8.42626
8.44437
8.44104
8.41355
8.37566
8.33365
8.29272
8.25883
8.23753
8.22089
8.21114
8.18577
8.14922
8.09727
8.03057
7.94374
7.85455
7.77906
7.71815
7.67546
7.66731
7.6892
7.74579
7.81887
7.89318
7.96448
8.02518
8.07969
8.12156
8.14783
8.17031
8.17585
8.16794
8.14494
8.11292
8.07573
8.0323
7.9977
7.96562
7.95225
7.95128
7.97096
8.00795
8.06425
8.13056
8.20619
8.27345
8.33341
8.37998
8.41003
8.41846
8.40167
8.35686
8.293
8.21485
8.12954
8.04511
7.96904
7.90973
7.86916
7.85302
7.85579
7.87723
7.92454
7.97896
8.04021
8.1025
8.16081
8.2097
8.25251
8.28139
8.30781
8.31358
8.31918
8.31573
8.30068
8.28572
8.26651
8.24391
8.22672
8.21902
8.22963
8.2468
8.26842
8.29232
8.30273
8.29662
8.26851
8.21896
8.16645
8.10396
8.0372
7.9773
7.92407
7.89126
7.87424
7.8663
7.86538
7.87187
7.88029
7.88236
7.88388
7.89286
7.90916
7.9329
7.96248
7.99866
8.04542
8.09452
8.15274
8.20754
8.26245
8.31336
8.35582
8.38863
8.41118
8.42763
8.4277
8.41953
8.3983
8.37188
8.33931
8.31386
8.29017
8.27563
8.26047
8.25419
8.26135
8.27649
8.28981
8.30221
8.31256
8.30515
8.28668
8.25889
8.21983
8.17287
8.1164
8.06943
8.02894
8.00121
7.9898
7.98719
7.98973
8.00073
8.00462
8.00669
8.00276
7.98779
7.96647
7.94024
7.90172
7.85988
7.82958
7.81614
7.82951
7.86895
7.93087
8.01335
8.11513
8.21535
8.31824
8.42863
8.53145
8.61187
8.66061
8.67018
8.61832
8.51729
8.37653
8.21027
8.0366
7.86348
7.71291
7.59609
7.5285
7.52221
7.5805
7.69319
7.83944
7.99063
8.12259
8.22097
8.28079
8.31501
8.32974
8.33581
8.31865
8.2869
8.24472
8.18544
8.10717
8.02242
7.93154
7.85567
7.81429
7.81025
7.84459
7.91875
8.01422
8.12277
8.22558
8.31414
8.37926
8.41825
8.4209
8.38262
8.30375
8.18196
8.03694
7.88218
7.74616
7.64212
7.58846
7.58669
7.64032
7.73768
7.85376
7.96436
8.07292
8.16016
8.23068
8.28968
8.32588
8.34479
8.34652
8.32714
8.2958
8.25856
8.21851
8.18337
8.15626
8.14286
8.13519
8.13091
8.13078
8.12232
8.1065
8.08431
8.05953
8.04182
8.0159
8.01109
8.00878
8.0151
8.02006
8.02781
8.03195
8.04073
8.05236
8.08446
8.12182
8.16828
8.21494
8.25406
8.27281
8.26598
8.23621
8.18523
8.11297
8.02726
7.94667
7.87666
7.82261
7.79076
7.79154
7.82141
7.87022
7.93308
8.00768
8.07977
8.14894
8.20839
8.26325
8.30763
8.34561
8.38022
8.4084
8.42133
8.41953
8.40815
8.37325
8.33473
8.28828
8.24686
8.20882
8.18059
8.16709
8.1682
8.17847
8.19748
8.21213
8.21813
8.22439
8.2349
8.2397
8.23945
8.24217
8.24088
8.23459
8.22546
8.21051
8.19775
8.18661
8.18679
8.19847
8.21418
8.22869
8.24236
8.25108
8.24423
8.23169
8.2125
8.19518
8.17661
8.15837
8.14087
8.12497
8.10947
8.09847
8.09585
8.09673
8.09238
8.08613
8.05931
8.01594
7.96665
7.9133
7.87152
7.84302
7.83447
7.84799
7.8751
7.9011
7.92212
7.94158
7.944
7.94032
7.92655
7.91401
7.90958
7.91571
7.93415
7.96437
8.01162
8.07533
8.15683
8.24761
8.34469
8.43732
8.50169
8.52913
8.50788
8.43709
8.335
8.20743
8.07846
7.96055
7.87235
7.81998
7.80562
7.84134
7.91248
8.01749
8.14432
8.28076
8.41565
8.53641
8.61238
8.64371
8.61489
8.54027
8.42549
8.28046
8.13272
7.98366
7.85036
7.74081
7.6637
7.62585
7.63455
7.68722
7.76777
7.88476
8.02704
8.17411
8.3086
8.41499
8.47492
8.49232
8.44874
8.37103
8.2671
8.16539
8.07237
7.99688
7.94833
7.93005
7.93123
7.94792
7.97882
8.01965
8.06001
8.10213
8.14418
8.17825
8.20425
8.22538
8.24589
8.26132
8.26991
8.2756
8.28488
8.2954
8.30581
8.3179
8.3296
8.33409
8.33837
8.33768
8.32838
8.31609
8.30396
8.28493
8.26477
8.2386
8.20382
8.15783
8.10033
8.03391
7.96107
7.88583
7.81776
7.76398
7.72729
7.70715
7.70832
7.7371
7.7914
7.86878
7.96535
8.06807
8.17075
8.27091
8.34839
8.40804
8.44307
8.45468
8.44808
8.42509
8.39406
8.34978
8.29581
8.22582
8.14413
8.05382
7.97668
7.90476
7.85033
7.82026
7.7984
7.78674
7.76717
7.74487
7.7255
7.7183
7.71845
7.73702
7.7735
7.82425
7.90222
7.99773
8.10611
8.21899
8.32943
8.43083
8.50647
8.55619
8.55205
8.51119
8.4399
8.3368
8.21982
8.10517
8.01224
7.93827
7.90249
7.9046
7.95304
8.03259
8.1351
8.25428
8.35919
8.44324
8.4959
8.51694
8.49361
8.44318
8.36785
8.26641
8.14953
8.02891
7.9178
7.83041
7.77067
7.74012
7.74563
7.78134
7.83157
7.89636
7.96351
8.03768
8.11359
8.18961
8.25799
8.32023
8.3735
8.41953
8.4552
8.47638
8.48906
8.49533
8.49404
8.47639
8.45557
8.42095
8.36748
8.30029
8.21844
8.13233
8.04123
7.95845
7.89618
7.85956
7.84931
7.8623
7.89332
7.92832
7.95528
7.97801
7.97983
7.96529
7.93557
7.88953
7.83159
7.76738
7.70729
7.65817
7.62844
7.61647
7.63634
7.69286
7.78302
7.90983
8.06664
8.2431
8.42372
8.59533
8.75043
8.87227
8.9486
8.98399
8.97328
8.91573
8.81884
8.68643
8.53746
8.37495
8.2065
8.05435
7.91771
7.80727
7.73054
7.68683
7.67411
7.68345
7.7018
7.73686
7.77635
7.8121
7.84229
7.85657
7.86834
7.88101
7.89541
7.92194
7.95288
7.99964
8.05425
8.11354
8.17628
8.2382
8.30156
8.36475
8.42805
8.49052
8.5479
8.59936
8.63248
8.64651
8.62701
8.5651
8.46614
8.33886
8.19915
8.05775
7.93094
7.83131
7.76335
7.72688
7.71989
7.74511
7.79638
7.86604
7.94242
8.02212
8.08769
8.13736
8.15969
8.16291
8.14694
8.12212
8.08156
8.04128
7.9996
7.95242
7.91539
7.88808
7.86725
7.8772
7.91081
7.9661
8.02616
8.09065
8.14368
8.18907
8.2215
8.25094
8.27869
8.30639
8.3402
8.37656
8.41135
8.44768
8.47919
8.49599
8.49411
8.47444
8.43441
8.36711
8.27381
8.16629
8.0503
7.9313
7.82963
7.75621
7.71567
7.71305
7.74236
7.80442
7.88535
7.98134
8.0763
8.17598
8.25811
8.32353
8.38648
8.43784
8.47381
8.48388
8.4684
8.43434
8.37505
8.3037
8.2243
8.14986
8.08183
8.02561
7.99024
7.9686
7.96793
7.98459
8.01261
8.05379
8.10071
8.13333
8.15452
8.15614
8.15304
8.13048
8.1065
8.07479
8.04125
8.00274
7.95854
7.91522
7.86902
7.82645
7.79534
7.77792
7.79048
7.82897
7.9034
8.00663
8.13482
8.2803
8.42473
8.56027
8.66336
8.72305
8.73296
8.69641
8.62166
8.52348
8.40943
8.29253
8.17989
8.07789
7.99432
7.93085
7.88615
7.85922
7.83686
7.82777
7.82723
7.82667
7.83512
7.84461
7.85918
7.87977
7.9003
7.91936
7.94902
7.98213
8.02372
8.06639
8.12131
8.18212
8.24023
8.29623
8.33823
8.36668
8.37729
8.37186
8.35245
8.32572
8.29044
8.24272
8.19515
8.15353
8.11833
8.08787
8.06556
8.05755
8.06277
8.08462
8.12139
8.16514
8.21215
8.26127
8.2978
8.32282
8.33053
8.32197
8.30431
8.2795
8.24814
8.21924
8.19744
8.17374
8.15937
8.14921
8.13853
8.13079
8.12285
8.11266
8.09331
8.07869
8.07761
8.09115
8.1146
8.1494
8.1826
8.20834
8.21593
8.21474
8.2013
8.18212
8.15668
8.1437
8.13973
8.14815
8.16724
8.19025
8.22238
8.2595
8.30119
8.34073
8.37828
8.40298
8.42071
8.42579
8.41787
8.3935
8.35345
8.30481
8.23823
8.15927
8.06078
7.96006
7.86307
7.78306
7.71936
7.68092
7.68443
7.7208
7.78928
7.8784
7.97722
8.07138
8.14678
8.1936
8.21537
8.21697
8.20637
8.19013
8.17649
8.17892
8.20497
8.24568
8.30255
8.35642
8.40059
8.43341
8.43659
8.40962
8.35931
8.30024
8.22717
8.15652
8.07882
8.01182
7.9413
7.87611
7.83325
7.80535
7.78824
7.78312
7.79221
7.81041
7.84232
7.87931
7.93238
7.9853
8.04827
8.12025
8.19096
8.26411
8.33684
8.40042
8.45018
8.48816
8.50234
8.48893
8.44691
8.37143
8.28027
8.19114
8.09909
8.01711
7.96027
7.92238
7.89923
7.89606
7.91221
7.94489
8.00145
8.0809
8.17706
8.27941
8.37622
8.45587
8.51274
8.54197
8.53648
8.49704
8.42904
8.33923
8.23648
8.13467
8.03657
7.96231
7.92335
7.91177
7.93559
7.99015
8.07129
8.15912
8.24637
8.30903
8.34629
8.34698
8.31833
8.26385
8.1949
8.12171
8.04822
7.97377
7.90763
7.85556
7.8131
7.79353
7.78891
7.78914
7.796
7.80707
7.8154
7.8218
7.82622
7.83347
7.83969
7.86606
7.89964
7.95864
8.03518
8.1337
8.2406
8.34239
8.41611
8.45426
8.44316
8.39083
8.31336
8.23027
8.15307
8.10228
8.08526
8.09382
8.13553
8.19794
8.26881
8.33747
8.40598
8.46085
8.49695
8.51933
8.53407
8.54025
8.53593
8.52135
8.48817
8.44444
8.38983
8.32565
8.25521
8.18398
8.11639
8.05018
8.00288
7.96294
7.93296
7.90865
7.88637
7.86899
7.84524
7.83005
7.81913
7.82117
7.83275
7.85425
7.88618
7.92873
7.97238
8.00669
8.03586
8.0573
8.05751
8.0495
8.03022
8.00372
7.97299
7.94592
7.92316
7.90623
7.89058
7.89108
7.91323
7.96678
8.03897
8.12849
8.21665
8.28695
8.34405
8.39173
8.42728
8.44274
8.45372
8.45397
8.44303
8.42205
8.3911
8.35637
8.32134
8.28209
8.24182
8.20235
8.16426
8.13231
8.10181
8.07526
8.0555
8.04208
8.04682
8.05895
8.0803
8.11292
8.15266
8.20944
8.28016
8.35265
8.43384
8.50837
8.57452
8.62049
8.64458
8.64583
8.61957
8.57414
8.51891
8.45695
8.38769
8.31378
8.24295
8.17539
8.12226
8.07732
8.04412
8.02616
8.00886
7.99692
7.98151
7.96682
7.95908
7.95811
7.9654
7.98806
8.02402
8.06669
8.11727
8.17004
8.22013
8.25668
8.29493
8.31816
8.31776
8.29128
8.23747
8.16063
8.07347
7.98074
7.89651
7.83697
7.79811
7.78918
7.80097
7.82997
7.87292
7.91818
7.9683
8.0257
8.08489
8.14411
8.18676
8.2094
8.21278
8.19924
8.17312
8.13023
8.09033
8.05354
8.019
7.99963
8.00182
8.02864
8.0658
8.11609
8.17457
8.22482
8.26511
8.29269
8.30832
8.30881
8.29327
8.27462
8.25274
8.23235
8.21715
8.21032
8.21813
8.22878
8.238
8.24035
8.23029
8.2046
8.17405
8.13602
8.09741
8.06168
8.02766
7.99714
7.97725
7.9669
7.97555
8.00207
8.04532
8.09954
8.17027
8.24858
8.32196
8.38161
8.42612
8.43324
8.41679
8.36235
8.2769
8.16848
8.04371
7.91501
7.79648
7.70238
7.64016
7.61
7.61355
7.64528
7.70377
7.77642
7.86181
7.94606
8.02359
8.09494
8.15706
8.20506
8.23946
8.26031
8.26183
8.25136
8.238
8.2101
8.18274
8.1625
8.15133
8.16219
8.18769
8.21922
8.2579
8.29347
8.31786
8.33313
8.33373
8.32774
8.30531
8.27696
8.23915
8.21164
8.18114
8.15405
8.12675
8.09987
8.06889
8.02441
7.97117
7.91618
7.86443
7.82549
7.80367
7.80627
7.82535
7.8785
7.94603
8.03382
8.12533
8.22385
8.32326
8.41688
8.50162
8.57565
8.63807
8.68182
8.70968
8.71366
8.68846
8.63388
8.54446
8.42674
8.28628
8.13088
7.9701
7.80865
7.66496
7.54318
7.45378
7.40573
7.40376
7.454
7.5575
7.69505
7.86527
8.0357
8.1887
8.30113
8.3667
8.38393
8.35289
8.29295
8.21921
8.14638
8.09235
8.0565
8.0487
8.06937
8.10667
8.16315
8.217
8.28034
8.34137
8.40662
8.4705
8.53265
8.57919
8.59069
8.56501
8.48792
8.36726
8.21253
8.04528
7.88092
7.7329
7.62051
7.53767
7.49538
7.49817
7.53437
7.5989
7.68849
7.7913
7.9019
8.01907
8.14024
8.24861
8.34327
8.41706
8.46675
8.49292
8.51071
8.51647
8.52547
8.53802
8.55689
8.58471
8.6009
8.59723
8.56411
8.49375
8.39138
8.27667
8.15745
8.05725
7.9736
7.91975
7.90164
7.90893
7.93344
7.97824
8.03014
8.07791
8.11297
8.13128
8.1305
8.11547
8.07483
8.02665
7.97624
7.92549
7.88364
7.86213
7.86585
7.89658
7.95255
8.02717
8.10553
8.18685
8.24908
8.29467
8.3143
8.31249
8.29106
8.25699
8.21645
8.17853
8.13851
8.11133
8.10163
8.09676
8.1183
8.153
8.18777
8.2225
8.24419
8.25455
8.2457
8.22278
8.19195
8.15982
8.12453
8.10788
8.10602
8.11869
8.13663
8.15357
8.17173
8.17366
8.17099
8.16135
8.16059
8.15528
8.15896
8.16628
8.18137
8.20282
8.22803
8.24115
8.25034
8.25357
8.24909
8.24108
8.22694
8.20848
8.18756
8.16264
8.12799
8.09153
8.06274
8.03564
8.01981
8.02801
8.06063
8.10977
8.17291
8.24199
8.31313
8.36284
8.39374
8.40922
8.39846
8.37071
8.3297
8.2695
8.20488
8.13365
8.05789
7.9967
7.94355
7.90858
7.8908
7.8923
7.90511
7.92167
7.93571
7.9506
7.97073
7.99924
8.03846
8.09372
8.15807
8.22883
8.30528
8.37211
8.42451
8.45919
8.47489
8.46805
8.44156
8.40013
8.35816
8.30874
8.25761
8.21709
8.18693
8.17461
8.1746
8.19053
8.21604
8.24845
8.29114
8.32781
8.35813
8.38598
8.39133
8.38618
8.36717
8.34939
8.32872
8.31871
8.316
8.32929
8.35664
8.38393
8.3999
8.40402
8.37855
8.32751
8.25518
8.17275
8.08875
8.00617
7.93092
7.87055
7.8286
7.80119
7.78842
7.77922
7.78935
7.81094
7.84466
7.88264
7.92733
7.97232
8.01141
8.05226
8.08562
8.11623
8.14553
8.17685
8.21587
8.24657
8.27214
8.28515
8.27818
8.25471
8.22735
8.20691
8.18775
8.17641
8.16986
8.1674
8.1548
8.13753
8.10746
8.06382
8.00839
7.95615
7.90885
7.87717
7.86416
7.87585
7.90939
7.956
8.02209
8.10279
8.17352
8.23616
8.28734
8.32002
8.33832
8.35955
8.37852
8.39984
8.4316
8.47421
8.50875
8.5279
8.52957
8.51317
8.47559
8.41462
8.34356
8.26407
8.18553
8.11514
8.05952
8.01631
7.99884
8.00655
8.02055
8.04654
8.07174
8.10096
8.12146
8.13364
8.12969
8.1153
8.0833
8.04676
8.00243
7.95294
7.91013
7.87483
7.84766
7.84227
7.85267
7.86641
7.87727
7.88707
7.88788
7.8826
7.88455
7.89019
7.90115
7.93098
7.97175
8.03208
8.10204
8.17852
8.24355
8.30207
8.34723
8.37607
8.40041
8.41604
8.43163
8.44752
8.46683
8.48482
8.49751
8.49051
8.45584
8.39436
8.29923
8.19025
8.06771
7.95239
7.8496
7.77229
7.72876
7.71295
7.73666
7.78894
7.86725
7.96204
8.08147
8.20504
8.32725
8.4425
8.54258
8.61756
8.65871
8.66862
8.63428
8.57118
8.49493
8.39808
8.30145
8.19686
8.0961
7.99998
7.90506
7.82904
7.75999
7.70397
7.66272
7.64054
7.63423
7.65288
7.69237
7.75347
7.83712
7.93693
8.05038
8.16781
8.28357
8.39317
8.48885
8.56588
8.6081
8.6158
8.58762
8.51567
8.40247
8.25787
8.10458
7.95809
7.84127
7.75893
7.70903
7.68918
7.69239
7.70718
7.74176
7.78865
7.86046
7.94427
8.05034
8.17293
8.30191
8.42244
8.5299
8.61016
8.65084
8.65197
8.60713
8.52963
8.42289
8.30212
8.17659
8.0523
7.93652
7.83052
7.74701
7.68664
7.64961
7.6444
7.67104
7.72449
7.79449
7.87015
7.94647
8.00522
8.04633
8.07345
8.09552
8.12052
8.15302
8.19497
8.24873
8.30928
8.36538
8.42882
8.48098
8.513
8.52017
8.50112
8.44213
8.3687
8.27811
8.18337
8.0896
8.01843
7.97705
7.95624
7.95816
7.98306
8.01469
8.05037
8.07794
8.09178
8.08964
8.07384
8.04616
8.00777
7.97639
7.94772
7.93869
7.94245
7.96635
8.01607
8.08837
8.17553
8.2786
8.37687
8.46713
8.53737
8.58251
8.59463
8.56516
8.49855
8.40153
8.2771
8.14223
8.00988
7.89655
7.8191
7.7763
7.76984
7.79752
7.84752
7.90818
7.97343
8.03526
8.0895
8.13399
8.14926
8.15858
8.14525
8.12753
8.10264
8.08427
8.08263
8.09914
8.1423
8.19621
8.25952
8.32926
8.39999
8.45432
8.49211
8.50717
8.49976
8.47463
8.42759
8.3566
8.27397
8.17751
8.07465
7.98341
7.90621
7.85202
7.82152
7.81962
7.84849
7.89842
7.9603
8.01572
8.05498
8.07274
8.07649
8.06968
8.05842
8.05633
8.06774
8.09998
8.13538
8.17844
8.21765
8.24894
8.26897
8.26881
8.25685
8.2361
8.21575
8.19421
8.17289
8.15029
8.12189
8.09961
8.07775
8.05588
8.03608
8.02238
8.02162
8.02807
8.04655
8.07936
8.12165
8.17613
8.23285
8.28348
8.32446
8.33595
8.31706
8.28022
8.23139
8.18619
8.15827
8.13798
8.13023
8.12114
8.10847
8.08214
8.04235
7.99915
7.95491
7.91086
7.88232
7.87169
7.87569
7.89138
7.92777
7.9701
7.99862
8.01924
8.02705
8.01634
8.00936
8.01732
8.04138
8.08923
8.15145
8.22232
8.2957
8.35618
8.40606
8.43603
8.45895
8.47168
8.48694
8.49693
8.50854
8.52149
8.52726
8.52821
8.51977
8.50035
8.45789
8.40321
8.32
8.2204
8.11093
8.00093
7.90356
7.82433
7.76734
7.74402
7.73595
7.7581
7.79753
7.84147
7.88869
7.92918
7.9701
8.00928
8.0537
8.10203
8.15122
8.20459
8.24853
8.27699
8.28644
8.26892
8.23009
8.17716
8.11853
8.06656
8.03208
8.0175
8.02497
8.05392
8.09579
8.14485
8.20182
8.25154
8.29465
8.33673
8.37322
8.41001
8.43782
8.45476
8.45041
8.42026
8.3685
8.2946
8.20871
8.12472
8.05524
8.00443
7.98322
7.99007
8.02863
8.09406
8.16421
8.2282
8.28376
8.30972
8.31605
8.29879
8.25254
8.18951
8.10878
8.02492
7.94976
7.88355
7.84687
7.83852
7.86944
7.92061
7.99227
8.07093
8.14707
8.19412
8.21049
8.20883
8.18995
8.16293
8.14522
8.14562
8.16771
8.20495
8.25532
8.30273
8.34231
8.37038
8.37694
8.36724
8.33505
8.28159
8.21825
8.14423
8.07241
8.01073
7.96807
7.94526
7.94645
7.97333
8.01887
8.08461
8.15806
8.23542
8.31145
8.37016
8.40557
8.41649
8.39957
8.36326
8.32126
8.27985
8.25625
8.25344
8.27332
8.3022
8.33379
8.34888
8.34476
8.30219
8.23017
8.12825
8.01199
7.89257
7.78401
7.69481
7.6319
7.59517
7.58059
7.57702
7.59644
7.64155
7.70948
7.79744
7.90998
8.02899
8.14496
8.25668
8.34457
8.40805
8.43755
8.4382
8.40565
8.34739
8.2791
8.20985
8.13984
8.07327
8.02853
8.00416
7.99877
8.01324
8.04286
8.09154
8.15635
8.24091
8.33884
8.44315
8.54666
8.64022
8.71486
8.75765
8.76969
8.7471
8.68777
8.59508
8.48086
8.33913
8.18654
8.0399
7.91894
7.82581
7.76458
7.73485
7.73719
7.76973
7.80845
7.8538
7.90566
7.95589
8.01456
8.07143
8.12599
8.17169
8.21809
8.25964
8.28504
8.29802
8.2902
8.26353
8.22367
8.16881
8.11549
8.07666
8.05463
8.06322
8.09192
8.13379
8.1853
8.24029
8.28817
8.31715
8.33814
8.33448
8.30748
8.2469
8.14752
8.01926
7.87159
7.72654
7.60672
7.529
7.48871
7.49742
7.54488
7.62495
7.72875
7.85115
7.976
8.11045
8.23991
8.35632
8.44958
8.52104
8.55791
8.57061
8.55394
8.52207
8.47842
8.43291
8.39038
8.36698
8.34704
8.34188
8.33638
8.33802
8.33311
8.32124
8.30996
8.29198
8.2783
8.26318
8.25115
8.23942
8.2332
8.21715
8.20115
8.18278
8.16235
8.13454
8.10557
8.05795
7.99605
7.92536
7.85067
7.80122
7.77936
7.79002
7.83428
7.90526
7.99437
8.08064
8.16447
8.23739
8.29435
8.33203
8.34837
8.33972
8.30566
8.25276
8.17872
8.08875
7.99767
7.92079
7.86276
7.82942
7.83354
7.86726
7.92663
7.99564
8.072
8.1374
8.18696
8.2289
8.24578
8.23225
8.20103
8.15404
8.0898
8.02172
7.95719
7.90452
7.8772
7.86629
7.8795
7.91596
7.97066
8.04095
8.11436
8.1822
8.23562
8.26875
8.29419
8.30692
8.3138
8.32596
8.33843
8.34952
8.36688
8.38496
8.40674
8.43352
8.45907
8.47718
8.4802
8.45674
8.39447
8.30211
8.19724
8.07811
7.96324
7.85771
7.77414
7.72415
7.69934
7.70414
7.72928
7.77584
7.84388
7.92264
8.00691
8.09039
8.17295
8.24857
8.31569
8.37084
8.40798
8.42302
8.41136
8.3741
8.31524
8.23781
8.14991
8.07201
7.99642
7.93607
7.89084
7.86331
7.85826
7.86727
7.88911
7.92122
7.98092
8.05108
8.12656
8.19963
8.2581
8.29321
8.30342
8.29147
8.27224
8.24954
8.22863
8.2166
8.21247
8.2147
8.21942
8.21929
8.21964
8.21195
8.20162
8.19489
8.19098
8.20772
8.23112
8.25959
8.27911
8.26307
8.21201
8.13201
8.03523
7.94391
7.86778
7.81865
7.79139
7.79131
7.81475
7.85594
7.91029
7.9833
8.06693
8.1513
8.22113
8.27222
8.30074
8.29827
8.27219
8.23417
8.18782
8.14464
8.10574
8.08171
8.06967
8.07171
8.08187
8.1056
8.12509
8.14765
8.16372
8.17298
8.17407
8.16166
8.14528
8.12628
8.09881
8.06938
8.03008
7.97983
7.92403
7.86904
7.82545
7.78609
7.7662
7.7713
7.79879
7.85218
7.9301
8.03363
8.1553
8.27981
8.39752
8.49242
8.5633
8.61047
8.61754
8.59284
8.54009
8.46427
8.3668
8.27203
8.18532
8.11853
8.07711
8.07236
8.0929
8.13164
8.17696
8.21007
8.22099
8.2026
8.15812
8.09905
8.0336
7.97216
7.92731
7.90092
7.89678
7.90925
7.93047
7.94937
7.9745
7.98833
7.98789
7.97717
7.95688
7.92578
7.90907
7.89963
7.91093
7.94217
8.01584
8.11764
8.24356
8.37764
8.51311
8.62637
8.69746
8.71293
8.66406
8.55809
8.41297
8.24493
8.07627
7.93058
7.81626
7.74745
7.73066
7.75633
7.81429
7.89015
7.96872
8.03826
8.07906
8.09275
8.08982
8.07589
8.05963
8.04864
8.05653
8.08507
8.12898
8.18095
8.24654
8.31677
8.38829
8.45364
8.49967
8.51985
8.50473
8.45109
8.36539
8.25999
8.13692
8.01636
7.9061
7.81406
7.75296
7.73533
7.75394
7.80896
7.89165
7.99071
8.09068
8.16497
8.2086
8.2054
8.16007
8.08893
8.0058
7.91911
7.84733
7.79023
7.75947
7.73493
7.72203
7.70078
7.69445
7.69518
7.7107
7.74421
7.80366
7.89121
7.99794
8.13057
8.27803
8.42872
8.56956
8.68131
8.75293
8.77143
8.74961
8.68529
8.59908
8.50235
8.39764
8.3072
8.23085
8.16574
8.12363
8.10357
8.11221
8.12572
8.15781
8.19499
8.23836
8.28067
8.31533
8.3495
8.38181
8.40339
8.41704
8.40787
8.37226
8.31904
8.24973
8.1602
8.07044
7.9768
7.89497
7.83247
7.78772
7.75006
7.73617
7.72201
7.71512
7.70507
7.69416
7.67666
7.65751
7.631
7.61671
7.62275
7.65119
7.70315
7.77609
7.86976
7.97623
8.10569
8.24887
8.39167
8.52236
8.63438
8.71295
8.75771
8.77356
8.75138
8.69114
8.61039
8.51566
8.41762
8.3167
8.2297
8.15508
8.09473
8.05057
8.02438
8.01048
8.01425
8.02241
8.04262
8.06565
8.10169
8.13481
8.17338
8.21455
8.25777
8.29823
8.3312
8.36073
8.3789
8.38973
8.38352
8.35484
8.32717
8.28619
8.24066
8.18959
8.14496
8.11034
8.08678
8.07443
8.06937
8.06067
8.04635
8.03264
8.00631
7.98301
7.95649
7.93607
7.92515
7.92053
7.92674
7.94518
7.96546
7.98982
8.01842
8.0524
8.09587
8.14176
8.1916
8.23299
8.26815
8.28144
8.2697
8.23708
8.18141
8.11946
8.05053
7.98774
7.93648
7.89356
7.87096
7.86058
7.86838
7.88513
7.91386
7.94753
7.98802
8.02843
8.07254
8.12552
8.16902
8.21948
8.26492
8.30391
8.33375
8.3471
8.35553
8.35443
8.36205
8.37761
8.39475
8.41846
8.43838
8.45271
8.43824
8.39564
8.32647
8.23628
8.13393
8.03164
7.94131
7.8718
7.82056
7.79226
7.7774
7.77498
7.78661
7.80345
7.82352
7.85524
7.88066
7.90109
7.91717
7.92171
7.91489
7.90785
7.90488
7.90321
7.92351
7.97066
8.03772
8.11863
8.20065
8.2761
8.33605
8.37513
8.38632
8.37272
8.34842
8.31713
8.28323
8.25557
8.24354
8.24706
8.25664
8.28797
8.32892
8.37127
8.41039
8.44578
8.46901
8.4638
8.43577
8.38372
8.31479
8.23679
8.15099
8.06772
7.9901
7.93234
7.88645
7.86165
7.85738
7.87293
7.901
7.93324
7.96622
7.99368
8.02213
8.05738
8.08065
8.11077
8.14271
8.17745
8.21688
8.25676
8.29744
8.33879
8.37983
8.40936
8.42502
8.41531
8.3815
8.31445
8.2202
8.12002
8.02041
7.9374
7.87939
7.85029
7.84986
7.87315
7.90419
7.9412
7.96559
7.97357
7.96466
7.93646
7.89799
7.85467
7.81362
7.77522
7.74976
7.73575
7.74593
7.78563
7.8496
7.94795
8.07003
8.20804
8.35505
8.50838
8.64746
8.76893
8.8541
8.89913
8.89323
8.84167
8.74234
8.61184
8.45966
8.3056
8.16174
8.05072
7.97837
7.95361
7.96831
8.01295
8.07824
8.1575
8.23333
8.28542
8.31505
8.31397
8.27666
8.20081
8.09949
7.97065
7.84128
7.71538
7.6143
7.55301
7.53071
7.57459
7.67006
7.81689
7.99966
8.1863
8.36404
8.51331
8.61525
8.66108
8.65303
8.59695
8.50883
8.40051
8.29017
8.18161
8.08753
8.00345
7.92818
7.86879
7.82513
7.78886
7.75881
7.74944
7.76904
7.80668
7.86896
7.94759
8.02857
8.11298
8.19295
8.27522
8.36504
8.45255
8.54995
8.6517
8.73954
8.81578
8.86306
8.85777
8.80833
8.71308
8.58493
8.44202
8.2981
8.17205
8.0701
8.00749
7.97978
7.97202
7.97332
7.98673
7.99675
7.99746
7.98379
7.95649
7.92094
7.88579
7.84402
7.81671
7.80198
7.80097
7.81546
7.83836
7.87683
7.9265
7.98872
8.06484
8.13921
8.22327
8.30676
8.38481
8.45323
8.50711
8.53732
8.551
8.54615
8.5266
8.49106
8.45122
8.39782
8.3436
8.28749
8.228
8.17171
8.11267
8.05248
8.00042
7.94239
7.89645
7.85471
7.82209
7.79812
7.77358
7.73773
7.70427
7.66445
7.62991
7.60391
7.60499
7.61573
7.64382
7.6964
7.77046
7.86482
7.96794
8.07593
8.1789
8.26762
8.33747
8.38094
8.40857
8.42453
8.43098
8.43182
8.44132
8.44817
8.45419
8.46626
8.48958
8.52203
8.56223
8.60889
8.66881
8.72942
8.78918
8.83247
8.86295
8.871
8.84972
8.79859
8.71556
8.60955
8.47742
8.3306
8.18545
8.04212
7.90419
7.77854
7.67282
7.58994
7.5305
7.49793
7.48652
7.51648
7.56689
7.63732
7.72695
7.81997
7.90892
7.99607
8.06052
8.11164
8.14311
8.15427
8.15421
8.14747
8.1331
8.11704
8.09669
8.07411
8.05885
8.04668
8.03912
8.03679
8.04189
8.05702
8.07051
8.08311
8.09623
8.11066
8.1406
8.17951
8.23303
8.29267
8.34771
8.4026
8.44403
8.47689
8.48839
8.47176
8.43856
8.38545
8.30652
8.22049
8.12963
8.03012
7.93324
7.84291
7.77176
7.73896
7.7595
7.82639
7.94084
8.08911
8.24699
8.39772
8.52186
8.60014
8.6369
8.63139
8.57419
8.48604
8.37842
8.26652
8.16605
8.07978
8.02278
8.00391
8.00953
8.04768
8.08942
8.12713
8.15148
8.15056
8.11985
8.06722
7.99698
7.91613
7.84642
7.79363
7.76585
7.77091
7.79666
7.84402
7.90596
7.97743
8.05233
8.12447
8.18757
8.23372
8.2638
8.27569
8.26718
8.25629
8.24998
8.24746
8.25258
8.2724
8.2973
8.32078
8.33791
8.35195
8.34586
8.32291
8.27835
8.21462
8.1331
8.04015
7.93603
7.83801
7.74347
7.68155
7.64667
7.64225
7.66491
7.71693
7.7961
7.89967
8.02123
8.14745
8.26237
8.36702
8.44324
8.48979
8.50116
8.4805
8.41382
8.31232
8.19459
8.06857
7.95226
7.85066
7.77585
7.72832
7.71326
7.72269
7.7641
7.82772
7.91683
8.01736
8.12366
8.22801
8.32993
8.41952
8.50028
8.56711
8.61999
8.65212
8.65762
8.63633
8.59023
8.52109
8.43212
8.32972
8.2273
8.12486
8.0365
7.95171
7.87912
7.82808
7.79126
7.77108
7.77633
7.8083
7.85776
7.91922
7.99418
8.07252
8.14052
8.19129
8.20252
8.18941
8.15184
8.09178
8.02282
7.95857
7.91271
7.88705
7.89377
7.92428
7.98355
8.06581
8.15882
8.2624
8.36198
8.46019
8.53695
8.58393
8.60143
8.57385
8.51
8.4148
8.30143
8.18136
8.0672
7.9663
7.88294
7.83257
7.80704
7.81063
7.83991
7.8936
7.968
8.06489
8.16869
8.26495
8.35024
8.41686
8.45539
8.46734
8.46299
8.43506
8.40395
8.36522
8.33482
8.31054
8.29863
8.29974
8.30666
8.31823
8.31567
8.31147
8.28125
8.23161
8.17473
8.11061
8.05095
8.00803
7.98843
7.97659
7.96602
7.95922
7.93914
7.90489
7.86479
7.82432
7.79535
7.77878
7.79141
7.82813
7.88429
7.94511
8.00149
8.05767
8.10607
8.14121
8.1588
8.16953
8.17513
8.17116
8.17278
8.1702
8.16959
8.16791
8.15933
8.16082
8.15874
8.1653
8.18309
8.19824
8.20938
8.21629
8.21332
8.20269
8.19192
8.19206
8.19363
8.20892
8.22578
8.24431
8.26525
8.28517
8.30096
8.31005
8.31268
8.30847
8.29494
8.27086
8.24227
8.21489
8.18537
8.16073
8.14143
8.13198
