100   0.912494   0
200   0.9294   0.0119541
300   0.955843   0.0230147
400   0.930662   0.0278121
500   0.936339   0.0228217
600   0.940148   0.0193334
700   0.938222   0.0166671
800   0.93283   0.0154315
900   0.9377   0.0144649
1000   0.939194   0.0130954
1100   0.938432   0.0119271
1200   0.941035   0.0112136
1300   0.940925   0.0103516
1400   0.933635   0.0119056
1500   0.93581   0.0113088
1600   0.94032   0.0114661
1700   0.943436   0.011207
1800   0.938498   0.0116214
1900   0.940715   0.0112193
2000   0.940841   0.010659
2100   0.941504   0.010172
2200   0.938985   0.0100167
2300   0.940372   0.00967683
2400   0.940214   0.00927492
2500   0.939968   0.0089072
2600   0.938373   0.00870624
2700   0.938806   0.00839458
2800   0.939156   0.00810206
2900   0.938802   0.0078304
3000   0.937856   0.00762633
3100   0.937671   0.00738256
3200   0.937862   0.00715433
3300   0.938505   0.00696636
3400   0.939136   0.00678997
3500   0.938688   0.00661071
3600   0.940416   0.00664903
3700   0.940031   0.00648047
3800   0.938342   0.00652643
3900   0.938583   0.00636354
4000   0.938527   0.0062047
4100   0.938713   0.00605615
4200   0.938626   0.00591258
4300   0.940091   0.00595369
4400   0.93997   0.0058196
4500   0.939659   0.00569856
4600   0.938425   0.0057069
4700   0.938132   0.00559299
4800   0.939027   0.00554765
4900   0.940379   0.00559677
5000   0.939471   0.00555797
5100   0.939092   0.00546188
5200   0.93863   0.00537639
5300   0.938741   0.00527611
5400   0.93891   0.00518112
5500   0.939542   0.00512526
5600   0.938785   0.00508928
5700   0.938703   0.00500066
5800   0.939147   0.00493411
5900   0.939748   0.00488695
6000   0.939706   0.00480567
6100   0.940087   0.00474192
6200   0.939203   0.00474704
6300   0.939146   0.00467203
6400   0.939707   0.00463256
6500   0.940012   0.0045713
6600   0.940405   0.00451889
6700   0.93997   0.00447232
6800   0.939011   0.00450807
6900   0.938795   0.00444792
7000   0.939943   0.00452995
7100   0.939762   0.00446975
7200   0.94012   0.00442199
7300   0.940503   0.004378
7400   0.939091   0.00454084
7500   0.939132   0.00448047
7600   0.940004   0.00450569
7700   0.939756   0.00445404
7800   0.940381   0.00444057
7900   0.940294   0.00438521
8000   0.939516   0.0043989
8100   0.939417   0.0043457
8200   0.940409   0.00440452
8300   0.940251   0.00435428
8400   0.940457   0.00430729
8500   0.940319   0.00425882
8600   0.940275   0.00420953
8700   0.940248   0.00416123
8800   0.94   0.00412134
8900   0.940387   0.00409313
9000   0.940007   0.00406519
9100   0.940033   0.0040206
9200   0.939678   0.00399252
9300   0.940594   0.00405323
9400   0.940639   0.00401036
9500   0.940391   0.00397583
9600   0.94051   0.00393622
9700   0.940933   0.0039183
9800   0.940702   0.00388516
9900   0.940404   0.00385732
10000   0.940638   0.00382586
10100   0.941001   0.00380515
10200   0.940276   0.00383624
10300   0.940265   0.00379901
10400   0.941053   0.00384317
10500   0.940945   0.00380807
10600   0.940351   0.00381821
10700   0.940556   0.00378802
10800   0.940795   0.00376046
10900   0.940769   0.00372605
11000   0.940167   0.00374043
11100   0.94028   0.00370845
11200   0.940437   0.00367867
11300   0.94001   0.00367084
11400   0.940042   0.00363878
11500   0.940298   0.00361614
11600   0.939693   0.00363517
11700   0.939898   0.00360989
11800   0.940084   0.00358408
11900   0.939822   0.00356354
12000   0.939897   0.00353464
12100   0.939789   0.00350709
12200   0.940258   0.0035096
12300   0.93967   0.00352994
12400   0.939826   0.00350489
12500   0.940112   0.00348855
12600   0.939865   0.00346965
12700   0.939655   0.00344867
12800   0.94025   0.00347265
12900   0.939995   0.00345504
13000   0.939623   0.00344842
13100   0.940021   0.003445
13200   0.939976   0.00341919
13300   0.939856   0.00339559
13400   0.940066   0.00337671
13500   0.939921   0.0033548
13600   0.939728   0.00333566
13700   0.939637   0.00331257
13800   0.939795   0.00329234
13900   0.940079   0.00328085
14000   0.939956   0.00325972
14100   0.940175   0.00324398
14200   0.94   0.00322583
14300   0.939767   0.0032117
14400   0.939819   0.00318981
14500   0.939855   0.00316802
14600   0.939971   0.00314843
14700   0.940227   0.00313744
14800   0.940145   0.00311731
14900   0.939772   0.00311872
15000   0.939477   0.00311178
15100   0.93987   0.0031159
15200   0.940185   0.00311123
15300   0.939724   0.00312474
15400   0.939753   0.00310458
15500   0.939814   0.00308514
15600   0.939577   0.0030744
15700   0.939967   0.0030794
15800   0.940069   0.00306159
15900   0.939869   0.00304885
16000   0.939838   0.00302995
16100   0.940111   0.00302337
16200   0.93966   0.00303814
16300   0.939607   0.00301996
16400   0.940025   0.0030303
16500   0.940411   0.00303646
16600   0.940002   0.00304562
16700   0.940172   0.0030321
16800   0.940181   0.00301407
16900   0.940065   0.00299847
17000   0.940211   0.0029844
17100   0.940124   0.00296823
17200   0.940016   0.00295292
17300   0.940158   0.00293927
17400   0.940146   0.00292241
17500   0.940127   0.00290577
17600   0.939871   0.00290051
17700   0.940108   0.0028938
17800   0.940246   0.0028808
17900   0.940301   0.00286524
18000   0.940049   0.00286038
18100   0.940162   0.00284678
18200   0.940294   0.00283423
18300   0.940057   0.00282864
18400   0.940131   0.00281422
18500   0.940404   0.00281222
18600   0.940478   0.00279809
18700   0.940423   0.00278366
18800   0.940611   0.00277515
18900   0.94042   0.00276703
19000   0.940272   0.00275642
19100   0.940397   0.00274485
19200   0.940502   0.00273255
19300   0.940549   0.0027188
19400   0.9408   0.00271633
19500   0.940696   0.00270442
19600   0.94054   0.00269509
19700   0.940377   0.00268634
19800   0.940602   0.00268222
19900   0.940651   0.00266919
20000   0.940658   0.00265585
20100   0.940577   0.00264386
20200   0.940769   0.00263773
20300   0.940887   0.00262737
20400   0.940674   0.0026231
20500   0.940469   0.00261832
20600   0.940764   0.00262219
20700   0.94095   0.00261607
20800   0.941216   0.00261704
20900   0.940858   0.00262898
21000   0.940601   0.00262901
21100   0.940617   0.0026166
21200   0.940768   0.00260859
21300   0.940754   0.00259638
21400   0.941066   0.00260296
21500   0.941203   0.00259445
21600   0.940867   0.00260407
21700   0.940689   0.00259814
21800   0.940973   0.00260163
21900   0.94132   0.00261282
22000   0.940901   0.0026343
22100   0.940796   0.00262449
22200   0.941104   0.00263073
22300   0.941253   0.00262312
22400   0.941075   0.00261742
22500   0.940838   0.00261652
22600   0.940662   0.00261085
22700   0.940807   0.00260337
22800   0.940999   0.00259908
22900   0.94105   0.00258822
23000   0.941002   0.00257741
23100   0.940962   0.00256657
23200   0.941059   0.00255735
23300   0.940889   0.002552
23400   0.940792   0.00254294
23500   0.940995   0.00254022
23600   0.941161   0.00253486
23700   0.940973   0.00253116
23800   0.940823   0.00252495
23900   0.940779   0.00251476
24000   0.940907   0.00250753
24100   0.941088   0.00250364
24200   0.94078   0.0025122
24300   0.941084   0.00252025
24400   0.940993   0.00251156
24500   0.941119   0.00250444
24600   0.940973   0.00249851
24700   0.941263   0.00250525
24800   0.941126   0.00249889
24900   0.941097   0.00248902
25000   0.94117   0.00248013
25100   0.941145   0.00247038
25200   0.941321   0.00246689
25300   0.941211   0.00245959
25400   0.941137   0.00245104
25500   0.941052   0.0024429
25600   0.941014   0.00243365
25700   0.941006   0.00242419
25800   0.941105   0.00241678
25900   0.941281   0.00241389
26000   0.941307   0.00240474
26100   0.941217   0.0023972
26200   0.941145   0.00238911
26300   0.941165   0.0023801
26400   0.941202   0.00237137
26500   0.941215   0.00236246
26600   0.94121   0.00235359
26700   0.941061   0.00234951
26800   0.940969   0.00234255
26900   0.941202   0.00234545
27000   0.941058   0.00234119
27100   0.941075   0.00233261
27200   0.94134   0.00233906
27300   0.941201   0.00233462
27400   0.941244   0.0023265
27500   0.941083   0.00232359
27600   0.941289   0.0023242
27700   0.94119   0.00231788
27800   0.940989   0.00231832
27900   0.941144   0.00231524
28000   0.94138   0.00231896
28100   0.941354   0.00231085
28200   0.940962   0.00233572
28300   0.941232   0.00234304
28400   0.941375   0.00233916
28500   0.941144   0.00234236
28600   0.94111   0.00233441
28700   0.941212   0.00232847
28800   0.941296   0.00232191
28900   0.941279   0.00231394
29000   0.941099   0.00231292
29100   0.941274   0.00231157
29200   0.941202   0.00230479
29300   0.941144   0.00229764
29400   0.941164   0.00228991
29500   0.941299   0.00228613
29600   0.941228   0.00227951
29700   0.941091   0.00227593
29800   0.941318   0.00227962
29900   0.94137   0.00227259
30000   0.941254   0.00226798
30100   0.941271   0.0022605
30200   0.941192   0.00225441
30300   0.941223   0.0022472
30400   0.941219   0.00223981
30500   0.941146   0.00223366
30600   0.941028   0.00222948
30700   0.941227   0.00223112
30800   0.941162   0.00222483
30900   0.941029   0.00222159
31000   0.941217   0.00222232
31100   0.941277   0.00221601
31200   0.941162   0.00221191
31300   0.941239   0.0022062
31400   0.941063   0.00220619
31500   0.941117   0.00219983
31600   0.941125   0.00219289
31700   0.941335   0.00219594
31800   0.94136   0.00218919
31900   0.941312   0.00218286
32000   0.941102   0.00218612
32100   0.941046   0.00218002
32200   0.941219   0.00218007
32300   0.941301   0.00217486
32400   0.941418   0.00217133
32500   0.941264   0.00217011
32600   0.941213   0.00216405
32700   0.941235   0.00215755
32800   0.941001   0.00216356
32900   0.940999   0.00215699
33000   0.941065   0.00215144
33100   0.941025   0.00214531
33200   0.941192   0.0021453
33300   0.941175   0.00213893
33400   0.941188   0.00213256
33500   0.941114   0.00212748
33600   0.941119   0.00212115
33700   0.941138   0.00211493
33800   0.941112   0.00210883
33900   0.94131   0.00211194
34000   0.941258   0.00210637
34100   0.941169   0.00210207
34200   0.941141   0.00209611
34300   0.941284   0.0020949
34400   0.941093   0.00209755
34500   0.941053   0.00209185
34600   0.941284   0.00209858
34700   0.941258   0.0020927
34800   0.941114   0.00209164
34900   0.941178   0.00208664
35000   0.941324   0.00208578
35100   0.941105   0.00209131
35200   0.941039   0.00208642
35300   0.941118   0.002082
35400   0.941238   0.00207959
35500   0.941173   0.00207476
35600   0.941145   0.00206911
35700   0.941143   0.00206332
35800   0.941121   0.00205767
35900   0.941078   0.00205239
36000   0.941111   0.00204694
36100   0.941034   0.00204271
36200   0.941127   0.0020392
36300   0.941065   0.00203453
36400   0.940979   0.00203074
36500   0.940893   0.002027
36600   0.940785   0.00202436
36700   0.940851   0.00201991
36800   0.940972   0.00201805
36900   0.940919   0.00201328
37000   0.940905   0.00200789
37100   0.940999   0.00200465
37200   0.94088   0.00200278
37300   0.940771   0.00200038
37400   0.94082   0.00199563
37500   0.940932   0.00199345
37600   0.941047   0.00199143
37700   0.940953   0.00198836
37800   0.940818   0.00198762
37900   0.940984   0.00198923
38000   0.940796   0.00199281
38100   0.940864   0.00198875
38200   0.941008   0.00198871
38300   0.940828   0.00199158
38400   0.941009   0.00199458
38500   0.940884   0.00199334
38600   0.940943   0.00198905
38700   0.941063   0.00198754
38800   0.940969   0.00198464
38900   0.940955   0.00197959
39000   0.941009   0.00197524
39100   0.941005   0.00197019
39200   0.940885   0.00196878
39300   0.940999   0.00196704
39400   0.94102   0.00196216
39500   0.940873   0.00196271
39600   0.940936   0.00195877
39700   0.940971   0.00195415
39800   0.940932   0.00194963
39900   0.940961   0.00194496
40000   0.940913   0.00194068
40100   0.940903   0.00193587
40200   0.941003   0.00193364
40300   0.941007   0.00192885
40400   0.940844   0.00193095
40500   0.940812   0.00192646
40600   0.940947   0.00192648
40700   0.94091   0.00192212
40800   0.94093   0.00191751
40900   0.940819   0.00191601
41000   0.940858   0.00191174
41100   0.94085   0.0019071
41200   0.940896   0.00190303
41300   0.940858   0.0018988
41400   0.940863   0.00189423
41500   0.940835   0.00188987
41600   0.940739   0.00188776
41700   0.940827   0.00188528
41800   0.940989   0.00188769
41900   0.94092   0.00188443
42000   0.940941   0.00188006
42100   0.94073   0.00188743
42200   0.940861   0.00188756
42300   0.940859   0.0018831
42400   0.940851   0.00187867
42500   0.940791   0.00187522
42600   0.941044   0.00188784
42700   0.940939   0.00188636
42800   0.940831   0.00188503
42900   0.940772   0.00188158
43000   0.940847   0.00187871
43100   0.94085   0.00187436
43200   0.940906   0.00187086
43300   0.940909   0.00186654
43400   0.94101   0.00186496
43500   0.940947   0.00186174
43600   0.940808   0.00186271
43700   0.940931   0.00186253
43800   0.940921   0.0018583
43900   0.940945   0.00185422
44000   0.940993   0.00185063
44100   0.940926   0.00184762
44200   0.940867   0.00184438
44300   0.94096   0.00184253
44400   0.940954   0.00183839
44500   0.940955   0.00183426
44600   0.940955   0.00183015
44700   0.941087   0.00183082
44800   0.94094   0.00183261
44900   0.940923   0.00182861
45000   0.940957   0.00182485
45100   0.941041   0.00182275
45200   0.940967   0.00182024
45300   0.940991   0.00181639
45400   0.941044   0.00181314
45500   0.940982   0.00181021
45600   0.940995   0.00180628
45700   0.941035   0.00180279
45800   0.941205   0.00180679
45900   0.941226   0.00180297
46000   0.941062   0.00180648
46100   0.94104   0.0018027
46200   0.940993   0.00179941
46300   0.941159   0.0018032
46400   0.941321   0.00180661
46500   0.941119   0.00181397
46600   0.941099   0.00181019
46700   0.941079   0.00180643
46800   0.941002   0.00180421
46900   0.94104   0.00180077
47000   0.941103   0.00179804
47100   0.941073   0.00179447
47200   0.941164   0.001793
47300   0.941114   0.00178992
47400   0.941003   0.00178955
47500   0.941099   0.00178834
47600   0.941204   0.00178768
47700   0.941201   0.00178394
47800   0.941135   0.00178141
47900   0.941025   0.00178108
48000   0.941106   0.00177919
48100   0.941115   0.00177552
48200   0.941037   0.00177354
48300   0.94113   0.00177234
48400   0.941259   0.00177336
48500   0.941104   0.0017765
48600   0.941044   0.00177386
48700   0.941036   0.00177023
48800   0.941201   0.0017743
48900   0.941055   0.00177663
49000   0.941154   0.00177574
49100   0.941146   0.00177215
49200   0.940934   0.00178125
49300   0.940994   0.00177865
49400   0.941111   0.00177894
49500   0.941069   0.00177585
49600   0.940965   0.00177533
49700   0.941051   0.00177383
49800   0.941235   0.00177978
49900   0.941182   0.001777
50000   0.941026   0.00178031
