100   8.25361   0
200   8.18939   0.0454138
300   8.06045   0.109543
400   8.19387   0.141772
500   8.16524   0.116273
600   8.14546   0.0985615
700   8.15454   0.0848989
800   8.1773   0.0772778
900   8.15957   0.070698
1000   8.15304   0.0639282
1100   8.15671   0.0582216
1200   8.14111   0.0554213
1300   8.14003   0.0511687
1400   8.1766   0.0591556
1500   8.16599   0.056155
1600   8.14194   0.0575661
1700   8.12826   0.0557821
1800   8.15372   0.0582055
1900   8.14131   0.0564486
2000   8.13954   0.053654
2100   8.13563   0.0512414
2200   8.14695   0.0501472
2300   8.14098   0.0483214
2400   8.14302   0.0463512
2500   8.14483   0.0445324
2600   8.15163   0.0433355
2700   8.14833   0.0418553
2800   8.14695   0.0403835
2900   8.14806   0.0390063
3000   8.15285   0.0379996
3100   8.15304   0.0367742
3200   8.15196   0.0356408
3300   8.14836   0.0347424
3400   8.14462   0.0339212
3500   8.14683   0.0330241
3600   8.1384   0.033164
3700   8.14022   0.0323172
3800   8.14798   0.0323857
3900   8.14705   0.0315687
4000   8.14698   0.0307796
4100   8.14518   0.0300818
4200   8.14516   0.0293656
4300   8.13728   0.0297206
4400   8.1374   0.0290454
4500   8.13865   0.0284268
4600   8.1446   0.0284247
4700   8.14597   0.0278529
4800   8.14139   0.0276467
4900   8.135   0.0278105
5000   8.13905   0.0275472
5100   8.14013   0.0270282
5200   8.14192   0.0265679
5300   8.14092   0.0260853
5400   8.14015   0.0256138
5500   8.13682   0.0253635
5600   8.14026   0.025143
5700   8.14035   0.024702
5800   8.13777   0.0244113
5900   8.13437   0.0242329
6000   8.13511   0.0238405
6100   8.13339   0.0235121
6200   8.13777   0.0235379
6300   8.13802   0.0231656
6400   8.13501   0.022998
6500   8.13334   0.022705
6600   8.13185   0.0224101
6700   8.13404   0.0221826
6800   8.13862   0.0223246
6900   8.13947   0.0220174
7000   8.13373   0.0224395
7100   8.13464   0.0221419
7200   8.13317   0.021883
7300   8.13113   0.0216785
7400   8.13762   0.0223362
7500   8.13734   0.0220401
7600   8.13332   0.0221134
7700   8.1348   0.0218755
7800   8.13183   0.0217951
7900   8.13203   0.0215201
8000   8.13548   0.0215252
8100   8.136   0.0212657
8200   8.13122   0.021537
8300   8.13209   0.0212952
8400   8.13072   0.0210853
8500   8.1314   0.0208479
8600   8.13162   0.0206066
8700   8.13196   0.0203726
8800   8.13338   0.0201903
8900   8.1316   0.0200411
9000   8.13384   0.0199432
9100   8.13389   0.0197241
9200   8.13569   0.0195924
9300   8.13108   0.0199178
9400   8.1308   0.0197079
9500   8.1319   0.0195314
9600   8.13166   0.0193295
9700   8.12995   0.0192055
9800   8.13118   0.0190487
9900   8.13264   0.0189128
10000   8.1313   0.0187715
10100   8.12957   0.0186654
10200   8.13323   0.0188388
10300   8.13312   0.0186562
10400   8.12935   0.0188551
10500   8.12996   0.0186854
10600   8.13269   0.0187075
10700   8.13185   0.0185515
10800   8.13088   0.0184047
10900   8.13109   0.018237
11000   8.13395   0.0182934
11100   8.13317   0.018145
11200   8.13275   0.0179878
11300   8.1351   0.0179815
11400   8.13495   0.0178244
11500   8.1339   0.0177007
11600   8.13698   0.0178144
11700   8.13599   0.0176893
11800   8.13511   0.0175617
11900   8.13659   0.0174768
12000   8.13635   0.0173329
12100   8.13688   0.0171978
12200   8.13421   0.0172618
12300   8.13715   0.0173695
12400   8.13631   0.0172498
12500   8.13486   0.0171726
12600   8.13583   0.0170635
12700   8.1367   0.0169514
12800   8.13352   0.0171148
12900   8.13475   0.0170262
13000   8.13632   0.0169677
13100   8.13402   0.016993
13200   8.13423   0.0168656
13300   8.13487   0.0167508
13400   8.13392   0.016653
13500   8.13461   0.0165443
13600   8.13576   0.0164623
13700   8.13627   0.0163501
13800   8.13545   0.0162525
13900   8.13401   0.016199
14000   8.1345   0.0160907
14100   8.13346   0.0160102
14200   8.13421   0.0159153
14300   8.13528   0.0158398
14400   8.13503   0.0157318
14500   8.13481   0.0156249
14600   8.13426   0.0155275
14700   8.1329   0.0154807
14800   8.13341   0.0153843
14900   8.13557   0.0154319
15000   8.13705   0.0153998
15100   8.1351   0.01542
15200   8.13376   0.0153767
15300   8.13619   0.0154662
15400   8.13602   0.0153667
15500   8.13567   0.0152714
15600   8.13691   0.0152237
15700   8.13492   0.015256
15800   8.13455   0.0151642
15900   8.1355   0.0150987
16000   8.13573   0.0150061
16100   8.13443   0.0149692
16200   8.13663   0.0150379
16300   8.13679   0.0149465
16400   8.13474   0.0149959
16500   8.13304   0.0150012
16600   8.13512   0.015055
16700   8.13436   0.0149842
16800   8.13413   0.0148968
16900   8.13474   0.014821
17000   8.13427   0.0147411
17100   8.13495   0.0146704
17200   8.1356   0.0145995
17300   8.13488   0.0145325
17400   8.1348   0.0144493
17500   8.13491   0.0143672
17600   8.13626   0.0143493
17700   8.13512   0.0143141
17800   8.13453   0.0142457
17900   8.13417   0.0141707
18000   8.13555   0.0141594
18100   8.13514   0.0140872
18200   8.13459   0.0140207
18300   8.13578   0.0139946
18400   8.1353   0.0139268
18500   8.13399   0.0139128
18600   8.13376   0.0138399
18700   8.13417   0.0137718
18800   8.13336   0.0137224
18900   8.13448   0.0136953
19000   8.13523   0.0136441
19100   8.13456   0.0135892
19200   8.13421   0.0135229
19300   8.13403   0.0134541
19400   8.13271   0.0134492
19500   8.13329   0.0133928
19600   8.1341   0.0133486
19700   8.13487   0.0133033
19800   8.13375   0.0132834
19900   8.13349   0.0132192
20000   8.13338   0.0131535
20100   8.13381   0.013095
20200   8.13274   0.0130731
20300   8.13221   0.0130196
20400   8.13324   0.0129962
20500   8.13422   0.0129701
20600   8.13264   0.0130034
20700   8.13177   0.0129697
20800   8.13044   0.012975
20900   8.13229   0.013043
21000   8.13359   0.013046
21100   8.13357   0.0129842
21200   8.13289   0.0129409
21300   8.13286   0.0128802
21400   8.13128   0.0129172
21500   8.13067   0.0128717
21600   8.13242   0.012931
21700   8.13324   0.0128972
21800   8.13182   0.0129161
21900   8.13021   0.0129563
22000   8.13228   0.0130619
22100   8.13263   0.0130073
22200   8.13113   0.013035
22300   8.13041   0.0129963
22400   8.13136   0.0129732
22500   8.13242   0.0129582
22600   8.13335   0.0129348
22700   8.13261   0.0128992
22800   8.13166   0.0128778
22900   8.13143   0.0128236
23000   8.13161   0.0127691
23100   8.13173   0.0127144
23200   8.13128   0.0126679
23300   8.13194   0.0126309
23400   8.13245   0.0125872
23500   8.13159   0.0125633
23600   8.13092   0.0125275
23700   8.1319   0.0125122
23800   8.13257   0.012478
23900   8.13289   0.0124297
24000   8.13231   0.0123915
24100   8.13139   0.0123742
24200   8.13289   0.0124138
24300   8.13135   0.0124581
24400   8.13181   0.0124157
24500   8.13107   0.0123871
24600   8.13167   0.0123512
24700   8.13021   0.012387
24800   8.13082   0.0123517
24900   8.13079   0.0123021
25000   8.13038   0.01226
25100   8.13062   0.0122136
25200   8.12966   0.0122028
25300   8.13033   0.0121727
25400   8.13082   0.0121348
25500   8.1312   0.0120932
25600   8.13153   0.0120503
25700   8.13167   0.0120043
25800   8.13118   0.011968
25900   8.1303   0.0119536
26000   8.13019   0.0119083
26100   8.13055   0.0118682
26200   8.13089   0.0118279
26300   8.13072   0.0117842
26400   8.13056   0.0117407
26500   8.13047   0.0116967
26600   8.13051   0.0116528
26700   8.13118   0.0116283
26800   8.13153   0.01159
26900   8.13028   0.0116135
27000   8.13091   0.0115875
27100   8.1308   0.0115453
27200   8.12944   0.0115833
27300   8.1301   0.01156
27400   8.12994   0.011519
27500   8.13084   0.0115122
27600   8.12989   0.0115095
27700   8.13036   0.0114776
27800   8.13128   0.0114728
27900   8.13053   0.0114561
28000   8.12934   0.0114766
28100   8.12958   0.0114383
28200   8.13143   0.0115457
28300   8.13009   0.0115822
28400   8.12942   0.011561
28500   8.13051   0.0115726
28600   8.13058   0.0115323
28700   8.13   0.0115067
28800   8.12951   0.0114772
28900   8.12955   0.0114375
29000   8.13059   0.0114455
29100   8.12979   0.011434
29200   8.1302   0.011402
29300   8.13044   0.0113658
29400   8.13029   0.0113282
29500   8.12963   0.0113087
29600   8.12998   0.0112758
29700   8.1307   0.0112612
29800   8.12975   0.0112633
29900   8.12955   0.0112275
30000   8.13012   0.0112047
30100   8.1301   0.0111675
30200   8.13056   0.01114
30300   8.13051   0.0111034
30400   8.13066   0.0110679
30500   8.13107   0.0110391
30600   8.13154   0.0110128
30700   8.13051   0.0110246
30800   8.13073   0.0109909
30900   8.1314   0.0109759
31000   8.13056   0.0109723
31100   8.13047   0.0109375
31200   8.13112   0.0109218
31300   8.13072   0.010894
31400   8.1316   0.0108945
31500   8.13135   0.0108627
31600   8.13137   0.0108283
31700   8.13036   0.010842
31800   8.13032   0.010808
31900   8.13058   0.0107773
32000   8.13162   0.0107933
32100   8.1319   0.0107633
32200   8.13106   0.010763
32300   8.13066   0.010737
32400   8.13012   0.0107171
32500   8.13092   0.0107135
32600   8.13121   0.0106847
32700   8.13124   0.0106521
32800   8.13254   0.0106994
32900   8.13257   0.0106669
33000   8.13222   0.01064
33100   8.13247   0.0106108
33200   8.13169   0.0106075
33300   8.13174   0.0105757
33400   8.13171   0.0105441
33500   8.13207   0.010519
33600   8.1321   0.0104878
33700   8.13206   0.0104567
33800   8.13212   0.010426
33900   8.13112   0.0104435
34000   8.13137   0.0104158
34100   8.13174   0.010392
34200   8.13185   0.0103621
34300   8.13114   0.0103565
34400   8.13219   0.0103791
34500   8.13229   0.0103495
34600   8.13115   0.0103828
34700   8.13136   0.0103549
34800   8.13204   0.0103476
34900   8.13164   0.0103255
35000   8.13091   0.0103217
35100   8.13203   0.0103519
35200   8.13231   0.0103265
35300   8.13208   0.0102999
35400   8.13157   0.0102834
35500   8.13189   0.0102593
35600   8.132   0.0102311
35700   8.13205   0.0102026
35800   8.13218   0.0101748
35900   8.13241   0.0101491
36000   8.13235   0.010121
36100   8.1328   0.0101028
36200   8.13224   0.0100902
36300   8.13258   0.0100681
36400   8.13304   0.0100507
36500   8.13354   0.0100357
36600   8.13415   0.0100268
36700   8.1338   0.0100055
36800   8.13321   0.00999583
36900   8.13345   0.00997163
37000   8.13346   0.00994468
37100   8.13301   0.00992829
37200   8.13365   0.00992261
37300   8.13422   0.00991185
37400   8.13403   0.0098871
37500   8.13355   0.00987253
37600   8.13292   0.00986613
37700   8.13332   0.00984798
37800   8.13397   0.00984344
37900   8.13321   0.0098469
38000   8.13421   0.00987245
38100   8.13382   0.00985427
38200   8.13312   0.00985358
38300   8.13396   0.00986341
38400   8.13302   0.009882
38500   8.1337   0.00987958
38600   8.13344   0.00985741
38700   8.1328   0.00985246
38800   8.13332   0.00984063
38900   8.13343   0.00981598
39000   8.1332   0.00979366
39100   8.13316   0.00976868
39200   8.13372   0.00975948
39300   8.13316   0.0097505
39400   8.13315   0.00972576
39500   8.13388   0.00972823
39600   8.13345   0.00971294
39700   8.13325   0.00969057
39800   8.13347   0.0096688
39900   8.13334   0.00964555
40000   8.13355   0.00962385
40100   8.13352   0.00959991
40200   8.13301   0.00958934
40300   8.13299   0.00956558
40400   8.13386   0.00958133
40500   8.13408   0.00956038
40600   8.13337   0.00956346
40700   8.13353   0.00954136
40800   8.13345   0.00951832
40900   8.13407   0.00951475
41000   8.13395   0.0094922
41100   8.13402   0.00946935
41200   8.13377   0.00944974
41300   8.134   0.00942965
41400   8.13409   0.00940732
41500   8.13423   0.00938569
41600   8.13466   0.00937298
41700   8.13424   0.00935969
41800   8.1335   0.00936662
41900   8.13392   0.00935355
42000   8.13393   0.00933129
42100   8.1351   0.0093826
42200   8.13446   0.00938234
42300   8.13445   0.00936016
42400   8.13448   0.00933814
42500   8.13473   0.00931962
42600   8.13359   0.00936782
42700   8.13418   0.00936448
42800   8.13473   0.00935861
42900   8.13499   0.00934044
43000   8.13458   0.00932755
43100   8.13462   0.009306
43200   8.13435   0.00928867
43300   8.13435   0.00926722
43400   8.13393   0.00925535
43500   8.13425   0.00923959
43600   8.1349   0.00924099
43700   8.13425   0.00924276
43800   8.13435   0.00922226
43900   8.13433   0.00920128
44000   8.13413   0.00918263
44100   8.13437   0.00916511
44200   8.13458   0.00914672
44300   8.13411   0.00913815
44400   8.1342   0.00911795
44500   8.13415   0.00909759
44600   8.1341   0.00907733
44700   8.13347   0.00907836
44800   8.13423   0.00908936
44900   8.13431   0.00906948
45000   8.13408   0.00905217
45100   8.13367   0.0090413
45200   8.13408   0.00903028
45300   8.13399   0.00901078
45400   8.13373   0.0089947
45500   8.13406   0.00898129
45600   8.13398   0.00896202
45700   8.13376   0.00894495
45800   8.13301   0.00895742
45900   8.13299   0.00893793
46000   8.13382   0.00895724
46100   8.13396   0.00893897
46200   8.13427   0.0089249
46300   8.13344   0.00894383
46400   8.13264   0.0089605
46500   8.13367   0.00899971
46600   8.13377   0.00898102
46700   8.13384   0.00896203
46800   8.1342   0.00895039
46900   8.13401   0.00893343
47000   8.13368   0.00892062
47100   8.13381   0.0089027
47200   8.13335   0.00889587
47300   8.13354   0.00887904
47400   8.13409   0.00887753
47500   8.13363   0.00887062
47600   8.13311   0.00886759
47700   8.13315   0.0088491
47800   8.13348   0.00883699
47900   8.13397   0.00883212
48000   8.13354   0.00882425
48100   8.13355   0.00880591
48200   8.1339   0.00879461
48300   8.13344   0.00878819
48400   8.13278   0.00879467
48500   8.13357   0.0088118
48600   8.13393   0.00880092
48700   8.13406   0.00878382
48800   8.13323   0.008805
48900   8.13394   0.00881531
49000   8.13345   0.00881068
49100   8.1335   0.0087929
49200   8.13461   0.00884425
49300   8.13437   0.00882969
49400   8.1338   0.00882978
49500   8.13404   0.00881522
49600   8.13458   0.00881368
49700   8.1341   0.00880868
49800   8.13319   0.00883801
49900   8.13351   0.00882592
50000   8.13432   0.0088455
