100   0.60833   0
200   0.6196   0.00796943
300   0.637229   0.0153431
400   0.620441   0.0185414
500   0.624226   0.0152145
600   0.626765   0.0128889
700   0.625482   0.0111114
800   0.621886   0.0102877
900   0.625133   0.00964329
1000   0.626129   0.00873025
1100   0.625621   0.00795137
1200   0.627357   0.00747575
1300   0.627283   0.00690105
1400   0.622423   0.00793708
1500   0.623873   0.00753921
1600   0.62688   0.00764405
1700   0.628957   0.00747134
1800   0.625665   0.0077476
1900   0.627143   0.0074795
2000   0.627227   0.007106
2100   0.627669   0.00678134
2200   0.62599   0.0066778
2300   0.626915   0.00645122
2400   0.62681   0.00618328
2500   0.626645   0.00593813
2600   0.625582   0.00580416
2700   0.625871   0.00559639
2800   0.626104   0.00540137
2900   0.625868   0.00522027
3000   0.625238   0.00508422
3100   0.625114   0.00492171
3200   0.625242   0.00476955
3300   0.62567   0.00464424
3400   0.626091   0.00452665
3500   0.625792   0.00440714
3600   0.626944   0.00443269
3700   0.626687   0.00432031
3800   0.625561   0.00435095
3900   0.625722   0.00424236
4000   0.625684   0.00413646
4100   0.625809   0.00403744
4200   0.625751   0.00394172
4300   0.626727   0.00396913
4400   0.626647   0.00387974
4500   0.62644   0.00379904
4600   0.625616   0.0038046
4700   0.625421   0.00372866
4800   0.626018   0.00369843
4900   0.626919   0.00373118
5000   0.626314   0.00370531
5100   0.626061   0.00364126
5200   0.625753   0.00358426
5300   0.625828   0.00351741
5400   0.62594   0.00345408
5500   0.626361   0.00341684
5600   0.625857   0.00339285
5700   0.625802   0.00333378
5800   0.626098   0.00328941
5900   0.626499   0.00325796
6000   0.626471   0.00320378
6100   0.626724   0.00316128
6200   0.626135   0.00316469
6300   0.626098   0.00311468
6400   0.626471   0.00308837
6500   0.626675   0.00304753
6600   0.626937   0.00301259
6700   0.626647   0.00298155
6800   0.626008   0.00300538
6900   0.625864   0.00296528
7000   0.626628   0.00301997
7100   0.626508   0.00297983
7200   0.626747   0.00294799
7300   0.627002   0.00291867
7400   0.626061   0.00302722
7500   0.626088   0.00298698
7600   0.62667   0.0030038
7700   0.626504   0.00296936
7800   0.62692   0.00296038
7900   0.626863   0.00292347
8000   0.626344   0.0029326
8100   0.626278   0.00289713
8200   0.626939   0.00293635
8300   0.626834   0.00290285
8400   0.626971   0.00287153
8500   0.62688   0.00283922
8600   0.62685   0.00280635
8700   0.626832   0.00277415
8800   0.626667   0.00274756
8900   0.626924   0.00272876
9000   0.626672   0.00271013
9100   0.626689   0.0026804
9200   0.626452   0.00266168
9300   0.627063   0.00270215
9400   0.627093   0.00267357
9500   0.626927   0.00265056
9600   0.627007   0.00262415
9700   0.627289   0.0026122
9800   0.627134   0.00259011
9900   0.626936   0.00257155
10000   0.627092   0.00255057
10100   0.627334   0.00253677
10200   0.626851   0.00255749
10300   0.626844   0.00253267
10400   0.627368   0.00256211
10500   0.627297   0.00253871
10600   0.626901   0.00254547
10700   0.627037   0.00252534
10800   0.627197   0.00250697
10900   0.627179   0.00248404
11000   0.626778   0.00249362
11100   0.626853   0.0024723
11200   0.626958   0.00245245
11300   0.626673   0.00244723
11400   0.626695   0.00242585
11500   0.626865   0.00241076
11600   0.626462   0.00242345
11700   0.626599   0.00240659
11800   0.626723   0.00238939
11900   0.626548   0.00237569
12000   0.626598   0.00235642
12100   0.626526   0.00233806
12200   0.626839   0.00233974
12300   0.626447   0.00235329
12400   0.62655   0.00233659
12500   0.626741   0.0023257
12600   0.626576   0.0023131
12700   0.626436   0.00229911
12800   0.626833   0.0023151
12900   0.626663   0.00230336
13000   0.626415   0.00229895
13100   0.626681   0.00229666
13200   0.626651   0.00227946
13300   0.626571   0.00226372
13400   0.626711   0.00225114
13500   0.626614   0.00223653
13600   0.626486   0.00222377
13700   0.626425   0.00220838
13800   0.62653   0.00219489
13900   0.626719   0.00218723
14000   0.626637   0.00217315
14100   0.626783   0.00216265
14200   0.626667   0.00215055
14300   0.626511   0.00214113
14400   0.626546   0.00212654
14500   0.62657   0.00211201
14600   0.626647   0.00209895
14700   0.626818   0.00209163
14800   0.626763   0.00207821
14900   0.626514   0.00207914
15000   0.626318   0.00207452
15100   0.62658   0.00207727
15200   0.62679   0.00207415
15300   0.626483   0.00208316
15400   0.626502   0.00206972
15500   0.626542   0.00205676
15600   0.626385   0.0020496
15700   0.626645   0.00205293
15800   0.626712   0.00204106
15900   0.626579   0.00203257
16000   0.626559   0.00201997
16100   0.62674   0.00201558
16200   0.62644   0.00202542
16300   0.626405   0.0020133
16400   0.626683   0.0020202
16500   0.626941   0.00202431
16600   0.626668   0.00203041
16700   0.626781   0.0020214
16800   0.626787   0.00200938
16900   0.62671   0.00199898
17000   0.626808   0.0019896
17100   0.626749   0.00197882
17200   0.626677   0.00196861
17300   0.626772   0.00195952
17400   0.626764   0.00194827
17500   0.626751   0.00193718
17600   0.626581   0.00193367
17700   0.626739   0.0019292
17800   0.62683   0.00192053
17900   0.626867   0.00191016
18000   0.626699   0.00190692
18100   0.626774   0.00189786
18200   0.626863   0.00188949
18300   0.626705   0.00188576
18400   0.626754   0.00187615
18500   0.626936   0.00187481
18600   0.626986   0.00186539
18700   0.626949   0.00185578
18800   0.627074   0.0018501
18900   0.626947   0.00184469
19000   0.626848   0.00183762
19100   0.626932   0.0018299
19200   0.627001   0.0018217
19300   0.627033   0.00181254
19400   0.6272   0.00181089
19500   0.62713   0.00180294
19600   0.627027   0.00179673
19700   0.626918   0.0017909
19800   0.627068   0.00178815
19900   0.627101   0.00177946
20000   0.627105   0.00177057
20100   0.627052   0.00176257
20200   0.62718   0.00175849
20300   0.627258   0.00175158
20400   0.627116   0.00174874
20500   0.62698   0.00174555
20600   0.627176   0.00174813
20700   0.6273   0.00174405
20800   0.627478   0.00174469
20900   0.627239   0.00175265
21000   0.627067   0.00175267
21100   0.627078   0.0017444
21200   0.627179   0.00173906
21300   0.627169   0.00173092
21400   0.627377   0.00173531
21500   0.627469   0.00172964
21600   0.627245   0.00173605
21700   0.627126   0.00173209
21800   0.627315   0.00173442
21900   0.627547   0.00174188
22000   0.627268   0.0017562
22100   0.627197   0.00174966
22200   0.627403   0.00175382
22300   0.627502   0.00174875
22400   0.627383   0.00174495
22500   0.627225   0.00174434
22600   0.627108   0.00174057
22700   0.627204   0.00173558
22800   0.627333   0.00173272
22900   0.627366   0.00172548
23000   0.627335   0.00171827
23100   0.627308   0.00171104
23200   0.627373   0.0017049
23300   0.627259   0.00170133
23400   0.627195   0.00169529
23500   0.62733   0.00169348
23600   0.627441   0.00168991
23700   0.627315   0.00168744
23800   0.627215   0.0016833
23900   0.627186   0.00167651
24000   0.627271   0.00167169
24100   0.627392   0.00166909
24200   0.627187   0.0016748
24300   0.62739   0.00168017
24400   0.627329   0.00167437
24500   0.627412   0.00166963
24600   0.627315   0.00166568
24700   0.627509   0.00167017
24800   0.627418   0.00166592
24900   0.627398   0.00165935
25000   0.627447   0.00165342
25100   0.62743   0.00164692
25200   0.627548   0.00164459
25300   0.627474   0.00163973
25400   0.627425   0.00163402
25500   0.627368   0.0016286
25600   0.627343   0.00162243
25700   0.627338   0.00161613
25800   0.627403   0.00161118
25900   0.627521   0.00160926
26000   0.627538   0.00160316
26100   0.627478   0.00159813
26200   0.62743   0.00159274
26300   0.627443   0.00158674
26400   0.627468   0.00158092
26500   0.627477   0.00157498
26600   0.627474   0.00156906
26700   0.627374   0.00156634
26800   0.627313   0.0015617
26900   0.627468   0.00156364
27000   0.627372   0.0015608
27100   0.627383   0.00155507
27200   0.62756   0.00155937
27300   0.627467   0.00155641
27400   0.627496   0.001551
27500   0.627389   0.00154906
27600   0.627526   0.00154947
27700   0.62746   0.00154525
27800   0.627326   0.00154555
27900   0.62743   0.00154349
28000   0.627587   0.00154597
28100   0.62757   0.00154057
28200   0.627308   0.00155715
28300   0.627488   0.00156202
28400   0.627584   0.00155944
28500   0.627429   0.00156157
28600   0.627407   0.00155627
28700   0.627474   0.00155231
28800   0.627531   0.00154794
28900   0.627519   0.00154263
29000   0.627399   0.00154195
29100   0.627516   0.00154105
29200   0.627468   0.00153652
29300   0.627429   0.00153176
29400   0.627443   0.0015266
29500   0.627533   0.00152408
29600   0.627485   0.00151968
29700   0.627394   0.00151729
29800   0.627545   0.00151975
29900   0.62758   0.00151506
30000   0.627503   0.00151198
30100   0.627514   0.001507
30200   0.627461   0.00150294
30300   0.627482   0.00149813
30400   0.627479   0.00149321
30500   0.62743   0.00148911
30600   0.627352   0.00148632
30700   0.627485   0.00148742
30800   0.627441   0.00148322
30900   0.627353   0.00148106
31000   0.627478   0.00148155
31100   0.627518   0.00147734
31200   0.627441   0.00147461
31300   0.627493   0.0014708
31400   0.627375   0.00147079
31500   0.627411   0.00146656
31600   0.627417   0.00146193
31700   0.627556   0.00146396
31800   0.627574   0.00145946
31900   0.627541   0.00145524
32000   0.627401   0.00145741
32100   0.627364   0.00145335
32200   0.627479   0.00145338
32300   0.627534   0.00144991
32400   0.627612   0.00144755
32500   0.627509   0.00144674
32600   0.627475   0.0014427
32700   0.62749   0.00143836
32800   0.627334   0.00144238
32900   0.627333   0.00143799
33000   0.627377   0.0014343
33100   0.62735   0.00143021
33200   0.627461   0.0014302
33300   0.62745   0.00142595
33400   0.627459   0.00142171
33500   0.62741   0.00141832
33600   0.627413   0.0014141
33700   0.627425   0.00140996
33800   0.627408   0.00140589
33900   0.62754   0.00140796
34000   0.627506   0.00140425
34100   0.627446   0.00140138
34200   0.627427   0.00139741
34300   0.627523   0.0013966
34400   0.627395   0.00139836
34500   0.627369   0.00139457
34600   0.627523   0.00139905
34700   0.627505   0.00139513
34800   0.627409   0.00139442
34900   0.627452   0.00139109
35000   0.62755   0.00139052
35100   0.627404   0.0013942
35200   0.627359   0.00139095
35300   0.627412   0.001388
35400   0.627492   0.00138639
35500   0.627448   0.00138317
35600   0.62743   0.00137941
35700   0.627429   0.00137554
35800   0.627414   0.00137178
35900   0.627386   0.00136826
36000   0.627407   0.00136463
36100   0.627356   0.00136181
36200   0.627418   0.00135947
36300   0.627377   0.00135635
36400   0.62732   0.00135383
36500   0.627262   0.00135134
36600   0.62719   0.00134957
36700   0.627234   0.00134661
36800   0.627315   0.00134537
36900   0.627279   0.00134219
37000   0.62727   0.00133859
37100   0.627333   0.00133643
37200   0.627253   0.00133519
37300   0.627181   0.00133358
37400   0.627213   0.00133042
37500   0.627288   0.00132896
37600   0.627364   0.00132762
37700   0.627302   0.00132557
37800   0.627212   0.00132508
37900   0.627322   0.00132615
38000   0.627197   0.00132854
38100   0.627243   0.00132583
38200   0.627339   0.0013258
38300   0.627219   0.00132772
38400   0.62734   0.00132972
38500   0.627256   0.00132889
38600   0.627295   0.00132603
38700   0.627375   0.00132503
38800   0.627313   0.00132309
38900   0.627304   0.00131972
39000   0.627339   0.00131683
39100   0.627336   0.00131346
39200   0.627257   0.00131252
39300   0.627333   0.00131136
39400   0.627347   0.00130811
39500   0.627248   0.00130847
39600   0.627291   0.00130585
39700   0.627314   0.00130276
39800   0.627288   0.00129975
39900   0.627307   0.00129664
40000   0.627275   0.00129379
40100   0.627269   0.00129058
40200   0.627335   0.00128909
40300   0.627338   0.0012859
40400   0.62723   0.0012873
40500   0.627208   0.00128431
40600   0.627298   0.00128432
40700   0.627273   0.00128141
40800   0.627286   0.00127834
40900   0.627213   0.00127734
41000   0.627239   0.00127449
41100   0.627233   0.0012714
41200   0.627264   0.00126869
41300   0.627239   0.00126587
41400   0.627242   0.00126282
41500   0.627223   0.00125991
41600   0.62716   0.0012585
41700   0.627218   0.00125685
41800   0.627326   0.00125846
41900   0.62728   0.00125629
42000   0.627294   0.00125337
42100   0.627153   0.00125829
42200   0.627241   0.00125837
42300   0.627239   0.0012554
42400   0.627234   0.00125245
42500   0.627194   0.00125014
42600   0.627363   0.00125856
42700   0.627293   0.00125757
42800   0.627221   0.00125669
42900   0.627181   0.00125439
43000   0.627231   0.00125247
43100   0.627233   0.00124957
43200   0.627271   0.00124724
43300   0.627273   0.00124436
43400   0.62734   0.00124331
43500   0.627298   0.00124116
43600   0.627205   0.00124181
43700   0.627287   0.00124169
43800   0.627281   0.00123887
43900   0.627297   0.00123615
44000   0.627328   0.00123375
44100   0.627284   0.00123174
44200   0.627245   0.00122959
44300   0.627307   0.00122835
44400   0.627302   0.00122559
44500   0.627304   0.00122284
44600   0.627303   0.0012201
44700   0.627391   0.00122055
44800   0.627294   0.00122174
44900   0.627282   0.00121907
45000   0.627305   0.00121657
45100   0.627361   0.00121516
45200   0.627311   0.00121349
45300   0.627328   0.00121092
45400   0.627362   0.00120876
45500   0.627321   0.00120681
45600   0.62733   0.00120419
45700   0.627357   0.00120186
45800   0.62747   0.00120453
45900   0.627484   0.00120198
46000   0.627375   0.00120432
46100   0.62736   0.0012018
46200   0.627328   0.00119961
46300   0.627439   0.00120213
46400   0.627548   0.00120441
46500   0.627413   0.00120931
46600   0.627399   0.00120679
46700   0.627386   0.00120428
46800   0.627334   0.00120281
46900   0.62736   0.00120051
47000   0.627402   0.00119869
47100   0.627382   0.00119631
47200   0.627443   0.00119533
47300   0.627409   0.00119328
47400   0.627336   0.00119303
47500   0.627399   0.00119222
47600   0.62747   0.00119179
47700   0.627467   0.00118929
47800   0.627423   0.00118761
47900   0.62735   0.00118739
48000   0.627404   0.00118613
48100   0.62741   0.00118368
48200   0.627358   0.00118236
48300   0.62742   0.00118156
48400   0.627506   0.00118224
48500   0.627403   0.00118433
48600   0.627363   0.00118257
48700   0.627357   0.00118016
48800   0.627467   0.00118287
48900   0.62737   0.00118442
49000   0.627436   0.00118383
49100   0.627431   0.00118143
49200   0.627289   0.0011875
49300   0.627329   0.00118577
49400   0.627408   0.00118596
49500   0.62738   0.0011839
49600   0.62731   0.00118355
49700   0.627367   0.00118256
49800   0.62749   0.00118652
49900   0.627455   0.00118467
50000   0.62735   0.00118687
