0.0115332 0 0
0.0345996 0 0
0.0576661 0 0
0.0807325 0 0
0.103799 0 0
0.126865 0 0
0.149932 0 0
0.172998 0 0
0.196065 0 0
0.219131 0 0
0.242198 0 0
0.265264 0 0
0.28833 0 0
0.311397 0 0
0.334463 0 0
0.35753 0 0
0.380596 0 0
0.403663 0 0
0.426729 0 0
0.449795 0 0
0.472862 0 0
0.495928 0 0
0.518995 0 0
0.542061 0 0
0.565128 0 0
0.588194 0 0
0.61126 0 0
0.634327 0 0
0.657393 0 0
0.68046 0 0
0.703526 0 0
0.726593 0 0
0.749659 0 0
0.772725 0 0
0.795792 0 0
0.818858 0 0
0.841925 0 0
0.864991 0 0
0.888058 0 0
0.911124 0.000258849 6.79225e-05
0.93419 0.00726031 0.000388857
0.957257 0.0685064 0.00121648
0.980323 0.340647 0.00255256
1.00339 0.939491 0.0044701
1.02646 1.76815 0.00555363
1.04952 2.46524 0.00618964
1.07259 2.69539 0.00672604
1.09566 2.46749 0.00699016
1.11872 1.96621 0.00598257
1.14179 1.37619 0.00483561
1.16485 0.87167 0.00358324
1.18792 0.495985 0.00290023
1.21099 0.256518 0.00220789
1.23405 0.122659 0.00152332
1.25712 0.0523835 0.000974166
1.28019 0.0214185 0.000631866
1.30325 0.00908544 0.000408013
1.32632 0.00808876 0.000379992
1.34939 0.0152337 0.000496186
1.37245 0.0330254 0.000719491
1.39552 0.0685676 0.00107465
1.41859 0.124576 0.00139687
1.44165 0.212922 0.00156292
1.46472 0.314677 0.00177667
1.48778 0.420174 0.00211055
1.51085 0.505096 0.00230994
1.53392 0.541258 0.00249539
1.55698 0.511868 0.00226622
1.58005 0.430985 0.00186651
1.60312 0.323138 0.00164768
1.62618 0.220857 0.00137869
1.64925 0.133795 0.00113365
1.67232 0.0753603 0.000926608
1.69538 0.0555909 0.000886536
1.71845 0.0746706 0.00098052
1.74152 0.148878 0.00132524
1.76458 0.300292 0.00177925
1.78765 0.538126 0.00213686
1.81071 0.847184 0.00233709
1.83378 1.1703 0.00267279
1.85685 1.41854 0.00341225
1.87991 1.5052 0.00376232
1.90298 1.40878 0.00353427
1.92605 1.16772 0.00282475
1.94911 0.854258 0.00225981
1.97218 0.559797 0.00190058
1.99525 0.330935 0.00164162
2.01831 0.196115 0.00136594
2.04138 0.147705 0.00132213
2.06445 0.176106 0.00127316
2.08751 0.259738 0.00125932
2.11058 0.375449 0.00135475
2.13364 0.485643 0.00147238
2.15671 0.554652 0.00172295
2.17978 0.554836 0.00180134
2.20284 0.495229 0.00162869
2.22591 0.399345 0.00132377
2.24898 0.305428 0.00124778
2.27204 0.23875 0.00141615
2.29511 0.223779 0.00149354
