-5.94824
-5.94804
-5.94759
-5.9488
-5.94742
-5.9476
-5.94867
-5.94802
-5.94761
-5.94649
-5.94663
-5.94645
-5.94731
-5.94795
-5.94743
-5.94866
-5.94867
-5.94932
-5.94892
-5.94938
-5.95132
-5.95217
-5.95192
-5.95221
-5.95174
-5.9538
-5.95197
-5.95244
-5.95133
-5.94964
-5.94934
-5.95014
-5.94979
-5.94961
-5.94996
-5.95148
-5.95124
-5.95244
-5.95306
-5.95397
-5.95506
-5.95558
-5.95645
-5.9554
-5.95439
-5.95255
-5.95058
-5.94954
-5.9492
-5.94764
-5.94977
-5.95037
-5.94977
-5.94925
-5.95043
-5.94819
-5.94906
-5.94881
-5.95096
-5.95051
-5.95059
-5.95343
-5.95256
-5.9513
-5.95257
-5.95213
-5.95184
-5.95199
-5.95104
-5.95045
-5.95108
-5.95245
-5.9536
-5.95342
-5.95429
-5.95308
-5.95129
-5.9515
-5.9518
-5.95258
-5.95263
-5.9533
-5.95266
-5.95299
-5.95103
-5.95101
-5.94937
-5.95038
-5.95146
-5.95106
-5.95373
-5.95433
-5.95316
-5.95146
-5.95236
-5.95186
-5.95209
-5.9517
-5.95132
-5.95134
-5.94864
-5.94982
-5.94888
-5.94754
-5.94751
-5.94813
-5.94867
-5.94811
-5.95019
-5.95128
-5.95416
-5.95551
-5.95691
-5.95577
-5.95539
-5.9568
-5.95717
-5.95593
-5.9551
-5.95279
-5.95099
-5.95133
-5.95119
-5.95112
-5.95038
-5.95245
-5.95082
-5.95162
-5.95229
-5.95193
-5.94964
-5.94937
-5.94797
-5.94777
-5.94916
-5.95052
-5.95147
-5.9525
-5.95438
-5.95565
-5.9543
-5.95326
-5.9513
-5.95108
-5.95136
-5.95421
-5.95392
-5.95479
-5.95751
-5.95428
-5.95734
-5.95794
-5.95669
-5.95548
-5.95521
-5.95676
-5.95587
-5.95547
-5.95364
-5.95231
-5.95115
-5.95441
-5.95501
-5.94983
-5.94996
-5.949
-5.94695
-5.9493
-5.94984
-5.95015
-5.95053
-5.95094
-5.95102
-5.9511
-5.95148
-5.95154
-5.9539
-5.95469
-5.95682
-5.95728
-5.95696
-5.95576
-5.95331
-5.95481
-5.95678
-5.95288
-5.95355
-5.9524
-5.95073
-5.9511
-5.94864
-5.94887
-5.94857
-5.94844
-5.94977
-5.94897
-5.95114
-5.95231
-5.9553
-5.95745
-5.95742
-5.95844
-5.95469
-5.95467
-5.95623
-5.95399
-5.95227
-5.95144
-5.95119
-5.9505
-5.95092
-5.95013
-5.95068
-5.94895
-5.95073
-5.95047
-5.95074
-5.94861
-5.95088
-5.95108
-5.9515
-5.95282
-5.95381
-5.95323
-5.95369
-5.95295
-5.95258
-5.95254
-5.95279
-5.95199
-5.9521
-5.94958
-5.94902
-5.94918
-5.94882
-5.94767
-5.94893
-5.94902
-5.94848
-5.94855
-5.94848
-5.94825
-5.94977
-5.94886
-5.95041
-5.95029
-5.95051
-5.95019
-5.94971
-5.95072
-5.94931
-5.9474
-5.94845
-5.95044
-5.9507
-5.95115
-5.95151
-5.95021
-5.94991
-5.94965
-5.95039
-5.95044
-5.95171
-5.94933
-5.94689
-5.94798
-5.94551
-5.9447
-5.94721
-5.94853
-5.94895
-5.95002
-5.94971
-5.95056
-5.95096
-5.95037
-5.94888
-5.94883
-5.94731
-5.94817
-5.94938
-5.95023
-5.95036
-5.95043
-5.95113
-5.95024
-5.95167
-5.95312
-5.95383
-5.9534
-5.9534
-5.95161
-5.95105
-5.95025
-5.94962
-5.94728
-5.94553
-5.94435
-5.94433
-5.94438
-5.94504
-5.94778
-5.95063
-5.95066
-5.95084
-5.95157
-5.95001
-5.95234
-5.95272
-5.95404
-5.95432
-5.95359
-5.95159
-5.95199
-5.95035
-5.94989
-5.95057
-5.95098
-5.952
-5.95228
-5.95118
-5.94939
-5.95144
-5.95183
-5.95408
-5.95397
-5.95343
-5.95124
-5.94872
-5.94722
-5.95064
-5.95153
-5.95215
-5.95084
-5.95081
-5.95076
-5.95328
-5.95351
-5.95469
-5.95525
-5.95556
-5.9547
-5.95171
-5.95174
-5.9515
-5.94931
-5.94931
-5.95015
-5.94923
-5.94855
-5.94912
-5.94873
-5.94802
-5.94922
-5.95037
-5.95078
-5.9537
-5.95232
-5.95155
-5.95017
-5.94888
-5.94841
-5.94904
-5.95074
-5.94985
-5.95017
-5.94943
-5.94961
-5.94955
-5.94903
-5.94618
-5.94874
-5.94985
-5.94934
-5.95065
-5.95237
-5.95249
-5.95202
-5.95199
-5.95124
-5.95209
-5.95329
-5.95319
-5.95245
-5.95045
-5.94662
-5.94617
-5.9485
-5.94905
-5.94776
-5.9465
-5.94816
-5.95108
-5.95105
-5.95031
-5.94852
-5.94791
-5.95005
-5.94945
-5.94774
-5.94791
-5.94844
-5.94844
-5.94666
-5.9457
-5.94906
-5.95019
-5.95323
-5.95168
-5.95205
-5.9505
-5.95164
-5.95159
-5.95296
-5.95377
-5.9549
-5.95399
-5.95289
-5.95512
-5.95356
-5.95053
-5.94996
-5.95067
-5.94753
-5.94739
-5.94933
-5.95014
-5.94853
-5.95128
-5.95091
-5.95121
-5.95016
-5.94933
-5.95099
-5.95262
-5.95427
-5.95438
-5.9529
-5.95175
-5.95246
-5.95307
-5.95163
-5.95239
-5.95219
-5.9511
-5.95076
-5.95181
-5.95061
-5.95068
-5.95227
-5.95344
-5.95292
-5.95142
-5.95096
-5.94936
-5.94924
-5.9477
-5.94822
-5.95004
-5.9524
-5.95263
-5.95199
-5.9521
-5.95238
-5.95033
-5.95092
-5.95098
-5.95088
-5.94866
-5.94947
-5.94812
-5.95007
-5.95016
-5.9519
-5.95266
-5.953
-5.95378
-5.95561
-5.95391
-5.95362
-5.95157
-5.95305
-5.95232
-5.95174
-5.94781
-5.94669
-5.9461
-5.94727
-5.94591
-5.94877
-5.94932
-5.95116
-5.95045
-5.95048
-5.9519
-5.95239
-5.9512
-5.95083
-5.95087
-5.94971
-5.94969
-5.94865
-5.94827
-5.94729
-5.94604
-5.94678
-5.94566
-5.94598
-5.94519
-5.94716
-5.94923
-5.94936
-5.95166
-5.95156
-5.95197
-5.95161
-5.95146
-5.95384
-5.95392
-5.95564
-5.95354
-5.95346
-5.95313
-5.95315
-5.95381
-5.9515
-5.95073
-5.94928
-5.94947
-5.95074
-5.95281
-5.9518
-5.95217
-5.95382
-5.95308
-5.95282
-5.95209
-5.95192
-5.95138
-5.94957
-5.95168
-5.95028
-5.94827
-5.94758
-5.94754
-5.94815
-5.94843
-5.94868
-5.95048
-5.95123
-5.95062
-5.94899
-5.94999
-5.94854
-5.94828
-5.94761
-5.94711
-5.94798
-5.9485
-5.94796
-5.94829
-5.94951
-5.94872
-5.95145
-5.95185
-5.95414
-5.95439
-5.95585
-5.95331
-5.95263
-5.95252
-5.95203
-5.95026
-5.95177
-5.95178
-5.95259
-5.95263
-5.95195
-5.95218
-5.95328
-5.95571
-5.95764
-5.95628
-5.95388
-5.95441
-5.95514
-5.95267
-5.95356
-5.95428
-5.95088
-5.94978
-5.94963
-5.94658
-5.94613
-5.94802
-5.95102
-5.95161
-5.9511
-5.95364
-5.9533
-5.95416
-5.95158
-5.95035
-5.95078
-5.9503
-5.95027
-5.94918
-5.94682
-5.94788
-5.94795
-5.9464
-5.94671
-5.94582
-5.94618
-5.94774
-5.94924
-5.94943
-5.94739
-5.94799
-5.9483
-5.95022
-5.95175
-5.95221
-5.95225
-5.95384
-5.95084
-5.9507
-5.95083
-5.95154
-5.95513
-5.95581
-5.95561
-5.95554
-5.95689
-5.95473
-5.9561
-5.95671
-5.95784
-5.95566
-5.95351
-5.9547
-5.95703
-5.955
-5.95441
-5.95356
-5.95528
-5.95721
-5.95637
-5.95661
-5.95568
-5.95556
-5.95569
-5.95387
-5.95277
-5.95149
-5.95362
-5.95204
-5.95157
-5.95183
-5.94984
-5.95043
-5.95003
-5.95156
-5.95241
-5.95127
-5.9494
-5.94645
-5.94727
-5.94671
-5.94868
-5.94805
-5.94808
-5.94981
-5.94973
-5.94914
-5.94869
-5.94735
-5.94862
-5.94926
-5.94896
-5.94805
-5.94782
-5.95081
-5.95275
-5.95389
-5.95584
-5.95409
-5.95485
-5.95723
-5.95965
-5.95855
-5.95808
-5.95656
-5.9565
-5.95826
-5.95768
-5.95679
-5.95408
-5.95349
-5.95505
-5.95516
-5.95383
-5.95457
-5.95509
-5.95402
-5.95423
-5.95596
-5.95364
-5.9547
-5.95462
-5.95346
-5.95384
-5.95258
-5.95099
-5.95266
-5.95083
-5.95199
-5.95132
-5.95337
-5.95262
-5.9539
-5.95553
-5.9555
-5.95468
-5.95591
-5.95399
-5.95186
-5.95251
-5.95151
-5.95056
-5.95069
-5.95259
-5.95276
-5.95256
-5.95235
-5.95148
-5.95214
-5.95356
-5.95491
-5.95667
-5.95456
-5.95438
-5.95493
-5.95274
-5.95278
-5.95091
-5.95101
-5.9505
-5.94994
-5.95097
-5.95162
-5.95124
-5.95276
-5.95164
-5.95178
-5.95259
-5.95384
-5.95142
-5.95087
-5.94985
-5.94956
-5.95124
-5.95194
-5.95301
-5.95319
-5.95437
-5.95616
-5.95718
-5.95767
-5.95661
-5.95759
-5.95517
-5.95396
-5.95437
-5.95258
-5.95254
-5.95136
-5.95131
-5.95238
-5.95225
-5.95249
-5.95081
-5.95005
-5.95022
-5.95158
-5.95218
-5.94909
-5.94819
-5.95016
-5.95024
-5.9511
-5.95115
-5.95197
-5.95286
-5.95181
-5.95231
-5.95243
-5.95188
-5.95136
-5.95026
-5.95086
-5.95151
-5.9515
-5.95174
-5.95057
-5.9509
-5.95082
-5.95136
-5.95415
-5.95662
-5.95585
-5.95568
-5.95578
-5.95617
-5.95523
-5.95332
-5.95432
-5.95371
-5.95343
-5.95382
-5.95296
-5.95347
-5.95472
-5.95445
-5.95461
-5.95552
-5.95688
-5.95771
-5.95764
-5.9595
-5.95869
-5.95641
-5.95552
-5.95535
-5.95431
-5.9528
-5.95123
-5.94972
-5.94737
-5.9465
-5.94646
-5.94721
-5.94743
-5.94774
-5.94876
-5.94752
-5.94883
-5.94969
-5.95007
-5.94898
-5.94905
-5.94938
-5.94907
-5.94592
-5.94872
-5.95066
-5.95046
-5.95069
-5.95195
-5.95323
-5.95283
-5.95328
-5.95225
-5.95006
-5.95063
-5.94918
-5.94741
-5.94605
-5.94776
-5.94651
-5.94559
-5.94659
-5.94807
-5.94945
-5.95086
-5.95258
-5.9524
-5.95433
-5.95494
-5.95337
-5.95481
-5.95507
-5.95376
-5.95407
-5.95206
-5.9532
-5.95294
-5.95132
-5.95062
-5.95025
-5.94995
-5.95208
-5.95153
-5.95061
-5.9509
-5.95164
-5.95302
-5.95392
-5.95295
-5.95524
-5.95237
-5.95315
-5.95025
-5.94798
-5.94811
-5.94879
-5.9481
-5.94532
-5.94586
-5.94636
-5.94807
-5.95003
-5.94942
-5.94963
-5.94848
-5.95109
-5.95181
-5.9553
-5.95687
-5.95685
-5.95559
-5.95416
-5.95172
-5.95416
-5.95184
-5.95322
-5.95501
-5.95491
-5.95803
-5.95719
-5.95591
-5.95356
-5.95374
-5.95268
-5.94889
-5.94795
-5.94956
-5.94913
-5.9488
-5.9501
-5.95065
-5.95203
-5.95291
-5.95301
-5.95172
-5.95101
-5.95255
-5.95116
-5.9517
-5.94992
-5.94874
-5.9465
-5.9491
-5.94881
-5.947
-5.94826
-5.94934
-5.94858
-5.95013
-5.95044
-5.95209
-5.95343
-5.95277
-5.94971
-5.95132
-5.95109
-5.95003
-5.95111
-5.95053
-5.9503
-5.94853
-5.94913
-5.94856
-5.94911
-5.95021
-5.94831
-5.95023
-5.95032
-5.94971
-5.94987
-5.94909
-5.95029
-5.94805
-5.94767
-5.94604
-5.94811
-5.94842
-5.9486
-5.95054
-5.95094
-5.95355
-5.95411
-5.95579
-5.95564
-5.95566
-5.95558
-5.95548
-5.95708
-5.95753
-5.9559
-5.95544
-5.95286
-5.95258
-5.9545
-5.95591
-5.95416
-5.95506
-5.95318
-5.95413
-5.95318
-5.95076
-5.94987
-5.94921
-5.94777
-5.9487
-5.94807
-5.94615
-5.94848
-5.9496
-5.9515
-5.95318
-5.95592
-5.95638
-5.95702
-5.95805
-5.95714
-5.95657
-5.95578
-5.95871
-5.95896
-5.95883
-5.95998
-5.9566
-5.95388
-5.95257
-5.95113
-5.94968
-5.95087
-5.94916
-5.94832
-5.94947
-5.95083
-5.94998
-5.95174
-5.95193
-5.95129
-5.95378
-5.9556
-5.95196
-5.9516
-5.952
-5.94933
-5.95078
-5.94859
-5.94855
-5.94891
-5.9489
-5.94774
-5.94862
-5.95315
-5.952
-5.95369
-5.95281
-5.95202
-5.95169
-5.95341
-5.95352
-5.95519
-5.95576
-5.95422
-5.95155
-5.95008
-5.94955
-5.94971
-5.95063
-5.94944
-5.94845
-5.95029
-5.95141
-5.95076
-5.95148
-5.95213
-5.95448
-5.95686
-5.95728
-5.95452
-5.95319
-5.95279
-5.95116
-5.95133
-5.95208
-5.95249
-5.95352
-5.95315
-5.95353
-5.95225
-5.9505
-5.95178
-5.95029
-5.94964
-5.94892
-5.94951
-5.94979
-5.9504
-5.95128
-5.95373
-5.95258
-5.95207
-5.95385
-5.95404
-5.95391
-5.95377
-5.95488
-5.95364
-5.95268
-5.95137
-5.95303
-5.9519
-5.95163
-5.9496
-5.95029
-5.95035
-5.95072
-5.95167
-5.95096
-5.95244
-5.95061
-5.95226
-5.9522
-5.95175
-5.95226
-5.95347
-5.95478
-5.95556
-5.95384
-5.95282
-5.95307
-5.9529
-5.95322
-5.9537
-5.95174
-5.95224
-5.95396
-5.95243
-5.95063
-5.95185
-5.95223
-5.95339
-5.95238
-5.95215
-5.95106
-5.9524
-5.9526
-5.9526
-5.95395
-5.95427
-5.95544
-5.95319
-5.95302
-5.95557
-5.9547
-5.95172
-5.95152
-5.94932
-5.94908
-5.94963
-5.95105
-5.95143
-5.9514
-5.95376
-5.95448
-5.95184
-5.95322
-5.95505
-5.9551
-5.95604
-5.95665
-5.95603
-5.95451
-5.95501
-5.95428
-5.95136
-5.95143
-5.95003
-5.95041
-5.94929
-5.94887
-5.95032
-5.95128
-5.95106
-5.95063
-5.94967
-5.94761
-5.94906
-5.94926
-5.94928
-5.94882
-5.95047
-5.95091
-5.95007
-5.95212
-5.9535
-5.9549
-5.95376
-5.95495
-5.9559
-5.95528
-5.95529
-5.95167
-5.95377
-5.95509
-5.95497
-5.95408
-5.95433
-5.95412
-5.95507
-5.95304
-5.95137
-5.94951
-5.95144
-5.94912
-5.94968
-5.95016
-5.94951
-5.95184
-5.94994
-5.9515
-5.95161
-5.9522
-5.953
-5.9537
-5.95406
-5.95409
-5.95378
-5.9525
-5.95311
-5.95398
-5.95412
-5.95481
-5.95414
-5.95372
-5.95328
-5.94991
-5.94915
-5.94973
-5.95135
-5.95081
-5.95401
-5.95385
-5.95327
-5.95255
-5.95292
-5.95716
-5.95673
-5.95641
-5.95551
-5.95373
-5.95144
-5.9526
-5.95145
-5.95294
-5.95197
-5.95118
-5.94898
-5.94955
-5.94898
-5.95107
-5.95125
-5.95141
-5.95409
-5.95281
-5.95467
-5.95347
-5.95468
-5.95571
-5.95593
-5.95731
-5.95569
-5.95599
-5.95501
-5.95436
-5.95246
-5.95224
-5.95214
-5.95094
-5.9516
-5.9519
-5.95023
-5.94787
-5.94992
-5.95011
-5.95442
-5.95496
-5.95618
-5.95643
-5.95704
-5.95967
-5.96082
-5.96057
-5.95734
-5.95576
-5.9549
-5.9545
-5.95422
-5.95273
-5.95095
-5.95307
-5.95229
-5.95158
-5.95196
-5.95153
-5.95126
-5.95333
-5.95377
-5.95441
-5.95452
-5.95373
-5.95177
-5.95032
-5.95146
-5.95177
-5.9504
-5.95095
-5.95374
-5.95542
-5.95614
-5.95674
-5.9561
-5.95903
-5.9568
-5.95467
-5.9534
-5.95081
-5.95153
-5.94979
-5.94723
-5.94711
-5.95038
-5.95021
-5.95049
-5.94892
-5.94807
-5.94884
-5.94924
-5.95179
-5.95193
-5.95094
-5.95011
-5.95012
-5.94779
-5.94806
-5.94773
-5.94684
-5.94862
-5.94922
-5.9496
-5.95011
-5.94843
-5.95036
-5.95263
-5.95422
-5.95417
-5.95473
-5.95296
-5.95338
-5.95502
-5.95431
-5.95255
-5.95364
-5.95304
-5.95464
-5.95428
-5.95298
-5.9528
-5.95317
-5.95442
-5.95683
-5.95901
-5.95984
-5.95788
-5.95693
-5.95535
-5.95416
-5.95215
-5.95169
-5.94966
-5.9507
-5.94941
-5.94842
-5.94807
-5.94932
-5.94951
-5.94984
-5.95147
-5.95166
-5.95251
-5.95201
-5.94918
-5.94963
-5.94895
-5.9466
-5.94786
-5.94921
-5.951
-5.95126
-5.9516
-5.95108
-5.95073
-5.95098
-5.95154
-5.95071
-5.95054
-5.95115
-5.95242
-5.95085
-5.9517
-5.9528
-5.95451
-5.95557
-5.95593
-5.95626
-5.95588
-5.95612
-5.95509
-5.95259
-5.95293
-5.95133
-5.9523
-5.9534
-5.95411
-5.95299
-5.95128
-5.9529
-5.95437
-5.95449
-5.95232
-5.95147
-5.95027
-5.95195
-5.95129
-5.95283
-5.95176
-5.95011
-5.95153
-5.95189
-5.95183
-5.95258
-5.95144
-5.95155
-5.95315
-5.95362
-5.95361
-5.95417
-5.95307
-5.95427
-5.95553
-5.95556
-5.95269
-5.9514
-5.94971
-5.95085
-5.95264
-5.95381
-5.95246
-5.95211
-5.95272
-5.95068
-5.95052
-5.95195
-5.95309
-5.95332
-5.95459
-5.95303
-5.95347
-5.95527
-5.95549
-5.95407
-5.95258
-5.95226
-5.95246
-5.9513
-5.94949
-5.94868
-5.94856
-5.94911
-5.94838
-5.94804
-5.94876
-5.94992
-5.94893
-5.95029
-5.95103
-5.9508
-5.95053
-5.95278
-5.95171
-5.94956
-5.95018
-5.95037
-5.95047
-5.94858
-5.94829
-5.95155
-5.95289
-5.95134
-5.95083
-5.95233
-5.95425
-5.9517
-5.94856
-5.94705
-5.94746
-5.94846
-5.95
-5.94949
-5.94952
-5.94946
-5.94809
-5.94676
-5.94745
-5.94696
-5.945
-5.94351
-5.9441
-5.94449
-5.94142
-5.94428
-5.94588
-5.9478
-5.94803
-5.94875
-5.95088
-5.95148
-5.95119
-5.95196
-5.94869
-5.94924
-5.95244
-5.95231
-5.95287
-5.95189
-5.95186
-5.95418
-5.95246
-5.95206
-5.95262
-5.95227
-5.9475
-5.9475
-5.94755
-5.94969
-5.95141
-5.95179
-5.9518
-5.95139
-5.95077
-5.95144
-5.94973
-5.95177
-5.9543
-5.95541
-5.95608
-5.95666
-5.95651
-5.95694
-5.95566
-5.95688
-5.95799
-5.95644
-5.95421
-5.95366
-5.95038
-5.9493
-5.94882
-5.9489
-5.94975
-5.95027
-5.95262
-5.95122
-5.94992
-5.95037
-5.94939
-5.95033
-5.95264
-5.95187
-5.95096
-5.95278
-5.95275
-5.95245
-5.95378
-5.95218
-5.9541
-5.95432
-5.95444
-5.95217
-5.95209
-5.95132
-5.95347
-5.95433
-5.95389
-5.95536
-5.95422
-5.95406
-5.95391
-5.95214
-5.95257
-5.94904
-5.95029
-5.94957
-5.94759
-5.94797
-5.94849
-5.94757
-5.9478
-5.94885
-5.9497
-5.94993
-5.95013
-5.9509
-5.95191
-5.9548
-5.95571
-5.9566
-5.95677
-5.95778
-5.95959
-5.95993
-5.95755
-5.95709
-5.95898
-5.95877
-5.9584
-5.95688
-5.95447
-5.95405
-5.95427
-5.9577
-5.95624
-5.95696
-5.95563
-5.95447
-5.956
-5.95407
-5.95355
-5.9539
-5.95231
-5.95215
-5.95129
-5.95216
-5.95356
-5.95326
-5.95375
-5.95506
-5.95394
-5.95302
-5.95221
-5.9522
-5.95021
-5.95058
-5.95015
-5.951
-5.9503
-5.94975
-5.95042
-5.95003
-5.94856
-5.95044
-5.95168
-5.95348
-5.95094
-5.95024
-5.95047
-5.95071
-5.95067
-5.95296
-5.95203
-5.95012
-5.95011
-5.94975
-5.9497
-5.95292
-5.95195
-5.95069
-5.95136
-5.94977
-5.95109
-5.95113
-5.94863
-5.94975
-5.95028
-5.95119
-5.95115
-5.95205
-5.95351
-5.95386
-5.95469
-5.95373
-5.95069
-5.94917
-5.9499
-5.95039
-5.94748
-5.94799
-5.94904
-5.94991
-5.95251
-5.95156
-5.95187
-5.9518
-5.95103
-5.95246
-5.95711
-5.95559
-5.95537
-5.95647
-5.95501
-5.95583
-5.95467
-5.95538
-5.95435
-5.95351
-5.95223
-5.95344
-5.95362
-5.95283
-5.95405
-5.95439
-5.95359
-5.95298
-5.95259
-5.95274
-5.95372
-5.95474
-5.95566
-5.95538
-5.9545
-5.95399
-5.95524
-5.95671
-5.95527
-5.9558
-5.95672
-5.95413
-5.95291
-5.95276
-5.95211
-5.95098
-5.95096
-5.95134
-5.95297
-5.95218
-5.95219
-5.9508
-5.95199
-5.95072
-5.95097
-5.9524
-5.95392
-5.95501
-5.95553
-5.95483
-5.95622
-5.95496
-5.95436
-5.95512
-5.95495
-5.95709
-5.95601
-5.95655
-5.9564
-5.95493
-5.95275
-5.95412
-5.95485
-5.95273
-5.95426
-5.9546
-5.95408
-5.95304
-5.95273
-5.95412
-5.95682
-5.95527
-5.95262
-5.95304
-5.95327
-5.95334
-5.95395
-5.95514
-5.95272
-5.95221
-5.95075
-5.95097
-5.94972
-5.95031
-5.94892
-5.94948
-5.95066
-5.95334
-5.95306
-5.95477
-5.95445
-5.95569
-5.95507
-5.95468
-5.95462
-5.95396
-5.95428
-5.95621
-5.95812
-5.95549
-5.95546
-5.95519
-5.95175
-5.94998
-5.94921
-5.94972
-5.94861
-5.94755
-5.94792
-5.94944
-5.95056
-5.95123
-5.95266
-5.9544
-5.95564
-5.95565
-5.95505
-5.95578
-5.95528
-5.95462
-5.95616
-5.95422
-5.95311
-5.95391
-5.95436
-5.95407
-5.9552
-5.95538
-5.95517
-5.95356
-5.95281
-5.95158
-5.94992
-5.95045
-5.95191
-5.95106
-5.95205
-5.94806
-5.94789
-5.95004
-5.95138
-5.95224
-5.95027
-5.9512
-5.95048
-5.9504
-5.95104
-5.95408
-5.95373
-5.95418
-5.95606
-5.95447
-5.9529
-5.95318
-5.95616
-5.95527
-5.95633
-5.95423
-5.95231
-5.95099
-5.9497
-5.95012
-5.94873
-5.94653
-5.94643
-5.9439
-5.94632
-5.9472
-5.94651
-5.94714
-5.94811
-5.94675
-5.94817
-5.94617
-5.945
-5.94504
-5.94382
-5.94432
-5.94436
-5.9446
-5.94663
-5.94745
-5.94925
-5.95097
-5.95219
-5.95356
-5.95442
-5.9548
-5.95507
-5.95367
-5.9539
-5.95258
-5.95168
-5.95255
-5.95291
-5.95341
-5.95143
-5.95308
-5.95278
-5.95529
-5.95438
-5.95322
-5.95151
-5.94996
-5.94835
-5.9504
-5.95167
-5.95
-5.95095
-5.95125
-5.95241
-5.95495
-5.95481
-5.95575
-5.95578
-5.95585
-5.95563
-5.95421
-5.95421
-5.95214
-5.95065
-5.95147
-5.95143
-5.94868
-5.94812
-5.94782
-5.94617
-5.94763
-5.94661
-5.94885
-5.95394
-5.95342
-5.95344
-5.95332
-5.95338
-5.95227
-5.9542
-5.95373
-5.95452
-5.95376
-5.95286
-5.95251
-5.95202
-5.95162
-5.94989
-5.95162
-5.95097
-5.95122
-5.94953
-5.94921
-5.95001
-5.94999
-5.95204
-5.95125
-5.95173
-5.95402
-5.95417
-5.95213
-5.9528
-5.95172
-5.9509
-5.9527
-5.95233
-5.95307
-5.95233
-5.95202
-5.95144
-5.95247
-5.9541
-5.9528
-5.95149
-5.95055
-5.95062
-5.95203
-5.95146
-5.95178
-5.95331
-5.95154
-5.95334
-5.952
-5.94952
-5.95111
-5.95186
-5.95262
-5.95327
-5.95371
-5.95391
-5.9526
-5.95339
-5.95249
-5.95226
-5.95212
-5.95217
-5.95023
-5.95186
-5.95249
-5.95204
-5.95192
-5.95227
-5.95327
-5.95325
-5.95554
-5.95603
-5.95521
-5.95577
-5.95419
-5.95505
-5.95441
-5.9519
-5.9523
-5.95358
-5.95244
-5.95144
-5.94997
-5.9488
-5.94805
-5.94885
-5.94935
-5.94986
-5.95121
-5.95095
-5.9518
-5.9514
-5.95265
-5.95108
-5.95033
-5.95151
-5.95049
-5.94934
-5.95003
-5.94998
-5.95171
-5.95383
-5.95531
-5.95479
-5.95387
-5.95317
-5.95169
-5.95265
-5.95379
-5.95511
-5.95727
-5.95805
-5.95778
-5.95654
-5.95471
-5.95465
-5.95422
-5.95054
-5.95169
-5.95301
-5.95594
-5.95678
-5.95673
-5.95641
-5.95813
-5.95517
-5.95411
-5.95504
-5.95546
-5.95508
-5.95324
-5.95345
-5.95364
-5.95207
-5.9522
-5.95145
-5.95019
-5.94983
-5.95116
-5.95109
-5.95038
-5.95036
-5.94936
-5.94851
-5.94956
-5.94947
-5.95015
-5.95196
-5.94948
-5.95116
-5.95057
-5.95096
-5.95168
-5.95111
-5.95343
-5.95475
-5.95215
-5.95174
-5.95382
-5.95449
-5.95474
-5.95462
-5.95323
-5.9523
-5.95091
-5.95139
-5.95241
-5.95294
-5.9506
-5.95142
-5.95142
-5.9496
-5.95144
-5.95341
-5.95296
-5.95272
-5.9521
-5.95022
-5.95235
-5.95178
-5.95053
-5.95183
-5.95235
-5.95491
-5.95582
-5.95662
-5.95566
-5.95521
-5.95531
-5.955
-5.9543
-5.95385
-5.95461
-5.95468
-5.9547
-5.95504
-5.95375
-5.95376
-5.95443
-5.9548
-5.95585
-5.95373
-5.95462
-5.95271
-5.95191
-5.95052
-5.94844
-5.94851
-5.95007
-5.95057
-5.95012
-5.95072
-5.95114
-5.94879
-5.94818
-5.94862
-5.94937
-5.94873
-5.94988
-5.94993
-5.94991
-5.95084
-5.95151
-5.95256
-5.95397
-5.95473
-5.95578
-5.95418
-5.9548
-5.95667
-5.95849
-5.95442
-5.95515
-5.95525
-5.95481
-5.95613
-5.95564
-5.95678
-5.95485
-5.95466
-5.95493
-5.95511
-5.95242
-5.95269
-5.95205
-5.9495
-5.95086
-5.94967
-5.94662
-5.94721
-5.9463
-5.94681
-5.94485
-5.94527
-5.94804
-5.947
-5.94825
-5.94918
-5.95073
-5.95318
-5.95487
-5.95542
-5.9545
-5.95374
-5.95383
-5.95349
-5.9547
-5.95523
-5.95548
-5.9548
-5.9542
-5.95428
-5.95438
-5.95419
-5.95471
-5.95339
-5.95251
-5.95402
-5.95367
-5.95298
-5.95151
-5.95115
-5.95057
-5.94923
-5.94852
-5.94764
-5.94663
-5.94613
-5.94536
-5.94548
-5.94611
-5.94887
-5.94867
-5.9498
-5.95106
-5.95152
-5.95023
-5.95136
-5.94963
-5.95139
-5.9533
-5.95267
-5.95371
-5.95228
-5.95176
-5.95133
-5.95176
-5.94955
-5.94856
-5.94836
-5.94851
-5.95082
-5.95165
-5.95195
-5.95306
-5.95473
-5.95511
-5.95658
-5.95531
-5.95811
-5.95976
-5.96018
-5.95895
-5.9605
-5.96054
-5.95676
-5.95402
-5.95501
-5.95464
-5.95498
-5.9516
-5.94878
-5.94877
-5.94925
-5.9508
-5.95009
-5.95
-5.95216
-5.95107
-5.95227
-5.9535
-5.95537
-5.95588
-5.955
-5.95564
-5.95357
-5.9543
-5.95268
-5.95328
-5.95321
-5.95382
-5.9529
-5.95242
-5.94982
-5.95024
-5.95047
-5.95079
-5.95056
-5.95039
-5.95091
-5.95334
-5.95473
-5.95532
-5.9554
-5.9553
-5.95535
-5.95465
-5.9542
-5.95244
-5.95198
-5.95223
-5.94836
-5.94685
-5.94545
-5.94448
-5.94423
-5.94566
-5.94615
-5.94863
-5.94754
-5.95132
-5.95087
-5.95075
-5.95255
-5.95142
-5.95024
-5.95025
-5.9498
-5.94955
-5.94698
-5.94707
-5.94828
-5.94774
-5.94868
-5.94941
-5.95112
-5.95406
-5.9517
-5.95016
-5.95008
-5.94953
-5.95116
-5.95015
-5.94886
-5.94928
-5.95045
-5.95011
-5.94919
-5.95087
-5.95284
-5.95247
-5.95106
-5.9496
-5.94942
-5.9502
-5.9497
-5.95085
-5.94946
-5.95006
-5.94976
-5.94918
-5.94931
-5.94981
-5.95035
-5.94866
-5.94925
-5.94855
-5.94942
-5.94958
-5.95127
-5.95028
-5.95053
-5.94944
-5.95189
-5.95368
-5.95255
-5.95048
-5.95074
-5.9511
-5.94994
-5.95244
-5.95402
-5.95335
-5.95198
-5.95017
-5.95145
-5.95031
-5.95099
-5.95227
-5.95262
-5.95403
-5.95588
-5.95428
-5.95468
-5.95381
-5.95326
-5.95501
-5.95618
-5.95543
-5.95658
-5.9579
-5.95673
-5.95534
-5.95284
-5.95098
-5.95051
-5.94984
-5.94671
-5.94819
-5.95038
-5.94909
-5.94828
-5.95001
-5.95208
-5.95152
-5.95493
-5.95755
-5.95958
-5.96067
-5.95919
-5.95867
-5.95681
-5.95622
-5.95634
-5.95569
-5.95345
-5.95084
-5.94905
-5.9489
-5.94893
-5.94847
-5.94977
-5.95082
-5.95238
-5.95098
-5.9535
-5.95571
-5.95539
-5.95511
-5.9558
-5.95376
-5.954
-5.95419
-5.95247
-5.95191
-5.9527
-5.95143
-5.95141
-5.95007
-5.94996
-5.95002
-5.95086
-5.95085
-5.95192
-5.95375
-5.95495
-5.95797
-5.95874
-5.95936
-5.95692
-5.95502
-5.95253
-5.95225
-5.9515
-5.94985
-5.94966
-5.95278
-5.95154
-5.95258
-5.95359
-5.95201
-5.95239
-5.9518
-5.95052
-5.95145
-5.95198
-5.95143
-5.95107
-5.95026
-5.95
-5.94878
-5.94957
-5.95146
-5.95154
-5.95333
-5.95517
-5.95664
-5.95737
-5.95507
-5.95882
-5.95639
-5.95626
-5.95457
-5.95457
-5.95331
-5.95364
-5.9529
-5.95398
-5.95075
-5.95078
-5.95061
-5.95064
-5.94992
-5.95033
-5.95179
-5.95229
-5.95176
-5.95241
-5.95417
-5.95313
-5.95185
-5.95235
-5.9547
-5.95512
-5.95433
-5.95465
-5.95513
-5.9535
-5.95327
-5.95246
-5.95296
-5.95214
-5.9529
-5.95364
-5.95277
-5.95097
-5.95117
-5.95206
-5.9507
-5.95384
-5.95368
-5.95437
-5.95267
-5.95215
-5.9522
-5.95189
-5.95131
-5.95147
-5.95016
-5.95089
-5.95394
-5.95473
-5.9519
-5.95096
-5.95226
-5.95197
-5.95239
-5.95286
-5.95203
-5.95209
-5.95138
-5.95249
-5.95258
-5.95172
-5.95193
-5.95323
-5.95302
-5.95156
-5.95334
-5.95442
-5.95642
-5.95644
-5.95645
-5.95582
-5.95453
-5.95288
-5.95276
-5.95357
-5.95376
-5.95406
-5.95551
-5.95322
-5.95359
-5.95487
-5.95467
-5.9562
-5.95656
-5.95811
-5.95899
-5.95738
-5.95462
-5.95427
-5.95504
-5.95298
-5.95387
-5.95278
-5.95319
-5.9528
-5.95163
-5.95103
-5.95138
-5.95305
-5.95343
-5.95281
-5.95056
-5.94966
-5.94861
-5.94691
-5.94816
-5.9491
-5.9505
-5.95276
-5.95213
-5.95337
-5.95359
-5.95448
-5.95351
-5.95238
-5.95278
-5.94995
-5.94948
-5.94917
-5.95005
-5.95188
-5.95275
-5.95075
-5.95263
-5.95277
-5.95586
-5.95653
-5.95662
-5.958
-5.95517
-5.95431
-5.95354
-5.95388
-5.95476
-5.95524
-5.95309
-5.94966
-5.95115
-5.95086
-5.94919
-5.94885
-5.94957
-5.95003
-5.95173
-5.9493
-5.95192
-5.95198
-5.95326
-5.95093
-5.94927
-5.94937
-5.94941
-5.9479
-5.94813
-5.94944
-5.9499
-5.94916
-5.95011
-5.95014
-5.94892
-5.94933
-5.95105
-5.95244
-5.95157
-5.95068
-5.95107
-5.95174
-5.95074
-5.95004
-5.95062
-5.95126
-5.95165
-5.9534
-5.95227
-5.95047
-5.95054
-5.9509
-5.9506
-5.9526
-5.95334
-5.95383
-5.95404
-5.95428
-5.95451
-5.95435
-5.95442
-5.95533
-5.95547
-5.95421
-5.95254
-5.95244
-5.95293
-5.9518
-5.95002
-5.94797
-5.94568
-5.94616
-5.94813
-5.94806
-5.95077
-5.95099
-5.95088
-5.95099
-5.9513
-5.95314
-5.95368
-5.95492
-5.95426
-5.95425
-5.95413
-5.95545
-5.95233
-5.95258
-5.9534
-5.95199
-5.95337
-5.95241
-5.95384
-5.95458
-5.95421
-5.95174
-5.95208
-5.95173
-5.95168
-5.95388
-5.95222
-5.95027
-5.94842
-5.94769
-5.94747
-5.94618
-5.94644
-5.94365
-5.94744
-5.94926
-5.94833
-5.94974
-5.95118
-5.95168
-5.94866
-5.94898
-5.94816
-5.94889
-5.94741
-5.94805
-5.94931
-5.94703
-5.94799
-5.94887
-5.95021
-5.94997
-5.9536
-5.95394
-5.9519
-5.95129
-5.95176
-5.95328
-5.9552
-5.95564
-5.95599
-5.95696
-5.95508
-5.95136
-5.95037
-5.94918
-5.9507
-5.95068
-5.95005
-5.94851
-5.94861
-5.94876
-5.94928
-5.94854
-5.94748
-5.94802
-5.94788
-5.94673
-5.94557
-5.94832
-5.9482
-5.94882
-5.95112
-5.95214
-5.95309
-5.95164
-5.95192
-5.95231
-5.95154
-5.95032
-5.94942
-5.94895
-5.94801
-5.94858
-5.95162
-5.95158
-5.95356
-5.95427
-5.95334
-5.95265
-5.9525
-5.95318
-5.95309
-5.95221
-5.94989
-5.95003
-5.94907
-5.94703
-5.94628
-5.94462
-5.94246
-5.9402
-5.93949
-5.94035
-5.94019
-5.94123
-5.94471
-5.9457
-5.94572
-5.9463
-5.94673
-5.94893
-5.94836
-5.94821
-5.9501
-5.94885
-5.94935
-5.95006
-5.94941
-5.94812
-5.94625
-5.94579
-5.94969
-5.95084
-5.95118
-5.95132
-5.95022
-5.95232
-5.95271
-5.952
-5.95217
-5.95033
-5.95106
-5.94923
-5.94778
-5.94705
-5.94638
-5.94672
-5.94644
-5.94613
-5.94581
-5.94582
-5.94717
-5.94801
-5.95034
-5.94999
-5.94947
-5.95063
-5.95169
-5.9525
-5.95201
-5.95248
-5.953
-5.9527
-5.95233
-5.95293
-5.95488
-5.95531
-5.95457
-5.95301
-5.95228
-5.9498
-5.94944
-5.94857
-5.95035
-5.95079
-5.95145
-5.95004
-5.9521
-5.95184
-5.95092
-5.9522
-5.95046
-5.94888
-5.95231
-5.95211
-5.95194
-5.95064
-5.95186
-5.95104
-5.95196
-5.95159
-5.95307
-5.9535
-5.95384
-5.95446
-5.9531
-5.95142
-5.95074
-5.9485
-5.94602
-5.94589
-5.94781
-5.94919
-5.94935
-5.95051
-5.9526
-5.95259
-5.95204
-5.95382
-5.95437
-5.95375
-5.95334
-5.95227
-5.95257
-5.9514
-5.9514
-5.94998
-5.95035
-5.94662
-5.94713
-5.95088
-5.95107
-5.95101
-5.95042
-5.95157
-5.95245
-5.95004
-5.94973
-5.94923
-5.95051
-5.9507
-5.95147
-5.95217
-5.95023
-5.95019
-5.94949
-5.94947
-5.95119
-5.9508
-5.94799
-5.94856
-5.94886
-5.95175
-5.9507
-5.95346
-5.95293
-5.953
-5.95175
-5.95112
-5.9518
-5.95116
-5.95179
-5.95233
-5.95177
-5.95235
-5.94987
-5.9489
-5.94628
-5.945
-5.94452
-5.94396
-5.94536
-5.94455
-5.94473
-5.9451
-5.94615
-5.9474
-5.94874
-5.94852
-5.9487
-5.94834
-5.94845
-5.94941
-5.94965
-5.94924
-5.94854
-5.94693
-5.94896
-5.94911
-5.94833
-5.94984
-5.9491
-5.94964
-5.94955
-5.94819
-5.94813
-5.95002
-5.94866
-5.94791
-5.94617
-5.94731
-5.94621
-5.94485
-5.94521
-5.94442
-5.94534
-5.946
-5.94763
-5.94957
-5.95147
-5.95105
-5.94993
-5.95133
-5.95133
-5.94931
-5.94688
-5.94635
-5.94737
-5.94805
-5.94936
-5.94971
-5.94914
-5.94964
-5.95058
-5.94972
-5.95093
-5.95128
-5.95199
-5.95266
-5.95159
-5.95039
-5.95133
-5.9522
-5.95175
-5.95422
-5.95414
-5.95342
-5.95371
-5.95275
-5.95119
-5.94964
-5.95192
-5.95344
-5.95257
-5.95067
-5.95009
-5.94834
-5.94807
-5.94828
-5.95117
-5.95147
-5.95168
-5.9511
-5.95297
-5.95149
-5.95026
-5.94869
-5.94749
-5.94893
-5.94947
-5.94974
-5.94876
-5.94848
-5.94761
-5.94973
-5.95061
-5.95155
-5.95186
-5.95282
-5.95409
-5.95246
-5.95213
-5.95082
-5.953
-5.95341
-5.95328
-5.951
-5.95112
-5.95303
-5.9513
-5.95056
-5.9493
-5.94861
-5.94757
-5.9465
-5.94661
-5.94911
-5.95129
-5.95208
-5.95106
-5.95011
-5.95085
-5.95143
-5.95036
-5.951
-5.94956
-5.9503
-5.95126
-5.94883
-5.94873
-5.95085
-5.95381
-5.9537
-5.95574
-5.95448
-5.95575
-5.95275
-5.95358
-5.95594
-5.95371
-5.95145
-5.95146
-5.9528
-5.95357
-5.95502
-5.95424
-5.95477
-5.95139
-5.95157
-5.95045
-5.94805
-5.94827
-5.94821
-5.94759
-5.94836
-5.95022
-5.94962
-5.94946
-5.94941
-5.94904
-5.95181
-5.95308
-5.94988
-5.95001
-5.95192
-5.95119
-5.95115
-5.9528
-5.95286
-5.9519
-5.95247
-5.95233
-5.95158
-5.95065
-5.95025
-5.95073
-5.9524
-5.95359
-5.95359
-5.95427
-5.95556
-5.95674
-5.95776
-5.95859
-5.95758
-5.95861
-5.95748
-5.95325
-5.9525
-5.95239
-5.9534
-5.95304
-5.95399
-5.95236
-5.9529
-5.95195
-5.95326
-5.95446
-5.95649
-5.95737
-5.95584
-5.95321
-5.95241
-5.95153
-5.94991
-5.95116
-5.94983
-5.94889
-5.951
-5.9526
-5.95237
-5.95217
-5.95161
-5.95164
-5.95128
-5.95375
-5.95125
-5.95216
-5.95067
-5.95174
-5.95196
-5.95282
-5.9528
-5.95384
-5.95256
-5.95259
-5.95271
-5.95213
-5.95048
-5.95074
-5.94979
-5.94777
-5.94904
-5.94818
-5.94722
-5.94713
-5.94822
-5.94589
-5.94427
-5.9452
-5.94706
-5.94789
-5.9484
-5.94895
-5.94856
-5.95046
-5.95104
-5.95123
-5.95169
-5.9524
-5.95269
-5.95257
-5.95497
-5.95312
-5.9526
-5.95149
-5.95045
-5.94981
-5.94756
-5.94915
-5.94873
-5.94954
-5.94867
-5.94842
-5.94881
-5.94923
-5.94843
-5.94872
-5.95208
-5.95363
-5.95235
-5.95366
-5.95231
-5.95151
-5.95157
-5.95288
-5.95286
-5.95184
-5.95012
-5.95182
-5.95305
-5.95415
-5.952
-5.95125
-5.9488
-5.94791
-5.95112
-5.95313
-5.95154
-5.94889
-5.95067
-5.95082
-5.95198
-5.95351
-5.95441
-5.95525
-5.9547
-5.9528
-5.95247
-5.95277
-5.95307
-5.95336
-5.952
-5.95191
-5.95274
-5.95388
-5.95597
-5.95385
-5.95269
-5.95184
-5.95065
-5.95138
-5.94982
-5.9473
-5.94841
-5.94771
-5.94881
-5.94848
-5.94861
-5.94784
-5.94637
-5.94773
-5.95027
-5.95175
-5.95221
-5.95297
-5.95399
-5.95361
-5.95409
-5.95253
-5.95321
-5.95456
-5.95375
-5.95532
-5.95505
-5.95578
-5.95581
-5.95381
-5.95201
-5.95175
-5.95081
-5.94992
-5.95073
-5.95066
-5.95034
-5.9504
-5.95441
-5.95364
-5.95332
-5.95445
-5.95567
-5.95686
-5.95792
-5.95713
-5.95768
-5.95863
-5.95714
-5.95784
-5.95696
-5.95688
-5.956
-5.95297
-5.95188
-5.95174
-5.9513
-5.9513
-5.94923
-5.94893
-5.94938
-5.94948
-5.94918
-5.94845
-5.95151
-5.95154
-5.95083
-5.95225
-5.95257
-5.95117
-5.9478
-5.94838
-5.94913
-5.94845
-5.9499
-5.95114
-5.95178
-5.95112
-5.95108
-5.95294
-5.95214
-5.95089
-5.94983
-5.94994
-5.95131
-5.95079
-5.9517
-5.95278
-5.95334
-5.95395
-5.95582
-5.95532
-5.95569
-5.95566
-5.95493
-5.95484
-5.95536
-5.95452
-5.95456
-5.95291
-5.95123
-5.95022
-5.95154
-5.9507
-5.94902
-5.94882
-5.9501
-5.94931
-5.95288
-5.95199
-5.9527
-5.9533
-5.95338
-5.95453
-5.95639
-5.95801
-5.95781
-5.95618
-5.95515
-5.95416
-5.95425
-5.95321
-5.9533
-5.9516
-5.95131
-5.95241
-5.9526
-5.95186
-5.95147
-5.95076
-5.94971
-5.95125
-5.95246
-5.95007
-5.95114
-5.95144
-5.95125
-5.95257
-5.95094
-5.94938
-5.94988
-5.94921
-5.94931
-5.95146
-5.95271
-5.95432
-5.95236
-5.95226
-5.95109
-5.95271
-5.95005
-5.95027
-5.95051
-5.95147
-5.95122
-5.95009
-5.95126
-5.95272
-5.95308
-5.95328
-5.95265
-5.95254
-5.95172
-5.95448
-5.95211
-5.95209
-5.94959
-5.94978
-5.94877
-5.9472
-5.94632
-5.94615
-5.94634
-5.94624
-5.94783
-5.94821
-5.94902
-5.95058
-5.95125
-5.95289
-5.95348
-5.95326
-5.95284
-5.95253
-5.95464
-5.95466
-5.95451
-5.95353
-5.95201
-5.95162
-5.95151
-5.95019
-5.95207
-5.95014
-5.94964
-5.94861
-5.94921
-5.94929
-5.94865
-5.95038
-5.95145
-5.95218
-5.95292
-5.95149
-5.95221
-5.95227
-5.95082
-5.95083
-5.94778
-5.94873
-5.94648
-5.94614
-5.94511
-5.94572
-5.94584
-5.94689
-5.9509
-5.95226
-5.95431
-5.95519
-5.95636
-5.95584
-5.95464
-5.95379
-5.95013
-5.95025
-5.95068
-5.94892
-5.94827
-5.94809
-5.94676
-5.94684
-5.94831
-5.94924
-5.94803
-5.94924
-5.94995
-5.95075
-5.95189
-5.9539
-5.9525
-5.95316
-5.95268
-5.95341
-5.95451
-5.95255
-5.9525
-5.95242
-5.9519
-5.95269
-5.95459
-5.95421
-5.9551
-5.95311
-5.95418
-5.95485
-5.95293
-5.95206
-5.95358
-5.95268
-5.95131
-5.95046
-5.9504
-5.95043
-5.95049
-5.94856
-5.95111
-5.95192
-5.95132
-5.95184
-5.95316
-5.95367
-5.95377
-5.95356
-5.9528
-5.95156
-5.95247
-5.95103
-5.95269
-5.95284
-5.95399
-5.95412
-5.95415
-5.95369
-5.9531
-5.95111
-5.95226
-5.95173
-5.94917
-5.95174
-5.9498
-5.94797
-5.94921
-5.94967
-5.95159
-5.95165
-5.95267
-5.95327
-5.95309
-5.9524
-5.95544
-5.95483
-5.95354
-5.95132
-5.95053
-5.95118
-5.94937
-5.95119
-5.95105
-5.95145
-5.94753
-5.94773
-5.94725
-5.94873
-5.94961
-5.94926
-5.94737
-5.94973
-5.95149
-5.95293
-5.95468
-5.95511
-5.95583
-5.95624
-5.95537
-5.95356
-5.95337
-5.95214
-5.94787
-5.94665
-5.94755
-5.94707
-5.94564
-5.94561
-5.9454
-5.94505
-5.94229
-5.94421
-5.94688
-5.9473
-5.95028
-5.95225
-5.95254
-5.95504
-5.95455
-5.95428
-5.95612
-5.95459
-5.95555
-5.95614
-5.9571
-5.95622
-5.95483
-5.95389
-5.95462
-5.9553
-5.95523
-5.95504
-5.95542
-5.95448
-5.95457
-5.95478
-5.95254
-5.95173
-5.95169
-5.95174
-5.95118
-5.95157
-5.95255
-5.95376
-5.95098
-5.95003
-5.95092
-5.95041
-5.95048
-5.9489
-5.94861
-5.94769
-5.94812
-5.9496
-5.94858
-5.95026
-5.95236
-5.95099
-5.95388
-5.95513
-5.95727
-5.95571
-5.95559
-5.95403
-5.95497
-5.95497
-5.95318
-5.95225
-5.95254
-5.94979
-5.94939
-5.94927
-5.94964
-5.94916
-5.94816
-5.94896
-5.95131
-5.95297
-5.95269
-5.9521
-5.95088
-5.95387
-5.95362
-5.95339
-5.95222
-5.95273
-5.95234
-5.95235
-5.95404
-5.95286
-5.95294
-5.95295
-5.95355
-5.95411
-5.95182
-5.95223
-5.95117
-5.94957
-5.94992
-5.95178
-5.95219
-5.94952
-5.94903
-5.94884
-5.94969
-5.94972
-5.95248
-5.95277
-5.95277
-5.95303
-5.95477
-5.95439
-5.9548
-5.95443
-5.9543
-5.95285
-5.95143
-5.95299
-5.95242
-5.94879
-5.94955
-5.95015
-5.94953
-5.9502
-5.95171
-5.94915
-5.94837
-5.94976
-5.95021
-5.94787
-5.94799
-5.94993
-5.95135
-5.95087
-5.95002
-5.95134
-5.95123
-5.95195
-5.95252
-5.95294
-5.95293
-5.95544
-5.95505
-5.95148
-5.95188
-5.95142
-5.95335
-5.95279
-5.95329
-5.95288
-5.95411
-5.95403
-5.95619
-5.9554
-5.95452
-5.95451
-5.95274
-5.95181
-5.95372
-5.95305
-5.95151
-5.95208
-5.95412
-5.954
-5.95451
-5.95555
-5.95355
-5.95272
-5.95441
-5.95377
-5.95508
-5.95384
-5.95273
-5.95016
-5.95099
-5.95031
-5.94996
-5.95151
-5.95072
-5.95113
-5.95048
-5.95008
-5.94902
-5.94839
-5.94696
-5.94706
-5.94831
-5.9483
-5.9511
-5.9511
-5.95313
-5.95298
-5.95326
-5.95239
-5.94979
-5.95005
-5.94807
-5.94778
-5.94823
-5.95109
-5.94955
-5.94976
-5.95078
-5.95132
-5.95108
-5.95068
-5.95106
-5.94951
-5.95245
-5.95492
-5.95302
-5.95387
-5.95133
-5.95194
-5.95217
-5.95271
-5.95581
-5.95404
-5.95384
-5.95359
-5.95362
-5.95295
-5.95387
-5.95281
-5.95205
-5.95129
-5.94958
-5.94858
-5.94737
-5.94758
-5.94859
-5.9491
-5.94943
-5.94861
-5.95085
-5.95292
-5.95285
-5.95312
-5.95423
-5.95665
-5.95768
-5.95895
-5.95735
-5.95498
-5.95363
-5.95243
-5.95141
-5.95308
-5.9525
-5.95349
-5.95148
-5.95332
-5.95391
-5.95366
-5.9533
-5.95448
-5.95365
-5.95207
-5.9516
-5.9505
-5.95223
-5.95316
-5.95551
-5.95668
-5.95671
-5.95659
-5.95603
-5.957
-5.95594
-5.95479
-5.9555
-5.95551
-5.9549
-5.95412
-5.95388
-5.95391
-5.95124
-5.95065
-5.951
-5.95189
-5.95198
-5.95093
-5.94943
-5.94822
-5.94638
-5.94524
-5.94808
-5.94686
-5.94677
-5.94816
-5.9497
-5.94971
-5.95422
-5.95372
-5.95364
-5.9533
-5.95564
-5.95519
-5.95174
-5.95085
-5.95099
-5.94966
-5.95047
-5.9502
-5.95042
-5.95104
-5.952
-5.95259
-5.95342
-5.95609
-5.95508
-5.95523
-5.95171
-5.95034
-5.94986
-5.94872
-5.94796
-5.94896
-5.94757
-5.94867
-5.94899
-5.94981
-5.9498
-5.94957
-5.95103
-5.9518
-5.95081
-5.95117
-5.95153
-5.95317
-5.95519
-5.95477
-5.95495
-5.95489
-5.95336
-5.95204
-5.95189
-5.95159
-5.95142
-5.9507
-5.94844
-5.95206
-5.95018
-5.95115
-5.94904
-5.94899
-5.94906
-5.94832
-5.94848
-5.94607
-5.94699
-5.94905
-5.94999
-5.94851
-5.94914
-5.94921
-5.94999
-5.95078
-5.94962
-5.94907
-5.95107
-5.95139
-5.95321
-5.95618
-5.95572
-5.95474
-5.95295
-5.95297
-5.95394
-5.95402
-5.95432
-5.95361
-5.95415
-5.95523
-5.95668
-5.95575
-5.95427
-5.95418
-5.95358
-5.95322
-5.95031
-5.95139
-5.95136
-5.95182
-5.95144
-5.94982
-5.95076
-5.95161
-5.95299
-5.95235
-5.95265
-5.95263
-5.95298
-5.9553
-5.95405
-5.95243
-5.95174
-5.95228
-5.95341
-5.95287
-5.95393
-5.95465
-5.95406
-5.95413
-5.95265
-5.95194
-5.95211
-5.94995
-5.95024
-5.95182
-5.95156
-5.95259
-5.95399
-5.95333
-5.95534
-5.95525
-5.95568
-5.9543
-5.95394
-5.95451
-5.95301
-5.95105
-5.9512
-5.94957
-5.94754
-5.94774
-5.95093
-5.95042
-5.94883
-5.9507
-5.95008
-5.94876
-5.95179
-5.95329
-5.95264
-5.95253
-5.95049
-5.94954
-5.94911
-5.94792
-5.94916
-5.9492
-5.95149
-5.9511
-5.95154
-5.94929
-5.94956
-5.94982
-5.9498
-5.95211
-5.95387
-5.95508
-5.95444
-5.95581
-5.95331
-5.95466
-5.95591
-5.957
-5.95757
-5.95598
-5.9539
-5.95267
-5.94882
-5.95085
-5.95009
-5.94922
-5.95016
-5.94996
-5.95111
-5.95026
-5.94995
-5.94888
-5.94874
-5.95028
-5.94968
-5.94989
-5.95025
-5.94974
-5.95087
-5.95191
-5.95247
-5.95311
-5.95321
-5.95217
-5.95169
-5.95156
-5.95087
-5.95098
-5.95126
-5.9484
-5.94753
-5.94792
-5.94762
-5.94923
-5.94958
-5.95104
-5.95137
-5.95217
-5.95338
-5.95293
-5.95329
-5.95407
-5.95426
-5.95356
-5.95462
-5.95526
-5.95689
-5.95638
-5.9525
-5.9508
-5.95126
-5.9503
-5.95401
-5.95552
-5.95574
-5.95754
-5.95697
-5.95753
-5.95688
-5.95471
-5.95587
-5.95494
-5.95491
-5.95133
-5.95143
-5.95143
-5.95176
-5.94985
-5.95175
-5.95501
-5.95458
-5.95422
-5.9555
-5.9559
-5.95518
-5.95316
-5.95187
-5.94944
-5.94946
-5.95029
-5.95029
-5.95166
-5.95079
-5.95055
-5.95153
-5.95076
-5.95178
-5.9523
-5.95234
-5.95096
-5.95014
-5.94928
-5.94779
-5.94799
-5.94733
-5.94876
-5.95038
-5.95028
-5.95137
-5.95262
-5.95262
-5.9535
-5.9545
-5.95426
-5.95537
-5.95467
-5.95355
-5.9512
-5.95099
-5.95043
-5.95179
-5.95048
-5.95185
-5.95152
-5.95261
-5.9531
-5.95394
-5.95454
-5.95532
-5.95512
-5.95371
-5.95143
-5.95241
-5.95171
-5.94963
-5.94848
-5.94901
-5.94676
-5.94632
-5.94769
-5.94698
-5.94904
-5.9506
-5.95354
-5.95452
-5.9564
-5.95844
-5.95766
-5.95473
-5.95389
-5.95651
-5.95617
-5.95452
-5.95256
-5.94995
-5.94896
-5.94796
-5.94825
-5.94759
-5.94734
-5.94789
-5.94862
-5.94923
-5.94938
-5.95129
-5.95198
-5.95206
-5.95243
-5.95273
-5.94999
-5.95092
-5.95321
-5.95521
-5.95374
-5.95241
-5.952
-5.95294
-5.95306
-5.9498
-5.9503
-5.95123
-5.9509
-5.9525
-5.9512
-5.95121
-5.95189
-5.95521
-5.95565
-5.95453
-5.95543
-5.9548
-5.95488
-5.95431
-5.952
-5.9524
-5.95288
-5.9525
-5.95394
-5.95245
-5.95204
-5.95309
-5.95338
-5.95188
-5.95048
-5.95269
-5.95206
-5.95412
-5.95508
-5.95589
-5.95705
-5.95635
-5.95652
-5.95717
-5.95711
-5.9549
-5.95555
-5.95368
-5.95194
-5.95004
-5.94863
-5.94671
-5.9485
-5.94752
-5.94703
-5.94703
-5.9485
-5.94782
-5.94913
-5.9478
-5.94828
-5.94759
-5.94831
-5.94984
-5.95288
-5.95167
-5.9537
-5.9529
-5.95446
-5.95288
-5.95267
-5.95313
-5.95096
-5.95066
-5.94868
-5.94891
-5.94978
-5.95201
-5.95172
-5.95442
-5.95484
-5.95457
-5.95428
-5.956
-5.95464
-5.95537
-5.95511
-5.95398
-5.95574
-5.95392
-5.95288
-5.95276
-5.95242
-5.95193
-5.95071
-5.95329
-5.95477
-5.95541
-5.95515
-5.95427
-5.95309
-5.9529
-5.95369
-5.95284
-5.95288
-5.95439
-5.95501
-5.95311
-5.95194
-5.95289
-5.95187
-5.95161
-5.95057
-5.95139
-5.95015
-5.95102
-5.95298
-5.94986
-5.94808
-5.94953
-5.94899
-5.94736
-5.94817
-5.94882
-5.94962
-5.95027
-5.94756
-5.94769
-5.94812
-5.94892
-5.95049
-5.95064
-5.95068
-5.95027
-5.95029
-5.95227
-5.95124
-5.95171
-5.95304
-5.95204
-5.95198
-5.95387
-5.95413
-5.95536
-5.95625
-5.95586
-5.95558
-5.95516
-5.95368
-5.95206
-5.95373
-5.95561
-5.95337
-5.95314
-5.952
-5.9526
-5.95305
-5.95052
-5.94991
-5.94902
-5.95081
-5.95271
-5.95214
-5.95137
-5.95036
-5.95007
-5.94918
-5.94929
-5.94979
-5.95039
-5.95143
-5.95225
-5.95312
-5.95332
-5.95274
-5.95328
-5.95524
-5.95316
-5.95387
-5.95385
-5.95446
-5.95478
-5.95221
-5.9503
-5.94966
-5.95192
-5.9493
-5.9487
-5.94957
-5.95069
-5.95209
-5.95331
-5.95385
-5.95484
-5.95398
-5.95391
-5.95506
-5.95524
-5.95479
-5.95375
-5.95277
-5.95383
-5.953
-5.95348
-5.95355
-5.95281
-5.95481
-5.9535
-5.95457
-5.95431
-5.95217
-5.95355
-5.95498
-5.95585
-5.95729
-5.95737
-5.95818
-5.95763
-5.95842
-5.95703
-5.95405
-5.95172
-5.95197
-5.95132
-5.95082
-5.95057
-5.95219
-5.9527
-5.95103
-5.95091
-5.95127
-5.95049
-5.95082
-5.95037
-5.95115
-5.94993
-5.94903
-5.9478
-5.94856
-5.94747
-5.95039
-5.95118
-5.95173
-5.951
-5.94989
-5.95194
-5.95364
-5.95438
-5.95613
-5.95502
-5.95422
-5.9547
-5.95539
-5.95566
-5.95321
-5.95389
-5.95316
-5.95073
-5.94953
-5.94895
-5.94939
-5.94864
-5.9468
-5.94616
-5.94578
-5.94788
-5.94914
-5.94722
-5.94885
-5.95046
-5.95135
-5.95146
-5.95395
-5.95293
-5.95194
-5.95105
-5.95165
-5.94998
-5.95008
-5.94982
-5.94894
-5.94872
-5.94837
-5.94901
-5.95049
-5.95141
-5.95304
-5.95543
-5.95638
-5.95694
-5.95559
-5.95366
-5.9525
-5.95437
-5.9525
-5.95236
-5.95358
-5.95383
-5.95369
-5.95603
-5.95269
-5.95109
-5.94931
-5.95127
-5.94864
-5.94769
-5.94725
-5.94906
-5.94866
-5.94833
-5.94902
-5.95026
-5.95412
-5.95782
-5.95953
-5.9598
-5.95959
-5.95735
-5.95677
-5.95605
-5.95372
-5.95252
-5.95256
-5.95362
-5.95474
-5.95391
-5.95518
-5.95642
-5.9552
-5.95371
-5.95327
-5.95461
-5.95394
-5.95133
-5.94906
-5.94975
-5.94954
-5.95041
-5.95079
-5.95007
-5.94989
-5.94921
-5.9496
-5.95161
-5.95351
-5.95297
-5.95381
-5.95244
-5.95114
-5.95157
-5.95215
-5.95005
-5.94957
-5.9495
-5.9503
-5.95109
-5.951
-5.95357
-5.95384
-5.95546
-5.95725
-5.95676
-5.95492
-5.95504
-5.95399
-5.95452
-5.95122
-5.95131
-5.9496
-5.95345
-5.95238
-5.95214
-5.95209
-5.95324
-5.95337
-5.95188
-5.95237
-5.95035
-5.94817
-5.94657
-5.945
-5.94476
-5.94445
-5.94679
-5.94672
-5.9493
-5.95064
-5.95108
-5.95424
-5.95369
-5.95239
-5.95362
-5.9532
-5.95212
-5.94719
-5.94848
-5.94793
-5.94915
-5.94886
-5.94831
-5.9497
-5.94976
-5.94887
-5.94969
-5.94837
-5.9491
-5.95183
-5.95227
-5.951
-5.9525
-5.95122
-5.95299
-5.95428
-5.95391
-5.95322
-5.95647
-5.95462
-5.95677
-5.95709
-5.95787
-5.95613
-5.95404
-5.95088
-5.95239
-5.95339
-5.95331
-5.95287
-5.95179
-5.95073
-5.94935
-5.9509
-5.94959
-5.94714
-5.94587
-5.94614
-5.94599
-5.94824
-5.95059
-5.94972
-5.95011
-5.95332
-5.95411
-5.9534
-5.95085
-5.95069
-5.94878
-5.9481
-5.9487
-5.94965
-5.94965
-5.95034
-5.94946
-5.95122
-5.95173
-5.95325
-5.95124
-5.95217
-5.95181
-5.95113
-5.94985
-5.94925
-5.95033
-5.94985
-5.95008
-5.94808
-5.94805
-5.95155
-5.94951
-5.94936
-5.94878
-5.95037
-5.95087
-5.95064
-5.95037
-5.94983
-5.94939
-5.95165
-5.95501
-5.95486
-5.95696
-5.95541
-5.95535
-5.95454
-5.954
-5.95478
-5.95462
-5.95194
-5.95059
-5.94924
-5.94817
-5.94769
-5.94654
-5.94768
-5.94862
-5.95169
-5.95173
-5.95224
-5.95278
-5.95195
-5.95323
-5.9524
-5.95302
-5.95318
-5.95195
-5.95291
-5.95159
-5.95189
-5.95062
-5.95103
-5.95053
-5.95107
-5.95068
-5.95163
-5.95162
-5.94806
-5.94935
-5.94775
-5.94783
-5.94835
-5.94833
-5.94994
-5.94852
-5.95015
-5.94901
-5.94812
-5.95051
-5.95175
-5.95286
-5.95031
-5.95084
-5.95177
-5.95232
-5.95238
-5.95251
-5.95269
-5.95266
-5.95186
-5.95269
-5.9523
-5.9533
-5.95438
-5.95356
-5.95406
-5.95591
-5.95394
-5.95465
-5.95546
-5.95439
-5.95398
-5.95479
-5.95385
-5.95241
-5.95533
-5.95618
-5.95439
-5.95268
-5.95115
-5.95116
-5.9511
-5.95058
-5.94918
-5.94938
-5.95109
-5.95069
-5.95011
-5.95098
-5.95236
-5.95206
-5.95109
-5.95371
-5.95185
-5.94973
-5.94934
-5.95036
-5.94995
-5.94841
-5.95022
-5.95141
-5.95317
-5.95446
-5.95464
-5.95598
-5.95654
-5.95763
-5.95536
-5.95561
-5.9555
-5.95542
-5.95446
-5.95364
-5.95392
-5.9543
-5.95602
-5.95575
-5.95154
-5.95309
-5.95266
-5.95287
-5.95309
-5.95205
-5.95136
-5.95067
-5.94969
-5.94781
-5.94803
-5.9481
-5.94966
-5.94936
-5.95097
-5.95433
-5.9548
-5.95561
-5.9552
-5.95397
-5.95236
-5.95048
-5.94842
-5.9495
-5.94923
-5.95081
-5.9522
-5.95196
-5.95324
-5.95341
-5.95282
-5.9518
-5.95164
-5.95043
-5.95136
-5.95121
-5.94968
-5.95038
-5.94819
-5.9474
-5.94773
-5.94888
-5.94765
-5.94859
-5.94814
-5.94986
-5.95144
-5.95378
-5.9545
-5.95604
-5.95539
-5.95502
-5.95426
-5.95476
-5.954
-5.95373
-5.95149
-5.95098
-5.95199
-5.9536
-5.95259
-5.95085
-5.95255
-5.95311
-5.95345
-5.95447
-5.95711
-5.95704
-5.95902
-5.95651
-5.95495
-5.95239
-5.94921
-5.95133
-5.94918
-5.94906
-5.94725
-5.94388
-5.94452
-5.94498
-5.94486
-5.94563
-5.94746
-5.94887
-5.95133
-5.95219
-5.95304
-5.952
-5.95239
-5.95174
-5.95207
-5.95442
-5.95423
-5.95115
-5.94963
-5.9519
-5.95343
-5.95198
-5.95283
-5.95151
-5.94906
-5.94838
-5.94746
-5.94784
-5.94719
-5.9445
-5.94531
-5.94515
-5.9435
-5.94597
-5.94484
-5.94238
-5.94463
-5.94563
-5.94746
-5.949
-5.94918
-5.94996
-5.95009
-5.95199
-5.95095
-5.94837
-5.94825
-5.95127
-5.95126
-5.95111
-5.95042
-5.95007
-5.95
-5.94949
-5.94723
-5.94937
-5.94882
-5.94821
-5.94792
-5.9473
-5.94932
-5.95006
-5.95083
-5.95033
-5.94727
-5.94811
-5.94672
-5.94639
-5.94714
-5.94804
-5.94843
-5.95083
-5.9506
-5.95063
-5.95025
-5.95143
-5.94998
-5.95137
-5.95108
-5.95075
-5.95171
-5.95107
-5.95141
-5.95207
-5.94945
-5.95129
-5.95079
-5.95254
-5.95401
-5.95366
-5.95312
-5.95525
-5.95346
-5.95349
-5.9527
-5.95372
-5.94947
-5.94969
-5.95152
-5.95172
-5.9513
-5.94965
-5.94975
-5.94973
-5.94961
-5.94935
-5.9482
-5.94897
-5.94833
-5.94721
-5.94758
-5.94983
-5.9485
-5.94911
-5.95102
-5.9516
-5.94953
-5.94674
-5.94587
-5.94663
-5.94519
-5.94517
