8.27084
8.28738
8.29776
8.2951
8.28788
8.26835
8.24115
8.21619
8.19338
8.1781
8.16797
8.1665
8.16871
8.17294
8.17525
8.16288
8.13753
8.09367
8.03721
7.969
7.89389
7.82404
7.766
7.72263
7.70241
7.7024
7.73849
7.79686
7.88411
7.99496
8.1206
8.25565
8.39758
8.53487
8.65702
8.75267
8.8186
8.84012
8.81696
8.74699
8.63539
8.49352
8.33259
8.17227
8.02233
7.89637
7.80074
7.7372
7.70654
7.71016
7.73281
7.7806
7.848
7.92793
8.01234
8.10635
8.18751
8.25593
8.29664
8.31762
8.31452
8.28873
8.26125
8.23013
8.1924
8.16128
8.1393
8.13466
8.15849
8.20967
8.2797
8.35462
8.41755
8.45478
8.45325
8.4212
8.36372
8.28673
8.2058
8.12909
8.06503
8.01354
7.97973
7.95885
7.95818
7.9685
7.99692
8.03219
8.07629
8.12734
8.16846
8.20292
8.22233
8.21811
8.18142
8.12427
8.05089
7.9773
7.9167
7.88111
7.88602
7.91974
7.99166
8.08822
8.19155
8.28735
8.36299
8.41003
8.41412
8.38204
8.3115
8.21873
8.11264
8.01215
7.92214
7.84953
7.80622
7.79559
7.81184
7.85431
7.91121
7.97015
8.02851
8.07928
8.12226
8.15204
8.18791
8.22276
8.26785
8.32891
8.40872
8.49607
8.59202
8.68231
8.75423
8.79819
8.80325
8.76164
8.67309
8.55053
8.41337
8.27121
8.1407
8.02731
7.94161
7.88281
7.86177
7.86226
7.87289
7.90081
7.91123
7.91708
7.91193
7.88846
7.84491
7.78353
7.72068
7.65775
7.60646
7.56962
7.55485
7.5591
7.60161
7.68914
7.79296
7.91895
8.05715
8.186
8.31096
8.42269
8.51652
8.58981
8.64205
8.67252
8.68123
8.67005
8.63278
8.57641
8.49341
8.39122
8.27276
8.14737
8.02809
7.91608
7.82882
7.78552
7.76378
7.77409
7.80827
7.8553
7.9211
7.9889
8.05984
8.12487
8.17292
8.20466
8.20461
8.18103
8.13155
8.0695
8.00787
7.95118
7.92321
7.91435
7.93374
7.99202
8.07333
8.16675
8.26165
8.34976
8.4196
8.47081
8.4948
8.49859
8.47107
8.42793
8.36861
8.30534
8.22935
8.16074
8.09984
8.04909
8.01309
7.994
7.98344
7.98257
7.98466
7.98822
7.99387
8.00671
8.02519
8.05905
8.09856
8.14421
8.19403
8.24205
8.27429
8.29294
8.29396
8.27553
8.2435
8.20492
8.16364
8.13675
8.11999
8.12608
8.15091
8.19327
8.24597
8.29714
8.34661
8.38301
8.39452
8.38539
8.36489
8.33445
8.30025
8.26914
8.23596
8.20173
8.1633
8.12503
8.08541
8.05853
8.03969
8.02289
8.02396
8.03016
8.03482
8.04361
8.05191
8.05456
8.05758
8.06004
8.0707
8.0937
8.12758
8.1622
8.19735
8.21908
8.22911
8.22948
8.22375
8.21378
8.20018
8.1878
8.16656
8.14028
8.11235
8.08954
8.07712
8.08806
8.12027
8.17604
8.24826
8.33127
8.40851
8.46848
8.50027
8.50055
8.46784
8.40402
8.32262
8.24049
8.16045
8.08818
8.0333
7.98343
7.9517
7.93298
7.93392
7.95655
8.00112
8.05518
8.11984
8.17752
8.21928
8.24288
8.24577
8.23349
8.21112
8.18019
8.13313
8.0845
8.03021
7.98427
7.9472
7.92521
7.91675
7.9182
7.91861
7.93123
7.9486
7.97304
7.99728
8.02451
8.0497
8.08418
8.12132
8.16373
8.20755
8.24984
8.28677
8.30162
8.2978
8.27813
8.23603
8.17974
8.12125
8.06171
8.0022
7.94878
7.90024
7.85238
7.81127
7.78138
7.75945
7.76385
7.78628
7.82951
7.889
7.9576
8.02808
8.09548
8.166
8.23313
8.30539
8.38087
8.46072
8.539
8.60937
8.64345
8.64721
8.61725
8.54894
8.45401
8.34932
8.24626
8.15397
8.08227
8.02895
7.99716
7.99007
8.00583
8.04425
8.10251
8.16229
8.21616
8.26538
8.3034
8.32239
8.31521
8.28641
8.24725
8.19577
8.13668
8.0707
8.00167
7.94962
7.91826
7.906
7.91697
7.94983
8.00067
8.05585
8.10092
8.14599
8.1809
8.22059
8.25165
8.28154
8.29714
8.302
8.28525
8.24705
8.18425
8.10497
8.01234
7.90886
7.8211
7.75384
7.70549
7.68218
7.69502
7.72623
7.77249
7.83397
7.90582
7.96563
8.02339
8.06731
8.10195
8.12701
8.14146
8.15326
8.16223
8.16984
8.17407
8.17048
8.15789
8.14504
8.14134
8.14143
8.15332
8.1749
8.1985
8.21847
8.24011
8.25591
8.26792
8.28433
8.31137
8.34894
8.39095
8.43699
8.47339
8.49797
8.49628
8.46749
8.41579
8.35408
8.28949
8.22884
8.18198
8.15914
8.14969
8.15656
8.17234
8.1939
8.20328
8.20642
8.18703
8.15299
8.09425
8.01622
7.92082
7.81362
7.70446
7.61596
7.54923
7.51969
7.51996
7.562
7.63584
7.74074
7.85295
7.96696
8.07129
8.16964
8.24506
8.31165
8.36192
8.40313
8.4251
8.42271
8.39873
8.35629
8.29606
8.22879
8.16924
8.12173
8.0963
8.09035
8.10476
8.13597
8.17606
8.22957
8.28337
8.33492
8.36722
8.37969
8.37458
8.3451
8.30645
8.25859
8.21052
8.16562
8.12301
8.09553
8.07502
8.07164
8.06954
8.07037
8.07063
8.06956
8.07689
8.0857
8.10335
8.12486
8.14829
8.16804
8.18529
8.18463
8.16446
8.13551
8.09741
8.05895
8.02324
7.99528
7.97768
7.95813
7.95118
7.94908
7.94676
7.94548
7.94549
7.94956
7.95835
7.97075
7.99576
8.03753
8.0976
8.16749
8.25345
8.33876
8.41615
8.47452
8.50521
8.51051
8.49436
8.45693
8.40259
8.3412
8.26354
8.18512
8.10015
8.02132
7.94614
7.89077
7.84709
7.82183
7.81978
7.84361
7.88146
7.9396
8.00642
8.07692
8.14057
8.182
8.19061
8.16001
8.09801
8.02347
7.94912
7.88236
7.83909
7.8291
7.83457
7.85709
7.89998
7.94612
7.99729
8.06145
8.12536
8.1865
8.24192
8.29146
8.32357
8.32192
8.29611
8.2394
8.16939
8.08706
8.00498
7.94163
7.90494
7.90516
7.9443
8.00747
8.09355
8.1897
8.2751
8.34843
8.40257
8.43979
8.46562
8.48376
8.49522
8.48717
8.46413
8.42177
8.36647
8.30374
8.23691
8.16607
8.10805
8.0494
7.9986
7.95797
7.92497
7.91282
7.91479
7.92365
7.93085
7.94315
7.94462
7.94762
7.95412
7.97633
8.00776
8.03813
8.06597
8.09565
8.10757
8.10108
8.0694
8.02123
7.9701
7.9168
7.87573
7.85049
7.84743
7.87282
7.91872
7.98194
8.04701
8.12121
8.18662
8.23908
8.28278
8.30716
8.32094
8.31878
8.30767
8.2926
8.27435
8.25846
8.23956
8.2334
8.23478
8.25664
8.29162
8.33499
8.38958
8.44617
8.49694
8.5391
8.56211
8.57166
8.56721
8.54632
8.50427
8.43491
8.34994
8.25439
8.15221
8.06053
7.97102
7.8878
7.81392
7.75574
7.70403
7.66498
7.63841
7.62982
7.65279
7.70383
7.78268
7.87377
7.96808
8.06412
8.15337
8.22086
8.26604
8.28865
8.28231
8.24954
8.20884
8.15216
8.09775
8.05229
8.01451
7.99377
7.98783
7.98827
8.00772
8.02831
8.05553
8.07344
8.08813
8.08444
8.06375
8.03143
7.99045
7.94314
7.91191
7.90121
7.91277
7.96034
8.04013
8.14621
8.27056
8.41176
8.55505
8.68544
8.78943
8.84919
8.85818
8.81717
8.73171
8.6235
8.49449
8.36069
8.23917
8.12396
8.0251
7.93332
7.85364
7.78543
7.72715
7.68539
7.66392
7.65846
7.68093
7.72447
7.79025
7.87516
7.98031
8.08284
8.17763
8.25519
8.30995
8.3472
8.36254
8.35599
8.32119
8.25941
8.17822
8.08569
7.99522
7.91025
7.852
7.81643
7.80476
7.82373
7.85983
7.91224
7.96819
8.02026
8.06759
8.10303
8.13013
8.1432
8.14466
8.13775
8.13213
8.14014
8.1542
8.17581
8.21491
8.26169
8.31319
8.35934
8.39693
8.42862
8.44766
8.46049
8.4693
8.47212
8.46776
8.44772
8.41263
8.36318
8.29943
8.22938
8.15199
8.07617
8.00264
7.92913
7.86166
7.80722
7.75904
7.72029
7.69345
7.68367
7.69098
7.70695
7.74119
7.7889
7.84827
7.92126
7.99886
8.07826
8.15947
8.23317
8.29326
8.33485
8.35472
8.34971
8.31252
8.25586
8.18364
8.09956
8.01672
7.95005
7.90791
7.89447
7.90971
7.95121
8.0063
8.06768
8.12732
8.18116
8.2223
8.24534
8.25464
8.24033
8.21274
8.1784
8.14734
8.12105
8.10635
8.10678
8.12557
8.13966
8.15863
8.1799
8.193
8.19297
8.18033
8.15983
8.13019
8.10357
8.08765
8.08142
8.10023
8.14155
8.20131
8.26742
8.34277
8.40628
8.43982
8.43625
8.39584
8.32727
8.24459
8.167
8.09585
8.04295
8.00966
7.98116
7.96247
7.95135
7.93985
7.93793
7.93668
7.94983
7.98077
8.02673
8.08913
8.16582
8.24547
8.3296
8.40123
8.4452
8.45477
8.42705
8.36871
8.29277
8.2014
8.12718
8.06349
8.03512
8.0361
8.0601
8.10335
8.15943
8.21987
8.26663
8.30551
8.33592
8.36278
8.39243
8.4126
8.41847
8.38859
8.32955
8.23381
8.12169
8.00618
7.89954
7.80922
7.74258
7.6878
7.66349
7.64681
7.64029
7.64601
7.65239
7.67704
7.71617
7.77547
7.84997
7.94723
8.06485
8.18011
8.28085
8.36557
8.42201
8.44419
8.43919
8.40898
8.36366
8.31116
8.25869
8.20596
8.15181
8.10899
8.06828
8.04081
8.02282
8.02071
8.0236
8.04779
8.08672
8.12403
8.15946
8.19042
8.20359
8.20385
8.18328
8.14452
8.09284
8.03396
7.96056
7.89676
7.85005
7.82154
7.82368
7.85261
7.9101
7.98333
8.07458
8.17198
8.26769
8.35827
8.41748
8.44925
8.44943
8.42056
8.37757
8.32701
8.29169
8.2665
8.25935
8.25562
8.26007
8.26091
8.24669
8.22021
8.17275
8.1174
8.05428
7.9985
7.95373
7.92619
7.91792
7.92353
7.94387
7.97312
7.99532
8.00997
8.00335
7.9766
7.9416
7.91416
7.89327
7.90099
7.93147
7.99606
8.08937
8.19636
8.30952
8.42149
8.51837
8.60463
8.67741
8.72256
8.74847
8.74571
8.71068
8.63624
8.52863
8.38668
8.21966
8.04636
7.87655
7.72454
7.59144
7.49753
7.44143
7.42134
7.45045
7.51632
7.61365
7.73791
7.87644
8.00757
8.1267
8.21236
8.2556
8.26192
8.24514
8.20743
8.17104
8.14535
8.12893
8.13338
8.16949
8.21653
8.27657
8.35177
8.41723
8.47876
8.51341
8.51853
8.49517
8.44996
8.38493
8.30681
8.24486
8.1859
8.14277
8.10674
8.07184
8.02949
7.98499
7.93264
7.88309
7.84584
7.8264
7.82577
7.84759
7.89208
7.95557
8.03799
8.12554
8.20188
8.26346
8.30264
8.30682
8.27946
8.22383
8.15608
8.09537
8.05841
8.04551
8.06318
8.11568
8.19063
8.28051
8.37412
8.45539
8.51668
8.54574
8.54627
8.51961
8.46583
8.40649
8.3413
8.27702
8.21254
8.15162
8.0932
8.03901
7.98886
7.95638
7.93331
7.91556
7.91018
7.91319
7.92376
7.94012
7.97216
8.01633
8.07518
8.14021
8.21926
8.29656
8.36887
8.41942
8.45224
8.46557
8.46102
8.44628
8.41602
8.38592
8.34541
8.31021
8.28085
8.25602
8.23523
8.21622
8.19532
8.17181
8.13537
8.08421
8.02476
7.96076
7.90075
7.85854
7.83066
7.82491
7.85324
7.90813
7.97864
8.0676
8.16522
8.27175
8.37488
8.47177
8.54807
8.60374
8.63
8.61974
8.57857
8.50707
8.42219
8.32107
8.2117
8.11672
8.04185
7.98345
7.95648
7.95284
7.97112
8.00265
8.04026
8.07117
8.08095
8.07563
8.06205
8.03139
8.00034
7.98197
7.97619
7.98793
8.01837
8.06384
8.11437
8.17358
8.24023
8.29879
8.35299
8.38817
8.40441
8.39293
8.35198
8.29217
8.2238
8.15507
8.09682
8.05873
8.03586
8.0392
8.06263
8.09965
8.13673
8.17481
8.2109
8.23499
8.25464
8.26747
8.27694
8.26922
8.24657
8.20955
8.15325
8.08976
8.00382
7.91614
7.83518
7.76657
7.71327
7.68601
7.68768
7.73169
7.81114
7.92292
8.04934
8.19541
8.33164
8.45131
8.54634
8.60145
8.63074
8.62005
8.58563
8.53033
8.46159
8.38534
8.30556
8.2239
8.14137
8.06065
7.97742
7.89823
7.82912
7.77161
7.73389
7.71562
7.71937
7.75205
7.80107
7.86751
7.9487
8.0466
8.14108
8.23833
8.32165
8.38084
8.40645
8.39051
8.35549
8.29968
8.23584
8.1763
8.13054
8.09749
8.09363
8.10809
8.14779
8.19932
8.25652
8.30032
8.33075
8.3336
8.31578
8.2728
8.20083
8.11754
8.01247
7.9057
7.79343
7.69046
7.60705
7.54642
7.52289
7.52856
7.57105
7.64613
7.75552
7.88965
8.04664
8.22109
8.39562
8.56183
8.70893
8.8205
8.87426
8.87762
8.81763
8.71839
8.58212
8.427
8.2648
8.10492
7.9656
7.85441
7.7793
7.73136
7.71048
7.7128
7.73361
7.77112
7.82015
7.86989
7.93362
8.00205
8.06788
8.12841
8.17429
8.19534
8.19884
8.18421
8.16085
8.1399
8.1323
8.14198
8.16706
8.2115
8.26788
8.3152
8.33913
8.33639
8.3021
8.23719
8.15332
8.05347
7.97109
7.90711
7.86815
7.86244
7.87879
7.92506
7.99087
8.06144
8.12706
8.19575
8.25301
8.29857
8.32305
8.32295
8.30406
8.26496
8.22179
8.17914
8.142
8.11555
8.11106
8.11903
8.14495
8.18546
8.22917
8.27958
8.32918
8.37181
8.40772
8.42112
8.41806
8.40123
8.37418
8.33411
8.29
8.23535
8.17607
8.12378
8.07909
8.03672
8.00931
7.99087
7.99213
8.01003
8.03563
8.06188
8.07772
8.07317
8.04561
7.99742
7.93796
7.87031
7.81172
7.7729
7.76639
7.79228
7.8574
7.94638
8.06112
8.18269
8.29548
8.38284
8.43808
8.44993
8.41265
8.33578
8.22556
8.10269
7.98717
7.88233
7.80835
7.77142
7.76027
7.7795
7.82367
7.89223
7.97717
8.07555
8.17791
8.27271
8.34723
8.393
8.40019
8.37273
8.32214
8.26884
8.21127
8.16012
8.11754
8.08799
8.07317
8.07381
8.09355
8.13116
8.19029
8.26705
8.34254
8.41335
8.45533
8.4639
8.43848
8.38829
8.32127
8.24001
8.1606
8.09087
8.03505
7.98609
7.94836
7.91669
7.90548
7.9081
7.93698
7.98639
8.0429
8.10637
8.16466
8.20575
8.23005
8.2303
8.2097
8.18021
8.14709
8.11347
8.08712
8.0598
8.03462
8.01175
7.99332
7.97037
7.95009
7.92886
7.91359
7.90655
7.9097
7.91334
7.91748
7.93209
7.9501
7.974
8.00776
8.05056
8.09482
8.14524
8.18774
8.22056
8.24763
8.2682
8.28058
8.28645
8.29272
8.30781
8.33176
8.3604
8.39316
8.42903
8.4712
8.51419
8.55306
8.58415
8.60776
8.6097
8.59367
8.55965
8.50666
8.43166
8.35122
8.26539
8.17161
8.08268
8.00285
7.9397
7.88719
7.84164
7.81476
7.8075
7.8091
7.81427
7.82263
7.84111
7.85835
7.8679
7.86908
7.86663
7.86419
7.87228
7.89028
7.9238
7.97783
8.04922
8.13089
8.2251
8.32636
8.42362
8.50654
8.5737
8.62659
8.6402
8.62704
8.58299
8.51474
8.42316
8.31492
8.20713
8.10977
8.0294
7.9859
7.96722
7.97577
8.01787
8.07136
8.12377
8.15397
8.1507
8.12978
8.0897
8.04516
8.01375
8.01336
8.02986
8.07413
8.13708
8.21513
8.29836
8.37171
8.42375
8.4464
8.4339
8.39668
8.32733
8.24009
8.14606
8.04924
7.95417
7.86691
7.78878
7.72871
7.68178
7.65814
7.66726
7.70679
7.77006
7.86042
7.95654
8.04911
8.1262
8.17912
8.20739
8.20887
8.20277
8.19025
8.17768
8.17989
8.19373
8.21985
8.26308
8.30981
8.34654
8.37764
8.39609
8.39557
8.38512
8.35116
8.30733
8.25424
8.20187
8.14494
8.09282
8.03888
7.99253
7.95414
7.91786
7.895
7.87848
7.87015
7.87342
7.88138
7.91077
7.94614
8.00436
8.08353
8.17268
8.27111
8.37469
8.46908
8.54657
8.60262
8.63427
8.63984
8.62032
8.58004
8.51889
8.44811
8.36561
8.27573
8.18003
8.08591
8.00652
7.95135
7.91316
7.88907
7.88285
7.88236
7.88239
7.87692
7.85675
7.82415
7.7745
7.72767
7.67161
7.62044
7.57602
7.54178
7.54142
7.57401
7.64758
7.77016
7.93033
8.12212
8.32316
8.51349
8.67244
8.77098
8.79455
8.75035
8.64692
8.50713
8.35328
8.21162
8.08737
7.99662
7.93917
7.92036
7.931
7.95943
7.99912
8.03923
8.0624
8.07437
8.07423
8.07727
8.07519
8.07371
8.07601
8.08176
8.08353
8.09206
8.10259
8.11033
8.12202
8.13725
8.14918
8.17255
8.19733
8.21749
8.24153
8.25736
8.27299
8.28916
8.28991
8.2816
8.25969
8.22581
8.17665
8.11626
8.05393
7.99348
7.94771
7.92459
7.92174
7.93987
7.98288
8.05228
8.12515
8.19869
8.26617
8.31768
8.36185
8.38811
8.40168
8.40552
8.39553
8.37135
8.35437
8.32842
8.2928
8.25493
8.2038
8.14955
8.0868
8.0281
7.97521
7.93569
7.90851
7.9049
7.92602
7.96388
8.02088
8.09138
8.16421
8.22947
8.27597
8.29403
8.28042
8.23683
8.17342
8.10076
8.02957
7.96767
7.92533
7.91218
7.91716
7.94174
7.99151
8.05255
8.1211
8.19443
8.26494
8.32162
8.36101
8.38066
8.39273
8.39725
8.40542
8.41103
8.42223
8.42271
8.40379
8.36142
8.29728
8.21941
8.14043
8.06273
8.00215
7.95285
7.91222
7.88324
7.85723
7.84518
7.83638
7.83657
7.84853
7.87256
7.90049
7.94107
7.99703
8.0503
8.10644
8.15922
8.20249
8.22868
8.2321
8.21187
8.18128
8.13798
8.08052
8.02502
7.97991
7.95022
7.9403
7.9621
8.00515
8.07557
8.16483
8.27371
8.38549
8.49605
8.58207
8.63163
8.63141
8.58767
8.49693
8.3838
8.25877
8.14397
8.0432
7.95908
7.89336
7.84194
7.80374
7.78338
7.79162
7.81244
7.84998
7.90736
7.97089
8.04009
8.11369
8.19761
8.28629
8.37185
8.44677
8.50427
8.53423
8.5269
8.48166
8.4049
8.30821
8.2033
8.09977
8.01592
7.95948
7.93092
7.94274
7.97955
8.02811
8.08003
8.12397
8.1468
8.14999
8.13274
8.10043
8.05312
7.99958
7.94557
7.88976
7.83776
7.79888
7.76768
7.76454
7.77498
7.80256
7.84939
7.90783
7.97773
8.04468
8.11917
8.19624
8.27336
8.34121
8.40484
8.4472
8.45999
8.44882
8.4038
8.32307
8.21233
8.09845
7.98352
7.89217
7.82648
7.79037
7.78575
7.80637
7.85483
7.9222
7.99451
8.07437
8.13949
8.19973
8.25208
8.28815
8.30915
8.3221
8.32012
8.32352
8.3302
8.34422
8.3719
8.40334
8.43661
8.4617
8.46702
8.45335
8.41402
8.3536
8.2789
8.19665
8.11674
8.04698
7.9927
7.96104
7.94568
7.95184
7.97119
7.99544
8.02306
8.04616
8.06476
8.06153
8.04747
8.01492
7.98432
7.95873
7.94963
7.96416
8.00708
8.06887
8.15186
8.24848
8.33114
8.39113
8.41237
8.38693
8.324
8.22254
8.09852
7.96373
7.83291
7.721
7.63315
7.58535
7.57667
7.60418
7.67103
7.77361
7.8904
8.01321
8.13298
8.22888
8.30522
8.34592
8.35249
8.34681
8.32031
8.28006
8.23205
8.18718
8.14498
8.12498
8.12345
8.14585
8.18357
8.22649
8.26739
8.30009
8.32657
8.33931
8.35557
8.37192
8.39555
8.41689
8.43134
8.43632
8.41896
8.38541
8.32596
8.24327
8.15381
8.06789
7.98507
7.92313
7.88232
7.85845
7.85929
7.87239
7.8971
7.92365
7.94995
7.97065
7.98857
8.01265
8.0369
8.05928
8.07627
8.08551
8.09443
8.09924
8.10322
8.11962
8.13456
8.16051
8.18739
8.19625
8.19104
8.16687
8.1265
8.07765
8.03065
7.9987
7.98228
7.9947
8.03175
8.09146
8.16629
8.24981
8.3158
8.3596
8.37013
8.3397
8.27232
8.17955
8.08108
7.98511
7.91141
7.86359
7.83498
7.82851
7.82777
7.83499
7.84635
7.84978
7.85153
7.8638
7.88796
7.93193
7.99745
8.0821
8.17489
8.26617
8.3402
8.38374
8.3983
8.38258
8.35274
8.31588
8.29379
8.28697
8.29656
8.32986
8.37603
8.4209
8.45927
8.4763
8.46924
8.43834
8.38746
8.31624
8.22795
8.13077
8.02473
7.9224
7.83143
7.75724
7.71033
7.69388
7.70949
7.75493
7.8196
7.89795
7.98222
8.04022
8.07115
8.0674
8.03983
7.99425
7.94046
7.88448
7.84944
7.82576
7.8137
7.81545
7.82548
7.83834
7.84122
7.83749
7.83513
7.83534
7.85434
7.90035
7.97542
8.07704
8.2048
8.34415
8.47574
8.58759
8.66656
8.70602
8.71703
8.70353
8.67282
8.64247
8.59712
8.55212
8.50078
8.44478
8.38824
8.32298
8.25896
8.20464
8.14969
8.09761
8.0617
8.04425
8.04797
8.07455
8.11595
8.16608
8.20941
8.23791
8.24512
8.23191
8.18621
8.12261
8.05237
7.97374
7.90431
7.858
7.83548
7.84181
7.87936
7.93276
8.00839
8.09004
8.15761
8.20732
8.22647
8.22169
8.19264
8.14857
8.09079
8.02475
7.95689
7.89065
7.82805
7.77054
7.72548
7.69382
7.67624
7.67756
7.69155
7.71943
7.76249
7.8171
7.88915
7.96132
8.04083
8.11329
8.17794
8.23437
8.27984
8.32133
8.3688
8.42312
8.47742
8.52916
8.57761
8.60706
8.61482
8.60146
8.57349
8.52984
8.48333
8.43657
8.38929
8.3434
8.29505
8.24203
8.18573
8.125
8.06823
8.00691
7.94512
7.88793
7.85066
7.81238
7.78555
7.76765
7.74818
7.72908
7.70018
7.67514
7.65187
7.64188
7.6519
7.68895
7.73819
7.80535
7.89039
7.97913
8.08388
8.20034
8.3126
8.42705
8.53187
8.62972
8.70451
8.7515
8.78065
8.77657
8.74442
8.68306
8.59446
8.48702
8.36844
8.24761
8.12905
8.01819
7.92323
7.84381
7.78672
7.75062
7.73441
7.73274
7.7415
7.76022
7.788
7.82031
7.85884
7.89357
7.91497
7.9284
7.92989
7.92415
7.91474
7.91384
7.93025
7.9637
8.01275
8.06926
8.12305
8.17013
8.20782
8.24131
8.27256
8.31626
8.36297
8.41153
8.45723
8.49422
8.50636
8.50127
8.46605
8.41442
8.36305
8.31524
8.29085
8.28844
8.30916
8.34424
8.39009
8.42626
8.44437
8.44104
8.41355
8.37566
8.33365
8.29272
8.25883
8.23753
8.22089
8.21114
8.18577
8.14922
8.09727
8.03057
7.94374
7.85455
7.77906
7.71815
7.67546
7.66731
7.6892
7.74579
7.81887
7.89318
7.96448
8.02518
8.07969
8.12156
8.14783
8.17031
8.17585
8.16794
8.14494
8.11292
8.07573
8.0323
7.9977
7.96562
7.95225
7.95128
7.97096
8.00795
8.06425
8.13056
8.20619
8.27345
8.33341
8.37998
8.41003
8.41846
8.40167
8.35686
8.293
8.21485
8.12954
8.04511
7.96904
7.90973
7.86916
7.85302
7.85579
7.87723
7.92454
7.97896
8.04021
8.1025
8.16081
8.2097
8.25251
8.28139
8.30781
8.31358
8.31918
8.31573
8.30068
8.28572
8.26651
8.24391
8.22672
8.21902
8.22963
8.2468
8.26842
8.29232
8.30273
8.29662
8.26851
8.21896
8.16645
8.10396
8.0372
7.9773
7.92407
7.89126
7.87424
7.8663
7.86538
7.87187
7.88029
7.88236
7.88388
7.89286
7.90916
7.9329
7.96248
7.99866
8.04542
8.09452
8.15274
8.20754
8.26245
8.31336
8.35582
8.38863
8.41118
8.42763
8.4277
8.41953
8.3983
8.37188
8.33931
8.31386
8.29017
8.27563
8.26047
8.25419
8.26135
8.27649
8.28981
8.30221
8.31256
8.30515
8.28668
8.25889
8.21983
8.17287
8.1164
8.06943
8.02894
8.00121
7.9898
7.98719
7.98973
8.00073
8.00462
8.00669
8.00276
7.98779
7.96647
7.94024
7.90172
7.85988
7.82958
7.81614
7.82951
7.86895
7.93087
8.01335
8.11513
8.21535
8.31824
8.42863
8.53145
8.61187
8.66061
8.67018
8.61832
8.51729
8.37653
8.21027
8.0366
7.86348
7.71291
7.59609
7.5285
7.52221
7.5805
7.69319
7.83944
7.99063
8.12259
8.22097
8.28079
8.31501
8.32974
8.33581
8.31865
8.2869
8.24472
8.18544
8.10717
8.02242
7.93154
7.85567
7.81429
7.81025
7.84459
7.91875
8.01422
8.12277
8.22558
8.31414
8.37926
8.41825
8.4209
8.38262
8.30375
8.18196
8.03694
7.88218
7.74616
7.64212
7.58846
7.58669
7.64032
7.73768
7.85376
7.96436
8.07292
8.16016
8.23068
8.28968
8.32588
8.34479
8.34652
8.32714
8.2958
8.25856
8.21851
8.18337
8.15626
8.14286
8.13519
8.13091
8.13078
8.12232
8.1065
8.08431
8.05953
8.04182
8.0159
8.01109
8.00878
8.0151
8.02006
8.02781
8.03195
8.04073
8.05236
8.08446
8.12182
8.16828
8.21494
8.25406
8.27281
8.26598
8.23621
8.18523
8.11297
8.02726
7.94667
7.87666
7.82261
7.79076
7.79154
7.82141
7.87022
7.93308
8.00768
8.07977
8.14894
8.20839
8.26325
8.30763
8.34561
8.38022
8.4084
8.42133
8.41953
8.40815
8.37325
8.33473
8.28828
8.24686
8.20882
8.18059
8.16709
8.1682
8.17847
8.19748
8.21213
8.21813
8.22439
8.2349
8.2397
8.23945
8.24217
8.24088
8.23459
8.22546
8.21051
8.19775
8.18661
8.18679
8.19847
8.21418
8.22869
8.24236
8.25108
8.24423
8.23169
8.2125
8.19518
8.17661
8.15837
8.14087
8.12497
8.10947
8.09847
8.09585
8.09673
8.09238
8.08613
8.05931
8.01594
7.96665
7.9133
7.87152
7.84302
7.83447
7.84799
7.8751
7.9011
7.92212
7.94158
7.944
7.94032
7.92655
7.91401
7.90958
7.91571
7.93415
7.96437
8.01162
8.07533
8.15683
8.24761
8.34469
8.43732
8.50169
8.52913
8.50788
8.43709
8.335
8.20743
8.07846
7.96055
7.87235
7.81998
7.80562
7.84134
7.91248
8.01749
8.14432
8.28076
8.41565
8.53641
8.61238
8.64371
8.61489
8.54027
8.42549
8.28046
8.13272
7.98366
7.85036
7.74081
7.6637
7.62585
7.63455
7.68722
7.76777
7.88476
8.02704
8.17411
8.3086
8.41499
8.47492
8.49232
8.44874
8.37103
8.2671
8.16539
8.07237
7.99688
7.94833
7.93005
7.93123
7.94792
7.97882
8.01965
8.06001
8.10213
8.14418
8.17825
8.20425
8.22538
8.24589
8.26132
8.26991
8.2756
8.28488
8.2954
8.30581
8.3179
8.3296
8.33409
8.33837
8.33768
8.32838
8.31609
8.30396
8.28493
8.26477
8.2386
8.20382
8.15783
8.10033
8.03391
7.96107
7.88583
7.81776
7.76398
7.72729
7.70715
7.70832
7.7371
7.7914
7.86878
7.96535
8.06807
8.17075
8.27091
8.34839
8.40804
8.44307
8.45468
8.44808
8.42509
8.39406
8.34978
8.29581
8.22582
8.14413
8.05382
7.97668
7.90476
7.85033
7.82026
7.7984
7.78674
7.76717
7.74487
7.7255
7.7183
7.71845
7.73702
7.7735
7.82425
7.90222
7.99773
8.10611
8.21899
8.32943
8.43083
8.50647
8.55619
8.55205
8.51119
8.4399
8.3368
8.21982
8.10517
8.01224
7.93827
7.90249
7.9046
7.95304
8.03259
8.1351
8.25428
8.35919
8.44324
8.4959
8.51694
8.49361
8.44318
8.36785
8.26641
8.14953
8.02891
7.9178
7.83041
7.77067
7.74012
7.74563
7.78134
7.83157
7.89636
7.96351
8.03768
8.11359
8.18961
8.25799
8.32023
8.3735
8.41953
8.4552
8.47638
8.48906
8.49533
8.49404
8.47639
8.45557
8.42095
8.36748
8.30029
8.21844
8.13233
8.04123
7.95845
7.89618
7.85956
7.84931
7.8623
7.89332
7.92832
7.95528
7.97801
7.97983
7.96529
7.93557
7.88953
7.83159
7.76738
7.70729
7.65817
7.62844
7.61647
7.63634
7.69286
7.78302
7.90983
8.06664
8.2431
8.42372
8.59533
8.75043
8.87227
8.9486
8.98399
8.97328
8.91573
8.81884
8.68643
8.53746
8.37495
8.2065
8.05435
7.91771
7.80727
7.73054
7.68683
7.67411
7.68345
7.7018
7.73686
7.77635
7.8121
7.84229
7.85657
7.86834
7.88101
7.89541
7.92194
7.95288
7.99964
8.05425
8.11354
8.17628
8.2382
8.30156
8.36475
8.42805
8.49052
8.5479
8.59936
8.63248
8.64651
8.62701
8.5651
8.46614
8.33886
8.19915
8.05775
7.93094
7.83131
7.76335
7.72688
7.71989
7.74511
7.79638
7.86604
7.94242
8.02212
8.08769
8.13736
8.15969
8.16291
8.14694
8.12212
8.08156
8.04128
7.9996
7.95242
7.91539
7.88808
7.86725
7.8772
7.91081
7.9661
8.02616
8.09065
8.14368
8.18907
8.2215
8.25094
8.27869
8.30639
8.3402
8.37656
8.41135
8.44768
8.47919
8.49599
8.49411
8.47444
8.43441
8.36711
8.27381
8.16629
8.0503
7.9313
7.82963
7.75621
7.71567
7.71305
7.74236
7.80442
7.88535
7.98134
8.0763
8.17598
8.25811
8.32353
8.38648
8.43784
8.47381
8.48388
8.4684
8.43434
8.37505
8.3037
8.2243
8.14986
8.08183
8.02561
7.99024
7.9686
7.96793
7.98459
8.01261
8.05379
8.10071
8.13333
8.15452
8.15614
8.15304
8.13048
8.1065
8.07479
8.04125
8.00274
7.95854
7.91522
7.86902
7.82645
7.79534
7.77792
7.79048
7.82897
7.9034
8.00663
8.13482
8.2803
8.42473
8.56027
8.66336
8.72305
8.73296
8.69641
8.62166
8.52348
8.40943
8.29253
8.17989
8.07789
7.99432
7.93085
7.88615
7.85922
7.83686
7.82777
7.82723
7.82667
7.83512
7.84461
7.85918
7.87977
7.9003
7.91936
7.94902
7.98213
8.02372
8.06639
8.12131
8.18212
8.24023
8.29623
8.33823
8.36668
8.37729
8.37186
8.35245
8.32572
8.29044
8.24272
8.19515
8.15353
8.11833
8.08787
8.06556
8.05755
8.06277
8.08462
8.12139
8.16514
8.21215
8.26127
8.2978
8.32282
8.33053
8.32197
8.30431
8.2795
8.24814
8.21924
8.19744
8.17374
8.15937
8.14921
8.13853
8.13079
8.12285
8.11266
8.09331
8.07869
8.07761
8.09115
8.1146
8.1494
8.1826
8.20834
8.21593
8.21474
8.2013
8.18212
8.15668
8.1437
8.13973
8.14815
8.16724
8.19025
8.22238
8.2595
8.30119
8.34073
8.37828
8.40298
8.42071
8.42579
8.41787
8.3935
8.35345
8.30481
8.23823
8.15927
8.06078
7.96006
7.86307
7.78306
7.71936
7.68092
7.68443
7.7208
7.78928
7.8784
7.97722
8.07138
8.14678
8.1936
8.21537
8.21697
8.20637
8.19013
8.17649
8.17892
8.20497
8.24568
8.30255
8.35642
8.40059
8.43341
8.43659
8.40962
8.35931
8.30024
8.22717
8.15652
8.07882
8.01182
7.9413
7.87611
7.83325
7.80535
7.78824
7.78312
7.79221
7.81041
7.84232
7.87931
7.93238
7.9853
8.04827
8.12025
8.19096
8.26411
8.33684
8.40042
8.45018
8.48816
8.50234
8.48893
8.44691
8.37143
8.28027
8.19114
8.09909
8.01711
7.96027
7.92238
7.89923
7.89606
7.91221
7.94489
8.00145
8.0809
8.17706
8.27941
8.37622
8.45587
8.51274
8.54197
8.53648
8.49704
8.42904
8.33923
8.23648
8.13467
8.03657
7.96231
7.92335
7.91177
7.93559
7.99015
8.07129
8.15912
8.24637
8.30903
8.34629
8.34698
8.31833
8.26385
8.1949
8.12171
8.04822
7.97377
7.90763
7.85556
7.8131
7.79353
7.78891
7.78914
7.796
7.80707
7.8154
7.8218
7.82622
7.83347
7.83969
7.86606
7.89964
7.95864
8.03518
8.1337
8.2406
8.34239
8.41611
8.45426
8.44316
8.39083
8.31336
8.23027
8.15307
8.10228
8.08526
8.09382
8.13553
8.19794
8.26881
8.33747
8.40598
8.46085
8.49695
8.51933
8.53407
8.54025
8.53593
8.52135
8.48817
8.44444
8.38983
8.32565
8.25521
8.18398
8.11639
8.05018
8.00288
7.96294
7.93296
7.90865
7.88637
7.86899
7.84524
7.83005
7.81913
7.82117
7.83275
7.85425
7.88618
7.92873
7.97238
8.00669
8.03586
8.0573
8.05751
8.0495
8.03022
8.00372
7.97299
7.94592
7.92316
7.90623
7.89058
7.89108
7.91323
7.96678
8.03897
8.12849
8.21665
8.28695
8.34405
8.39173
8.42728
8.44274
8.45372
8.45397
8.44303
8.42205
8.3911
8.35637
8.32134
8.28209
8.24182
8.20235
8.16426
8.13231
8.10181
8.07526
8.0555
8.04208
8.04682
8.05895
8.0803
8.11292
8.15266
8.20944
8.28016
8.35265
8.43384
8.50837
8.57452
8.62049
8.64458
8.64583
8.61957
8.57414
8.51891
8.45695
8.38769
8.31378
8.24295
8.17539
8.12226
8.07732
8.04412
8.02616
8.00886
7.99692
7.98151
7.96682
7.95908
7.95811
7.9654
7.98806
8.02402
8.06669
8.11727
8.17004
8.22013
8.25668
8.29493
8.31816
8.31776
8.29128
8.23747
8.16063
8.07347
7.98074
7.89651
7.83697
7.79811
7.78918
7.80097
7.82997
7.87292
7.91818
7.9683
8.0257
8.08489
8.14411
8.18676
8.2094
8.21278
8.19924
8.17312
8.13023
8.09033
8.05354
8.019
7.99963
8.00182
8.02864
8.0658
8.11609
8.17457
8.22482
8.26511
8.29269
8.30832
8.30881
8.29327
8.27462
8.25274
8.23235
8.21715
8.21032
8.21813
8.22878
8.238
8.24035
8.23029
8.2046
8.17405
8.13602
8.09741
8.06168
8.02766
7.99714
7.97725
7.9669
7.97555
8.00207
8.04532
8.09954
8.17027
8.24858
8.32196
8.38161
8.42612
8.43324
8.41679
8.36235
8.2769
8.16848
8.04371
7.91501
7.79648
7.70238
7.64016
7.61
7.61355
7.64528
7.70377
7.77642
7.86181
7.94606
8.02359
8.09494
8.15706
8.20506
8.23946
8.26031
8.26183
8.25136
8.238
8.2101
8.18274
8.1625
8.15133
8.16219
8.18769
8.21922
8.2579
8.29347
8.31786
8.33313
8.33373
8.32774
8.30531
8.27696
8.23915
8.21164
8.18114
8.15405
8.12675
8.09987
8.06889
8.02441
7.97117
7.91618
7.86443
7.82549
7.80367
7.80627
7.82535
7.8785
7.94603
8.03382
8.12533
8.22385
8.32326
8.41688
8.50162
8.57565
8.63807
8.68182
8.70968
8.71366
8.68846
8.63388
8.54446
8.42674
8.28628
8.13088
7.9701
7.80865
7.66496
7.54318
7.45378
7.40573
7.40376
7.454
7.5575
7.69505
7.86527
8.0357
8.1887
8.30113
8.3667
8.38393
8.35289
8.29295
8.21921
8.14638
8.09235
8.0565
8.0487
8.06937
8.10667
8.16315
8.217
8.28034
8.34137
8.40662
8.4705
8.53265
8.57919
8.59069
8.56501
8.48792
8.36726
8.21253
8.04528
7.88092
7.7329
7.62051
7.53767
7.49538
7.49817
7.53437
7.5989
7.68849
7.7913
7.9019
8.01907
8.14024
8.24861
8.34327
8.41706
8.46675
8.49292
8.51071
8.51647
8.52547
8.53802
8.55689
8.58471
8.6009
8.59723
8.56411
8.49375
8.39138
8.27667
8.15745
8.05725
7.9736
7.91975
7.90164
7.90893
7.93344
7.97824
8.03014
8.07791
8.11297
8.13128
8.1305
8.11547
8.07483
8.02665
7.97624
7.92549
7.88364
7.86213
7.86585
7.89658
7.95255
8.02717
8.10553
8.18685
8.24908
8.29467
8.3143
8.31249
8.29106
8.25699
8.21645
8.17853
8.13851
8.11133
8.10162
8.09676
8.1183
8.153
8.18777
8.2225
8.24419
8.25455
8.2457
8.22278
8.19195
8.15982
8.12453
8.10788
8.10602
8.11869
8.13663
8.15357
8.17173
8.17366
8.17099
8.16135
8.16059
8.15528
8.15896
8.16628
8.18137
8.20282
8.22803
8.24115
8.25034
8.25357
8.24909
8.24108
8.22694
8.20848
8.18756
8.16264
8.12799
8.09153
8.06274
8.03564
8.01981
8.02801
8.06063
8.10977
8.17291
8.24199
8.31313
8.36284
8.39374
8.40922
8.39846
8.37071
8.3297
8.2695
8.20488
8.13365
8.05789
7.9967
7.94355
7.90858
7.8908
7.8923
7.90511
7.92167
7.93571
7.9506
7.97073
7.99924
8.03846
8.09372
8.15807
8.22883
8.30528
8.37211
8.42451
8.45919
8.47489
8.46805
8.44156
8.40013
8.35816
8.30874
8.25761
8.21709
8.18693
8.17461
8.1746
8.19053
8.21604
8.24845
8.29114
8.32781
8.35813
8.38598
8.39133
8.38618
8.36717
8.34939
8.32871
8.31871
8.316
8.32929
8.35664
8.38393
8.3999
8.40402
8.37855
8.32751
8.25518
8.17275
8.08875
8.00617
7.93092
7.87055
7.8286
7.80119
7.78842
7.77922
7.78935
7.81094
7.84466
7.88264
7.92733
7.97232
8.01141
8.05226
8.08562
8.11623
8.14553
8.17685
8.21587
8.24657
8.27214
8.28515
8.27818
8.25471
8.22735
8.20691
8.18775
8.17641
8.16986
8.1674
8.1548
8.13753
8.10746
8.06382
8.00839
7.95615
7.90885
7.87717
7.86416
7.87585
7.90939
7.956
8.02209
8.10279
8.17352
8.23616
8.28734
8.32003
8.33832
8.35955
8.37852
8.39984
8.4316
8.47421
8.50875
8.5279
8.52957
8.51317
8.47559
8.41462
8.34356
8.26407
8.18553
8.11514
8.05952
8.01631
7.99884
8.00655
8.02055
8.04654
8.07174
8.10096
8.12146
8.13364
8.12969
8.1153
8.0833
8.04676
8.00243
7.95294
7.91013
7.87483
7.84766
7.84227
7.85267
7.86641
7.87727
7.88707
7.88788
7.8826
7.88455
7.89019
7.90115
7.93098
7.97175
8.03208
8.10204
8.17852
8.24355
8.30207
8.34723
8.37607
8.40041
8.41604
8.43163
8.44752
8.46683
8.48482
8.49751
8.49051
8.45584
8.39436
8.29923
8.19025
8.06772
7.95239
7.8496
7.77229
7.72876
7.71295
7.73666
7.78894
7.86725
7.96204
8.08147
8.20504
8.32725
8.4425
8.54258
8.61756
8.65871
8.66862
8.63428
8.57118
8.49493
8.39808
8.30145
8.19686
8.0961
7.99998
7.90505
7.82904
7.75999
7.70397
7.66272
7.64054
7.63423
7.65288
7.69237
7.75347
7.83712
7.93693
8.05038
8.16781
8.28357
8.39317
8.48885
8.56588
8.6081
8.6158
8.58762
8.51567
8.40247
8.25787
8.10458
7.95809
7.84127
7.75893
7.70903
7.68918
7.69239
7.70718
7.74176
7.78865
7.86045
7.94427
8.05034
8.17293
8.30191
8.42244
8.5299
8.61016
8.65084
8.65197
8.60713
8.52963
8.42289
8.30212
8.17659
8.0523
7.93652
7.83052
7.74701
7.68664
7.6496
7.6444
7.67104
7.72449
7.79449
7.87015
7.94647
8.00522
8.04633
8.07345
8.09552
8.12052
8.15302
8.19497
8.24873
8.30928
8.36538
8.42882
8.48098
8.513
8.52017
8.50112
8.44213
8.3687
8.27811
8.18337
8.08961
8.01843
7.97705
7.95624
7.95816
7.98306
8.01469
8.05037
8.07794
8.09178
8.08964
8.07384
8.04616
8.00777
7.97639
7.94772
7.93869
7.94245
7.96635
8.01607
8.08837
8.17553
8.2786
8.37687
8.46713
8.53737
8.58251
8.59463
8.56516
8.49855
8.40152
8.2771
8.14222
8.00988
7.89655
7.8191
7.7763
7.76984
7.79752
7.84752
7.90818
7.97343
8.03526
8.0895
8.13399
8.14926
8.15858
8.14525
8.12753
8.10264
8.08427
8.08263
8.09914
8.1423
8.19621
8.25952
8.32926
8.39999
8.45432
8.49211
8.50717
8.49976
8.47463
8.42759
8.3566
8.27397
8.17751
8.07465
7.98341
7.90621
7.85202
7.82152
7.81962
7.84849
7.89842
7.9603
8.01572
8.05498
8.07274
8.07649
8.06968
8.05842
8.05633
8.06774
8.09998
8.13538
8.17844
8.21765
8.24894
8.26897
8.26881
8.25685
8.2361
8.21646
8.19422
8.17289
8.15029
8.12189
8.09961
8.07775
8.05588
8.03608
8.02238
8.02162
8.02807
8.04655
8.07936
8.12165
8.17613
8.23285
8.28348
8.32446
8.33595
8.31706
8.28022
8.23138
8.18619
8.15826
8.13798
8.13023
8.12114
8.10847
8.08214
8.04235
7.99915
7.95491
7.91086
7.88232
7.87169
7.8757
7.89139
7.92778
7.9701
7.99862
8.01925
8.02705
8.01634
8.00936
8.01731
8.04138
8.08922
8.15145
8.22232
8.2957
8.35618
8.40606
8.43603
8.45895
8.47169
8.48695
8.49694
8.50854
8.52149
8.52726
8.52821
8.51977
8.50035
8.45789
8.40321
8.32
8.2204
8.11092
8.00093
7.90356
7.82433
7.76733
7.74402
7.73595
7.7581
7.79753
7.84147
7.88869
7.92918
7.9701
8.00928
8.0537
8.10204
8.15122
8.2046
8.24853
8.27699
8.28644
8.26892
8.23009
8.17716
8.11853
8.06656
8.03208
8.0175
8.02497
8.05392
8.09579
8.14485
8.20182
8.25154
8.29465
8.33673
8.37322
8.41001
8.43782
8.45475
8.45041
8.42025
8.3685
8.2946
8.20871
8.12472
8.05524
8.00443
7.98321
7.99007
8.02863
8.09406
8.16421
8.22821
8.28376
8.30972
8.31605
8.29879
8.25254
8.18951
8.10878
8.02492
7.94976
7.88354
7.84686
7.83851
7.86943
7.92061
7.99227
8.07093
8.14707
8.19411
8.21048
8.20883
8.18995
8.16293
8.14522
8.14562
8.16771
8.20495
8.25532
8.30273
8.34231
8.37038
8.37693
8.36724
8.33505
8.28158
8.21825
8.14422
8.07241
8.01073
7.96806
7.94525
7.94644
7.97333
8.01886
8.0846
8.15805
8.23542
8.31144
8.37016
8.40557
8.41648
8.39957
8.36325
8.32126
8.27984
8.25625
8.25343
8.27332
8.30221
8.33379
8.34888
8.34476
8.30219
8.23017
8.12825
8.01199
7.89256
7.784
7.69481
7.6319
7.59517
7.58059
7.57702
7.59644
7.64155
7.70948
7.79744
7.90997
8.02898
8.14495
8.25667
8.34456
8.40804
8.43754
8.4382
8.40565
8.34739
8.2791
8.20985
8.13984
8.07328
8.02853
8.00416
7.99877
8.01325
8.04286
8.09154
8.15635
8.2409
8.33883
8.44315
8.54666
8.64021
8.71485
8.75764
8.76969
8.74709
8.68776
8.59507
8.48086
8.33913
8.18654
8.0399
7.91894
7.82581
7.76458
7.73485
7.73719
7.76972
7.80845
7.8538
7.90566
7.95589
8.01456
8.07142
8.12598
8.17169
8.21809
8.25963
8.28503
8.29802
8.29019
8.26352
8.22366
8.1688
8.11549
8.07665
8.05463
8.06323
8.09192
8.13379
8.18531
8.2403
8.28817
8.31715
8.33813
8.33447
8.30747
8.24688
8.14751
8.01924
7.87159
7.72654
7.60671
7.529
7.48871
7.49743
7.54489
7.62496
7.72876
7.85116
7.976
8.11045
8.23991
8.35632
8.44958
8.52103
8.5579
8.5706
8.55393
8.52206
8.47842
8.43291
8.39038
8.36698
8.34704
8.34187
8.33637
8.33802
8.3331
8.32123
8.30996
8.29197
8.2783
8.26318
8.25115
8.23942
8.23321
8.21715
8.20115
8.18278
8.16235
8.13454
8.10557
8.05794
7.99605
7.92536
7.85067
7.80122
7.77936
7.79002
7.83428
7.90527
7.99437
8.08064
8.16447
8.23739
8.29435
8.33202
8.34836
8.33971
8.30565
8.25275
8.17871
8.08874
7.99765
7.92077
7.86274
7.82941
7.83353
7.86725
7.92662
7.99563
8.07199
8.1374
8.18695
8.2289
8.24578
8.23225
8.20104
8.15405
8.08982
8.02173
7.9572
7.90454
7.87722
7.86631
7.87952
7.91597
7.97067
8.04096
8.11436
8.1822
8.23562
8.26875
8.29419
8.30692
8.3138
8.32596
8.33843
8.34952
8.36688
8.38496
8.40673
8.4335
8.45906
8.47716
8.48018
8.45671
8.39445
8.30208
8.19721
8.07809
7.96322
7.8577
7.77413
7.72415
7.69934
7.70415
7.7293
7.77586
7.84391
7.92267
8.00695
8.09043
8.17299
8.24861
8.31572
8.37086
8.40798
8.42301
8.41135
8.37408
8.31522
8.2378
8.1499
8.072
7.99641
7.93606
7.89083
7.86331
7.85826
7.86728
7.88911
7.92123
7.98092
8.05107
8.12655
8.19962
8.25809
8.2932
8.30341
8.29146
8.27223
8.24954
8.22863
8.21659
8.21246
8.21469
8.21942
8.21929
8.21964
8.21194
8.20161
8.19489
8.19097
8.20771
8.23111
8.25958
8.2791
8.26305
8.212
8.132
8.03522
7.94389
7.86777
7.81864
7.79139
7.79131
7.81475
7.85594
7.91029
7.98331
8.06693
8.15131
8.22114
8.27223
8.30075
8.29828
8.27221
8.23418
8.18783
8.14466
8.10576
8.08173
8.06969
8.07173
8.08188
8.1056
8.12509
8.14765
8.16371
8.17297
8.17407
8.16167
8.1453
8.12632
8.09886
8.06944
8.03014
7.9799
7.92408
7.86909
7.82548
7.78611
7.7662
7.77129
7.79878
7.85215
7.93007
8.03359
8.15526
8.27977
8.39748
8.49237
8.56325
8.61042
8.61749
8.59281
8.54006
8.46425
8.36679
8.27202
8.18531
8.11852
8.07711
8.07235
8.09219
8.13164
8.17696
8.21007
8.221
8.20261
8.15813
8.09907
8.03361
7.97218
7.92732
7.90093
7.89678
7.90926
7.93047
7.94938
7.97451
7.98834
7.98789
7.97717
7.95689
7.92578
7.90908
7.89964
7.91094
7.94219
8.01586
8.11766
8.24359
8.37767
8.51314
8.62641
8.69749
8.71366
8.66409
8.5581
8.41226
8.24492
8.07625
7.93055
7.81623
7.74741
7.73062
7.7563
7.81427
7.89013
7.9687
8.03825
8.07905
8.09275
8.08983
8.07589
8.05964
8.04865
8.05654
8.08509
8.129
8.18097
8.24655
8.31678
8.3883
8.45365
8.49968
8.51986
8.50474
8.45109
8.36539
8.25998
8.13691
8.01635
7.90609
7.81406
7.75297
7.73535
7.75397
7.80901
7.89171
7.99077
8.09074
8.16502
8.20863
8.20541
8.16006
8.08889
8.00575
7.91905
7.84726
7.79016
7.75941
7.73488
7.722
7.70076
7.69445
7.6952
7.71074
7.74427
7.80372
7.89128
7.99801
8.13063
8.27808
8.42876
8.56958
8.68133
8.75294
8.77143
8.7496
8.68528
8.59906
8.50233
8.39763
8.3072
8.23085
8.16575
8.12364
8.10357
8.11221
8.12572
8.15778
8.19495
8.23831
8.28061
8.31527
8.34944
8.38177
8.40336
8.41703
8.40788
8.37229
8.31908
8.24978
8.16025
8.07048
7.97684
7.895
7.8325
7.78774
7.75009
7.7362
7.72205
7.71517
7.70513
7.69422
7.67672
7.65755
7.63104
7.61672
7.62275
7.65117
7.70311
7.77604
7.86971
7.97618
8.10564
8.24883
8.39164
8.52234
8.63437
8.71295
8.75772
8.77358
8.7514
8.69116
8.61042
8.51568
8.41764
8.31673
8.22973
8.15512
8.09476
8.05061
8.02441
8.01121
8.01427
8.02243
8.04194
8.06567
8.10172
8.13484
8.17342
8.21459
8.25781
8.29827
8.33122
8.36073
8.37889
8.38971
8.38279
8.35482
8.32716
8.28618
8.24067
8.1896
8.14497
8.11036
8.0868
8.07446
8.0694
8.0607
8.04637
8.03265
8.0063
7.98299
7.95646
7.93675
7.92512
7.92052
7.92673
7.94519
7.96548
7.98984
8.01844
8.05241
8.09588
8.14176
8.19159
8.23296
8.26811
8.28138
8.26964
8.23702
8.18134
8.1194
8.0512
7.98774
7.9365
7.89361
7.87104
7.86068
7.86849
7.88526
7.91399
7.94767
7.98816
8.02857
8.07266
8.12563
8.1691
8.21953
8.26494
8.3039
8.33371
8.34703
8.35615
8.35432
8.36193
8.37748
8.39462
8.41835
8.43829
8.45265
8.43821
8.39565
8.3265
8.23634
8.134
8.03174
7.94141
7.87191
7.82068
7.79237
7.77751
7.77507
7.78669
7.80353
7.82358
7.85528
7.88069
7.9011
7.91716
7.92169
7.91487
7.90783
7.90486
7.9032
7.9235
7.97065
8.03771
8.11861
8.20061
8.27603
8.33596
8.37502
8.3862
8.37261
8.34831
8.31703
8.28315
8.2555
8.24349
8.24703
8.25662
8.28798
8.32895
8.37132
8.41047
8.44587
8.46911
8.46389
8.43585
8.38377
8.31481
8.23679
8.15098
8.06769
7.99007
7.93231
7.88644
7.86164
7.85739
7.87295
7.90103
7.93329
7.96628
7.99375
8.02219
8.05745
8.08072
8.11085
8.1428
8.17756
8.21701
8.2569
8.2976
8.33896
8.38
8.4095
8.42512
8.41536
8.38148
8.31437
8.22006
8.11984
8.02021
7.9372
7.8792
7.85011
7.84971
7.87303
7.9041
7.94115
7.96558
7.97361
7.96546
7.9366
7.89817
7.85558
7.81384
7.77545
7.74999
7.73597
7.74613
7.7858
7.84973
7.94874
8.07007
8.20801
8.35496
8.50824
8.64728
8.76873
8.8539
8.89825
8.8931
8.8416
8.74233
8.61188
8.45973
8.305
8.16184
8.05082
7.97846
7.95439
7.96836
8.01299
8.07827
8.15752
8.23336
8.28548
8.31514
8.3141
8.27683
8.201
8.09969
7.97084
7.84145
7.71553
7.61442
7.55309
7.53076
7.57462
7.67006
7.81685
7.99958
8.18617
8.36386
8.51307
8.61497
8.66078
8.65344
8.59668
8.50858
8.4003
8.28999
8.18147
8.08673
8.00339
7.92817
7.86882
7.82519
7.78895
7.75892
7.74954
7.76913
7.80675
7.86901
7.94762
8.0293
8.113
8.19298
8.27526
8.3651
8.45332
8.55002
8.65246
8.73957
8.81576
8.86298
8.85764
8.80814
8.71287
8.58472
8.44183
8.29795
8.17196
8.07007
8.00752
7.97987
7.97218
7.97353
7.987
7.99706
7.9978
7.98416
7.95687
7.92131
7.88615
7.84435
7.81698
7.80218
7.80109
7.81549
7.83828
7.87664
7.92623
7.98836
8.06443
8.13879
8.22287
8.30642
8.38457
8.45311
8.50711
8.53673
8.5512
8.54637
8.52681
8.49122
8.45132
8.39786
8.34359
8.28743
8.22791
8.17161
8.11257
8.05238
8.00033
7.94232
7.8964
7.85469
7.82211
7.79821
7.77374
7.73796
7.70456
7.66478
7.63098
7.60429
7.60535
7.61606
7.64409
7.69661
7.77061
7.86489
7.96796
8.07591
8.17885
8.26758
8.33744
8.38094
8.40861
8.42462
8.43111
8.43201
8.44155
8.44841
8.45444
8.46648
8.48975
8.52285
8.56227
8.60886
8.66872
8.72928
