0.604829
0.602391
0.600985
0.601064
0.602761
0.605899
0.610027
0.614505
0.618712
0.622122
0.6244
0.625447
0.625473
0.62504
0.624953
0.626136
0.629327
0.634772
0.642206
0.650951
0.660191
0.669067
0.676734
0.68238
0.685285
0.684875
0.680906
0.673465
0.66277
0.649192
0.63325
0.615687
0.597392
0.579412
0.563033
0.54955
0.540312
0.536426
0.538632
0.547094
0.561242
0.579777
0.600901
0.622587
0.642869
0.660134
0.6733
0.681813
0.685684
0.685334
0.681444
0.674746
0.665902
0.655447
0.643887
0.631965
0.620793
0.611656
0.605632
0.603161
0.603867
0.606801
0.610929
0.615498
0.620127
0.624365
0.627322
0.627727
0.624355
0.616791
0.605934
0.593997
0.583894
0.578149
0.578032
0.583358
0.592847
0.604722
0.617232
0.629044
0.639322
0.64764
0.653876
0.658001
0.659925
0.659571
0.656912
0.652122
0.645616
0.63808
0.630482
0.624031
0.619956
0.619268
0.622444
0.629214
0.638439
0.648341
0.656814
0.66195
0.662424
0.657759
0.648386
0.635612
0.621419
0.608012
0.597372
0.591001
0.589728
0.593678
0.602334
0.614435
0.628226
0.641882
0.653712
0.662482
0.667458
0.668425
0.66565
0.659864
0.652191
0.643936
0.636328
0.630206
0.625775
0.622634
0.61993
0.616618
0.611759
0.604686
0.595186
0.583572
0.570631
0.557654
0.546397
0.538828
0.536797
0.54144
0.552699
0.569217
0.588798
0.609101
0.628114
0.644188
0.656126
0.663368
0.666066
0.665197
0.662213
0.658548
0.655381
0.653585
0.653919
0.656886
0.662547
0.670362
0.679335
0.688412
0.696554
0.702808
0.706215
0.705829
0.701006
0.691659
0.678354
0.662186
0.644571
0.626841
0.610115
0.595172
0.582503
0.572442
0.565134
0.560545
0.55855
0.559081
0.562259
0.568373
0.577743
0.590403
0.605794
0.622714
0.639412
0.654048
0.665156
0.671945
0.67439
0.673054
0.668743
0.662234
0.654139
0.645022
0.635604
0.626855
0.619917
0.615825
0.615238
0.618296
0.624507
0.632829
0.641855
0.649927
0.655426
0.656991
0.653908
0.64631
0.635131
0.621852
0.608128
0.595532
0.58525
0.578061
0.574388
0.574378
0.57785
0.58427
0.592925
0.602955
0.613497
0.623659
0.632672
0.63995
0.645206
0.648515
0.650287
0.651113
0.651486
0.651612
0.65139
0.650426
0.648261
0.644522
0.639099
0.632273
0.624734
0.617515
0.61171
0.608254
0.607647
0.60984
0.614256
0.61989
0.62556
0.630071
0.632393
0.631912
0.62851
0.622563
0.614958
0.606877
0.599591
0.594189
0.591349
0.591139
0.593081
0.596366
0.600177
0.604033
0.607934
0.612132
0.616887
0.622147
0.62751
0.632428
0.636391
0.639093
0.640413
0.640487
0.63974
0.638788
0.638241
0.638383
0.63895
0.639209
0.638275
0.635596
0.63127
0.626069
0.621006
0.617009
0.614554
0.613621
0.613824
0.614692
0.615939
0.617596
0.619968
0.62333
0.627501
0.631626
0.634342
0.63433
0.630765
0.623657
0.613835
0.602673
0.591848
0.583075
0.57785
0.577087
0.580908
0.588616
0.598861
0.610111
0.621004
0.63062
0.638532
0.644676
0.649104
0.651686
0.65205
0.649795
0.644845
0.637718
0.629595
0.621991
0.616216
0.613041
0.612511
0.614158
0.617399
0.621808
0.627106
0.633026
0.639168
0.644904
0.649577
0.652712
0.654156
0.654009
0.652664
0.650569
0.648142
0.645555
0.642835
0.639882
0.636555
0.632674
0.62807
0.622729
0.617005
0.611586
0.607323
0.605033
0.605316
0.608364
0.613891
0.621168
0.629284
0.637477
0.645277
0.652586
0.659441
0.665781
0.67136
0.675725
0.678263
0.678395
0.675689
0.670067
0.661959
0.652222
0.641909
0.631851
0.622376
0.613201
0.603724
0.593421
0.582363
0.571421
0.562095
0.556088
0.554767
0.558748
0.567672
0.580313
0.594885
0.609432
0.622315
0.632568
0.639894
0.644317
0.645942
0.644781
0.640936
0.634837
0.627344
0.619594
0.612798
0.607845
0.605242
0.605054
0.607178
0.611398
0.617382
0.624705
0.632721
0.64049
0.646966
0.651149
0.652308
0.650359
0.645778
0.639519
0.632763
0.626439
0.62108
0.616718
0.613039
0.609728
0.606763
0.604513
0.603688
0.605082
0.609427
0.617055
0.627652
0.640283
0.653526
0.665836
0.675797
0.682382
0.68509
0.683952
0.679358
0.672105
0.663176
0.653665
0.644673
0.637138
0.631561
0.627851
0.625464
0.623695
0.622092
0.620599
0.61955
0.619334
0.620097
0.621608
0.623266
0.624306
0.624122
0.622547
0.619859
0.61669
0.613698
0.611317
0.609539
0.607939
0.605862
0.602715
0.598194
0.59246
0.586234
0.58069
0.577128
0.576664
0.579729
0.586042
0.594614
0.604034
0.612791
0.619608
0.623731
0.625099
0.624263
0.622164
0.619835
0.618203
0.617977
0.619743
0.623987
0.631081
0.641179
0.653942
0.668378
0.682959
0.695906
0.705513
0.71054
0.710387
0.7051
0.695359
0.682373
0.667578
0.652434
0.638145
0.625429
0.614503
0.605246
0.597467
0.591234
0.587015
0.585441
0.587032
0.591764
0.598938
0.607264
0.615178
0.621322
0.624979
0.625985
0.624624
0.621239
0.616142
0.609716
0.602701
0.596202
0.591445
0.589391
0.590404
0.594168
0.599908
0.606729
0.61376
0.620185
0.625406
0.629109
0.63122
0.632007
0.631955
0.631615
0.63136
0.631259
0.631063
0.630348
0.628678
0.626007
0.62273
0.619741
0.61811
0.618671
0.621696
0.626724
0.632807
0.638872
0.644079
0.647973
0.650488
0.651817
0.652293
0.6522
0.651745
0.651002
0.650001
0.648733
0.647087
0.644775
0.641301
0.636144
0.628882
0.619446
0.60841
0.59699
0.586714
0.57902
0.574756
0.574098
0.576675
0.581819
0.588878
0.597366
0.606944
0.617283
0.628007
0.638569
0.64839
0.656802
0.663157
0.666885
0.667526
0.664905
0.659225
0.650987
0.64109
0.630695
0.621289
0.614636
0.612435
0.615644
0.623845
0.635201
0.647075
0.657023
0.663556
0.666329
0.665928
0.66336
0.659407
0.654484
0.648657
0.641864
0.63413
0.625723
0.61736
0.610116
0.60527
0.603966
0.606828
0.613675
0.62354
0.634848
0.645711
0.654312
0.659058
0.658941
0.653718
0.644052
0.631521
0.618277
0.606327
0.596824
0.589927
0.585153
0.581936
0.580006
0.579437
0.580535
0.583617
0.588755
0.595716
0.60394
0.612762
0.621614
0.630071
0.637803
0.644449
0.649583
0.652847
0.654119
0.653694
0.652321
0.650886
0.650014
0.649808
0.649769
0.649078
0.647052
0.643492
0.638789
0.633876
0.629936
0.62807
0.62899
0.632872
0.639274
0.64722
0.65539
0.662367
0.666941
0.668286
0.666117
0.660662
0.652569
0.642927
0.632909
0.623621
0.615791
0.609782
0.605609
0.603142
0.602298
0.602923
0.604793
0.60747
0.610297
0.6125
0.613443
0.612618
0.609765
0.604866
0.598243
0.590581
0.582802
0.57586
0.570499
0.567081
0.565731
0.566567
0.569787
0.575671
0.584329
0.595474
0.608304
0.621789
0.63486
0.646765
0.657238
0.666422
0.674627
0.681958
0.688115
0.692296
0.693535
0.69112
0.684819
0.675098
0.662929
0.649587
0.636379
0.624485
0.614916
0.608452
0.605587
0.606374
0.610454
0.616937
0.62469
0.63251
0.639432
0.644841
0.648378
0.649975
0.649652
0.647667
0.644462
0.640684
0.637142
0.634698
0.634043
0.635578
0.639263
0.6445
0.650155
0.654658
0.65647
0.654411
0.647935
0.637047
0.622257
0.604453
0.584841
0.56503
0.546988
0.53283
0.524433
0.523028
0.528804
0.54077
0.557075
0.57555
0.594213
0.611688
0.627355
0.641196
0.653471
0.664396
0.673946
0.681858
0.687815
0.691449
0.692419
0.690404
0.685099
0.676437
0.664853
0.65144
0.637777
0.625319
0.615033
0.607231
0.601949
0.5993
0.599714
0.603593
0.61098
0.621366
0.633634
0.646206
0.657493
0.666161
0.671336
0.672725
0.670501
0.665345
0.65825
0.650263
0.642419
0.635538
0.630125
0.62639
0.624266
0.623448
0.623472
0.623599
0.622997
0.620946
0.617003
0.611221
0.604196
0.596908
0.590346
0.585203
0.581701
0.579644
0.578611
0.578275
0.578641
0.580052
0.583022
0.588008
0.595172
0.604233
0.614549
0.625342
0.635898
0.645806
0.654905
0.663212
0.670745
0.677324
0.68263
0.686297
0.688118
0.687999
0.685922
0.681911
0.676
0.668253
0.658938
0.648452
0.637303
0.62615
0.615655
0.606543
0.59959
0.595602
0.595228
0.598708
0.605764
0.615565
0.626758
0.637719
0.646857
0.652863
0.655021
0.653319
0.648363
0.641259
0.633255
0.625415
0.618636
0.61363
0.610887
0.610671
0.612901
0.617026
0.622136
0.627067
0.630761
0.632523
0.632154
0.629925
0.62645
0.622546
0.619035
0.61668
0.616055
0.617463
0.62078
0.625427
0.630349
0.63429
0.636088
0.634922
0.630539
0.623198
0.613693
0.603451
0.594464
0.588953
0.588568
0.593554
0.602616
0.613552
0.624219
0.633112
0.639647
0.644004
0.646804
0.648785
0.650492
0.652155
0.65359
0.654312
0.653699
0.651163
0.646264
0.638834
0.629114
0.617857
0.606361
0.596357
0.589588
0.587368
0.590164
0.597458
0.60787
0.619518
0.630358
0.638594
0.642969
0.642988
0.639026
0.632249
0.624269
0.616605
0.610177
0.605121
0.600996
0.597202
0.593518
0.590552
0.589751
0.592713
0.600436
0.612612
0.62775
0.64381
0.658838
0.671408
0.680743
0.686766
0.689927
0.690989
0.690738
0.689694
0.687938
0.68519
0.680807
0.674053
0.664353
0.65167
0.636707
0.620957
0.606298
0.594464
0.586591
0.58309
0.583663
0.587506
0.593556
0.600739
0.60824
0.615536
0.62237
0.628647
0.634272
0.639024
0.642559
0.644416
0.644223
0.641971
0.638069
0.633364
0.628863
0.625402
0.623497
0.623489
0.625707
0.630349
0.637281
0.645928
0.65523
0.663771
0.670209
0.673466
0.67297
0.668661
0.660884
0.650248
0.637489
0.62349
0.609499
0.597083
0.587937
0.583354
0.583621
0.587917
0.594573
0.601613
0.60734
0.610783
0.611765
0.610888
0.609252
0.608135
0.608694
0.611662
0.617181
0.624747
0.633358
0.641707
0.648563
0.653049
0.654732
0.653796
0.65099
0.647421
0.644401
0.643121
0.644235
0.647661
0.65258
0.65753
0.660757
0.660731
0.656479
0.64782
0.635404
0.620535
0.604774
0.58955
0.575863
0.564244
0.554909
0.547993
0.543917
0.54336
0.547166
0.556034
0.570234
0.589279
0.61185
0.635991
0.659613
0.680877
0.69845
0.711506
0.719585
0.722447
0.719972
0.712219
0.699572
0.683044
0.664334
0.64568
0.629528
0.617846
0.611631
0.610662
0.613658
0.618697
0.623843
0.62749
0.628613
0.626828
0.622188
0.614979
0.605703
0.595239
0.58492
0.576381
0.571209
0.570422
0.574123
0.581587
0.591438
0.602096
0.612163
0.620766
0.627675
0.633282
0.638378
0.643767
0.649906
0.656672
0.663419
0.669109
0.672647
0.673157
0.670204
0.663838
0.654552
0.643198
0.630976
0.619368
0.610012
0.604377
0.60336
0.607
0.614284
0.623437
0.63228
0.638734
0.641267
0.639051
0.632134
0.621342
0.608106
0.594323
0.582035
0.573022
0.568443
0.568483
0.572522
0.579393
0.587758
0.59652
0.605012
0.613087
0.620809
0.628281
0.635352
0.641682
0.646933
0.65096
0.653786
0.655611
0.656575
0.656667
0.655691
0.653241
0.648888
0.642328
0.633628
0.623373
0.612687
0.602915
0.595164
0.589966
0.587325
0.58693
0.588426
0.591432
0.595504
0.600083
0.604539
0.608378
0.611327
0.6135
0.615391
0.617729
0.621238
0.626429
0.633398
0.641771
0.650756
0.659219
0.666009
0.670116
0.670807
0.667749
0.661104
0.651405
0.639459
0.626116
0.612168
0.598364
0.585494
0.574478
0.566398
0.562257
0.562639
0.567558
0.576442
0.588257
0.601771
0.615725
0.628872
0.640005
0.648121
0.652502
0.652998
0.650108
0.645027
0.639394
0.634885
0.632761
0.633441
0.636472
0.640774
0.645029
0.648001
0.648844
0.647279
0.64348
0.637906
0.631082
0.623487
0.615553
0.607763
0.600864
0.595909
0.593907
0.595473
0.600519
0.608267
0.617506
0.6268
0.634742
0.64019
0.642457
0.641541
0.638018
0.632972
0.627564
0.62268
0.618646
0.615417
0.612842
0.610885
0.609734
0.609811
0.611637
0.61564
0.621955
0.630318
0.640125
0.650568
0.660739
0.669745
0.676658
0.680512
0.680381
0.675556
0.66591
0.651964
0.634903
0.616446
0.598526
0.582941
0.571097
0.563833
0.56132
0.563096
0.56832
0.575922
0.584926
0.594627
0.604622
0.61481
0.625166
0.635629
0.646027
0.656016
0.665099
0.672661
0.67814
0.681066
0.681114
0.678165
0.672239
0.66348
0.652293
0.639255
0.625289
0.611664
0.599839
0.591212
0.586851
0.587138
0.591587
0.599005
0.607811
0.616394
0.623316
0.627535
0.628515
0.626264
0.621328
0.614754
0.607854
0.601975
0.598265
0.59747
0.59995
0.605721
0.614522
0.625898
0.639237
0.653738
0.66836
0.681869
0.693088
0.701002
0.7049
0.704408
0.699465
0.690142
0.676618
0.659221
0.63855
0.61561
0.591813
0.568955
0.549038
0.533995
0.525483
0.524472
0.531
0.54412
0.56215
0.583014
0.604641
0.625225
0.643323
0.657924
0.66844
0.674755
0.677231
0.676569
0.673603
0.669019
0.663266
0.656475
0.64874
0.64031
0.63181
0.624173
0.618474
0.615567
0.615716
0.618475
0.622726
0.626944
0.629576
0.629431
0.626024
0.619785
0.612051
0.604739
0.599898
0.599159
0.603251
0.611859
0.623678
0.636763
0.64901
0.658605
0.664399
0.665881
0.66323
0.657135
0.648541
0.63853
0.628173
0.618414
0.610063
0.603862
0.600417
0.599979
0.602413
0.607169
0.613412
0.620126
0.626184
0.630587
0.632659
0.632172
0.629288
0.624443
0.618205
0.611228
0.604255
0.598046
0.593324
0.59057
0.589941
0.591385
0.59476
0.59983
0.606281
0.613669
0.621483
0.62915
0.636193
0.642088
0.646382
0.648647
0.648533
0.646059
0.641816
0.63701
0.633214
0.631919
0.634099
0.639922
0.648575
0.658445
0.667518
0.67388
0.676037
0.673151
0.665129
0.652634
0.637036
0.620166
0.604145
0.591056
0.582728
0.580479
0.584851
0.595453
0.610768
0.628459
0.64592
0.660864
0.671761
0.677897
0.679272
0.676371
0.669901
0.660529
0.648799
0.635317
0.620999
0.607309
0.596202
0.589601
0.588431
0.592126
0.598975
0.607046
0.614855
0.621561
0.62684
0.630567
0.632584
0.632604
0.630304
0.625369
0.617759
0.607981
0.597305
0.587752
0.581483
0.580019
0.583629
0.59139
0.601664
0.612724
0.623315
0.632713
0.640671
0.647185
0.65227
0.655767
0.657289
0.656368
0.652649
0.64626
0.637944
0.62901
0.621009
0.615305
0.612685
0.613174
0.616173
0.620712
0.625735
0.630417
0.634344
0.637489
0.640148
0.642805
0.645757
0.648926
0.651886
0.654111
0.655252
0.655409
0.654954
0.654242
0.653363
0.652039
0.649868
0.646531
0.642013
0.636622
0.630812
0.625116
0.619982
0.615821
0.612985
0.611577
0.611326
0.611544
0.611375
0.610146
0.607628
0.603939
0.599314
0.593937
0.587965
0.581639
0.575423
0.570054
0.566349
0.564943
0.566232
0.57035
0.577138
0.586236
0.597149
0.60922
0.621627
0.633566
0.644317
0.653398
0.660594
0.665815
0.669091
0.670554
0.670533
0.669444
0.667857
0.666311
0.66524
0.664853
0.665164
0.66589
0.666494
0.666261
0.664435
0.660361
0.653671
0.644388
0.632922
0.619936
0.606308
0.592982
0.580914
0.571001
0.564022
0.560635
0.561327
0.566248
0.57514
0.587276
0.601469
0.616214
0.629888
0.640886
0.647883
0.650092
0.647445
0.640839
0.632235
0.624283
0.619465
0.619146
0.623127
0.62989
0.637299
0.643282
0.646225
0.645135
0.63982
0.630886
0.619601
0.607662
0.596962
0.58926
0.585684
0.58663
0.591764
0.60023
0.610993
0.623125
0.635808
0.648391
0.660279
0.670951
0.679895
0.686532
0.690169
0.690198
0.686211
0.678269
0.667169
0.654368
0.641692
0.630909
0.623228
0.619089
0.618138
0.619354
0.62136
0.622701
0.622264
0.61948
0.614487
0.608101
0.601464
0.595674
0.591556
0.589555
0.589908
0.592612
0.597508
0.604199
0.612057
0.620322
0.6283
0.635572
0.64204
0.647747
0.652711
0.656822
0.659895
0.661845
0.66273
0.662627
0.661373
0.658476
0.65336
0.645654
0.635371
0.622936
0.609097
0.594922
0.581643
0.570462
0.562363
0.55789
0.557064
0.559492
0.564618
0.571983
0.581228
0.592148
0.604471
0.617577
0.630454
0.641886
0.650811
0.656703
0.659761
0.660787
0.660911
0.66118
0.662391
0.66499
0.669105
0.674634
0.681358
0.688867
0.696556
0.703586
0.708716
0.710422
0.707233
0.698076
0.682551
0.661051
0.634909
0.606453
0.578862
0.555856
0.541019
0.536648
0.542864
0.557608
0.577544
0.599185
0.619617
0.636784
0.64943
0.656954
0.659479
0.657764
0.653122
0.647181
0.64152
0.637244
0.634774
0.633826
0.633686
0.633585
0.632968
0.631712
0.630054
0.628348
0.626861
0.625659
0.624541
0.623267
0.621673
0.619828
0.617932
0.616152
0.614574
0.613169
0.611937
0.610905
0.610297
0.610444
0.611761
0.614659
0.619412
0.625992
0.634028
0.642751
0.65113
0.658064
0.662474
0.663518
0.660824
0.654581
0.645584
0.634984
0.624141
0.614291
0.606284
0.600545
0.597032
0.595434
0.595365
0.596435
0.598335
0.600932
0.604205
0.608247
0.613265
0.619388
0.626586
0.634457
0.642387
0.649544
0.655061
0.658157
0.658338
0.655383
0.649502
0.641184
0.631268
0.620896
0.611422
0.604352
0.601058
0.602344
0.608083
0.617144
0.627804
0.638182
0.646711
0.652421
0.654966
0.654462
0.651204
0.645607
0.638094
0.629196
0.619723
0.610707
0.603265
0.598149
0.595465
0.594593
0.594423
0.593925
0.592682
0.591095
0.590339
0.591913
0.596905
0.605313
0.615981
0.627189
0.637455
0.645952
0.652539
0.657463
0.661131
0.663827
0.665756
0.666972
0.667347
0.66667
0.664616
0.660934
0.655589
0.648801
0.641072
0.63306
0.625509
0.619205
0.614853
0.613026
0.614052
0.617894
0.624009
0.631404
0.638836
0.645136
0.64941
0.651058
0.649685
0.645011
0.636956
0.625744
0.612087
0.597218
0.582786
0.570892
0.563661
0.562861
0.569117
0.581435
0.597474
0.614471
0.630282
0.643757
0.654599
0.663019
0.669244
0.673303
0.675069
0.674391
0.6713
0.666103
0.65928
0.651296
0.642428
0.632691
0.622012
0.610516
0.59879
0.587906
0.57928
0.574424
0.574467
0.579746
0.589653
0.60279
0.617294
0.631207
0.64271
0.650337
0.653287
0.651547
0.646002
0.638262
0.630303
0.623929
0.62037
0.620135
0.623072
0.628656
0.63613
0.644579
0.653128
0.661152
0.668265
0.674204
0.678522
0.680414
0.679161
0.674711
0.667818
0.659609
0.650931
0.642064
0.63282
0.623059
0.612936
0.603148
0.594719
0.588721
0.586162
0.587803
0.594078
0.604785
0.618939
0.634792
0.650219
0.663256
0.672589
0.677552
0.678086
0.674594
0.667826
0.658759
0.648471
0.638008
0.628249
0.619765
0.612969
0.608144
0.605444
0.604719
0.605335
0.606232
0.606295
0.604726
0.601336
0.596563
0.591355
0.58702
0.584812
0.585651
0.589902
0.59731
0.607037
0.617884
0.628639
0.638156
0.645531
0.650196
0.652015
0.651228
0.64843
0.644392
0.640084
0.636459
0.634357
0.634397
0.636836
0.641323
0.646922
0.652178
0.655453
0.65539
0.65122
0.643032
0.631744
0.619017
0.607023
0.598037
0.593922
0.595728
0.603477
0.616174
0.63223
0.649759
0.666843
0.681755
0.693042
0.699575
0.7007
0.696302
0.686873
0.673452
0.657523
0.640811
0.625097
0.611944
0.602447
0.597073
0.595655
0.597648
0.602343
0.608917
0.616419
0.623694
0.629461
0.632562
0.632334
0.628872
0.623056
0.616244
0.609857
0.604845
0.601427
0.59913
0.597213
0.595017
0.592298
0.589319
0.586802
0.585747
0.587128
0.591676
0.599579
0.61033
0.622832
0.635579
0.647038
0.656038
0.661895
0.664486
0.664199
0.661853
0.658408
0.654714
0.651303
0.648324
0.645619
0.642946
0.640153
0.637389
0.634957
0.63316
0.632014
0.631196
0.630083
0.628129
0.625168
0.621492
0.617951
0.615722
0.615886
0.619005
0.624778
0.632116
0.639498
0.645362
0.648426
0.647874
0.643495
0.635634
0.625245
0.613842
0.603443
0.59622
0.593925
0.597379
0.606068
0.618305
0.631766
0.644186
0.653969
0.660488
0.663877
0.664881
0.664518
0.663765
0.663337
0.663482
0.66389
0.663754
0.661937
0.657299
0.649201
0.637799
0.624256
0.610596
0.599169
0.591831
0.589323
0.591083
0.595546
0.600737
0.60488
0.606681
0.605546
0.601633
0.595795
0.589411
0.584036
0.581016
0.581149
0.584671
0.59144
0.600998
0.612731
0.62586
0.639469
0.652587
0.664203
0.673422
0.679512
0.681911
0.68033
0.67492
0.666346
0.656004
0.645884
0.638124
0.634292
0.634995
0.639749
0.647209
0.655655
0.663396
0.669167
0.67229
0.672764
0.671169
0.66857
0.666132
0.664768
0.664806
0.665745
0.666281
0.664785
0.659842
0.650534
0.636816
0.619604
0.600693
0.582506
0.567359
0.556872
0.551493
0.5505
0.552616
0.556583
0.561529
0.567037
0.572943
0.579263
0.586056
0.593334
0.601042
0.60904
0.617121
0.624923
0.631857
0.637188
0.640224
0.640433
0.637712
0.632564
0.626074
0.619713
0.615053
0.613443
0.615578
0.621349
0.629944
0.640089
0.650366
0.659375
0.665929
0.669099
0.66831
0.663425
0.654948
0.644014
0.632319
0.621799
0.61411
0.610238
0.610423
0.614212
0.620745
0.629097
0.638458
0.648191
0.657822
0.666876
0.674829
0.681245
0.685803
0.688313
0.68872
0.68704
0.683286
0.677585
0.670122
0.661225
0.651377
0.641333
0.631958
0.623942
0.617385
0.611767
0.606178
0.599878
0.592618
0.584701
0.576889
0.57016
0.565417
0.563369
0.564257
0.567757
0.573018
0.579072
0.585199
0.591094
0.596898
0.603013
0.609792
0.617362
0.625596
0.634168
0.642736
0.651006
0.658645
0.66526
0.670452
0.67408
0.676467
0.678486
0.681112
0.684902
0.689439
0.693434
0.695525
0.694777
0.691018
0.684546
0.675762
0.664994
0.652409
0.63821
0.62278
0.606655
0.590526
0.57515
0.561382
0.550008
0.541725
0.537047
0.536307
0.539628
0.546912
0.557861
0.571878
0.588022
0.605168
0.622157
0.638001
0.651927
0.663336
0.671884
0.677604
0.68081
0.681901
0.681233
0.679017
0.675412
0.670683
0.665379
0.660253
0.656149
0.653774
0.653366
0.65448
0.656054
0.656708
0.655265
0.651217
0.645006
0.637839
0.631031
0.625427
0.62099
0.616944
0.612336
0.606514
0.599413
0.591555
0.58396
0.577894
0.574531
0.574593
0.578102
0.584238
0.591467
0.597977
0.60211
0.60294
0.600484
0.595749
0.590394
0.586223
0.584572
0.586048
0.590401
0.596691
0.60357
0.609735
0.614325
0.61707
0.618385
0.619206
0.620754
0.624155
0.630172
0.638964
0.649994
0.662087
0.673637
0.68295
0.688589
0.689753
0.686436
0.679362
0.669869
0.659494
0.649594
0.641089
0.634349
0.6293
0.625733
0.623543
0.622801
0.623706
0.626323
0.630422
0.635515
0.640925
0.645865
0.649602
0.651479
0.651055
0.648052
0.642513
0.634818
0.625635
0.615849
0.606326
0.597867
0.591217
0.586996
0.585747
0.587833
0.593314
0.601875
0.612798
0.624968
0.637114
0.64802
0.656763
0.662754
0.665663
0.665458
0.662364
0.656862
0.649588
0.64125
0.632551
0.624086
0.616303
0.609527
0.603999
0.599862
0.597146
0.595831
0.595847
0.597141
0.599624
0.603077
0.606988
0.610578
0.612924
0.613393
0.612005
0.609459
0.60694
0.605722
0.606832
0.610731
0.61725
0.62577
0.635364
0.644983
0.653611
0.66043
0.664978
0.667213
0.667542
0.666652
0.665296
0.664088
0.663279
0.662793
0.662254
0.661213
0.659277
0.656162
0.651777
0.646136
0.63943
0.631932
0.623946
0.615839
0.608018
0.600849
0.594687
0.589832
0.586506
0.584908
0.585114
0.587
0.590223
0.59426
0.598486
0.602386
0.605641
0.60805
0.609469
0.609866
0.609289
0.608042
0.606656
0.605795
0.606133
0.608216
0.612306
0.618243
0.625511
0.633255
0.640436
0.646075
0.649593
0.650915
0.650493
0.649049
0.647365
0.645979
0.645165
0.645029
0.645658
0.647366
0.650491
0.65505
0.660393
0.665226
0.66804
0.667572
0.663318
0.655536
0.645
0.632573
0.618934
0.604566
0.589906
0.5757
0.563364
0.554955
0.552662
0.557789
0.570204
0.588525
0.610858
0.635226
0.659508
0.681365
0.698403
0.7085
0.710287
0.703398
0.688755
0.668882
0.647732
0.629433
0.616378
0.608446
0.604082
0.60189
0.601279
0.602215
0.604877
0.609505
0.616422
0.625838
0.637387
0.649555
0.660018
0.666463
0.667401
0.662564
0.652779
0.639651
0.625157
0.611165
0.599143
0.590134
0.5849
0.584232
0.588918
0.599457
0.615583
0.635861
0.657737
0.677997
0.693544
0.701993
0.702204
0.694476
0.680683
0.663835
0.647033
0.632261
0.620126
0.610517
0.603299
0.598557
0.596373
0.596623
0.598959
0.602945
0.607988
0.613283
0.617952
0.621213
0.622719
0.622716
0.621896
0.621139
0.621228
0.622645
0.625401
0.629075
0.632931
0.636244
0.638541
0.639793
0.640362
0.640703
0.64118
0.641819
0.642222
0.641638
0.639305
0.634872
0.628762
0.622121
0.616357
0.612792
0.612241
0.615019
0.621
0.62961
0.639844
0.650405
0.659736
0.66649
0.669768
0.669281
0.665333
0.658665
0.65031
0.641309
0.632578
0.624716
0.618014
0.612416
0.607723
0.603711
0.600338
0.597753
0.596277
0.596251
0.597923
0.601259
0.605934
0.611342
0.616698
0.621159
0.624035
0.624955
0.623906
0.621387
0.618232
0.615277
0.613091
0.611853
0.611377
0.611307
0.611333
0.611476
0.612031
0.613414
0.615765
0.618838
0.621937
0.624235
0.625134
0.624485
0.622683
0.620467
0.618651
0.61779
0.618021
0.619176
0.62088
0.622817
0.624839
0.626962
0.629177
0.631334
0.632995
0.633716
0.633368
0.632434
0.631878
0.632856
0.636131
0.641737
0.648882
0.656228
0.662335
0.666144
0.667223
0.665792
0.662674
0.658883
0.655418
0.65303
0.652166
0.652831
0.654529
0.656354
0.657319
0.656659
0.654054
0.649548
0.643245
0.63507
0.624886
0.612788
0.599455
0.586503
0.576257
0.571136
0.572819
0.581464
0.595695
0.613167
0.631295
0.647775
0.660779
0.668924
0.671363
0.667819
0.658603
0.644511
0.626841
0.607315
0.588019
0.571335
0.55958
0.554584
0.557194
0.56708
0.58289
0.602619
0.624053
0.645121
0.664023
0.679364
0.690144
0.695714
0.695732
0.690048
0.67891
0.663041
0.643758
0.623027
0.603428
0.587645
0.57799
0.575734
0.580751
0.591627
0.606008
0.621287
0.635155
0.645961
0.652888
0.655964
0.65577
0.653115
0.648803
0.643563
0.637903
0.632274
0.626999
0.622269
0.618149
0.614682
0.611877
0.6097
0.608052
0.606724
0.605382
0.603759
0.601716
0.599385
0.597187
0.595657
0.595181
0.595763
0.597062
0.598745
0.600608
0.6027
0.605258
0.608666
0.61329
0.61943
0.627171
0.636262
0.646189
0.656188
0.66542
0.673107
0.678588
0.681392
0.681168
0.677718
0.671006
0.661211
0.64876
0.634513
0.619703
0.605777
0.594164
0.585882
0.581255
0.579935
0.581125
0.584082
0.58846
0.594407
0.602294
0.612329
0.624164
0.636846
0.648983
0.659139
0.666329
0.670375
0.672069
0.672922
0.674291
0.67654
0.679013
0.680664
0.680612
0.678368
0.673707
0.666505
0.656769
0.644678
0.630668
0.615545
0.600411
0.586645
0.575838
0.569498
0.568713
0.573766
0.584032
0.598165
0.614347
0.630602
0.644996
0.655833
0.661782
0.661988
0.656363
0.645666
0.63147
0.615919
0.601302
0.58956
0.581996
0.579224
0.581304
0.588011
0.598814
0.612757
0.628499
0.644458
0.658966
0.67059
0.678367
0.681852
0.681182
0.676871
0.669762
0.660751
0.650679
0.640193
0.629716
0.619531
0.609935
0.60117
0.59354
0.587307
0.582623
0.579478
0.577686
0.577004
0.577249
0.578449
0.580825
0.584836
0.591002
0.599627
0.610577
0.623179
0.63628
0.648461
0.658285
0.664696
0.667216
0.666168
0.662487
0.657533
0.652719
0.649239
0.647898
0.649112
0.652892
0.658864
0.666386
0.674662
0.682788
0.689882
0.694994
0.697191
0.695579
0.689378
0.678166
0.662082
0.641798
0.618584
0.593999
0.569838
0.547934
0.529983
0.517363
0.511047
0.511391
0.518092
0.530378
0.547179
0.567324
0.589492
0.612131
0.633717
0.65282
0.668386
0.67979
0.686892
0.689874
0.689337
0.686183
0.68147
0.676294
0.671663
0.668155
0.665861
0.664365
0.662932
0.660819
0.657436
0.652482
0.645982
0.638252
0.629718
0.620815
0.611905
0.603188
0.594667
0.586226
0.577789
0.569526
0.562011
0.556339
0.553971
0.556265
0.564025
0.577135
0.594443
0.614024
0.633611
0.651131
0.665072
0.674608
0.679478
0.679873
0.676276
0.669415
0.660231
0.649809
0.639387
0.630257
0.623507
0.61983
0.619295
0.62141
0.625387
0.630433
0.636064
0.642079
0.648274
0.654095
0.658603
0.660666
0.659421
0.65469
0.647133
0.638145
0.629358
0.622001
0.616536
0.612682
0.609819
0.607359
0.604857
0.602041
0.598803
0.595243
0.591651
0.588472
0.586272
0.585688
0.587422
0.59212
0.600179
0.611561
0.625637
0.641176
0.656597
0.670129
0.680221
0.685763
0.686303
0.682053
0.673757
0.662566
0.649813
0.636774
0.624418
0.613241
0.603323
0.594639
0.5874
0.582243
0.580017
0.58139
0.586374
0.594236
0.603766
0.613745
0.623248
0.631655
0.638491
0.64337
0.645974
0.64607
0.643736
0.639449
0.634106
0.628868
0.62478
0.622521
0.622301
0.623947
0.627026
0.631099
0.635807
0.640872
0.646149
0.651596
0.657194
0.662806
0.668049
0.672213
0.67431
0.673357
0.668455
0.659095
0.645278
0.627652
0.607511
0.586793
0.567956
0.553419
0.545087
0.543747
0.549067
0.559875
0.574508
0.591236
0.608486
0.624941
0.639549
0.651699
0.661126
0.667889
0.672309
0.67487
0.67605
0.676227
0.675579
0.674257
0.672276
0.669644
0.666464
0.662874
0.658941
0.654607
0.64972
0.644095
0.637571
0.63009
0.621888
0.613549
0.60589
0.59973
0.595614
0.593773
0.594141
0.596484
0.600543
0.60599
0.612406
0.619212
0.625776
0.631542
0.636084
0.639025
0.640099
0.639162
0.636197
0.631358
0.625154
0.618292
0.611638
0.606127
0.602586
0.601532
0.602976
0.606363
0.610862
0.61559
0.619859
0.623362
0.626049
0.628046
0.629492
0.630585
0.631587
0.632837
0.634523
0.636515
0.638292
0.639036
0.638069
0.635229
0.631039
0.626512
0.622836
0.620902
0.621021
0.622871
0.625722
0.628579
0.63058
0.631089
0.629824
0.626876
0.622544
0.617219
0.611314
0.605197
0.599212
0.593691
0.589053
0.585761
0.584222
0.584688
0.587237
0.591834
0.598481
0.607257
0.618167
0.630961
0.644899
0.658743
0.671108
0.680637
0.686151
0.686871
0.682511
0.673541
0.66117
0.647254
0.633799
0.622524
0.614572
0.610381
0.609692
0.611578
0.61456
0.616889
0.617131
0.61459
0.609443
0.602623
0.595534
0.589749
0.586632
0.587012
0.590948
0.597812
0.606689
0.61663
0.627011
0.637405
0.647482
0.656833
0.664958
0.671373
0.675744
0.677965
0.678214
0.676826
0.674197
0.670595
0.666131
0.660809
0.654539
0.647263
0.639023
0.629978
0.620386
0.61067
0.601392
0.593289
0.587171
0.583902
0.584245
0.588632
0.596799
0.607763
0.619957
0.631651
0.641489
0.648767
0.6534
0.655832
0.656464
0.655226
0.651625
0.6451
0.635554
0.623573
0.61029
0.597199
0.58583
0.577508
0.573171
0.573297
0.577855
0.586372
0.597987
0.611529
0.625647
0.638813
0.64952
0.656421
0.658575
0.655631
0.648013
0.637027
0.624659
0.613185
0.604543
0.59999
0.599918
0.603979
0.611301
0.62082
0.631471
0.642267
0.652473
0.6614
0.668473
0.673236
0.675531
0.675609
0.674139
0.672072
0.670258
0.669165
0.66882
0.668875
0.66893
0.668502
0.666942
0.663359
0.656792
0.646593
0.633012
0.617444
0.602356
0.590597
0.58455
0.585263
0.592071
0.602936
0.615098
0.625895
0.633297
0.636153
0.634271
0.628279
0.619371
0.609046
0.598808
0.589866
0.582867
0.577933
0.574765
0.572976
0.572399
0.573177
0.57557
0.57979
0.585805
0.593346
0.602013
0.611362
0.620833
0.629822
0.637766
0.6443
0.649383
0.653313
0.656537
0.65957
0.662684
0.665752
0.668435
0.670248
0.670796
0.669762
0.667029
0.662675
0.657033
0.650713
0.644626
0.639763
0.636901
0.636314
0.637804
0.640808
0.6446
0.648644
0.652634
0.65643
0.659798
0.662076
0.662309
0.659484
0.653069
0.643374
0.631527
0.619277
0.608304
0.599677
0.593591
0.589599
0.587017
0.585428
0.584928
0.585852
0.588437
0.592532
0.597635
0.603198
0.60886
0.614426
0.619875
0.625141
0.630086
0.63451
0.638178
0.640861
0.642417
0.642797
0.641942
0.63981
0.636316
0.631308
0.624604
0.616152
0.606184
0.595332
0.584644
0.575392
0.568721
0.56535
0.565343
0.568271
0.573409
0.580071
0.587832
0.596427
0.6056
0.614779
0.623241
0.630273
0.635425
0.63868
0.640452
0.641496
0.642553
0.644085
0.646045
0.647952
0.649086
0.648731
0.646513
0.642477
0.637036
0.630816
0.624396
0.618199
0.61257
0.607953
0.605042
0.604792
0.60806
0.615163
0.625585
0.638068
0.650901
0.662335
0.67089
0.675674
0.676536
0.674122
0.669551
0.663825
0.657375
0.650057
0.641804
0.633105
0.624992
0.618685
0.615068
0.614409
0.616384
0.620381
0.625658
0.631549
0.637366
0.642351
0.645632
0.646392
0.644175
0.639074
0.631836
0.623696
0.61594
0.609589
0.605205
0.602936
0.602669
0.604163
0.607057
0.610729
0.614296
0.616851
0.617834
0.617273
0.615797
0.614439
0.614234
0.61581
0.619245
0.624045
0.629505
0.634988
0.640086
0.644622
0.648449
0.651232
0.652466
0.651595
0.648261
0.64238
0.634228
0.624381
0.613661
0.603087
0.593876
0.587321
0.584623
0.586571
0.593385
0.604624
0.61931
0.636037
0.653166
0.669016
0.682068
0.691177
0.69569
0.695583
0.691322
0.683827
0.67418
0.663447
0.652539
0.642147
0.632838
0.624929
0.618657
0.614111
0.611267
0.610076
0.610515
0.612429
0.615389
0.618674
0.621251
0.6222
0.621003
0.617761
0.613075
0.607784
0.602753
0.598709
0.59627
0.595861
0.597547
0.601041
0.60573
0.610868
0.615774
0.620085
0.623739
0.627034
0.630515
0.634798
0.640294
0.647061
0.654565
0.661839
0.667719
0.671152
0.671473
0.668526
0.66251
0.653894
0.643308
0.631459
0.619014
0.606591
0.594645
0.583522
0.573512
0.564855
0.557906
0.553155
0.551267
0.552942
0.558822
0.569193
0.583846
0.601993
0.622387
0.643643
0.664478
0.683821
0.700627
0.71375
0.721807
0.723502
0.718053
0.705567
0.687245
0.665333
0.64272
0.622497
0.607338
0.598804
0.59718
0.601468
0.609823
0.619948
0.629663
0.637095
0.641054
0.641066
0.637471
0.631145
0.623276
0.614889
0.606492
0.598124
0.589512
0.580503
0.571646
0.564408
0.560983
0.563592
0.573397
0.589888
0.611189
0.634762
0.658065
0.678883
0.695495
0.706761
0.712258
0.71219
0.707251
0.69843
0.686712
0.67296
0.657868
0.642126
0.626506
0.611902
0.599341
0.589664
0.583281
0.579908
0.578657
0.578256
0.577363
0.575107
0.571303
0.56668
0.562762
0.56158
0.564918
0.573593
0.587062
0.603566
0.620803
0.636568
0.649267
0.657991
0.662502
0.663063
0.660338
0.655279
0.64909
0.643039
0.638246
0.635533
0.635294
0.637489
0.641796
0.647612
0.654191
0.660572
0.665563
0.668046
0.667172
0.66264
0.654744
0.644404
0.632885
0.621685
0.612278
0.605694
0.602422
0.602419
0.605127
0.609672
0.615093
0.620554
0.625396
0.629093
0.631131
0.631057
0.628703
0.62447
0.619268
0.614302
0.610781
0.609544
0.610872
0.614465
0.619535
0.624984
0.629678
0.632729
0.633711
0.63265
0.630129
0.627089
0.624504
0.623075
0.622967
0.623782
0.624783
0.625266
0.624772
0.623281
0.620989
0.618287
0.615636
0.613475
0.612101
0.611645
0.612137
0.613434
0.615342
0.617792
0.620828
0.62464
0.629375
0.634841
0.640367
0.644917
0.64734
0.646834
0.643166
0.636708
0.62828
0.618982
0.61007
0.602689
0.597664
0.59539
0.595863
0.59883
0.60392
0.610794
0.619028
0.627987
0.636862
0.644669
0.650549
0.653988
0.654988
0.654027
0.651957
0.649685
0.647805
0.646359
0.644867
0.642528
0.638613
0.632796
0.625187
0.616378
0.607211
0.598636
0.591549
0.586641
0.584354
0.584752
0.587591
0.592388
0.598487
0.605141
0.611616
0.617192
0.621325
0.623654
0.624048
0.622553
0.619408
0.615037
0.610007
0.60495
0.600599
0.597608
0.596447
0.597244
0.599702
0.603073
0.606285
0.608233
0.608093
0.605646
0.601414
0.596644
0.592926
0.591811
0.594273
0.600477
0.609751
0.620909
0.632574
0.643571
0.653156
0.660986
0.666941
0.67108
0.673495
0.674232
0.673309
0.670775
0.666813
0.661685
0.65584
0.649785
0.644011
0.638877
0.6344
0.630277
0.626035
0.621334
0.616194
0.61119
0.607245
0.605262
0.605632
0.608041
0.611609
0.615232
0.61802
0.619554
0.620014
0.620114
0.620833
0.623081
0.627379
0.633704
0.641376
0.649334
0.656371
0.661425
0.663707
0.662853
0.658868
0.652075
0.643159
0.633098
0.623109
0.614393
0.607813
0.603637
0.6014
0.600058
0.598404
0.595524
0.591143
0.585735
0.580425
0.576569
0.575287
0.577162
0.582199
0.589967
0.599655
0.610342
0.621039
0.630707
0.63853
0.643904
0.646621
0.646866
0.64511
0.642023
0.638397
0.635027
0.632545
0.631448
0.63199
0.634219
0.638037
0.643195
0.649303
0.655755
0.661708
0.666226
0.66861
0.668586
0.66649
0.663234
0.660022
0.65785
0.657019
0.657142
0.657354
0.656786
0.654759
0.650828
0.644771
0.636713
0.627235
0.617312
0.608078
0.600405
0.594725
0.590942
0.588644
0.587254
0.586166
0.584801
0.582863
0.580602
0.578928
0.579257
0.582987
0.590896
0.602804
0.617694
0.634047
0.650249
0.664765
0.676243
0.683707
0.68659
0.68477
0.678558
0.668557
0.655542
0.64039
0.623993
0.607306
0.591443
0.577603
0.567011
0.560662
0.559086
0.562206
0.569379
0.579627
0.591797
0.604842
0.617956
0.630608
0.642565
0.653718
0.66395
0.673015
0.680593
0.686367
0.690029
0.691293
0.689937
0.68577
0.678671
0.668701
0.656159
0.64161
0.625839
0.60977
0.594413
0.580722
0.569634
0.562165
0.55934
0.562093
0.570983
0.585681
0.60473
0.625726
0.645852
0.662699
0.674873
0.682107
0.685105
0.684992
0.682743
0.678781
0.672963
0.664835
0.653969
0.64033
0.624512
0.607638
0.591237
0.577031
0.566663
0.561339
0.561608
0.5673
0.577639
0.591421
0.607293
0.623953
0.640305
0.655513
0.66889
0.679854
0.687778
0.692056
0.692247
0.688257
0.680587
0.670483
0.659593
0.649624
0.64178
0.636429
0.633143
0.631025
0.628951
0.62596
0.621474
0.615402
0.607983
0.599743
0.591437
0.584075
0.578839
0.576893
0.5791
0.585646
0.595935
0.608696
0.622275
0.635006
0.645462
0.652641
0.656076
0.655856
0.652668
0.647679
0.642308
0.637846
0.635105
0.634441
0.635728
0.63854
0.64226
0.646147
0.649385
0.651148
0.65065
0.64723
0.640544
0.630699
0.618358
0.604622
0.590908
0.578651
0.569087
0.563258
0.562032
0.566028
0.575357
0.589461
0.606976
0.625937
0.644097
0.659371
0.670233
0.675948
0.676601
0.672921
0.666125
0.657635
0.648713
0.640383
0.633405
0.628346
0.625642
0.625542
0.627885
0.631912
0.636364
0.639832
0.641084
0.639285
0.634246
0.626358
0.616474
0.605729
0.595307
0.58632
0.579666
0.57587
0.575171
0.577548
0.582869
0.590897
0.601321
0.613555
0.626704
0.639639
0.651096
0.659815
0.664782
0.66545
0.66197
0.655306
0.647137
0.639446
0.633945
0.63155
0.632056
0.634357
0.636878
0.638164
0.637313
0.634127
0.629073
0.623134
0.617504
0.613239
0.610968
0.610791
0.612289
0.614771
0.61758
0.620318
0.622889
0.625457
0.628274
0.631449
0.63483
0.638085
0.640837
0.642676
0.6433
0.642438
0.63995
0.635729
0.629758
0.622253
0.613843
0.605718
0.599519
0.596818
0.598309
0.603304
0.609881
0.615904
0.620012
0.622067
0.622876
0.623677
0.625637
0.62939
0.634964
0.641828
0.649102
0.655789
0.660825
0.663365
0.662975
0.659805
0.65467
0.648916
0.644083
0.641317
0.640822
0.641832
0.642919
0.642542
0.639592
0.633706
0.625309
0.615488
0.605623
0.59701
0.590516
0.586418
0.584383
0.58366
0.583394
0.582993
0.582197
0.581075
0.580006
0.579528
0.580294
0.582925
0.587965
0.595735
0.606219
0.618955
0.633081
0.647408
0.660566
0.671235
0.678411
0.681579
0.680738
0.676496
0.669995
0.66258
0.655468
0.649422
0.644445
0.639954
0.635202
0.629624
0.623272
0.616732
0.610986
0.607113
0.605996
0.608059
0.613111
0.620336
0.628425
0.635815
0.641151
0.643541
0.642758
0.639183
0.633633
0.627173
0.620733
0.614853
0.609589
0.604623
0.599668
0.594739
0.590375
0.587606
0.587512
0.590916
0.597982
0.608106
0.61998
0.631932
0.642225
0.649378
0.652462
0.651207
0.64602
0.637976
0.628519
0.61918
0.611392
0.606273
0.604526
0.606429
0.611882
0.620422
0.631156
0.642767
0.653699
0.662376
0.667514
0.668313
0.664557
0.656684
0.645815
0.633754
0.622801
0.61505
0.611641
0.612416
0.616064
0.620688
0.62447
0.626093
0.624999
0.62141
0.61615
0.610375
0.605236
0.601753
0.600677
0.602394
0.606927
0.613965
0.622849
0.632619
0.642171
0.650388
0.656317
0.659202
0.65862
0.654491
0.647124
0.637067
0.625176
0.612602
0.600747
0.591047
0.584821
0.582812
0.584885
0.590099
0.596859
0.603368
0.608009
0.609774
0.608534
0.605102
0.601125
0.598671
0.599645
0.605172
0.615359
0.629279
0.645289
0.6615
0.676062
0.687652
0.695739
0.70056
0.702784
0.702897
0.700754
0.695803
0.687612
0.676222
0.662243
0.646765
0.631066
0.616465
0.604195
0.595336
0.590675
0.590504
0.594557
0.602028
0.611614
0.621827
0.631375
0.63929
0.645064
0.648511
0.649624
0.648476
0.645073
0.639331
0.631194
0.62072
0.608249
0.594545
0.580712
0.568045
0.557877
0.551344
0.549184
0.551734
0.559043
0.570808
0.586391
0.604653
0.624029
0.642689
0.658838
0.671042
0.678487
0.681142
0.679674
0.675215
0.669085
0.662294
0.655385
0.648432
0.641412
0.634371
0.627471
0.620951
0.61509
0.610168
0.606636
0.605045
0.605954
0.609614
0.615631
0.622942
0.630013
0.635294
0.637613
0.636467
0.632145
0.625561
0.61798
0.610642
0.604454
0.599906
0.597318
0.597268
0.600733
0.609017
0.622898
0.641768
0.663426
0.684715
0.702587
0.715
0.721048
0.720787
0.714901
0.704414
0.690415
0.673919
0.655889
0.637238
0.619004
0.602315
0.588357
0.578097
0.572158
0.570549
0.572653
0.577354
0.583334
0.589289
0.594287
0.597789
0.599661
0.600211
0.599989
0.59968
0.599908
0.60096
0.602828
0.605141
0.607409
0.609216
0.610357
0.610998
0.611623
0.612723
0.614529
0.61688
0.619464
0.6224
0.626477
0.632774
0.641821
0.652895
0.66404
0.672912
0.677637
0.677336
0.672161
0.663035
0.651382
0.638798
0.626772
0.616391
0.60838
0.603051
0.600573
0.601053
0.604622
0.61128
0.620717
0.63215
0.644284
0.6555
0.664064
0.668639
0.668625
0.664216
0.656442
0.646764
0.636717
0.627589
0.620337
0.615684
0.614096
0.615756
0.620503
0.627806
0.636794
0.646355
0.65537
0.66277
0.667627
0.66927
0.667376
0.661988
0.653649
0.64339
0.632614
0.622722
0.614788
0.60924
0.605865
0.603943
0.602654
0.601375
0.59978
0.597793
0.595434
0.592639
0.589314
0.58547
0.581479
0.578287
0.577323
0.580091
0.587428
0.59914
0.614075
0.630567
0.646857
0.661394
0.672962
0.680806
0.684658
0.684575
0.680988
0.674538
0.666013
0.656221
0.645862
0.635514
0.625529
0.616158
0.607729
0.60075
0.595938
0.594055
0.595697
0.60097
0.609352
0.61984
0.631177
0.64216
0.651809
0.659424
0.664685
0.667603
0.668403
0.667228
0.66408
0.658763
0.65111
0.641265
0.630062
0.618937
0.60967
0.603775
0.601711
0.602711
0.605293
0.608033
0.610021
0.61099
0.611025
0.610387
0.609482
0.608814
0.608909
0.610054
0.612032
0.613994
0.614783
0.613506
0.610191
0.606196
0.603806
0.60538
0.612138
0.623522
0.637386
0.650959
0.662065
0.669652
0.673684
0.674636
0.672894
0.668576
0.661622
0.652192
0.640975
0.629308
0.618874
0.611269
0.607421
0.607372
0.610385
0.615284
0.620844
0.626037
0.630175
0.632852
0.633866
0.633153
0.630857
0.627383
0.623479
0.62003
0.617838
0.617264
0.618149
0.62002
0.622498
0.625501
0.629249
0.634035
0.640033
0.64714
0.654976
0.662817
0.669872
0.675385
0.678623
0.678901
0.675709
0.668705
0.657955
0.643938
0.627669
0.610593
0.594385
0.580645
0.570549
0.564724
0.563367
0.566347
0.573379
0.583827
0.596564
0.609983
0.622188
0.631418
0.636397
0.636644
0.632621
0.625736
0.618157
0.612262
0.609907
0.611869
0.617765
0.626349
0.635961
0.644968
0.652156
0.656825
0.65882
0.658436
0.656334
0.653346
0.650346
0.648182
0.647456
0.648414
0.650875
0.654249
0.657572
0.659607
0.659059
0.654784
0.646079
0.632886
0.616024
0.597129
0.578478
0.562691
0.552365
0.549538
0.555196
0.568961
0.589072
0.612729
0.636707
0.657988
0.674195
0.683868
0.686533
0.682704
0.673792
0.661967
0.649746
0.63954
0.633009
0.630656
0.631714
0.634595
0.637542
0.639177
0.638738
0.635972
0.630936
0.623849
0.615072
0.605195
0.595105
0.586019
0.579266
0.576078
0.577337
0.583399
0.593968
0.60807
0.624324
0.641055
0.656486
0.669044
0.677463
0.680796
0.678705
0.671443
0.659986
0.64614
0.63234
0.621322
0.615441
0.615974
0.622634
0.633774
0.646988
0.659919
0.670794
0.678795
0.68396
0.687023
0.688969
0.690522
0.691725
0.691882
0.690039
0.685374
0.677393
0.665949
0.651148
0.633367
0.613352
0.592458
0.572739
0.556602
0.546202
0.542656
0.54572
0.55405
0.565825
0.57924
0.592803
0.605399
0.616151
0.624508
0.63015
0.632938
0.632974
0.63053
0.626168
0.620744
0.615152
0.610043
0.605613
0.601705
0.598233
0.595513
0.59431
0.595457
0.599536
0.606669
0.616497
0.628245
0.640819
0.652901
0.663316
0.671374
0.676911
0.680155
0.68157
0.681773
0.681522
0.681677
0.682933
0.685533
0.689062
0.692543
0.694742
0.694612
0.691622
0.685678
0.676942
0.665493
0.651336
0.634675
0.616184
0.597088
0.578916
0.563252
0.551349
0.544016
0.54164
0.544174
0.551194
0.561895
0.575091
0.589349
0.603257
0.615694
0.625932
0.633703
0.639084
0.64224
0.643393
0.642817
0.640805
0.637701
0.633796
0.62936
0.624548
0.619453
0.614144
0.608749
0.60353
0.598815
0.595001
0.592512
0.591693
0.592745
0.595671
0.600265
0.606211
0.612991
0.619932
0.626316
0.631467
0.63493
0.636735
0.63732
0.637454
0.637995
0.639539
0.642252
0.645745
0.649267
0.652044
0.653571
0.653703
0.652655
0.65077
0.648404
0.645672
0.642439
0.638371
0.633181
0.626826
0.619774
0.613057
0.608005
0.605866
0.607298
0.612183
0.619723
0.628807
0.638294
0.647178
0.654668
0.660175
0.663393
0.664286
0.663026
0.659949
0.655449
0.649983
0.643903
0.637533
0.63107
0.624587
0.618094
0.611625
0.605425
0.600111
0.596458
0.594911
0.595169
0.596199
0.596734
0.595882
0.593478
0.590128
0.586981
0.585463
0.586897
0.592144
0.601318
0.613741
0.627979
0.64224
0.65484
0.664623
0.671226
0.674915
0.676297
0.675999
0.674412
0.671748
0.66826
0.664344
0.660518
0.657414
0.655602
0.655376
0.656558
0.658467
0.660051
0.660118
0.657639
0.651957
0.643173
0.632101
0.620202
0.609182
0.600512
0.595182
0.593475
0.594965
0.598727
0.60357
0.60834
0.61201
0.613895
0.613655
0.611323
0.607178
0.60162
0.595194
0.588663
0.583027
0.579467
0.579006
0.582138
0.588692
0.597918
0.608819
0.620483
0.632043
0.642668
0.651565
0.658079
0.661798
0.66267
0.661112
0.657873
0.653867
0.649913
0.646504
0.643661
0.64104
0.638188
0.63472
0.630491
0.625536
0.620022
0.614109
0.607872
0.601438
0.595158
0.589737
0.586311
0.586129
0.59018
0.598728
0.610999
0.625345
0.639737
0.65226
0.66146
0.666567
0.667515
0.664956
0.660088
0.654597
0.650225
0.648227
0.649045
0.652323
0.657255
0.662965
0.668702
0.673792
0.677581
0.679406
0.678455
0.674053
0.665762
0.653568
0.637869
0.619495
0.599522
0.579217
0.560029
0.543483
0.531113
0.524311
0.524119
0.530964
0.544397
0.563086
0.584956
0.607512
0.628192
0.644795
0.655798
0.660517
0.659228
0.652998
0.643528
0.632733
0.622444
0.614179
0.609092
0.608051
0.611579
0.619804
0.632337
0.648138
0.665555
0.682457
0.696498
0.705492
0.707701
0.702184
0.688985
0.669213
0.644959
0.619008
0.594453
0.574193
0.560437
0.554371
0.555962
0.564118
0.576992
0.592412
0.608329
0.623158
0.635989
0.646631
0.655372
0.662685
0.668845
0.673747
0.676886
0.677584
0.675273
0.669811
0.661638
0.651648
0.640915
0.630233
0.619964
0.609944
0.599612
0.588384
0.576026
0.56292
0.550259
0.539807
0.533525
0.533034
0.539149
0.551595
0.568921
0.588897
0.608918
0.626614
0.640276
0.64916
0.653467
0.654098
0.652415
0.649927
0.647968
0.647534
0.649078
0.652528
0.657322
0.662647
0.667599
0.671366
0.673428
0.673558
0.671732
0.668076
0.6628
0.656105
0.648169
0.639134
0.629158
0.618416
0.607282
0.596408
0.586709
0.579151
0.574423
0.572647
0.57347
0.576381
0.580914
0.586708
0.593379
0.600514
0.607755
0.614934
0.622068
0.629276
0.636616
0.643908
0.650774
0.656728
0.661435
0.664945
0.667813
0.670953
0.675121
0.680487
0.686529
0.692246
0.696602
0.698813
0.69838
0.695052
0.688782
0.679613
0.667802
0.653975
0.639255
0.625101
0.612877
0.603556
0.597375
0.593862
0.592078
0.591054
0.590107
0.588958
0.587565
0.585945
0.584006
0.581431
0.577808
0.572771
0.566245
0.558489
0.550127
