1 1 0
2 1.40638 0.00473538
3 1.72611 0.00599851
4 1.99955 0.00723876
5 2.24003 0.00824277
6 2.44202 0.00908548
7 2.63965 0.00985004
8 2.82671 0.0105926
9 2.99788 0.011359
10 3.16264 0.0119493
11 3.31326 0.0125356
12 3.46422 0.0130869
13 3.60097 0.0135957
14 3.7298 0.014206
15 3.85509 0.0147199
16 3.97812 0.0151391
17 4.08522 0.0156098
18 4.19466 0.0159846
19 4.30654 0.016472
20 4.41613 0.0169221
21 4.51956 0.0172959
22 4.62005 0.0177337
23 4.73228 0.0181133
24 4.84328 0.0185531
25 4.94803 0.0189349
26 5.05342 0.0193795
27 5.15194 0.0198224
28 5.24885 0.0202466
29 5.35485 0.0207306
30 5.44481 0.02107
31 5.5261 0.0214059
32 5.62359 0.0217652
33 5.70866 0.0221194
34 5.79799 0.0225253
35 5.88518 0.0227354
36 5.95599 0.0229562
37 6.03376 0.0233242
38 6.10358 0.0235371
39 6.1871 0.023797
40 6.2621 0.0241407
41 6.34678 0.0245053
42 6.42595 0.0248169
43 6.49808 0.0251695
44 6.56537 0.0253874
45 6.64097 0.0256919
46 6.71746 0.0260156
47 6.79467 0.0263387
48 6.85521 0.0265855
49 6.92061 0.0268683
50 6.99066 0.0271228
51 7.0558 0.0274309
52 7.12618 0.0276849
53 7.18468 0.0278629
54 7.25535 0.0280421
55 7.31497 0.028233
56 7.38223 0.0284416
57 7.44992 0.0287023
58 7.52226 0.0289631
59 7.59988 0.0292065
60 7.66059 0.0294403
61 7.73944 0.0297894
62 7.79977 0.0300793
63 7.85657 0.0303105
64 7.91839 0.0306579
65 7.98135 0.0309346
66 8.04317 0.0311966
67 8.11154 0.0314808
68 8.16901 0.0317743
69 8.2246 0.0320338
70 8.28117 0.0322173
71 8.34314 0.0323378
72 8.39684 0.0325199
73 8.45334 0.0327035
74 8.50863 0.0328626
75 8.57249 0.0330229
76 8.6424 0.033309
77 8.68812 0.033439
78 8.74695 0.0336614
79 8.80875 0.0339939
80 8.86305 0.0342422
81 8.92882 0.0343922
82 8.99106 0.0345287
83 9.05093 0.0348081
84 9.09784 0.0349177
85 9.15365 0.0351501
86 9.20966 0.0353005
87 9.25841 0.0355076
88 9.31415 0.0356744
89 9.36428 0.0358227
90 9.42569 0.0360038
91 9.48562 0.0362114
92 9.53165 0.0363193
93 9.58646 0.0365461
94 9.63116 0.036738
95 9.67873 0.0369818
96 9.72602 0.0371691
97 9.7849 0.0374299
98 9.83157 0.0376373
99 9.87648 0.0378361
100 9.91856 0.0379897
