1 1 0
2 1.41096 0.00608313
3 1.73292 0.00586746
4 2.00435 0.00782357
5 2.24829 0.00813231
6 2.46414 0.00949171
7 2.66109 0.0098933
8 2.84229 0.0108738
9 3.01208 0.0112411
10 3.17717 0.0121094
11 3.32169 0.01255
12 3.4686 0.0131993
13 3.61367 0.0137295
14 3.75678 0.0144009
15 3.89117 0.0148219
16 4.00792 0.0153265
17 4.13246 0.0156918
18 4.24688 0.0161738
19 4.36087 0.0166205
20 4.48011 0.0171754
21 4.57598 0.01755
22 4.68587 0.0180451
23 4.79531 0.0184603
24 4.89626 0.0189618
25 4.99854 0.0192664
26 5.08449 0.0196942
27 5.18772 0.0199993
28 5.29114 0.0204026
29 5.39129 0.0207385
30 5.47993 0.0210748
31 5.56809 0.0214251
32 5.65457 0.0217693
33 5.74364 0.022058
34 5.83537 0.0224508
35 5.91941 0.022788
36 6.00398 0.0231674
37 6.08298 0.0234315
38 6.17092 0.0238864
39 6.26351 0.0243181
40 6.34276 0.0246395
41 6.4164 0.0249672
42 6.48931 0.0253015
43 6.56261 0.0255951
44 6.63667 0.0258121
45 6.70357 0.0260314
46 6.77529 0.0263253
47 6.83784 0.026532
48 6.91536 0.02689
49 6.98945 0.0270978
50 7.05205 0.0273099
51 7.1286 0.0276042
52 7.20357 0.0279467
53 7.26896 0.0282403
54 7.33609 0.0285089
55 7.4012 0.0287067
56 7.47333 0.029047
57 7.53279 0.0293243
58 7.60396 0.0296143
59 7.67711 0.0298376
60 7.74795 0.030099
61 7.81538 0.0304186
62 7.87994 0.0307803
63 7.94911 0.0308895
64 8.01415 0.0311967
65 8.07882 0.0313758
66 8.14788 0.0316153
67 8.2016 0.0317641
68 8.26133 0.0320262
69 8.32644 0.0323138
70 8.39434 0.0326013
71 8.46836 0.0328693
72 8.51368 0.0330673
73 8.56238 0.0332344
74 8.62511 0.0335411
75 8.6802 0.0337501
76 8.74311 0.0339918
77 8.80139 0.0341583
78 8.8614 0.0344535
79 8.91177 0.0345271
80 8.97407 0.034742
81 9.02762 0.0349167
82 9.08369 0.0352179
83 9.1435 0.0353693
84 9.2007 0.035656
85 9.2527 0.0358779
86 9.3146 0.0361486
87 9.36375 0.0363113
88 9.42287 0.0364946
89 9.48239 0.0367074
90 9.53153 0.0368432
91 9.59603 0.0370649
92 9.64559 0.0372479
93 9.70021 0.0374516
94 9.74454 0.0376008
95 9.79976 0.037837
96 9.85496 0.0380866
97 9.90412 0.0382381
98 9.96266 0.0385444
99 10.0132 0.0386416
100 10.059 0.0388628
