100   -0.315832   0
200   -0.306481   0.00661196
300   -0.308893   0.00482785
400   -0.310486   0.00387493
500   -0.312552   0.00360874
600   -0.3109   0.00336404
700   -0.307891   0.00400954
800   -0.308582   0.00356743
900   -0.311222   0.00403129
1000   -0.314151   0.00456974
1100   -0.315901   0.00447685
1200   -0.318245   0.00467758
1300   -0.321376   0.0052623
1400   -0.32329   0.00522269
1500   -0.326762   0.00591704
1600   -0.330431   0.00658744
1700   -0.331882   0.00635776
1800   -0.332728   0.00606061
1900   -0.33354   0.00579571
2000   -0.334747   0.00563027
2100   -0.336109   0.00552449
2200   -0.337432   0.0054293
2300   -0.338962   0.00540459
2400   -0.340422   0.00537313
2500   -0.341098   0.00520056
2600   -0.341423   0.00501063
2700   -0.342985   0.00506269
2800   -0.344138   0.00501146
2900   -0.345256   0.00496176
3000   -0.346071   0.00486299
3100   -0.346636   0.00473878
3200   -0.348292   0.0048716
3300   -0.349135   0.00479634
3400   -0.3496   0.00467769
3500   -0.350826   0.00470201
3600   -0.352117   0.00474539
3700   -0.353826   0.00491534
3800   -0.355129   0.00495571
3900   -0.356932   0.00514591
4000   -0.3594   0.00557781
4100   -0.360687   0.00558826
4200   -0.361724   0.00555063
4300   -0.363855   0.00581634
4400   -0.365714   0.00597388
4500   -0.36695   0.00596749
4600   -0.36787   0.00590827
4700   -0.36839   0.00580539
4800   -0.368983   0.00571471
4900   -0.369307   0.00560727
5000   -0.369602   0.00550284
5100   -0.369923   0.00540431
5200   -0.369695   0.00530519
5300   -0.368769   0.00528526
5400   -0.368397   0.00520048
5500   -0.368387   0.00510594
5600   -0.36781   0.00504731
5700   -0.367662   0.00496091
5800   -0.367682   0.00487541
5900   -0.367845   0.00479549
6000   -0.367614   0.00472116
6100   -0.367233   0.00465911
6200   -0.367494   0.00459132
6300   -0.36803   0.00454958
6400   -0.368053   0.00447855
6500   -0.368424   0.00442497
6600   -0.368803   0.00437412
6700   -0.369247   0.00433137
6800   -0.369561   0.00427901
6900   -0.369752   0.00422124
7000   -0.36971   0.00416114
7100   -0.369042   0.0041558
7200   -0.368792   0.00410556
7300   -0.368508   0.00405912
7400   -0.368037   0.00403155
7500   -0.367678   0.0039937
7600   -0.367389   0.00395162
7700   -0.366804   0.00394339
7800   -0.366345   0.00391947
7900   -0.365997   0.00388525
8000   -0.365484   0.00387046
8100   -0.364677   0.00390591
8200   -0.364205   0.00388665
8300   -0.363751   0.00386621
8400   -0.363434   0.00383315
8500   -0.363037   0.00380865
8600   -0.362525   0.00379859
8700   -0.362271   0.00376336
8800   -0.362014   0.00372942
8900   -0.361834   0.00369183
9000   -0.361338   0.00368407
9100   -0.360913   0.00366798
9200   -0.360725   0.00363293
9300   -0.360342   0.00361394
9400   -0.36006   0.00358653
9500   -0.360235   0.00355305
9600   -0.360032   0.00352181
9700   -0.35982   0.00349187
9800   -0.359811   0.00345625
9900   -0.359807   0.00342134
10000   -0.359644   0.00339102
10100   -0.359578   0.00335808
10200   -0.359727   0.00332844
10300   -0.359946   0.0033033
10400   -0.359909   0.00327173
10500   -0.359849   0.00324114
10600   -0.359896   0.00321091
10700   -0.360008   0.00318285
10800   -0.360117   0.00315525
10900   -0.360169   0.00312673
11000   -0.360108   0.0030989
11100   -0.360218   0.00307294
11200   -0.36044   0.0030535
11300   -0.360707   0.00303813
11400   -0.360911   0.00301831
11500   -0.361019   0.00299401
11600   -0.361422   0.00299517
11700   -0.36185   0.00299995
11800   -0.362328   0.00301232
11900   -0.362875   0.00303642
12000   -0.363202   0.00302859
12100   -0.363378   0.00300869
12200   -0.363654   0.00299663
12300   -0.363966   0.00298848
12400   -0.364137   0.00296927
12500   -0.364099   0.00294576
12600   -0.363885   0.00293013
12700   -0.363657   0.00291594
12800   -0.363561   0.00289472
12900   -0.363357   0.00287949
13000   -0.363137   0.00286574
13100   -0.362968   0.00284884
13200   -0.362843   0.00282998
13300   -0.362714   0.00281163
13400   -0.362608   0.00279267
13500   -0.362553   0.00277252
13600   -0.36247   0.00275336
13700   -0.362424   0.00273365
13800   -0.362408   0.00271389
13900   -0.362211   0.00270153
14000   -0.362171   0.00268253
14100   -0.362214   0.00266386
14200   -0.362259   0.00264547
14300   -0.362299   0.00262727
14400   -0.362181   0.00261168
14500   -0.362279   0.0025955
14600   -0.362262   0.00257778
14700   -0.362138   0.0025632
14800   -0.362294   0.0025506
14900   -0.362372   0.00253469
15000   -0.362328   0.00251818
15100   -0.362308   0.00250158
15200   -0.362214   0.00248692
15300   -0.362198   0.00247071
15400   -0.362186   0.0024547
15500   -0.362056   0.00244228
15600   -0.361755   0.0024451
15700   -0.361479   0.00244507
15800   -0.36131   0.00243545
15900   -0.361212   0.00242212
16000   -0.361083   0.00241038
16100   -0.360906   0.00240191
16200   -0.360678   0.00239786
16300   -0.360423   0.00239669
16400   -0.360238   0.00238923
16500   -0.360153   0.00237626
16600   -0.36011   0.00236234
16700   -0.360057   0.00234877
16800   -0.360013   0.0023352
16900   -0.35995   0.00232225
17000   -0.359959   0.00230861
17100   -0.360127   0.0023012
17200   -0.36011   0.00228788
17300   -0.36029   0.00228175
17400   -0.3605   0.00227831
17500   -0.360489   0.00226532
17600   -0.36042   0.00225349
17700   -0.360529   0.00224341
17800   -0.360634   0.00223326
17900   -0.360754   0.00222399
18000   -0.360765   0.00221166
18100   -0.360602   0.00220546
18200   -0.36048   0.00219672
18300   -0.360394   0.0021864
18400   -0.360347   0.00217503
18500   -0.360276   0.00216443
18600   -0.360132   0.00215754
18700   -0.359948   0.00215385
18800   -0.359862   0.00214411
18900   -0.359974   0.00213569
19000   -0.360157   0.00213228
19100   -0.360313   0.0021268
19200   -0.360312   0.00211572
19300   -0.360588   0.00212268
19400   -0.36079   0.00212138
19500   -0.361062   0.00212778
19600   -0.361377   0.00214015
19700   -0.361594   0.00214024
19800   -0.361808   0.00214007
19900   -0.362046   0.00214259
20000   -0.362235   0.00214017
20100   -0.362396   0.00213555
20200   -0.362677   0.00214339
20300   -0.362825   0.00213797
20400   -0.362927   0.0021299
20500   -0.363031   0.00212205
20600   -0.363338   0.0021338
20700   -0.36357   0.00213613
20800   -0.363797   0.00213786
20900   -0.364201   0.00216551
21000   -0.364244   0.00215563
21100   -0.364511   0.00216188
21200   -0.364857   0.00217922
21300   -0.364979   0.00217238
21400   -0.365188   0.00217226
21500   -0.365321   0.00216625
21600   -0.365424   0.00215866
21700   -0.365616   0.00215718
21800   -0.365847   0.00215965
21900   -0.365916   0.00215088
22000   -0.365927   0.00214113
22100   -0.365941   0.00213149
22200   -0.365893   0.00212243
22300   -0.365936   0.00211336
22400   -0.365962   0.00210409
22500   -0.365927   0.00209503
22600   -0.365692   0.00209893
22700   -0.36552   0.00209668
22800   -0.365385   0.00209188
22900   -0.365364   0.00208285
23000   -0.365381   0.00207387
23100   -0.365319   0.00206584
23200   -0.365258   0.00205783
23300   -0.365278   0.0020491
23400   -0.365302   0.00204047
23500   -0.365315   0.00203183
23600   -0.365322   0.00202323
23700   -0.365358   0.00201502
23800   -0.365312   0.00200708
23900   -0.365415   0.0020013
24000   -0.365459   0.00199344
24100   -0.365546   0.00198708
24200   -0.365634   0.00198081
24300   -0.365632   0.00197266
24400   -0.365558   0.00196596
24500   -0.365583   0.0019581
24600   -0.365706   0.001954
24700   -0.365623   0.00194786
24800   -0.365684   0.00194095
24900   -0.36577   0.00193509
25000   -0.365711   0.00192825
25100   -0.365624   0.00192255
25200   -0.365716   0.00191715
25300   -0.365742   0.00190974
25400   -0.365779   0.00190258
25500   -0.365852   0.00189655
25600   -0.365888   0.00188947
25700   -0.365797   0.00188431
25800   -0.365698   0.00187963
25900   -0.365571   0.00187666
26000   -0.365404   0.00187682
26100   -0.365212   0.00187941
26200   -0.364937   0.00189225
26300   -0.364722   0.00189721
26400   -0.364411   0.00191532
26500   -0.364243   0.0019155
26600   -0.364117   0.00191242
26700   -0.364005   0.00190851
26800   -0.363949   0.00190223
26900   -0.364025   0.00189667
27000   -0.36383   0.00189961
27100   -0.363848   0.00189268
27200   -0.364066   0.00189824
27300   -0.364299   0.00190552
27400   -0.364352   0.0018993
27500   -0.364393   0.00189284
27600   -0.36451   0.00188958
27700   -0.364518   0.00188278
27800   -0.364539   0.00187612
27900   -0.364547   0.00186942
28000   -0.36446   0.00186476
28100   -0.364295   0.00186538
28200   -0.364221   0.00186025
28300   -0.364193   0.00185387
28400   -0.364094   0.00185004
28500   -0.363989   0.00184651
28600   -0.363919   0.00184137
28700   -0.363865   0.00183575
28800   -0.363614   0.00184643
28900   -0.363538   0.0018416
29000   -0.363507   0.00183551
29100   -0.363423   0.00183114
29200   -0.363323   0.00182757
29300   -0.363316   0.00182135
29400   -0.363297   0.00181526
29500   -0.36324   0.00181
29600   -0.363243   0.00180388
29700   -0.363194   0.00179847
29800   -0.363084   0.00179576
29900   -0.363   0.00179173
30000   -0.362991   0.00178578
30100   -0.362967   0.00178001
30200   -0.36299   0.00177426
30300   -0.363022   0.00176871
30400   -0.363006   0.00176297
30500   -0.363059   0.001758
30600   -0.363121   0.00175335
30700   -0.363106   0.0017477
30800   -0.363032   0.00174359
30900   -0.363203   0.00174623
31000   -0.363197   0.00174061
31100   -0.363036   0.00174237
31200   -0.363042   0.0017368
31300   -0.363151   0.00173466
31400   -0.363174   0.00172929
31500   -0.363121   0.00172462
31600   -0.363142   0.00171929
31700   -0.363078   0.00171505
31800   -0.363108   0.00170993
31900   -0.363126   0.00170466
32000   -0.363221   0.00170197
32100   -0.363337   0.00170061
32200   -0.36333   0.00169534
32300   -0.363282   0.00169075
32400   -0.363223   0.00168656
32500   -0.363171   0.00168217
32600   -0.3632   0.00167727
32700   -0.363186   0.0016722
32800   -0.363118   0.00166849
32900   -0.363059   0.00166446
33000   -0.363045   0.00165948
33100   -0.362973   0.001656
33200   -0.362939   0.00165138
33300   -0.362902   0.00164682
33400   -0.362802   0.00164495
33500   -0.362736   0.00164134
33600   -0.362753   0.00163655
33700   -0.362776   0.00163185
33800   -0.362809   0.00162736
33900   -0.362794   0.00162263
34000   -0.362872   0.00161972
34100   -0.363043   0.00162396
34200   -0.363215   0.0016283
34300   -0.363349   0.00162907
34400   -0.363521   0.00163331
34500   -0.363693   0.0016376
34600   -0.363848   0.00164025
34700   -0.364034   0.00164603
34800   -0.364268   0.00165777
34900   -0.364432   0.00166116
35000   -0.364548   0.00166047
35100   -0.364722   0.00166481
35200   -0.364867   0.00166638
35300   -0.36507   0.00167399
35400   -0.365248   0.00167867
35500   -0.365425   0.00168323
35600   -0.36564   0.00169217
35700   -0.365902   0.00170765
35800   -0.36616   0.00172229
35900   -0.366381   0.00173164
36000   -0.36649   0.00173022
36100   -0.36684   0.00176048
36200   -0.36713   0.00177933
36300   -0.367264   0.00177948
36400   -0.367408   0.00178038
36500   -0.367504   0.00177812
36600   -0.367616   0.00177677
36700   -0.367793   0.00178077
36800   -0.367953   0.00178308
36900   -0.36808   0.00178276
37000   -0.368207   0.00178248
37100   -0.368386   0.00178662
37200   -0.368572   0.00179142
37300   -0.368729   0.00179355
37400   -0.368915   0.00179831
37500   -0.369031   0.00179724
37600   -0.369282   0.00181
37700   -0.369502   0.00181849
37800   -0.369768   0.00183304
37900   -0.370042   0.00184857
38000   -0.370344   0.00186819
38100   -0.3706   0.00188074
38200   -0.370795   0.00188587
38300   -0.370952   0.00188752
38400   -0.371091   0.00188772
38500   -0.37116   0.00188405
38600   -0.371203   0.00187967
38700   -0.371188   0.00187488
38800   -0.371175   0.00187009
38900   -0.371242   0.00186649
39000   -0.371273   0.00186195
39100   -0.371287   0.00185724
39200   -0.371347   0.00185347
39300   -0.371388   0.0018492
39400   -0.371389   0.00184451
39500   -0.371419   0.00184008
39600   -0.371467   0.00183606
39700   -0.37152   0.0018322
39800   -0.371575   0.00182844
39900   -0.371618   0.00182436
40000   -0.3716   0.00181989
40100   -0.371639   0.00181577
40200   -0.371708   0.00181257
40300   -0.371713   0.00180808
40400   -0.371654   0.00180457
40500   -0.37164   0.00180017
40600   -0.371665   0.00179591
40700   -0.371636   0.00179172
40800   -0.371577   0.00178831
40900   -0.371505   0.00178537
41000   -0.371487   0.00178111
41100   -0.371486   0.00177678
41200   -0.371509   0.00177261
41300   -0.371538   0.00176855
41400   -0.371461   0.00176595
41500   -0.371559   0.00176439
41600   -0.371634   0.00176178
41700   -0.371633   0.00175756
41800   -0.371624   0.00175338
41900   -0.371625   0.00174919
42000   -0.371632   0.00174504
42100   -0.371639   0.00174091
42200   -0.371651   0.00173683
42300   -0.371647   0.00173272
42400   -0.371592   0.00172953
42500   -0.37158   0.0017255
42600   -0.371504   0.0017231
42700   -0.371478   0.00171928
42800   -0.371524   0.00171588
42900   -0.371512   0.00171193
43000   -0.371505   0.00170796
43100   -0.371526   0.00170413
43200   -0.37163   0.00170335
43300   -0.371624   0.00169943
43400   -0.371669   0.00169611
43500   -0.371733   0.00169341
43600   -0.37178   0.00169017
43700   -0.371865   0.00168844
43800   -0.37192   0.0016855
43900   -0.371912   0.00168168
44000   -0.371893   0.00167797
44100   -0.371968   0.00167587
44200   -0.372068   0.00167502
44300   -0.372207   0.00167703
44400   -0.372334   0.00167805
44500   -0.372412   0.00167611
44600   -0.372624   0.00168563
44700   -0.372805   0.00169158
44800   -0.372911   0.00169112
44900   -0.373144   0.00170336
45000   -0.373355   0.00171259
45100   -0.373565   0.00172164
45200   -0.373731   0.0017258
45300   -0.374   0.00174276
45400   -0.374216   0.00175229
45500   -0.374397   0.00175779
45600   -0.374608   0.00176649
45700   -0.374765   0.00176959
45800   -0.374889   0.00177011
45900   -0.375081   0.00177659
46000   -0.375224   0.00177849
46100   -0.375446   0.00178845
46200   -0.375613   0.00179228
46300   -0.375715   0.00179135
46400   -0.375813   0.00179017
46500   -0.375964   0.00179264
46600   -0.376171   0.00180071
46700   -0.376171   0.00179685
46800   -0.376284   0.00179653
46900   -0.376476   0.00180301
47000   -0.376639   0.00180647
47100   -0.376774   0.00180769
47200   -0.376918   0.00180956
47300   -0.37698   0.00180681
47400   -0.376984   0.001803
47500   -0.376982   0.00179921
47600   -0.37697   0.00179547
47700   -0.376947   0.00179185
47800   -0.376862   0.0017901
47900   -0.376757   0.00178949
48000   -0.376674   0.00178768
48100   -0.376623   0.00178469
48200   -0.376544   0.00178272
48300   -0.376411   0.001784
48400   -0.37635   0.00178133
48500   -0.376258   0.00178008
48600   -0.376113   0.00178229
48700   -0.37595   0.00178605
48800   -0.375794   0.00178923
48900   -0.375669   0.00178994
49000   -0.375535   0.00179128
49100   -0.375332   0.00179904
49200   -0.37522   0.00179887
49300   -0.375114   0.00179835
49400   -0.375   0.00179831
49500   -0.374939   0.0017957
49600   -0.374889   0.00179278
49700   -0.374789   0.00179199
49800   -0.374804   0.00178846
49900   -0.374812   0.00178489
50000   -0.374824   0.00178136
