100   1.75325   0
200   1.74347   0.00691754
300   1.74584   0.00500405
400   1.74738   0.00398145
500   1.74944   0.00367983
600   1.74782   0.0034034
700   1.74478   0.00405484
800   1.74543   0.00359882
900   1.74805   0.00404393
1000   1.75097   0.00457629
1100   1.75274   0.00448781
1200   1.75506   0.00467404
1300   1.7582   0.00526766
1400   1.76011   0.00522573
1500   1.76356   0.0059092
1600   1.76725   0.00658869
1700   1.76871   0.00636227
1800   1.76956   0.00606485
1900   1.77037   0.00579966
2000   1.77157   0.00563267
2100   1.77294   0.00552773
2200   1.77426   0.00543213
2300   1.77579   0.0054074
2400   1.77726   0.00537664
2500   1.77795   0.00520668
2600   1.77826   0.00501523
2700   1.77983   0.0050699
2800   1.78098   0.00501768
2900   1.78211   0.00497087
3000   1.78293   0.0048715
3100   1.78349   0.00474663
3200   1.78514   0.00487864
3300   1.786   0.00480565
3400   1.78646   0.00468639
3500   1.78769   0.0047093
3600   1.78898   0.00475272
3700   1.79068   0.00492053
3800   1.792   0.00496378
3900   1.79379   0.00514787
4000   1.79626   0.00558396
4100   1.79756   0.00559583
4200   1.79859   0.0055576
4300   1.80072   0.00582065
4400   1.80258   0.0059795
4500   1.80383   0.00597423
4600   1.80475   0.00591518
4700   1.80527   0.00581243
4800   1.80587   0.00572169
4900   1.8062   0.00561431
5000   1.80649   0.00550973
5100   1.80681   0.00541123
5200   1.8066   0.0053116
5300   1.80567   0.0052909
5400   1.80529   0.00520645
5500   1.80529   0.00511179
5600   1.80471   0.00505254
5700   1.80456   0.00496613
5800   1.80458   0.00488055
5900   1.80475   0.00480064
6000   1.80452   0.00472599
6100   1.80414   0.00466385
6200   1.8044   0.00459558
6300   1.80494   0.00455445
6400   1.80496   0.00448334
6500   1.80533   0.00442976
6600   1.80571   0.00437874
6700   1.80615   0.00433602
6800   1.80647   0.00428373
6900   1.80666   0.00422596
7000   1.80663   0.00416574
7100   1.80596   0.00416027
7200   1.80571   0.00410998
7300   1.80543   0.00406345
7400   1.80496   0.00403528
7500   1.8046   0.00399772
7600   1.80431   0.00395528
7700   1.80373   0.00394692
7800   1.80327   0.00392282
7900   1.80292   0.0038886
8000   1.80241   0.00387301
8100   1.8016   0.00390842
8200   1.80113   0.00388931
8300   1.80068   0.00386871
8400   1.80036   0.00383569
8500   1.79997   0.00381066
8600   1.79945   0.00380092
8700   1.7992   0.00376558
8800   1.79894   0.00373157
8900   1.79876   0.00369391
9000   1.79827   0.00368536
9100   1.79784   0.00366992
9200   1.79766   0.00363464
9300   1.79728   0.0036157
9400   1.79699   0.00358855
9500   1.79716   0.003555
9600   1.79696   0.00352359
9700   1.79675   0.00349356
9800   1.79674   0.00345793
9900   1.79674   0.003423
10000   1.79658   0.00339263
10100   1.79651   0.00335972
10200   1.79666   0.00332999
10300   1.79687   0.00330484
10400   1.79684   0.00327322
10500   1.79678   0.00324264
10600   1.79683   0.00321239
10700   1.79694   0.00318434
10800   1.79705   0.00315674
10900   1.7971   0.00312824
11000   1.79704   0.00310039
11100   1.79715   0.00307435
11200   1.79737   0.00305488
11300   1.79764   0.0030395
11400   1.79785   0.00301978
11500   1.79795   0.00299544
11600   1.79835   0.0029962
11700   1.79878   0.0030011
11800   1.79926   0.00301327
11900   1.79981   0.00303753
12000   1.80014   0.00303001
12100   1.80031   0.00301012
12200   1.80059   0.0029979
12300   1.8009   0.00298981
12400   1.80107   0.00297074
12500   1.80104   0.00294719
12600   1.80083   0.00293142
12700   1.8006   0.00291739
12800   1.8005   0.00289613
12900   1.8003   0.00288083
13000   1.80008   0.00286705
13100   1.79991   0.00285019
13200   1.79978   0.00283132
13300   1.79965   0.00281293
13400   1.79955   0.00279398
13500   1.79949   0.00277381
13600   1.79941   0.00275462
13700   1.79936   0.00273491
13800   1.79935   0.00271513
13900   1.79915   0.00270276
14000   1.79911   0.00268376
14100   1.79915   0.00266507
14200   1.7992   0.00264668
14300   1.79924   0.00262849
14400   1.79912   0.00261292
14500   1.79922   0.00259673
14600   1.79921   0.00257898
14700   1.79908   0.00256453
14800   1.79923   0.00255189
14900   1.79932   0.00253603
15000   1.79927   0.0025195
15100   1.79925   0.00250288
15200   1.79916   0.00248821
15300   1.79914   0.00247199
15400   1.79913   0.00245597
15500   1.79901   0.00244335
15600   1.79871   0.00244602
15700   1.79843   0.00244607
15800   1.79826   0.00243649
15900   1.79816   0.00242312
16000   1.79803   0.00241133
16100   1.79786   0.00240278
16200   1.79763   0.00239861
16300   1.79738   0.00239742
16400   1.79719   0.00238995
16500   1.7971   0.00237702
16600   1.79706   0.00236308
16700   1.79701   0.0023495
16800   1.79697   0.00233592
16900   1.7969   0.00232296
17000   1.79691   0.00230931
17100   1.79708   0.00230193
17200   1.79706   0.0022886
17300   1.79724   0.00228229
17400   1.79745   0.00227901
17500   1.79744   0.002266
17600   1.79737   0.00225424
17700   1.79748   0.00224416
17800   1.79759   0.002234
17900   1.79771   0.00222473
18000   1.79772   0.00221241
18100   1.79756   0.00220615
18200   1.79743   0.00219742
18300   1.79735   0.00218711
18400   1.7973   0.00217573
18500   1.79723   0.00216511
18600   1.79709   0.00215805
18700   1.7969   0.00215446
18800   1.79682   0.00214475
18900   1.79693   0.00213627
19000   1.79711   0.00213285
19100   1.79727   0.00212746
19200   1.79727   0.00211638
19300   1.79754   0.0021232
19400   1.79775   0.00212203
19500   1.79802   0.00212817
19600   1.79833   0.00214069
19700   1.79855   0.00214079
19800   1.79876   0.00214061
19900   1.799   0.0021431
20000   1.79919   0.00214078
20100   1.79935   0.00213607
20200   1.79963   0.00214395
20300   1.79978   0.00213862
20400   1.79988   0.00213055
20500   1.79999   0.00212267
20600   1.80029   0.00213416
20700   1.80052   0.00213657
20800   1.80075   0.00213806
20900   1.80116   0.002166
21000   1.8012   0.00215613
21100   1.80146   0.00216203
21200   1.80181   0.00217949
21300   1.80193   0.00217269
21400   1.80214   0.0021725
21500   1.80227   0.00216652
21600   1.80238   0.00215891
21700   1.80257   0.0021573
21800   1.8028   0.00215981
21900   1.80287   0.00215108
22000   1.80288   0.00214133
22100   1.80289   0.00213169
22200   1.80284   0.00212265
22300   1.80289   0.00211358
22400   1.80291   0.0021043
22500   1.80288   0.00209522
22600   1.80264   0.0020991
22700   1.80247   0.00209693
22800   1.80233   0.00209225
22900   1.80231   0.00208323
23000   1.80233   0.00207424
23100   1.80227   0.0020662
23200   1.80221   0.00205822
23300   1.80222   0.00204947
23400   1.80225   0.00204084
23500   1.80226   0.00203219
23600   1.80227   0.00202359
23700   1.8023   0.00201536
23800   1.80226   0.00200743
23900   1.80236   0.00200159
24000   1.8024   0.00199373
24100   1.80249   0.00198732
24200   1.80257   0.00198107
24300   1.80257   0.00197292
24400   1.8025   0.0019662
24500   1.80252   0.0019583
24600   1.80264   0.00195422
24700   1.80256   0.00194805
24800   1.80262   0.00194107
24900   1.80271   0.00193524
25000   1.80265   0.00192837
25100   1.80256   0.00192275
25200   1.80265   0.00191732
25300   1.80268   0.00190993
25400   1.80271   0.00190275
25500   1.80279   0.00189671
25600   1.80283   0.00188966
25700   1.80273   0.00188446
25800   1.80264   0.00187979
25900   1.80251   0.00187678
26000   1.80234   0.001877
26100   1.80215   0.00187943
26200   1.80188   0.00189242
26300   1.80166   0.00189729
26400   1.80135   0.00191546
26500   1.80118   0.00191572
26600   1.80105   0.00191265
26700   1.80094   0.00190872
26800   1.80089   0.00190247
26900   1.80096   0.0018969
27000   1.80077   0.00189952
27100   1.80078   0.00189256
27200   1.801   0.00189804
27300   1.80123   0.00190547
27400   1.80129   0.00189931
27500   1.80133   0.00189283
27600   1.80145   0.00188963
27700   1.80146   0.00188283
27800   1.80148   0.00187617
27900   1.80149   0.00186947
28000   1.8014   0.00186479
28100   1.80124   0.00186523
28200   1.80116   0.00186019
28300   1.80113   0.00185381
28400   1.80104   0.00184994
28500   1.80093   0.0018464
28600   1.80086   0.00184127
28700   1.80081   0.00183562
28800   1.80056   0.00184613
28900   1.80048   0.00184135
29000   1.80045   0.00183525
29100   1.80037   0.00183084
29200   1.80027   0.0018273
29300   1.80026   0.00182108
29400   1.80024   0.00181496
29500   1.80018   0.00180975
29600   1.80019   0.00180364
29700   1.80014   0.00179822
29800   1.80003   0.00179544
29900   1.79995   0.00179146
30000   1.79994   0.00178551
30100   1.79991   0.00177974
30200   1.79994   0.00177399
30300   1.79997   0.00176844
30400   1.79995   0.0017627
30500   1.80001   0.00175771
30600   1.80007   0.00175309
30700   1.80005   0.00174744
30800   1.79998   0.00174339
30900   1.80015   0.00174602
31000   1.80015   0.00174039
31100   1.79999   0.00174223
31200   1.79999   0.00173665
31300   1.8001   0.00173454
31400   1.80012   0.0017292
31500   1.80007   0.00172453
31600   1.80009   0.0017192
31700   1.80003   0.00171494
31800   1.80006   0.00170979
31900   1.80008   0.00170453
32000   1.80017   0.00170176
32100   1.80029   0.00170046
32200   1.80028   0.00169519
32300   1.80023   0.00169063
32400   1.80018   0.00168641
32500   1.80012   0.00168205
32600   1.80015   0.00167714
32700   1.80014   0.00167206
32800   1.80007   0.00166833
32900   1.80001   0.00166432
33000   1.8   0.00165934
33100   1.79993   0.00165584
33200   1.79989   0.00165123
33300   1.79986   0.00164666
33400   1.79976   0.00164478
33500   1.79969   0.0016412
33600   1.79971   0.0016364
33700   1.79973   0.00163171
33800   1.79976   0.00162722
33900   1.79975   0.00162248
34000   1.79982   0.00161953
34100   1.79999   0.00162374
34200   1.80017   0.00162814
34300   1.8003   0.00162892
34400   1.80047   0.00163317
34500   1.80065   0.00163749
34600   1.8008   0.0016402
34700   1.80099   0.00164592
34800   1.80122   0.0016577
34900   1.80139   0.00166122
35000   1.8015   0.00166052
35100   1.80168   0.00166487
35200   1.80182   0.00166645
35300   1.80202   0.00167403
35400   1.8022   0.00167878
35500   1.80238   0.00168334
35600   1.80259   0.00169223
35700   1.80286   0.00170773
35800   1.80311   0.00172231
35900   1.80334   0.00173195
36000   1.80344   0.00173041
36100   1.80379   0.00176055
36200   1.80408   0.00177958
36300   1.80422   0.00177986
36400   1.80436   0.00178063
36500   1.80446   0.0017785
36600   1.80457   0.00177701
36700   1.80475   0.00178102
36800   1.80491   0.00178332
36900   1.80504   0.00178304
37000   1.80516   0.00178274
37100   1.80534   0.00178678
37200   1.80553   0.00179167
37300   1.80568   0.00179377
37400   1.80587   0.00179854
37500   1.80599   0.00179747
37600   1.80624   0.00181011
37700   1.80646   0.00181866
37800   1.80672   0.00183312
37900   1.807   0.0018486
38000   1.8073   0.00186824
38100   1.80755   0.00188086
38200   1.80775   0.00188601
38300   1.80791   0.00188767
38400   1.80805   0.00188789
38500   1.80812   0.00188424
38600   1.80816   0.00187986
38700   1.80814   0.00187506
38800   1.80813   0.00187028
38900   1.8082   0.00186667
39000   1.80823   0.00186214
39100   1.80824   0.00185742
39200   1.8083   0.00185362
39300   1.80834   0.00184937
39400   1.80834   0.00184467
39500   1.80837   0.00184025
39600   1.80842   0.0018362
39700   1.80847   0.00183234
39800   1.80853   0.00182856
39900   1.80857   0.00182449
40000   1.80855   0.00182002
40100   1.80859   0.00181588
40200   1.80866   0.00181268
40300   1.80867   0.00180819
40400   1.80861   0.00180469
40500   1.80859   0.0018003
40600   1.80862   0.00179604
40700   1.80859   0.00179184
40800   1.80853   0.00178843
40900   1.80846   0.00178551
41000   1.80844   0.00178125
41100   1.80844   0.00177692
41200   1.80846   0.00177274
41300   1.80849   0.00176869
41400   1.80841   0.0017661
41500   1.80851   0.00176448
41600   1.80859   0.0017619
41700   1.80858   0.00175768
41800   1.80858   0.00175349
41900   1.80858   0.00174931
42000   1.80858   0.00174516
42100   1.80859   0.00174103
42200   1.8086   0.00173694
42300   1.8086   0.00173284
42400   1.80854   0.00172964
42500   1.80853   0.00172561
42600   1.80846   0.0017232
42700   1.80843   0.00171939
42800   1.80847   0.00171599
42900   1.80846   0.00171203
43000   1.80846   0.00170807
43100   1.80848   0.00170421
43200   1.80858   0.00170347
43300   1.80857   0.00169954
43400   1.80862   0.00169619
43500   1.80868   0.00169351
43600   1.80873   0.00169025
43700   1.80881   0.00168853
43800   1.80887   0.0016856
43900   1.80886   0.00168178
44000   1.80884   0.00167807
44100   1.80892   0.00167595
44200   1.80902   0.00167507
44300   1.80915   0.00167704
44400   1.80928   0.0016781
44500   1.80936   0.00167613
44600   1.80957   0.00168549
44700   1.80975   0.0016916
44800   1.80986   0.0016911
44900   1.81009   0.00170321
45000   1.8103   0.00171243
45100   1.81051   0.00172156
45200   1.81068   0.00172563
45300   1.81095   0.00174249
45400   1.81116   0.00175216
45500   1.81134   0.00175756
45600   1.81155   0.00176626
45700   1.81171   0.00176946
45800   1.81183   0.00176988
45900   1.81203   0.00177636
46000   1.81217   0.00177823
46100   1.81239   0.0017881
46200   1.81256   0.001792
46300   1.81266   0.00179107
46400   1.81276   0.00178986
46500   1.81291   0.00179224
46600   1.81311   0.00180035
46700   1.81311   0.00179649
46800   1.81323   0.00179611
46900   1.81342   0.00180252
47000   1.81358   0.00180603
47100   1.81372   0.00180723
47200   1.81386   0.00180911
47300   1.81392   0.00180637
47400   1.81393   0.00180257
47500   1.81393   0.00179878
47600   1.81391   0.00179504
47700   1.81389   0.00179142
47800   1.81381   0.00178965
47900   1.8137   0.00178905
48000   1.81362   0.00178727
48100   1.81357   0.00178429
48200   1.81349   0.00178229
48300   1.81335   0.00178363
48400   1.81329   0.00178098
48500   1.8132   0.00177972
48600   1.81306   0.00178188
48700   1.81289   0.0017857
48800   1.81274   0.00178889
48900   1.81261   0.00178962
49000   1.81248   0.00179091
49100   1.81227   0.00179875
49200   1.81216   0.00179861
49300   1.81206   0.00179808
49400   1.81194   0.00179806
49500   1.81188   0.00179547
49600   1.81183   0.00179253
49700   1.81173   0.00179179
49800   1.81174   0.00178826
49900   1.81175   0.00178469
50000   1.81176   0.00178116
