100   1.16883   0
200   1.16231   0.0046117
300   1.1639   0.00333603
400   1.16492   0.0026543
500   1.16629   0.00245322
600   1.16522   0.00226893
700   1.16319   0.00270323
800   1.16362   0.00239922
900   1.16537   0.00269595
1000   1.16732   0.00305086
1100   1.16849   0.00299187
1200   1.17004   0.00311603
1300   1.17213   0.00351177
1400   1.17341   0.00348382
1500   1.17571   0.00393946
1600   1.17816   0.00439246
1700   1.17914   0.00424151
1800   1.17971   0.00404323
1900   1.18025   0.00386644
2000   1.18105   0.00375511
2100   1.18196   0.00368515
2200   1.18284   0.00362142
2300   1.18386   0.00360493
2400   1.18484   0.00358443
2500   1.1853   0.00347112
2600   1.1855   0.00334349
2700   1.18655   0.00337993
2800   1.18732   0.00334512
2900   1.18807   0.00331391
3000   1.18862   0.00324767
3100   1.18899   0.00316442
3200   1.1901   0.00325243
3300   1.19067   0.00320376
3400   1.19098   0.00312426
3500   1.19179   0.00313953
3600   1.19265   0.00316848
3700   1.19379   0.00328035
3800   1.19467   0.00330918
3900   1.19586   0.00343192
4000   1.19751   0.00372264
4100   1.19837   0.00373055
4200   1.19906   0.00370507
4300   1.20048   0.00388043
4400   1.20172   0.00398633
4500   1.20255   0.00398282
4600   1.20317   0.00394345
4700   1.20352   0.00387496
4800   1.20391   0.00381446
4900   1.20413   0.00374287
5000   1.20433   0.00367315
5100   1.20454   0.00360749
5200   1.2044   0.00354107
5300   1.20378   0.00352727
5400   1.20353   0.00347097
5500   1.20352   0.00340786
5600   1.20314   0.00336836
5700   1.20304   0.00331075
5800   1.20306   0.0032537
5900   1.20317   0.00320042
6000   1.20301   0.00315066
6100   1.20276   0.00310923
6200   1.20293   0.00306372
6300   1.20329   0.0030363
6400   1.20331   0.00298889
6500   1.20355   0.00295317
6600   1.20381   0.00291916
6700   1.2041   0.00289068
6800   1.20431   0.00285582
6900   1.20444   0.0028173
7000   1.20442   0.00277716
7100   1.20397   0.00277352
7200   1.20381   0.00273999
7300   1.20362   0.00270896
7400   1.20331   0.00269019
7500   1.20306   0.00266515
7600   1.20287   0.00263685
7700   1.20248   0.00263128
7800   1.20218   0.00261522
7900   1.20195   0.0025924
8000   1.20161   0.00258201
8100   1.20107   0.00260562
8200   1.20075   0.00259288
8300   1.20045   0.00257914
8400   1.20024   0.00255713
8500   1.19998   0.00254044
8600   1.19964   0.00253394
8700   1.19947   0.00251039
8800   1.1993   0.00248771
8900   1.19918   0.00246261
9000   1.19885   0.00245691
9100   1.19856   0.00244661
9200   1.19844   0.0024231
9300   1.19818   0.00241047
9400   1.19799   0.00239237
9500   1.19811   0.00237
9600   1.19798   0.00234906
9700   1.19784   0.00232904
9800   1.19783   0.00230529
9900   1.19783   0.002282
10000   1.19772   0.00226175
10100   1.19767   0.00223981
10200   1.19777   0.00222
10300   1.19792   0.00220323
10400   1.1979   0.00218215
10500   1.19785   0.00216176
10600   1.19788   0.00214159
10700   1.19796   0.00212289
10800   1.19803   0.00210449
10900   1.19807   0.00208549
11000   1.19803   0.00206693
11100   1.1981   0.00204957
11200   1.19825   0.00203659
11300   1.19843   0.00202633
11400   1.19856   0.00201319
11500   1.19864   0.00199696
11600   1.1989   0.00199747
11700   1.19919   0.00200073
11800   1.19951   0.00200884
11900   1.19987   0.00202502
12000   1.20009   0.00202
12100   1.20021   0.00200674
12200   1.20039   0.0019986
12300   1.2006   0.00199321
12400   1.20072   0.00198049
12500   1.20069   0.0019648
12600   1.20055   0.00195428
12700   1.2004   0.00194493
12800   1.20033   0.00193075
12900   1.2002   0.00192056
13000   1.20005   0.00191136
13100   1.19994   0.00190013
13200   1.19986   0.00188755
13300   1.19977   0.00187528
13400   1.1997   0.00186265
13500   1.19966   0.00184921
13600   1.19961   0.00183641
13700   1.19958   0.00182327
13800   1.19957   0.00181008
13900   1.19944   0.00180184
14000   1.19941   0.00178918
14100   1.19944   0.00177671
14200   1.19947   0.00176445
14300   1.19949   0.00175233
14400   1.19941   0.00174195
14500   1.19948   0.00173115
14600   1.19947   0.00171932
14700   1.19939   0.00170968
14800   1.19949   0.00170126
14900   1.19954   0.00169069
15000   1.19951   0.00167967
15100   1.1995   0.00166859
15200   1.19944   0.00165881
15300   1.19943   0.001648
15400   1.19942   0.00163732
15500   1.19934   0.0016289
15600   1.19914   0.00163068
15700   1.19895   0.00163071
15800   1.19884   0.00162432
15900   1.19877   0.00161542
16000   1.19869   0.00160755
16100   1.19857   0.00160185
16200   1.19842   0.00159907
16300   1.19825   0.00159828
16400   1.19813   0.0015933
16500   1.19807   0.00158468
16600   1.19804   0.00157538
16700   1.19801   0.00156634
16800   1.19798   0.00155728
16900   1.19793   0.00154864
17000   1.19794   0.00153954
17100   1.19805   0.00153462
17200   1.19804   0.00152573
17300   1.19816   0.00152152
17400   1.1983   0.00151934
17500   1.1983   0.00151067
17600   1.19825   0.00150283
17700   1.19832   0.00149611
17800   1.19839   0.00148933
17900   1.19847   0.00148315
18000   1.19848   0.00147494
18100   1.19837   0.00147077
18200   1.19829   0.00146495
18300   1.19823   0.00145808
18400   1.1982   0.00145049
18500   1.19815   0.00144341
18600   1.19806   0.0014387
18700   1.19794   0.00143631
18800   1.19788   0.00142983
18900   1.19795   0.00142418
19000   1.19807   0.0014219
19100   1.19818   0.00141831
19200   1.19818   0.00141092
19300   1.19836   0.00141547
19400   1.1985   0.00141469
19500   1.19868   0.00141878
19600   1.19889   0.00142712
19700   1.19903   0.0014272
19800   1.19917   0.00142708
19900   1.19933   0.00142873
20000   1.19946   0.00142719
20100   1.19957   0.00142405
20200   1.19975   0.0014293
20300   1.19985   0.00142575
20400   1.19992   0.00142037
20500   1.19999   0.00141511
20600   1.20019   0.00142277
20700   1.20035   0.00142438
20800   1.2005   0.00142537
20900   1.20077   0.001444
21000   1.2008   0.00143742
21100   1.20098   0.00144135
21200   1.20121   0.00145299
21300   1.20129   0.00144846
21400   1.20143   0.00144833
21500   1.20152   0.00144434
21600   1.20158   0.00143927
21700   1.20171   0.0014382
21800   1.20187   0.00143988
21900   1.20191   0.00143405
22000   1.20192   0.00142755
22100   1.20193   0.00142112
22200   1.2019   0.0014151
22300   1.20193   0.00140905
22400   1.20194   0.00140286
22500   1.20192   0.00139681
22600   1.20176   0.0013994
22700   1.20165   0.00139795
22800   1.20156   0.00139483
22900   1.20154   0.00138882
23000   1.20155   0.00138283
23100   1.20151   0.00137746
23200   1.20147   0.00137215
23300   1.20148   0.00136631
23400   1.2015   0.00136056
23500   1.20151   0.00135479
23600   1.20151   0.00134906
23700   1.20153   0.00134358
23800   1.2015   0.00133829
23900   1.20157   0.0013344
24000   1.2016   0.00132916
24100   1.20166   0.00132488
24200   1.20172   0.00132071
24300   1.20171   0.00131528
24400   1.20167   0.0013108
24500   1.20168   0.00130554
24600   1.20176   0.00130281
24700   1.20171   0.0012987
24800   1.20175   0.00129405
24900   1.20181   0.00129016
25000   1.20177   0.00128558
25100   1.20171   0.00128184
25200   1.20177   0.00127821
25300   1.20179   0.00127328
25400   1.20181   0.0012685
25500   1.20186   0.00126447
25600   1.20188   0.00125977
25700   1.20182   0.00125631
25800   1.20176   0.00125319
25900   1.20167   0.00125118
26000   1.20156   0.00125133
26100   1.20143   0.00125295
26200   1.20125   0.00126161
26300   1.20111   0.00126486
26400   1.2009   0.00127697
26500   1.20079   0.00127714
26600   1.2007   0.0012751
26700   1.20063   0.00127248
26800   1.20059   0.00126832
26900   1.20064   0.0012646
27000   1.20051   0.00126634
27100   1.20052   0.0012617
27200   1.20067   0.00126536
27300   1.20082   0.00127032
27400   1.20086   0.00126621
27500   1.20089   0.00126189
27600   1.20096   0.00125975
27700   1.20097   0.00125522
27800   1.20099   0.00125078
27900   1.20099   0.00124631
28000   1.20093   0.00124319
28100   1.20083   0.00124349
28200   1.20077   0.00124013
28300   1.20076   0.00123587
28400   1.20069   0.00123329
28500   1.20062   0.00123093
28600   1.20057   0.00122751
28700   1.20054   0.00122375
28800   1.20037   0.00123076
28900   1.20032   0.00122757
29000   1.2003   0.0012235
29100   1.20025   0.00122056
29200   1.20018   0.0012182
29300   1.20017   0.00121405
29400   1.20016   0.00120998
29500   1.20012   0.0012065
29600   1.20013   0.00120243
29700   1.20009   0.00119882
29800   1.20002   0.00119696
29900   1.19996   0.00119431
30000   1.19996   0.00119034
30100   1.19994   0.00118649
30200   1.19996   0.00118266
30300   1.19998   0.00117896
30400   1.19997   0.00117513
30500   1.2   0.00117181
30600   1.20005   0.00116873
30700   1.20004   0.00116496
30800   1.19999   0.00116226
30900   1.2001   0.00116401
31000   1.2001   0.00116026
31100   1.19999   0.00116149
31200   1.19999   0.00115777
31300   1.20007   0.00115636
31400   1.20008   0.0011528
31500   1.20005   0.00114969
31600   1.20006   0.00114613
31700   1.20002   0.00114329
31800   1.20004   0.00113986
31900   1.20005   0.00113636
32000   1.20011   0.00113451
32100   1.20019   0.00113364
32200   1.20019   0.00113012
32300   1.20016   0.00112709
32400   1.20012   0.00112427
32500   1.20008   0.00112136
32600   1.2001   0.00111809
32700   1.20009   0.00111471
32800   1.20005   0.00111222
32900   1.20001   0.00110955
33000   1.2   0.00110623
33100   1.19995   0.0011039
33200   1.19993   0.00110082
33300   1.1999   0.00109777
33400   1.19984   0.00109652
33500   1.19979   0.00109413
33600   1.1998   0.00109093
33700   1.19982   0.00108781
33800   1.19984   0.00108481
33900   1.19983   0.00108166
34000   1.19988   0.00107969
34100   1.2   0.00108249
34200   1.20011   0.00108543
34300   1.2002   0.00108595
34400   1.20032   0.00108878
34500   1.20043   0.00109166
34600   1.20053   0.00109347
34700   1.20066   0.00109728
34800   1.20081   0.00110513
34900   1.20092   0.00110748
35000   1.201   0.00110701
35100   1.20112   0.00110991
35200   1.20121   0.00111096
35300   1.20135   0.00111602
35400   1.20147   0.00111919
35500   1.20159   0.00112222
35600   1.20173   0.00112816
35700   1.2019   0.00113849
35800   1.20208   0.00114821
35900   1.20223   0.00115463
36000   1.2023   0.0011536
36100   1.20253   0.0011737
36200   1.20272   0.00118639
36300   1.20281   0.00118657
36400   1.20291   0.00118709
36500   1.20297   0.00118567
36600   1.20305   0.00118467
36700   1.20317   0.00118735
36800   1.20327   0.00118888
36900   1.20336   0.0011887
37000   1.20344   0.0011885
37100   1.20356   0.00119119
37200   1.20368   0.00119445
37300   1.20379   0.00119584
37400   1.20391   0.00119903
37500   1.20399   0.00119831
37600   1.20416   0.00120674
37700   1.2043   0.00121244
37800   1.20448   0.00122208
37900   1.20466   0.0012324
38000   1.20487   0.00124549
38100   1.20504   0.0012539
38200   1.20517   0.00125734
38300   1.20527   0.00125845
38400   1.20536   0.0012586
38500   1.20541   0.00125616
38600   1.20544   0.00125324
38700   1.20543   0.00125004
38800   1.20542   0.00124686
38900   1.20546   0.00124444
39000   1.20549   0.00124142
39100   1.20549   0.00123828
39200   1.20553   0.00123575
39300   1.20556   0.00123291
39400   1.20556   0.00122978
39500   1.20558   0.00122683
39600   1.20561   0.00122413
39700   1.20565   0.00122156
39800   1.20569   0.00121904
39900   1.20571   0.00121633
40000   1.2057   0.00121335
40100   1.20573   0.00121059
40200   1.20577   0.00120845
40300   1.20578   0.00120546
40400   1.20574   0.00120313
40500   1.20573   0.0012002
40600   1.20574   0.00119736
40700   1.20573   0.00119456
40800   1.20569   0.00119229
40900   1.20564   0.00119034
41000   1.20563   0.0011875
41100   1.20563   0.00118461
41200   1.20564   0.00118183
41300   1.20566   0.00117913
41400   1.20561   0.0011774
41500   1.20567   0.00117632
41600   1.20572   0.0011746
41700   1.20572   0.00117178
41800   1.20572   0.001169
41900   1.20572   0.00116621
42000   1.20572   0.00116344
42100   1.20573   0.00116069
42200   1.20573   0.00115796
42300   1.20573   0.00115523
42400   1.2057   0.00115309
42500   1.20569   0.00115041
42600   1.20564   0.0011488
42700   1.20562   0.00114626
42800   1.20565   0.00114399
42900   1.20564   0.00114135
43000   1.20564   0.00113871
43100   1.20565   0.00113614
43200   1.20572   0.00113565
43300   1.20572   0.00113303
43400   1.20575   0.0011308
43500   1.20579   0.00112901
43600   1.20582   0.00112684
43700   1.20588   0.00112569
43800   1.20591   0.00112373
43900   1.20591   0.00112119
44000   1.20589   0.00111871
44100   1.20594   0.0011173
44200   1.20601   0.00111671
44300   1.2061   0.00111803
44400   1.20619   0.00111873
44500   1.20624   0.00111742
44600   1.20638   0.00112366
44700   1.2065   0.00112773
44800   1.20657   0.0011274
44900   1.20673   0.00113547
45000   1.20687   0.00114162
45100   1.20701   0.0011477
45200   1.20712   0.00115042
45300   1.2073   0.00116166
45400   1.20744   0.00116811
45500   1.20756   0.0011717
45600   1.2077   0.00117751
45700   1.20781   0.00117964
45800   1.20789   0.00117992
45900   1.20802   0.00118424
46000   1.20811   0.00118548
46100   1.20826   0.00119206
46200   1.20837   0.00119467
46300   1.20844   0.00119404
46400   1.2085   0.00119324
46500   1.2086   0.00119483
46600   1.20874   0.00120023
46700   1.20874   0.00119766
46800   1.20882   0.00119741
46900   1.20895   0.00120168
47000   1.20905   0.00120402
47100   1.20914   0.00120482
47200   1.20924   0.00120607
47300   1.20928   0.00120425
47400   1.20928   0.00120171
47500   1.20928   0.00119918
47600   1.20928   0.00119669
47700   1.20926   0.00119428
47800   1.2092   0.0011931
47900   1.20913   0.0011927
48000   1.20908   0.00119151
48100   1.20904   0.00118953
48200   1.20899   0.00118819
48300   1.2089   0.00118909
48400   1.20886   0.00118732
48500   1.2088   0.00118648
48600   1.2087   0.00118792
48700   1.20859   0.00119046
48800   1.20849   0.0011926
48900   1.20841   0.00119308
49000   1.20832   0.00119394
49100   1.20818   0.00119917
49200   1.20811   0.00119907
49300   1.20804   0.00119872
49400   1.20796   0.0011987
49500   1.20792   0.00119698
49600   1.20789   0.00119502
49700   1.20782   0.00119453
49800   1.20783   0.00119217
49900   1.20783   0.00118979
50000   1.20784   0.00118744
