100   1.43742   0
200   1.43698   0.000305584
300   1.43695   0.00020549
400   1.43689   0.000162268
500   1.43689   0.0001299
600   1.43692   0.000112691
700   1.43689   0.000101224
800   1.43684   9.87918e-05
900   1.43683   8.91309e-05
1000   1.43682   8.03227e-05
1100   1.43684   7.44587e-05
1200   1.43681   7.3008e-05
1300   1.43683   6.88378e-05
1400   1.43682   6.40861e-05
1500   1.4368   6.24616e-05
1600   1.43682   6.01542e-05
1700   1.43683   5.85918e-05
1800   1.43683   5.53369e-05
1900   1.43683   5.24251e-05
2000   1.43683   5.0176e-05
2100   1.43683   4.79751e-05
2200   1.43683   4.58001e-05
2300   1.43683   4.38149e-05
2400   1.43683   4.21322e-05
2500   1.43686   4.58125e-05
2600   1.43683   4.87037e-05
2700   1.43684   4.79186e-05
2800   1.43684   4.62717e-05
2900   1.43686   4.69991e-05
3000   1.43686   4.54444e-05
3100   1.43685   4.40661e-05
3200   1.43685   4.26908e-05
3300   1.43687   4.39702e-05
3400   1.43686   4.27849e-05
3500   1.43686   4.17012e-05
3600   1.43686   4.05855e-05
3700   1.43686   3.97354e-05
3800   1.43687   4.05805e-05
3900   1.43685   4.25567e-05
4000   1.43686   4.27104e-05
4100   1.43687   4.23442e-05
4200   1.43687   4.13653e-05
4300   1.43687   4.07961e-05
4400   1.43687   4.02131e-05
4500   1.43688   3.98728e-05
4600   1.43688   3.90916e-05
4700   1.43688   3.84183e-05
4800   1.43688   3.76361e-05
4900   1.43689   3.7049e-05
5000   1.43689   3.6308e-05
5100   1.43689   3.57279e-05
5200   1.4369   3.61812e-05
5300   1.4369   3.56435e-05
5400   1.4369   3.55532e-05
5500   1.4369   3.49991e-05
5600   1.4369   3.46463e-05
5700   1.4369   3.41836e-05
5800   1.4369   3.35964e-05
5900   1.4369   3.31524e-05
6000   1.43691   3.29195e-05
6100   1.43691   3.23798e-05
6200   1.4369   3.26239e-05
6300   1.43691   3.26805e-05
6400   1.43691   3.22098e-05
6500   1.43691   3.17293e-05
6600   1.43691   3.12615e-05
6700   1.43691   3.08178e-05
6800   1.43691   3.04398e-05
6900   1.43691   3.00377e-05
7000   1.43692   3.02613e-05
7100   1.43692   2.98351e-05
7200   1.43692   2.94223e-05
7300   1.43692   2.90224e-05
7400   1.43692   2.89577e-05
7500   1.43692   2.88347e-05
7600   1.43692   2.87579e-05
7700   1.43692   2.83854e-05
7800   1.43692   2.80381e-05
7900   1.43692   2.76894e-05
8000   1.43693   2.79045e-05
8100   1.43693   2.75611e-05
8200   1.43693   2.7276e-05
8300   1.43693   2.69656e-05
8400   1.43693   2.6665e-05
8500   1.43693   2.67824e-05
8600   1.43693   2.66074e-05
8700   1.43693   2.63264e-05
8800   1.43693   2.60334e-05
8900   1.43693   2.57575e-05
9000   1.43694   2.60782e-05
9100   1.43693   2.64361e-05
9200   1.43693   2.64497e-05
9300   1.43693   2.6175e-05
9400   1.43693   2.61421e-05
9500   1.43693   2.58848e-05
9600   1.43693   2.57638e-05
9700   1.43693   2.55188e-05
9800   1.43693   2.55221e-05
9900   1.43693   2.54008e-05
10000   1.43693   2.51575e-05
10100   1.43693   2.4999e-05
10200   1.43693   2.47935e-05
10300   1.43693   2.4553e-05
10400   1.43693   2.47211e-05
10500   1.43693   2.45374e-05
10600   1.43693   2.43107e-05
10700   1.43693   2.40997e-05
10800   1.43693   2.38786e-05
10900   1.43693   2.37232e-05
11000   1.43693   2.35076e-05
11100   1.43693   2.33605e-05
11200   1.43693   2.31526e-05
11300   1.43693   2.29477e-05
11400   1.43693   2.28084e-05
11500   1.43693   2.26168e-05
11600   1.43693   2.25984e-05
11700   1.43693   2.24254e-05
11800   1.43693   2.22625e-05
11900   1.43693   2.20975e-05
12000   1.43693   2.21177e-05
12100   1.43694   2.1942e-05
12200   1.43693   2.18152e-05
12300   1.43693   2.16518e-05
12400   1.43694   2.16272e-05
12500   1.43694   2.15275e-05
12600   1.43694   2.14266e-05
12700   1.43694   2.13703e-05
12800   1.43694   2.12273e-05
12900   1.43694   2.10775e-05
13000   1.43694   2.09168e-05
13100   1.43694   2.07742e-05
13200   1.43694   2.0617e-05
13300   1.43694   2.04726e-05
13400   1.43694   2.03331e-05
13500   1.43694   2.01898e-05
13600   1.43694   2.00577e-05
13700   1.43694   1.99189e-05
13800   1.43694   1.98637e-05
13900   1.43694   1.97208e-05
14000   1.43694   1.95957e-05
14100   1.43694   1.9468e-05
14200   1.43694   1.93351e-05
14300   1.43694   1.92388e-05
14400   1.43694   1.9122e-05
14500   1.43694   1.89905e-05
14600   1.43694   1.90744e-05
14700   1.43694   1.9133e-05
14800   1.43694   1.90107e-05
14900   1.43694   1.89944e-05
15000   1.43694   1.88743e-05
15100   1.43695   1.88056e-05
15200   1.43694   1.8682e-05
15300   1.43695   1.8564e-05
15400   1.43695   1.84445e-05
15500   1.43695   1.86981e-05
15600   1.43695   1.86083e-05
15700   1.43695   1.85035e-05
15800   1.43695   1.84034e-05
15900   1.43695   1.82969e-05
16000   1.43695   1.82031e-05
16100   1.43695   1.81213e-05
16200   1.43695   1.8046e-05
16300   1.43695   1.79356e-05
16400   1.43695   1.78267e-05
16500   1.43695   1.77579e-05
16600   1.43695   1.7657e-05
16700   1.43695   1.75513e-05
16800   1.43695   1.74546e-05
16900   1.43695   1.73527e-05
17000   1.43695   1.73688e-05
17100   1.43695   1.72771e-05
17200   1.43695   1.72149e-05
17300   1.43695   1.72747e-05
17400   1.43695   1.72771e-05
17500   1.43695   1.73426e-05
17600   1.43695   1.74005e-05
17700   1.43695   1.73023e-05
17800   1.43695   1.72069e-05
17900   1.43695   1.71125e-05
18000   1.43695   1.71425e-05
18100   1.43695   1.70605e-05
18200   1.43695   1.69674e-05
18300   1.43695   1.68829e-05
18400   1.43695   1.67956e-05
18500   1.43696   1.67167e-05
18600   1.43696   1.68159e-05
18700   1.43696   1.67736e-05
18800   1.43696   1.67052e-05
18900   1.43695   1.66551e-05
19000   1.43695   1.65674e-05
19100   1.43696   1.65297e-05
19200   1.43695   1.64617e-05
19300   1.43695   1.6408e-05
19400   1.43696   1.63839e-05
19500   1.43695   1.64196e-05
19600   1.43695   1.63662e-05
19700   1.43695   1.62854e-05
19800   1.43695   1.62033e-05
19900   1.43695   1.61236e-05
20000   1.43696   1.60873e-05
20100   1.43695   1.60501e-05
20200   1.43695   1.59743e-05
20300   1.43696   1.59598e-05
20400   1.43696   1.58816e-05
20500   1.43696   1.5811e-05
20600   1.43695   1.58351e-05
20700   1.43695   1.578e-05
20800   1.43695   1.58565e-05
20900   1.43695   1.58545e-05
21000   1.43695   1.58052e-05
21100   1.43695   1.59757e-05
21200   1.43695   1.59184e-05
21300   1.43695   1.58606e-05
21400   1.43695   1.58017e-05
21500   1.43695   1.57353e-05
21600   1.43695   1.56678e-05
21700   1.43695   1.56583e-05
21800   1.43695   1.55922e-05
21900   1.43695   1.55536e-05
22000   1.43695   1.54829e-05
22100   1.43695   1.54147e-05
22200   1.43695   1.53801e-05
22300   1.43695   1.53151e-05
22400   1.43695   1.52844e-05
22500   1.43695   1.52857e-05
22600   1.43695   1.52188e-05
22700   1.43695   1.51855e-05
22800   1.43695   1.52242e-05
22900   1.43695   1.52156e-05
23000   1.43695   1.51618e-05
23100   1.43695   1.50976e-05
23200   1.43695   1.50706e-05
23300   1.43695   1.50928e-05
23400   1.43694   1.50396e-05
23500   1.43694   1.49765e-05
23600   1.43694   1.49168e-05
23700   1.43694   1.48747e-05
23800   1.43694   1.48303e-05
23900   1.43694   1.48117e-05
24000   1.43694   1.47508e-05
24100   1.43694   1.474e-05
24200   1.43694   1.46867e-05
24300   1.43694   1.46427e-05
24400   1.43694   1.45954e-05
24500   1.43694   1.47975e-05
24600   1.43694   1.47395e-05
24700   1.43694   1.46943e-05
24800   1.43694   1.47995e-05
24900   1.43694   1.47615e-05
25000   1.43694   1.47447e-05
25100   1.43694   1.47955e-05
25200   1.43694   1.47469e-05
25300   1.43694   1.47127e-05
25400   1.43694   1.46784e-05
25500   1.43694   1.46216e-05
25600   1.43694   1.46069e-05
25700   1.43694   1.45653e-05
25800   1.43694   1.45099e-05
25900   1.43694   1.4467e-05
26000   1.43694   1.44306e-05
26100   1.43694   1.44605e-05
26200   1.43694   1.44436e-05
26300   1.43694   1.44116e-05
26400   1.43694   1.43632e-05
26500   1.43694   1.43317e-05
26600   1.43694   1.4279e-05
26700   1.43694   1.42269e-05
26800   1.43694   1.42175e-05
26900   1.43694   1.41678e-05
27000   1.43694   1.44692e-05
27100   1.43694   1.49469e-05
27200   1.43693   1.49058e-05
27300   1.43694   1.49026e-05
27400   1.43694   1.49781e-05
27500   1.43694   1.49538e-05
27600   1.43694   1.49215e-05
27700   1.43694   1.49421e-05
27800   1.43694   1.48998e-05
27900   1.43694   1.49209e-05
28000   1.43694   1.48752e-05
28100   1.43694   1.49606e-05
28200   1.43694   1.51065e-05
28300   1.43694   1.50885e-05
28400   1.43694   1.50495e-05
28500   1.43694   1.49973e-05
28600   1.43694   1.49454e-05
28700   1.43694   1.49296e-05
28800   1.43694   1.49283e-05
28900   1.43694   1.49183e-05
29000   1.43694   1.48797e-05
29100   1.43694   1.48495e-05
29200   1.43694   1.48009e-05
29300   1.43694   1.47558e-05
29400   1.43695   1.48037e-05
29500   1.43694   1.48181e-05
29600   1.43695   1.48042e-05
29700   1.43695   1.47567e-05
29800   1.43695   1.47605e-05
29900   1.43695   1.47529e-05
30000   1.43695   1.47046e-05
30100   1.43695   1.46595e-05
30200   1.43695   1.46132e-05
30300   1.43695   1.45734e-05
30400   1.43695   1.4531e-05
30500   1.43695   1.44942e-05
30600   1.43695   1.44742e-05
30700   1.43695   1.44673e-05
30800   1.43695   1.44868e-05
30900   1.43695   1.44407e-05
31000   1.43695   1.48594e-05
31100   1.43695   1.48354e-05
31200   1.43695   1.48714e-05
31300   1.43695   1.48324e-05
31400   1.43695   1.48681e-05
31500   1.43695   1.48209e-05
31600   1.43695   1.47743e-05
31700   1.43695   1.47468e-05
31800   1.43695   1.47576e-05
31900   1.43695   1.47664e-05
32000   1.43695   1.4793e-05
32100   1.43695   1.4771e-05
32200   1.43695   1.49208e-05
32300   1.43695   1.49418e-05
32400   1.43695   1.49426e-05
32500   1.43695   1.49186e-05
32600   1.43695   1.48729e-05
32700   1.43695   1.48586e-05
32800   1.43695   1.48209e-05
32900   1.43695   1.47815e-05
33000   1.43695   1.47383e-05
33100   1.43695   1.46974e-05
33200   1.43695   1.46614e-05
33300   1.43695   1.46513e-05
33400   1.43695   1.46075e-05
33500   1.43695   1.45714e-05
33600   1.43695   1.45396e-05
33700   1.43695   1.45015e-05
33800   1.43695   1.44589e-05
33900   1.43695   1.44168e-05
34000   1.43695   1.44107e-05
34100   1.43695   1.43712e-05
34200   1.43695   1.43408e-05
34300   1.43695   1.42999e-05
34400   1.43695   1.42584e-05
34500   1.43695   1.42195e-05
34600   1.43695   1.41966e-05
34700   1.43695   1.41691e-05
34800   1.43695   1.41316e-05
34900   1.43695   1.4145e-05
35000   1.43695   1.41047e-05
35100   1.43695   1.40647e-05
35200   1.43695   1.4025e-05
35300   1.43695   1.39869e-05
35400   1.43695   1.39672e-05
35500   1.43695   1.39282e-05
35600   1.43695   1.38921e-05
35700   1.43695   1.38536e-05
35800   1.43695   1.3821e-05
35900   1.43696   1.39643e-05
36000   1.43695   1.40553e-05
36100   1.43695   1.40288e-05
36200   1.43696   1.40371e-05
36300   1.43696   1.40966e-05
36400   1.43696   1.41362e-05
36500   1.43696   1.4275e-05
36600   1.43696   1.43902e-05
36700   1.43696   1.43515e-05
36800   1.43696   1.43128e-05
36900   1.43696   1.42877e-05
37000   1.43696   1.42517e-05
37100   1.43695   1.42498e-05
37200   1.43696   1.4234e-05
37300   1.43696   1.41984e-05
37400   1.43696   1.41608e-05
37500   1.43696   1.41232e-05
37600   1.43695   1.41075e-05
37700   1.43696   1.40784e-05
37800   1.43695   1.40539e-05
37900   1.43695   1.40206e-05
38000   1.43695   1.39843e-05
38100   1.43695   1.39573e-05
38200   1.43696   1.39224e-05
38300   1.43696   1.38868e-05
38400   1.43696   1.38555e-05
38500   1.43696   1.38218e-05
38600   1.43696   1.37866e-05
38700   1.43696   1.37678e-05
38800   1.43696   1.38055e-05
38900   1.43695   1.37773e-05
39000   1.43696   1.37471e-05
39100   1.43695   1.37254e-05
39200   1.43695   1.37142e-05
39300   1.43695   1.36924e-05
39400   1.43695   1.36806e-05
39500   1.43695   1.36462e-05
39600   1.43695   1.36517e-05
39700   1.43695   1.36183e-05
39800   1.43695   1.35889e-05
39900   1.43695   1.35562e-05
40000   1.43695   1.35238e-05
40100   1.43695   1.35292e-05
40200   1.43695   1.34956e-05
40300   1.43695   1.35018e-05
40400   1.43695   1.34773e-05
40500   1.43695   1.3452e-05
40600   1.43695   1.34188e-05
40700   1.43695   1.33948e-05
40800   1.43695   1.33621e-05
40900   1.43695   1.33354e-05
41000   1.43695   1.33122e-05
41100   1.43695   1.32807e-05
41200   1.43695   1.32569e-05
41300   1.43695   1.3246e-05
41400   1.43695   1.32162e-05
41500   1.43695   1.32319e-05
41600   1.43695   1.32152e-05
41700   1.43695   1.32022e-05
41800   1.43695   1.31722e-05
41900   1.43695   1.3141e-05
42000   1.43695   1.31114e-05
42100   1.43695   1.30803e-05
42200   1.43695   1.30498e-05
42300   1.43695   1.30228e-05
42400   1.43695   1.29921e-05
42500   1.43695   1.29619e-05
42600   1.43695   1.2938e-05
42700   1.43695   1.29507e-05
42800   1.43695   1.2921e-05
42900   1.43695   1.28991e-05
43000   1.43695   1.28692e-05
43100   1.43695   1.29354e-05
43200   1.43695   1.29144e-05
43300   1.43695   1.28993e-05
43400   1.43695   1.29205e-05
43500   1.43695   1.29002e-05
43600   1.43695   1.28857e-05
43700   1.43695   1.28562e-05
43800   1.43695   1.28334e-05
43900   1.43695   1.28099e-05
44000   1.43695   1.27999e-05
44100   1.43695   1.27852e-05
44200   1.43695   1.27627e-05
44300   1.43695   1.27444e-05
44400   1.43695   1.27299e-05
44500   1.43695   1.2718e-05
44600   1.43695   1.27553e-05
44700   1.43695   1.28169e-05
44800   1.43695   1.28115e-05
44900   1.43695   1.28176e-05
45000   1.43695   1.27896e-05
45100   1.43695   1.2776e-05
45200   1.43695   1.27734e-05
45300   1.43695   1.2763e-05
45400   1.43695   1.27814e-05
45500   1.43695   1.27935e-05
45600   1.43695   1.27655e-05
45700   1.43695   1.27828e-05
45800   1.43694   1.28403e-05
45900   1.43694   1.28123e-05
46000   1.43694   1.27939e-05
46100   1.43694   1.27886e-05
46200   1.43694   1.27863e-05
46300   1.43694   1.27593e-05
46400   1.43694   1.27379e-05
46500   1.43694   1.27659e-05
46600   1.43694   1.27427e-05
46700   1.43694   1.27229e-05
46800   1.43694   1.27258e-05
46900   1.43694   1.27188e-05
47000   1.43694   1.26997e-05
47100   1.43694   1.26775e-05
47200   1.43694   1.26516e-05
47300   1.43694   1.26371e-05
47400   1.43694   1.26108e-05
47500   1.43694   1.25844e-05
47600   1.43694   1.25593e-05
47700   1.43694   1.25369e-05
47800   1.43694   1.25225e-05
47900   1.43694   1.24994e-05
48000   1.43694   1.24869e-05
48100   1.43694   1.24626e-05
48200   1.43694   1.24512e-05
48300   1.43694   1.24503e-05
48400   1.43694   1.24268e-05
48500   1.43694   1.24017e-05
48600   1.43694   1.23901e-05
48700   1.43694   1.23802e-05
48800   1.43694   1.23556e-05
48900   1.43694   1.23329e-05
49000   1.43694   1.23274e-05
49100   1.43694   1.23199e-05
49200   1.43694   1.22997e-05
49300   1.43694   1.22754e-05
49400   1.43694   1.22561e-05
49500   1.43694   1.22403e-05
49600   1.43694   1.22277e-05
49700   1.43694   1.22313e-05
49800   1.43694   1.22103e-05
49900   1.43694   1.21862e-05
50000   1.43694   1.21621e-05
