0.0323165 0 0
0.0969496 0 0
0.161583 0 0
0.226216 0 0
0.290849 0 0
0.355482 0 0
0.420115 0 0
0.484748 0 0
0.549381 0 0
0.614014 0 0
0.678647 0 0
0.74328 0 0
0.807913 0 0
0.872546 0.000718419 0.000367651
0.937179 0.0801831 0.00475514
1.00181 0.511386 0.0130819
1.06645 0.881188 0.0156855
1.13108 0.946982 0.0152963
1.19571 0.90744 0.0129838
1.26034 0.813848 0.0125809
1.32498 0.755176 0.0118351
1.38961 0.687305 0.0105835
1.45424 0.640751 0.00981602
1.51888 0.603495 0.00904791
1.58351 0.563388 0.0083069
1.64814 0.564537 0.00846649
1.71278 0.534986 0.00735101
1.77741 0.532987 0.00725629
1.84204 0.528872 0.00668539
1.90667 0.517997 0.00663213
1.97131 0.515331 0.00673572
2.03594 0.517147 0.00619215
2.10057 0.520236 0.00576991
2.16521 0.508959 0.00605804
2.22984 0.502141 0.00571888
2.29447 0.495065 0.00535299
2.35911 0.51207 0.0053023
2.42374 0.519791 0.00536959
2.48837 0.507405 0.00538263
2.55301 0.502405 0.00479511
2.61764 0.507383 0.00508777
2.68227 0.504212 0.00469249
2.7469 0.504538 0.0043474
2.81154 0.502987 0.00444753
2.87617 0.496902 0.00433796
2.9408 0.496217 0.00403029
3.00544 0.504047 0.00426029
3.07007 0.499768 0.00387772
3.1347 0.49869 0.00401622
3.19934 0.494222 0.0038118
3.26397 0.4905 0.00387093
3.3286 0.49782 0.00408593
3.39323 0.49986 0.00347847
3.45787 0.496894 0.00369587
3.5225 0.493883 0.00344202
3.58713 0.494539 0.00361766
3.65177 0.492915 0.00344052
3.7164 0.488489 0.00333291
3.78103 0.491732 0.00339046
3.84567 0.489859 0.00316504
3.9103 0.487521 0.0030406
3.97493 0.484818 0.0030514
4.03957 0.483518 0.00296796
4.1042 0.488856 0.00283252
4.16883 0.48986 0.00296766
4.23346 0.488934 0.00293821
4.2981 0.486929 0.00274022
4.36273 0.487429 0.00271735
4.42736 0.484677 0.00272112
4.492 0.488925 0.00292827
4.55663 0.481635 0.0026617
4.62126 0.485467 0.00252681
4.6859 0.490394 0.00249666
4.75053 0.484149 0.0025055
4.81516 0.48843 0.00247674
4.87979 0.48498 0.00252126
4.94443 0.480925 0.00255181
5.00906 0.49143 0.00251498
5.07369 0.485501 0.00241329
5.13833 0.48795 0.0025311
5.20296 0.487405 0.00246716
5.26759 0.490468 0.00243166
5.33223 0.493126 0.00228923
5.39686 0.492321 0.00225389
5.46149 0.497033 0.00235138
5.52612 0.494058 0.0022036
5.59076 0.496432 0.00226015
5.65539 0.496159 0.00215451
5.72002 0.493356 0.00200752
5.78466 0.493409 0.00216822
5.84929 0.491406 0.00203981
5.91392 0.495179 0.00196168
5.97856 0.494346 0.00204142
6.04319 0.491974 0.00212526
6.10782 0.496729 0.00204317
6.17246 0.498358 0.00210425
6.23709 0.493575 0.00204308
6.30172 0.493352 0.00192039
6.36635 0.495246 0.00190208
6.43099 0.502612 0.00187199
