   0.0323165   0   0
   0.0969496   0   0
   0.161583   0   0
   0.226216   0   0
   0.290849   0   0
   0.355482   0   0
   0.420115   0   0
   0.484748   0   0
   0.549381   0   0
   0.614014   0   0
   0.678647   0   0
   0.74328   0   0
   0.807913   0   0
   0.872546   0.000598682   0.000311085
   0.937179   0.0958046   0.00542304
   1.00181   0.489947   0.0169394
   1.06645   0.876298   0.0229644
   1.13108   0.912167   0.0232135
   1.19571   0.838564   0.0211379
   1.26034   0.776278   0.0193032
   1.32498   0.71765   0.0167896
   1.38961   0.65994   0.0155764
   1.45424   0.622922   0.014293
   1.51888   0.592981   0.0128507
   1.58351   0.578189   0.0133225
   1.64814   0.559434   0.0125522
   1.71278   0.54582   0.0117025
   1.77741   0.535672   0.011262
   1.84204   0.51921   0.0115459
   1.90667   0.511425   0.0103077
   1.97131   0.505921   0.00931773
   2.03594   0.496554   0.00882804
   2.10057   0.499372   0.00754894
   2.16521   0.507287   0.00886676
   2.22984   0.511623   0.00885251
   2.29447   0.513045   0.00809137
   2.35911   0.493275   0.00789149
   2.42374   0.508163   0.00919122
   2.48837   0.50256   0.00780865
   2.55301   0.493017   0.0081597
   2.61764   0.502539   0.00761974
   2.68227   0.505245   0.00660611
   2.7469   0.501897   0.00614583
   2.81154   0.501406   0.00630117
   2.87617   0.508202   0.0067302
   2.9408   0.506889   0.00639182
   3.00544   0.507924   0.00605737
   3.07007   0.511117   0.00541137
   3.1347   0.510315   0.0058672
   3.19934   0.509827   0.00610051
   3.26397   0.515449   0.00587933
   3.3286   0.502113   0.00568975
   3.39323   0.510205   0.00519385
   3.45787   0.505139   0.00464448
   3.5225   0.508675   0.0053923
   3.58713   0.508137   0.0046742
   3.65177   0.511424   0.00437624
   3.7164   0.500087   0.00424244
   3.78103   0.500491   0.00453163
   3.84567   0.500564   0.00425515
   3.9103   0.50421   0.00477081
   3.97493   0.504203   0.00483269
   4.03957   0.502304   0.00478655
   4.1042   0.499736   0.00408197
   4.16883   0.504574   0.00443172
   4.23346   0.492578   0.00388006
   4.2981   0.492774   0.00399153
   4.36273   0.493047   0.00358438
   4.42736   0.493017   0.00404181
   4.492   0.490507   0.00388404
   4.55663   0.493747   0.00399901
   4.62126   0.493529   0.00365599
   4.6859   0.49564   0.00365505
   4.75053   0.492427   0.00344814
   4.81516   0.483417   0.00345652
   4.87979   0.484792   0.00355121
   4.94443   0.489609   0.00364157
   5.00906   0.495335   0.00353672
   5.07369   0.493757   0.00367343
   5.13833   0.493388   0.00346827
   5.20296   0.4973   0.00352439
   5.26759   0.497681   0.00334975
   5.33223   0.493463   0.00330868
   5.39686   0.494972   0.00354365
   5.46149   0.491753   0.0033424
   5.52612   0.495497   0.00339892
   5.59076   0.493507   0.00329023
   5.65539   0.48928   0.00270908
   5.72002   0.494567   0.00319174
   5.78466   0.491797   0.0029285
   5.84929   0.487799   0.00317741
   5.91392   0.489945   0.00274197
   5.97856   0.489227   0.00299325
   6.04319   0.490233   0.00345302
   6.10782   0.493127   0.00300963
   6.17246   0.491967   0.00328615
   6.23709   0.490493   0.00297984
   6.30172   0.489529   0.00314075
   6.36635   0.491834   0.00301461
   6.43099   0.498288   0.00265256
