1.77775
1.77546
1.77172
1.76646
1.75978
1.75192
1.74343
1.7351
1.72795
1.72291
1.72054
1.72082
1.72322
1.72694
1.73123
1.73557
1.73964
1.7433
1.74647
1.74911
1.75117
1.75259
1.75334
1.7534
1.7528
1.75163
1.75007
1.74837
1.74685
1.74581
1.74548
1.74596
1.74721
1.74901
1.7511
1.7532
1.75509
1.75662
1.75773
1.75844
1.75878
1.75885
1.75874
1.75851
1.75822
1.75789
1.75749
1.75697
1.75622
1.75513
1.75359
1.75149
1.74878
1.7455
1.74177
1.73783
1.73398
1.73058
1.72787
1.72598
1.72484
1.72431
1.72417
1.72429
1.72466
1.72533
1.72643
1.72806
1.73025
1.73294
1.73602
1.73932
1.7427
1.74603
1.74923
1.75221
1.75496
1.75746
1.75971
1.76172
1.76351
1.7651
1.76651
1.76776
1.76889
1.76992
1.77087
1.77176
1.77262
1.77346
1.77429
1.77511
1.77593
1.77673
1.77747
1.77813
1.77864
1.77895
1.77899
1.77869
1.778
1.77689
1.77537
1.77347
1.7713
1.76904
1.76689
1.76512
1.76401
1.76381
1.76467
1.76667
1.76972
1.7736
1.77801
1.78261
1.78707
1.79114
1.79461
1.79737
1.79933
1.80046
1.80075
1.80025
1.79901
1.79712
1.79474
1.79204
1.78923
1.78655
1.78422
1.78244
1.78136
1.78106
1.78156
1.78283
1.78477
1.78729
1.79023
1.79347
1.79689
1.80039
1.80392
1.80741
1.81084
1.81415
1.81731
1.82024
1.82286
1.82508
1.82678
1.82785
1.82822
1.82779
1.82653
1.82443
1.82155
1.81803
1.81403
1.8098
1.80558
1.80159
1.79796
1.79474
1.79191
1.78943
1.78729
1.78553
1.78425
1.78352
1.78335
1.78363
1.78415
1.78464
1.78488
1.78476
1.78431
1.78369
1.78316
1.78292
1.78309
1.78366
1.78447
1.78528
1.78587
1.78607
1.78588
1.78545
1.78503
1.78495
1.78547
1.78674
1.7887
1.79114
1.79377
1.79628
1.79846
1.80014
1.8013
1.80193
1.80212
1.80195
1.80153
1.80097
1.80036
1.79979
1.79931
1.79898
1.79883
1.79886
1.79907
1.79945
1.79998
1.80062
1.80136
1.80217
1.80303
1.80392
1.80481
1.8057
1.80656
1.80739
1.80818
1.8089
1.80954
1.81011
1.81057
1.81094
1.8112
1.81135
1.8114
1.81136
1.81126
1.81112
1.81097
1.81083
1.81073
1.81066
1.81057
1.81041
1.81005
1.80931
1.80798
1.80577
1.80238
1.79753
1.79104
1.78305
1.77418
1.76575
1.75962
1.7576
1.76056
1.76799
1.77821
1.78929
1.79971
1.80862
1.81571
1.82101
1.82465
1.82679
1.82757
1.82708
1.82543
1.82272
1.81916
1.8151
1.81103
1.80752
1.80512
1.8042
1.80481
1.80669
1.80941
1.8125
1.81559
1.81843
1.82087
1.82282
1.82421
1.8249
1.8247
1.82337
1.82066
1.81637
1.81057
1.80379
1.79721
1.79249
1.79114
1.79368
1.79924
1.80595
1.81186
1.8156
1.81656
1.81483
1.81094
1.80577
1.80032
1.79559
1.79239
1.79123
1.79224
1.79528
1.79994
1.80574
1.81212
1.81856
1.82461
1.82996
1.83439
1.83777
1.84006
1.84127
1.84141
1.84054
1.83873
1.83607
1.83268
1.8287
1.8243
1.81967
1.81497
1.8104
1.8061
1.80224
1.79899
1.79651
1.79492
1.79432
1.79473
1.79612
1.79833
1.80116
1.80436
1.80769
1.811
1.81423
1.81739
1.82049
1.82357
1.82657
1.8294
1.83194
1.83406
1.83564
1.8366
1.83693
1.83666
1.83591
1.83484
1.83369
1.83271
1.83216
1.83223
1.83302
1.83453
1.83665
1.83924
1.84214
1.84519
1.84829
1.85136
1.8543
1.85703
1.85941
1.86127
1.86234
1.86234
1.86087
1.85759
1.85226
1.84497
1.83645
1.82818
1.8221
1.8199
1.82206
1.82772
1.8353
1.84342
1.85135
1.85892
1.86625
1.87343
1.88042
1.88699
1.89282
1.89756
1.90091
1.90265
1.90265
1.90086
1.89735
1.89225
1.88583
1.87846
1.87066
1.86303
1.85624
1.85087
1.84727
1.84549
1.84519
1.8458
1.84657
1.84683
1.84614
1.84434
1.84167
1.83866
1.83604
1.83452
1.83471
1.83691
1.84118
1.84737
1.85517
1.8641
1.87353
1.88265
1.89063
1.89673
1.90043
1.90156
1.90027
1.8971
1.89295
1.88884
1.88571
1.88402
1.8836
1.88383
1.88389
1.88315
1.88131
1.8784
1.87478
1.87089
1.86717
1.8639
1.86116
1.85885
1.85675
1.85466
1.85252
1.85038
1.84849
1.8471
1.84639
1.84634
1.84675
1.84729
1.84761
1.84743
1.84654
1.84485
1.8424
1.83929
1.83577
1.83219
1.82896
1.82646
1.82499
1.82467
1.82539
1.8269
1.82887
1.83094
1.83284
1.83436
1.83538
1.83585
1.83578
1.83519
1.83415
1.83272
1.83101
1.82911
1.82711
1.82512
1.82325
1.82157
1.82016
1.81907
1.81831
1.81788
1.81776
1.81791
1.81829
1.81884
1.81954
1.82033
1.82117
1.82204
1.82288
1.82368
1.82439
1.82496
1.82537
1.82554
1.82545
1.82502
1.82421
1.82297
1.82127
1.81909
1.81644
1.81333
1.80983
1.806
1.80194
1.79773
1.79347
1.78925
1.78509
1.78094
1.7767
1.77221
1.76739
1.76233
1.7574
1.75322
1.75048
1.7497
1.75106
1.7543
1.75889
1.76425
1.76985
1.7753
1.78038
1.78497
1.78906
1.79267
1.79586
1.79869
1.8012
1.8034
1.80525
1.80671
1.80769
1.80807
1.80775
1.80661
1.80456
1.80152
1.79746
1.79241
1.7865
1.78003
1.77354
1.76784
1.76387
1.76242
1.76386
1.76786
1.7736
1.78
1.78615
1.79144
1.7956
1.7986
1.80059
1.80176
1.80233
1.80251
1.80249
1.80245
1.80251
1.80277
1.8033
1.80413
1.80526
1.80665
1.80825
1.80998
1.81176
1.81348
1.81503
1.81631
1.81716
1.81747
1.81707
1.81585
1.81371
1.81066
1.80682
1.8025
1.79815
1.79428
1.79131
1.78939
1.78837
1.78786
1.78739
1.78662
1.78536
1.78367
1.78174
1.77985
1.77833
1.77751
1.77764
1.77888
1.78128
1.78476
1.78918
1.79436
1.80009
1.80616
1.81235
1.81843
1.82422
1.82953
1.83426
1.83831
1.84165
1.84423
1.84601
1.84691
1.84681
1.84555
1.84293
1.83872
1.83276
1.82512
1.81623
1.80711
1.79931
1.79446
1.7936
1.79659
1.80224
1.80894
1.81536
1.82071
1.82474
1.82753
1.82929
1.83026
1.83065
1.8306
1.83023
1.82957
1.8287
1.82771
1.82674
1.82601
1.82573
1.82608
1.8271
1.82868
1.83058
1.83251
1.83421
1.83551
1.83636
1.83679
1.83688
1.83674
1.83645
1.83609
1.83566
1.83519
1.83465
1.83403
1.8333
1.83247
1.83153
1.83049
1.82935
1.82817
1.82696
1.82579
1.82471
1.82375
1.82294
1.82227
1.82173
1.82127
1.82081
1.82032
1.81974
1.81906
1.81828
1.81741
1.81648
1.81547
1.81436
1.81307
1.81147
1.80937
1.8065
1.80254
1.79718
1.79018
1.78154
1.77173
1.76178
1.75323
1.74769
1.74622
1.74882
1.75451
1.76187
1.76956
1.7766
1.78241
1.78672
1.78951
1.7909
1.79113
1.79049
1.78928
1.78782
1.78638
1.78516
1.78431
1.78386
1.78381
1.78407
1.78457
1.78516
1.78575
1.78618
1.78633
1.78606
1.7852
1.78361
1.78114
1.77776
1.77352
1.76873
1.76395
1.75994
1.75753
1.75729
1.75931
1.76316
1.76809
1.77329
1.77814
1.78226
1.78553
1.78793
1.78955
1.7905
1.79086
1.79069
1.79
1.78876
1.78693
1.78441
1.78113
1.77706
1.7723
1.76709
1.76191
1.75743
1.75433
1.7531
1.75383
1.75615
1.75938
1.76279
1.76579
1.76802
1.76935
1.76983
1.76963
1.76895
1.76805
1.76718
1.76655
1.76632
1.7666
1.76741
1.7687
1.77037
1.77227
1.77423
1.7761
1.77773
1.77898
1.77974
1.77993
1.77946
1.77828
1.77635
1.77365
1.77022
1.76612
1.76149
1.75653
1.75148
1.74661
1.7422
1.73847
1.73559
1.73365
1.73273
1.73282
1.73391
1.73594
1.73877
1.74223
1.7461
1.75014
1.75414
1.7579
1.76126
1.7641
1.76633
1.76788
1.76874
1.76893
1.76851
1.76758
1.76628
1.7648
1.76335
1.76215
1.7614
1.76123
1.7617
1.76276
1.76432
1.76622
1.76829
1.77038
1.77237
1.77418
1.77574
1.77702
1.778
1.77864
1.77892
1.77878
1.77814
1.7769
1.77493
1.77209
1.76828
1.76349
1.75794
1.75209
1.74676
1.74292
1.7414
1.74258
1.74616
1.75132
1.75709
1.76265
1.76749
1.77137
1.77429
1.77634
1.77766
1.77839
1.77867
1.77858
1.77825
1.77773
1.77712
1.77648
1.77589
1.77542
1.7751
1.775
1.77512
1.77548
1.77607
1.77685
1.77779
1.77885
1.77997
1.7811
1.78218
1.78315
1.78395
1.78449
1.78471
1.7845
1.78376
1.7824
1.78032
1.77741
1.77362
1.76894
1.76345
1.75736
1.75101
1.74489
1.73958
1.73569
1.73372
1.73395
1.73642
1.74091
1.74702
1.75421
1.76191
1.76955
1.77663
1.78276
1.78763
1.79105
1.79289
1.79305
1.79152
1.78828
1.78345
1.77728
1.77032
1.76346
1.75779
1.75437
1.75372
1.75561
1.75912
1.76304
1.76629
1.76815
1.76835
1.76702
1.76459
1.76178
1.75944
1.75837
1.75917
1.76206
1.76688
1.77317
1.78031
1.78769
1.79479
1.80125
1.80684
1.81143
1.81498
1.81749
1.81892
1.8192
1.81819
1.81566
1.81135
1.80502
1.79668
1.78681
1.77668
1.76822
1.76344
1.76332
1.76721
1.77321
1.77913
1.78343
1.78536
1.78487
1.78236
1.77852
1.77422
1.77045
1.76813
1.76792
1.76999
1.77403
1.77939
1.7853
1.79111
1.79635
1.80076
1.80421
1.80668
1.80815
1.80867
1.80824
1.80692
1.80477
1.80194
1.7986
1.79506
1.79162
1.78861
1.78626
1.78464
1.78365
1.78305
1.78257
1.78198
1.78115
1.7801
1.77898
1.77805
1.77757
1.77778
1.77879
1.78059
1.783
1.78579
1.78869
1.79147
1.794
1.79625
1.7983
1.80029
1.80237
1.80463
1.80707
1.80958
1.81194
1.81396
1.81547
1.81639
1.81679
1.81683
1.81677
1.81684
1.81724
1.81802
1.81908
1.82022
1.82115
1.82158
1.8212
1.8198
1.81719
1.8133
1.80814
1.80192
1.79508
1.78827
1.78231
1.77799
1.77582
1.77586
1.77775
1.78083
1.78442
1.78796
1.79107
1.79358
1.79542
1.79666
1.79739
1.79776
1.79795
1.79813
1.79849
1.79914
1.80014
1.80149
1.80308
1.80478
1.80642
1.80787
1.80902
1.80979
1.81018
1.81019
1.80988
1.80933
1.80862
1.80788
1.80721
1.80672
1.80651
1.8066
1.80701
1.80768
1.80851
1.80937
1.81012
1.81062
1.81078
1.81052
1.80983
1.80872
1.80729
1.80563
1.80388
1.80212
1.80042
1.79879
1.79717
1.79553
1.79381
1.79206
1.79037
1.78893
1.78796
1.78765
1.78815
1.78947
1.79154
1.79418
1.79718
1.80032
1.80341
1.80631
1.80896
1.81131
1.81337
1.81514
1.81666
1.81795
1.81904
1.81996
1.82073
1.82138
1.82193
1.82241
1.82287
1.82332
1.82381
1.82435
1.82496
1.82564
1.82637
1.82711
1.82781
1.8284
1.82882
1.829
1.8289
1.82848
1.82773
1.82668
1.82537
1.82385
1.8222
1.82048
1.81873
1.81698
1.81521
1.81345
1.81169
1.81
1.80849
1.80734
1.80676
1.80698
1.8082
1.81052
1.81395
1.81835
1.82351
1.82911
1.83484
1.84036
1.84537
1.84963
1.85293
1.85517
1.85628
1.85631
1.85536
1.85366
1.85151
1.84925
1.84723
1.84576
1.845
1.84499
1.84561
1.84667
1.84798
1.84939
1.85082
1.85228
1.85381
1.85545
1.85724
1.85914
1.86109
1.86298
1.86468
1.86606
1.86701
1.86743
1.86727
1.8665
1.86512
1.86317
1.86071
1.85783
1.85461
1.85114
1.84754
1.84389
1.8403
1.83686
1.83366
1.83077
1.82825
1.82614
1.82446
1.8232
1.82231
1.8217
1.82123
1.82082
1.82041
1.82012
1.82016
1.82083
1.82234
1.82468
1.82765
1.83087
1.83395
1.83661
1.83869
1.84017
1.8411
1.84158
1.84169
1.84152
1.84113
1.84056
1.83986
1.83906
1.8382
1.83727
1.83627
1.83516
1.83386
1.83231
1.83042
1.82812
1.82537
1.82217
1.81861
1.81483
1.81106
1.80753
1.80448
1.80207
1.80029
1.79901
1.79795
1.79677
1.79517
1.79295
1.7901
1.78683
1.78347
1.78043
1.778
1.77628
1.77508
1.77404
1.77267
1.77064
1.76787
1.76466
1.76169
1.75982
1.75982
1.76197
1.76602
1.77126
1.77685
1.78205
1.78638
1.7896
1.79167
1.79268
1.79276
1.79209
1.79082
1.78913
1.78717
1.78506
1.78293
1.78087
1.77894
1.77722
1.77574
1.77452
1.77357
1.7729
1.77249
1.77228
1.77224
1.77227
1.77232
1.77232
1.77224
1.77205
1.77179
1.77151
1.77126
1.77112
1.77117
1.77145
1.77201
1.77287
1.77403
1.77545
1.77704
1.77872
1.78032
1.78171
1.78274
1.78334
1.78347
1.78323
1.78278
1.78236
1.78219
1.78243
1.78308
1.78403
1.78506
1.78591
1.78638
1.78637
1.78585
1.7849
1.78366
1.78229
1.78095
1.77977
1.7789
1.77845
1.77856
1.77928
1.7806
1.7824
1.78446
1.78654
1.7884
1.7899
1.79098
1.79166
1.79205
1.79224
1.79234
1.7924
1.79245
1.79247
1.79243
1.79228
1.79202
1.79161
1.79108
1.79044
1.78972
1.78897
1.78825
1.7876
1.7871
1.7868
1.78675
1.78696
1.78746
1.78822
1.78922
1.79043
1.79182
1.79334
1.79495
1.79661
1.79826
1.7998
1.80115
1.8022
1.80279
1.80279
1.80202
1.80032
1.79755
1.79367
1.78874
1.78307
1.77716
1.77174
1.76759
1.76532
1.76517
1.76695
1.77016
1.77416
1.7784
1.78246
1.78606
1.78907
1.79144
1.79319
1.79438
1.79514
1.7956
1.79598
1.79645
1.7972
1.79833
1.79984
1.80164
1.80357
1.80543
1.80703
1.80823
1.80894
1.80915
1.80891
1.8083
1.80744
1.80648
1.80556
1.80481
1.80431
1.80415
1.80432
1.8048
1.80552
1.80639
1.80729
1.80808
1.80858
1.80861
1.80795
1.80636
1.80364
1.79964
1.79436
1.78813
1.7816
1.77584
1.77204
1.77116
1.77354
1.77876
1.78582
1.79356
1.80095
1.80727
1.81212
1.81534
1.81698
1.81722
1.81636
1.81475
1.8128
1.81088
1.80929
1.80813
1.80734
1.80661
1.80549
1.80348
1.80017
1.79533
1.78902
1.78171
1.77426
1.76782
1.76364
1.76269
1.76531
1.77107
1.77893
1.78763
1.79608
1.80356
1.80973
1.81454
1.81811
1.82066
1.8224
1.82352
1.82418
1.82451
1.82454
1.82427
1.82365
1.8226
1.82104
1.81891
1.81625
1.81315
1.80984
1.80658
1.80364
1.80116
1.79913
1.79736
1.7956
1.79371
1.79174
1.79003
1.78906
1.78927
1.79081
1.79344
1.79656
1.79949
1.80161
1.80256
1.80221
1.80064
1.79811
1.79497
1.7916
1.78837
1.78558
1.78343
1.78204
1.78139
1.78146
1.78217
1.78345
1.78521
1.78733
1.78967
1.79205
1.79429
1.79621
1.79766
1.79853
1.79881
1.79852
1.79779
1.79677
1.79567
1.79471
1.7941
1.79396
1.79433
1.79518
1.79638
1.79775
1.79908
1.80016
1.80078
1.80076
1.79989
1.79801
1.79495
1.79062
1.78507
1.77851
1.77143
1.76454
1.75867
1.75449
1.75233
1.752
1.75288
1.75417
1.75507
1.75504
1.75385
1.75166
1.74892
1.74635
1.74471
1.74462
1.74632
1.74958
1.75377
1.75803
1.76159
1.76393
1.76492
1.76484
1.76429
1.76397
1.76445
1.76603
1.7686
1.7718
1.77515
1.7782
1.78069
1.78249
1.78361
1.78414
1.7842
1.78392
1.78342
1.7828
1.78214
1.7815
1.78092
1.78039
1.77993
1.77952
1.77912
1.77872
1.77828
1.77777
1.77719
1.77651
1.77574
1.77487
1.77394
1.77295
1.77193
1.77091
1.76992
1.76898
1.76812
1.76734
1.76664
1.766
1.76537
1.76472
1.764
1.76315
1.76216
1.76101
1.75973
1.75839
1.75707
1.75586
1.75488
1.7542
1.75387
1.75392
1.75434
1.75511
1.7562
1.7576
1.75925
1.7611
1.76305
1.76494
1.7666
1.76785
1.76855
1.76864
1.76823
1.7676
1.76716
1.76742
1.76874
1.77126
1.7748
1.7789
1.78303
1.78668
1.78955
1.79147
1.79249
1.79274
1.79243
1.79178
1.79101
1.79028
1.78972
1.78934
1.78913
1.78902
1.78893
1.78879
1.78854
1.78818
1.78776
1.78737
1.78715
1.78723
1.78771
1.78859
1.7898
1.79113
1.79234
1.79315
1.79335
1.79281
1.79156
1.7898
1.78785
1.78612
1.78499
1.78467
1.78514
1.78614
1.78728
1.78814
1.78841
1.78796
1.78687
1.78543
1.78405
1.78314
1.78308
1.78407
1.7862
1.78941
1.79358
1.79849
1.80383
1.80925
1.81442
1.81902
1.82287
1.82586
1.82795
1.82917
1.82952
1.82901
1.82762
1.8253
1.82199
1.81767
1.8124
1.8064
1.80005
1.79397
1.7889
1.7856
1.78461
1.78612
1.78992
1.7955
1.80219
1.80932
1.81635
1.8229
1.82871
1.83365
1.83767
1.84075
1.8429
1.84414
1.8445
1.84399
1.84267
1.84059
1.83785
1.83454
1.83076
1.82664
1.82227
1.81774
1.81317
1.80873
1.80456
1.8008
1.79744
1.79431
1.79108
1.78741
1.78307
1.77813
1.77305
1.76884
1.76683
1.76827
1.77361
1.78206
1.79192
1.80135
1.80902
1.81434
1.81738
1.81858
1.81855
1.81786
1.817
1.81625
1.81573
1.81544
1.81531
1.81526
1.81522
1.81518
1.81518
1.81525
1.81544
1.81578
1.81628
1.81691
1.81763
1.81837
1.81906
1.81965
1.82008
1.82029
1.82027
1.81998
1.8194
1.81852
1.81734
1.81583
1.814
1.81183
1.80932
1.80645
1.80322
1.79964
1.79571
1.79147
1.78701
1.78242
1.77788
1.77362
1.76988
1.76692
1.76493
1.76402
1.76417
1.76525
1.76702
1.76918
1.77142
1.77348
1.77513
1.77624
1.77678
1.77681
1.77645
1.77592
1.77543
1.77522
1.77543
1.77615
1.77735
1.77892
1.78071
1.78254
1.78427
1.78579
1.78703
1.78797
1.78863
1.78902
1.78921
1.78924
1.78916
1.78899
1.78877
1.78849
1.78813
1.78769
1.78712
1.78644
1.78565
1.7848
1.78398
1.78329
1.78283
1.78267
1.78279
1.78312
1.78344
1.78347
1.78287
1.78125
1.77828
1.77373
1.76761
1.76035
1.75284
1.74644
1.74263
1.74251
1.74623
1.75291
1.76096
1.76868
1.77472
1.77828
1.77921
1.77794
1.77538
1.77276
1.77126
1.77164
1.77403
1.77799
1.78288
1.78812
1.79333
1.79833
1.80303
1.80738
1.81135
1.81491
1.81803
1.82072
1.823
1.82492
1.82653
1.82787
1.829
1.82995
1.83075
1.83143
1.83198
1.83242
1.83274
1.83294
1.83301
1.83294
1.83273
1.83235
1.83179
1.83102
1.82996
1.82851
1.82651
1.82373
1.81989
1.8147
1.80801
1.80004
1.79167
1.78459
1.78091
1.78226
1.78882
1.79919
1.81118
1.82284
1.83297
1.84111
1.84723
1.85154
1.85432
1.85582
1.8563
1.85593
1.85487
1.85322
1.85103
1.84836
1.84525
1.84177
1.83804
1.83426
1.83078
1.82806
1.82661
1.82688
1.82906
1.83301
1.83823
1.84407
1.84985
1.85507
1.85939
1.8627
1.86498
1.86631
1.86681
1.86658
1.86572
1.86432
1.86247
1.86024
1.8577
1.85494
1.85206
1.8492
1.84648
1.84405
1.84205
1.84055
1.8396
1.83917
1.83917
1.83947
1.83993
1.8404
1.84079
1.84102
1.84108
1.84097
1.84078
1.84057
1.84045
1.84052
1.84084
1.84144
1.8423
1.84335
1.84451
1.84566
1.8467
1.84754
1.84809
1.8483
1.84815
1.84759
1.84664
1.8453
1.84358
1.84152
1.83914
1.8365
1.83365
1.83069
1.82776
1.82507
1.82293
1.82168
1.82166
1.82307
1.8259
1.82989
1.83462
1.83961
1.84443
1.84877
1.85244
1.85536
1.8575
1.85887
1.85946
1.85927
1.85828
1.85647
1.85384
1.8504
1.84628
1.84168
1.83692
1.83241
1.82854
1.82558
1.82359
1.82243
1.82181
1.8214
1.82099
1.82052
1.82002
1.81964
1.8195
1.81965
1.8201
1.82077
1.82157
1.82235
1.82294
1.82314
1.82272
1.82156
1.81976
1.81784
1.81674
1.81757
1.82116
1.82757
1.83605
1.84538
1.85435
1.86207
1.86805
1.87209
1.87415
1.87426
1.87253
1.86914
1.86441
1.85885
1.85315
1.84806
1.84428
1.84223
1.84195
1.84302
1.84458
1.84549
1.84466
1.84153
1.83667
1.83209
1.83069
1.83472
1.8442
1.8569
1.86988
1.88094
1.88908
1.89422
1.89673
1.89704
1.89545
1.89207
1.88675
1.87917
1.86897
1.85606
1.84098
1.82516
1.8109
1.80062
1.79569
1.79576
1.79927
1.80471
1.81143
1.81931
1.82808
1.837
1.84524
1.85226
1.85801
1.8627
1.86667
1.87015
1.87326
1.87598
1.87822
1.87986
1.88077
1.88086
1.88003
1.87822
1.87535
1.87132
1.86604
1.85944
1.85159
1.8428
1.83374
1.82546
1.8192
1.81595
1.8161
1.81924
1.8244
1.83046
1.83646
1.84174
1.84595
1.84893
1.85064
1.85114
1.85054
1.849
1.8467
1.84387
1.84076
1.8376
1.83464
1.83206
1.82997
1.82841
1.82734
1.82665
1.82618
1.82577
1.82528
1.82465
1.82391
1.82317
1.82264
1.82254
1.82306
1.82427
1.82615
1.82855
1.83129
1.83419
1.83712
1.84001
1.8428
1.84547
1.84799
1.85034
1.85247
1.85432
1.85581
1.85688
1.85744
1.85742
1.85674
1.85533
1.85312
1.85009
1.84625
1.84169
1.83656
1.83111
1.82565
1.82054
1.81614
1.81273
1.81047
1.80932
1.80906
1.8093
1.8096
1.80958
1.80899
1.80781
1.80617
1.80437
1.80273
1.80158
1.80111
1.80137
1.80231
1.80374
1.80542
1.80705
1.80834
1.80899
1.80878
1.80753
1.80516
1.8017
1.79736
1.79251
1.78774
1.78393
1.78209
1.78312
1.78728
1.79402
1.80207
1.80993
1.81636
1.82058
1.82231
1.8216
1.81877
1.81439
1.80923
1.80425
1.80038
1.79834
1.79836
1.80015
1.80307
1.80638
1.80945
1.81191
1.81356
1.81435
1.81432
1.81353
1.81204
1.80988
1.80709
1.80369
1.7997
1.79516
1.79009
1.78453
1.77856
1.77225
1.76575
1.75933
1.75334
1.74824
1.74452
1.74252
1.74236
1.7439
1.7468
1.75056
1.7547
1.75875
1.76234
1.76516
1.76699
1.7677
1.76728
1.76592
1.76398
1.76201
1.76064
1.76038
1.76153
1.76402
1.76752
1.77158
1.77575
1.77972
1.78331
1.78645
1.78917
1.79152
1.79357
1.79539
1.79703
1.79853
1.79993
1.80124
1.80247
1.80362
1.80467
1.80562
1.80643
1.80707
1.8075
1.80765
1.80745
1.80682
1.80566
1.80389
1.80145
1.79834
1.79468
1.79072
1.78685
1.78356
1.78129
1.7803
1.78057
1.78179
1.7835
1.78523
1.78667
1.78765
1.78821
1.7885
1.78872
1.78912
1.78994
1.79136
1.79347
1.79627
1.79959
1.80319
1.80675
1.80995
1.8125
1.81418
1.81484
1.81442
1.81299
1.81077
1.80814
1.80567
1.80394
1.80344
1.80431
1.8063
1.80881
1.81112
1.81257
1.81273
1.81146
1.80897
1.80577
1.80255
1.80005
1.79882
1.79907
1.80061
1.80296
1.80548
1.80752
1.80857
1.8083
1.80665
1.80392
1.8008
1.79825
1.79729
1.7985
1.8018
1.80639
1.81118
1.81511
1.81746
1.81791
1.81641
1.81314
1.80841
1.80265
1.79638
1.79027
1.78512
1.78182
1.78121
1.78372
1.78915
1.79666
1.80507
1.81319
1.82017
1.82556
1.82924
1.8313
1.83194
1.83139
1.82986
1.82756
1.82468
1.82145
1.8181
1.81492
1.81221
1.8102
1.80909
1.80894
1.80967
1.81112
1.81307
1.81527
1.81751
1.81963
1.82152
1.82314
1.82451
1.82572
1.82684
1.82797
1.82912
1.83023
1.8311
1.83149
1.83105
1.82952
1.8267
1.8226
1.81752
1.81198
1.80668
1.80228
1.79927
1.79779
1.79775
1.79888
1.80081
1.8031
1.80522
1.80658
1.80664
1.80501
1.80155
1.79644
1.79021
1.78366
1.77776
1.77346
1.77145
1.77207
1.77515
1.78018
1.78644
1.79326
1.8001
1.80666
1.81278
1.8184
1.82346
1.82788
1.83159
1.83449
1.83654
1.8377
1.838
1.83741
1.83594
1.83352
1.83006
1.8254
1.81935
1.81176
1.80264
1.79238
1.78196
1.77295
1.76713
1.76576
1.7689
1.77541
1.78366
1.79218
1.80009
1.80702
1.81297
1.81803
1.82232
1.8259
1.82881
1.83101
1.83249
1.83321
1.83317
1.83235
1.83078
1.82847
1.82546
1.8218
1.81756
1.81288
1.80794
1.80301
1.79842
1.79446
1.7913
1.78888
1.78685
1.78471
1.78195
1.77827
1.77379
1.76915
1.76543
1.76387
1.76532
1.76992
1.777
1.78546
1.79421
1.80244
1.80968
1.81575
1.82063
1.82438
1.82708
1.8288
1.82962
1.82961
1.82882
1.82732
1.8252
1.82253
1.81945
1.81608
1.81262
1.80925
1.80619
1.80367
1.80188
1.80094
1.80091
1.80178
1.80342
1.80567
1.80829
1.81106
1.81375
1.81615
1.81812
1.81959
1.82054
1.82103
1.82118
1.82114
1.82106
1.82107
1.82123
1.82155
1.82196
1.82233
1.82251
1.82235
1.82172
1.82051
1.81866
1.81613
1.81293
1.80912
1.80481
1.80016
1.79538
1.79073
1.78646
1.78278
1.77985
1.77772
1.77635
1.77562
1.77537
1.77543
1.77568
1.77599
1.77632
1.77661
1.77687
1.77709
1.77728
1.77744
1.77757
1.77763
1.77757
1.77734
1.77685
1.77601
1.77472
1.77291
1.77055
1.76767
1.76439
1.76094
1.75764
1.7549
1.75312
1.75259
1.75341
1.75545
1.75832
1.76155
1.76466
1.76721
1.7689
1.76952
1.76893
1.76706
1.76387
1.75937
1.75365
1.74693
1.7396
1.73225
1.72567
1.72072
1.71807
1.71804
1.72044
1.72463
1.7298
1.73513
1.74002
1.74412
1.74728
1.74949
1.7508
1.7513
1.75103
1.75
1.74816
1.74542
1.74166
1.73683
1.73101
1.72455
1.71815
1.71284
1.70969
1.70946
1.7122
1.71728
1.72368
1.7304
1.73675
1.74236
1.74713
1.75113
1.75445
1.75721
1.75949
1.76134
1.7628
1.76387
1.7646
1.76503
1.76525
1.76541
1.76566
1.76616
1.76703
1.76829
1.76982
1.77141
1.77279
1.7737
1.77395
1.7735
1.77248
1.7712
1.77
1.76924
1.76909
1.76956
1.77049
1.77173
1.77323
1.77517
1.77783
1.78141
1.78585
1.79076
1.79557
1.79984
1.80344
1.80659
1.80977
1.81345
1.81782
1.82264
1.82725
1.83068
1.8318
1.82944
1.82253
1.81044
1.7934
1.77313
1.75289
1.73651
1.72636
1.72219
1.72212
1.72483
1.73071
1.74098
1.75585
1.77368
1.7918
1.80787
1.82074
1.83027
1.83699
1.84169
1.84513
1.84797
1.85066
1.85343
1.85633
1.85926
1.86206
1.86457
1.86669
1.86839
1.86971
1.87068
1.8713
1.87152
1.87116
1.87003
1.86788
1.86457
1.86002
1.85432
1.84772
1.84063
1.83351
1.82681
1.82084
1.81573
1.81144
1.8078
1.80463
1.80189
1.7997
1.79836
1.79826
1.79971
1.80281
1.80733
1.81279
1.81856
1.82406
1.82885
1.83268
1.83545
1.83719
1.83797
1.8379
1.83706
1.83556
1.83348
1.8309
1.82792
1.82462
1.82107
1.81734
1.81344
1.80939
1.80523
1.80106
1.79712
1.79376
1.79149
1.79075
1.79177
1.79446
1.79836
1.80286
1.80731
1.81122
1.81429
1.81639
1.8175
1.81767
1.81699
1.81555
1.81342
1.81068
1.80741
1.8037
1.79965
1.79542
1.79114
1.787
1.7832
1.77992
1.77732
1.77552
1.77456
1.77443
1.77503
1.77619
1.77765
1.77908
1.78005
1.78
1.77827
1.77406
1.7667
1.75601
1.74308
1.73083
1.72349
1.72437
1.73343
1.74738
1.76213
1.77495
1.78485
1.79196
1.79682
1.79998
1.80187
1.80275
1.80278
1.80208
1.80071
1.79876
1.79631
1.79348
1.79041
1.78725
1.78415
1.78126
1.77868
1.77651
1.77477
1.77342
1.77241
1.77165
1.77107
1.7706
1.77022
1.76994
1.76978
1.76975
1.76987
1.77014
1.77054
1.77106
1.77166
1.77236
1.77314
1.77402
1.775
1.77611
1.77733
1.77867
1.78009
1.78156
1.78304
1.78449
1.78584
1.78705
1.78808
1.78886
1.78933
1.78944
1.78907
1.78812
1.78641
1.78368
1.77959
1.7737
1.7655
1.75461
1.74117
1.72641
1.71313
1.70508
1.70506
1.71291
1.7257
1.73974
1.75243
1.7627
1.77052
1.77633
1.78065
1.78392
1.78645
1.78846
1.79008
1.79139
1.79242
1.79317
1.79364
1.79378
1.79356
1.79295
1.79193
1.79049
1.78869
1.78658
1.78428
1.78193
1.77966
1.77759
1.7758
1.77432
1.77315
1.77226
1.77156
1.77093
1.77024
1.76938
1.76837
1.76743
1.76698
1.76753
1.76947
1.77286
1.77736
1.78233
1.78711
1.79123
1.79445
1.7968
1.79849
1.7998
1.80098
1.80224
1.80364
1.80513
1.8065
1.80744
1.80759
1.80651
1.80383
1.79927
1.79277
1.78466
1.77576
1.76747
1.7615
1.75938
1.76179
1.76818
1.77708
1.78667
1.79544
1.80248
1.80743
1.81033
1.81141
1.81099
1.80939
1.80692
1.80388
1.80051
1.79707
1.79376
1.79078
1.78828
1.78638
1.78513
1.78453
1.78452
1.78498
1.78569
1.78642
1.7869
1.78685
1.78605
1.78433
1.78163
1.77803
1.77374
1.7691
1.76453
1.76047
1.75728
1.75526
1.75461
1.75544
1.75777
1.76149
1.76632
1.77183
1.7775
1.78284
1.78745
1.7911
1.79373
1.79543
1.79639
1.79687
1.7971
1.79728
1.79751
1.79779
1.79802
1.79807
1.7978
1.79708
1.79589
1.79433
1.7926
1.79102
1.78995
1.7897
1.79044
1.79214
1.79458
1.79744
1.80038
1.80315
1.80555
1.80752
1.80903
1.81014
1.8109
1.81138
1.81166
1.81178
1.81177
1.81166
1.81145
1.8111
1.81058
1.80983
1.80878
1.80735
1.80548
1.80316
1.80044
1.79748
1.79456
1.79208
1.7905
1.79017
1.79129
1.79376
1.79729
1.80142
1.80572
1.80985
1.81357
1.81677
1.81944
1.82158
1.82325
1.82446
1.82526
1.82561
1.82551
1.8249
1.82374
1.82202
1.81976
1.81707
1.81414
1.81118
1.80843
1.80597
1.80378
1.80169
1.79955
1.79728
1.79491
1.79255
1.7902
1.78763
1.78435
1.77982
1.77371
1.76632
1.75904
1.75463
1.75653
1.7668
1.78412
1.80438
1.82326
1.83818
1.8485
1.85473
1.85781
1.85868
1.85806
1.85645
1.85412
1.85117
1.84751
1.84296
1.83725
1.83008
1.82118
1.81042
1.79787
1.78399
1.76964
1.75607
1.74477
1.73708
1.73378
1.73474
1.73898
1.74505
1.75157
1.75764
1.7629
1.76739
1.77135
1.77517
1.77928
1.7841
1.78989
1.79664
1.80401
1.81146
1.81842
1.82446
1.82932
1.83294
1.83539
1.83679
1.83731
1.83708
1.83622
1.83482
1.83297
1.83071
1.82809
1.82514
1.82189
1.81838
1.81462
1.81064
1.80648
1.80219
1.79782
1.79348
1.7893
1.78546
1.7822
1.77975
1.77837
1.77822
1.77937
1.78176
1.78517
1.78928
1.79374
1.7982
1.80232
1.80586
1.80862
1.81043
1.81118
1.8108
1.80924
1.80648
1.8026
1.79773
1.79214
1.78623
1.78055
1.77573
1.77238
1.77096
1.77169
1.77444
1.77886
1.78444
1.79065
1.79705
1.80331
1.80918
1.81447
1.81902
1.82265
1.82521
1.82652
1.82641
1.82472
1.82136
1.81631
1.80977
1.80229
1.79495
1.78931
1.78705
1.78923
1.79571
1.8051
1.81552
1.82531
1.83346
1.83961
1.84379
1.84626
1.84733
1.84731
1.84648
1.84507
1.84327
1.84123
1.83906
1.83683
1.83458
1.83232
1.83003
1.82766
1.82511
1.82221
1.81874
1.81438
1.80872
1.8013
1.7918
1.78034
1.76804
1.75732
1.75141
1.75267
1.76086
1.77316
1.78597
1.79661
1.80384
1.8075
1.808
1.80594
1.80197
1.79675
1.79094
1.78516
1.77998
1.77579
1.77278
1.77094
1.77014
1.77019
1.77094
1.77229
1.7742
1.77666
1.77966
1.78316
1.78706
1.7912
1.79539
1.7994
1.80304
1.80616
1.80866
1.81052
1.81172
1.8123
1.8123
1.81176
1.81073
1.80927
1.80741
1.80521
1.80273
1.80004
1.7972
1.79433
1.79151
1.78884
1.78642
1.7843
1.78251
1.78104
1.77985
1.77888
1.77804
1.77728
1.77654
1.77583
1.77517
1.77465
1.77438
1.77447
1.77504
1.77614
1.77781
1.77997
1.78253
1.78533
1.78818
1.79091
1.79336
1.7954
1.79692
1.79787
1.79817
1.79781
1.79676
1.79501
1.7926
1.78961
1.78617
1.78251
1.77894
1.77581
1.77346
1.77214
1.77196
1.77282
1.77451
1.77673
1.77918
1.78165
1.78397
1.78608
1.78799
1.78972
1.79131
1.79279
1.79414
1.79533
1.79626
1.79678
1.79669
1.79577
1.79379
1.79056
1.78606
1.78054
1.77457
1.76902
1.76483
1.7626
1.76236
1.76355
1.76536
1.76707
1.76835
1.76918
1.76976
1.77031
1.77098
1.77183
1.77284
1.77401
1.77537
1.77703
1.77912
1.78173
1.78485
1.78838
1.79215
1.79593
1.79954
1.80283
1.80571
1.80815
1.81013
1.81167
1.81276
1.81339
1.81354
1.81316
1.81224
1.81079
1.80888
1.8067
1.80453
1.80275
1.80174
1.80177
1.80291
1.80502
1.80774
1.81063
1.81323
1.81512
1.81596
1.81545
1.81336
1.8096
1.80438
1.79831
1.79248
1.78818
1.78645
1.78756
1.7909
1.79541
1.80007
1.80431
1.80804
1.81151
1.81504
1.81887
1.82307
1.82754
1.83212
1.83662
1.84088
1.84482
1.84838
1.85155
1.85433
1.85672
1.8587
1.8603
1.86151
1.86237
1.86289
1.86311
1.86308
1.86281
1.86234
1.86166
1.86073
1.85954
1.85805
1.85625
1.85417
1.85188
1.84952
1.84728
1.84536
1.84399
1.84332
1.84346
1.8444
1.84604
1.84819
1.85065
1.85317
1.85557
1.85767
1.85938
1.86062
1.86137
1.86166
1.86152
1.86106
1.86036
1.85957
1.85884
1.85833
1.85817
1.85845
1.85915
1.86016
1.86124
1.86213
1.86254
1.86227
1.86123
1.8595
1.85732
1.85502
1.85293
1.85125
1.85002
1.84919
1.8488
1.84911
1.85053
1.85341
1.85771
1.86294
1.86831
1.87305
1.87667
1.87905
1.88038
1.88103
1.88139
1.88177
1.88233
1.883
1.88359
1.88386
1.88354
1.88243
1.88041
1.87749
1.87373
1.86935
1.86462
1.85988
1.85546
1.85162
1.84848
1.84599
1.84401
1.84237
1.84094
1.83971
1.83882
1.83849
1.83898
1.84048
1.84307
1.8466
1.85073
1.85505
1.85909
1.86248
1.86493
1.86632
1.8666
1.86584
1.86418
1.86182
1.859
1.85601
1.85317
1.85081
1.84923
1.84865
1.84918
1.85077
1.85326
1.85639
1.85986
1.8634
1.86677
1.86983
1.87248
1.87465
1.87632
1.87746
1.87804
1.87802
1.87738
1.87609
1.87413
1.87158
1.86858
1.86538
1.86233
1.85984
1.85822
1.85765
1.8581
1.85931
1.86093
1.86263
1.86414
1.86533
1.86618
1.8668
1.86734
1.86801
1.86897
1.87034
1.87212
1.8742
1.87637
1.87843
1.88023
1.88177
1.88317
1.88467
1.8865
1.8888
1.89154
1.8945
1.89732
1.8996
1.90093
1.90099
1.89961
1.89683
1.89299
1.88886
1.88553
1.88417
1.88548
1.88931
1.89469
1.90031
1.90504
1.90826
1.90981
1.90979
1.90831
1.90537
1.90078
1.89426
1.88569
1.87521
1.86338
1.85113
1.83954
1.82959
1.82206
1.81759
1.81693
1.82091
1.83001
1.84382
1.86084
1.87889
1.89585
1.91023
1.92134
1.92913
1.93394
1.93628
1.9367
1.9357
1.93369
1.93102
1.92795
1.92469
1.92136
1.91805
1.91478
1.91151
1.90816
1.90462
1.90074
1.89634
1.89129
1.88544
1.87876
1.8713
1.86326
1.85498
1.84699
1.83985
1.83415
1.8304
1.82891
1.82981
1.83299
1.83816
1.84485
1.85243
1.86021
1.86751
1.87377
1.87849
1.8813
1.88185
1.87974
1.8745
1.86565
1.85295
1.83692
1.81948
1.80419
1.79508
1.79446
1.80145
1.81295
1.82568
1.8375
1.84745
1.85529
1.86118
1.86543
1.86839
1.87036
1.87158
1.87221
1.87236
1.87207
1.87141
1.87041
1.86915
1.86768
1.86612
1.86457
1.86319
1.86212
1.8615
1.86141
1.86187
1.86279
1.86399
1.86522
1.86617
1.86653
1.86602
1.86444
1.8617
1.85793
1.85344
1.84879
1.84466
1.84172
1.84038
1.84072
1.84251
1.84531
1.84859
1.85185
1.85461
1.85647
1.85711
1.85644
1.85473
1.85272
1.85151
1.85223
1.85552
1.86115
1.86818
1.87535
1.8816
1.88628
1.88914
1.89019
1.8896
1.8876
1.88447
1.88056
1.87623
1.8719
1.86797
1.86476
1.86247
1.86112
1.86059
1.8607
1.86123
1.86203
1.86301
1.86414
1.86541
1.86683
1.86839
1.87004
1.87171
1.87331
1.87477
1.87601
1.87695
1.87749
1.87749
1.87672
1.87486
1.87152
1.86636
1.8593
1.85086
1.84245
1.83616
1.83408
1.83715
1.84474
1.85512
1.86645
1.87736
1.88704
1.89504
1.90117
1.9054
1.90786
1.90877
1.9084
1.90709
1.90512
1.90269
1.89989
1.89668
1.89303
1.88899
1.88493
1.8816
1.87994
1.88074
1.88416
1.8896
1.89597
1.90213
1.90726
1.91091
1.91301
1.9137
1.91324
1.91197
1.91025
1.90846
1.90695
1.90603
1.90592
1.90673
1.90844
1.9109
1.91387
1.91703
1.92003
1.92256
1.92437
1.92531
1.92532
1.92449
1.923
1.92109
1.91903
1.91705
1.91529
1.91377
1.91239
1.91101
1.90948
1.90764
1.90539
1.90268
1.89952
1.89602
1.89237
1.88884
1.88575
1.88334
1.88177
1.88097
1.88071
1.88064
1.88039
1.87966
1.8783
1.87631
1.87386
1.87122
1.86871
1.86664
1.86521
1.8645
1.86446
1.86491
1.86564
1.86637
1.86687
1.86692
1.86638
1.86513
1.86314
1.86042
1.85704
1.85316
1.849
1.8448
1.84088
1.83747
1.83477
1.83284
1.83161
1.83094
1.8306
1.8304
1.83017
1.82979
1.82921
1.8284
1.82738
1.82619
1.82486
1.82343
1.82193
1.82036
1.81871
1.81693
1.81494
1.81261
1.80981
1.8064
1.80231
1.79758
1.79251
1.78768
1.78395
1.78221
1.78306
1.78654
1.79209
1.79878
1.8057
1.81214
1.81775
1.82239
1.82611
1.82904
1.8313
1.83303
1.83431
1.83523
1.83581
1.83606
1.83597
1.83549
1.83456
1.83314
1.83116
1.8286
1.82549
1.82196
1.81824
1.81466
1.81162
1.80945
1.80836
1.80834
1.80914
1.81042
1.81183
1.81312
1.8142
1.81513
1.81608
1.81722
1.81872
1.82064
1.82295
1.82557
1.82834
1.83109
1.83366
1.83591
1.83769
1.83887
1.83935
1.83902
1.83779
1.83564
1.83257
1.82866
1.82409
1.81911
1.81407
1.80936
1.80537
1.80247
1.8009
1.80077
1.80201
1.80443
1.80771
1.81148
1.81536
1.81901
1.82213
1.82447
1.82588
1.82624
1.82552
1.82378
1.82119
1.81804
1.81477
1.81195
1.81017
1.80996
1.81162
1.81507
1.8199
1.82541
1.83084
1.83552
1.83895
1.84088
1.84123
1.84015
1.8379
1.83487
1.83152
1.82836
1.82582
1.82419
1.82357
1.82388
1.82489
1.82629
1.8278
1.82921
1.83038
1.83124
1.83178
1.83202
1.832
1.83176
1.83134
1.83078
1.83009
1.82928
1.82836
1.82729
1.82606
1.82459
1.82281
1.82064
1.818
1.8148
1.81104
1.80684
1.80246
1.79837
1.79521
1.79358
1.7939
1.79622
1.80018
1.80518
1.81055
1.81576
1.82047
1.82452
1.82788
1.8306
1.83277
1.83447
1.83579
1.83677
1.83745
1.83785
1.83798
1.83783
1.83738
1.83659
1.83546
1.83394
1.83202
1.82968
1.82691
1.8237
1.82002
1.81584
1.81109
1.80573
1.79973
1.79323
1.78663
1.78066
1.77628
1.77436
1.77528
1.77868
1.78358
1.7888
1.79334
1.79663
1.79852
1.79919
1.79903
1.79856
1.79832
1.79879
1.80024
1.8027
1.80595
1.8096
1.81322
1.81644
1.81899
1.82074
1.82165
1.82174
1.8211
1.8198
1.81794
1.81561
1.81292
1.80996
1.80684
1.80366
1.80054
1.79759
1.79489
1.79252
1.79052
1.7889
1.78764
1.7867
1.78602
1.78554
1.7852
1.78492
1.7846
1.78415
1.78344
1.78236
1.7809
1.77911
1.77722
1.77558
1.77461
1.77465
1.77589
1.77824
1.78143
1.78504
1.7887
1.7921
1.79509
1.79761
1.79968
1.80135
1.80271
1.80383
1.80475
1.80554
1.8062
1.80675
1.8072
1.80755
1.80779
1.80794
1.80804
1.80812
1.80826
1.80852
1.809
1.80974
1.81081
1.81222
1.81396
1.81599
1.81822
1.82055
1.82285
1.82497
1.82678
1.8281
1.82881
1.82878
1.8279
1.82608
1.82327
1.81939
1.81441
1.8083
1.80106
1.79283
1.78392
1.775
1.76719
1.76195
1.76074
1.76451
1.77324
1.78579
1.80037
1.81512
1.82858
1.83988
1.84866
1.85492
1.85887
1.86077
1.86095
1.85972
1.8574
1.85429
1.85072
1.84699
1.84337
1.84011
1.83737
1.83518
1.83344
1.83187
1.83008
1.82764
1.82417
1.81951
1.81383
1.80774
1.80216
1.79809
1.79619
1.79645
1.79822
1.80056
1.80263
1.80395
1.8045
1.80456
1.8046
1.80502
1.806
1.8074
1.80889
1.81009
1.81071
1.81068
1.81012
1.80923
1.80825
1.80739
1.80677
1.8065
1.80661
1.80711
1.80796
1.80908
1.81033
1.81157
1.81265
1.81349
1.81401
1.8142
1.81409
1.81374
1.81322
1.81261
1.812
1.81145
1.81105
1.81083
1.81082
1.81102
1.81138
1.81187
1.81242
1.81298
1.81347
1.81386
1.81411
1.81421
1.81414
1.81389
1.81347
1.81289
1.81213
1.81122
1.81013
1.80886
1.80738
1.80565
1.8036
1.80117
1.79828
1.79491
1.79111
1.7871
1.78329
1.78024
1.7786
1.77886
1.78113
1.78512
1.79016
1.79548
1.80038
1.80438
1.80718
1.80866
1.80878
1.80758
1.80513
1.80155
1.797
1.79178
1.78626
1.78092
1.77628
1.77276
1.7706
1.76984
1.77035
1.77189
1.77424
1.77722
1.78072
1.78465
1.78894
1.79354
1.79836
1.80331
1.80825
1.81306
1.81761
1.82175
1.82537
1.82834
1.83053
1.83184
1.83218
1.8315
1.82979
1.82711
1.8236
1.81946
1.81497
1.81038
1.80598
1.80201
1.79871
1.7963
1.79501
1.79496
1.79618
1.79856
1.80181
1.80546
1.80892
1.81151
1.8125
1.81129
1.80758
1.80172
1.79499
1.78957
1.78781
1.79103
1.79874
1.80918
1.82035
1.83086
1.84001
1.84759
1.85356
1.85794
1.86075
1.862
1.86173
1.86001
1.85693
1.85268
1.84746
1.84153
1.83515
1.82855
1.82193
1.81546
1.80936
1.80393
1.79953
1.79654
1.7953
1.79601
1.79864
1.80293
1.80848
1.81474
1.8212
1.82739
1.83296
1.83767
1.8414
1.84407
1.84569
1.84627
1.84588
1.84458
1.84248
1.8397
1.83642
1.83283
1.82916
1.82569
1.8227
1.82052
1.81947
1.81977
1.8215
1.8245
1.82839
1.83267
1.83685
1.84055
1.84352
1.84568
1.84703
1.84767
1.84774
1.84737
1.8467
1.84582
1.84483
1.84375
1.8426
1.84137
1.84004
1.83857
1.83695
1.83515
1.83317
1.83097
1.8285
1.82568
1.8224
1.81865
1.81449
1.81018
1.80614
1.80283
1.80062
1.79961
1.79952
1.7998
1.79973
1.79878
1.79678
1.79416
1.79189
1.79123
1.79315
1.79789
1.80481
1.81279
1.82071
1.8278
1.83371
1.83835
1.84182
1.84425
1.84582
1.84669
1.84706
1.84712
1.8471
1.84722
1.84764
1.84846
1.84968
1.85122
1.85296
1.85476
1.85651
1.85817
1.85976
1.86137
1.86311
1.86505
1.86725
1.86963
1.87207
1.87438
1.87634
1.87775
1.87846
1.87833
1.87734
1.87548
1.87282
1.86947
1.86558
1.86133
1.85688
1.85242
1.84814
1.84425
1.84093
1.83836
1.83673
1.83629
1.83745
1.84068
1.84629
1.85411
1.86346
1.87333
1.88279
1.89126
1.8985
1.90455
1.90957
1.91369
1.91697
1.91935
1.92069
1.92077
1.91927
1.91586
1.91019
1.90203
1.89149
1.87932
1.86702
1.85668
1.85014
1.84807
1.8496
1.85289
1.85604
1.85776
1.85777
1.85706
1.85767
1.8618
1.87042
1.88257
1.89594
1.90816
1.91766
1.92385
1.92675
1.92675
1.92438
1.92031
1.91528
1.91008
1.90548
1.90209
1.90026
1.90003
1.90121
1.90341
1.90619
1.90911
1.91178
1.91387
1.91513
1.91534
1.91432
1.91193
1.90814
1.90306
1.89703
1.89058
1.88438
1.87912
1.87537
1.87356
1.87392
1.87649
1.88106
1.88714
1.89412
1.90142
1.90859
1.91533
1.92146
1.92683
1.93133
1.93486
1.93733
1.93874
1.93908
1.93842
1.93682
1.93431
1.93093
1.92667
1.92149
1.91537
1.90838
1.90076
1.89294
1.88566
1.87978
1.87618
1.87546
1.87769
1.88243
1.88878
1.89571
1.90225
1.90772
1.91167
1.91397
1.91464
1.91391
1.9121
1.90963
1.907
1.90468
1.90309
1.90241
1.90259
1.90328
1.90392
1.90388
1.90252
1.89937
1.89414
1.88674
1.87742
1.8668
1.85611
1.84716
1.84193
1.8417
1.84632
1.85432
1.86373
1.87296
1.88111
1.88791
1.89338
1.89767
1.90092
1.90321
1.90456
1.90496
1.90438
1.90279
1.90019
1.89668
1.89245
1.88781
1.88315
1.87887
1.87532
1.87277
1.87144
1.87162
1.87356
1.87739
1.88294
1.88967
1.89686
1.90375
1.90978
1.91462
1.91814
1.92033
1.92125
1.92097
1.91954
1.91704
1.91353
1.90914
1.904
1.89834
1.89239
1.88638
1.88051
1.87499
1.87002
1.86584
1.8627
1.86071
1.85984
1.8598
1.86017
1.86049
1.86043
1.85986
1.85888
1.85774
1.85675
1.85616
1.85606
1.85641
1.85702
1.85773
1.85842
1.85917
1.86014
1.86157
1.86366
1.86649
1.87006
1.87425
1.8789
1.88386
1.88894
1.89399
1.89887
1.90344
1.90758
1.91115
1.91401
1.91601
1.91692
1.91644
1.91413
1.90936
1.90119
1.88835
1.8695
1.8441
1.81424
1.78669
1.77124
1.77361
1.78997
1.81115
1.83003
1.84398
1.85317
1.85868
1.86168
1.86313
1.86389
1.86476
1.86639
1.86924
1.87347
1.87885
1.88492
1.89113
1.89696
1.90204
1.90614
1.90914
1.91095
1.91157
1.91098
1.90923
1.90643
1.90278
1.89855
1.89413
1.88991
1.8862
1.88321
1.88095
1.8793
1.87809
1.87714
1.87637
1.87577
1.87539
1.87535
1.87573
1.87657
1.87788
1.87957
1.8815
1.88348
1.88528
1.88662
1.88724
1.88688
1.88533
1.88248
1.87833
1.87311
1.86724
1.86126
1.85573
1.85103
1.84723
1.84411
1.84131
1.83847
1.83542
1.83211
1.82867
1.82525
1.822
1.81904
1.81648
1.81442
1.81299
1.81225
1.81223
1.81282
1.8138
1.8149
1.8158
1.81625
1.8161
1.81527
1.81386
1.81202
1.81003
1.80816
1.80668
1.80579
1.80554
1.8059
1.80669
1.80771
1.80876
1.80965
1.81027
1.81055
1.81046
1.81001
1.80922
1.80812
1.80673
1.80508
1.80317
1.801
1.79856
1.79585
1.79285
1.78957
1.78602
1.78225
1.77835
1.77446
1.77073
1.76737
1.76455
1.76243
1.76107
1.76048
1.76054
1.76107
1.76188
1.76276
1.76356
1.76419
1.76465
1.76501
1.76539
1.76592
1.76676
1.76798
1.76963
1.77167
1.77402
1.77654
1.77911
1.7816
1.7839
1.78593
1.78762
1.78892
1.78982
1.7903
1.79037
1.79006
1.78945
1.7886
1.78761
1.78656
1.78549
1.78436
1.783
1.78117
1.7785
1.77464
1.7693
1.76242
1.75438
1.74611
1.73902
1.73465
1.73404
1.7373
1.74357
1.75151
1.75982
1.76757
1.77423
1.77955
1.78349
1.78609
1.78745
1.78771
1.78701
1.78553
1.78348
1.78109
1.77858
1.77616
1.774
1.77216
1.77061
1.76922
1.76782
1.76626
1.76443
1.76231
1.76
1.75761
1.75527
1.753
1.75066
1.74793
1.7444
1.73973
1.73388
1.72742
1.72158
1.71793
1.71773
1.7211
1.72697
1.73361
1.73944
1.74349
1.74542
1.74541
1.74385
1.7413
1.73836
1.73558
1.73346
1.73235
1.73243
1.73371
1.73601
1.73903
1.74239
1.74571
1.74867
1.75099
1.75253
1.75327
1.75334
1.75296
1.75246
1.75218
1.75235
1.75306
1.75416
1.75529
1.75592
1.75547
1.75333
1.74903
1.74227
1.73312
1.72222
1.71091
1.70112
1.69496
1.69385
1.69795
1.7061
1.71632
1.72671
1.7359
1.74325
1.74867
1.75244
1.75494
1.75658
1.7577
1.75855
1.75928
1.75995
1.76058
1.76115
1.76161
1.76193
1.76205
1.76192
1.76149
1.76074
1.75965
1.75821
1.75649
1.75462
1.75279
1.75127
1.75038
1.75037
1.7514
1.75347
1.75639
1.75989
1.76365
1.7674
1.77093
1.77413
1.77695
1.7794
1.78152
1.78338
1.78503
1.78657
1.78806
1.78953
1.79098
1.79231
1.79337
1.79392
1.79362
1.7921
1.78896
1.78387
1.7767
1.76773
1.75788
1.74879
1.74253
1.74086
1.74448
1.7527
1.76389
1.7762
1.78812
1.79868
1.80739
1.81412
1.81892
1.82196
1.82345
1.82363
1.8228
1.82129
1.81947
1.81769
1.81624
1.81528
1.81482
1.81478
1.81499
1.81532
1.81567
1.81604
1.81645
1.81696
1.81756
1.8182
1.81875
1.81906
1.81901
1.81858
1.81785
1.81699
1.81612
1.81519
