-0.340741
-0.338314
-0.33442
-0.329018
-0.322195
-0.314246
-0.305726
-0.297468
-0.290492
-0.285698
-0.2836
-0.284128
-0.286688
-0.290499
-0.294824
-0.299148
-0.303187
-0.306794
-0.309925
-0.312511
-0.314504
-0.31587
-0.316539
-0.31653
-0.315866
-0.314648
-0.313061
-0.311372
-0.309882
-0.308893
-0.30863
-0.309201
-0.310511
-0.312359
-0.314461
-0.316551
-0.318416
-0.319909
-0.320978
-0.321648
-0.32197
-0.322014
-0.321891
-0.321657
-0.321363
-0.321039
-0.320625
-0.320083
-0.319315
-0.318187
-0.316593
-0.314433
-0.311678
-0.308336
-0.304568
-0.300627
-0.296817
-0.293481
-0.290852
-0.289041
-0.287976
-0.287484
-0.287373
-0.287521
-0.287911
-0.288642
-0.289792
-0.291474
-0.293722
-0.29646
-0.299563
-0.302869
-0.306254
-0.309574
-0.312737
-0.31569
-0.318415
-0.320886
-0.323113
-0.325103
-0.326868
-0.328448
-0.329833
-0.331065
-0.332189
-0.333215
-0.334155
-0.335043
-0.335889
-0.33673
-0.337556
-0.338386
-0.339194
-0.339979
-0.340715
-0.341359
-0.341847
-0.342124
-0.342129
-0.341795
-0.341065
-0.339912
-0.338346
-0.336415
-0.334234
-0.331966
-0.329845
-0.328135
-0.327097
-0.326984
-0.327972
-0.330078
-0.333219
-0.337171
-0.341607
-0.346203
-0.350642
-0.354661
-0.358061
-0.36074
-0.362622
-0.363668
-0.363877
-0.363288
-0.361965
-0.360024
-0.35761
-0.354896
-0.352088
-0.349434
-0.347149
-0.345437
-0.344429
-0.34421
-0.344788
-0.346128
-0.348141
-0.350711
-0.353691
-0.356951
-0.360386
-0.3639
-0.367428
-0.370917
-0.374326
-0.377624
-0.38076
-0.383664
-0.386253
-0.388422
-0.390062
-0.391077
-0.39137
-0.390855
-0.389513
-0.387335
-0.384393
-0.380802
-0.376773
-0.372533
-0.368317
-0.364353
-0.360768
-0.3576
-0.35481
-0.352363
-0.350263
-0.348549
-0.347322
-0.346651
-0.346536
-0.346853
-0.347382
-0.34786
-0.348062
-0.34789
-0.347418
-0.346797
-0.346283
-0.34607
-0.346292
-0.346894
-0.347714
-0.348509
-0.349056
-0.349218
-0.348997
-0.348542
-0.348143
-0.348111
-0.348704
-0.350036
-0.352058
-0.354532
-0.357159
-0.359646
-0.361763
-0.363398
-0.364493
-0.365076
-0.365231
-0.36504
-0.364598
-0.364028
-0.363424
-0.362836
-0.362376
-0.362066
-0.36194
-0.361992
-0.362219
-0.362612
-0.363147
-0.363811
-0.364549
-0.365368
-0.366232
-0.367123
-0.368015
-0.368903
-0.369759
-0.370578
-0.371357
-0.372074
-0.372716
-0.37326
-0.373715
-0.374064
-0.374305
-0.374447
-0.37449
-0.374446
-0.374343
-0.3742
-0.374038
-0.373907
-0.373806
-0.37375
-0.373674
-0.373494
-0.373108
-0.37232
-0.370913
-0.368601
-0.365079
-0.360056
-0.353401
-0.345277
-0.336382
-0.328092
-0.322293
-0.320745
-0.324212
-0.332001
-0.342393
-0.353468
-0.363754
-0.372488
-0.379398
-0.384516
-0.387996
-0.389998
-0.390638
-0.390036
-0.388275
-0.385466
-0.381842
-0.377752
-0.373703
-0.370279
-0.368028
-0.367257
-0.368001
-0.369985
-0.372746
-0.375863
-0.378933
-0.381727
-0.38412
-0.386032
-0.387353
-0.38796
-0.387671
-0.386225
-0.383358
-0.378923
-0.372985
-0.36616
-0.359687
-0.355243
-0.354285
-0.357196
-0.362964
-0.369671
-0.375419
-0.378886
-0.379561
-0.377573
-0.373517
-0.368256
-0.362833
-0.35823
-0.355215
-0.354268
-0.355502
-0.358721
-0.363524
-0.369403
-0.375806
-0.382225
-0.388225
-0.393485
-0.397808
-0.40108
-0.403263
-0.404358
-0.404408
-0.403439
-0.401543
-0.398813
-0.395355
-0.391321
-0.386887
-0.382241
-0.377552
-0.372998
-0.368726
-0.36492
-0.361737
-0.359331
-0.357841
-0.357341
-0.357859
-0.359328
-0.36162
-0.364506
-0.367726
-0.37106
-0.374361
-0.377594
-0.380741
-0.383848
-0.38692
-0.389909
-0.392717
-0.39522
-0.397289
-0.398811
-0.399718
-0.399982
-0.39966
-0.398864
-0.397781
-0.396633
-0.395693
-0.395193
-0.395336
-0.396204
-0.397785
-0.399964
-0.402592
-0.405514
-0.408568
-0.411661
-0.414712
-0.41764
-0.420334
-0.422673
-0.424463
-0.425448
-0.425316
-0.423684
-0.420214
-0.414672
-0.407205
-0.39863
-0.390482
-0.384739
-0.382962
-0.385531
-0.391465
-0.39916
-0.407276
-0.415168
-0.422709
-0.430017
-0.437184
-0.44414
-0.450648
-0.456384
-0.46099
-0.464187
-0.465755
-0.465574
-0.463613
-0.459936
-0.454695
-0.448154
-0.440725
-0.432908
-0.425335
-0.41866
-0.41346
-0.410055
-0.408438
-0.408268
-0.408905
-0.409659
-0.409846
-0.409036
-0.407141
-0.404408
-0.401415
-0.398872
-0.397513
-0.397884
-0.400294
-0.404759
-0.411133
-0.419078
-0.428092
-0.437522
-0.446572
-0.454403
-0.460284
-0.463732
-0.464603
-0.4631
-0.459788
-0.455589
-0.451549
-0.448543
-0.446999
-0.446683
-0.446938
-0.446949
-0.446112
-0.444147
-0.441148
-0.437477
-0.433583
-0.429902
-0.426677
-0.423995
-0.421706
-0.419626
-0.417531
-0.415375
-0.413261
-0.411406
-0.410079
-0.409436
-0.409446
-0.409875
-0.410411
-0.410691
-0.41044
-0.409475
-0.407704
-0.405173
-0.402011
-0.398475
-0.394917
-0.39173
-0.389321
-0.387971
-0.387755
-0.388569
-0.390152
-0.392141
-0.394208
-0.396077
-0.397546
-0.398514
-0.39892
-0.398794
-0.398159
-0.397079
-0.395631
-0.393897
-0.39197
-0.389963
-0.387979
-0.386124
-0.384477
-0.383102
-0.382036
-0.381305
-0.380912
-0.380819
-0.380991
-0.381384
-0.381955
-0.382656
-0.383443
-0.384298
-0.385166
-0.386006
-0.386795
-0.387489
-0.388053
-0.388442
-0.388599
-0.388472
-0.388006
-0.387163
-0.385884
-0.384135
-0.381908
-0.379195
-0.376034
-0.37249
-0.368641
-0.364556
-0.360342
-0.35609
-0.351881
-0.347726
-0.343567
-0.33931
-0.334785
-0.329934
-0.324874
-0.319994
-0.315924
-0.313365
-0.312806
-0.314362
-0.317757
-0.322452
-0.327856
-0.333452
-0.338878
-0.343902
-0.348442
-0.352474
-0.356037
-0.359181
-0.36198
-0.364459
-0.366627
-0.368454
-0.369879
-0.370794
-0.371111
-0.370715
-0.369488
-0.367342
-0.364197
-0.360034
-0.354891
-0.348901
-0.342403
-0.335961
-0.330398
-0.326635
-0.325467
-0.327176
-0.331401
-0.337248
-0.343665
-0.349752
-0.354937
-0.358966
-0.361866
-0.363759
-0.364857
-0.365384
-0.365533
-0.365507
-0.36547
-0.365543
-0.365827
-0.366382
-0.36725
-0.368405
-0.369821
-0.371439
-0.37318
-0.37496
-0.376658
-0.378189
-0.379423
-0.380226
-0.38047
-0.379997
-0.378686
-0.376456
-0.373318
-0.369417
-0.36507
-0.36075
-0.35696
-0.354087
-0.352277
-0.351335
-0.350845
-0.350355
-0.349533
-0.348228
-0.346502
-0.344559
-0.342689
-0.341232
-0.340493
-0.340727
-0.342091
-0.344595
-0.348176
-0.352685
-0.357924
-0.363706
-0.369803
-0.375986
-0.382049
-0.387789
-0.393051
-0.39771
-0.401699
-0.404965
-0.407465
-0.409156
-0.409968
-0.409772
-0.408387
-0.405617
-0.40124
-0.395114
-0.387318
-0.378349
-0.369284
-0.361705
-0.357234
-0.356775
-0.360102
-0.36593
-0.372655
-0.378995
-0.384223
-0.388122
-0.390784
-0.39245
-0.393354
-0.393694
-0.393619
-0.393195
-0.392519
-0.391641
-0.390639
-0.389683
-0.388984
-0.388777
-0.389205
-0.39029
-0.391924
-0.393843
-0.395748
-0.39741
-0.398669
-0.399469
-0.399865
-0.399927
-0.399766
-0.399468
-0.399102
-0.398671
-0.398193
-0.397645
-0.397011
-0.396279
-0.395439
-0.394493
-0.393442
-0.392292
-0.391094
-0.389892
-0.388721
-0.387653
-0.386704
-0.385901
-0.38525
-0.384724
-0.384267
-0.383809
-0.383309
-0.382726
-0.382038
-0.381254
-0.380381
-0.379448
-0.378433
-0.377302
-0.37599
-0.374345
-0.372162
-0.369194
-0.36511
-0.359585
-0.352414
-0.343628
-0.33376
-0.323863
-0.315544
-0.310399
-0.309357
-0.312317
-0.318238
-0.325703
-0.333366
-0.340312
-0.345975
-0.350129
-0.35277
-0.354028
-0.354165
-0.353447
-0.352206
-0.350732
-0.349294
-0.348105
-0.347287
-0.346877
-0.346854
-0.34715
-0.347663
-0.348263
-0.348845
-0.349254
-0.349374
-0.349048
-0.348118
-0.346441
-0.343882
-0.340405
-0.336098
-0.331278
-0.326529
-0.322645
-0.320437
-0.320435
-0.322659
-0.326665
-0.331652
-0.336852
-0.341635
-0.34568
-0.348848
-0.351166
-0.352719
-0.3536
-0.353903
-0.353679
-0.352932
-0.351635
-0.349736
-0.347145
-0.343788
-0.33965
-0.334816
-0.329589
-0.324447
-0.320063
-0.31713
-0.316106
-0.317018
-0.319459
-0.322735
-0.326119
-0.329053
-0.331193
-0.332439
-0.332849
-0.332577
-0.331875
-0.33098
-0.330118
-0.329513
-0.329343
-0.329673
-0.330533
-0.331868
-0.333561
-0.335475
-0.33744
-0.339295
-0.340893
-0.3421
-0.342811
-0.342928
-0.342382
-0.341128
-0.339131
-0.336366
-0.332864
-0.328704
-0.324029
-0.319046
-0.314
-0.309168
-0.30481
-0.301156
-0.298369
-0.296538
-0.295712
-0.295893
-0.29708
-0.299192
-0.302091
-0.305601
-0.309494
-0.313542
-0.31753
-0.321256
-0.32458
-0.327368
-0.32953
-0.331012
-0.33181
-0.331941
-0.331467
-0.33049
-0.329155
-0.327658
-0.326229
-0.325078
-0.324375
-0.324266
-0.324794
-0.325914
-0.327512
-0.329432
-0.331528
-0.33362
-0.33559
-0.337375
-0.338905
-0.340159
-0.341103
-0.341715
-0.34195
-0.34177
-0.341068
-0.339761
-0.33771
-0.334762
-0.330848
-0.325976
-0.320357
-0.314521
-0.309293
-0.305646
-0.304392
-0.305832
-0.309607
-0.314874
-0.320659
-0.326165
-0.330913
-0.334693
-0.33752
-0.339485
-0.340733
-0.341412
-0.341636
-0.34153
-0.341168
-0.340645
-0.340028
-0.339395
-0.338814
-0.338345
-0.338058
-0.337975
-0.338118
-0.338501
-0.3391
-0.339907
-0.340864
-0.341929
-0.343056
-0.344192
-0.345271
-0.34624
-0.347022
-0.347537
-0.34772
-0.347462
-0.346675
-0.345242
-0.343075
-0.34008
-0.336206
-0.331442
-0.325888
-0.319748
-0.31339
-0.307329
-0.302142
-0.298425
-0.296659
-0.29712
-0.299812
-0.304495
-0.31073
-0.317996
-0.325711
-0.333319
-0.340328
-0.346345
-0.351077
-0.354342
-0.356019
-0.356024
-0.354317
-0.350915
-0.34593
-0.339653
-0.332659
-0.325867
-0.320382
-0.317228
-0.316859
-0.31896
-0.322573
-0.326477
-0.329599
-0.331306
-0.33134
-0.329866
-0.327373
-0.324565
-0.322316
-0.321408
-0.322405
-0.325502
-0.330498
-0.336902
-0.344092
-0.351474
-0.358531
-0.364913
-0.370401
-0.374896
-0.378343
-0.380748
-0.382066
-0.382229
-0.381078
-0.378384
-0.373881
-0.367348
-0.358821
-0.348858
-0.338794
-0.330616
-0.326277
-0.326617
-0.330817
-0.336896
-0.342715
-0.346795
-0.348478
-0.347772
-0.345099
-0.341159
-0.336866
-0.3332
-0.331076
-0.331095
-0.333376
-0.33759
-0.343039
-0.348962
-0.354733
-0.359896
-0.364206
-0.367562
-0.369926
-0.371299
-0.371715
-0.3712
-0.369789
-0.367576
-0.364678
-0.361309
-0.357754
-0.354351
-0.351397
-0.349121
-0.347573
-0.346631
-0.346065
-0.345587
-0.344963
-0.344108
-0.343033
-0.34192
-0.341018
-0.340603
-0.340887
-0.341986
-0.343855
-0.346319
-0.349134
-0.352024
-0.354788
-0.35729
-0.35951
-0.361552
-0.363543
-0.36564
-0.367919
-0.370383
-0.372886
-0.375239
-0.377211
-0.378641
-0.379506
-0.379859
-0.379877
-0.379815
-0.379917
-0.38035
-0.381156
-0.382236
-0.383367
-0.384268
-0.38462
-0.384149
-0.382632
-0.379892
-0.375862
-0.370583
-0.364282
-0.357404
-0.350648
-0.344821
-0.340698
-0.33875
-0.339006
-0.341041
-0.344213
-0.347816
-0.351318
-0.354373
-0.356807
-0.358595
-0.35977
-0.36046
-0.360799
-0.360984
-0.361175
-0.361554
-0.362242
-0.363289
-0.364648
-0.36626
-0.367953
-0.369581
-0.371002
-0.372107
-0.372844
-0.373198
-0.373172
-0.372831
-0.372258
-0.371538
-0.370796
-0.370136
-0.369668
-0.369482
-0.36961
-0.370054
-0.370742
-0.371583
-0.372437
-0.37318
-0.373679
-0.373799
-0.373497
-0.372751
-0.371616
-0.37016
-0.368487
-0.36673
-0.364987
-0.363298
-0.361666
-0.360055
-0.358399
-0.356676
-0.354924
-0.353256
-0.35186
-0.350945
-0.35072
-0.351291
-0.352696
-0.354829
-0.357515
-0.360529
-0.363676
-0.366742
-0.369627
-0.372239
-0.374561
-0.376584
-0.37833
-0.379827
-0.381087
-0.382169
-0.383067
-0.383826
-0.384463
-0.385005
-0.385484
-0.385934
-0.386397
-0.386876
-0.38743
-0.388061
-0.388753
-0.38948
-0.390221
-0.39091
-0.391494
-0.391881
-0.392039
-0.391904
-0.391449
-0.390674
-0.389598
-0.388262
-0.386731
-0.385063
-0.383339
-0.381585
-0.379828
-0.378064
-0.376296
-0.374554
-0.372878
-0.371399
-0.370288
-0.36978
-0.370098
-0.371424
-0.373863
-0.377397
-0.381891
-0.387099
-0.392737
-0.398458
-0.403938
-0.408888
-0.413049
-0.416257
-0.418375
-0.419371
-0.419292
-0.418265
-0.41651
-0.414325
-0.412067
-0.410095
-0.408686
-0.408013
-0.408077
-0.40874
-0.409831
-0.411152
-0.41256
-0.413993
-0.415463
-0.417004
-0.418665
-0.420457
-0.422366
-0.424314
-0.426183
-0.427862
-0.429213
-0.430113
-0.430479
-0.430254
-0.42941
-0.427971
-0.425975
-0.423471
-0.420544
-0.417285
-0.413804
-0.410183
-0.406531
-0.402956
-0.399549
-0.396372
-0.393512
-0.391041
-0.38898
-0.387353
-0.386131
-0.385276
-0.384679
-0.384227
-0.383804
-0.383405
-0.383138
-0.383239
-0.383977
-0.385578
-0.388009
-0.391013
-0.394236
-0.397293
-0.399896
-0.401906
-0.403332
-0.40422
-0.40466
-0.404732
-0.404534
-0.404118
-0.403533
-0.402818
-0.402011
-0.401154
-0.40022
-0.399214
-0.398086
-0.396775
-0.39519
-0.393251
-0.39091
-0.388104
-0.384862
-0.381266
-0.377483
-0.373718
-0.370227
-0.367241
-0.364888
-0.363174
-0.361935
-0.360892
-0.359692
-0.358044
-0.355757
-0.352851
-0.349549
-0.346207
-0.343214
-0.340861
-0.339206
-0.338044
-0.33699
-0.335569
-0.333459
-0.33062
-0.327399
-0.324493
-0.322791
-0.323001
-0.32536
-0.329558
-0.334878
-0.340461
-0.345579
-0.349809
-0.352914
-0.354874
-0.355779
-0.355776
-0.355032
-0.35371
-0.351983
-0.350003
-0.347886
-0.345761
-0.34371
-0.341804
-0.340103
-0.33864
-0.337449
-0.336531
-0.335881
-0.335488
-0.335296
-0.335257
-0.335304
-0.335347
-0.335343
-0.335257
-0.335057
-0.334788
-0.334513
-0.334276
-0.334159
-0.334238
-0.334545
-0.335144
-0.336039
-0.337226
-0.338651
-0.34026
-0.341931
-0.343531
-0.344878
-0.345865
-0.346412
-0.3465
-0.346231
-0.34578
-0.345379
-0.345241
-0.345518
-0.346204
-0.347182
-0.348202
-0.349022
-0.349449
-0.349386
-0.348824
-0.347852
-0.346589
-0.345208
-0.343869
-0.342713
-0.341869
-0.341486
-0.341647
-0.342426
-0.343798
-0.345634
-0.347697
-0.349752
-0.351583
-0.353038
-0.35407
-0.354717
-0.35507
-0.355245
-0.355341
-0.355407
-0.355456
-0.355466
-0.355404
-0.35525
-0.354965
-0.354546
-0.354006
-0.353358
-0.35264
-0.351891
-0.351174
-0.350534
-0.350056
-0.349772
-0.349749
-0.349988
-0.35051
-0.351295
-0.352324
-0.353554
-0.354958
-0.356496
-0.358124
-0.359794
-0.361432
-0.362962
-0.36429
-0.365296
-0.365836
-0.365752
-0.364905
-0.363092
-0.360218
-0.356227
-0.351206
-0.345477
-0.339579
-0.334262
-0.330279
-0.328222
-0.328279
-0.330225
-0.333549
-0.3376
-0.341841
-0.345862
-0.349416
-0.352365
-0.354668
-0.356372
-0.357513
-0.358228
-0.358683
-0.359058
-0.359552
-0.360339
-0.361514
-0.363049
-0.364875
-0.366807
-0.368654
-0.370222
-0.371366
-0.372027
-0.372192
-0.371895
-0.371251
-0.370383
-0.36942
-0.368507
-0.367771
-0.367314
-0.36718
-0.367378
-0.367877
-0.368621
-0.369505
-0.370396
-0.371163
-0.371639
-0.371606
-0.370868
-0.369185
-0.366349
-0.362207
-0.356823
-0.350509
-0.344009
-0.338392
-0.334844
-0.334295
-0.336978
-0.342436
-0.349621
-0.35736
-0.364672
-0.370871
-0.375555
-0.378617
-0.380108
-0.380218
-0.379264
-0.377589
-0.37563
-0.373728
-0.372174
-0.371073
-0.370291
-0.369538
-0.36835
-0.366234
-0.362782
-0.35778
-0.35135
-0.343979
-0.33657
-0.330305
-0.326417
-0.32582
-0.32878
-0.334805
-0.342816
-0.351542
-0.359918
-0.367271
-0.373304
-0.377974
-0.381444
-0.383902
-0.385568
-0.386639
-0.387265
-0.38755
-0.387551
-0.38724
-0.386586
-0.385487
-0.38386
-0.381671
-0.378955
-0.375826
-0.3725
-0.369267
-0.36637
-0.363943
-0.361944
-0.360175
-0.358415
-0.356503
-0.354535
-0.352865
-0.351999
-0.352341
-0.354008
-0.35671
-0.359842
-0.362717
-0.364733
-0.365553
-0.365072
-0.363406
-0.360801
-0.357609
-0.354241
-0.351046
-0.348313
-0.346237
-0.344909
-0.344346
-0.344477
-0.345251
-0.346581
-0.348379
-0.350531
-0.352875
-0.355258
-0.35748
-0.359361
-0.360756
-0.361577
-0.361797
-0.361464
-0.360684
-0.359643
-0.358542
-0.357609
-0.357028
-0.356941
-0.357369
-0.358264
-0.359486
-0.360858
-0.362162
-0.363196
-0.363764
-0.363661
-0.362702
-0.360699
-0.35751
-0.353065
-0.347404
-0.340774
-0.333677
-0.326852
-0.321119
-0.317142
-0.315187
-0.315011
-0.315967
-0.317243
-0.318083
-0.317935
-0.31664
-0.314359
-0.311601
-0.309088
-0.307584
-0.307672
-0.309547
-0.312936
-0.317166
-0.321404
-0.324858
-0.327063
-0.327924
-0.327782
-0.327214
-0.326944
-0.32754
-0.329228
-0.331889
-0.335136
-0.33847
-0.341471
-0.343897
-0.345634
-0.346683
-0.347162
-0.347182
-0.346869
-0.346354
-0.345727
-0.345061
-0.344419
-0.343844
-0.343327
-0.342874
-0.342464
-0.342062
-0.341648
-0.341199
-0.340687
-0.340081
-0.339396
-0.338616
-0.337746
-0.336807
-0.335814
-0.334791
-0.333775
-0.332787
-0.331859
-0.331011
-0.330238
-0.329537
-0.32889
-0.328264
-0.327612
-0.32688
-0.326024
-0.325016
-0.323846
-0.322563
-0.321227
-0.319915
-0.318732
-0.317769
-0.317117
-0.31682
-0.316905
-0.317361
-0.318166
-0.319286
-0.320707
-0.322391
-0.324252
-0.326201
-0.328078
-0.329706
-0.33091
-0.331546
-0.331588
-0.331149
-0.330522
-0.330134
-0.33048
-0.331924
-0.334561
-0.338176
-0.342314
-0.346411
-0.350009
-0.352782
-0.354624
-0.355554
-0.355741
-0.355377
-0.354718
-0.353949
-0.353238
-0.352686
-0.35232
-0.352112
-0.352016
-0.351934
-0.351785
-0.351522
-0.351152
-0.350727
-0.35036
-0.350163
-0.35028
-0.350793
-0.351717
-0.352956
-0.354296
-0.355471
-0.356229
-0.356353
-0.35574
-0.354428
-0.352631
-0.35069
-0.349012
-0.347957
-0.347726
-0.348256
-0.349292
-0.350428
-0.351237
-0.351431
-0.350902
-0.349765
-0.348309
-0.346948
-0.346104
-0.346138
-0.34725
-0.349481
-0.352797
-0.357058
-0.362016
-0.36738
-0.37279
-0.377908
-0.382452
-0.38622
-0.389113
-0.391121
-0.392256
-0.39252
-0.391925
-0.390442
-0.388029
-0.384611
-0.380197
-0.374842
-0.368778
-0.362425
-0.35641
-0.351488
-0.348396
-0.347656
-0.349415
-0.353423
-0.359143
-0.365894
-0.373038
-0.380037
-0.38652
-0.392242
-0.397092
-0.401018
-0.404004
-0.40607
-0.40722
-0.407493
-0.406906
-0.405507
-0.403363
-0.400561
-0.397201
-0.393386
-0.389227
-0.384835
-0.380295
-0.375743
-0.371322
-0.367191
-0.363472
-0.360147
-0.357018
-0.353766
-0.350045
-0.345647
-0.340656
-0.335618
-0.331558
-0.329852
-0.331684
-0.337388
-0.346056
-0.355956
-0.365256
-0.372697
-0.37778
-0.380614
-0.381663
-0.381545
-0.380824
-0.379962
-0.379236
-0.378744
-0.37848
-0.378359
-0.378308
-0.378268
-0.378244
-0.378243
-0.378321
-0.378529
-0.378876
-0.379395
-0.380037
-0.380751
-0.381491
-0.382174
-0.382758
-0.383157
-0.383345
-0.3833
-0.382975
-0.382366
-0.381455
-0.380241
-0.378704
-0.376827
-0.374627
-0.372075
-0.369166
-0.365909
-0.362281
-0.358324
-0.354057
-0.349575
-0.34498
-0.340462
-0.336238
-0.332572
-0.329697
-0.327807
-0.327005
-0.327255
-0.32843
-0.330249
-0.332429
-0.33467
-0.336685
-0.338287
-0.339345
-0.33983
-0.339812
-0.339427
-0.33889
-0.338422
-0.338243
-0.338501
-0.339264
-0.340502
-0.342101
-0.343903
-0.345733
-0.347448
-0.348937
-0.350144
-0.351052
-0.351679
-0.352054
-0.352218
-0.352222
-0.352123
-0.351952
-0.351718
-0.351429
-0.351073
-0.350615
-0.350031
-0.349341
-0.348539
-0.347691
-0.346875
-0.346203
-0.345771
-0.345634
-0.345783
-0.346114
-0.346432
-0.346421
-0.345734
-0.343997
-0.34087
-0.336154
-0.329907
-0.322558
-0.315088
-0.308878
-0.305399
-0.30567
-0.309745
-0.316637
-0.324726
-0.332329
-0.33814
-0.341434
-0.34212
-0.340679
-0.338058
-0.335499
-0.334162
-0.334749
-0.337312
-0.34141
-0.346365
-0.351611
-0.356803
-0.361777
-0.366451
-0.370778
-0.374701
-0.378223
-0.381305
-0.383937
-0.386189
-0.388077
-0.389664
-0.390984
-0.392089
-0.393024
-0.393818
-0.394484
-0.395026
-0.395456
-0.39577
-0.395954
-0.396012
-0.39593
-0.395702
-0.39531
-0.394737
-0.393936
-0.392845
-0.391346
-0.389286
-0.386419
-0.382466
-0.377132
-0.370298
-0.362231
-0.353905
-0.347046
-0.343813
-0.345712
-0.352732
-0.363366
-0.375398
-0.386941
-0.3969
-0.404828
-0.410751
-0.414892
-0.417533
-0.41892
-0.419299
-0.418853
-0.417741
-0.416025
-0.41379
-0.411076
-0.407931
-0.404421
-0.40067
-0.396907
-0.39349
-0.390873
-0.389576
-0.390037
-0.392409
-0.396526
-0.401849
-0.407712
-0.413459
-0.418593
-0.422811
-0.42601
-0.428187
-0.429432
-0.429851
-0.429554
-0.428639
-0.42719
-0.4253
-0.423033
-0.420468
-0.417704
-0.414824
-0.411971
-0.409268
-0.406888
-0.404934
-0.403499
-0.402607
-0.402222
-0.402259
-0.402571
-0.403036
-0.403507
-0.403879
-0.404089
-0.404136
-0.404007
-0.403794
-0.403587
-0.403491
-0.403574
-0.403921
-0.404554
-0.405437
-0.406499
-0.407662
-0.408809
-0.409833
-0.410644
-0.411167
-0.411355
-0.411155
-0.410559
-0.40957
-0.408201
-0.40645
-0.404337
-0.401927
-0.399261
-0.396395
-0.393424
-0.390497
-0.387853
-0.38577
-0.384627
-0.384752
-0.386313
-0.389274
-0.393353
-0.398127
-0.403103
-0.407891
-0.412166
-0.415768
-0.418615
-0.420663
-0.421951
-0.42247
-0.422202
-0.421144
-0.419256
-0.416544
-0.413042
-0.408863
-0.404233
-0.399486
-0.39502
-0.391222
-0.388354
-0.38646
-0.385373
-0.384783
-0.384389
-0.383983
-0.383504
-0.383013
-0.382653
-0.382536
-0.382715
-0.383188
-0.383891
-0.384697
-0.385457
-0.386027
-0.386174
-0.38569
-0.384449
-0.382604
-0.380712
-0.379759
-0.380848
-0.384734
-0.391392
-0.400025
-0.409373
-0.418247
-0.425807
-0.431599
-0.43545
-0.437309
-0.437239
-0.435339
-0.431803
-0.42697
-0.421361
-0.415681
-0.410701
-0.407078
-0.405213
-0.405104
-0.40626
-0.407802
-0.408593
-0.407552
-0.404198
-0.399248
-0.394853
-0.393923
-0.398537
-0.408461
-0.421331
-0.434198
-0.444985
-0.452821
-0.45769
-0.459971
-0.460079
-0.458306
-0.454743
-0.449212
-0.441381
-0.430899
-0.417729
-0.402478
-0.386708
-0.372753
-0.362977
-0.358594
-0.359088
-0.36284
-0.368422
-0.375254
-0.383257
-0.392087
-0.40097
-0.409103
-0.415998
-0.421624
-0.42623
-0.430141
-0.433582
-0.436652
-0.439333
-0.441513
-0.443093
-0.443923
-0.443923
-0.442995
-0.441082
-0.438104
-0.43396
-0.428554
-0.421831
-0.413865
-0.404995
-0.395963
-0.387832
-0.381833
-0.378928
-0.379396
-0.382778
-0.388076
-0.394168
-0.400126
-0.405321
-0.409409
-0.412267
-0.413856
-0.414236
-0.413539
-0.411919
-0.409555
-0.406688
-0.403555
-0.400405
-0.397477
-0.394941
-0.3929
-0.391391
-0.390365
-0.389711
-0.389254
-0.388831
-0.388325
-0.387677
-0.386923
-0.386191
-0.385692
-0.385646
-0.386237
-0.38752
-0.389455
-0.391898
-0.394667
-0.397582
-0.400513
-0.403381
-0.406163
-0.408815
-0.411336
-0.413679
-0.415781
-0.417596
-0.419047
-0.420072
-0.420582
-0.420498
-0.419757
-0.418265
-0.415973
-0.412859
-0.408949
-0.40432
-0.399143
-0.393678
-0.388239
-0.383192
-0.378878
-0.375575
-0.373437
-0.372395
-0.372189
-0.37245
-0.372737
-0.372668
-0.372026
-0.370785
-0.369113
-0.367303
-0.365709
-0.364623
-0.364224
-0.364567
-0.365566
-0.367031
-0.368703
-0.370316
-0.371553
-0.372136
-0.371828
-0.370469
-0.367982
-0.364433
-0.360027
-0.355141
-0.350422
-0.346773
-0.345198
-0.346534
-0.350991
-0.357928
-0.366019
-0.373779
-0.380011
-0.383999
-0.385476
-0.384538
-0.38153
-0.377029
-0.371845
-0.366925
-0.363209
-0.361375
-0.361593
-0.363534
-0.366523
-0.36984
-0.372873
-0.375261
-0.376824
-0.37753
-0.377427
-0.37657
-0.375009
-0.372788
-0.369928
-0.366479
-0.362445
-0.357848
-0.352729
-0.34712
-0.341099
-0.334767
-0.328268
-0.321865
-0.315945
-0.310969
-0.307414
-0.305595
-0.30561
-0.307317
-0.31032
-0.314152
-0.318287
-0.322322
-0.32585
-0.328584
-0.330309
-0.330908
-0.330391
-0.32895
-0.326973
-0.325032
-0.323745
-0.323624
-0.324914
-0.327518
-0.331094
-0.335183
-0.339343
-0.34328
-0.346832
-0.349927
-0.352602
-0.354933
-0.356959
-0.358761
-0.360376
-0.361869
-0.363263
-0.364561
-0.365777
-0.36692
-0.367979
-0.368919
-0.369715
-0.370341
-0.370738
-0.37086
-0.370621
-0.369932
-0.368713
-0.366874
-0.364369
-0.3612
-0.357491
-0.353521
-0.349697
-0.346488
-0.344337
-0.343484
-0.343857
-0.345153
-0.34689
-0.348601
-0.349993
-0.350929
-0.351451
-0.351719
-0.351944
-0.35238
-0.353255
-0.354739
-0.356934
-0.359787
-0.363168
-0.366779
-0.370308
-0.37345
-0.375924
-0.377509
-0.378065
-0.37754
-0.376022
-0.373735
-0.371095
-0.368667
-0.367044
-0.366679
-0.367671
-0.369733
-0.372254
-0.374512
-0.375851
-0.375866
-0.374463
-0.371881
-0.368633
-0.365451
-0.363049
-0.361966
-0.362364
-0.364014
-0.366404
-0.368911
-0.370865
-0.371782
-0.371366
-0.369597
-0.366779
-0.363662
-0.361241
-0.360472
-0.361907
-0.365379
-0.370041
-0.374784
-0.378574
-0.38076
-0.381022
-0.379329
-0.375901
-0.371046
-0.365213
-0.358929
-0.352876
-0.347869
-0.344815
-0.344513
-0.347336
-0.353014
-0.360683
-0.369099
-0.377139
-0.383986
-0.389201
-0.392715
-0.394629
-0.39513
-0.394476
-0.392862
-0.390491
-0.387556
-0.384294
-0.380953
-0.3778
-0.375145
-0.373226
-0.372214
-0.372154
-0.37297
-0.374487
-0.376471
-0.378682
-0.380919
-0.383031
-0.384905
-0.386489
-0.387844
-0.389031
-0.390154
-0.391273
-0.392429
-0.393525
-0.394369
-0.394684
-0.394155
-0.392491
-0.389541
-0.385343
-0.38018
-0.374638
-0.369388
-0.365116
-0.362252
-0.360935
-0.361023
-0.362243
-0.364237
-0.366542
-0.368611
-0.369866
-0.369768
-0.367953
-0.364301
-0.359047
-0.352751
-0.346216
-0.340436
-0.336341
-0.334594
-0.335454
-0.338758
-0.343947
-0.350293
-0.35713
-0.363957
-0.370468
-0.376544
-0.382112
-0.387116
-0.391474
-0.395103
-0.397912
-0.399861
-0.400944
-0.401143
-0.400477
-0.398925
-0.396409
-0.392836
-0.388047
-0.381849
-0.374094
-0.364829
-0.354499
-0.344144
-0.335373
-0.329951
-0.329047
-0.332586
-0.339347
-0.347677
-0.356169
-0.363985
-0.370834
-0.376686
-0.381662
-0.38588
-0.389391
-0.39221
-0.394338
-0.395741
-0.39639
-0.396272
-0.395381
-0.393734
-0.391348
-0.388263
-0.384534
-0.380244
-0.375529
-0.370573
-0.365661
-0.361119
-0.357237
-0.354156
-0.351785
-0.349771
-0.347584
-0.34474
-0.340972
-0.336438
-0.331826
-0.328265
-0.326962
-0.328736
-0.333617
-0.340884
-0.349423
-0.358161
-0.366303
-0.373435
-0.379385
-0.384149
-0.387802
-0.390395
-0.39203
-0.392762
-0.392662
-0.391792
-0.390227
-0.388033
-0.385324
-0.382212
-0.378817
-0.375342
-0.371994
-0.368985
-0.366533
-0.364822
-0.363973
-0.364035
-0.364989
-0.3667
-0.369005
-0.371654
-0.374417
-0.377077
-0.379442
-0.381369
-0.382784
-0.383686
-0.384142
-0.384264
-0.384215
-0.384134
-0.384162
-0.384345
-0.384676
-0.385089
-0.385445
-0.385592
-0.385391
-0.384711
-0.38344
-0.381523
-0.378918
-0.375653
-0.371782
-0.367426
-0.362742
-0.35797
-0.353341
-0.349113
-0.345504
-0.342652
-0.34061
-0.339313
-0.338641
-0.338431
-0.338523
-0.338776
-0.339101
-0.339429
-0.339718
-0.339973
-0.340202
-0.340399
-0.340558
-0.340668
-0.340721
-0.340667
-0.340423
-0.339901
-0.339015
-0.337672
-0.335815
-0.333406
-0.330471
-0.32717
-0.323714
-0.320457
-0.317792
-0.316128
-0.315731
-0.316691
-0.318825
-0.321755
-0.325
-0.328064
-0.330546
-0.332128
-0.332635
-0.331926
-0.329924
-0.326601
-0.321975
-0.31615
-0.309345
-0.301973
-0.294656
-0.288186
-0.283427
-0.281029
-0.28126
-0.28387
-0.288197
-0.293414
-0.298723
-0.30354
-0.307546
-0.31061
-0.312722
-0.313942
-0.314364
-0.314018
-0.312907
-0.310992
-0.308151
-0.30429
-0.299359
-0.293449
-0.286956
-0.280605
-0.275457
-0.272578
-0.272648
-0.275667
-0.280928
-0.287389
-0.294103
-0.300395
-0.305909
-0.310593
-0.314508
-0.317778
-0.320479
-0.322712
-0.324532
-0.325953
-0.326988
-0.327674
-0.328076
-0.328284
-0.328448
-0.328718
-0.329261
-0.330172
-0.331453
-0.333003
-0.334592
-0.335938
-0.336786
-0.336962
-0.33645
-0.335398
-0.334103
-0.332933
-0.332223
-0.332143
-0.332666
-0.333636
-0.334893
-0.33642
-0.338412
-0.34116
-0.344837
-0.349344
-0.354271
-0.359048
-0.363252
-0.366794
-0.369923
-0.373142
-0.376889
-0.381312
-0.386152
-0.390691
-0.393943
-0.39477
-0.392
-0.384596
-0.371974
-0.354506
-0.33406
-0.31404
-0.298206
-0.288706
-0.285038
-0.285278
-0.288262
-0.294533
-0.305288
-0.320553
-0.33855
-0.356549
-0.372336
-0.384857
-0.39408
-0.400566
-0.4051
-0.40845
-0.411249
-0.413937
-0.416727
-0.419632
-0.42255
-0.425325
-0.427797
-0.429877
-0.431549
-0.432817
-0.433759
-0.434349
-0.434506
-0.434078
-0.432856
-0.430599
-0.427148
-0.422478
-0.416678
-0.410014
-0.402901
-0.395793
-0.389147
-0.38326
-0.378242
-0.374024
-0.370439
-0.367305
-0.364607
-0.362489
-0.361249
-0.361293
-0.362915
-0.366172
-0.370817
-0.376336
-0.382106
-0.387547
-0.392245
-0.395969
-0.398634
-0.400275
-0.400964
-0.400795
-0.399886
-0.398328
-0.396194
-0.393574
-0.390562
-0.387239
-0.38367
-0.379922
-0.376007
-0.371948
-0.367782
-0.363626
-0.359715
-0.356442
-0.354296
-0.353721
-0.354918
-0.357762
-0.361756
-0.366275
-0.370694
-0.374531
-0.377504
-0.379498
-0.380512
-0.380599
-0.379845
-0.378333
-0.37614
-0.373343
-0.370023
-0.366279
-0.362211
-0.357963
-0.353686
-0.349569
-0.34581
-0.342606
-0.340084
-0.338361
-0.33749
-0.337437
-0.338104
-0.339312
-0.340785
-0.342197
-0.343096
-0.342917
-0.340967
-0.336485
-0.328785
-0.317794
-0.304759
-0.292811
-0.286174
-0.287931
-0.29767
-0.311872
-0.32652
-0.339077
-0.348682
-0.355539
-0.360214
-0.363234
-0.365007
-0.365792
-0.365748
-0.364979
-0.363543
-0.361535
-0.35904
-0.356183
-0.353094
-0.349933
-0.346837
-0.343968
-0.341429
-0.339306
-0.337595
-0.336287
-0.335302
-0.334563
-0.333985
-0.333523
-0.333148
-0.33288
-0.332723
-0.33271
-0.332847
-0.333142
-0.333562
-0.334091
-0.334713
-0.33542
-0.336213
-0.337096
-0.338094
-0.339209
-0.34044
-0.34177
-0.3432
-0.344671
-0.346139
-0.347574
-0.348921
-0.350114
-0.351115
-0.351872
-0.35231
-0.352362
-0.351945
-0.350918
-0.34912
-0.346276
-0.342021
-0.335922
-0.32747
-0.316314
-0.302647
-0.287883
-0.274952
-0.26762
-0.268446
-0.276956
-0.290035
-0.304031
-0.316502
-0.326518
-0.334107
-0.339749
-0.343951
-0.347128
-0.3496
-0.351563
-0.353155
-0.354433
-0.355442
-0.356178
-0.356613
-0.356713
-0.356464
-0.355809
-0.354745
-0.353273
-0.351432
-0.349302
-0.346993
-0.344641
-0.342398
-0.340355
-0.33861
-0.337168
-0.336036
-0.335168
-0.334487
-0.333863
-0.333153
-0.332272
-0.331261
-0.330347
-0.329964
-0.330639
-0.33273
-0.336259
-0.340829
-0.345797
-0.350533
-0.354561
-0.357688
-0.359963
-0.361602
-0.362871
-0.36406
-0.365333
-0.366747
-0.368239
-0.369578
-0.370471
-0.370517
-0.369296
-0.366437
-0.361688
-0.355005
-0.346768
-0.337866
-0.329725
-0.324085
-0.322408
-0.325249
-0.331966
-0.341017
-0.350593
-0.359213
-0.366059
-0.370801
-0.37351
-0.374416
-0.373856
-0.372157
-0.369628
-0.366538
-0.363154
-0.359721
-0.356444
-0.353505
-0.351067
-0.349224
-0.348041
-0.347508
-0.347554
-0.348039
-0.348758
-0.349471
-0.349909
-0.349795
-0.348903
-0.347076
-0.344294
-0.340613
-0.33627
-0.331615
-0.327087
-0.323095
-0.320005
-0.318116
-0.317606
-0.318592
-0.321075
-0.324923
-0.329839
-0.335388
-0.341041
-0.346315
-0.350836
-0.354386
-0.356918
-0.358532
-0.359434
-0.359878
-0.360096
-0.360278
-0.360528
-0.360809
-0.361027
-0.361038
-0.360725
-0.359958
-0.35872
-0.357124
-0.355393
-0.353846
-0.352849
-0.352692
-0.353536
-0.355319
-0.357819
-0.360698
-0.363637
-0.366382
-0.368748
-0.37067
-0.372136
-0.373208
-0.373937
-0.374391
-0.374654
-0.374756
-0.374743
-0.374622
-0.374396
-0.374039
-0.373499
-0.37272
-0.371628
-0.370161
-0.368246
-0.365885
-0.363136
-0.36016
-0.35727
-0.354865
-0.353387
-0.353198
-0.354452
-0.357044
-0.360648
-0.364816
-0.369121
-0.37321
-0.376877
-0.380024
-0.38263
-0.384725
-0.386348
-0.38753
-0.388275
-0.388588
-0.388438
-0.387781
-0.38656
-0.384782
-0.382476
-0.379748
-0.376802
-0.373864
-0.371136
-0.368717
-0.366535
-0.364457
-0.362303
-0.360015
-0.35764
-0.355285
-0.352927
-0.350307
-0.346935
-0.342263
-0.335999
-0.328538
-0.32139
-0.317455
-0.320149
-0.331239
-0.349064
-0.369369
-0.38794
-0.402401
-0.412258
-0.418122
-0.420947
-0.42164
-0.420903
-0.419214
-0.416826
-0.413795
-0.410061
-0.405406
-0.399574
-0.392245
-0.38316
-0.372201
-0.3595
-0.345517
-0.331173
-0.317769
-0.306778
-0.299515
-0.296665
-0.298011
-0.302507
-0.308678
-0.31518
-0.321177
-0.326359
-0.33078
-0.33472
-0.338543
-0.342697
-0.3476
-0.353504
-0.360322
-0.367725
-0.375145
-0.382027
-0.38794
-0.392675
-0.396172
-0.398512
-0.399821
-0.400257
-0.399962
-0.399044
-0.397603
-0.395705
-0.393418
-0.39076
-0.387774
-0.3845
-0.380961
-0.377185
-0.373189
-0.369014
-0.364697
-0.360336
-0.356006
-0.35185
-0.348063
-0.344865
-0.34251
-0.34124
-0.341222
-0.34251
-0.345025
-0.348522
-0.352694
-0.357174
-0.361605
-0.365683
-0.36915
-0.371823
-0.373533
-0.374179
-0.373686
-0.372001
-0.369137
-0.365144
-0.360187
-0.354542
-0.348632
-0.343016
-0.338315
-0.335141
-0.333941
-0.334877
-0.337814
-0.342368
-0.348039
-0.354297
-0.3607
-0.366934
-0.372746
-0.37797
-0.382436
-0.385978
-0.388427
-0.389589
-0.389319
-0.387465
-0.383925
-0.37871
-0.372037
-0.364521
-0.357261
-0.35188
-0.350025
-0.352675
-0.359514
-0.369099
-0.379521
-0.389179
-0.397142
-0.403082
-0.407083
-0.409391
-0.410342
-0.410234
-0.409339
-0.407883
-0.406058
-0.403993
-0.401813
-0.399582
-0.397342
-0.395096
-0.392805
-0.390415
-0.387836
-0.384904
-0.381366
-0.376896
-0.371072
-0.363459
-0.353741
-0.342131
-0.329845
-0.31945
-0.31418
-0.316194
-0.32495
-0.337462
-0.350163
-0.360495
-0.36736
-0.370679
-0.370897
-0.368623
-0.364496
-0.35919
-0.353344
-0.347609
-0.342506
-0.338435
-0.335543
-0.333816
-0.33311
-0.333238
-0.334046
-0.335456
-0.337428
-0.339936
-0.342993
-0.346538
-0.350459
-0.354623
-0.358803
-0.362779
-0.366378
-0.36944
-0.371882
-0.373667
-0.374803
-0.375316
-0.37526
-0.37466
-0.373586
-0.372082
-0.370192
-0.367964
-0.365468
-0.362747
-0.359906
-0.357024
-0.354208
-0.351561
-0.349174
-0.347073
-0.345323
-0.343886
-0.342726
-0.341767
-0.340941
-0.34018
-0.33945
-0.338737
-0.338087
-0.337594
-0.337361
-0.337494
-0.338119
-0.33929
-0.341008
-0.34322
-0.345814
-0.348623
-0.351473
-0.354183
-0.356594
-0.35859
-0.360066
-0.360951
-0.361191
-0.36076
-0.359643
-0.357832
-0.35535
-0.352298
-0.348826
-0.34518
-0.341641
-0.338566
-0.336328
-0.335111
-0.335032
-0.336
-0.337755
-0.340002
-0.342464
-0.344914
-0.347223
-0.349317
-0.351211
-0.352928
-0.354503
-0.355962
-0.357292
-0.35846
-0.35936
-0.359819
-0.359657
-0.358637
-0.356532
-0.353171
-0.348551
-0.342952
-0.336978
-0.331542
-0.32753
-0.325512
-0.325452
-0.326738
-0.328552
-0.330236
-0.331462
-0.332257
-0.332823
-0.333381
-0.334074
-0.334935
-0.335956
-0.337132
-0.338507
-0.340219
-0.342361
-0.34502
-0.348205
-0.351767
-0.355537
-0.359317
-0.362899
-0.366148
-0.368985
-0.371379
-0.373321
-0.374811
-0.375857
-0.376438
-0.376543
-0.376121
-0.375153
-0.373655
-0.371713
-0.369508
-0.36736
-0.365646
-0.364721
-0.364863
-0.366114
-0.3683
-0.371064
-0.373947
-0.376489
-0.378295
-0.379006
-0.378342
-0.376078
-0.372167
-0.36682
-0.360715
-0.354979
-0.350897
-0.349451
-0.350813
-0.354326
-0.35888
-0.363515
-0.3677
-0.371389
-0.374843
-0.378389
-0.382258
-0.386491
-0.390987
-0.395573
-0.400051
-0.404292
-0.408186
-0.411711
-0.414835
-0.417569
-0.41991
-0.421859
-0.423417
-0.424595
-0.425412
-0.4259
-0.426094
-0.426036
-0.425746
-0.425253
-0.424551
-0.423602
-0.422381
-0.420861
-0.419031
-0.416924
-0.414623
-0.41227
-0.410047
-0.408178
-0.406857
-0.406275
-0.406498
-0.407511
-0.409206
-0.411402
-0.413875
-0.416403
-0.418774
-0.420835
-0.422492
-0.423681
-0.424385
-0.424626
-0.424451
-0.423959
-0.42323
-0.422432
-0.421718
-0.421226
-0.421108
-0.421436
-0.422164
-0.423191
-0.424273
-0.425129
-0.425474
-0.42513
-0.424026
-0.422245
-0.420039
-0.417741
-0.415663
-0.41403
-0.41285
-0.412064
-0.411734
-0.412141
-0.413695
-0.41672
-0.421138
-0.426419
-0.43176
-0.436408
-0.439906
-0.442171
-0.443416
-0.444016
-0.444366
-0.444779
-0.445352
-0.44603
-0.446608
-0.446819
-0.446428
-0.44523
-0.443138
-0.440126
-0.436298
-0.431864
-0.427117
-0.422397
-0.418031
-0.414253
-0.411167
-0.408735
-0.406801
-0.405192
-0.403778
-0.402578
-0.401723
-0.401463
-0.402044
-0.403657
-0.406349
-0.409953
-0.414123
-0.418435
-0.422438
-0.425741
-0.428105
-0.429381
-0.429547
-0.42869
-0.426959
-0.424533
-0.42168
-0.418692
-0.415882
-0.413586
-0.412095
-0.411627
-0.412263
-0.41395
-0.416528
-0.419709
-0.423187
-0.426717
-0.43006
-0.433089
-0.435693
-0.437819
-0.439436
-0.440517
-0.441036
-0.440965
-0.440261
-0.438893
-0.436874
-0.434264
-0.431225
-0.428026
-0.425023
-0.4226
-0.421076
-0.420613
-0.421137
-0.422416
-0.424069
-0.42576
-0.427246
-0.428396
-0.429227
-0.429829
-0.430373
-0.431059
-0.432055
-0.433467
-0.43529
-0.437384
-0.43955
-0.441583
-0.443363
-0.444886
-0.446284
-0.447805
-0.449681
-0.452027
-0.4548
-0.457762
-0.460558
-0.462753
-0.463968
-0.463894
-0.462373
-0.459466
-0.455563
-0.451463
-0.44828
-0.447177
-0.448761
-0.4528
-0.458258
-0.463836
-0.468436
-0.471492
-0.472871
-0.472711
-0.471091
-0.468002
-0.463217
-0.456503
-0.447723
-0.437074
-0.425152
-0.412915
-0.401451
-0.391724
-0.384474
-0.380351
-0.38012
-0.384599
-0.394217
-0.408441
-0.425676
-0.443712
-0.46047
-0.474544
-0.485316
-0.492789
-0.497315
-0.499436
-0.499704
-0.498582
-0.496486
-0.493751
-0.490652
-0.487371
-0.48404
-0.480732
-0.477468
-0.47419
-0.470834
-0.467263
-0.463324
-0.458873
-0.45375
-0.447828
-0.441072
-0.433538
-0.425458
-0.417192
-0.409253
-0.402246
-0.396728
-0.393194
-0.391945
-0.393084
-0.396472
-0.401827
-0.408632
-0.41626
-0.424026
-0.431249
-0.437366
-0.44192
-0.444531
-0.444829
-0.442429
-0.436846
-0.427617
-0.414551
-0.398269
-0.380864
-0.366015
-0.357701
-0.357929
-0.365531
-0.377286
-0.390001
-0.401667
-0.411405
-0.419041
-0.42475
-0.428848
-0.431693
-0.433578
-0.434735
-0.435321
-0.435419
-0.435098
-0.434401
-0.43337
-0.432074
-0.430595
-0.429029
-0.427486
-0.426121
-0.425089
-0.424525
-0.424485
-0.424997
-0.425957
-0.427168
-0.428381
-0.429281
-0.429567
-0.428962
-0.427274
-0.42443
-0.420557
-0.416028
-0.411402
-0.407372
-0.404584
-0.403412
-0.403908
-0.405814
-0.408674
-0.41197
-0.415194
-0.417894
-0.41963
-0.420139
-0.419351
-0.417558
-0.415568
-0.414506
-0.415478
-0.419025
-0.424854
-0.431951
-0.439073
-0.445192
-0.449696
-0.45237
-0.45324
-0.452494
-0.450374
-0.447153
-0.443179
-0.438835
-0.434526
-0.430654
-0.427528
-0.425339
-0.424076
-0.423619
-0.42378
-0.424346
-0.425167
-0.426165
-0.427303
-0.42859
-0.43003
-0.431585
-0.433243
-0.434911
-0.436502
-0.437934
-0.439147
-0.440051
-0.440548
-0.440485
-0.439624
-0.43763
-0.434125
-0.428772
-0.421536
-0.413032
-0.40472
-0.398772
-0.397181
-0.400758
-0.408718
-0.419268
-0.430609
-0.441425
-0.450948
-0.458762
-0.464704
-0.46876
-0.471048
-0.471802
-0.471336
-0.469955
-0.467919
-0.465453
-0.462616
-0.459375
-0.455673
-0.451606
-0.447582
-0.444373
-0.442934
-0.443999
-0.447669
-0.453258
-0.45965
-0.465748
-0.470734
-0.474242
-0.4762
-0.476755
-0.47619
-0.474862
-0.473117
-0.471334
-0.469872
-0.469017
-0.468991
-0.469898
-0.471692
-0.474231
-0.477242
-0.480399
-0.483361
-0.485831
-0.487563
-0.488409
-0.48834
-0.487438
-0.485902
-0.483949
-0.481906
-0.479953
-0.478224
-0.476715
-0.475346
-0.473952
-0.472386
-0.470513
-0.468223
-0.46547
-0.462275
-0.458747
-0.455089
-0.451589
-0.448556
-0.446241
-0.444744
-0.444014
-0.443803
-0.44373
-0.443448
-0.44266
-0.441232
-0.43918
-0.436698
-0.434052
-0.43158
-0.429568
-0.428207
-0.427565
-0.427587
-0.428083
-0.428817
-0.429536
-0.429988
-0.429982
-0.429373
-0.428055
-0.425988
-0.423201
-0.419778
-0.415865
-0.411682
-0.407504
-0.403624
-0.400294
-0.397661
-0.395802
-0.394639
-0.394007
-0.393691
-0.393497
-0.393251
-0.392856
-0.392252
-0.391424
-0.390387
-0.389172
-0.387834
-0.386396
-0.384885
-0.383315
-0.381669
-0.379868
-0.377853
-0.375493
-0.372634
-0.36915
-0.36499
-0.360217
-0.355139
-0.350385
-0.346811
-0.345306
-0.346435
-0.350149
-0.355861
-0.362611
-0.369515
-0.375888
-0.381404
-0.385951
-0.389593
-0.392439
-0.39464
-0.396319
-0.397576
-0.398461
-0.399018
-0.399239
-0.399109
-0.398584
-0.397616
-0.396128
-0.394089
-0.391469
-0.388301
-0.38474
-0.381014
-0.377471
-0.374511
-0.372456
-0.371477
-0.371547
-0.372418
-0.373725
-0.37513
-0.376402
-0.377468
-0.378401
-0.37935
-0.380521
-0.382056
-0.384029
-0.386372
-0.38901
-0.39178
-0.394519
-0.397059
-0.399274
-0.401
-0.402121
-0.402519
-0.402105
-0.400795
-0.398541
-0.395377
-0.391396
-0.386769
-0.38177
-0.376741
-0.372086
-0.368199
-0.36542
-0.363995
-0.363993
-0.365367
-0.367881
-0.371217
-0.375013
-0.378896
-0.382509
-0.385551
-0.387816
-0.389121
-0.389373
-0.388547
-0.386713
-0.384054
-0.380872
-0.377612
-0.374858
-0.373213
-0.373179
-0.375023
-0.378643
-0.383577
-0.389128
-0.394512
-0.399087
-0.402372
-0.404127
-0.404338
-0.403118
-0.400765
-0.397678
-0.394325
-0.391211
-0.388742
-0.387215
-0.386699
-0.387086
-0.388139
-0.389562
-0.391075
-0.392475
-0.393611
-0.394443
-0.394954
-0.395172
-0.395128
-0.394869
-0.394428
-0.393851
-0.393135
-0.392319
-0.391379
-0.390305
-0.389031
-0.38753
-0.38572
-0.383507
-0.380809
-0.377554
-0.373746
-0.369507
-0.365124
-0.361101
-0.358066
-0.356616
-0.357148
-0.359656
-0.36375
-0.368824
-0.374205
-0.379376
-0.384032
-0.388013
-0.391304
-0.39397
-0.396096
-0.397749
-0.399022
-0.399958
-0.400616
-0.400993
-0.401103
-0.400926
-0.400438
-0.399625
-0.398449
-0.396895
-0.394934
-0.392546
-0.389725
-0.386466
-0.382735
-0.378497
-0.373687
-0.368256
-0.362197
-0.355667
-0.349094
-0.343234
-0.339055
-0.337407
-0.338611
-0.342211
-0.347194
-0.352377
-0.356814
-0.359965
-0.361716
-0.362287
-0.362063
-0.36159
-0.361401
-0.361964
-0.363512
-0.366068
-0.369381
-0.37305
-0.376642
-0.379807
-0.382289
-0.383964
-0.384781
-0.384804
-0.384088
-0.382728
-0.380812
-0.378449
-0.375728
-0.372743
-0.369617
-0.366435
-0.363331
-0.360394
-0.357726
-0.355393
-0.353431
-0.35185
-0.350624
-0.349711
-0.349053
-0.348589
-0.348256
-0.347983
-0.347662
-0.347203
-0.346457
-0.345346
-0.343844
-0.342033
-0.340152
-0.338555
-0.337662
-0.337818
-0.339176
-0.341633
-0.34488
-0.348512
-0.352158
-0.355524
-0.358463
-0.360937
-0.362961
-0.364585
-0.365924
-0.367015
-0.367933
-0.368703
-0.369347
-0.369889
-0.370325
-0.370665
-0.370889
-0.371037
-0.371128
-0.371212
-0.371354
-0.371633
-0.372135
-0.372913
-0.373998
-0.375445
-0.377206
-0.379257
-0.381509
-0.383838
-0.386129
-0.388235
-0.389993
-0.39126
-0.391893
-0.391781
-0.390807
-0.3889
-0.385986
-0.381997
-0.376895
-0.370666
-0.363321
-0.354994
-0.346048
-0.337187
-0.329556
-0.324648
-0.323917
-0.328206
-0.337375
-0.350208
-0.364886
-0.379568
-0.392847
-0.403907
-0.412431
-0.418452
-0.422183
-0.423903
-0.423941
-0.422592
-0.420177
-0.417012
-0.413405
-0.409676
-0.406084
-0.402871
-0.400179
-0.398045
-0.39633
-0.394755
-0.392921
-0.390395
-0.386814
-0.382044
-0.376285
-0.370193
-0.364715
-0.360843
-0.359168
-0.359612
-0.361487
-0.363824
-0.365832
-0.367073
-0.367547
-0.367586
-0.367651
-0.368131
-0.369154
-0.370583
-0.372067
-0.373208
-0.373764
-0.373683
-0.373079
-0.372173
-0.371205
-0.370367
-0.369787
-0.369547
-0.369692
-0.37023
-0.371115
-0.372246
-0.37351
-0.374738
-0.375817
-0.376623
-0.377113
-0.377279
-0.377154
-0.37678
-0.376253
-0.375641
-0.375023
-0.37449
-0.374097
-0.373896
-0.373917
-0.374123
-0.374503
-0.375009
-0.375566
-0.376114
-0.376601
-0.376987
-0.377219
-0.377304
-0.377205
-0.376937
-0.376499
-0.375894
-0.375127
-0.374198
-0.373099
-0.371806
-0.370309
-0.368545
-0.366467
-0.363982
-0.361038
-0.357607
-0.353773
-0.349765
-0.345982
-0.343074
-0.341609
-0.342068
-0.344548
-0.348668
-0.353772
-0.35908
-0.363919
-0.367799
-0.370471
-0.371809
-0.371803
-0.370477
-0.367899
-0.364193
-0.359565
-0.354293
-0.348774
-0.343481
-0.338933
-0.335535
-0.333519
-0.332896
-0.333513
-0.335139
-0.337565
-0.340597
-0.344145
-0.348103
-0.352436
-0.357074
-0.361912
-0.366874
-0.371809
-0.376596
-0.381112
-0.385216
-0.388781
-0.391667
-0.393785
-0.395007
-0.395251
-0.394479
-0.392657
-0.38989
-0.386305
-0.382122
-0.377606
-0.373027
-0.368652
-0.364745
-0.361527
-0.35922
-0.358028
-0.358104
-0.359456
-0.36194
-0.365247
-0.368914
-0.372324
-0.374782
-0.375571
-0.374114
-0.370156
-0.36414
-0.357427
-0.352274
-0.350987
-0.354693
-0.362775
-0.373382
-0.384538
-0.394928
-0.403922
-0.411336
-0.417151
-0.421369
-0.424026
-0.425128
-0.424711
-0.422851
-0.419654
-0.415292
-0.409992
-0.404002
-0.397593
-0.390988
-0.384368
-0.377924
-0.371885
-0.366535
-0.362252
-0.359414
-0.358364
-0.359265
-0.362083
-0.366531
-0.372179
-0.378491
-0.384943
-0.391078
-0.396564
-0.401181
-0.404792
-0.407362
-0.408878
-0.409363
-0.408882
-0.407496
-0.405318
-0.40248
-0.399153
-0.395537
-0.391872
-0.388439
-0.385525
-0.383439
-0.38252
-0.382965
-0.384832
-0.387942
-0.391897
-0.396195
-0.400341
-0.403977
-0.406864
-0.408929
-0.410205
-0.410788
-0.410801
-0.410397
-0.409706
-0.408815
-0.407808
-0.406723
-0.405564
-0.404328
-0.402983
-0.401505
-0.399861
-0.398038
-0.396041
-0.39382
-0.391327
-0.388456
-0.385143
-0.381338
-0.377147
-0.37285
-0.368855
-0.36565
-0.363567
-0.362662
-0.36264
-0.362907
-0.362772
-0.36172
-0.35964
-0.357001
-0.354837
-0.354404
-0.356614
-0.361613
-0.368681
-0.376694
-0.384558
-0.391542
-0.397325
-0.401847
-0.405205
-0.407549
-0.409039
-0.409842
-0.410154
-0.410205
-0.410192
-0.410339
-0.410795
-0.411655
-0.412913
-0.414489
-0.416231
-0.418038
-0.41978
-0.42143
-0.423022
-0.424634
-0.426394
-0.428369
-0.430576
-0.432972
-0.435409
-0.437692
-0.439618
-0.440964
-0.44158
-0.441379
-0.440299
-0.438358
-0.435624
-0.432217
-0.428284
-0.423997
-0.419539
-0.415086
-0.410841
-0.407002
-0.403754
-0.40127
-0.399735
-0.39944
-0.400782
-0.404248
-0.410099
-0.418105
-0.427546
-0.437411
-0.446805
-0.455142
-0.462252
-0.468206
-0.473134
-0.477167
-0.480358
-0.482651
-0.483877
-0.483808
-0.482132
-0.478494
-0.47258
-0.46418
-0.453428
-0.441149
-0.428951
-0.418932
-0.412847
-0.411194
-0.412997
-0.416361
-0.419414
-0.420951
-0.420823
-0.42014
-0.421
-0.425563
-0.434614
-0.447009
-0.460368
-0.472369
-0.481564
-0.487416
-0.490004
-0.48973
-0.487155
-0.482952
-0.477862
-0.472682
-0.468185
-0.464932
-0.463258
-0.463189
-0.464486
-0.466766
-0.469573
-0.472489
-0.475111
-0.477133
-0.478304
-0.478401
-0.477244
-0.474719
-0.470782
-0.465586
-0.45948
-0.453026
-0.446895
-0.44176
-0.438189
-0.436592
-0.43718
-0.439969
-0.444717
-0.450924
-0.457972
-0.465277
-0.472414
-0.479092
-0.485151
-0.490442
-0.494857
-0.498278
-0.500645
-0.501949
-0.502197
-0.501443
-0.499748
-0.497153
-0.49369
-0.489343
-0.484061
-0.47785
-0.47078
-0.463113
-0.455319
-0.448128
-0.442445
-0.439106
-0.438682
-0.441203
-0.446147
-0.45261
-0.459541
-0.465999
-0.47133
-0.475131
-0.47726
-0.477786
-0.47693
-0.475033
-0.472527
-0.4699
-0.467646
-0.466136
-0.465544
-0.465802
-0.466519
-0.467121
-0.466971
-0.465458
-0.462114
-0.456659
-0.449055
-0.439565
-0.428873
-0.418271
-0.409611
-0.404843
-0.405121
-0.410168
-0.418395
-0.427847
-0.437
-0.445028
-0.451686
-0.457031
-0.46121
-0.464363
-0.466557
-0.467828
-0.468131
-0.467445
-0.465752
-0.463045
-0.459465
-0.455189
-0.450535
-0.445892
-0.44168
-0.438216
-0.43578
-0.434591
-0.434928
-0.43705
-0.441069
-0.446767
-0.453582
-0.460759
-0.467573
-0.473503
-0.478216
-0.481607
-0.483667
-0.484466
-0.484069
-0.482533
-0.479933
-0.476334
-0.471849
-0.46665
-0.46095
-0.454987
-0.448987
-0.443136
-0.437662
-0.432753
-0.42867
-0.425633
-0.423764
-0.422986
-0.423016
-0.423391
-0.423682
-0.423568
-0.422955
-0.421951
-0.420822
-0.419862
-0.419313
-0.419262
-0.419643
-0.420278
-0.420974
-0.421667
-0.422429
-0.423441
-0.424935
-0.427097
-0.430004
-0.433636
-0.437876
-0.442564
-0.447532
-0.452622
-0.457659
-0.462514
-0.467046
-0.471138
-0.474641
-0.477425
-0.479319
-0.480107
-0.479469
-0.476951
-0.471891
-0.463305
-0.449932
-0.430412
-0.404404
-0.374377
-0.347589
-0.333801
-0.337888
-0.355164
-0.376358
-0.394807
-0.408243
-0.417011
-0.422227
-0.425027
-0.42637
-0.427109
-0.428022
-0.429757
-0.432748
-0.437084
-0.442559
-0.448671
-0.454864
-0.460633
-0.465633
-0.469629
-0.472509
-0.474218
-0.474706
-0.474002
-0.472138
-0.469236
-0.465508
-0.461255
-0.456836
-0.452653
-0.449022
-0.446107
-0.443921
-0.442327
-0.44115
-0.440226
-0.439477
-0.438885
-0.438544
-0.438538
-0.438965
-0.439856
-0.441206
-0.442924
-0.444871
-0.446841
-0.448612
-0.449895
-0.450427
-0.449962
-0.448284
-0.445291
-0.441027
-0.435712
-0.429803
-0.423841
-0.418384
-0.413775
-0.410046
-0.406989
-0.404197
-0.401347
-0.398264
-0.394938
-0.391485
-0.38808
-0.384851
-0.381919
-0.379393
-0.377385
-0.376016
-0.375348
-0.375399
-0.376025
-0.377028
-0.378121
-0.378986
-0.379379
-0.379157
-0.378262
-0.376796
-0.374923
-0.372919
-0.371079
-0.36966
-0.36883
-0.368654
-0.369058
-0.369881
-0.370931
-0.371962
-0.372836
-0.373422
-0.373662
-0.373531
-0.373035
-0.372221
-0.371093
-0.369682
-0.367995
-0.366059
-0.363866
-0.361402
-0.358669
-0.355646
-0.352335
-0.348743
-0.344957
-0.341054
-0.337176
-0.333471
-0.330154
-0.327405
-0.32537
-0.324093
-0.323581
-0.323702
-0.324273
-0.325112
-0.325995
-0.326783
-0.327392
-0.327841
-0.32819
-0.328567
-0.329124
-0.33
-0.331263
-0.332956
-0.335035
-0.337408
-0.339942
-0.342512
-0.344986
-0.347262
-0.34926
-0.35091
-0.352166
-0.353016
-0.353456
-0.353489
-0.353149
-0.352508
-0.351635
-0.350641
-0.349594
-0.348523
-0.347369
-0.345979
-0.344081
-0.341315
-0.337318
-0.331822
-0.324811
-0.316703
-0.308482
-0.301595
-0.297562
-0.297356
-0.30097
-0.307473
-0.315501
-0.323793
-0.331467
-0.337996
-0.343185
-0.346988
-0.349452
-0.350692
-0.350848
-0.350067
-0.348525
-0.346436
-0.344015
-0.341493
-0.33911
-0.336992
-0.335182
-0.333653
-0.332277
-0.330864
-0.329285
-0.327424
-0.325286
-0.322951
-0.320556
-0.318222
-0.31595
-0.313584
-0.310791
-0.307159
-0.302353
-0.296412
-0.289948
-0.284238
-0.280884
-0.281049
-0.284735
-0.290766
-0.297379
-0.303055
-0.30689
-0.308616
-0.308419
-0.306741
-0.304128
-0.301177
-0.298444
-0.296409
-0.295413
-0.295614
-0.297006
-0.299387
-0.302449
-0.305829
-0.309139
-0.312034
-0.314276
-0.315739
-0.316398
-0.316411
-0.316014
-0.315521
-0.315269
-0.315491
-0.316251
-0.317374
-0.318477
-0.319028
-0.31843
-0.316099
-0.311557
-0.304538
-0.295166
-0.284147
-0.272901
-0.263388
-0.257676
-0.257108
-0.261693
-0.270119
-0.280454
-0.290775
-0.299805
-0.306958
-0.312197
-0.315813
-0.318216
-0.319785
-0.320874
-0.321712
-0.322433
-0.3231
-0.323716
-0.324277
-0.324727
-0.325024
-0.325111
-0.324952
-0.324503
-0.323724
-0.322596
-0.321135
-0.319399
-0.317515
-0.315701
-0.314228
-0.313416
-0.313503
-0.314648
-0.31681
-0.319796
-0.323346
-0.32712
-0.330844
-0.334342
-0.337512
-0.340295
-0.342713
-0.344798
-0.346624
-0.348273
-0.349807
-0.351295
-0.352762
-0.354192
-0.355513
-0.356535
-0.357001
-0.356591
-0.354927
-0.35161
-0.346315
-0.338946
-0.32983
-0.319966
-0.311065
-0.305188
-0.304038
-0.308164
-0.316776
-0.32816
-0.340492
-0.35231
-0.362701
-0.371211
-0.377747
-0.382367
-0.38525
-0.386599
-0.386663
-0.385758
-0.3842
-0.382377
-0.380623
-0.379209
-0.378303
-0.377906
-0.377896
-0.378133
-0.378458
-0.378817
-0.379188
-0.379607
-0.380122
-0.380733
-0.381372
-0.381911
-0.382201
-0.382113
-0.381645
-0.380901
-0.380027
-0.379167
-0.378211
