0.0439636
0.04453
0.0454291
0.0466557
0.0481751
0.0499097
0.0517286
0.053448
0.0548542
0.0557594
0.0560591
0.0557656
0.0549946
0.0539056
0.0526524
0.051349
0.0500677
0.0488517
0.0477257
0.0467126
0.045831
0.0450962
0.0445228
0.0441122
0.0438583
0.0437387
0.0437141
0.043729
0.0437203
0.0436264
0.0434019
0.0430274
0.0425202
0.0419221
0.0412903
0.0406814
0.0401415
0.0397024
0.0393781
0.039168
0.0390635
0.0390508
0.0391114
0.0392328
0.0394051
0.0396237
0.0398968
0.0402335
0.0406519
0.0411743
0.0418194
0.0426022
0.0435237
0.0445725
0.0457113
0.0468829
0.0480184
0.049045
0.0499093
0.050585
0.0510804
0.0514248
0.0516523
0.0517847
0.0518246
0.0517558
0.0515613
0.0512243
0.050743
0.050135
0.0494295
0.0486627
0.0478672
0.0470756
0.0463119
0.045593
0.0449291
0.0443288
0.0437949
0.0433293
0.0429317
0.0425982
0.0423295
0.0421201
0.041964
0.0418584
0.0418002
0.041784
0.0418067
0.0418635
0.0419538
0.0420753
0.0422312
0.0424228
0.0426551
0.0429361
0.0432763
0.0436859
0.0441757
0.0447558
0.0454335
0.0462098
0.0470776
0.0480209
0.0490107
0.0500072
0.0509587
0.0518075
0.0524968
0.0529756
0.0532096
0.0531941
0.0529493
0.0525231
0.0519828
0.0513989
0.0508396
0.0503616
0.0500082
0.0498062
0.0497726
0.0499157
0.0502348
0.0507201
0.0513547
0.052111
0.0529534
0.0538392
0.0547188
0.0555375
0.0562448
0.0567956
0.0571578
0.057312
0.0572537
0.0569905
0.0565415
0.0559328
0.0551962
0.0543627
0.0534602
0.0525141
0.0515448
0.0505701
0.0496058
0.0486669
0.0477718
0.0469415
0.0461998
0.0455736
0.0450898
0.0447724
0.0446433
0.0447193
0.0450058
0.0455
0.0461843
0.0470282
0.0479848
0.0490005
0.0500197
0.0509914
0.0518817
0.052674
0.0533664
0.0539588
0.054445
0.0548116
0.0550373
0.0551073
0.0550226
0.0548085
0.0545097
0.054179
0.0538612
0.0535773
0.0533176
0.0530529
0.0527382
0.0523371
0.0518294
0.0512276
0.0505665
0.0498955
0.0492606
0.0486899
0.0481844
0.0477158
0.0472305
0.0466696
0.0459858
0.0451602
0.0442086
0.0431799
0.0421372
0.0411429
0.0402466
0.039477
0.0388481
0.0383573
0.037991
0.037732
0.0375599
0.0374505
0.0373834
0.0373433
0.0373103
0.0372759
0.037232
0.0371768
0.0371095
0.037032
0.0369479
0.0368611
0.0367793
0.0367049
0.0366439
0.0366004
0.0365795
0.0365838
0.0366179
0.0366842
0.0367846
0.0369227
0.0371011
0.0373231
0.0375884
0.0378991
0.0382551
0.0386544
0.0390955
0.0395747
0.0400858
0.0406234
0.0411817
0.0417526
0.0423347
0.042927
0.0435399
0.0441898
0.0448988
0.0457027
0.0466435
0.0477715
0.0491381
0.0507855
0.0527224
0.0548936
0.0571389
0.0591705
0.0606117
0.0611222
0.0605615
0.0590695
0.0569883
0.0547036
0.0525193
0.0506112
0.0490563
0.0478692
0.0470362
0.0465355
0.0463478
0.0464512
0.0468244
0.0474362
0.048232
0.0491319
0.0500264
0.0507928
0.0513191
0.0515396
0.0514471
0.0510954
0.0505752
0.0499772
0.0493834
0.0488479
0.048405
0.0480799
0.0478992
0.047893
0.0480997
0.0485669
0.0493386
0.0504331
0.0518171
0.0533545
0.0547903
0.0557934
0.0560853
0.055598
0.0545317
0.0532597
0.0521554
0.0514806
0.0513428
0.0517206
0.0524975
0.0534971
0.0545096
0.0553332
0.0558082
0.0558367
0.0553944
0.0545204
0.0532994
0.0518416
0.0502678
0.0486929
0.047217
0.0459174
0.0448471
0.0440393
0.0435104
0.0432655
0.0432998
0.0436051
0.0441625
0.0449477
0.0459305
0.0470714
0.0483254
0.0496433
0.0509782
0.0522823
0.053512
0.0546202
0.0555642
0.0563042
0.0568065
0.0570509
0.0570304
0.0567573
0.0562608
0.0555888
0.0547969
0.0539349
0.0530389
0.0521265
0.0512072
0.0502826
0.0493604
0.0484578
0.0476013
0.0468222
0.0461516
0.0456154
0.0452304
0.0450021
0.0449204
0.0449615
0.0450873
0.0452505
0.045396
0.0454751
0.0454484
0.0452993
0.0450319
0.0446701
0.0442474
0.0437999
0.0433633
0.0429642
0.0426263
0.0423728
0.0422313
0.0422331
0.0424199
0.0428441
0.0435662
0.0446538
0.0461626
0.0481176
0.0504649
0.0530223
0.0554696
0.057412
0.0585408
0.0587819
0.0583199
0.057461
0.0564685
0.055483
0.0545471
0.0536575
0.0528147
0.0520482
0.0514162
0.0509929
0.0508545
0.0510626
0.0516618
0.0526737
0.0540988
0.0559145
0.0580761
0.0605137
0.0631278
0.0657973
0.0683785
0.0707257
0.0727131
0.0742663
0.0753788
0.0761132
0.0765897
0.076945
0.0773087
0.0777629
0.0783234
0.0789374
0.0794903
0.0798385
0.0798379
0.0793806
0.0784102
0.0769275
0.0749738
0.07263
0.0700129
0.0672726
0.0645876
0.0621412
0.0600925
0.0585483
0.0575465
0.0570501
0.0569466
0.0570551
0.0571695
0.057117
0.0568149
0.0563029
0.0557059
0.0551772
0.0548332
0.0547262
0.0548375
0.0550968
0.0554137
0.055702
0.0559088
0.0560162
0.0560459
0.0560328
0.0560137
0.0559971
0.0559626
0.0558671
0.0556612
0.0553175
0.0548444
0.0542887
0.0537147
0.0531936
0.052781
0.052513
0.0524052
0.0524468
0.0526069
0.0528295
0.0530396
0.0531537
0.0530899
0.0527918
0.0522432
0.0514669
0.050518
0.0494706
0.048396
0.0473553
0.0463945
0.0455412
0.0448115
0.0442063
0.0437223
0.0433488
0.0430709
0.0428709
0.0427288
0.0426211
0.0425258
0.0424207
0.042288
0.0421138
0.0418897
0.0416118
0.0412811
0.0409056
0.0404951
0.0400613
0.0396166
0.0391743
0.0387472
0.0383454
0.0379823
0.0376701
0.0374188
0.0372405
0.0371463
0.0371482
0.0372591
0.037491
0.0378552
0.0383604
0.0390151
0.0398233
0.0407834
0.0418903
0.0431306
0.0444849
0.0459298
0.0474403
0.0489864
0.0505401
0.0520763
0.0535815
0.0550559
0.0565092
0.0579597
0.0594071
0.0608151
0.062096
0.0631196
0.0637465
0.0638808
0.0635018
0.0626681
0.0614905
0.0600943
0.0585919
0.0570683
0.0555819
0.0541642
0.0528321
0.05159
0.0504376
0.0493714
0.0483936
0.0475098
0.0467319
0.0460777
0.0455707
0.0452329
0.0450882
0.0451584
0.0454585
0.0459976
0.0467719
0.0477621
0.0489254
0.0501801
0.0513988
0.0524077
0.0530173
0.0530719
0.0525181
0.0514308
0.049989
0.0484061
0.0468686
0.0455011
0.0443655
0.0434709
0.0428004
0.0423189
0.0419856
0.0417617
0.0416082
0.0414916
0.0413857
0.0412696
0.0411306
0.0409618
0.040767
0.0405538
0.0403357
0.040131
0.0399602
0.0398485
0.0398187
0.0398982
0.0401157
0.0404985
0.0410754
0.041868
0.0428869
0.0441228
0.0455381
0.0470617
0.0485937
0.050028
0.0512828
0.0523257
0.0531879
0.0539432
0.0546738
0.0554395
0.0562636
0.0571294
0.0579912
0.0587854
0.0594409
0.0598916
0.0600849
0.0599893
0.059602
0.0589397
0.0580373
0.0569403
0.0556971
0.0543628
0.052994
0.0516446
0.0503662
0.0492016
0.0481856
0.0473421
0.0466897
0.0462435
0.0460181
0.0460311
0.0463077
0.04688
0.0477814
0.0490436
0.0506777
0.0526464
0.0548287
0.0569933
0.0588181
0.0599822
0.0603067
0.0598362
0.0588156
0.0575557
0.0563127
0.0552381
0.0543865
0.0537507
0.0532934
0.0529726
0.0527508
0.052599
0.0524994
0.0524331
0.0523851
0.0523345
0.0522463
0.0520776
0.0517837
0.051337
0.0507357
0.0500066
0.0492037
0.0483896
0.0476162
0.0469198
0.046316
0.0458003
0.0453615
0.0449819
0.0446471
0.0443469
0.0440799
0.0438455
0.0436483
0.0434928
0.0433823
0.0433193
0.0433042
0.0433363
0.0434129
0.0435256
0.0436657
0.0438247
0.0439906
0.0441579
0.0443221
0.0444836
0.0446486
0.0448285
0.0450371
0.0452847
0.0455803
0.0459286
0.0463296
0.0467822
0.0472834
0.0478365
0.0484491
0.0491358
0.0499246
0.0508534
0.0519686
0.0533257
0.0549752
0.0569405
0.0591917
0.0616029
0.0639429
0.0658863
0.0671157
0.067447
0.066901
0.0656822
0.0640749
0.0623509
0.0607083
0.0592741
0.0581094
0.0572282
0.0566131
0.0562198
0.055995
0.0558744
0.0557976
0.0557091
0.0555655
0.0553402
0.0550242
0.0546215
0.0541468
0.0536225
0.0530759
0.0525332
0.0520261
0.0515831
0.0512365
0.0510181
0.0509559
0.0510714
0.0513663
0.0518136
0.0523409
0.0528253
0.0531061
0.0530239
0.0524768
0.0514628
0.050076
0.0484765
0.0468255
0.0452553
0.0438439
0.0426303
0.0416216
0.0408103
0.0401845
0.0397312
0.0394434
0.0393202
0.0393663
0.0395904
0.0400039
0.040614
0.0414142
0.0423748
0.0434262
0.0444611
0.0453396
0.0459221
0.0461174
0.0459193
0.0454085
0.044722
0.0440054
0.0433749
0.0429028
0.0426153
0.0425048
0.0425417
0.0426792
0.0428683
0.0430609
0.0432121
0.0432869
0.0432694
0.0431552
0.0429568
0.0426995
0.0424149
0.0421402
0.041912
0.0417638
0.041726
0.041823
0.0420753
0.0424979
0.0430996
0.0438842
0.0448498
0.0459833
0.0472599
0.0486415
0.0500764
0.0515042
0.0528589
0.0540778
0.0551064
0.0559044
0.0564469
0.0567207
0.0567235
0.0564601
0.0559505
0.0552277
0.0543355
0.0533271
0.0522574
0.0511784
0.050138
0.0491741
0.0483191
0.0475968
0.0470219
0.0465991
0.0463257
0.046189
0.0461667
0.0462268
0.0463284
0.0464241
0.0464689
0.0464254
0.0462653
0.0459796
0.0455782
0.0450852
0.0445341
0.0439593
0.0433974
0.0428761
0.0424146
0.0420293
0.0417294
0.0415239
0.0414198
0.0414264
0.0415536
0.0418184
0.0422372
0.0428314
0.0436215
0.0446126
0.0457888
0.047092
0.0484043
0.0495521
0.0503379
0.0506016
0.0502857
0.0494625
0.0483
0.0469942
0.045711
0.0445569
0.043585
0.0428057
0.0422091
0.0417741
0.0414767
0.0412956
0.0412087
0.0411998
0.0412502
0.0413448
0.0414671
0.0416027
0.0417382
0.0418607
0.0419643
0.0420447
0.0421012
0.0421387
0.0421627
0.0421849
0.0422169
0.0422707
0.0423601
0.0425004
0.0427058
0.042993
0.0433796
0.0438816
0.0445192
0.0453098
0.046273
0.0474231
0.0487715
0.05032
0.0520577
0.0539523
0.0559468
0.0579535
0.0598573
0.0615293
0.0628421
0.0636943
0.0640293
0.0638468
0.0631987
0.0621794
0.0609053
0.0595056
0.0581061
0.0568196
0.0557386
0.0549334
0.0544514
0.0543231
0.0545655
0.0551824
0.0561614
0.0574662
0.0590204
0.0606909
0.0622805
0.0635581
0.0643183
0.0644676
0.0640656
0.0632998
0.062409
0.0616045
0.0610187
0.0607042
0.0606322
0.0607082
0.0607907
0.06071
0.0603113
0.0594875
0.0582062
0.0565139
0.0545162
0.052347
0.0501394
0.0480107
0.0460481
0.0443118
0.0428374
0.0416479
0.0407546
0.0401733
0.0399228
0.040034
0.0405469
0.0415034
0.0429285
0.0447916
0.0469566
0.0491408
0.0509446
0.0519881
0.0521105
0.0514692
0.0504467
0.0494573
0.0487952
0.0485968
0.0488679
0.049527
0.0504329
0.0514018
0.0522343
0.0527473
0.0528205
0.0524295
0.0516429
0.0505992
0.0494534
0.0483391
0.0473556
0.0465629
0.0459918
0.0456569
0.0455622
0.0457039
0.0460758
0.0466659
0.0474509
0.0483981
0.0494567
0.0505615
0.0516383
0.0526198
0.0534562
0.0541314
0.0546641
0.0550961
0.0554787
0.0558537
0.0562368
0.0566211
0.0569698
0.057232
0.0573526
0.0572886
0.057019
0.0565536
0.0559284
0.0551948
0.0544096
0.0536178
0.0528495
0.0521134
0.0513962
0.050677
0.0499318
0.0491504
0.0483392
0.0475299
0.0467643
0.0460892
0.0455384
0.0451214
0.0448277
0.0446237
0.0444616
0.0442951
0.0440934
0.0438505
0.0435885
0.0433532
0.0432027
0.0431995
0.0433984
0.0438419
0.0445592
0.0455565
0.0468135
0.0482717
0.0498275
0.0513309
0.0526109
0.0535086
0.0539273
0.0538604
0.0533897
0.0526455
0.0517693
0.0508751
0.050041
0.0493108
0.0486989
0.048204
0.0478072
0.0474839
0.0471993
0.0469208
0.0466155
0.0462605
0.0458471
0.0453842
0.0448891
0.0443945
0.0439323
0.0435322
0.0432164
0.0429971
0.0428778
0.0428556
0.0429171
0.0430442
0.0432159
0.0434061
0.0435903
0.0437449
0.0438514
0.0439015
0.043896
0.0438484
0.043779
0.0437166
0.0436885
0.0437224
0.0438427
0.0440604
0.0443784
0.0447868
0.045269
0.0458009
0.0463548
0.0469079
0.047447
0.0479675
0.0484723
0.0489683
0.0494547
0.0499192
0.0503346
0.0506604
0.0508522
0.0508689
0.0506879
0.0503051
0.0497427
0.049039
0.0482424
0.0473994
0.0465549
0.0457383
0.0449728
0.0442695
0.0436351
0.0430708
0.0425754
0.0421488
0.0417853
0.0414856
0.0412447
0.04106
0.0409274
0.0408417
0.0407974
0.0407877
0.0408102
0.0408573
0.0409286
0.0410272
0.0411585
0.0413295
0.0415528
0.0418405
0.0422082
0.0426647
0.0432197
0.0438769
0.0446338
0.0454831
0.0464118
0.0474025
0.0484373
0.049496
0.0505651
0.051633
0.0526917
0.053733
0.0547433
0.0557044
0.0565835
0.0573391
0.0579211
0.0582822
0.0583852
0.0582119
0.0577694
0.0570909
0.0562321
0.0552607
0.0542544
0.0532881
0.0524294
0.051737
0.0512519
0.0510032
0.0509997
0.0512311
0.0516673
0.0522586
0.0529379
0.0536276
0.0542502
0.0547437
0.0550701
0.0552236
0.0552265
0.0551126
0.0549204
0.054679
0.0544035
0.0540962
0.0537537
0.0533715
0.0529516
0.0525033
0.0520468
0.0516094
0.05122
0.0509096
0.0507056
0.050628
0.05069
0.0508972
0.0512452
0.0517245
0.0523201
0.0530109
0.0537726
0.0545776
0.0553997
0.0562098
0.0569787
0.0576796
0.05829
0.0587862
0.0591488
0.0593669
0.0594327
0.0593492
0.0591253
0.0587828
0.0583465
0.0578406
0.0572711
0.0566212
0.0558507
0.0549135
0.0537773
0.0524549
0.0510028
0.0494997
0.0480287
0.046654
0.0454116
0.0443112
0.04335
0.042517
0.0418005
0.0411872
0.0406688
0.0402373
0.0398862
0.0396091
0.0394006
0.0392633
0.0391987
0.0392161
0.0393274
0.0395483
0.0398932
0.0403705
0.0409864
0.0417315
0.0425838
0.0435055
0.0444488
0.045359
0.0461872
0.0469041
0.0475067
0.0480241
0.0485086
0.0490249
0.0496263
0.0503436
0.0511677
0.0520502
0.0529166
0.053687
0.0543025
0.0547489
0.0550633
0.0553191
0.0556029
0.0559731
0.056432
0.056907
0.0572588
0.0573174
0.0569489
0.056112
0.0548745
0.0533854
0.0518202
0.0503318
0.0490194
0.0479397
0.0471084
0.0465168
0.0461414
0.0459526
0.0459178
0.0460029
0.0461757
0.0464081
0.0466727
0.046948
0.0472161
0.0474618
0.047675
0.0478471
0.0479749
0.0480579
0.0480983
0.0481052
0.0480886
0.0480621
0.0480409
0.0480347
0.0480498
0.0480891
0.0481446
0.0482037
0.0482546
0.0482806
0.0482666
0.0482035
0.0480811
0.0478981
0.0476572
0.0473702
0.0470525
0.0467302
0.046433
0.0461956
0.046043
0.0459917
0.0460438
0.0461792
0.0463624
0.046547
0.0466899
0.046763
0.0467665
0.0467249
0.0466842
0.0466917
0.0467846
0.0469816
0.0472823
0.0476677
0.04811
0.0485737
0.0490242
0.0494303
0.0497632
0.0499938
0.0501023
0.0500761
0.0499218
0.0496666
0.0493572
0.0490432
0.0487696
0.0485677
0.048449
0.0484083
0.0484288
0.0484896
0.0485726
0.0486671
0.0487702
0.048885
0.0490171
0.0491709
0.0493516
0.0495586
0.0497885
0.0500358
0.0502913
0.0505442
0.0507807
0.0509882
0.0511503
0.0512569
0.0512966
0.0512664
0.0511644
0.0509947
0.0507637
0.0504813
0.050157
0.0498023
0.0494306
0.0490562
0.0486981
0.0483765
0.0481157
0.0479434
0.0478911
0.0479924
0.0482775
0.0487802
0.0495175
0.0504909
0.0516715
0.0529853
0.0543138
0.0555013
0.056391
0.0568638
0.0568793
0.0564799
0.0557672
0.0548687
0.0538967
0.0529384
0.0520501
0.0512647
0.050596
0.0500407
0.0495905
0.0492215
0.048902
0.0485965
0.0482676
0.0478845
0.047432
0.0469173
0.0463615
0.0458043
0.0452886
0.0448561
0.0445377
0.0443492
0.0442939
0.0443638
0.0445368
0.0447862
0.0450823
0.0453936
0.0456919
0.045955
0.046171
0.0463361
0.0464562
0.0465436
0.0466195
0.0467107
0.046846
0.04706
0.0473938
0.0478871
0.0485823
0.0495138
0.0506988
0.0521125
0.0536753
0.0552285
0.0565513
0.0574057
0.0576118
0.0571252
0.056044
0.0545786
0.0529683
0.0514216
0.0500899
0.0490655
0.0483844
0.0480446
0.0480128
0.0482291
0.0486219
0.0491055
0.049606
0.0500643
0.050457
0.0508048
0.0511637
0.0516194
0.0522624
0.0531639
0.0543524
0.0557897
0.0573628
0.0588796
0.0600963
0.0607654
0.0607074
0.0598739
0.0583691
0.0564133
0.0542668
0.0521548
0.05023
0.0485715
0.0472045
0.0461149
0.0452754
0.0446509
0.0442079
0.0439192
0.0437654
0.0437363
0.0438343
0.0440653
0.0444435
0.0449796
0.0456746
0.0465143
0.0474668
0.0484811
0.0494935
0.0504485
0.0513126
0.0520863
0.0527996
0.0534894
0.0541771
0.0548384
0.0554015
0.0557688
0.0558631
0.0556654
0.0552363
0.0546962
0.054183
0.0538155
0.0536643
0.0537518
0.0540562
0.0545261
0.0550889
0.0556618
0.0561702
0.0565523
0.0567664
0.0567922
0.0566264
0.0562816
0.0557721
0.0551187
0.0543446
0.0534787
0.0525585
0.051623
0.0507169
0.0498812
0.0491489
0.0485413
0.048066
0.0477151
0.0474675
0.0472876
0.0471344
0.0469638
0.0467389
0.0464343
0.0460461
0.0455868
0.0450866
0.0445855
0.0441302
0.0437664
0.0435383
0.043489
0.0436576
0.0440792
0.0447787
0.0457636
0.0470144
0.0484694
0.050017
0.0515015
0.052754
0.0536391
0.0541006
0.0541825
0.0540082
0.0537364
0.0535149
0.053448
0.0535683
0.0538404
0.054163
0.0543941
0.0543849
0.0540245
0.0532789
0.0522067
0.0509447
0.0496631
0.0485202
0.0476134
0.0469648
0.0465147
0.0461519
0.0457416
0.0451775
0.044417
0.0434868
0.0424658
0.0414535
0.0405359
0.0397678
0.0391757
0.0387622
0.0385098
0.0383966
0.0383974
0.0384868
0.0386439
0.038852
0.0390972
0.03937
0.0396679
0.0399887
0.0403346
0.0407099
0.0411177
0.0415615
0.0420447
0.0425707
0.0431368
0.0437428
0.0443852
0.0450579
0.0457546
0.0464677
0.0471879
0.0479075
0.0486183
0.0493142
0.0499927
0.0506525
0.0512959
0.0519276
0.0525552
0.0531867
0.0538287
0.0544841
0.0551518
0.0558211
0.0564772
0.0571012
0.0576705
0.0581646
0.0585653
0.0588624
0.0590508
0.0591324
0.0591119
0.0589963
0.0587917
0.0585084
0.0581638
0.05778
0.0573889
0.0570265
0.056727
0.0565158
0.0563956
0.0563401
0.0562886
0.0561545
0.0558426
0.0552847
0.054466
0.0534346
0.0522859
0.0511355
0.0500821
0.0491956
0.0485051
0.0480109
0.0476853
0.0474909
0.0473805
0.0473143
0.0472587
0.0471925
0.0471087
0.0470118
0.0469118
0.0468257
0.0467678
0.0467464
0.0467597
0.0467968
0.0468362
0.0468537
0.0468235
0.04673
0.0465739
0.0463771
0.0461828
0.0460446
0.0460147
0.0461354
0.0464259
0.0468757
0.0474408
0.0480506
0.0486218
0.049081
0.0493871
0.0495476
0.0496107
0.0496521
0.0497494
0.0499557
0.0502877
0.0507195
0.0511898
0.0516143
0.051907
0.0519969
0.0518442
0.0514402
0.0507974
0.0499499
0.048953
0.0478752
0.0467968
0.0457953
0.0449361
0.044267
0.0438148
0.0435896
0.0435929
0.043825
0.0442841
0.0449726
0.0458935
0.0470503
0.0484319
0.0500115
0.0517283
0.0534831
0.0551381
0.0565332
0.057516
0.057981
0.0578985
0.0573202
0.056358
0.0551539
0.0538468
0.0525564
0.0513708
0.0503523
0.0495371
0.0489463
0.0485909
0.0484737
0.0485955
0.0489508
0.0495328
0.0503284
0.0513184
0.0524779
0.053777
0.0551834
0.056663
0.0581814
0.0597062
0.0611981
0.0626158
0.063917
0.0650714
0.0660769
0.0669662
0.0677964
0.0686271
0.0694889
0.0703544
0.0711093
0.0715488
0.0714097
0.0704738
0.068694
0.0662596
0.0635211
0.0608466
0.0584976
0.0565903
0.0551208
0.0540107
0.0531486
0.052427
0.0517575
0.0510857
0.0503897
0.0496705
0.0489432
0.0482233
0.0475225
0.0468431
0.0461835
0.0455362
0.044894
0.0442558
0.0436207
0.0429988
0.0424023
0.0418445
0.0413428
0.0409101
0.0405623
0.0403083
0.040155
0.0401101
0.040176
0.0403552
0.0406476
0.0410536
0.0415732
0.0422015
0.0429376
0.0437772
0.044713
0.0457394
0.046842
0.0480053
0.0492024
0.0504007
0.0515539
0.0526091
0.0535074
0.0541955
0.0546315
0.0547943
0.0546909
0.0543509
0.0538306
0.053193
0.0525039
0.0518254
0.051202
0.0506647
0.0502235
0.0498688
0.0495756
0.0493043
0.0490123
0.0486588
0.048216
0.0476737
0.0470412
0.0463445
0.045619
0.0449029
0.0442294
0.0436241
0.0431031
0.0426734
0.0423352
0.0420842
0.0419137
0.0418145
0.0417769
0.0417946
0.0418644
0.0419846
0.0421567
0.0423845
0.0426703
0.0430104
0.0434006
0.0438266
0.0442698
0.044707
0.045118
0.0454909
0.0458278
0.0461497
0.046496
0.0469262
0.0475068
0.0483063
0.0493821
0.05076
0.0524118
0.0542318
0.0560127
0.0574724
0.0583193
0.0583579
0.0575838
0.0561944
0.054513
0.0528773
0.0515531
0.0506917
0.0503188
0.0503432
0.050579
0.0507847
0.0507346
0.0502918
0.0494441
0.0482782
0.0469256
0.0455019
0.0440847
0.0427181
0.0414289
0.0402362
0.0391587
0.0382065
0.0373918
0.0367201
0.0361861
0.0357872
0.0355146
0.0353612
0.0353184
0.0353779
0.0355337
0.035782
0.03612
0.0365449
0.0370552
0.0376508
0.0383295
0.0390909
0.0399334
0.040857
0.0418619
0.0429527
0.0441372
0.0454317
0.0468595
0.0484563
0.0502616
0.0523098
0.0545971
0.0570383
0.0594135
0.061362
0.0624591
0.0624137
0.061233
0.0592184
0.0568095
0.0543925
0.0522107
0.0503787
0.0489195
0.0478116
0.0470155
0.0464905
0.0461948
0.0460936
0.0461561
0.0463633
0.046695
0.0471361
0.0476687
0.0482696
0.048903
0.0495132
0.0500214
0.0503296
0.0503329
0.0499475
0.0491461
0.04797
0.0465304
0.0449684
0.0434239
0.0420067
0.0407881
0.0398011
0.0390544
0.0385377
0.0382335
0.0381212
0.0381797
0.038389
0.0387274
0.0391757
0.0397116
0.0403091
0.0409422
0.0415768
0.0421797
0.0427138
0.0431509
0.0434698
0.0436622
0.0437336
0.0437007
0.0435912
0.043432
0.0432523
0.043074
0.0429114
0.0427676
0.0426426
0.0425222
0.0423898
0.0422267
0.0420185
0.0417528
0.0414277
0.0410522
0.0406432
0.0402217
0.0398141
0.0394454
0.0391377
0.0389092
0.0387724
0.0387379
0.0388093
0.0389866
0.0392662
0.0396443
0.0401123
0.0406552
0.0412581
0.0419021
0.0425604
0.0431955
0.0437545
0.0441741
0.0443789
0.0443049
0.0439202
0.0432376
0.0423183
0.041255
0.0401527
0.0391017
0.038175
0.0374169
0.0368538
0.0365009
0.0363604
0.0364369
0.0367346
0.037255
0.0380011
0.0389677
0.0401401
0.0414865
0.0429528
0.0444635
0.0459311
0.0472716
0.0484276
0.0493832
0.0501647
0.050825
0.0514182
0.0519809
0.0525227
0.0530302
0.0534769
0.0538408
0.0541117
0.0542921
0.0543964
0.0544491
0.0544799
0.0545208
0.0546148
0.0547999
0.0550931
0.0554575
0.0557778
0.0558625
0.0555009
0.0545555
0.0530418
0.051128
0.0490701
0.0471156
0.0454474
0.0441745
0.043349
0.0429912
0.0430965
0.0436445
0.0445908
0.0458579
0.0473296
0.0488546
0.0502693
0.0514324
0.0522569
0.052737
0.0529611
0.0530962
0.053356
0.0539364
0.0549124
0.0561313
0.0571748
0.0574927
0.0567079
0.0548851
0.0524914
0.0501059
0.0481518
0.0468264
0.0461604
0.0461018
0.0465815
0.0475465
0.0489767
0.0508928
0.0533375
0.0563463
0.0598866
0.0637935
0.0677217
0.0711833
0.0736981
0.0750137
0.0752137
0.0745976
0.0734418
0.0718762
0.0699479
0.0677527
0.0654628
0.0632555
0.0612436
0.0594534
0.0578549
0.0564019
0.0550624
0.0538276
0.0527093
0.0517347
0.0509317
0.0503314
0.0499549
0.0498217
0.0499444
0.0503359
0.0510098
0.0519754
0.0532299
0.054741
0.0564228
0.0581148
0.0595938
0.0606128
0.0609822
0.0606467
0.0596989
0.0583372
0.0567877
0.0552431
0.0538397
0.0526587
0.0517381
0.0510921
0.0507137
0.0505804
0.0506597
0.0509116
0.0512843
0.0517241
0.0521751
0.052585
0.052913
0.0531331
0.0532344
0.0532234
0.0531202
0.0529557
0.0527605
0.0525579
0.0523587
0.0521555
0.0519236
0.0516233
0.0512134
0.0506619
0.0499604
0.0491215
0.0481782
0.0471714
0.0461418
0.0451214
0.0441328
0.0431898
0.0423067
0.0414933
0.0407645
0.0401379
0.0396296
0.0392593
0.0390447
0.0390056
0.0391595
0.0395208
0.0401044
0.040917
0.0419578
0.0432144
0.0446607
0.0462526
0.0479279
0.0496121
0.0512225
0.0526813
0.0539259
0.0549217
0.0556761
0.0562355
0.0566718
0.0570684
0.057497
0.057998
0.0585731
0.0591868
0.0597787
0.0602781
0.0606254
0.0607835
0.0607419
0.0605186
0.0601532
0.0596999
0.0592179
0.058772
0.0584197
0.0582085
0.0581685
0.058309
0.0586102
0.0590214
0.0594547
0.0597733
0.0597953
0.0593242
0.0582075
0.0564214
0.0541109
0.051553
0.0490581
0.0468816
0.0451843
0.0440339
0.0434222
0.0432836
0.0435014
0.0439114
0.0443205
0.0445403
0.044437
0.0439747
0.0432175
0.0422978
0.0413614
0.0405331
0.039893
0.0394838
0.0393192
0.0393957
0.0397046
0.040236
0.0409788
0.041924
0.0430583
0.0443709
0.0458474
0.0474691
0.0492155
0.0510587
0.0529639
0.0548844
0.0567519
0.0584758
0.0599524
0.0610803
0.0617903
0.0620603
0.0619198
0.0614474
0.0607419
0.0599115
0.0590492
0.0582407
0.0575516
0.0570303
0.0567026
0.0565662
0.0565808
0.0566668
0.05671
0.056588
0.0562005
0.055501
0.0545095
0.0532967
0.0519574
0.0505831
0.0492404
0.0479702
0.0467925
0.0457097
0.0447148
0.0438026
0.0429634
0.042192
0.0414811
0.0408287
0.0402358
0.0397027
0.0392313
0.0388259
0.0384936
0.0382417
0.0380776
0.0380128
0.0380584
0.0382297
0.0385424
0.0390102
0.0396454
0.0404508
0.041416
0.0425066
0.0436587
0.0447828
0.0457778
0.0465519
0.0470545
0.0472952
0.0473326
0.0472579
0.0471603
0.0470992
0.0471021
0.0471624
0.0472504
0.0473248
0.0473377
0.0472461
0.0470189
0.0466419
0.0461295
0.0455167
0.0448658
0.0442457
0.0437245
0.0433636
0.0432105
0.0432948
0.0436254
0.0441827
0.0449163
0.0457391
0.0465359
0.0471881
0.047608
0.0477759
0.0477501
0.047651
0.0476216
0.0477891
0.048232
0.0489662
0.0499407
0.0510484
0.0521429
0.0530795
0.0537511
0.0541233
0.0542387
0.0541971
0.0541234
0.0541457
0.0543607
0.0548246
0.0555367
0.0564284
0.0573505
0.0581063
0.0585096
0.058459
0.0579933
0.0572802
0.0565422
0.0559857
0.0557478
0.0558957
0.0564357
0.0573249
0.0584933
0.0598413
0.0612485
0.0625651
0.0636167
0.0642168
0.0642074
0.0635184
0.0622095
0.0604615
0.0585264
0.0566407
0.0549815
0.0536499
0.0526775
0.0520551
0.0517514
0.0517212
0.0519219
0.0523087
0.0528352
0.0534473
0.0540861
0.0546886
0.055188
0.0555301
0.0556776
0.055619
0.0553687
0.0549625
0.0544489
0.0538791
0.053299
0.0527448
0.0522428
0.0518068
0.051433
0.0511129
0.0508319
0.0505819
0.0503623
0.0501952
0.0501213
0.050197
0.0504838
0.0510349
0.0518753
0.0529887
0.0543076
0.0557103
0.0570533
0.0581973
0.0590512
0.0595829
0.0598155
0.0598039
0.0596233
0.0593697
0.0591548
0.0590961
0.059299
0.0598317
0.060709
0.0618758
0.0632099
0.0645383
0.0656564
0.0663729
0.0665513
0.066138
0.0651687
0.0637568
0.0620519
0.0601978
0.0583081
0.0564592
0.0546945
0.0530447
0.0515363
0.0501984
0.0490588
0.0481431
0.0474673
0.0470393
0.0468641
0.0469404
0.0472704
0.0478632
0.0487305
0.0498918
0.0513674
0.0531632
0.0552425
0.0574881
0.0596692
0.0614526
0.0624865
0.0625467
0.0616512
0.0600407
0.0580463
0.0559565
0.0539552
0.0521248
0.0504912
0.0490508
0.0477966
0.0467289
0.045854
0.04518
0.0447182
0.0444774
0.0444614
0.0446712
0.0451013
0.045744
0.046586
0.0476092
0.0487884
0.0500867
0.0514558
0.0528302
0.0541372
0.0553127
0.0563229
0.0571806
0.0579485
0.0587206
0.0595832
0.0605769
0.0616591
0.0626868
0.0634374
0.0636771
0.0632528
0.0621635
0.0605557
0.0586542
0.0566797
0.0547999
0.0531133
0.0516689
0.0504813
0.0495477
0.0488621
0.0484107
0.0481822
0.0481623
0.0483351
0.0486815
0.0491808
0.0498042
0.0505198
0.0512913
0.0520713
0.0528093
0.0534539
0.0539549
0.0542704
0.0543719
0.0542482
0.0539054
0.0533711
0.0526838
0.0518965
0.0510621
0.0502317
0.0494506
0.0487534
0.0481608
0.0476781
0.0472967
0.046997
0.0467508
0.0465319
0.0463167
0.0460969
0.0458765
0.0456715
0.0455104
0.0454247
0.0454442
0.0455954
0.045899
0.0463651
0.0469973
0.0477866
0.0487149
0.0497512
0.0508546
0.0519705
0.0530424
0.0540118
0.0548285
0.0554594
0.0558903
0.0561293
0.0561986
0.0561295
0.0559544
0.0557029
0.0553965
0.0550514
0.0546786
0.0542822
0.053865
0.0534307
0.0529838
0.0525304
0.052078
0.05164
0.051235
0.0508827
0.0506031
0.0504152
0.0503311
0.0503554
0.0504785
0.0506678
0.0508749
0.0510276
0.0510451
0.0508479
0.0503845
0.049643
0.0486639
0.0475288
0.0463409
0.0452063
0.0442144
0.0434357
0.0429152
0.0426842
0.0427596
0.0431451
0.0438308
0.0447866
0.0459549
0.0472402
0.0485051
0.0495816
0.0502943
0.0505111
0.0501799
0.0493513
0.0481584
0.046772
0.0453571
0.0440403
0.042899
0.0419721
0.0412714
0.0407933
0.0405275
0.0404698
0.0406206
0.0409871
0.0415858
0.0424281
0.0435126
0.0448056
0.0462162
0.0475879
0.0487068
0.0493614
0.0494186
0.0488814
0.0478869
0.0466404
0.0453354
0.0441131
0.0430526
0.0421783
0.0414887
0.0409689
0.0406069
0.0403885
0.0403057
0.0403547
0.0405316
0.0408284
0.0412306
0.0417169
0.0422565
0.0428158
0.0433616
0.0438734
0.0443501
0.0448121
0.0453029
0.0458754
0.0465773
0.0474385
0.0484578
0.0496008
0.0508037
0.0519896
0.0530891
0.0540637
0.0549125
0.0556604
0.0563333
0.0569313
0.0574182
0.0577419
0.0578739
0.0578399
0.0577248
0.057641
0.0576744
0.0578476
0.0581176
0.0583976
0.0586126
0.0587447
0.0588563
0.0590934
0.0596543
0.0607618
0.0626361
0.0654574
0.0693041
0.0740574
0.0793057
0.084351
0.0884392
0.0911302
0.0924832
0.0928279
0.092367
0.0910083
0.0885598
0.0850591
0.0808863
0.076594
0.0726403
0.0692645
0.066507
0.0642865
0.0624708
0.0609235
0.0595293
0.0582087
0.0569229
0.0556709
0.0544749
0.0533686
0.0523854
0.0515461
0.050858
0.050321
0.0499265
0.0496799
0.0495975
0.049709
0.0500531
0.0506692
0.0515804
0.0527825
0.0542431
0.0558946
0.0576403
0.0593733
0.06099
0.0624155
0.0636126
0.0645796
0.0653356
0.0659009
0.0662707
0.0664095
0.0662551
0.065732
0.0647898
0.0634284
0.0617105
0.0597528
0.0576947
0.0556682
0.0537742
0.0520762
0.0506059
0.0493702
0.0483636
0.0475735
0.0469822
0.0465727
0.0463282
0.0462287
0.0462523
0.0463784
0.0465877
0.046862
0.0471904
0.0475607
0.0479567
0.0483473
0.0486779
0.0488664
0.0488159
0.0484425
0.0477116
0.0466559
0.0453776
0.0440093
0.0426834
0.0415054
0.0405422
0.0398275
0.03937
0.0391649
0.0391988
0.0394557
0.0399179
0.0405662
0.0413792
0.0423306
0.0433912
0.0445243
0.0456894
0.0468406
0.0479305
0.0489139
0.0497564
0.0504311
0.0509258
0.0512457
0.0514126
0.0514652
0.051461
0.0514708
0.0515869
0.0519215
0.0526063
0.0537782
0.0555435
0.0578811
0.0605119
0.0628095
0.0639562
0.0633776
0.0611645
0.0579906
0.0546325
0.0516012
0.0490941
0.0471068
0.0455575
0.0443606
0.0434482
0.0427751
0.0423125
0.04204
0.0419425
0.041999
0.0421874
0.0424785
0.0428397
0.0432346
0.0436286
0.0439865
0.0442825
0.0444975
0.0446276
0.0446748
0.0446529
0.0445774
0.044465
0.0443259
0.0441665
0.0439856
0.0437825
0.0435533
0.0432982
0.0430182
0.0427198
0.0424082
0.0420885
0.0417642
0.0414374
0.0411091
0.0407785
0.0404474
0.0401189
0.0397993
0.0394943
0.039217
0.0389796
0.0387939
0.0386737
0.0386343
0.0386876
0.0388474
0.0391295
0.0395497
0.0401266
0.0408868
0.0418625
0.0431013
0.0446652
0.0466259
0.0490587
0.0519983
0.0553631
0.0588396
0.0618331
0.0636123
0.0636945
0.0621783
0.0596641
0.0568603
0.0542586
0.0520719
0.050326
0.0489576
0.0478871
0.0470454
0.0463791
0.0458539
0.0454467
0.0451472
0.044949
0.0448532
0.0448642
0.0449878
0.0452275
0.0455895
0.0460729
0.0466725
0.047375
0.0481587
0.048995
0.0498502
0.0506892
0.0514852
0.0522147
0.0528678
0.0534393
0.053933
0.0543604
0.0547418
0.0550999
0.0554467
0.05577
0.0560204
0.0561122
0.0559466
0.0554581
0.0546499
0.0536045
0.052453
0.0513266
0.0503245
0.0494925
0.0488286
0.0482979
0.0478524
0.0474427
0.0470392
0.0466348
0.0462474
0.0459243
0.0457281
0.0457377
0.0460329
0.0466814
0.0477219
0.0491443
0.0508547
0.0526577
0.0542571
0.0553066
0.0555219
0.0548011
0.0532783
0.0512654
0.0491279
0.0471702
0.0455771
0.0444317
0.0437382
0.0434609
0.0435407
0.0439134
0.044515
0.0452852
0.0461646
0.0470979
0.0480361
0.0489359
0.0497602
0.0504841
0.0510924
0.0515842
0.0519723
0.0522836
0.0525576
0.0528416
0.0531872
0.0536452
0.0542561
0.0550442
0.0560079
0.0571233
0.0583338
0.0595594
0.0607049
0.0616785
0.0623999
0.0628065
0.0628587
0.0625351
0.0618395
0.0608057
0.0595015
0.0580235
0.0564852
0.0549925
0.0536293
0.0524475
0.0514636
0.0506639
0.0500124
0.0494623
0.0489694
0.0484981
0.04803
0.0475698
0.0471355
0.0467541
0.0464497
0.0462426
0.0461331
0.0460964
0.0460849
0.0460325
0.0458662
0.0455281
0.0449892
0.0442625
0.0433953
0.0424566
0.0415151
0.0406275
0.039835
0.0391572
0.038601
0.0381602
0.0378268
0.0375893
0.0374346
0.0373555
0.0373443
0.037399
0.0375191
0.0377089
0.0379767
0.0383322
0.038787
0.0393509
0.0400315
0.0408237
0.0417084
0.0426451
0.0435661
0.0443867
0.0450165
0.045384
0.0454601
0.0452676
0.044874
0.0443716
0.0438512
0.0433884
0.0430321
0.0428102
0.0427334
0.0428022
0.0430131
0.0433625
0.0438499
0.0444756
0.0452442
0.0461615
0.0472332
0.0484541
0.0498113
0.0512756
0.0528007
0.054335
0.055832
0.0572662
0.0586421
0.0599808
0.0613082
0.0626301
0.0639317
0.0651897
0.0664037
0.0676168
0.0689125
0.0703786
0.0720468
0.0738139
0.0753645
0.0761355
0.0754902
0.0731242
0.0693863
0.0651122
0.061133
0.0579398
0.0556683
0.0542372
0.0534859
0.0532509
0.0533991
0.0538365
0.0545088
0.0553971
0.0565075
0.0578713
0.0595284
0.0615243
0.0638901
0.0666256
0.069678
0.0729252
0.0761586
0.0790983
0.0814358
0.0829032
0.0833609
0.0828491
0.0815725
0.0798211
0.0778636
0.0758763
0.0739355
0.0720448
0.0701642
0.0682328
0.0661755
0.0639254
0.0614497
0.0587784
0.0559945
0.0532228
0.0505878
0.0481886
0.0460824
0.0442933
0.0428168
0.0416351
0.040723
0.0400555
0.0396107
0.0393684
0.0393123
0.0394264
0.0397
0.0401197
0.0406722
0.0413455
0.0421263
0.0430015
0.0439544
0.044967
0.0460124
0.0470631
0.0480813
0.0490197
0.0498264
0.0504457
0.0508274
0.0509377
0.0507677
0.0503381
0.0497009
0.0489255
0.0480927
0.0472823
0.0465646
0.0459992
0.0456317
0.0454989
0.0456253
0.0460258
0.0467069
0.0476605
0.0488648
0.050275
0.0518212
0.0534044
0.0548993
0.0561693
0.0570842
0.0575489
0.0575269
0.0570438
0.0561772
0.0550322
0.0537204
0.0523395
0.0509657
0.0496616
0.0484756
0.0474532
0.0466375
0.04607
0.0457915
0.0458344
0.0462245
0.0469737
0.0480659
0.0494395
0.0509544
0.0523751
0.053377
0.0536384
0.0529773
0.0514612
0.0493795
0.0471117
0.0449833
0.0431962
0.0418344
0.0409003
0.0403565
0.0401461
0.0402121
0.0405
0.0409623
0.0415571
0.0422521
0.043019
0.0438394
0.0447004
0.0455972
0.0465327
0.0475148
0.0485601
0.0496974
0.050971
0.0524385
0.0541709
0.0562367
0.0586707
0.0614009
0.0641606
0.0664378
0.0676115
0.0672814
0.0655651
0.0630423
0.060408
0.0581713
0.0565707
0.0556453
0.0553261
0.0555006
0.056041
0.0568087
0.0576661
0.0584764
0.0591255
0.0595287
0.0596495
0.0594879
0.0590718
0.0584402
0.0576281
0.0566597
0.0555514
0.0543162
0.0529634
0.0515124
0.0499925
0.0484406
0.0469065
0.0454397
0.0440828
0.0428718
0.0418296
0.040968
0.0402899
0.0397927
0.0394681
0.0393093
0.0393036
0.0394395
0.039705
0.0400861
0.0405651
0.0411255
0.0417429
0.0423941
0.0430525
0.0436926
0.0442915
0.0448359
0.0453124
0.0457222
0.0460699
0.0463665
0.0466234
0.0468513
0.047055
0.0472337
0.047377
0.0474659
0.0474786
0.0473928
0.0471864
0.0468499
0.0463854
0.045808
0.0451457
0.0444363
0.0437214
0.0430429
0.0424387
0.041939
0.0415689
0.0413467
0.0412853
0.0413914
0.0416673
0.042111
0.0427116
0.0434446
0.0442725
0.04514
0.0459808
0.0467184
0.047278
0.0476151
0.047709
0.0475782
0.0472735
0.0468562
0.0463867
0.0459153
0.0454746
0.0450848
0.0447509
0.044474
0.0442528
0.0440877
0.0439857
0.043959
0.0440314
0.0442371
0.0446139
0.0452051
0.0460504
0.0471728
0.0485605
0.0501446
0.0517922
0.0533156
0.0545313
0.0553233
0.0556937
0.0557545
0.05566
0.0555374
0.0554504
0.0553983
0.0553458
0.0552526
0.0550929
0.0548604
0.0545584
0.0541893
0.0537474
0.0532134
0.0525727
0.0518165
0.0509529
0.0500159
0.0490484
0.0480986
0.0472135
0.0464278
0.0457639
0.0452348
0.0448469
0.0446037
0.0445071
0.0445619
0.0447715
0.0451423
0.0456749
0.0463608
0.0471762
0.0480781
0.0489989
0.0498597
0.0505857
0.0511225
0.0514599
0.0516327
0.0517121
0.0517886
0.0519529
0.052284
0.0528494
0.0537002
0.0548694
0.0563525
0.0580875
0.0599236
0.0616272
0.0629373
0.0636585
0.0637523
0.0633419
0.0626375
0.061827
0.0610176
0.0602273
0.0594168
0.0585336
0.0575433
0.0564462
0.0552707
0.0540599
0.0528605
0.0517084
0.0506322
0.049647
0.0487648
0.0479915
0.0473323
0.0467909
0.0463696
0.0460678
0.0458823
0.045807
0.0458343
0.045955
0.0461626
0.0464509
0.0468183
0.0472677
0.0478012
0.0484198
0.0491205
0.0498915
0.0507105
0.0515444
0.0523512
0.0530832
0.0536969
0.0541552
0.0544417
0.0545593
0.0545305
0.0543927
0.0541924
0.0539762
0.0537876
0.0536595
0.0536136
0.0536632
0.0538116
0.0540534
0.0543765
0.05476
0.0551814
0.0556071
0.0560034
0.0563389
0.0565841
0.0567245
0.0567668
0.0567344
0.056674
0.0566405
0.0566876
0.0568497
0.0571368
0.057527
0.0579663
0.0583847
0.0587162
0.0589157
0.0589748
0.0588989
0.0586742
0.0582491
0.0575501
0.0565269
0.0552067
0.053704
0.0521837
0.0508003
0.0496509
0.0487608
0.0480959
0.0475891
0.0471675
0.0467751
0.0463924
0.0460324
0.0457349
0.0455513
0.0455288
0.0457045
0.0460938
0.0466948
0.0474807
0.0484028
0.0493952
0.0503824
0.0512917
0.0520685
0.0526851
0.0531428
0.0534651
0.0536797
0.0538055
0.0538367
0.0537455
0.0534857
0.0530108
0.0522894
0.0513208
0.0501466
0.048844
0.0475093
0.046242
0.0451283
0.0442271
0.0435739
0.0431787
0.0430283
0.0430938
0.0433351
0.0436961
0.0441134
0.0445182
0.0448398
0.0450162
0.0450027
0.0447818
0.0443648
0.043788
0.0431102
0.0423956
0.0417015
0.0410796
0.0405641
0.0401817
0.0399482
0.0398739
0.0399664
0.0402318
0.0406753
0.041302
0.0421128
0.0430998
0.0442425
0.0455007
0.0468129
0.0481009
0.0492821
0.0502886
0.0510858
0.0516844
0.0521293
0.0524908
0.052834
0.0532067
0.0536336
0.0541127
0.0546251
0.0551372
0.0556099
0.0560099
0.056317
0.0565332
0.0566849
0.0568109
0.0569509
0.0571286
0.0573437
0.05757
0.0577623
0.0578784
0.0578985
0.0578359
0.0577407
0.0576865
0.0577597
0.0580365
0.0585754
0.059402
0.0604958
0.0617699
0.0630597
0.0641417
0.0647933
0.0648985
0.0645081
0.0638261
0.0631107
0.0625804
0.0623559
0.0624728
0.0629149
0.0636675
0.0647314
0.0661377
0.0679156
0.0700652
0.0725196
0.0751297
0.077677
0.0799183
0.0816364
0.0826605
0.0828457
0.0820388
0.0800946
0.0769596
0.0727733
0.0678846
0.0627614
0.0578473
0.0534579
0.0497541
0.0467702
0.0444629
0.0427462
0.0415239
0.0407068
0.0402132
0.0399737
0.0399307
0.040041
0.0402726
0.0406048
0.0410278
0.0415451
0.0421652
0.0429073
0.0437944
0.0448484
0.04609
0.047531
0.0491648
0.0509625
0.0528629
0.0547757
0.056583
0.0581518
0.0593578
0.0600969
0.060306
0.0599667
0.0591113
0.0578108
0.0561815
0.0543667
0.0525233
0.0508057
0.0493468
0.0482565
0.0476251
0.0475345
0.0480643
0.0493001
0.0513112
0.0540999
0.0574999
0.0610628
0.0640524
0.0656967
0.0656119
0.0640199
0.0615351
0.0587787
0.0561611
0.0538823
0.0520045
0.0505166
0.0493732
0.0485168
0.0478953
0.0474665
0.0472
0.0470765
0.0470802
0.0471983
0.0474174
0.0477197
0.0480842
0.0484865
0.0488983
0.0492857
0.0496153
0.0498587
0.0500021
0.050043
0.050003
0.0499223
0.049854
0.0498612
0.0500055
0.0503405
0.0509006
0.0516931
0.052684
0.0537919
0.0548963
0.0558535
0.056532
0.0568525
0.056803
0.0564347
0.0558398
0.0551251
0.0543962
0.0537491
0.0532701
0.0530129
0.0529856
0.0531218
0.0532606
0.0531804
0.05267
0.0516302
0.0501268
0.0483644
0.0465948
0.0450312
0.0438084
0.0429835
0.0425617
0.0425132
0.0427913
0.0433374
0.0440779
0.0449294
0.0458032
0.0466127
0.0472892
0.0477912
0.0481138
0.0482779
0.0483197
0.0482792
0.0481872
0.0480621
0.0479135
0.0477443
0.0475578
0.0473636
0.047171
0.0469999
0.0468706
0.0468024
0.0468124
0.0469198
0.0471467
0.0475239
0.0480962
0.0489231
0.0500681
0.0515784
0.0534365
0.0554977
0.0574559
0.0588814
0.0593881
0.058825
0.0573485
0.0553098
0.0530726
0.0509143
0.0490105
0.0474652
0.0463303
0.0456208
0.0453206
0.0453868
0.0457577
0.0463673
0.0471545
0.048068
0.0490816
0.0501858
0.0513725
0.0526042
0.0537844
0.0547513
0.0553147
0.055335
0.0548006
0.0538501
0.0527088
0.0516028
0.0507022
0.0500935
0.0497996
0.0497971
0.0500325
0.050435
0.0509293
0.0514341
0.0518725
0.0521799
0.0523088
0.0522363
0.051969
0.0515375
0.050997
0.0504149
0.0498626
0.0494042
0.0490912
0.0489552
0.0490031
0.049218
0.0495608
0.0499828
0.0504234
0.0508409
0.0512078
0.0515212
0.0517958
0.0520601
0.0523427
0.0526685
0.0530563
0.0535116
0.0540264
0.0545743
0.055111
0.055577
0.0559096
0.0560587
0.0560035
0.0557572
0.0553702
0.0549166
0.0544689
0.0540863
0.053798
0.0536019
0.0534629
0.0533286
0.0531353
0.0528282
0.0523719
0.0517565
0.0509985
0.0501392
0.0492312
0.0483313
0.0474952
0.0467676
0.0461833
0.0457658
0.0455251
0.0454562
0.0455404
0.0457451
0.046023
0.046316
0.046563
0.0467113
0.0467274
0.0465973
0.0463357
0.0459754
0.0455597
0.0451299
0.0447223
0.0443604
0.0440588
0.0438231
0.0436523
0.0435417
0.0434828
0.0434703
0.0434992
0.0435676
0.0436785
0.0438438
0.044076
0.0443966
0.0448296
0.0453929
0.0460889
0.0468921
0.0477292
0.0484677
0.0489335
0.048953
0.0484202
0.0473482
0.0458612
0.0441525
0.0424088
0.0407756
0.0393349
0.0381225
0.0371401
0.0363755
0.0358081
0.0354193
0.035193
0.0351205
0.0351945
0.0354153
0.0357847
0.0363091
0.0369948
0.0378503
0.0388769
0.0400714
0.0414164
0.042873
0.044384
0.0458711
0.0472482
0.0484432
0.0494161
0.0501687
0.050745
0.0512123
0.051635
0.0520572
0.052493
0.052929
0.0533353
0.0536751
0.0539222
0.0540654
0.0541171
0.0540982
0.0540435
0.0539895
0.0539733
0.0540268
0.0541833
0.0544699
0.0549106
0.0555238
0.0563227
0.0573109
0.058476
0.0597908
0.0612097
0.0626674
0.064084
0.0653691
0.0664348
0.0672058
0.0676298
0.0676887
0.0673954
0.0667979
0.0659653
0.0649782
0.0639202
0.0628708
0.0618983
0.0610546
0.0603803
0.0598984
0.0596145
0.0595127
0.0595527
0.0596675
0.0597621
0.0597174
0.0594119
0.058747
0.0576748
0.0562218
0.0544862
0.0526143
0.0507688
0.0490891
0.0476794
0.0465963
0.045851
0.0454214
0.04525
0.0452555
0.0453413
0.0454053
0.0453621
0.0451521
0.0447586
0.044202
0.0435304
0.042804
0.0420807
0.0414055
0.0408105
0.0403098
0.0399096
0.0396078
0.0393993
0.0392764
0.0392322
0.0392591
0.0393543
0.0395123
0.0397342
0.0400216
0.0403823
0.0408217
0.0413509
0.041983
0.0427278
0.04359
0.0445585
0.0455978
0.0466386
0.0475734
0.048272
0.0486135
0.0485213
0.0479986
0.0471255
0.0460285
0.0448459
0.0436902
0.0426353
0.041723
0.0409677
0.0403668
0.0399112
0.0395915
0.0393955
0.0393161
0.0393458
0.039484
0.0397292
0.0400837
0.0405502
0.0411304
0.0418275
0.0426416
0.0435726
0.0446181
0.0457727
0.0470303
0.0483871
0.0498397
0.0513874
0.0530259
0.0547383
0.0564754
0.0581361
0.0595588
0.0605476
0.0609364
0.0606669
0.0598309
0.0586314
0.057306
0.056049
0.0549763
0.054121
0.0534512
0.0528953
0.0523528
0.0517228
0.0509197
0.0499014
0.0486724
0.0472884
0.0458356
0.0444073
0.0430834
0.0419233
0.0409606
0.0402111
0.0396706
0.0393302
0.0391733
0.0391813
0.039332
0.0396038
0.0399733
0.040413
0.0408985
0.0414004
0.0418941
0.0423561
0.0427688
0.0431214
0.0434097
0.0436363
0.0438085
0.0439366
0.0440327
0.0441099
0.0441834
0.0442734
0.0443991
0.0445853
0.0448462
0.0451827
0.0455737
0.0459686
0.046294
0.0464667
0.0464194
0.0461243
0.0456034
0.0449201
0.0441577
0.043395
0.0426947
0.0420926
0.0416033
0.0412281
0.0409596
0.0407818
0.0406859
0.0406593
0.040696
0.0407906
0.0409388
0.0411394
0.0413897
0.0416892
0.0420304
0.0424062
0.0428043
0.0432099
0.0436059
0.0439747
0.044304
0.0445859
0.0448139
0.0449955
0.0451399
0.0452665
0.0454012
0.0455716
0.0458098
0.0461496
0.0466221
0.0472562
0.0480745
0.0490968
0.0503343
0.0517944
0.0534797
0.0553854
0.0574982
0.0597935
0.0622192
0.0646762
0.0669976
0.0689353
0.0701847
0.07046
0.0696025
0.0676559
0.0648759
0.0616413
0.0583393
0.055277
0.0526477
0.0505446
0.0489877
0.0479545
0.0474009
0.0472689
0.0474981
0.048022
0.0487718
0.0496778
0.0506695
0.0516848
0.0526688
0.0535859
0.0544243
0.0552049
0.0559778
0.0568151
0.0577939
0.0589742
0.0603697
0.0619262
0.0635053
0.064912
0.0659488
0.0664971
0.0665686
0.0662923
0.0658507
0.0653978
0.0650186
0.0647165
0.0644317
0.0640798
0.0635907
0.0629434
0.0621698
0.0613416
0.0605382
0.0598118
0.0591772
0.0586153
0.0580864
0.0575468
0.0569607
0.0563042
0.0555631
0.0547315
0.0538123
0.0528189
0.0517754
0.0507113
0.049663
0.0486597
0.0477283
0.0468826
0.0461273
0.0454589
0.0448688
0.0443415
0.0438624
0.0434154
0.0429842
0.0425564
0.0421227
0.0416786
0.0412291
0.0407796
0.0403414
0.0399297
0.0395583
0.0392396
0.0389839
0.0388009
0.0386936
0.0386674
0.0387218
0.0388568
0.0390713
0.0393639
0.0397333
0.0401792
0.0407035
0.0413075
0.0419983
0.0427825
0.0436706
0.0446667
0.0457667
0.046945
0.0481464
0.049281
0.050221
0.0508467
0.0510681
0.0508714
0.0503336
0.0495916
0.0488052
0.0481161
0.047629
0.0474043
0.0474729
0.0478413
0.0485038
0.0494422
0.050625
0.0520021
0.0535053
0.055043
0.056508
0.0577889
0.0587959
0.0594761
0.0598204
0.0598548
0.0596232
0.0591696
0.0585345
0.0577449
0.0568273
0.0558011
0.0546903
0.0535244
0.0523326
0.0511529
0.0500217
0.0489756
0.0480517
0.047285
0.0467093
0.0463511
0.0462378
0.0463876
0.0468086
0.0475007
0.0484411
0.0495952
0.0509105
0.0523245
0.0537718
0.0551879
0.0565105
0.0576841
0.0586554
0.0593793
0.0598249
0.0599905
0.0599074
0.0596418
0.0592929
0.0589879
0.0588684
0.0590746
0.0597146
0.0608237
0.0622986
0.063854
0.0650427
0.0654171
0.0647587
0.0631876
0.0610625
0.058773
0.0565966
0.0546841
0.0531025
0.0518813
0.0510386
0.0505831
0.0505203
0.0508459
0.0515439
0.0525861
0.0539291
0.0555156
0.0572807
0.059155
0.0610746
0.0629813
0.0648154
0.0665104
0.0679889
0.0691605
0.0699366
0.0702434
0.0700451
0.0693513
0.0682232
0.0667571
0.0650715
0.0632862
0.0615082
0.059822
0.0582883
0.0569483
0.0558233
0.054924
0.0542516
0.0537967
0.0535457
0.053474
0.0535503
0.053734
0.0539774
0.0542248
0.0544138
0.0544795
0.0543552
0.053976
0.0533037
0.0523336
0.0511096
0.0497185
0.048269
0.0468688
0.0456016
0.0445243
0.0436621
0.0430174
0.0425771
0.0423203
0.0422204
0.0422528
0.0423983
0.0426403
0.0429696
0.043383
0.0438796
0.0444627
0.0451346
0.0458977
0.0467517
0.0476937
0.0487273
0.0498571
0.0510946
0.052445
0.0539049
0.0554422
0.0569916
0.0584617
0.0597514
0.0607889
0.061559
0.0621152
0.0625676
0.0630432
0.0636349
0.0643542
0.065102
0.0656747
0.0658315
0.0654007
0.0643619
0.0628593
0.0611201
0.0593661
0.057753
0.0563592
0.05521
0.0542973
0.0535995
0.0530887
0.0527332
0.0524941
0.0523268
0.0521879
0.0520326
0.0518288
0.0515574
0.0512183
0.0508268
0.0504103
0.0499921
0.0495953
0.0492275
0.0488839
0.0485506
0.0482078
0.0478442
0.0474603
0.0470708
0.0467086
0.0464161
0.0462386
0.0462206
0.0463947
0.0467802
0.0473862
0.0482058
0.0492199
0.0503973
0.0516995
0.0530819
0.0544965
0.0558946
0.057224
0.0584326
0.0594713
0.0602947
0.0608559
0.061093
0.0609257
0.0602671
0.0590781
0.0574171
0.0554413
0.0533626
0.0513732
0.0496038
0.0481089
0.0468945
0.0459478
0.0452557
0.044817
0.0446489
0.0447857
0.0452729
0.0461666
0.0475272
0.0494031
0.0518122
0.0546975
0.0578706
0.0609947
0.0636478
0.0654818
0.066394
0.0665664
0.0663546
0.0661126
0.0660667
0.0662401
0.0664189
0.0662076
0.0652143
0.0633118
0.0607409
0.0579762
0.055483
0.0535636
0.0523434
0.0518223
0.051929
0.0525514
0.0535492
0.0547625
0.0560205
0.0571594
0.058055
0.0586335
0.0588838
0.0588485
0.0586035
0.0582409
0.05785
0.057515
0.0573037
0.0572713
0.0574638
0.0579155
0.058645
0.05965
0.0608897
0.0622809
0.0636991
0.0649969
0.066028
0.0666699
0.0668349
0.066477
0.0655962
0.0642479
0.0625399
0.0606069
0.0585792
0.0565601
0.0546261
0.0528305
0.0512193
0.0498305
0.0486984
0.0478459
0.0472833
0.0470131
0.0470273
0.0473138
0.0478611
0.0486586
0.0497004
0.0509825
0.05249
0.0541898
0.0560118
0.0578422
0.0595197
0.0608542
0.0616721
0.0618611
0.0614158
0.060442
0.0591242
0.057678
0.0562996
0.0551339
0.0542722
0.0537527
0.0535693
0.0536822
0.0540243
0.0545083
0.0550351
0.0555064
0.0558475
0.0560238
0.0560518
0.0560075
0.0560036
0.0561661
0.0566124
0.0574291
0.0586614
0.0603021
0.0622801
0.0644368
0.066499
0.0680918
0.0688331
0.0685014
0.0671552
0.0651018
0.0627254
0.0603357
0.0581121
0.0561253
0.0543854
0.052881
0.0515991
0.0505353
0.0496905
0.0490743
0.0486932
0.0485494
0.0486374
0.048927
0.0493724
0.0499017
0.0504287
0.0508636
0.0511334
0.0511768
0.0509439
0.0503803
0.0494401
0.0481127
0.046453
0.0445842
0.0426683
0.0408633
0.0392896
0.0380265
0.0371105
0.0365536
0.0363513
0.0364943
0.0369707
0.0377637
0.0388522
0.0402046
0.0417768
0.0435138
0.0453551
0.0472407
0.0491156
0.0509222
0.0526063
0.0541063
0.055369
0.0563638
0.0571008
0.0576328
0.0580445
0.0584183
0.0588141
0.0592494
0.0597015
0.0601186
0.0604417
0.0606244
0.0606489
0.0605282
0.0602965
0.0599901
0.0596238
0.0591871
0.0586483
0.0579677
0.0571158
0.0560847
0.0548881
0.0535585
0.0521384
0.0506736
0.0492095
0.0477932
0.0464659
0.0452691
0.0442412
0.0434234
0.042855
0.0425813
0.0426554
0.0431467
0.0441474
0.0457849
0.0482353
0.0517136
0.0564231
0.0623537
0.0689397
0.074744
0.0779133
0.0775549
0.0745543
0.0706483
0.0671123
0.0644218
0.0625617
0.0613521
0.0605933
0.0601052
0.0597223
0.0592919
0.0586864
0.0578226
0.0566857
0.0553239
0.0538397
0.0523501
0.0509622
0.049755
0.0487825
0.0480752
0.0476495
0.0475146
0.0476655
0.0480897
0.0487563
0.0496149
0.0505961
0.0516182
0.0525946
0.0534552
0.0541601
0.0547011
0.055099
0.0553851
0.0555885
0.0557244
0.0557944
0.0557838
0.0556772
0.0554595
0.0551276
0.0546882
0.0541647
0.0535917
0.0530164
0.0524913
0.0520771
0.0518314
0.0518057
0.0520409
0.0525539
0.05333
0.054316
0.0554157
0.0565126
0.0574912
0.0582771
0.0588567
0.0592672
0.0595795
0.0598536
0.0601214
0.0603832
0.0606159
0.0607857
0.0608644
0.0608269
0.0606509
0.0603145
0.059797
0.0590886
0.0581928
0.0571411
0.0559816
0.054778
0.0535976
0.0524952
0.0515055
0.0506429
0.0498928
0.0492234
0.048584
0.0479189
0.0471795
0.0463341
0.0453739
0.0443159
0.0431961
0.0420585
0.040953
0.0399155
0.0389761
0.038152
0.0374527
0.0368805
0.0364315
0.0361049
0.0358961
0.035803
0.0358217
0.0359515
0.0361924
0.0365422
0.0369995
0.037559
0.0382118
0.038937
0.0397107
0.0404983
0.0412608
0.0419519
0.04253
0.0429623
0.043235
0.0433477
0.0433237
0.0431988
0.0430125
0.0428072
0.0426132
0.0424477
0.0423105
0.0421898
0.0420625
0.0419013
0.0416817
0.0413912
0.0410265
0.0405998
0.040134
0.0396594
0.0392072
0.0388084
0.038489
0.0382702
0.0381695
0.0381986
0.0383632
0.0386648
0.0391014
0.0396642
0.0403375
0.0411031
0.0419377
0.0428235
0.0437513
0.0447283
0.0457806
0.0469552
0.0483126
0.0499119
0.0517887
0.0539252
0.0562164
0.0584504
0.0603299
0.0615525
0.0619272
0.0614562
0.0603216
0.0587939
0.0571308
0.0555228
0.0540907
0.052894
0.0519578
0.0512856
0.0508655
0.0506771
0.050694
0.050882
0.051199
0.0515997
0.0520364
0.0524631
0.052851
0.053189
0.0534822
0.0537545
0.0540393
0.0543632
0.0547452
0.0551832
0.0556602
0.056149
0.0566266
0.057092
0.0575749
0.0581355
0.0588474
0.059763
0.0608625
0.0620129
0.062959
0.0633919
0.0630952
0.0620753
0.0605659
0.0589115
0.057416
0.0562664
0.0555263
0.0551686
0.0551115
0.0552469
0.0554553
0.0556224
0.0556497
0.0554666
0.0550391
0.0543695
0.0534977
0.0524878
0.0514167
0.0503656
0.0494068
0.0485934
0.0479556
0.0474999
0.0472007
0.0470128
0.0468758
0.0467273
0.0465255
0.0462625
0.0459769
0.0457473
0.04568
0.0458923
0.0464944
0.0475703
0.0491555
0.0512034
0.0535501
0.0558952
0.0578365
0.0589647
0.0590186
0.0579982
0.0561604
0.0538923
0.0515765
0.0494809
0.0477404
0.0463821
0.0453667
0.0446256
0.0440898
0.0436957
0.043399
0.0431725
0.0430029
0.0428877
0.0428288
0.0428349
0.0429136
0.0430741
0.0433227
0.0436656
0.0441067
0.0446449
0.0452716
0.0459683
0.0467025
0.0474253
0.0480766
0.0485907
0.0489162
0.0490224
0.0489161
0.0486358
0.0482377
0.0477903
0.0473516
0.0469638
0.0466533
0.0464354
0.0463118
0.0462791
0.0463275
0.0464444
0.0466191
0.0468414
0.0471084
0.0474266
0.047814
0.048308
0.0489592
0.0498287
0.0509853
0.0524954
0.0544046
0.0567073
0.0593097
0.0619875
0.0643843
0.0660847
0.0667552
0.066291
0.0648511
0.0627747
0.0604339
0.0581363
0.0560871
0.0543997
0.0531167
0.052242
0.0517526
0.0516123
0.0517723
0.0521688
0.0527321
0.0533814
0.0540432
0.0546576
0.0551879
0.055628
0.0559957
0.0563161
0.0566159
0.0569072
0.0571929
0.0574669
0.0577222
0.0579602
0.0581962
0.0584563
0.0587713
0.0591653
0.0596415
0.0601819
0.0607591
0.0613519
0.0619816
